[4.282s] Invoking command in '/home/alfred/shared_mac/MEPA2001_2024/src/ngc_hmi': AMENT_PREFIX_PATH=/home/alfred/shared_mac/MEPA2001_2024/src/install/ngc_interfaces:${AMENT_PREFIX_PATH} CMAKE_PREFIX_PATH=/home/alfred/shared_mac/MEPA2001_2024/src/install/ngc_interfaces:${CMAKE_PREFIX_PATH} DEBUGINFOD_URLS=https://debuginfod.ubuntu.com LD_LIBRARY_PATH=/home/alfred/shared_mac/MEPA2001_2024/src/install/ngc_interfaces/lib:${LD_LIBRARY_PATH} PYTHONPATH=/home/alfred/shared_mac/MEPA2001_2024/src/build/ngc_hmi/prefix_override:/usr/lib/python3/dist-packages/colcon_core/task/python/colcon_distutils_commands:/home/alfred/shared_mac/MEPA2001_2024/src/install/ngc_hmi/lib/python3.12/site-packages:/home/alfred/shared_mac/MEPA2001_2024/src/install/ngc_interfaces/lib/python3.12/site-packages:${PYTHONPATH} /usr/bin/python3 -W ignore:setup.py install is deprecated setup.py egg_info --egg-base ../build/ngc_hmi build --build-base /home/alfred/shared_mac/MEPA2001_2024/src/build/ngc_hmi/build install --record /home/alfred/shared_mac/MEPA2001_2024/src/build/ngc_hmi/install.log --single-version-externally-managed install_data
[5.307s] running egg_info
[5.397s] writing ../build/ngc_hmi/ngc_hmi.egg-info/PKG-INFO
[5.400s] writing dependency_links to ../build/ngc_hmi/ngc_hmi.egg-info/dependency_links.txt
[5.404s] writing entry points to ../build/ngc_hmi/ngc_hmi.egg-info/entry_points.txt
[5.405s] writing requirements to ../build/ngc_hmi/ngc_hmi.egg-info/requires.txt
[5.406s] writing top-level names to ../build/ngc_hmi/ngc_hmi.egg-info/top_level.txt
[5.534s] reading manifest file '../build/ngc_hmi/ngc_hmi.egg-info/SOURCES.txt'
[5.601s] writing manifest file '../build/ngc_hmi/ngc_hmi.egg-info/SOURCES.txt'
[5.604s] running build
[5.605s] running build_py
[5.611s] running install
[5.631s] running install_lib
[5.800s] running install_data
[5.803s] running install_egg_info
[5.900s] removing '/home/alfred/shared_mac/MEPA2001_2024/src/install/ngc_hmi/lib/python3.12/site-packages/ngc_hmi-0.0.0-py3.12.egg-info' (and everything under it)
[5.905s] Copying ../build/ngc_hmi/ngc_hmi.egg-info to /home/alfred/shared_mac/MEPA2001_2024/src/install/ngc_hmi/lib/python3.12/site-packages/ngc_hmi-0.0.0-py3.12.egg-info
[5.999s] running install_scripts
[6.558s] Installing ngc_hmi script to /home/alfred/shared_mac/MEPA2001_2024/src/install/ngc_hmi/lib/ngc_hmi
[6.566s] Installing ngc_hmi_autopilot script to /home/alfred/shared_mac/MEPA2001_2024/src/install/ngc_hmi/lib/ngc_hmi
[6.619s] Installing ngc_hmi_yaml_editor script to /home/alfred/shared_mac/MEPA2001_2024/src/install/ngc_hmi/lib/ngc_hmi
[6.620s] writing list of installed files to '/home/alfred/shared_mac/MEPA2001_2024/src/build/ngc_hmi/install.log'
[6.664s] Invoked command in '/home/alfred/shared_mac/MEPA2001_2024/src/ngc_hmi' returned '0': AMENT_PREFIX_PATH=/home/alfred/shared_mac/MEPA2001_2024/src/install/ngc_interfaces:${AMENT_PREFIX_PATH} CMAKE_PREFIX_PATH=/home/alfred/shared_mac/MEPA2001_2024/src/install/ngc_interfaces:${CMAKE_PREFIX_PATH} DEBUGINFOD_URLS=https://debuginfod.ubuntu.com LD_LIBRARY_PATH=/home/alfred/shared_mac/MEPA2001_2024/src/install/ngc_interfaces/lib:${LD_LIBRARY_PATH} PYTHONPATH=/home/alfred/shared_mac/MEPA2001_2024/src/build/ngc_hmi/prefix_override:/usr/lib/python3/dist-packages/colcon_core/task/python/colcon_distutils_commands:/home/alfred/shared_mac/MEPA2001_2024/src/install/ngc_hmi/lib/python3.12/site-packages:/home/alfred/shared_mac/MEPA2001_2024/src/install/ngc_interfaces/lib/python3.12/site-packages:${PYTHONPATH} /usr/bin/python3 -W ignore:setup.py install is deprecated setup.py egg_info --egg-base ../build/ngc_hmi build --build-base /home/alfred/shared_mac/MEPA2001_2024/src/build/ngc_hmi/build install --record /home/alfred/shared_mac/MEPA2001_2024/src/build/ngc_hmi/install.log --single-version-externally-managed install_data
