[2.264s] Invoking command in '/home/alfred/shared_mac/MEPA2001_2024/src/ngc_sensor_sims': DEBUGINFOD_URLS=https://debuginfod.ubuntu.com PYTHONPATH=/home/alfred/shared_mac/MEPA2001_2024/src/build/ngc_sensor_sims/prefix_override:/usr/lib/python3/dist-packages/colcon_core/task/python/colcon_distutils_commands:/home/alfred/shared_mac/MEPA2001_2024/src/install/ngc_sensor_sims/lib/python3.12/site-packages:${PYTHONPATH} /usr/bin/python3 -W ignore:setup.py install is deprecated setup.py egg_info --egg-base ../build/ngc_sensor_sims build --build-base /home/alfred/shared_mac/MEPA2001_2024/src/build/ngc_sensor_sims/build install --record /home/alfred/shared_mac/MEPA2001_2024/src/build/ngc_sensor_sims/install.log --single-version-externally-managed install_data
[3.147s] running egg_info
[3.206s] writing ../build/ngc_sensor_sims/ngc_sensor_sims.egg-info/PKG-INFO
[3.208s] writing dependency_links to ../build/ngc_sensor_sims/ngc_sensor_sims.egg-info/dependency_links.txt
[3.213s] writing entry points to ../build/ngc_sensor_sims/ngc_sensor_sims.egg-info/entry_points.txt
[3.214s] writing requirements to ../build/ngc_sensor_sims/ngc_sensor_sims.egg-info/requires.txt
[3.218s] writing top-level names to ../build/ngc_sensor_sims/ngc_sensor_sims.egg-info/top_level.txt
[3.331s] reading manifest file '../build/ngc_sensor_sims/ngc_sensor_sims.egg-info/SOURCES.txt'
[3.336s] writing manifest file '../build/ngc_sensor_sims/ngc_sensor_sims.egg-info/SOURCES.txt'
[3.338s] running build
[3.339s] running build_py
[3.342s] running install
[3.363s] running install_lib
[3.426s] running install_data
[3.428s] running install_egg_info
[3.490s] removing '/home/alfred/shared_mac/MEPA2001_2024/src/install/ngc_sensor_sims/lib/python3.12/site-packages/ngc_sensor_sims-0.0.0-py3.12.egg-info' (and everything under it)
[3.492s] Copying ../build/ngc_sensor_sims/ngc_sensor_sims.egg-info to /home/alfred/shared_mac/MEPA2001_2024/src/install/ngc_sensor_sims/lib/python3.12/site-packages/ngc_sensor_sims-0.0.0-py3.12.egg-info
[3.530s] running install_scripts
[3.867s] Installing anemometer script to /home/alfred/shared_mac/MEPA2001_2024/src/install/ngc_sensor_sims/lib/ngc_sensor_sims
[3.868s] Installing compass script to /home/alfred/shared_mac/MEPA2001_2024/src/install/ngc_sensor_sims/lib/ngc_sensor_sims
[3.870s] Installing gnss script to /home/alfred/shared_mac/MEPA2001_2024/src/install/ngc_sensor_sims/lib/ngc_sensor_sims
[3.874s] writing list of installed files to '/home/alfred/shared_mac/MEPA2001_2024/src/build/ngc_sensor_sims/install.log'
[3.922s] Invoked command in '/home/alfred/shared_mac/MEPA2001_2024/src/ngc_sensor_sims' returned '0': DEBUGINFOD_URLS=https://debuginfod.ubuntu.com PYTHONPATH=/home/alfred/shared_mac/MEPA2001_2024/src/build/ngc_sensor_sims/prefix_override:/usr/lib/python3/dist-packages/colcon_core/task/python/colcon_distutils_commands:/home/alfred/shared_mac/MEPA2001_2024/src/install/ngc_sensor_sims/lib/python3.12/site-packages:${PYTHONPATH} /usr/bin/python3 -W ignore:setup.py install is deprecated setup.py egg_info --egg-base ../build/ngc_sensor_sims build --build-base /home/alfred/shared_mac/MEPA2001_2024/src/build/ngc_sensor_sims/build install --record /home/alfred/shared_mac/MEPA2001_2024/src/build/ngc_sensor_sims/install.log --single-version-externally-managed install_data
