gmake[1]: Advarsel: Filen "CMakeFiles/Makefile2" har modifikationstidspunkt 1003 s i fremtiden
gmake[2]: Advarsel: Filen "CMakeFiles/ament_cmake_python_copy_ngc_interfaces.dir/progress.make" har modifikationstidspunkt 1003 s i fremtiden
gmake[2]: Advarsel: Filen "CMakeFiles/ngc_interfaces__rosidl_generator_type_description.dir/progress.make" har modifikationstidspunkt 1003 s i fremtiden
gmake[2]: advarsel: Der blev registreret en uoverensstemmelse i urets tid. Din kompilering kan være ufuldstændig.
gmake[2]: advarsel: Der blev registreret en uoverensstemmelse i urets tid. Din kompilering kan være ufuldstændig.
gmake[2]: Advarsel: Filen "CMakeFiles/ament_cmake_python_copy_ngc_interfaces.dir/progress.make" har modifikationstidspunkt 1003 s i fremtiden
gmake[2]: Advarsel: Filen "CMakeFiles/ngc_interfaces__rosidl_generator_type_description.dir/progress.make" har modifikationstidspunkt 1003 s i fremtiden
gmake[2]: advarsel: Der blev registreret en uoverensstemmelse i urets tid. Din kompilering kan være ufuldstændig.
gmake[2]: Advarsel: Filen "CMakeFiles/ngc_interfaces__cpp.dir/progress.make" har modifikationstidspunkt 1003 s i fremtiden
gmake[2]: Advarsel: Filen "CMakeFiles/ngc_interfaces__rosidl_generator_c.dir/progress.make" har modifikationstidspunkt 1003 s i fremtiden
gmake[2]: advarsel: Der blev registreret en uoverensstemmelse i urets tid. Din kompilering kan være ufuldstændig.
gmake[2]: Advarsel: Filen "CMakeFiles/ngc_interfaces__cpp.dir/progress.make" har modifikationstidspunkt 1003 s i fremtiden
gmake[2]: advarsel: Der blev registreret en uoverensstemmelse i urets tid. Din kompilering kan være ufuldstændig.
gmake[2]: advarsel: Der blev registreret en uoverensstemmelse i urets tid. Din kompilering kan være ufuldstændig.
gmake[2]: Advarsel: Filen "CMakeFiles/ament_cmake_python_build_ngc_interfaces_egg.dir/progress.make" har modifikationstidspunkt 1003 s i fremtiden
gmake[2]: advarsel: Der blev registreret en uoverensstemmelse i urets tid. Din kompilering kan være ufuldstændig.
gmake[2]: Advarsel: Filen "CMakeFiles/ament_cmake_python_build_ngc_interfaces_egg.dir/progress.make" har modifikationstidspunkt 1003 s i fremtiden
gmake[2]: advarsel: Der blev registreret en uoverensstemmelse i urets tid. Din kompilering kan være ufuldstændig.
gmake[2]: Advarsel: Filen "CMakeFiles/ngc_interfaces__rosidl_generator_c.dir/progress.make" har modifikationstidspunkt 1003 s i fremtiden
gmake[2]: advarsel: Der blev registreret en uoverensstemmelse i urets tid. Din kompilering kan være ufuldstændig.
gmake[2]: Advarsel: Filen "CMakeFiles/ngc_interfaces__rosidl_typesupport_cpp.dir/progress.make" har modifikationstidspunkt 1003 s i fremtiden
gmake[2]: Advarsel: Filen "CMakeFiles/ngc_interfaces__rosidl_typesupport_introspection_c.dir/progress.make" har modifikationstidspunkt 1003 s i fremtiden
gmake[2]: Advarsel: Filen "CMakeFiles/ngc_interfaces__rosidl_typesupport_fastrtps_c.dir/progress.make" har modifikationstidspunkt 1003 s i fremtiden
gmake[2]: advarsel: Der blev registreret en uoverensstemmelse i urets tid. Din kompilering kan være ufuldstændig.
gmake[2]: advarsel: Der blev registreret en uoverensstemmelse i urets tid. Din kompilering kan være ufuldstændig.
gmake[2]: Advarsel: Filen "CMakeFiles/ngc_interfaces__rosidl_typesupport_c.dir/progress.make" har modifikationstidspunkt 1002 s i fremtiden
gmake[2]: Advarsel: Filen "CMakeFiles/ngc_interfaces__rosidl_typesupport_introspection_c.dir/progress.make" har modifikationstidspunkt 1002 s i fremtiden
gmake[2]: advarsel: Der blev registreret en uoverensstemmelse i urets tid. Din kompilering kan være ufuldstændig.
gmake[2]: Advarsel: Filen "CMakeFiles/ngc_interfaces__rosidl_typesupport_fastrtps_cpp.dir/progress.make" har modifikationstidspunkt 1002 s i fremtiden
gmake[2]: advarsel: Der blev registreret en uoverensstemmelse i urets tid. Din kompilering kan være ufuldstændig.
gmake[2]: advarsel: Der blev registreret en uoverensstemmelse i urets tid. Din kompilering kan være ufuldstændig.
gmake[2]: Advarsel: Filen "CMakeFiles/ngc_interfaces__rosidl_typesupport_cpp.dir/progress.make" har modifikationstidspunkt 1002 s i fremtiden
gmake[2]: Advarsel: Filen "CMakeFiles/ngc_interfaces__rosidl_typesupport_fastrtps_c.dir/progress.make" har modifikationstidspunkt 1002 s i fremtiden
gmake[2]: advarsel: Der blev registreret en uoverensstemmelse i urets tid. Din kompilering kan være ufuldstændig.
gmake[2]: advarsel: Der blev registreret en uoverensstemmelse i urets tid. Din kompilering kan være ufuldstændig.
gmake[2]: Advarsel: Filen "CMakeFiles/ngc_interfaces__rosidl_typesupport_introspection_cpp.dir/progress.make" har modifikationstidspunkt 1002 s i fremtiden
gmake[2]: advarsel: Der blev registreret en uoverensstemmelse i urets tid. Din kompilering kan være ufuldstændig.
gmake[2]: Advarsel: Filen "CMakeFiles/ngc_interfaces__rosidl_typesupport_c.dir/progress.make" har modifikationstidspunkt 1002 s i fremtiden
gmake[2]: advarsel: Der blev registreret en uoverensstemmelse i urets tid. Din kompilering kan være ufuldstændig.
gmake[2]: advarsel: Der blev registreret en uoverensstemmelse i urets tid. Din kompilering kan være ufuldstændig.
gmake[2]: Advarsel: Filen "CMakeFiles/ngc_interfaces__rosidl_typesupport_introspection_cpp.dir/progress.make" har modifikationstidspunkt 1001 s i fremtiden
gmake[2]: advarsel: Der blev registreret en uoverensstemmelse i urets tid. Din kompilering kan være ufuldstændig.
gmake[2]: advarsel: Der blev registreret en uoverensstemmelse i urets tid. Din kompilering kan være ufuldstændig.
gmake[2]: Advarsel: Filen "CMakeFiles/ngc_interfaces__rosidl_typesupport_fastrtps_cpp.dir/progress.make" har modifikationstidspunkt 1001 s i fremtiden
gmake[2]: advarsel: Der blev registreret en uoverensstemmelse i urets tid. Din kompilering kan være ufuldstændig.
gmake[2]: Advarsel: Filen "CMakeFiles/ngc_interfaces.dir/progress.make" har modifikationstidspunkt 1001 s i fremtiden
gmake[2]: advarsel: Der blev registreret en uoverensstemmelse i urets tid. Din kompilering kan være ufuldstændig.
gmake[2]: Advarsel: Filen "CMakeFiles/ngc_interfaces.dir/progress.make" har modifikationstidspunkt 1001 s i fremtiden
gmake[2]: advarsel: Der blev registreret en uoverensstemmelse i urets tid. Din kompilering kan være ufuldstændig.
gmake[2]: Advarsel: Filen "/home/alfred/shared_mac/MEPA2001_2024/src/build/ngc_interfaces/ngc_interfaces__py/CMakeFiles/ngc_interfaces__py.dir/progress.make" har modifikationstidspunkt 1001 s i fremtiden
gmake[2]: advarsel: Der blev registreret en uoverensstemmelse i urets tid. Din kompilering kan være ufuldstændig.
gmake[2]: Advarsel: Filen "/home/alfred/shared_mac/MEPA2001_2024/src/build/ngc_interfaces/ngc_interfaces__py/CMakeFiles/ngc_interfaces__py.dir/progress.make" har modifikationstidspunkt 1001 s i fremtiden
gmake[2]: advarsel: Der blev registreret en uoverensstemmelse i urets tid. Din kompilering kan være ufuldstændig.
gmake[2]: Advarsel: Filen "CMakeFiles/ngc_interfaces__rosidl_generator_py.dir/progress.make" har modifikationstidspunkt 1001 s i fremtiden
gmake[2]: advarsel: Der blev registreret en uoverensstemmelse i urets tid. Din kompilering kan være ufuldstændig.
gmake[2]: Advarsel: Filen "CMakeFiles/ngc_interfaces__rosidl_generator_py.dir/progress.make" har modifikationstidspunkt 1001 s i fremtiden
gmake[2]: advarsel: Der blev registreret en uoverensstemmelse i urets tid. Din kompilering kan være ufuldstændig.
gmake[2]: Advarsel: Filen "CMakeFiles/ngc_interfaces_s__rosidl_typesupport_fastrtps_c.dir/progress.make" har modifikationstidspunkt 1001 s i fremtiden
gmake[2]: Advarsel: Filen "CMakeFiles/ngc_interfaces_s__rosidl_typesupport_c.dir/progress.make" har modifikationstidspunkt 1001 s i fremtiden
gmake[2]: Advarsel: Filen "CMakeFiles/ngc_interfaces_s__rosidl_typesupport_introspection_c.dir/progress.make" har modifikationstidspunkt 1001 s i fremtiden
gmake[2]: advarsel: Der blev registreret en uoverensstemmelse i urets tid. Din kompilering kan være ufuldstændig.
gmake[2]: Advarsel: Filen "CMakeFiles/ngc_interfaces_s__rosidl_typesupport_c.dir/progress.make" har modifikationstidspunkt 1000 s i fremtiden
gmake[2]: advarsel: Der blev registreret en uoverensstemmelse i urets tid. Din kompilering kan være ufuldstændig.
gmake[2]: advarsel: Der blev registreret en uoverensstemmelse i urets tid. Din kompilering kan være ufuldstændig.
gmake[2]: advarsel: Der blev registreret en uoverensstemmelse i urets tid. Din kompilering kan være ufuldstændig.
gmake[2]: Advarsel: Filen "CMakeFiles/ngc_interfaces_s__rosidl_typesupport_introspection_c.dir/progress.make" har modifikationstidspunkt 1000 s i fremtiden
gmake[2]: advarsel: Der blev registreret en uoverensstemmelse i urets tid. Din kompilering kan være ufuldstændig.
gmake[2]: Advarsel: Filen "CMakeFiles/ngc_interfaces_s__rosidl_typesupport_fastrtps_c.dir/progress.make" har modifikationstidspunkt 1000 s i fremtiden
gmake[2]: advarsel: Der blev registreret en uoverensstemmelse i urets tid. Din kompilering kan være ufuldstændig.
gmake[1]: advarsel: Der blev registreret en uoverensstemmelse i urets tid. Din kompilering kan være ufuldstændig.
