gmake: Advarsel: Filen "Makefile" har modifikationstidspunkt 17 s i fremtiden
gmake[1]: Advarsel: Filen "CMakeFiles/Makefile2" har modifikationstidspunkt 16 s i fremtiden
gmake[2]: Advarsel: Filen "CMakeFiles/ament_cmake_python_copy_ngc_interfaces.dir/progress.make" har modifikationstidspunkt 16 s i fremtiden
gmake[2]: Advarsel: Filen "CMakeFiles/ngc_interfaces__rosidl_generator_type_description.dir/progress.make" har modifikationstidspunkt 16 s i fremtiden
gmake[2]: advarsel: Der blev registreret en uoverensstemmelse i urets tid. Din kompilering kan være ufuldstændig.
gmake[2]: Advarsel: Filen "CMakeFiles/ngc_interfaces__rosidl_generator_type_description.dir/progress.make" har modifikationstidspunkt 16 s i fremtiden
gmake[2]: advarsel: Der blev registreret en uoverensstemmelse i urets tid. Din kompilering kan være ufuldstændig.
gmake[2]: Advarsel: Filen "CMakeFiles/ament_cmake_python_copy_ngc_interfaces.dir/progress.make" har modifikationstidspunkt 16 s i fremtiden
gmake[2]: advarsel: Der blev registreret en uoverensstemmelse i urets tid. Din kompilering kan være ufuldstændig.
gmake[2]: Advarsel: Filen "CMakeFiles/ament_cmake_python_build_ngc_interfaces_egg.dir/progress.make" har modifikationstidspunkt 16 s i fremtiden
gmake[2]: advarsel: Der blev registreret en uoverensstemmelse i urets tid. Din kompilering kan være ufuldstændig.
gmake[2]: Advarsel: Filen "CMakeFiles/ament_cmake_python_build_ngc_interfaces_egg.dir/progress.make" har modifikationstidspunkt 16 s i fremtiden
gmake[2]: advarsel: Der blev registreret en uoverensstemmelse i urets tid. Din kompilering kan være ufuldstændig.
gmake[2]: advarsel: Der blev registreret en uoverensstemmelse i urets tid. Din kompilering kan være ufuldstændig.
gmake[2]: Advarsel: Filen "CMakeFiles/ngc_interfaces__cpp.dir/progress.make" har modifikationstidspunkt 15 s i fremtiden
gmake[2]: Advarsel: Filen "CMakeFiles/ngc_interfaces__rosidl_generator_c.dir/flags.make" har modifikationstidspunkt 14 s i fremtiden
gmake[2]: advarsel: Der blev registreret en uoverensstemmelse i urets tid. Din kompilering kan være ufuldstændig.
gmake[2]: Advarsel: Filen "CMakeFiles/ngc_interfaces__cpp.dir/progress.make" har modifikationstidspunkt 15 s i fremtiden
gmake[2]: advarsel: Der blev registreret en uoverensstemmelse i urets tid. Din kompilering kan være ufuldstændig.
gmake[2]: advarsel: Der blev registreret en uoverensstemmelse i urets tid. Din kompilering kan være ufuldstændig.
gmake[2]: Advarsel: Filen "CMakeFiles/ngc_interfaces__rosidl_generator_c.dir/flags.make" har modifikationstidspunkt 13 s i fremtiden
gmake[2]: advarsel: Der blev registreret en uoverensstemmelse i urets tid. Din kompilering kan være ufuldstændig.
gmake[2]: Advarsel: Filen "CMakeFiles/ngc_interfaces__rosidl_typesupport_cpp.dir/flags.make" har modifikationstidspunkt 12 s i fremtiden
gmake[2]: Advarsel: Filen "CMakeFiles/ngc_interfaces__rosidl_typesupport_fastrtps_c.dir/flags.make" har modifikationstidspunkt 12 s i fremtiden
gmake[2]: Advarsel: Filen "CMakeFiles/ngc_interfaces__rosidl_typesupport_c.dir/flags.make" har modifikationstidspunkt 12 s i fremtiden
gmake[2]: Advarsel: Filen "CMakeFiles/ngc_interfaces__rosidl_typesupport_introspection_c.dir/flags.make" har modifikationstidspunkt 12 s i fremtiden
gmake[2]: advarsel: Der blev registreret en uoverensstemmelse i urets tid. Din kompilering kan være ufuldstændig.
gmake[2]: Advarsel: Filen "CMakeFiles/ngc_interfaces__rosidl_typesupport_c.dir/flags.make" har modifikationstidspunkt 11 s i fremtiden
gmake[2]: advarsel: Der blev registreret en uoverensstemmelse i urets tid. Din kompilering kan være ufuldstændig.
gmake[2]: Advarsel: Filen "CMakeFiles/ngc_interfaces__rosidl_typesupport_cpp.dir/flags.make" har modifikationstidspunkt 10 s i fremtiden
gmake[2]: advarsel: Der blev registreret en uoverensstemmelse i urets tid. Din kompilering kan være ufuldstændig.
gmake[2]: Advarsel: Filen "CMakeFiles/ngc_interfaces__rosidl_typesupport_introspection_c.dir/flags.make" har modifikationstidspunkt 10 s i fremtiden
gmake[2]: advarsel: Der blev registreret en uoverensstemmelse i urets tid. Din kompilering kan være ufuldstændig.
gmake[2]: Advarsel: Filen "CMakeFiles/ngc_interfaces__rosidl_typesupport_fastrtps_c.dir/flags.make" har modifikationstidspunkt 9,7 s i fremtiden
gmake[2]: advarsel: Der blev registreret en uoverensstemmelse i urets tid. Din kompilering kan være ufuldstændig.
gmake[2]: advarsel: Der blev registreret en uoverensstemmelse i urets tid. Din kompilering kan være ufuldstændig.
gmake[2]: Advarsel: Filen "CMakeFiles/ngc_interfaces__rosidl_typesupport_fastrtps_cpp.dir/flags.make" har modifikationstidspunkt 9 s i fremtiden
gmake[2]: Advarsel: Filen "CMakeFiles/ngc_interfaces__rosidl_typesupport_introspection_cpp.dir/flags.make" har modifikationstidspunkt 8,8 s i fremtiden
gmake[2]: advarsel: Der blev registreret en uoverensstemmelse i urets tid. Din kompilering kan være ufuldstændig.
gmake[2]: Advarsel: Filen "CMakeFiles/ngc_interfaces__rosidl_typesupport_fastrtps_cpp.dir/flags.make" har modifikationstidspunkt 7,5 s i fremtiden
gmake[2]: advarsel: Der blev registreret en uoverensstemmelse i urets tid. Din kompilering kan være ufuldstændig.
gmake[2]: Advarsel: Filen "CMakeFiles/ngc_interfaces__rosidl_typesupport_introspection_cpp.dir/flags.make" har modifikationstidspunkt 7,4 s i fremtiden
gmake[2]: advarsel: Der blev registreret en uoverensstemmelse i urets tid. Din kompilering kan være ufuldstændig.
gmake[2]: advarsel: Der blev registreret en uoverensstemmelse i urets tid. Din kompilering kan være ufuldstændig.
gmake[2]: advarsel: Der blev registreret en uoverensstemmelse i urets tid. Din kompilering kan være ufuldstændig.
gmake[2]: advarsel: Der blev registreret en uoverensstemmelse i urets tid. Din kompilering kan være ufuldstændig.
gmake[2]: Advarsel: Filen "CMakeFiles/ngc_interfaces.dir/progress.make" har modifikationstidspunkt 2,2 s i fremtiden
gmake[2]: advarsel: Der blev registreret en uoverensstemmelse i urets tid. Din kompilering kan være ufuldstændig.
gmake[2]: Advarsel: Filen "CMakeFiles/ngc_interfaces.dir/progress.make" har modifikationstidspunkt 2,2 s i fremtiden
gmake[2]: advarsel: Der blev registreret en uoverensstemmelse i urets tid. Din kompilering kan være ufuldstændig.
gmake[2]: Advarsel: Filen "/home/alfred/shared_mac/Mekatronikk3/src/build/ngc_interfaces/ngc_interfaces__py/CMakeFiles/ngc_interfaces__py.dir/progress.make" har modifikationstidspunkt 2,1 s i fremtiden
gmake[2]: advarsel: Der blev registreret en uoverensstemmelse i urets tid. Din kompilering kan være ufuldstændig.
gmake[2]: Advarsel: Filen "/home/alfred/shared_mac/Mekatronikk3/src/build/ngc_interfaces/ngc_interfaces__py/CMakeFiles/ngc_interfaces__py.dir/progress.make" har modifikationstidspunkt 2,1 s i fremtiden
gmake[2]: advarsel: Der blev registreret en uoverensstemmelse i urets tid. Din kompilering kan være ufuldstændig.
gmake[2]: Advarsel: Filen "CMakeFiles/ngc_interfaces__rosidl_generator_py.dir/progress.make" har modifikationstidspunkt 0,62 s i fremtiden
gmake[2]: advarsel: Der blev registreret en uoverensstemmelse i urets tid. Din kompilering kan være ufuldstændig.
gmake[2]: Advarsel: Filen "CMakeFiles/ngc_interfaces__rosidl_generator_py.dir/progress.make" har modifikationstidspunkt 0,6 s i fremtiden
gmake[2]: advarsel: Der blev registreret en uoverensstemmelse i urets tid. Din kompilering kan være ufuldstændig.
gmake[2]: Advarsel: Filen "rosidl_generator_py/ngc_interfaces/_ngc_interfaces_s.ep.rosidl_typesupport_fastrtps_c.c" har modifikationstidspunkt 16 s i fremtiden
gmake[2]: Advarsel: Filen "libngc_interfaces__rosidl_generator_py.so" har modifikationstidspunkt 17 s i fremtiden
gmake[2]: Advarsel: Filen "libngc_interfaces__rosidl_generator_py.so" har modifikationstidspunkt 17 s i fremtiden
gmake[2]: advarsel: Der blev registreret en uoverensstemmelse i urets tid. Din kompilering kan være ufuldstændig.
gmake[2]: advarsel: Der blev registreret en uoverensstemmelse i urets tid. Din kompilering kan være ufuldstændig.
gmake[2]: advarsel: Der blev registreret en uoverensstemmelse i urets tid. Din kompilering kan være ufuldstændig.
gmake[1]: advarsel: Der blev registreret en uoverensstemmelse i urets tid. Din kompilering kan være ufuldstændig.
gmake: advarsel: Der blev registreret en uoverensstemmelse i urets tid. Din kompilering kan være ufuldstændig.
