[0.099s] Invoking command in '/home/alfred/shared_mac/Mekatronikk3/src/build/ngc_interfaces': CMAKE_PREFIX_PATH=${CMAKE_PREFIX_PATH}:/home/alfred/shared_mac/Mekatronikk3/src/install/ngc_hull_sim:/home/alfred/shared_mac/Mekatronikk3/src/install/ngc_utils:/home/alfred/shared_mac/Mekatronikk3/src/install/ngc_sensor_sims:/home/alfred/shared_mac/Mekatronikk3/src/install/ngc_propulsion_sim:/home/alfred/shared_mac/Mekatronikk3/src/install/ngc_hmi:/home/alfred/shared_mac/Mekatronikk3/src/install/kontrolsystem:/opt/ros/jazzy DEBUGINFOD_URLS=https://debuginfod.ubuntu.com /usr/bin/cmake /home/alfred/shared_mac/Mekatronikk3/src/ngc_interfaces -DCMAKE_INSTALL_PREFIX=/home/alfred/shared_mac/Mekatronikk3/src/install/ngc_interfaces
[0.685s] -- The C compiler identification is GNU 13.2.0
[0.688s] -- The CXX compiler identification is GNU 13.2.0
[0.689s] -- Detecting C compiler ABI info
[0.926s] -- Detecting C compiler ABI info - done
[0.992s] -- Check for working C compiler: /usr/bin/cc - skipped
[0.993s] -- Detecting C compile features
[0.995s] -- Detecting C compile features - done
[1.031s] -- Detecting CXX compiler ABI info
[1.386s] -- Detecting CXX compiler ABI info - done
[1.432s] -- Check for working CXX compiler: /usr/bin/c++ - skipped
[1.433s] -- Detecting CXX compile features
[1.435s] -- Detecting CXX compile features - done
[1.502s] -- Found ament_cmake: 2.5.2 (/opt/ros/jazzy/share/ament_cmake/cmake)
[2.011s] -- Found Python3: /usr/bin/python3 (found version "3.12.3") found components: Interpreter 
[3.175s] -- Found rosidl_default_generators: 1.6.0 (/opt/ros/jazzy/share/rosidl_default_generators/cmake)
[3.300s] -- Using all available rosidl_typesupport_c: rosidl_typesupport_fastrtps_c;rosidl_typesupport_introspection_c
[4.091s] -- Using all available rosidl_typesupport_cpp: rosidl_typesupport_fastrtps_cpp;rosidl_typesupport_introspection_cpp
[4.837s] -- Found rosidl_adapter: 4.6.3 (/opt/ros/jazzy/share/rosidl_adapter/cmake)
[6.272s] -- Found ament_cmake_ros: 0.12.0 (/opt/ros/jazzy/share/ament_cmake_ros/cmake)
[7.208s] -- Using all available rosidl_typesupport_c: rosidl_typesupport_fastrtps_c;rosidl_typesupport_introspection_c
[8.885s] -- Using all available rosidl_typesupport_cpp: rosidl_typesupport_fastrtps_cpp;rosidl_typesupport_introspection_cpp
[8.944s] -- Found python_cmake_module: 0.11.1 (/opt/ros/jazzy/share/python_cmake_module/cmake)
[9.279s] -- Found PythonExtra: /usr/bin/python3  
[10.089s] -- Found Python3: /usr/bin/python3 (found version "3.12.3") found components: Interpreter Development NumPy Development.Module Development.Embed 
[10.455s] -- Configuring done (10.3s)
[11.407s] -- Generating done (0.9s)
[11.517s] -- Build files have been written to: /home/alfred/shared_mac/Mekatronikk3/src/build/ngc_interfaces
[11.542s] Invoked command in '/home/alfred/shared_mac/Mekatronikk3/src/build/ngc_interfaces' returned '0': CMAKE_PREFIX_PATH=${CMAKE_PREFIX_PATH}:/home/alfred/shared_mac/Mekatronikk3/src/install/ngc_hull_sim:/home/alfred/shared_mac/Mekatronikk3/src/install/ngc_utils:/home/alfred/shared_mac/Mekatronikk3/src/install/ngc_sensor_sims:/home/alfred/shared_mac/Mekatronikk3/src/install/ngc_propulsion_sim:/home/alfred/shared_mac/Mekatronikk3/src/install/ngc_hmi:/home/alfred/shared_mac/Mekatronikk3/src/install/kontrolsystem:/opt/ros/jazzy DEBUGINFOD_URLS=https://debuginfod.ubuntu.com /usr/bin/cmake /home/alfred/shared_mac/Mekatronikk3/src/ngc_interfaces -DCMAKE_INSTALL_PREFIX=/home/alfred/shared_mac/Mekatronikk3/src/install/ngc_interfaces
[11.546s] Invoking command in '/home/alfred/shared_mac/Mekatronikk3/src/build/ngc_interfaces': CMAKE_PREFIX_PATH=${CMAKE_PREFIX_PATH}:/home/alfred/shared_mac/Mekatronikk3/src/install/ngc_hull_sim:/home/alfred/shared_mac/Mekatronikk3/src/install/ngc_utils:/home/alfred/shared_mac/Mekatronikk3/src/install/ngc_sensor_sims:/home/alfred/shared_mac/Mekatronikk3/src/install/ngc_propulsion_sim:/home/alfred/shared_mac/Mekatronikk3/src/install/ngc_hmi:/home/alfred/shared_mac/Mekatronikk3/src/install/kontrolsystem:/opt/ros/jazzy DEBUGINFOD_URLS=https://debuginfod.ubuntu.com /usr/bin/cmake --build /home/alfred/shared_mac/Mekatronikk3/src/build/ngc_interfaces -- -j4 -l4
[11.607s] gmake: Advarsel: Filen "Makefile" har modifikationstidspunkt 17 s i fremtiden
[11.736s] gmake[1]: Advarsel: Filen "CMakeFiles/Makefile2" har modifikationstidspunkt 16 s i fremtiden
[11.750s] gmake[2]: Advarsel: Filen "CMakeFiles/ament_cmake_python_copy_ngc_interfaces.dir/progress.make" har modifikationstidspunkt 16 s i fremtiden
[11.754s] gmake[2]: Advarsel: Filen "CMakeFiles/ngc_interfaces__rosidl_generator_type_description.dir/progress.make" har modifikationstidspunkt 16 s i fremtiden
[11.796s] gmake[2]: advarsel: Der blev registreret en uoverensstemmelse i urets tid. Din kompilering kan være ufuldstændig.
[11.801s] gmake[2]: Advarsel: Filen "CMakeFiles/ngc_interfaces__rosidl_generator_type_description.dir/progress.make" har modifikationstidspunkt 16 s i fremtiden
[11.807s] gmake[2]: advarsel: Der blev registreret en uoverensstemmelse i urets tid. Din kompilering kan være ufuldstændig.
[11.815s] gmake[2]: Advarsel: Filen "CMakeFiles/ament_cmake_python_copy_ngc_interfaces.dir/progress.make" har modifikationstidspunkt 16 s i fremtiden
[11.849s] [  1%] [34m[1mGenerating type hashes for ROS interfaces[0m
[11.858s] gmake[2]: advarsel: Der blev registreret en uoverensstemmelse i urets tid. Din kompilering kan være ufuldstændig.
[11.904s] [  1%] Built target ament_cmake_python_copy_ngc_interfaces
[11.926s] gmake[2]: Advarsel: Filen "CMakeFiles/ament_cmake_python_build_ngc_interfaces_egg.dir/progress.make" har modifikationstidspunkt 16 s i fremtiden
[11.979s] gmake[2]: advarsel: Der blev registreret en uoverensstemmelse i urets tid. Din kompilering kan være ufuldstændig.
[11.993s] gmake[2]: Advarsel: Filen "CMakeFiles/ament_cmake_python_build_ngc_interfaces_egg.dir/progress.make" har modifikationstidspunkt 16 s i fremtiden
[12.402s] running egg_info
[12.404s] creating ngc_interfaces.egg-info
[12.436s] writing ngc_interfaces.egg-info/PKG-INFO
[12.438s] writing dependency_links to ngc_interfaces.egg-info/dependency_links.txt
[12.439s] writing top-level names to ngc_interfaces.egg-info/top_level.txt
[12.441s] writing manifest file 'ngc_interfaces.egg-info/SOURCES.txt'
[12.531s] reading manifest file 'ngc_interfaces.egg-info/SOURCES.txt'
[12.534s] writing manifest file 'ngc_interfaces.egg-info/SOURCES.txt'
[12.575s] gmake[2]: advarsel: Der blev registreret en uoverensstemmelse i urets tid. Din kompilering kan være ufuldstændig.
[12.592s] [  1%] Built target ament_cmake_python_build_ngc_interfaces_egg
[12.722s] gmake[2]: advarsel: Der blev registreret en uoverensstemmelse i urets tid. Din kompilering kan være ufuldstændig.
[12.741s] [  1%] Built target ngc_interfaces__rosidl_generator_type_description
[12.749s] gmake[2]: Advarsel: Filen "CMakeFiles/ngc_interfaces__cpp.dir/progress.make" har modifikationstidspunkt 15 s i fremtiden
[12.754s] gmake[2]: Advarsel: Filen "CMakeFiles/ngc_interfaces__rosidl_generator_c.dir/flags.make" har modifikationstidspunkt 14 s i fremtiden
[12.771s] gmake[2]: advarsel: Der blev registreret en uoverensstemmelse i urets tid. Din kompilering kan være ufuldstændig.
[12.774s] [  2%] [34m[1mGenerating C code for ROS interfaces[0m
[12.784s] gmake[2]: Advarsel: Filen "CMakeFiles/ngc_interfaces__cpp.dir/progress.make" har modifikationstidspunkt 15 s i fremtiden
[12.804s] [  2%] [34m[1mGenerating C++ code for ROS interfaces[0m
[14.296s] gmake[2]: advarsel: Der blev registreret en uoverensstemmelse i urets tid. Din kompilering kan være ufuldstændig.
[14.317s] [  2%] Built target ngc_interfaces__cpp
[14.608s] gmake[2]: advarsel: Der blev registreret en uoverensstemmelse i urets tid. Din kompilering kan være ufuldstændig.
[14.618s] gmake[2]: Advarsel: Filen "CMakeFiles/ngc_interfaces__rosidl_generator_c.dir/flags.make" har modifikationstidspunkt 13 s i fremtiden
[14.753s] [  3%] [32mBuilding C object CMakeFiles/ngc_interfaces__rosidl_generator_c.dir/rosidl_generator_c/ngc_interfaces/msg/detail/eta__description.c.o[0m
[14.758s] [  5%] [32mBuilding C object CMakeFiles/ngc_interfaces__rosidl_generator_c.dir/rosidl_generator_c/ngc_interfaces/msg/detail/eta__functions.c.o[0m
[14.760s] [  5%] [32mBuilding C object CMakeFiles/ngc_interfaces__rosidl_generator_c.dir/rosidl_generator_c/ngc_interfaces/msg/detail/nu__description.c.o[0m
[14.763s] [  6%] [32mBuilding C object CMakeFiles/ngc_interfaces__rosidl_generator_c.dir/rosidl_generator_c/ngc_interfaces/msg/detail/eta__type_support.c.o[0m
[14.851s] [  7%] [32mBuilding C object CMakeFiles/ngc_interfaces__rosidl_generator_c.dir/rosidl_generator_c/ngc_interfaces/msg/detail/nu__functions.c.o[0m
[14.853s] [  8%] [32mBuilding C object CMakeFiles/ngc_interfaces__rosidl_generator_c.dir/rosidl_generator_c/ngc_interfaces/msg/detail/nu__type_support.c.o[0m
[14.863s] [  9%] [32mBuilding C object CMakeFiles/ngc_interfaces__rosidl_generator_c.dir/rosidl_generator_c/ngc_interfaces/msg/detail/nu_dot__description.c.o[0m
[14.900s] [ 10%] [32mBuilding C object CMakeFiles/ngc_interfaces__rosidl_generator_c.dir/rosidl_generator_c/ngc_interfaces/msg/detail/nu_dot__functions.c.o[0m
[14.966s] [ 11%] [32mBuilding C object CMakeFiles/ngc_interfaces__rosidl_generator_c.dir/rosidl_generator_c/ngc_interfaces/msg/detail/tau__description.c.o[0m
[14.987s] [ 12%] [32mBuilding C object CMakeFiles/ngc_interfaces__rosidl_generator_c.dir/rosidl_generator_c/ngc_interfaces/msg/detail/nu_dot__type_support.c.o[0m
[15.004s] [ 13%] [32mBuilding C object CMakeFiles/ngc_interfaces__rosidl_generator_c.dir/rosidl_generator_c/ngc_interfaces/msg/detail/tau__functions.c.o[0m
[15.065s] [ 14%] [32mBuilding C object CMakeFiles/ngc_interfaces__rosidl_generator_c.dir/rosidl_generator_c/ngc_interfaces/msg/detail/tau__type_support.c.o[0m
[15.078s] [ 16%] [32mBuilding C object CMakeFiles/ngc_interfaces__rosidl_generator_c.dir/rosidl_generator_c/ngc_interfaces/msg/detail/wind__description.c.o[0m
[15.080s] [ 16%] [32mBuilding C object CMakeFiles/ngc_interfaces__rosidl_generator_c.dir/rosidl_generator_c/ngc_interfaces/msg/detail/wind__functions.c.o[0m
[15.133s] [ 17%] [32mBuilding C object CMakeFiles/ngc_interfaces__rosidl_generator_c.dir/rosidl_generator_c/ngc_interfaces/msg/detail/wind__type_support.c.o[0m
[15.156s] [ 18%] [32mBuilding C object CMakeFiles/ngc_interfaces__rosidl_generator_c.dir/rosidl_generator_c/ngc_interfaces/msg/detail/thruster_signals__description.c.o[0m
[15.180s] [ 19%] [32mBuilding C object CMakeFiles/ngc_interfaces__rosidl_generator_c.dir/rosidl_generator_c/ngc_interfaces/msg/detail/thruster_signals__functions.c.o[0m
[15.201s] [ 20%] [32mBuilding C object CMakeFiles/ngc_interfaces__rosidl_generator_c.dir/rosidl_generator_c/ngc_interfaces/msg/detail/thruster_signals__type_support.c.o[0m
[15.226s] [ 21%] [32mBuilding C object CMakeFiles/ngc_interfaces__rosidl_generator_c.dir/rosidl_generator_c/ngc_interfaces/msg/detail/gnss__description.c.o[0m
[15.287s] [ 23%] [32mBuilding C object CMakeFiles/ngc_interfaces__rosidl_generator_c.dir/rosidl_generator_c/ngc_interfaces/msg/detail/gnss__type_support.c.o[0m
[15.288s] [ 23%] [32mBuilding C object CMakeFiles/ngc_interfaces__rosidl_generator_c.dir/rosidl_generator_c/ngc_interfaces/msg/detail/gnss__functions.c.o[0m
[15.315s] [ 24%] [32mBuilding C object CMakeFiles/ngc_interfaces__rosidl_generator_c.dir/rosidl_generator_c/ngc_interfaces/msg/detail/heading_device__description.c.o[0m
[15.325s] [ 25%] [32mBuilding C object CMakeFiles/ngc_interfaces__rosidl_generator_c.dir/rosidl_generator_c/ngc_interfaces/msg/detail/heading_device__functions.c.o[0m
[15.365s] [ 25%] [32mBuilding C object CMakeFiles/ngc_interfaces__rosidl_generator_c.dir/rosidl_generator_c/ngc_interfaces/msg/detail/heading_device__type_support.c.o[0m
[15.443s] [ 26%] [32m[1mLinking C shared library libngc_interfaces__rosidl_generator_c.so[0m
[15.534s] gmake[2]: advarsel: Der blev registreret en uoverensstemmelse i urets tid. Din kompilering kan være ufuldstændig.
[15.569s] [ 26%] Built target ngc_interfaces__rosidl_generator_c
[15.588s] gmake[2]: Advarsel: Filen "CMakeFiles/ngc_interfaces__rosidl_typesupport_cpp.dir/flags.make" har modifikationstidspunkt 12 s i fremtiden
[15.591s] gmake[2]: Advarsel: Filen "CMakeFiles/ngc_interfaces__rosidl_typesupport_fastrtps_c.dir/flags.make" har modifikationstidspunkt 12 s i fremtiden
[15.598s] gmake[2]: Advarsel: Filen "CMakeFiles/ngc_interfaces__rosidl_typesupport_c.dir/flags.make" har modifikationstidspunkt 12 s i fremtiden
[15.615s] [ 27%] [34m[1mGenerating C type support dispatch for ROS interfaces[0m
[15.617s] gmake[2]: Advarsel: Filen "CMakeFiles/ngc_interfaces__rosidl_typesupport_introspection_c.dir/flags.make" har modifikationstidspunkt 12 s i fremtiden
[15.621s] [ 28%] [34m[1mGenerating C type support for eProsima Fast-RTPS[0m
[15.629s] [ 29%] [34m[1mGenerating C++ type support dispatch for ROS interfaces[0m
[15.642s] [ 29%] [34m[1mGenerating C introspection for ROS interfaces[0m
[16.526s] gmake[2]: advarsel: Der blev registreret en uoverensstemmelse i urets tid. Din kompilering kan være ufuldstændig.
[16.535s] gmake[2]: Advarsel: Filen "CMakeFiles/ngc_interfaces__rosidl_typesupport_c.dir/flags.make" har modifikationstidspunkt 11 s i fremtiden
[16.569s] [ 30%] [32mBuilding CXX object CMakeFiles/ngc_interfaces__rosidl_typesupport_c.dir/rosidl_typesupport_c/ngc_interfaces/msg/eta__type_support.cpp.o[0m
[16.684s] gmake[2]: advarsel: Der blev registreret en uoverensstemmelse i urets tid. Din kompilering kan være ufuldstændig.
[16.689s] gmake[2]: Advarsel: Filen "CMakeFiles/ngc_interfaces__rosidl_typesupport_cpp.dir/flags.make" har modifikationstidspunkt 10 s i fremtiden
[16.710s] [ 31%] [32mBuilding CXX object CMakeFiles/ngc_interfaces__rosidl_typesupport_cpp.dir/rosidl_typesupport_cpp/ngc_interfaces/msg/eta__type_support.cpp.o[0m
[16.800s] [ 32%] [32mBuilding CXX object CMakeFiles/ngc_interfaces__rosidl_typesupport_c.dir/rosidl_typesupport_c/ngc_interfaces/msg/nu__type_support.cpp.o[0m
[16.837s] gmake[2]: advarsel: Der blev registreret en uoverensstemmelse i urets tid. Din kompilering kan være ufuldstændig.
[16.846s] gmake[2]: Advarsel: Filen "CMakeFiles/ngc_interfaces__rosidl_typesupport_introspection_c.dir/flags.make" har modifikationstidspunkt 10 s i fremtiden
[16.902s] [ 33%] [32mBuilding CXX object CMakeFiles/ngc_interfaces__rosidl_typesupport_c.dir/rosidl_typesupport_c/ngc_interfaces/msg/nu_dot__type_support.cpp.o[0m
[16.998s] [ 34%] [32mBuilding CXX object CMakeFiles/ngc_interfaces__rosidl_typesupport_c.dir/rosidl_typesupport_c/ngc_interfaces/msg/tau__type_support.cpp.o[0m
[17.016s] [ 35%] [32mBuilding C object CMakeFiles/ngc_interfaces__rosidl_typesupport_introspection_c.dir/rosidl_typesupport_introspection_c/ngc_interfaces/msg/detail/eta__type_support.c.o[0m
[17.102s] [ 36%] [32mBuilding CXX object CMakeFiles/ngc_interfaces__rosidl_typesupport_c.dir/rosidl_typesupport_c/ngc_interfaces/msg/wind__type_support.cpp.o[0m
[17.103s] [ 37%] [32mBuilding C object CMakeFiles/ngc_interfaces__rosidl_typesupport_introspection_c.dir/rosidl_typesupport_introspection_c/ngc_interfaces/msg/detail/nu__type_support.c.o[0m
[17.198s] [ 38%] [32mBuilding C object CMakeFiles/ngc_interfaces__rosidl_typesupport_introspection_c.dir/rosidl_typesupport_introspection_c/ngc_interfaces/msg/detail/nu_dot__type_support.c.o[0m
[17.212s] [ 39%] [32mBuilding CXX object CMakeFiles/ngc_interfaces__rosidl_typesupport_c.dir/rosidl_typesupport_c/ngc_interfaces/msg/thruster_signals__type_support.cpp.o[0m
[17.301s] [ 40%] [32mBuilding C object CMakeFiles/ngc_interfaces__rosidl_typesupport_introspection_c.dir/rosidl_typesupport_introspection_c/ngc_interfaces/msg/detail/tau__type_support.c.o[0m
[17.317s] [ 41%] [32mBuilding CXX object CMakeFiles/ngc_interfaces__rosidl_typesupport_c.dir/rosidl_typesupport_c/ngc_interfaces/msg/gnss__type_support.cpp.o[0m
[17.412s] gmake[2]: advarsel: Der blev registreret en uoverensstemmelse i urets tid. Din kompilering kan være ufuldstændig.
[17.430s] gmake[2]: Advarsel: Filen "CMakeFiles/ngc_interfaces__rosidl_typesupport_fastrtps_c.dir/flags.make" har modifikationstidspunkt 9,7 s i fremtiden
[17.440s] [ 42%] [32mBuilding C object CMakeFiles/ngc_interfaces__rosidl_typesupport_introspection_c.dir/rosidl_typesupport_introspection_c/ngc_interfaces/msg/detail/wind__type_support.c.o[0m
[17.490s] [ 43%] [32mBuilding CXX object CMakeFiles/ngc_interfaces__rosidl_typesupport_c.dir/rosidl_typesupport_c/ngc_interfaces/msg/heading_device__type_support.cpp.o[0m
[17.595s] [ 44%] [32mBuilding C object CMakeFiles/ngc_interfaces__rosidl_typesupport_introspection_c.dir/rosidl_typesupport_introspection_c/ngc_interfaces/msg/detail/thruster_signals__type_support.c.o[0m
[17.606s] [ 45%] [32m[1mLinking CXX shared library libngc_interfaces__rosidl_typesupport_c.so[0m
[17.671s] [ 46%] [32mBuilding CXX object CMakeFiles/ngc_interfaces__rosidl_typesupport_fastrtps_c.dir/rosidl_typesupport_fastrtps_c/ngc_interfaces/msg/detail/eta__type_support_c.cpp.o[0m
[17.703s] [ 47%] [32mBuilding C object CMakeFiles/ngc_interfaces__rosidl_typesupport_introspection_c.dir/rosidl_typesupport_introspection_c/ngc_interfaces/msg/detail/gnss__type_support.c.o[0m
[17.714s] gmake[2]: advarsel: Der blev registreret en uoverensstemmelse i urets tid. Din kompilering kan være ufuldstændig.
[17.734s] [ 48%] [32mBuilding CXX object CMakeFiles/ngc_interfaces__rosidl_typesupport_cpp.dir/rosidl_typesupport_cpp/ngc_interfaces/msg/nu__type_support.cpp.o[0m
[17.752s] [ 48%] Built target ngc_interfaces__rosidl_typesupport_c
[17.779s] [ 49%] [32mBuilding CXX object CMakeFiles/ngc_interfaces__rosidl_typesupport_cpp.dir/rosidl_typesupport_cpp/ngc_interfaces/msg/nu_dot__type_support.cpp.o[0m
[17.857s] [ 50%] [32mBuilding C object CMakeFiles/ngc_interfaces__rosidl_typesupport_introspection_c.dir/rosidl_typesupport_introspection_c/ngc_interfaces/msg/detail/heading_device__type_support.c.o[0m
[18.011s] [ 51%] [32m[1mLinking C shared library libngc_interfaces__rosidl_typesupport_introspection_c.so[0m
[18.085s] gmake[2]: advarsel: Der blev registreret en uoverensstemmelse i urets tid. Din kompilering kan være ufuldstændig.
[18.125s] [ 51%] Built target ngc_interfaces__rosidl_typesupport_introspection_c
[18.136s] gmake[2]: Advarsel: Filen "CMakeFiles/ngc_interfaces__rosidl_typesupport_fastrtps_cpp.dir/flags.make" har modifikationstidspunkt 9 s i fremtiden
[18.159s] [ 52%] [34m[1mGenerating C++ type support for eProsima Fast-RTPS[0m
[18.380s] gmake[2]: Advarsel: Filen "CMakeFiles/ngc_interfaces__rosidl_typesupport_introspection_cpp.dir/flags.make" har modifikationstidspunkt 8,8 s i fremtiden
[18.397s] [ 53%] [34m[1mGenerating C++ introspection for ROS interfaces[0m
[18.421s] [ 53%] [32mBuilding CXX object CMakeFiles/ngc_interfaces__rosidl_typesupport_cpp.dir/rosidl_typesupport_cpp/ngc_interfaces/msg/tau__type_support.cpp.o[0m
[18.700s] [ 54%] [32mBuilding CXX object CMakeFiles/ngc_interfaces__rosidl_typesupport_fastrtps_c.dir/rosidl_typesupport_fastrtps_c/ngc_interfaces/msg/detail/nu__type_support_c.cpp.o[0m
[19.098s] [ 55%] [32mBuilding CXX object CMakeFiles/ngc_interfaces__rosidl_typesupport_cpp.dir/rosidl_typesupport_cpp/ngc_interfaces/msg/wind__type_support.cpp.o[0m
[19.578s] gmake[2]: advarsel: Der blev registreret en uoverensstemmelse i urets tid. Din kompilering kan være ufuldstændig.
[19.585s] gmake[2]: Advarsel: Filen "CMakeFiles/ngc_interfaces__rosidl_typesupport_fastrtps_cpp.dir/flags.make" har modifikationstidspunkt 7,5 s i fremtiden
[19.614s] [ 56%] [32mBuilding CXX object CMakeFiles/ngc_interfaces__rosidl_typesupport_fastrtps_cpp.dir/rosidl_typesupport_fastrtps_cpp/ngc_interfaces/msg/detail/dds_fastrtps/eta__type_support.cpp.o[0m
[19.679s] gmake[2]: advarsel: Der blev registreret en uoverensstemmelse i urets tid. Din kompilering kan være ufuldstændig.
[19.686s] gmake[2]: Advarsel: Filen "CMakeFiles/ngc_interfaces__rosidl_typesupport_introspection_cpp.dir/flags.make" har modifikationstidspunkt 7,4 s i fremtiden
[19.703s] [ 57%] [32mBuilding CXX object CMakeFiles/ngc_interfaces__rosidl_typesupport_fastrtps_c.dir/rosidl_typesupport_fastrtps_c/ngc_interfaces/msg/detail/nu_dot__type_support_c.cpp.o[0m
[19.785s] [ 58%] [32mBuilding CXX object CMakeFiles/ngc_interfaces__rosidl_typesupport_cpp.dir/rosidl_typesupport_cpp/ngc_interfaces/msg/thruster_signals__type_support.cpp.o[0m
[19.916s] [ 59%] [32mBuilding CXX object CMakeFiles/ngc_interfaces__rosidl_typesupport_introspection_cpp.dir/rosidl_typesupport_introspection_cpp/ngc_interfaces/msg/detail/eta__type_support.cpp.o[0m
[20.412s] [ 60%] [32mBuilding CXX object CMakeFiles/ngc_interfaces__rosidl_typesupport_cpp.dir/rosidl_typesupport_cpp/ngc_interfaces/msg/gnss__type_support.cpp.o[0m
[20.518s] [ 61%] [32mBuilding CXX object CMakeFiles/ngc_interfaces__rosidl_typesupport_introspection_cpp.dir/rosidl_typesupport_introspection_cpp/ngc_interfaces/msg/detail/nu__type_support.cpp.o[0m
[20.636s] [ 62%] [32mBuilding CXX object CMakeFiles/ngc_interfaces__rosidl_typesupport_fastrtps_c.dir/rosidl_typesupport_fastrtps_c/ngc_interfaces/msg/detail/tau__type_support_c.cpp.o[0m
[20.841s] [ 63%] [32mBuilding CXX object CMakeFiles/ngc_interfaces__rosidl_typesupport_fastrtps_cpp.dir/rosidl_typesupport_fastrtps_cpp/ngc_interfaces/msg/detail/dds_fastrtps/nu__type_support.cpp.o[0m
[21.088s] [ 64%] [32mBuilding CXX object CMakeFiles/ngc_interfaces__rosidl_typesupport_cpp.dir/rosidl_typesupport_cpp/ngc_interfaces/msg/heading_device__type_support.cpp.o[0m
[21.252s] [ 65%] [32mBuilding CXX object CMakeFiles/ngc_interfaces__rosidl_typesupport_introspection_cpp.dir/rosidl_typesupport_introspection_cpp/ngc_interfaces/msg/detail/nu_dot__type_support.cpp.o[0m
[21.761s] [ 66%] [32mBuilding CXX object CMakeFiles/ngc_interfaces__rosidl_typesupport_fastrtps_c.dir/rosidl_typesupport_fastrtps_c/ngc_interfaces/msg/detail/wind__type_support_c.cpp.o[0m
[22.049s] [ 67%] [32mBuilding CXX object CMakeFiles/ngc_interfaces__rosidl_typesupport_fastrtps_cpp.dir/rosidl_typesupport_fastrtps_cpp/ngc_interfaces/msg/detail/dds_fastrtps/nu_dot__type_support.cpp.o[0m
[22.134s] [ 68%] [32m[1mLinking CXX shared library libngc_interfaces__rosidl_typesupport_cpp.so[0m
[22.175s] [ 69%] [32mBuilding CXX object CMakeFiles/ngc_interfaces__rosidl_typesupport_introspection_cpp.dir/rosidl_typesupport_introspection_cpp/ngc_interfaces/msg/detail/tau__type_support.cpp.o[0m
[22.296s] gmake[2]: advarsel: Der blev registreret en uoverensstemmelse i urets tid. Din kompilering kan være ufuldstændig.
[22.324s] [ 69%] Built target ngc_interfaces__rosidl_typesupport_cpp
[22.363s] [ 70%] [32mBuilding CXX object CMakeFiles/ngc_interfaces__rosidl_typesupport_fastrtps_c.dir/rosidl_typesupport_fastrtps_c/ngc_interfaces/msg/detail/thruster_signals__type_support_c.cpp.o[0m
[22.837s] [ 71%] [32mBuilding CXX object CMakeFiles/ngc_interfaces__rosidl_typesupport_fastrtps_c.dir/rosidl_typesupport_fastrtps_c/ngc_interfaces/msg/detail/gnss__type_support_c.cpp.o[0m
[22.883s] [ 72%] [32mBuilding CXX object CMakeFiles/ngc_interfaces__rosidl_typesupport_introspection_cpp.dir/rosidl_typesupport_introspection_cpp/ngc_interfaces/msg/detail/wind__type_support.cpp.o[0m
[23.269s] [ 73%] [32mBuilding CXX object CMakeFiles/ngc_interfaces__rosidl_typesupport_fastrtps_cpp.dir/rosidl_typesupport_fastrtps_cpp/ngc_interfaces/msg/detail/dds_fastrtps/tau__type_support.cpp.o[0m
[23.352s] [ 74%] [32mBuilding CXX object CMakeFiles/ngc_interfaces__rosidl_typesupport_fastrtps_c.dir/rosidl_typesupport_fastrtps_c/ngc_interfaces/msg/detail/heading_device__type_support_c.cpp.o[0m
[23.558s] [ 75%] [32mBuilding CXX object CMakeFiles/ngc_interfaces__rosidl_typesupport_introspection_cpp.dir/rosidl_typesupport_introspection_cpp/ngc_interfaces/msg/detail/thruster_signals__type_support.cpp.o[0m
[23.789s] [ 76%] [32mBuilding CXX object CMakeFiles/ngc_interfaces__rosidl_typesupport_introspection_cpp.dir/rosidl_typesupport_introspection_cpp/ngc_interfaces/msg/detail/gnss__type_support.cpp.o[0m
[24.166s] [ 77%] [32mBuilding CXX object CMakeFiles/ngc_interfaces__rosidl_typesupport_fastrtps_cpp.dir/rosidl_typesupport_fastrtps_cpp/ngc_interfaces/msg/detail/dds_fastrtps/wind__type_support.cpp.o[0m
[24.207s] [ 78%] [32m[1mLinking CXX shared library libngc_interfaces__rosidl_typesupport_fastrtps_c.so[0m
[24.323s] gmake[2]: advarsel: Der blev registreret en uoverensstemmelse i urets tid. Din kompilering kan være ufuldstændig.
[24.324s] [ 79%] [32mBuilding CXX object CMakeFiles/ngc_interfaces__rosidl_typesupport_fastrtps_cpp.dir/rosidl_typesupport_fastrtps_cpp/ngc_interfaces/msg/detail/dds_fastrtps/thruster_signals__type_support.cpp.o[0m
[24.356s] [ 79%] Built target ngc_interfaces__rosidl_typesupport_fastrtps_c
[24.387s] [ 80%] [32mBuilding CXX object CMakeFiles/ngc_interfaces__rosidl_typesupport_introspection_cpp.dir/rosidl_typesupport_introspection_cpp/ngc_interfaces/msg/detail/heading_device__type_support.cpp.o[0m
[24.456s] [ 81%] [32mBuilding CXX object CMakeFiles/ngc_interfaces__rosidl_typesupport_fastrtps_cpp.dir/rosidl_typesupport_fastrtps_cpp/ngc_interfaces/msg/detail/dds_fastrtps/gnss__type_support.cpp.o[0m
[24.999s] [ 82%] [32m[1mLinking CXX shared library libngc_interfaces__rosidl_typesupport_introspection_cpp.so[0m
[25.093s] [ 83%] [32mBuilding CXX object CMakeFiles/ngc_interfaces__rosidl_typesupport_fastrtps_cpp.dir/rosidl_typesupport_fastrtps_cpp/ngc_interfaces/msg/detail/dds_fastrtps/heading_device__type_support.cpp.o[0m
[25.103s] gmake[2]: advarsel: Der blev registreret en uoverensstemmelse i urets tid. Din kompilering kan være ufuldstændig.
[25.142s] [ 83%] Built target ngc_interfaces__rosidl_typesupport_introspection_cpp
[25.815s] [ 84%] [32m[1mLinking CXX shared library libngc_interfaces__rosidl_typesupport_fastrtps_cpp.so[0m
[25.917s] gmake[2]: advarsel: Der blev registreret en uoverensstemmelse i urets tid. Din kompilering kan være ufuldstændig.
[25.939s] [ 84%] Built target ngc_interfaces__rosidl_typesupport_fastrtps_cpp
[25.943s] gmake[2]: Advarsel: Filen "CMakeFiles/ngc_interfaces.dir/progress.make" har modifikationstidspunkt 2,2 s i fremtiden
[25.961s] gmake[2]: advarsel: Der blev registreret en uoverensstemmelse i urets tid. Din kompilering kan være ufuldstændig.
[25.966s] gmake[2]: Advarsel: Filen "CMakeFiles/ngc_interfaces.dir/progress.make" har modifikationstidspunkt 2,2 s i fremtiden
[25.967s] gmake[2]: advarsel: Der blev registreret en uoverensstemmelse i urets tid. Din kompilering kan være ufuldstændig.
[25.988s] [ 84%] Built target ngc_interfaces
[25.997s] gmake[2]: Advarsel: Filen "/home/alfred/shared_mac/Mekatronikk3/src/build/ngc_interfaces/ngc_interfaces__py/CMakeFiles/ngc_interfaces__py.dir/progress.make" har modifikationstidspunkt 2,1 s i fremtiden
[26.011s] gmake[2]: advarsel: Der blev registreret en uoverensstemmelse i urets tid. Din kompilering kan være ufuldstændig.
[26.015s] gmake[2]: Advarsel: Filen "/home/alfred/shared_mac/Mekatronikk3/src/build/ngc_interfaces/ngc_interfaces__py/CMakeFiles/ngc_interfaces__py.dir/progress.make" har modifikationstidspunkt 2,1 s i fremtiden
[26.030s] [ 85%] [34m[1mGenerating Python code for ROS interfaces[0m
[27.484s] gmake[2]: advarsel: Der blev registreret en uoverensstemmelse i urets tid. Din kompilering kan være ufuldstændig.
[27.500s] [ 85%] Built target ngc_interfaces__py
[27.507s] gmake[2]: Advarsel: Filen "CMakeFiles/ngc_interfaces__rosidl_generator_py.dir/progress.make" har modifikationstidspunkt 0,62 s i fremtiden
[27.530s] gmake[2]: advarsel: Der blev registreret en uoverensstemmelse i urets tid. Din kompilering kan være ufuldstændig.
[27.537s] gmake[2]: Advarsel: Filen "CMakeFiles/ngc_interfaces__rosidl_generator_py.dir/progress.make" har modifikationstidspunkt 0,6 s i fremtiden
[27.560s] [ 88%] [32mBuilding C object CMakeFiles/ngc_interfaces__rosidl_generator_py.dir/rosidl_generator_py/ngc_interfaces/msg/_eta_s.c.o[0m
[27.564s] [ 88%] [32mBuilding C object CMakeFiles/ngc_interfaces__rosidl_generator_py.dir/rosidl_generator_py/ngc_interfaces/msg/_nu_s.c.o[0m
[27.567s] [ 88%] [32mBuilding C object CMakeFiles/ngc_interfaces__rosidl_generator_py.dir/rosidl_generator_py/ngc_interfaces/msg/_tau_s.c.o[0m
[27.568s] [ 89%] [32mBuilding C object CMakeFiles/ngc_interfaces__rosidl_generator_py.dir/rosidl_generator_py/ngc_interfaces/msg/_nu_dot_s.c.o[0m
[27.890s] [ 90%] [32mBuilding C object CMakeFiles/ngc_interfaces__rosidl_generator_py.dir/rosidl_generator_py/ngc_interfaces/msg/_wind_s.c.o[0m
[27.907s] [ 91%] [32mBuilding C object CMakeFiles/ngc_interfaces__rosidl_generator_py.dir/rosidl_generator_py/ngc_interfaces/msg/_thruster_signals_s.c.o[0m
[27.922s] [ 92%] [32mBuilding C object CMakeFiles/ngc_interfaces__rosidl_generator_py.dir/rosidl_generator_py/ngc_interfaces/msg/_gnss_s.c.o[0m
[27.953s] [ 93%] [32mBuilding C object CMakeFiles/ngc_interfaces__rosidl_generator_py.dir/rosidl_generator_py/ngc_interfaces/msg/_heading_device_s.c.o[0m
[28.250s] [ 94%] [32m[1mLinking C shared library libngc_interfaces__rosidl_generator_py.so[0m
[28.344s] gmake[2]: advarsel: Der blev registreret en uoverensstemmelse i urets tid. Din kompilering kan være ufuldstændig.
[28.368s] [ 94%] Built target ngc_interfaces__rosidl_generator_py
[28.427s] gmake[2]: Advarsel: Filen "rosidl_generator_py/ngc_interfaces/_ngc_interfaces_s.ep.rosidl_typesupport_fastrtps_c.c" har modifikationstidspunkt 16 s i fremtiden
[28.431s] gmake[2]: Advarsel: Filen "libngc_interfaces__rosidl_generator_py.so" har modifikationstidspunkt 17 s i fremtiden
[28.434s] gmake[2]: Advarsel: Filen "libngc_interfaces__rosidl_generator_py.so" har modifikationstidspunkt 17 s i fremtiden
[28.450s] [ 96%] [32mBuilding C object CMakeFiles/ngc_interfaces_s__rosidl_typesupport_fastrtps_c.dir/rosidl_generator_py/ngc_interfaces/_ngc_interfaces_s.ep.rosidl_typesupport_fastrtps_c.c.o[0m
[28.451s] [ 96%] [32mBuilding C object CMakeFiles/ngc_interfaces_s__rosidl_typesupport_c.dir/rosidl_generator_py/ngc_interfaces/_ngc_interfaces_s.ep.rosidl_typesupport_c.c.o[0m
[28.456s] [ 97%] [32mBuilding C object CMakeFiles/ngc_interfaces_s__rosidl_typesupport_introspection_c.dir/rosidl_generator_py/ngc_interfaces/_ngc_interfaces_s.ep.rosidl_typesupport_introspection_c.c.o[0m
[28.838s] [ 98%] [32m[1mLinking C shared module rosidl_generator_py/ngc_interfaces/ngc_interfaces_s__rosidl_typesupport_introspection_c.so[0m
[28.854s] [ 99%] [32m[1mLinking C shared module rosidl_generator_py/ngc_interfaces/ngc_interfaces_s__rosidl_typesupport_fastrtps_c.so[0m
[28.878s] [100%] [32m[1mLinking C shared module rosidl_generator_py/ngc_interfaces/ngc_interfaces_s__rosidl_typesupport_c.so[0m
[28.937s] gmake[2]: advarsel: Der blev registreret en uoverensstemmelse i urets tid. Din kompilering kan være ufuldstændig.
[28.944s] gmake[2]: advarsel: Der blev registreret en uoverensstemmelse i urets tid. Din kompilering kan være ufuldstændig.
[28.961s] gmake[2]: advarsel: Der blev registreret en uoverensstemmelse i urets tid. Din kompilering kan være ufuldstændig.
[28.964s] [100%] Built target ngc_interfaces_s__rosidl_typesupport_introspection_c
[28.968s] [100%] Built target ngc_interfaces_s__rosidl_typesupport_fastrtps_c
[28.979s] [100%] Built target ngc_interfaces_s__rosidl_typesupport_c
[28.981s] gmake[1]: advarsel: Der blev registreret en uoverensstemmelse i urets tid. Din kompilering kan være ufuldstændig.
[29.040s] gmake: advarsel: Der blev registreret en uoverensstemmelse i urets tid. Din kompilering kan være ufuldstændig.
[29.044s] Invoked command in '/home/alfred/shared_mac/Mekatronikk3/src/build/ngc_interfaces' returned '0': CMAKE_PREFIX_PATH=${CMAKE_PREFIX_PATH}:/home/alfred/shared_mac/Mekatronikk3/src/install/ngc_hull_sim:/home/alfred/shared_mac/Mekatronikk3/src/install/ngc_utils:/home/alfred/shared_mac/Mekatronikk3/src/install/ngc_sensor_sims:/home/alfred/shared_mac/Mekatronikk3/src/install/ngc_propulsion_sim:/home/alfred/shared_mac/Mekatronikk3/src/install/ngc_hmi:/home/alfred/shared_mac/Mekatronikk3/src/install/kontrolsystem:/opt/ros/jazzy DEBUGINFOD_URLS=https://debuginfod.ubuntu.com /usr/bin/cmake --build /home/alfred/shared_mac/Mekatronikk3/src/build/ngc_interfaces -- -j4 -l4
[29.658s] Invoking command in '/home/alfred/shared_mac/Mekatronikk3/src/build/ngc_interfaces': CMAKE_PREFIX_PATH=${CMAKE_PREFIX_PATH}:/home/alfred/shared_mac/Mekatronikk3/src/install/ngc_hull_sim:/home/alfred/shared_mac/Mekatronikk3/src/install/ngc_utils:/home/alfred/shared_mac/Mekatronikk3/src/install/ngc_sensor_sims:/home/alfred/shared_mac/Mekatronikk3/src/install/ngc_propulsion_sim:/home/alfred/shared_mac/Mekatronikk3/src/install/ngc_hmi:/home/alfred/shared_mac/Mekatronikk3/src/install/kontrolsystem:/opt/ros/jazzy DEBUGINFOD_URLS=https://debuginfod.ubuntu.com /usr/bin/cmake --install /home/alfred/shared_mac/Mekatronikk3/src/build/ngc_interfaces
[29.671s] -- Install configuration: ""
[29.674s] -- Installing: /home/alfred/shared_mac/Mekatronikk3/src/install/ngc_interfaces/share/ament_index/resource_index/rosidl_interfaces/ngc_interfaces
[29.679s] -- Installing: /home/alfred/shared_mac/Mekatronikk3/src/install/ngc_interfaces/share/ngc_interfaces/msg/Eta.json
[29.683s] -- Installing: /home/alfred/shared_mac/Mekatronikk3/src/install/ngc_interfaces/share/ngc_interfaces/msg/Nu.json
[29.687s] -- Installing: /home/alfred/shared_mac/Mekatronikk3/src/install/ngc_interfaces/share/ngc_interfaces/msg/NuDot.json
[29.691s] -- Installing: /home/alfred/shared_mac/Mekatronikk3/src/install/ngc_interfaces/share/ngc_interfaces/msg/Tau.json
[29.694s] -- Installing: /home/alfred/shared_mac/Mekatronikk3/src/install/ngc_interfaces/share/ngc_interfaces/msg/Wind.json
[29.698s] -- Installing: /home/alfred/shared_mac/Mekatronikk3/src/install/ngc_interfaces/share/ngc_interfaces/msg/ThrusterSignals.json
[29.702s] -- Installing: /home/alfred/shared_mac/Mekatronikk3/src/install/ngc_interfaces/share/ngc_interfaces/msg/GNSS.json
[29.706s] -- Installing: /home/alfred/shared_mac/Mekatronikk3/src/install/ngc_interfaces/share/ngc_interfaces/msg/HeadingDevice.json
[29.710s] -- Up-to-date: /home/alfred/shared_mac/Mekatronikk3/src/install/ngc_interfaces/include/ngc_interfaces/ngc_interfaces
[29.712s] -- Up-to-date: /home/alfred/shared_mac/Mekatronikk3/src/install/ngc_interfaces/include/ngc_interfaces/ngc_interfaces/msg
[29.713s] -- Installing: /home/alfred/shared_mac/Mekatronikk3/src/install/ngc_interfaces/include/ngc_interfaces/ngc_interfaces/msg/tau.h
[29.718s] -- Installing: /home/alfred/shared_mac/Mekatronikk3/src/install/ngc_interfaces/include/ngc_interfaces/ngc_interfaces/msg/rosidl_generator_c__visibility_control.h
[29.724s] -- Installing: /home/alfred/shared_mac/Mekatronikk3/src/install/ngc_interfaces/include/ngc_interfaces/ngc_interfaces/msg/eta.h
[29.726s] -- Installing: /home/alfred/shared_mac/Mekatronikk3/src/install/ngc_interfaces/include/ngc_interfaces/ngc_interfaces/msg/heading_device.h
[29.732s] -- Installing: /home/alfred/shared_mac/Mekatronikk3/src/install/ngc_interfaces/include/ngc_interfaces/ngc_interfaces/msg/gnss.h
[29.735s] -- Up-to-date: /home/alfred/shared_mac/Mekatronikk3/src/install/ngc_interfaces/include/ngc_interfaces/ngc_interfaces/msg/detail
[29.737s] -- Installing: /home/alfred/shared_mac/Mekatronikk3/src/install/ngc_interfaces/include/ngc_interfaces/ngc_interfaces/msg/detail/nu__functions.c
[29.741s] -- Installing: /home/alfred/shared_mac/Mekatronikk3/src/install/ngc_interfaces/include/ngc_interfaces/ngc_interfaces/msg/detail/nu__type_support.h
[29.745s] -- Installing: /home/alfred/shared_mac/Mekatronikk3/src/install/ngc_interfaces/include/ngc_interfaces/ngc_interfaces/msg/detail/thruster_signals__functions.c
[29.749s] -- Installing: /home/alfred/shared_mac/Mekatronikk3/src/install/ngc_interfaces/include/ngc_interfaces/ngc_interfaces/msg/detail/tau__struct.h
[29.753s] -- Installing: /home/alfred/shared_mac/Mekatronikk3/src/install/ngc_interfaces/include/ngc_interfaces/ngc_interfaces/msg/detail/wind__description.c
[29.757s] -- Installing: /home/alfred/shared_mac/Mekatronikk3/src/install/ngc_interfaces/include/ngc_interfaces/ngc_interfaces/msg/detail/thruster_signals__type_support.h
[29.763s] -- Installing: /home/alfred/shared_mac/Mekatronikk3/src/install/ngc_interfaces/include/ngc_interfaces/ngc_interfaces/msg/detail/gnss__functions.h
[29.769s] -- Installing: /home/alfred/shared_mac/Mekatronikk3/src/install/ngc_interfaces/include/ngc_interfaces/ngc_interfaces/msg/detail/tau__description.c
[29.773s] -- Installing: /home/alfred/shared_mac/Mekatronikk3/src/install/ngc_interfaces/include/ngc_interfaces/ngc_interfaces/msg/detail/wind__type_support.h
[29.777s] -- Installing: /home/alfred/shared_mac/Mekatronikk3/src/install/ngc_interfaces/include/ngc_interfaces/ngc_interfaces/msg/detail/gnss__type_support.c
[29.781s] -- Installing: /home/alfred/shared_mac/Mekatronikk3/src/install/ngc_interfaces/include/ngc_interfaces/ngc_interfaces/msg/detail/tau__functions.c
[29.785s] -- Installing: /home/alfred/shared_mac/Mekatronikk3/src/install/ngc_interfaces/include/ngc_interfaces/ngc_interfaces/msg/detail/thruster_signals__struct.h
[29.788s] -- Installing: /home/alfred/shared_mac/Mekatronikk3/src/install/ngc_interfaces/include/ngc_interfaces/ngc_interfaces/msg/detail/heading_device__struct.h
[29.792s] -- Installing: /home/alfred/shared_mac/Mekatronikk3/src/install/ngc_interfaces/include/ngc_interfaces/ngc_interfaces/msg/detail/eta__type_support.c
[29.796s] -- Installing: /home/alfred/shared_mac/Mekatronikk3/src/install/ngc_interfaces/include/ngc_interfaces/ngc_interfaces/msg/detail/heading_device__type_support.h
[29.800s] -- Installing: /home/alfred/shared_mac/Mekatronikk3/src/install/ngc_interfaces/include/ngc_interfaces/ngc_interfaces/msg/detail/nu_dot__functions.h
[29.804s] -- Installing: /home/alfred/shared_mac/Mekatronikk3/src/install/ngc_interfaces/include/ngc_interfaces/ngc_interfaces/msg/detail/wind__functions.c
[29.810s] -- Installing: /home/alfred/shared_mac/Mekatronikk3/src/install/ngc_interfaces/include/ngc_interfaces/ngc_interfaces/msg/detail/nu_dot__type_support.h
[29.820s] -- Installing: /home/alfred/shared_mac/Mekatronikk3/src/install/ngc_interfaces/include/ngc_interfaces/ngc_interfaces/msg/detail/gnss__struct.h
[29.826s] -- Installing: /home/alfred/shared_mac/Mekatronikk3/src/install/ngc_interfaces/include/ngc_interfaces/ngc_interfaces/msg/detail/nu__struct.h
[29.831s] -- Installing: /home/alfred/shared_mac/Mekatronikk3/src/install/ngc_interfaces/include/ngc_interfaces/ngc_interfaces/msg/detail/heading_device__functions.h
[29.836s] -- Installing: /home/alfred/shared_mac/Mekatronikk3/src/install/ngc_interfaces/include/ngc_interfaces/ngc_interfaces/msg/detail/eta__functions.h
[29.840s] -- Installing: /home/alfred/shared_mac/Mekatronikk3/src/install/ngc_interfaces/include/ngc_interfaces/ngc_interfaces/msg/detail/wind__struct.h
[29.843s] -- Installing: /home/alfred/shared_mac/Mekatronikk3/src/install/ngc_interfaces/include/ngc_interfaces/ngc_interfaces/msg/detail/tau__type_support.h
[29.847s] -- Installing: /home/alfred/shared_mac/Mekatronikk3/src/install/ngc_interfaces/include/ngc_interfaces/ngc_interfaces/msg/detail/eta__struct.h
[29.851s] -- Installing: /home/alfred/shared_mac/Mekatronikk3/src/install/ngc_interfaces/include/ngc_interfaces/ngc_interfaces/msg/detail/nu_dot__struct.h
[29.854s] -- Installing: /home/alfred/shared_mac/Mekatronikk3/src/install/ngc_interfaces/include/ngc_interfaces/ngc_interfaces/msg/detail/thruster_signals__type_support.c
[29.860s] -- Installing: /home/alfred/shared_mac/Mekatronikk3/src/install/ngc_interfaces/include/ngc_interfaces/ngc_interfaces/msg/detail/nu__functions.h
[29.870s] -- Installing: /home/alfred/shared_mac/Mekatronikk3/src/install/ngc_interfaces/include/ngc_interfaces/ngc_interfaces/msg/detail/thruster_signals__functions.h
[29.874s] -- Installing: /home/alfred/shared_mac/Mekatronikk3/src/install/ngc_interfaces/include/ngc_interfaces/ngc_interfaces/msg/detail/nu__type_support.c
[29.877s] -- Installing: /home/alfred/shared_mac/Mekatronikk3/src/install/ngc_interfaces/include/ngc_interfaces/ngc_interfaces/msg/detail/nu_dot__description.c
[29.881s] -- Installing: /home/alfred/shared_mac/Mekatronikk3/src/install/ngc_interfaces/include/ngc_interfaces/ngc_interfaces/msg/detail/tau__functions.h
[29.884s] -- Installing: /home/alfred/shared_mac/Mekatronikk3/src/install/ngc_interfaces/include/ngc_interfaces/ngc_interfaces/msg/detail/eta__description.c
[29.889s] -- Installing: /home/alfred/shared_mac/Mekatronikk3/src/install/ngc_interfaces/include/ngc_interfaces/ngc_interfaces/msg/detail/gnss__type_support.h
[29.892s] -- Installing: /home/alfred/shared_mac/Mekatronikk3/src/install/ngc_interfaces/include/ngc_interfaces/ngc_interfaces/msg/detail/wind__type_support.c
[29.895s] -- Installing: /home/alfred/shared_mac/Mekatronikk3/src/install/ngc_interfaces/include/ngc_interfaces/ngc_interfaces/msg/detail/gnss__functions.c
[29.899s] -- Installing: /home/alfred/shared_mac/Mekatronikk3/src/install/ngc_interfaces/include/ngc_interfaces/ngc_interfaces/msg/detail/nu_dot__functions.c
[29.903s] -- Installing: /home/alfred/shared_mac/Mekatronikk3/src/install/ngc_interfaces/include/ngc_interfaces/ngc_interfaces/msg/detail/heading_device__type_support.c
[29.907s] -- Installing: /home/alfred/shared_mac/Mekatronikk3/src/install/ngc_interfaces/include/ngc_interfaces/ngc_interfaces/msg/detail/gnss__description.c
[29.914s] -- Installing: /home/alfred/shared_mac/Mekatronikk3/src/install/ngc_interfaces/include/ngc_interfaces/ngc_interfaces/msg/detail/thruster_signals__description.c
[29.922s] -- Installing: /home/alfred/shared_mac/Mekatronikk3/src/install/ngc_interfaces/include/ngc_interfaces/ngc_interfaces/msg/detail/nu__description.c
[29.930s] -- Installing: /home/alfred/shared_mac/Mekatronikk3/src/install/ngc_interfaces/include/ngc_interfaces/ngc_interfaces/msg/detail/eta__type_support.h
[29.933s] -- Installing: /home/alfred/shared_mac/Mekatronikk3/src/install/ngc_interfaces/include/ngc_interfaces/ngc_interfaces/msg/detail/tau__type_support.c
[29.937s] -- Installing: /home/alfred/shared_mac/Mekatronikk3/src/install/ngc_interfaces/include/ngc_interfaces/ngc_interfaces/msg/detail/eta__functions.c
[29.941s] -- Installing: /home/alfred/shared_mac/Mekatronikk3/src/install/ngc_interfaces/include/ngc_interfaces/ngc_interfaces/msg/detail/heading_device__functions.c
[29.945s] -- Installing: /home/alfred/shared_mac/Mekatronikk3/src/install/ngc_interfaces/include/ngc_interfaces/ngc_interfaces/msg/detail/heading_device__description.c
[29.949s] -- Installing: /home/alfred/shared_mac/Mekatronikk3/src/install/ngc_interfaces/include/ngc_interfaces/ngc_interfaces/msg/detail/nu_dot__type_support.c
[29.952s] -- Installing: /home/alfred/shared_mac/Mekatronikk3/src/install/ngc_interfaces/include/ngc_interfaces/ngc_interfaces/msg/detail/wind__functions.h
[29.957s] -- Installing: /home/alfred/shared_mac/Mekatronikk3/src/install/ngc_interfaces/include/ngc_interfaces/ngc_interfaces/msg/thruster_signals.h
[29.965s] -- Installing: /home/alfred/shared_mac/Mekatronikk3/src/install/ngc_interfaces/include/ngc_interfaces/ngc_interfaces/msg/nu_dot.h
[29.971s] -- Installing: /home/alfred/shared_mac/Mekatronikk3/src/install/ngc_interfaces/include/ngc_interfaces/ngc_interfaces/msg/wind.h
[29.974s] -- Installing: /home/alfred/shared_mac/Mekatronikk3/src/install/ngc_interfaces/include/ngc_interfaces/ngc_interfaces/msg/nu.h
[29.979s] -- Installing: /home/alfred/shared_mac/Mekatronikk3/src/install/ngc_interfaces/share/ngc_interfaces/environment/library_path.sh
[29.982s] -- Installing: /home/alfred/shared_mac/Mekatronikk3/src/install/ngc_interfaces/share/ngc_interfaces/environment/library_path.dsv
[29.986s] -- Installing: /home/alfred/shared_mac/Mekatronikk3/src/install/ngc_interfaces/lib/libngc_interfaces__rosidl_generator_c.so
[29.998s] -- Set non-toolchain portion of runtime path of "/home/alfred/shared_mac/Mekatronikk3/src/install/ngc_interfaces/lib/libngc_interfaces__rosidl_generator_c.so" to ""
[29.999s] -- Up-to-date: /home/alfred/shared_mac/Mekatronikk3/src/install/ngc_interfaces/include/ngc_interfaces/ngc_interfaces
[30.000s] -- Up-to-date: /home/alfred/shared_mac/Mekatronikk3/src/install/ngc_interfaces/include/ngc_interfaces/ngc_interfaces/msg
[30.002s] -- Up-to-date: /home/alfred/shared_mac/Mekatronikk3/src/install/ngc_interfaces/include/ngc_interfaces/ngc_interfaces/msg/detail
[30.003s] -- Installing: /home/alfred/shared_mac/Mekatronikk3/src/install/ngc_interfaces/include/ngc_interfaces/ngc_interfaces/msg/detail/heading_device__rosidl_typesupport_fastrtps_c.h
[30.008s] -- Installing: /home/alfred/shared_mac/Mekatronikk3/src/install/ngc_interfaces/include/ngc_interfaces/ngc_interfaces/msg/detail/gnss__rosidl_typesupport_fastrtps_c.h
[30.014s] -- Installing: /home/alfred/shared_mac/Mekatronikk3/src/install/ngc_interfaces/include/ngc_interfaces/ngc_interfaces/msg/detail/tau__rosidl_typesupport_fastrtps_c.h
[30.021s] -- Installing: /home/alfred/shared_mac/Mekatronikk3/src/install/ngc_interfaces/include/ngc_interfaces/ngc_interfaces/msg/detail/nu__rosidl_typesupport_fastrtps_c.h
[30.028s] -- Installing: /home/alfred/shared_mac/Mekatronikk3/src/install/ngc_interfaces/include/ngc_interfaces/ngc_interfaces/msg/detail/wind__rosidl_typesupport_fastrtps_c.h
[30.029s] -- Installing: /home/alfred/shared_mac/Mekatronikk3/src/install/ngc_interfaces/include/ngc_interfaces/ngc_interfaces/msg/detail/thruster_signals__rosidl_typesupport_fastrtps_c.h
[30.034s] -- Installing: /home/alfred/shared_mac/Mekatronikk3/src/install/ngc_interfaces/include/ngc_interfaces/ngc_interfaces/msg/detail/eta__rosidl_typesupport_fastrtps_c.h
[30.038s] -- Installing: /home/alfred/shared_mac/Mekatronikk3/src/install/ngc_interfaces/include/ngc_interfaces/ngc_interfaces/msg/detail/nu_dot__rosidl_typesupport_fastrtps_c.h
[30.041s] -- Installing: /home/alfred/shared_mac/Mekatronikk3/src/install/ngc_interfaces/include/ngc_interfaces/ngc_interfaces/msg/rosidl_typesupport_fastrtps_c__visibility_control.h
[30.045s] -- Installing: /home/alfred/shared_mac/Mekatronikk3/src/install/ngc_interfaces/lib/libngc_interfaces__rosidl_typesupport_fastrtps_c.so
[30.070s] -- Set non-toolchain portion of runtime path of "/home/alfred/shared_mac/Mekatronikk3/src/install/ngc_interfaces/lib/libngc_interfaces__rosidl_typesupport_fastrtps_c.so" to ""
[30.071s] -- Up-to-date: /home/alfred/shared_mac/Mekatronikk3/src/install/ngc_interfaces/include/ngc_interfaces/ngc_interfaces
[30.072s] -- Up-to-date: /home/alfred/shared_mac/Mekatronikk3/src/install/ngc_interfaces/include/ngc_interfaces/ngc_interfaces/msg
[30.073s] -- Up-to-date: /home/alfred/shared_mac/Mekatronikk3/src/install/ngc_interfaces/include/ngc_interfaces/ngc_interfaces/msg/detail
[30.075s] -- Installing: /home/alfred/shared_mac/Mekatronikk3/src/install/ngc_interfaces/include/ngc_interfaces/ngc_interfaces/msg/detail/eta__rosidl_typesupport_introspection_c.h
[30.079s] -- Installing: /home/alfred/shared_mac/Mekatronikk3/src/install/ngc_interfaces/include/ngc_interfaces/ngc_interfaces/msg/detail/nu__rosidl_typesupport_introspection_c.h
[30.083s] -- Installing: /home/alfred/shared_mac/Mekatronikk3/src/install/ngc_interfaces/include/ngc_interfaces/ngc_interfaces/msg/detail/gnss__type_support.c
[30.087s] -- Installing: /home/alfred/shared_mac/Mekatronikk3/src/install/ngc_interfaces/include/ngc_interfaces/ngc_interfaces/msg/detail/wind__rosidl_typesupport_introspection_c.h
[30.091s] -- Installing: /home/alfred/shared_mac/Mekatronikk3/src/install/ngc_interfaces/include/ngc_interfaces/ngc_interfaces/msg/detail/eta__type_support.c
[30.095s] -- Installing: /home/alfred/shared_mac/Mekatronikk3/src/install/ngc_interfaces/include/ngc_interfaces/ngc_interfaces/msg/detail/tau__rosidl_typesupport_introspection_c.h
[30.099s] -- Installing: /home/alfred/shared_mac/Mekatronikk3/src/install/ngc_interfaces/include/ngc_interfaces/ngc_interfaces/msg/detail/gnss__rosidl_typesupport_introspection_c.h
[30.103s] -- Installing: /home/alfred/shared_mac/Mekatronikk3/src/install/ngc_interfaces/include/ngc_interfaces/ngc_interfaces/msg/detail/thruster_signals__type_support.c
[30.107s] -- Installing: /home/alfred/shared_mac/Mekatronikk3/src/install/ngc_interfaces/include/ngc_interfaces/ngc_interfaces/msg/detail/nu__type_support.c
[30.114s] -- Installing: /home/alfred/shared_mac/Mekatronikk3/src/install/ngc_interfaces/include/ngc_interfaces/ngc_interfaces/msg/detail/heading_device__rosidl_typesupport_introspection_c.h
[30.119s] -- Installing: /home/alfred/shared_mac/Mekatronikk3/src/install/ngc_interfaces/include/ngc_interfaces/ngc_interfaces/msg/detail/wind__type_support.c
[30.126s] -- Installing: /home/alfred/shared_mac/Mekatronikk3/src/install/ngc_interfaces/include/ngc_interfaces/ngc_interfaces/msg/detail/heading_device__type_support.c
[30.128s] -- Installing: /home/alfred/shared_mac/Mekatronikk3/src/install/ngc_interfaces/include/ngc_interfaces/ngc_interfaces/msg/detail/thruster_signals__rosidl_typesupport_introspection_c.h
[30.134s] -- Installing: /home/alfred/shared_mac/Mekatronikk3/src/install/ngc_interfaces/include/ngc_interfaces/ngc_interfaces/msg/detail/tau__type_support.c
[30.138s] -- Installing: /home/alfred/shared_mac/Mekatronikk3/src/install/ngc_interfaces/include/ngc_interfaces/ngc_interfaces/msg/detail/nu_dot__rosidl_typesupport_introspection_c.h
[30.141s] -- Installing: /home/alfred/shared_mac/Mekatronikk3/src/install/ngc_interfaces/include/ngc_interfaces/ngc_interfaces/msg/detail/nu_dot__type_support.c
[30.145s] -- Installing: /home/alfred/shared_mac/Mekatronikk3/src/install/ngc_interfaces/include/ngc_interfaces/ngc_interfaces/msg/rosidl_typesupport_introspection_c__visibility_control.h
[30.149s] -- Installing: /home/alfred/shared_mac/Mekatronikk3/src/install/ngc_interfaces/lib/libngc_interfaces__rosidl_typesupport_introspection_c.so
[30.164s] -- Set non-toolchain portion of runtime path of "/home/alfred/shared_mac/Mekatronikk3/src/install/ngc_interfaces/lib/libngc_interfaces__rosidl_typesupport_introspection_c.so" to ""
[30.165s] -- Installing: /home/alfred/shared_mac/Mekatronikk3/src/install/ngc_interfaces/lib/libngc_interfaces__rosidl_typesupport_c.so
[30.175s] -- Set non-toolchain portion of runtime path of "/home/alfred/shared_mac/Mekatronikk3/src/install/ngc_interfaces/lib/libngc_interfaces__rosidl_typesupport_c.so" to ""
[30.176s] -- Up-to-date: /home/alfred/shared_mac/Mekatronikk3/src/install/ngc_interfaces/include/ngc_interfaces/ngc_interfaces
[30.177s] -- Up-to-date: /home/alfred/shared_mac/Mekatronikk3/src/install/ngc_interfaces/include/ngc_interfaces/ngc_interfaces/msg
[30.178s] -- Installing: /home/alfred/shared_mac/Mekatronikk3/src/install/ngc_interfaces/include/ngc_interfaces/ngc_interfaces/msg/heading_device.hpp
[30.182s] -- Installing: /home/alfred/shared_mac/Mekatronikk3/src/install/ngc_interfaces/include/ngc_interfaces/ngc_interfaces/msg/thruster_signals.hpp
[30.185s] -- Installing: /home/alfred/shared_mac/Mekatronikk3/src/install/ngc_interfaces/include/ngc_interfaces/ngc_interfaces/msg/nu_dot.hpp
[30.190s] -- Installing: /home/alfred/shared_mac/Mekatronikk3/src/install/ngc_interfaces/include/ngc_interfaces/ngc_interfaces/msg/wind.hpp
[30.194s] -- Installing: /home/alfred/shared_mac/Mekatronikk3/src/install/ngc_interfaces/include/ngc_interfaces/ngc_interfaces/msg/tau.hpp
[30.198s] -- Up-to-date: /home/alfred/shared_mac/Mekatronikk3/src/install/ngc_interfaces/include/ngc_interfaces/ngc_interfaces/msg/detail
[30.199s] -- Installing: /home/alfred/shared_mac/Mekatronikk3/src/install/ngc_interfaces/include/ngc_interfaces/ngc_interfaces/msg/detail/wind__builder.hpp
[30.203s] -- Installing: /home/alfred/shared_mac/Mekatronikk3/src/install/ngc_interfaces/include/ngc_interfaces/ngc_interfaces/msg/detail/tau__type_support.hpp
[30.208s] -- Installing: /home/alfred/shared_mac/Mekatronikk3/src/install/ngc_interfaces/include/ngc_interfaces/ngc_interfaces/msg/detail/nu__type_support.hpp
[30.214s] -- Installing: /home/alfred/shared_mac/Mekatronikk3/src/install/ngc_interfaces/include/ngc_interfaces/ngc_interfaces/msg/detail/thruster_signals__traits.hpp
[30.220s] -- Installing: /home/alfred/shared_mac/Mekatronikk3/src/install/ngc_interfaces/include/ngc_interfaces/ngc_interfaces/msg/detail/gnss__struct.hpp
[30.226s] -- Installing: /home/alfred/shared_mac/Mekatronikk3/src/install/ngc_interfaces/include/ngc_interfaces/ngc_interfaces/msg/detail/nu__struct.hpp
[30.231s] -- Installing: /home/alfred/shared_mac/Mekatronikk3/src/install/ngc_interfaces/include/ngc_interfaces/ngc_interfaces/msg/detail/heading_device__struct.hpp
[30.236s] -- Installing: /home/alfred/shared_mac/Mekatronikk3/src/install/ngc_interfaces/include/ngc_interfaces/ngc_interfaces/msg/detail/thruster_signals__type_support.hpp
[30.239s] -- Installing: /home/alfred/shared_mac/Mekatronikk3/src/install/ngc_interfaces/include/ngc_interfaces/ngc_interfaces/msg/detail/nu_dot__type_support.hpp
[30.242s] -- Installing: /home/alfred/shared_mac/Mekatronikk3/src/install/ngc_interfaces/include/ngc_interfaces/ngc_interfaces/msg/detail/eta__type_support.hpp
[30.246s] -- Installing: /home/alfred/shared_mac/Mekatronikk3/src/install/ngc_interfaces/include/ngc_interfaces/ngc_interfaces/msg/detail/wind__traits.hpp
[30.250s] -- Installing: /home/alfred/shared_mac/Mekatronikk3/src/install/ngc_interfaces/include/ngc_interfaces/ngc_interfaces/msg/detail/tau__builder.hpp
[30.253s] -- Installing: /home/alfred/shared_mac/Mekatronikk3/src/install/ngc_interfaces/include/ngc_interfaces/ngc_interfaces/msg/detail/eta__struct.hpp
[30.259s] -- Installing: /home/alfred/shared_mac/Mekatronikk3/src/install/ngc_interfaces/include/ngc_interfaces/ngc_interfaces/msg/detail/nu_dot__struct.hpp
[30.265s] -- Installing: /home/alfred/shared_mac/Mekatronikk3/src/install/ngc_interfaces/include/ngc_interfaces/ngc_interfaces/msg/detail/tau__traits.hpp
[30.269s] -- Installing: /home/alfred/shared_mac/Mekatronikk3/src/install/ngc_interfaces/include/ngc_interfaces/ngc_interfaces/msg/detail/thruster_signals__builder.hpp
[30.273s] -- Installing: /home/alfred/shared_mac/Mekatronikk3/src/install/ngc_interfaces/include/ngc_interfaces/ngc_interfaces/msg/detail/nu__builder.hpp
[30.277s] -- Installing: /home/alfred/shared_mac/Mekatronikk3/src/install/ngc_interfaces/include/ngc_interfaces/ngc_interfaces/msg/detail/nu__traits.hpp
[30.280s] -- Installing: /home/alfred/shared_mac/Mekatronikk3/src/install/ngc_interfaces/include/ngc_interfaces/ngc_interfaces/msg/detail/gnss__traits.hpp
[30.283s] -- Installing: /home/alfred/shared_mac/Mekatronikk3/src/install/ngc_interfaces/include/ngc_interfaces/ngc_interfaces/msg/detail/heading_device__builder.hpp
[30.287s] -- Installing: /home/alfred/shared_mac/Mekatronikk3/src/install/ngc_interfaces/include/ngc_interfaces/ngc_interfaces/msg/detail/eta__builder.hpp
[30.291s] -- Installing: /home/alfred/shared_mac/Mekatronikk3/src/install/ngc_interfaces/include/ngc_interfaces/ngc_interfaces/msg/detail/thruster_signals__struct.hpp
[30.295s] -- Installing: /home/alfred/shared_mac/Mekatronikk3/src/install/ngc_interfaces/include/ngc_interfaces/ngc_interfaces/msg/detail/wind__type_support.hpp
[30.299s] -- Installing: /home/alfred/shared_mac/Mekatronikk3/src/install/ngc_interfaces/include/ngc_interfaces/ngc_interfaces/msg/detail/nu_dot__builder.hpp
[30.302s] -- Installing: /home/alfred/shared_mac/Mekatronikk3/src/install/ngc_interfaces/include/ngc_interfaces/ngc_interfaces/msg/detail/heading_device__traits.hpp
[30.306s] -- Installing: /home/alfred/shared_mac/Mekatronikk3/src/install/ngc_interfaces/include/ngc_interfaces/ngc_interfaces/msg/detail/gnss__type_support.hpp
[30.312s] -- Installing: /home/alfred/shared_mac/Mekatronikk3/src/install/ngc_interfaces/include/ngc_interfaces/ngc_interfaces/msg/detail/eta__traits.hpp
[30.318s] -- Installing: /home/alfred/shared_mac/Mekatronikk3/src/install/ngc_interfaces/include/ngc_interfaces/ngc_interfaces/msg/detail/nu_dot__traits.hpp
[30.322s] -- Installing: /home/alfred/shared_mac/Mekatronikk3/src/install/ngc_interfaces/include/ngc_interfaces/ngc_interfaces/msg/detail/heading_device__type_support.hpp
[30.330s] -- Installing: /home/alfred/shared_mac/Mekatronikk3/src/install/ngc_interfaces/include/ngc_interfaces/ngc_interfaces/msg/detail/wind__struct.hpp
[30.335s] -- Installing: /home/alfred/shared_mac/Mekatronikk3/src/install/ngc_interfaces/include/ngc_interfaces/ngc_interfaces/msg/detail/gnss__builder.hpp
[30.338s] -- Installing: /home/alfred/shared_mac/Mekatronikk3/src/install/ngc_interfaces/include/ngc_interfaces/ngc_interfaces/msg/detail/tau__struct.hpp
[30.342s] -- Installing: /home/alfred/shared_mac/Mekatronikk3/src/install/ngc_interfaces/include/ngc_interfaces/ngc_interfaces/msg/rosidl_generator_cpp__visibility_control.hpp
[30.346s] -- Installing: /home/alfred/shared_mac/Mekatronikk3/src/install/ngc_interfaces/include/ngc_interfaces/ngc_interfaces/msg/eta.hpp
[30.349s] -- Installing: /home/alfred/shared_mac/Mekatronikk3/src/install/ngc_interfaces/include/ngc_interfaces/ngc_interfaces/msg/nu.hpp
[30.353s] -- Installing: /home/alfred/shared_mac/Mekatronikk3/src/install/ngc_interfaces/include/ngc_interfaces/ngc_interfaces/msg/gnss.hpp
[30.357s] -- Up-to-date: /home/alfred/shared_mac/Mekatronikk3/src/install/ngc_interfaces/include/ngc_interfaces/ngc_interfaces
[30.359s] -- Up-to-date: /home/alfred/shared_mac/Mekatronikk3/src/install/ngc_interfaces/include/ngc_interfaces/ngc_interfaces/msg
[30.361s] -- Installing: /home/alfred/shared_mac/Mekatronikk3/src/install/ngc_interfaces/include/ngc_interfaces/ngc_interfaces/msg/rosidl_typesupport_fastrtps_cpp__visibility_control.h
[30.367s] -- Up-to-date: /home/alfred/shared_mac/Mekatronikk3/src/install/ngc_interfaces/include/ngc_interfaces/ngc_interfaces/msg/detail
[30.369s] -- Installing: /home/alfred/shared_mac/Mekatronikk3/src/install/ngc_interfaces/include/ngc_interfaces/ngc_interfaces/msg/detail/wind__rosidl_typesupport_fastrtps_cpp.hpp
[30.373s] -- Installing: /home/alfred/shared_mac/Mekatronikk3/src/install/ngc_interfaces/include/ngc_interfaces/ngc_interfaces/msg/detail/nu__rosidl_typesupport_fastrtps_cpp.hpp
[30.377s] -- Installing: /home/alfred/shared_mac/Mekatronikk3/src/install/ngc_interfaces/include/ngc_interfaces/ngc_interfaces/msg/detail/heading_device__rosidl_typesupport_fastrtps_cpp.hpp
[30.379s] -- Installing: /home/alfred/shared_mac/Mekatronikk3/src/install/ngc_interfaces/include/ngc_interfaces/ngc_interfaces/msg/detail/nu_dot__rosidl_typesupport_fastrtps_cpp.hpp
[30.384s] -- Installing: /home/alfred/shared_mac/Mekatronikk3/src/install/ngc_interfaces/include/ngc_interfaces/ngc_interfaces/msg/detail/eta__rosidl_typesupport_fastrtps_cpp.hpp
[30.388s] -- Installing: /home/alfred/shared_mac/Mekatronikk3/src/install/ngc_interfaces/include/ngc_interfaces/ngc_interfaces/msg/detail/thruster_signals__rosidl_typesupport_fastrtps_cpp.hpp
[30.390s] -- Up-to-date: /home/alfred/shared_mac/Mekatronikk3/src/install/ngc_interfaces/include/ngc_interfaces/ngc_interfaces/msg/detail/dds_fastrtps
[30.392s] -- Installing: /home/alfred/shared_mac/Mekatronikk3/src/install/ngc_interfaces/include/ngc_interfaces/ngc_interfaces/msg/detail/tau__rosidl_typesupport_fastrtps_cpp.hpp
[30.396s] -- Installing: /home/alfred/shared_mac/Mekatronikk3/src/install/ngc_interfaces/include/ngc_interfaces/ngc_interfaces/msg/detail/gnss__rosidl_typesupport_fastrtps_cpp.hpp
[30.399s] -- Installing: /home/alfred/shared_mac/Mekatronikk3/src/install/ngc_interfaces/lib/libngc_interfaces__rosidl_typesupport_fastrtps_cpp.so
[30.419s] -- Set non-toolchain portion of runtime path of "/home/alfred/shared_mac/Mekatronikk3/src/install/ngc_interfaces/lib/libngc_interfaces__rosidl_typesupport_fastrtps_cpp.so" to ""
[30.421s] -- Up-to-date: /home/alfred/shared_mac/Mekatronikk3/src/install/ngc_interfaces/include/ngc_interfaces/ngc_interfaces
[30.422s] -- Up-to-date: /home/alfred/shared_mac/Mekatronikk3/src/install/ngc_interfaces/include/ngc_interfaces/ngc_interfaces/msg
[30.423s] -- Up-to-date: /home/alfred/shared_mac/Mekatronikk3/src/install/ngc_interfaces/include/ngc_interfaces/ngc_interfaces/msg/detail
[30.425s] -- Installing: /home/alfred/shared_mac/Mekatronikk3/src/install/ngc_interfaces/include/ngc_interfaces/ngc_interfaces/msg/detail/gnss__rosidl_typesupport_introspection_cpp.hpp
[30.434s] -- Installing: /home/alfred/shared_mac/Mekatronikk3/src/install/ngc_interfaces/include/ngc_interfaces/ngc_interfaces/msg/detail/heading_device__type_support.cpp
[30.438s] -- Installing: /home/alfred/shared_mac/Mekatronikk3/src/install/ngc_interfaces/include/ngc_interfaces/ngc_interfaces/msg/detail/eta__rosidl_typesupport_introspection_cpp.hpp
[30.443s] -- Installing: /home/alfred/shared_mac/Mekatronikk3/src/install/ngc_interfaces/include/ngc_interfaces/ngc_interfaces/msg/detail/thruster_signals__rosidl_typesupport_introspection_cpp.hpp
[30.446s] -- Installing: /home/alfred/shared_mac/Mekatronikk3/src/install/ngc_interfaces/include/ngc_interfaces/ngc_interfaces/msg/detail/tau__rosidl_typesupport_introspection_cpp.hpp
[30.449s] -- Installing: /home/alfred/shared_mac/Mekatronikk3/src/install/ngc_interfaces/include/ngc_interfaces/ngc_interfaces/msg/detail/wind__rosidl_typesupport_introspection_cpp.hpp
[30.462s] -- Installing: /home/alfred/shared_mac/Mekatronikk3/src/install/ngc_interfaces/include/ngc_interfaces/ngc_interfaces/msg/detail/wind__type_support.cpp
[30.471s] -- Installing: /home/alfred/shared_mac/Mekatronikk3/src/install/ngc_interfaces/include/ngc_interfaces/ngc_interfaces/msg/detail/nu__rosidl_typesupport_introspection_cpp.hpp
[30.474s] -- Installing: /home/alfred/shared_mac/Mekatronikk3/src/install/ngc_interfaces/include/ngc_interfaces/ngc_interfaces/msg/detail/gnss__type_support.cpp
[30.480s] -- Installing: /home/alfred/shared_mac/Mekatronikk3/src/install/ngc_interfaces/include/ngc_interfaces/ngc_interfaces/msg/detail/nu_dot__type_support.cpp
[30.485s] -- Installing: /home/alfred/shared_mac/Mekatronikk3/src/install/ngc_interfaces/include/ngc_interfaces/ngc_interfaces/msg/detail/eta__type_support.cpp
[30.488s] -- Installing: /home/alfred/shared_mac/Mekatronikk3/src/install/ngc_interfaces/include/ngc_interfaces/ngc_interfaces/msg/detail/heading_device__rosidl_typesupport_introspection_cpp.hpp
[30.492s] -- Installing: /home/alfred/shared_mac/Mekatronikk3/src/install/ngc_interfaces/include/ngc_interfaces/ngc_interfaces/msg/detail/nu__type_support.cpp
[30.496s] -- Installing: /home/alfred/shared_mac/Mekatronikk3/src/install/ngc_interfaces/include/ngc_interfaces/ngc_interfaces/msg/detail/tau__type_support.cpp
[30.499s] -- Installing: /home/alfred/shared_mac/Mekatronikk3/src/install/ngc_interfaces/include/ngc_interfaces/ngc_interfaces/msg/detail/thruster_signals__type_support.cpp
[30.505s] -- Installing: /home/alfred/shared_mac/Mekatronikk3/src/install/ngc_interfaces/include/ngc_interfaces/ngc_interfaces/msg/detail/nu_dot__rosidl_typesupport_introspection_cpp.hpp
[30.510s] -- Installing: /home/alfred/shared_mac/Mekatronikk3/src/install/ngc_interfaces/lib/libngc_interfaces__rosidl_typesupport_introspection_cpp.so
[30.544s] -- Set non-toolchain portion of runtime path of "/home/alfred/shared_mac/Mekatronikk3/src/install/ngc_interfaces/lib/libngc_interfaces__rosidl_typesupport_introspection_cpp.so" to ""
[30.546s] -- Installing: /home/alfred/shared_mac/Mekatronikk3/src/install/ngc_interfaces/lib/libngc_interfaces__rosidl_typesupport_cpp.so
[30.565s] -- Set non-toolchain portion of runtime path of "/home/alfred/shared_mac/Mekatronikk3/src/install/ngc_interfaces/lib/libngc_interfaces__rosidl_typesupport_cpp.so" to ""
[30.567s] -- Installing: /home/alfred/shared_mac/Mekatronikk3/src/install/ngc_interfaces/share/ngc_interfaces/environment/pythonpath.sh
[30.570s] -- Installing: /home/alfred/shared_mac/Mekatronikk3/src/install/ngc_interfaces/share/ngc_interfaces/environment/pythonpath.dsv
[30.574s] -- Installing: /home/alfred/shared_mac/Mekatronikk3/src/install/ngc_interfaces/lib/python3.12/site-packages/ngc_interfaces-0.0.0-py3.12.egg-info
[30.577s] -- Installing: /home/alfred/shared_mac/Mekatronikk3/src/install/ngc_interfaces/lib/python3.12/site-packages/ngc_interfaces-0.0.0-py3.12.egg-info/PKG-INFO
[30.580s] -- Installing: /home/alfred/shared_mac/Mekatronikk3/src/install/ngc_interfaces/lib/python3.12/site-packages/ngc_interfaces-0.0.0-py3.12.egg-info/SOURCES.txt
[30.584s] -- Installing: /home/alfred/shared_mac/Mekatronikk3/src/install/ngc_interfaces/lib/python3.12/site-packages/ngc_interfaces-0.0.0-py3.12.egg-info/top_level.txt
[30.587s] -- Installing: /home/alfred/shared_mac/Mekatronikk3/src/install/ngc_interfaces/lib/python3.12/site-packages/ngc_interfaces-0.0.0-py3.12.egg-info/dependency_links.txt
[30.591s] -- Installing: /home/alfred/shared_mac/Mekatronikk3/src/install/ngc_interfaces/lib/python3.12/site-packages/ngc_interfaces
[30.593s] -- Installing: /home/alfred/shared_mac/Mekatronikk3/src/install/ngc_interfaces/lib/python3.12/site-packages/ngc_interfaces/ngc_interfaces_s__rosidl_typesupport_fastrtps_c.so
[30.598s] -- Installing: /home/alfred/shared_mac/Mekatronikk3/src/install/ngc_interfaces/lib/python3.12/site-packages/ngc_interfaces/msg
[30.599s] -- Installing: /home/alfred/shared_mac/Mekatronikk3/src/install/ngc_interfaces/lib/python3.12/site-packages/ngc_interfaces/msg/_heading_device_s.c
[30.602s] -- Installing: /home/alfred/shared_mac/Mekatronikk3/src/install/ngc_interfaces/lib/python3.12/site-packages/ngc_interfaces/msg/_thruster_signals_s.c
[30.608s] -- Installing: /home/alfred/shared_mac/Mekatronikk3/src/install/ngc_interfaces/lib/python3.12/site-packages/ngc_interfaces/msg/_wind_s.c
[30.614s] -- Installing: /home/alfred/shared_mac/Mekatronikk3/src/install/ngc_interfaces/lib/python3.12/site-packages/ngc_interfaces/msg/_nu_s.c
[30.621s] -- Installing: /home/alfred/shared_mac/Mekatronikk3/src/install/ngc_interfaces/lib/python3.12/site-packages/ngc_interfaces/msg/_nu_dot.py
[30.626s] -- Installing: /home/alfred/shared_mac/Mekatronikk3/src/install/ngc_interfaces/lib/python3.12/site-packages/ngc_interfaces/msg/__init__.py
[30.631s] -- Installing: /home/alfred/shared_mac/Mekatronikk3/src/install/ngc_interfaces/lib/python3.12/site-packages/ngc_interfaces/msg/_nu_dot_s.c
[30.635s] -- Installing: /home/alfred/shared_mac/Mekatronikk3/src/install/ngc_interfaces/lib/python3.12/site-packages/ngc_interfaces/msg/_eta.py
[30.638s] -- Installing: /home/alfred/shared_mac/Mekatronikk3/src/install/ngc_interfaces/lib/python3.12/site-packages/ngc_interfaces/msg/_tau.py
[30.643s] -- Installing: /home/alfred/shared_mac/Mekatronikk3/src/install/ngc_interfaces/lib/python3.12/site-packages/ngc_interfaces/msg/_eta_s.c
[30.647s] -- Installing: /home/alfred/shared_mac/Mekatronikk3/src/install/ngc_interfaces/lib/python3.12/site-packages/ngc_interfaces/msg/_wind.py
[30.650s] -- Installing: /home/alfred/shared_mac/Mekatronikk3/src/install/ngc_interfaces/lib/python3.12/site-packages/ngc_interfaces/msg/_heading_device.py
[30.655s] -- Installing: /home/alfred/shared_mac/Mekatronikk3/src/install/ngc_interfaces/lib/python3.12/site-packages/ngc_interfaces/msg/_thruster_signals.py
[30.660s] -- Installing: /home/alfred/shared_mac/Mekatronikk3/src/install/ngc_interfaces/lib/python3.12/site-packages/ngc_interfaces/msg/_gnss_s.c
[30.666s] -- Installing: /home/alfred/shared_mac/Mekatronikk3/src/install/ngc_interfaces/lib/python3.12/site-packages/ngc_interfaces/msg/_tau_s.c
[30.670s] -- Installing: /home/alfred/shared_mac/Mekatronikk3/src/install/ngc_interfaces/lib/python3.12/site-packages/ngc_interfaces/msg/_nu.py
[30.674s] -- Installing: /home/alfred/shared_mac/Mekatronikk3/src/install/ngc_interfaces/lib/python3.12/site-packages/ngc_interfaces/msg/_gnss.py
[30.677s] -- Installing: /home/alfred/shared_mac/Mekatronikk3/src/install/ngc_interfaces/lib/python3.12/site-packages/ngc_interfaces/__init__.py
[30.680s] -- Installing: /home/alfred/shared_mac/Mekatronikk3/src/install/ngc_interfaces/lib/python3.12/site-packages/ngc_interfaces/_ngc_interfaces_s.ep.rosidl_typesupport_fastrtps_c.c
[30.686s] -- Installing: /home/alfred/shared_mac/Mekatronikk3/src/install/ngc_interfaces/lib/python3.12/site-packages/ngc_interfaces/ngc_interfaces_s__rosidl_typesupport_c.so
[30.691s] -- Installing: /home/alfred/shared_mac/Mekatronikk3/src/install/ngc_interfaces/lib/python3.12/site-packages/ngc_interfaces/_ngc_interfaces_s.ep.rosidl_typesupport_introspection_c.c
[30.696s] -- Installing: /home/alfred/shared_mac/Mekatronikk3/src/install/ngc_interfaces/lib/python3.12/site-packages/ngc_interfaces/ngc_interfaces_s__rosidl_typesupport_introspection_c.so
[30.700s] -- Installing: /home/alfred/shared_mac/Mekatronikk3/src/install/ngc_interfaces/lib/python3.12/site-packages/ngc_interfaces/_ngc_interfaces_s.ep.rosidl_typesupport_c.c
[30.812s] Listing '/home/alfred/shared_mac/Mekatronikk3/src/install/ngc_interfaces/lib/python3.12/site-packages/ngc_interfaces'...
[30.813s] Compiling '/home/alfred/shared_mac/Mekatronikk3/src/install/ngc_interfaces/lib/python3.12/site-packages/ngc_interfaces/__init__.py'...
[30.817s] Listing '/home/alfred/shared_mac/Mekatronikk3/src/install/ngc_interfaces/lib/python3.12/site-packages/ngc_interfaces/msg'...
[30.818s] Compiling '/home/alfred/shared_mac/Mekatronikk3/src/install/ngc_interfaces/lib/python3.12/site-packages/ngc_interfaces/msg/__init__.py'...
[30.818s] Compiling '/home/alfred/shared_mac/Mekatronikk3/src/install/ngc_interfaces/lib/python3.12/site-packages/ngc_interfaces/msg/_eta.py'...
[30.819s] Compiling '/home/alfred/shared_mac/Mekatronikk3/src/install/ngc_interfaces/lib/python3.12/site-packages/ngc_interfaces/msg/_gnss.py'...
[30.820s] Compiling '/home/alfred/shared_mac/Mekatronikk3/src/install/ngc_interfaces/lib/python3.12/site-packages/ngc_interfaces/msg/_heading_device.py'...
[30.821s] Compiling '/home/alfred/shared_mac/Mekatronikk3/src/install/ngc_interfaces/lib/python3.12/site-packages/ngc_interfaces/msg/_nu.py'...
[30.821s] Compiling '/home/alfred/shared_mac/Mekatronikk3/src/install/ngc_interfaces/lib/python3.12/site-packages/ngc_interfaces/msg/_nu_dot.py'...
[30.822s] Compiling '/home/alfred/shared_mac/Mekatronikk3/src/install/ngc_interfaces/lib/python3.12/site-packages/ngc_interfaces/msg/_tau.py'...
[30.822s] Compiling '/home/alfred/shared_mac/Mekatronikk3/src/install/ngc_interfaces/lib/python3.12/site-packages/ngc_interfaces/msg/_thruster_signals.py'...
[30.823s] Compiling '/home/alfred/shared_mac/Mekatronikk3/src/install/ngc_interfaces/lib/python3.12/site-packages/ngc_interfaces/msg/_wind.py'...
[30.829s] -- Installing: /home/alfred/shared_mac/Mekatronikk3/src/install/ngc_interfaces/lib/python3.12/site-packages/ngc_interfaces/ngc_interfaces_s__rosidl_typesupport_fastrtps_c.so
[30.839s] -- Set non-toolchain portion of runtime path of "/home/alfred/shared_mac/Mekatronikk3/src/install/ngc_interfaces/lib/python3.12/site-packages/ngc_interfaces/ngc_interfaces_s__rosidl_typesupport_fastrtps_c.so" to ""
[30.844s] -- Installing: /home/alfred/shared_mac/Mekatronikk3/src/install/ngc_interfaces/lib/python3.12/site-packages/ngc_interfaces/ngc_interfaces_s__rosidl_typesupport_introspection_c.so
[30.866s] -- Set non-toolchain portion of runtime path of "/home/alfred/shared_mac/Mekatronikk3/src/install/ngc_interfaces/lib/python3.12/site-packages/ngc_interfaces/ngc_interfaces_s__rosidl_typesupport_introspection_c.so" to ""
[30.870s] -- Installing: /home/alfred/shared_mac/Mekatronikk3/src/install/ngc_interfaces/lib/python3.12/site-packages/ngc_interfaces/ngc_interfaces_s__rosidl_typesupport_c.so
[30.879s] -- Set non-toolchain portion of runtime path of "/home/alfred/shared_mac/Mekatronikk3/src/install/ngc_interfaces/lib/python3.12/site-packages/ngc_interfaces/ngc_interfaces_s__rosidl_typesupport_c.so" to ""
[30.880s] -- Installing: /home/alfred/shared_mac/Mekatronikk3/src/install/ngc_interfaces/lib/libngc_interfaces__rosidl_generator_py.so
[30.893s] -- Set non-toolchain portion of runtime path of "/home/alfred/shared_mac/Mekatronikk3/src/install/ngc_interfaces/lib/libngc_interfaces__rosidl_generator_py.so" to ""
[30.894s] -- Installing: /home/alfred/shared_mac/Mekatronikk3/src/install/ngc_interfaces/share/ngc_interfaces/msg/Eta.idl
[30.897s] -- Installing: /home/alfred/shared_mac/Mekatronikk3/src/install/ngc_interfaces/share/ngc_interfaces/msg/Nu.idl
[30.901s] -- Installing: /home/alfred/shared_mac/Mekatronikk3/src/install/ngc_interfaces/share/ngc_interfaces/msg/NuDot.idl
[30.906s] -- Installing: /home/alfred/shared_mac/Mekatronikk3/src/install/ngc_interfaces/share/ngc_interfaces/msg/Tau.idl
[30.911s] -- Installing: /home/alfred/shared_mac/Mekatronikk3/src/install/ngc_interfaces/share/ngc_interfaces/msg/Wind.idl
[30.915s] -- Installing: /home/alfred/shared_mac/Mekatronikk3/src/install/ngc_interfaces/share/ngc_interfaces/msg/ThrusterSignals.idl
[30.919s] -- Installing: /home/alfred/shared_mac/Mekatronikk3/src/install/ngc_interfaces/share/ngc_interfaces/msg/GNSS.idl
[30.925s] -- Installing: /home/alfred/shared_mac/Mekatronikk3/src/install/ngc_interfaces/share/ngc_interfaces/msg/HeadingDevice.idl
[30.932s] -- Installing: /home/alfred/shared_mac/Mekatronikk3/src/install/ngc_interfaces/share/ngc_interfaces/msg/Eta.msg
[30.933s] -- Installing: /home/alfred/shared_mac/Mekatronikk3/src/install/ngc_interfaces/share/ngc_interfaces/msg/Nu.msg
[30.938s] -- Installing: /home/alfred/shared_mac/Mekatronikk3/src/install/ngc_interfaces/share/ngc_interfaces/msg/NuDot.msg
[30.942s] -- Installing: /home/alfred/shared_mac/Mekatronikk3/src/install/ngc_interfaces/share/ngc_interfaces/msg/Tau.msg
[30.946s] -- Installing: /home/alfred/shared_mac/Mekatronikk3/src/install/ngc_interfaces/share/ngc_interfaces/msg/Wind.msg
[30.950s] -- Installing: /home/alfred/shared_mac/Mekatronikk3/src/install/ngc_interfaces/share/ngc_interfaces/msg/ThrusterSignals.msg
[30.955s] -- Installing: /home/alfred/shared_mac/Mekatronikk3/src/install/ngc_interfaces/share/ngc_interfaces/msg/GNSS.msg
[30.959s] -- Installing: /home/alfred/shared_mac/Mekatronikk3/src/install/ngc_interfaces/share/ngc_interfaces/msg/HeadingDevice.msg
[30.965s] -- Installing: /home/alfred/shared_mac/Mekatronikk3/src/install/ngc_interfaces/share/ament_index/resource_index/package_run_dependencies/ngc_interfaces
[30.969s] -- Installing: /home/alfred/shared_mac/Mekatronikk3/src/install/ngc_interfaces/share/ament_index/resource_index/parent_prefix_path/ngc_interfaces
[30.972s] -- Installing: /home/alfred/shared_mac/Mekatronikk3/src/install/ngc_interfaces/share/ngc_interfaces/environment/ament_prefix_path.sh
[30.975s] -- Installing: /home/alfred/shared_mac/Mekatronikk3/src/install/ngc_interfaces/share/ngc_interfaces/environment/ament_prefix_path.dsv
[30.979s] -- Installing: /home/alfred/shared_mac/Mekatronikk3/src/install/ngc_interfaces/share/ngc_interfaces/environment/path.sh
[30.982s] -- Installing: /home/alfred/shared_mac/Mekatronikk3/src/install/ngc_interfaces/share/ngc_interfaces/environment/path.dsv
[30.985s] -- Installing: /home/alfred/shared_mac/Mekatronikk3/src/install/ngc_interfaces/share/ngc_interfaces/local_setup.bash
[30.989s] -- Installing: /home/alfred/shared_mac/Mekatronikk3/src/install/ngc_interfaces/share/ngc_interfaces/local_setup.sh
[30.993s] -- Installing: /home/alfred/shared_mac/Mekatronikk3/src/install/ngc_interfaces/share/ngc_interfaces/local_setup.zsh
[30.997s] -- Installing: /home/alfred/shared_mac/Mekatronikk3/src/install/ngc_interfaces/share/ngc_interfaces/local_setup.dsv
[31.001s] -- Installing: /home/alfred/shared_mac/Mekatronikk3/src/install/ngc_interfaces/share/ngc_interfaces/package.dsv
[31.006s] -- Installing: /home/alfred/shared_mac/Mekatronikk3/src/install/ngc_interfaces/share/ament_index/resource_index/packages/ngc_interfaces
[31.016s] -- Installing: /home/alfred/shared_mac/Mekatronikk3/src/install/ngc_interfaces/share/ngc_interfaces/cmake/export_ngc_interfaces__rosidl_generator_cExport.cmake
[31.020s] -- Installing: /home/alfred/shared_mac/Mekatronikk3/src/install/ngc_interfaces/share/ngc_interfaces/cmake/export_ngc_interfaces__rosidl_generator_cExport-noconfig.cmake
[31.024s] -- Installing: /home/alfred/shared_mac/Mekatronikk3/src/install/ngc_interfaces/share/ngc_interfaces/cmake/export_ngc_interfaces__rosidl_typesupport_fastrtps_cExport.cmake
[31.028s] -- Installing: /home/alfred/shared_mac/Mekatronikk3/src/install/ngc_interfaces/share/ngc_interfaces/cmake/export_ngc_interfaces__rosidl_typesupport_fastrtps_cExport-noconfig.cmake
[31.034s] -- Installing: /home/alfred/shared_mac/Mekatronikk3/src/install/ngc_interfaces/share/ngc_interfaces/cmake/ngc_interfaces__rosidl_typesupport_introspection_cExport.cmake
[31.037s] -- Installing: /home/alfred/shared_mac/Mekatronikk3/src/install/ngc_interfaces/share/ngc_interfaces/cmake/ngc_interfaces__rosidl_typesupport_introspection_cExport-noconfig.cmake
[31.039s] -- Installing: /home/alfred/shared_mac/Mekatronikk3/src/install/ngc_interfaces/share/ngc_interfaces/cmake/ngc_interfaces__rosidl_typesupport_cExport.cmake
[31.044s] -- Installing: /home/alfred/shared_mac/Mekatronikk3/src/install/ngc_interfaces/share/ngc_interfaces/cmake/ngc_interfaces__rosidl_typesupport_cExport-noconfig.cmake
[31.048s] -- Installing: /home/alfred/shared_mac/Mekatronikk3/src/install/ngc_interfaces/share/ngc_interfaces/cmake/export_ngc_interfaces__rosidl_generator_cppExport.cmake
[31.052s] -- Installing: /home/alfred/shared_mac/Mekatronikk3/src/install/ngc_interfaces/share/ngc_interfaces/cmake/export_ngc_interfaces__rosidl_typesupport_fastrtps_cppExport.cmake
[31.058s] -- Installing: /home/alfred/shared_mac/Mekatronikk3/src/install/ngc_interfaces/share/ngc_interfaces/cmake/export_ngc_interfaces__rosidl_typesupport_fastrtps_cppExport-noconfig.cmake
[31.066s] -- Installing: /home/alfred/shared_mac/Mekatronikk3/src/install/ngc_interfaces/share/ngc_interfaces/cmake/ngc_interfaces__rosidl_typesupport_introspection_cppExport.cmake
[31.070s] -- Installing: /home/alfred/shared_mac/Mekatronikk3/src/install/ngc_interfaces/share/ngc_interfaces/cmake/ngc_interfaces__rosidl_typesupport_introspection_cppExport-noconfig.cmake
[31.074s] -- Installing: /home/alfred/shared_mac/Mekatronikk3/src/install/ngc_interfaces/share/ngc_interfaces/cmake/ngc_interfaces__rosidl_typesupport_cppExport.cmake
[31.078s] -- Installing: /home/alfred/shared_mac/Mekatronikk3/src/install/ngc_interfaces/share/ngc_interfaces/cmake/ngc_interfaces__rosidl_typesupport_cppExport-noconfig.cmake
[31.082s] -- Installing: /home/alfred/shared_mac/Mekatronikk3/src/install/ngc_interfaces/share/ngc_interfaces/cmake/export_ngc_interfaces__rosidl_generator_pyExport.cmake
[31.086s] -- Installing: /home/alfred/shared_mac/Mekatronikk3/src/install/ngc_interfaces/share/ngc_interfaces/cmake/export_ngc_interfaces__rosidl_generator_pyExport-noconfig.cmake
[31.090s] -- Installing: /home/alfred/shared_mac/Mekatronikk3/src/install/ngc_interfaces/share/ngc_interfaces/cmake/rosidl_cmake-extras.cmake
[31.093s] -- Installing: /home/alfred/shared_mac/Mekatronikk3/src/install/ngc_interfaces/share/ngc_interfaces/cmake/ament_cmake_export_include_directories-extras.cmake
[31.097s] -- Installing: /home/alfred/shared_mac/Mekatronikk3/src/install/ngc_interfaces/share/ngc_interfaces/cmake/ament_cmake_export_libraries-extras.cmake
[31.102s] -- Installing: /home/alfred/shared_mac/Mekatronikk3/src/install/ngc_interfaces/share/ngc_interfaces/cmake/ament_cmake_export_targets-extras.cmake
[31.110s] -- Installing: /home/alfred/shared_mac/Mekatronikk3/src/install/ngc_interfaces/share/ngc_interfaces/cmake/rosidl_cmake_export_typesupport_targets-extras.cmake
[31.118s] -- Installing: /home/alfred/shared_mac/Mekatronikk3/src/install/ngc_interfaces/share/ngc_interfaces/cmake/ament_cmake_export_dependencies-extras.cmake
[31.125s] -- Installing: /home/alfred/shared_mac/Mekatronikk3/src/install/ngc_interfaces/share/ngc_interfaces/cmake/rosidl_cmake_export_typesupport_libraries-extras.cmake
[31.130s] -- Installing: /home/alfred/shared_mac/Mekatronikk3/src/install/ngc_interfaces/share/ngc_interfaces/cmake/ngc_interfacesConfig.cmake
[31.138s] -- Installing: /home/alfred/shared_mac/Mekatronikk3/src/install/ngc_interfaces/share/ngc_interfaces/cmake/ngc_interfacesConfig-version.cmake
[31.143s] -- Installing: /home/alfred/shared_mac/Mekatronikk3/src/install/ngc_interfaces/share/ngc_interfaces/package.xml
[31.153s] Invoked command in '/home/alfred/shared_mac/Mekatronikk3/src/build/ngc_interfaces' returned '0': CMAKE_PREFIX_PATH=${CMAKE_PREFIX_PATH}:/home/alfred/shared_mac/Mekatronikk3/src/install/ngc_hull_sim:/home/alfred/shared_mac/Mekatronikk3/src/install/ngc_utils:/home/alfred/shared_mac/Mekatronikk3/src/install/ngc_sensor_sims:/home/alfred/shared_mac/Mekatronikk3/src/install/ngc_propulsion_sim:/home/alfred/shared_mac/Mekatronikk3/src/install/ngc_hmi:/home/alfred/shared_mac/Mekatronikk3/src/install/kontrolsystem:/opt/ros/jazzy DEBUGINFOD_URLS=https://debuginfod.ubuntu.com /usr/bin/cmake --install /home/alfred/shared_mac/Mekatronikk3/src/build/ngc_interfaces
