[0.137s] Invoking command in '/home/alfred/shared_mac/MEPA2001_2024/src/build/ngc_bringup': CMAKE_PREFIX_PATH=${CMAKE_PREFIX_PATH}:/home/alfred/shared_mac/MEPA2001_2024/src/install/ngc_hull_sim:/home/alfred/shared_mac/MEPA2001_2024/src/install/ngc_utils:/home/alfred/shared_mac/MEPA2001_2024/src/install/ngc_sensor_sims:/home/alfred/shared_mac/MEPA2001_2024/src/install/ngc_propulsion_sim:/home/alfred/shared_mac/MEPA2001_2024/src/install/ngc_hmi:/home/alfred/shared_mac/MEPA2001_2024/src/install/kontrolsystem:/opt/ros/jazzy DEBUGINFOD_URLS=https://debuginfod.ubuntu.com /usr/bin/cmake --build /home/alfred/shared_mac/MEPA2001_2024/src/build/ngc_bringup -- -j4 -l4
[1.673s] Invoked command in '/home/alfred/shared_mac/MEPA2001_2024/src/build/ngc_bringup' returned '0': CMAKE_PREFIX_PATH=${CMAKE_PREFIX_PATH}:/home/alfred/shared_mac/MEPA2001_2024/src/install/ngc_hull_sim:/home/alfred/shared_mac/MEPA2001_2024/src/install/ngc_utils:/home/alfred/shared_mac/MEPA2001_2024/src/install/ngc_sensor_sims:/home/alfred/shared_mac/MEPA2001_2024/src/install/ngc_propulsion_sim:/home/alfred/shared_mac/MEPA2001_2024/src/install/ngc_hmi:/home/alfred/shared_mac/MEPA2001_2024/src/install/kontrolsystem:/opt/ros/jazzy DEBUGINFOD_URLS=https://debuginfod.ubuntu.com /usr/bin/cmake --build /home/alfred/shared_mac/MEPA2001_2024/src/build/ngc_bringup -- -j4 -l4
[1.774s] Invoking command in '/home/alfred/shared_mac/MEPA2001_2024/src/build/ngc_bringup': CMAKE_PREFIX_PATH=${CMAKE_PREFIX_PATH}:/home/alfred/shared_mac/MEPA2001_2024/src/install/ngc_hull_sim:/home/alfred/shared_mac/MEPA2001_2024/src/install/ngc_utils:/home/alfred/shared_mac/MEPA2001_2024/src/install/ngc_sensor_sims:/home/alfred/shared_mac/MEPA2001_2024/src/install/ngc_propulsion_sim:/home/alfred/shared_mac/MEPA2001_2024/src/install/ngc_hmi:/home/alfred/shared_mac/MEPA2001_2024/src/install/kontrolsystem:/opt/ros/jazzy DEBUGINFOD_URLS=https://debuginfod.ubuntu.com /usr/bin/cmake --install /home/alfred/shared_mac/MEPA2001_2024/src/build/ngc_bringup
[1.798s] -- Install configuration: ""
[1.799s] -- Up-to-date: /home/alfred/shared_mac/MEPA2001_2024/src/install/ngc_bringup/share/ngc_bringup/launch
[1.801s] -- Up-to-date: /home/alfred/shared_mac/MEPA2001_2024/src/install/ngc_bringup/share/ngc_bringup/launch/ngc.launch.py
[1.802s] -- Up-to-date: /home/alfred/shared_mac/MEPA2001_2024/src/install/ngc_bringup/share/ngc_bringup/config
[1.804s] -- Up-to-date: /home/alfred/shared_mac/MEPA2001_2024/src/install/ngc_bringup/share/ngc_bringup/config/PlotJuggler_layout.xml
[1.806s] -- Up-to-date: /home/alfred/shared_mac/MEPA2001_2024/src/install/ngc_bringup/share/ngc_bringup/config/layout.yaml
[1.807s] -- Up-to-date: /home/alfred/shared_mac/MEPA2001_2024/src/install/ngc_bringup/share/ngc_bringup/config/vessel_config.yaml
[1.808s] -- Up-to-date: /home/alfred/shared_mac/MEPA2001_2024/src/install/ngc_bringup/share/ngc_bringup/config/control_config.yaml
[1.809s] -- Up-to-date: /home/alfred/shared_mac/MEPA2001_2024/src/install/ngc_bringup/share/ngc_bringup/config/propulsion_config.yaml
[1.812s] -- Up-to-date: /home/alfred/shared_mac/MEPA2001_2024/src/install/ngc_bringup/share/ngc_bringup/config/sensor_config.yaml
[1.813s] -- Up-to-date: /home/alfred/shared_mac/MEPA2001_2024/src/install/ngc_bringup/share/ngc_bringup/config/simulator_config.yaml
[1.816s] -- Up-to-date: /home/alfred/shared_mac/MEPA2001_2024/src/install/ngc_bringup/share/ament_index/resource_index/package_run_dependencies/ngc_bringup
[1.818s] -- Up-to-date: /home/alfred/shared_mac/MEPA2001_2024/src/install/ngc_bringup/share/ament_index/resource_index/parent_prefix_path/ngc_bringup
[1.819s] -- Up-to-date: /home/alfred/shared_mac/MEPA2001_2024/src/install/ngc_bringup/share/ngc_bringup/environment/ament_prefix_path.sh
[1.820s] -- Up-to-date: /home/alfred/shared_mac/MEPA2001_2024/src/install/ngc_bringup/share/ngc_bringup/environment/ament_prefix_path.dsv
[1.822s] -- Up-to-date: /home/alfred/shared_mac/MEPA2001_2024/src/install/ngc_bringup/share/ngc_bringup/environment/path.sh
[1.824s] -- Up-to-date: /home/alfred/shared_mac/MEPA2001_2024/src/install/ngc_bringup/share/ngc_bringup/environment/path.dsv
[1.825s] -- Up-to-date: /home/alfred/shared_mac/MEPA2001_2024/src/install/ngc_bringup/share/ngc_bringup/local_setup.bash
[1.826s] -- Up-to-date: /home/alfred/shared_mac/MEPA2001_2024/src/install/ngc_bringup/share/ngc_bringup/local_setup.sh
[1.828s] -- Up-to-date: /home/alfred/shared_mac/MEPA2001_2024/src/install/ngc_bringup/share/ngc_bringup/local_setup.zsh
[1.829s] -- Up-to-date: /home/alfred/shared_mac/MEPA2001_2024/src/install/ngc_bringup/share/ngc_bringup/local_setup.dsv
[1.831s] -- Installing: /home/alfred/shared_mac/MEPA2001_2024/src/install/ngc_bringup/share/ngc_bringup/package.dsv
[1.834s] -- Up-to-date: /home/alfred/shared_mac/MEPA2001_2024/src/install/ngc_bringup/share/ament_index/resource_index/packages/ngc_bringup
[1.837s] -- Up-to-date: /home/alfred/shared_mac/MEPA2001_2024/src/install/ngc_bringup/share/ngc_bringup/cmake/ngc_bringupConfig.cmake
[1.839s] -- Up-to-date: /home/alfred/shared_mac/MEPA2001_2024/src/install/ngc_bringup/share/ngc_bringup/cmake/ngc_bringupConfig-version.cmake
[1.847s] -- Up-to-date: /home/alfred/shared_mac/MEPA2001_2024/src/install/ngc_bringup/share/ngc_bringup/package.xml
[1.858s] Invoked command in '/home/alfred/shared_mac/MEPA2001_2024/src/build/ngc_bringup' returned '0': CMAKE_PREFIX_PATH=${CMAKE_PREFIX_PATH}:/home/alfred/shared_mac/MEPA2001_2024/src/install/ngc_hull_sim:/home/alfred/shared_mac/MEPA2001_2024/src/install/ngc_utils:/home/alfred/shared_mac/MEPA2001_2024/src/install/ngc_sensor_sims:/home/alfred/shared_mac/MEPA2001_2024/src/install/ngc_propulsion_sim:/home/alfred/shared_mac/MEPA2001_2024/src/install/ngc_hmi:/home/alfred/shared_mac/MEPA2001_2024/src/install/kontrolsystem:/opt/ros/jazzy DEBUGINFOD_URLS=https://debuginfod.ubuntu.com /usr/bin/cmake --install /home/alfred/shared_mac/MEPA2001_2024/src/build/ngc_bringup
