[4.359s] Invoking command in '/home/alfred/shared_mac/MEPA2001_2024/src/ngc_hull_sim': AMENT_PREFIX_PATH=/home/alfred/shared_mac/MEPA2001_2024/src/install/ngc_utils:/home/alfred/shared_mac/MEPA2001_2024/src/install/ngc_interfaces:${AMENT_PREFIX_PATH} CMAKE_PREFIX_PATH=/home/alfred/shared_mac/MEPA2001_2024/src/install/ngc_interfaces:${CMAKE_PREFIX_PATH} DEBUGINFOD_URLS=https://debuginfod.ubuntu.com LD_LIBRARY_PATH=/home/alfred/shared_mac/MEPA2001_2024/src/install/ngc_interfaces/lib:${LD_LIBRARY_PATH} PYTHONPATH=/home/alfred/shared_mac/MEPA2001_2024/src/build/ngc_hull_sim/prefix_override:/usr/lib/python3/dist-packages/colcon_core/task/python/colcon_distutils_commands:/home/alfred/shared_mac/MEPA2001_2024/src/install/ngc_hull_sim/lib/python3.12/site-packages:/home/alfred/shared_mac/MEPA2001_2024/src/install/ngc_utils/lib/python3.12/site-packages:/home/alfred/shared_mac/MEPA2001_2024/src/install/ngc_interfaces/lib/python3.12/site-packages:${PYTHONPATH} /usr/bin/python3 -W ignore:setup.py install is deprecated setup.py egg_info --egg-base ../build/ngc_hull_sim build --build-base /home/alfred/shared_mac/MEPA2001_2024/src/build/ngc_hull_sim/build install --record /home/alfred/shared_mac/MEPA2001_2024/src/build/ngc_hull_sim/install.log --single-version-externally-managed install_data
[5.295s] running egg_info
[5.380s] writing ../build/ngc_hull_sim/ngc_hull_sim.egg-info/PKG-INFO
[5.382s] writing dependency_links to ../build/ngc_hull_sim/ngc_hull_sim.egg-info/dependency_links.txt
[5.384s] writing entry points to ../build/ngc_hull_sim/ngc_hull_sim.egg-info/entry_points.txt
[5.386s] writing requirements to ../build/ngc_hull_sim/ngc_hull_sim.egg-info/requires.txt
[5.387s] writing top-level names to ../build/ngc_hull_sim/ngc_hull_sim.egg-info/top_level.txt
[5.600s] reading manifest file '../build/ngc_hull_sim/ngc_hull_sim.egg-info/SOURCES.txt'
[5.607s] writing manifest file '../build/ngc_hull_sim/ngc_hull_sim.egg-info/SOURCES.txt'
[5.609s] running build
[5.610s] running build_py
[5.612s] running install
[5.686s] running install_lib
[5.762s] running install_data
[5.767s] running install_egg_info
[5.834s] removing '/home/alfred/shared_mac/MEPA2001_2024/src/install/ngc_hull_sim/lib/python3.12/site-packages/ngc_hull_sim-0.0.0-py3.12.egg-info' (and everything under it)
[5.839s] Copying ../build/ngc_hull_sim/ngc_hull_sim.egg-info to /home/alfred/shared_mac/MEPA2001_2024/src/install/ngc_hull_sim/lib/python3.12/site-packages/ngc_hull_sim-0.0.0-py3.12.egg-info
[5.899s] running install_scripts
[6.383s] Installing simulate script to /home/alfred/shared_mac/MEPA2001_2024/src/install/ngc_hull_sim/lib/ngc_hull_sim
[6.452s] writing list of installed files to '/home/alfred/shared_mac/MEPA2001_2024/src/build/ngc_hull_sim/install.log'
[6.497s] Invoked command in '/home/alfred/shared_mac/MEPA2001_2024/src/ngc_hull_sim' returned '0': AMENT_PREFIX_PATH=/home/alfred/shared_mac/MEPA2001_2024/src/install/ngc_utils:/home/alfred/shared_mac/MEPA2001_2024/src/install/ngc_interfaces:${AMENT_PREFIX_PATH} CMAKE_PREFIX_PATH=/home/alfred/shared_mac/MEPA2001_2024/src/install/ngc_interfaces:${CMAKE_PREFIX_PATH} DEBUGINFOD_URLS=https://debuginfod.ubuntu.com LD_LIBRARY_PATH=/home/alfred/shared_mac/MEPA2001_2024/src/install/ngc_interfaces/lib:${LD_LIBRARY_PATH} PYTHONPATH=/home/alfred/shared_mac/MEPA2001_2024/src/build/ngc_hull_sim/prefix_override:/usr/lib/python3/dist-packages/colcon_core/task/python/colcon_distutils_commands:/home/alfred/shared_mac/MEPA2001_2024/src/install/ngc_hull_sim/lib/python3.12/site-packages:/home/alfred/shared_mac/MEPA2001_2024/src/install/ngc_utils/lib/python3.12/site-packages:/home/alfred/shared_mac/MEPA2001_2024/src/install/ngc_interfaces/lib/python3.12/site-packages:${PYTHONPATH} /usr/bin/python3 -W ignore:setup.py install is deprecated setup.py egg_info --egg-base ../build/ngc_hull_sim build --build-base /home/alfred/shared_mac/MEPA2001_2024/src/build/ngc_hull_sim/build install --record /home/alfred/shared_mac/MEPA2001_2024/src/build/ngc_hull_sim/install.log --single-version-externally-managed install_data
