[2.621s] Invoking command in '/home/alfred/shared_mac/Mekatronikk3/src/ngc_hull_sim': AMENT_PREFIX_PATH=/home/alfred/shared_mac/Mekatronikk3/src/install/ngc_utils:/home/alfred/shared_mac/Mekatronikk3/src/install/regulator:/home/alfred/shared_mac/Mekatronikk3/src/install/ngc_hull_sim:/home/alfred/shared_mac/Mekatronikk3/src/install/ngc_sensor_sims:/home/alfred/shared_mac/Mekatronikk3/src/install/ngc_propulsion_sim:/home/alfred/shared_mac/Mekatronikk3/src/install/ngc_hmi:/home/alfred/shared_mac/Mekatronikk3/src/install/ngc_interfaces:/home/alfred/shared_mac/Mekatronikk3/src/install/ngc_bringup:/opt/ros/jazzy DEBUGINFOD_URLS=https://debuginfod.ubuntu.com PYTHONPATH=/home/alfred/shared_mac/Mekatronikk3/src/build/ngc_hull_sim/prefix_override:/usr/lib/python3/dist-packages/colcon_core/task/python/colcon_distutils_commands:/home/alfred/shared_mac/Mekatronikk3/src/install/ngc_hull_sim/lib/python3.12/site-packages:/home/alfred/shared_mac/Mekatronikk3/src/install/ngc_utils/lib/python3.12/site-packages:/home/alfred/shared_mac/Mekatronikk3/src/install/ngc_interfaces/lib/python3.12/site-packages:/home/alfred/shared_mac/Mekatronikk3/src/install/regulator/lib/python3.12/site-packages:/home/alfred/shared_mac/Mekatronikk3/src/install/ngc_hull_sim/lib/python3.12/site-packages:/home/alfred/shared_mac/Mekatronikk3/src/install/ngc_sensor_sims/lib/python3.12/site-packages:/home/alfred/shared_mac/Mekatronikk3/src/install/ngc_propulsion_sim/lib/python3.12/site-packages:/home/alfred/shared_mac/Mekatronikk3/src/install/ngc_hmi/lib/python3.12/site-packages:/opt/ros/jazzy/lib/python3.12/site-packages /usr/bin/python3 -W ignore:setup.py install is deprecated setup.py egg_info --egg-base ../build/ngc_hull_sim build --build-base /home/alfred/shared_mac/Mekatronikk3/src/build/ngc_hull_sim/build install --record /home/alfred/shared_mac/Mekatronikk3/src/build/ngc_hull_sim/install.log --single-version-externally-managed install_data
[3.229s] running egg_info
[3.276s] writing ../build/ngc_hull_sim/ngc_hull_sim.egg-info/PKG-INFO
[3.284s] writing dependency_links to ../build/ngc_hull_sim/ngc_hull_sim.egg-info/dependency_links.txt
[3.286s] writing entry points to ../build/ngc_hull_sim/ngc_hull_sim.egg-info/entry_points.txt
[3.287s] writing requirements to ../build/ngc_hull_sim/ngc_hull_sim.egg-info/requires.txt
[3.289s] writing top-level names to ../build/ngc_hull_sim/ngc_hull_sim.egg-info/top_level.txt
[3.378s] reading manifest file '../build/ngc_hull_sim/ngc_hull_sim.egg-info/SOURCES.txt'
[3.387s] writing manifest file '../build/ngc_hull_sim/ngc_hull_sim.egg-info/SOURCES.txt'
[3.387s] running build
[3.388s] running build_py
[3.389s] running install
[3.402s] running install_lib
[3.462s] running install_data
[3.466s] running install_egg_info
[3.504s] removing '/home/alfred/shared_mac/Mekatronikk3/src/install/ngc_hull_sim/lib/python3.12/site-packages/ngc_hull_sim-0.0.0-py3.12.egg-info' (and everything under it)
[3.509s] Copying ../build/ngc_hull_sim/ngc_hull_sim.egg-info to /home/alfred/shared_mac/Mekatronikk3/src/install/ngc_hull_sim/lib/python3.12/site-packages/ngc_hull_sim-0.0.0-py3.12.egg-info
[3.539s] running install_scripts
[3.804s] Installing simulate script to /home/alfred/shared_mac/Mekatronikk3/src/install/ngc_hull_sim/lib/ngc_hull_sim
[3.811s] writing list of installed files to '/home/alfred/shared_mac/Mekatronikk3/src/build/ngc_hull_sim/install.log'
[3.881s] Invoked command in '/home/alfred/shared_mac/Mekatronikk3/src/ngc_hull_sim' returned '0': AMENT_PREFIX_PATH=/home/alfred/shared_mac/Mekatronikk3/src/install/ngc_utils:/home/alfred/shared_mac/Mekatronikk3/src/install/regulator:/home/alfred/shared_mac/Mekatronikk3/src/install/ngc_hull_sim:/home/alfred/shared_mac/Mekatronikk3/src/install/ngc_sensor_sims:/home/alfred/shared_mac/Mekatronikk3/src/install/ngc_propulsion_sim:/home/alfred/shared_mac/Mekatronikk3/src/install/ngc_hmi:/home/alfred/shared_mac/Mekatronikk3/src/install/ngc_interfaces:/home/alfred/shared_mac/Mekatronikk3/src/install/ngc_bringup:/opt/ros/jazzy DEBUGINFOD_URLS=https://debuginfod.ubuntu.com PYTHONPATH=/home/alfred/shared_mac/Mekatronikk3/src/build/ngc_hull_sim/prefix_override:/usr/lib/python3/dist-packages/colcon_core/task/python/colcon_distutils_commands:/home/alfred/shared_mac/Mekatronikk3/src/install/ngc_hull_sim/lib/python3.12/site-packages:/home/alfred/shared_mac/Mekatronikk3/src/install/ngc_utils/lib/python3.12/site-packages:/home/alfred/shared_mac/Mekatronikk3/src/install/ngc_interfaces/lib/python3.12/site-packages:/home/alfred/shared_mac/Mekatronikk3/src/install/regulator/lib/python3.12/site-packages:/home/alfred/shared_mac/Mekatronikk3/src/install/ngc_hull_sim/lib/python3.12/site-packages:/home/alfred/shared_mac/Mekatronikk3/src/install/ngc_sensor_sims/lib/python3.12/site-packages:/home/alfred/shared_mac/Mekatronikk3/src/install/ngc_propulsion_sim/lib/python3.12/site-packages:/home/alfred/shared_mac/Mekatronikk3/src/install/ngc_hmi/lib/python3.12/site-packages:/opt/ros/jazzy/lib/python3.12/site-packages /usr/bin/python3 -W ignore:setup.py install is deprecated setup.py egg_info --egg-base ../build/ngc_hull_sim build --build-base /home/alfred/shared_mac/Mekatronikk3/src/build/ngc_hull_sim/build install --record /home/alfred/shared_mac/Mekatronikk3/src/build/ngc_hull_sim/install.log --single-version-externally-managed install_data
