[0.137s] Invoking command in '/home/alfred/shared_mac/Mekatronikk3/src/build/ngc_bringup': CMAKE_PREFIX_PATH=${CMAKE_PREFIX_PATH}:/home/alfred/shared_mac/Mekatronikk3/src/install/regulator:/home/alfred/shared_mac/Mekatronikk3/src/install/ngc_hull_sim:/home/alfred/shared_mac/Mekatronikk3/src/install/ngc_utils:/home/alfred/shared_mac/Mekatronikk3/src/install/ngc_sensor_sims:/home/alfred/shared_mac/Mekatronikk3/src/install/ngc_propulsion_sim:/home/alfred/shared_mac/Mekatronikk3/src/install/ngc_hmi:/opt/ros/jazzy DEBUGINFOD_URLS=https://debuginfod.ubuntu.com /usr/bin/cmake --build /home/alfred/shared_mac/Mekatronikk3/src/build/ngc_bringup -- -j4 -l4
[2.903s] Invoked command in '/home/alfred/shared_mac/Mekatronikk3/src/build/ngc_bringup' returned '0': CMAKE_PREFIX_PATH=${CMAKE_PREFIX_PATH}:/home/alfred/shared_mac/Mekatronikk3/src/install/regulator:/home/alfred/shared_mac/Mekatronikk3/src/install/ngc_hull_sim:/home/alfred/shared_mac/Mekatronikk3/src/install/ngc_utils:/home/alfred/shared_mac/Mekatronikk3/src/install/ngc_sensor_sims:/home/alfred/shared_mac/Mekatronikk3/src/install/ngc_propulsion_sim:/home/alfred/shared_mac/Mekatronikk3/src/install/ngc_hmi:/opt/ros/jazzy DEBUGINFOD_URLS=https://debuginfod.ubuntu.com /usr/bin/cmake --build /home/alfred/shared_mac/Mekatronikk3/src/build/ngc_bringup -- -j4 -l4
[3.216s] Invoking command in '/home/alfred/shared_mac/Mekatronikk3/src/build/ngc_bringup': CMAKE_PREFIX_PATH=${CMAKE_PREFIX_PATH}:/home/alfred/shared_mac/Mekatronikk3/src/install/regulator:/home/alfred/shared_mac/Mekatronikk3/src/install/ngc_hull_sim:/home/alfred/shared_mac/Mekatronikk3/src/install/ngc_utils:/home/alfred/shared_mac/Mekatronikk3/src/install/ngc_sensor_sims:/home/alfred/shared_mac/Mekatronikk3/src/install/ngc_propulsion_sim:/home/alfred/shared_mac/Mekatronikk3/src/install/ngc_hmi:/opt/ros/jazzy DEBUGINFOD_URLS=https://debuginfod.ubuntu.com /usr/bin/cmake --install /home/alfred/shared_mac/Mekatronikk3/src/build/ngc_bringup
[3.259s] -- Install configuration: ""
[3.261s] -- Up-to-date: /home/alfred/shared_mac/Mekatronikk3/src/install/ngc_bringup/share/ngc_bringup/launch
[3.270s] -- Installing: /home/alfred/shared_mac/Mekatronikk3/src/install/ngc_bringup/share/ngc_bringup/launch/ngc.launch.py
[3.297s] -- Up-to-date: /home/alfred/shared_mac/Mekatronikk3/src/install/ngc_bringup/share/ngc_bringup/config
[3.304s] -- Up-to-date: /home/alfred/shared_mac/Mekatronikk3/src/install/ngc_bringup/share/ngc_bringup/config/PlotJuggler_layout.xml
[3.305s] -- Up-to-date: /home/alfred/shared_mac/Mekatronikk3/src/install/ngc_bringup/share/ngc_bringup/config/layout.yaml
[3.307s] -- Up-to-date: /home/alfred/shared_mac/Mekatronikk3/src/install/ngc_bringup/share/ngc_bringup/config/vessel_config.yaml
[3.308s] -- Up-to-date: /home/alfred/shared_mac/Mekatronikk3/src/install/ngc_bringup/share/ngc_bringup/config/control_config.yaml
[3.310s] -- Up-to-date: /home/alfred/shared_mac/Mekatronikk3/src/install/ngc_bringup/share/ngc_bringup/config/propulsion_config.yaml
[3.311s] -- Up-to-date: /home/alfred/shared_mac/Mekatronikk3/src/install/ngc_bringup/share/ngc_bringup/config/sensor_config.yaml
[3.313s] -- Up-to-date: /home/alfred/shared_mac/Mekatronikk3/src/install/ngc_bringup/share/ngc_bringup/config/simulator_config.yaml
[3.314s] -- Installing: /home/alfred/shared_mac/Mekatronikk3/src/install/ngc_bringup/share/ngc_bringup/config/PlotJuggler_layout_Otter.xml
[3.319s] -- Up-to-date: /home/alfred/shared_mac/Mekatronikk3/src/install/ngc_bringup/share/ament_index/resource_index/package_run_dependencies/ngc_bringup
[3.321s] -- Up-to-date: /home/alfred/shared_mac/Mekatronikk3/src/install/ngc_bringup/share/ament_index/resource_index/parent_prefix_path/ngc_bringup
[3.323s] -- Up-to-date: /home/alfred/shared_mac/Mekatronikk3/src/install/ngc_bringup/share/ngc_bringup/environment/ament_prefix_path.sh
[3.325s] -- Up-to-date: /home/alfred/shared_mac/Mekatronikk3/src/install/ngc_bringup/share/ngc_bringup/environment/ament_prefix_path.dsv
[3.326s] -- Up-to-date: /home/alfred/shared_mac/Mekatronikk3/src/install/ngc_bringup/share/ngc_bringup/environment/path.sh
[3.327s] -- Up-to-date: /home/alfred/shared_mac/Mekatronikk3/src/install/ngc_bringup/share/ngc_bringup/environment/path.dsv
[3.330s] -- Up-to-date: /home/alfred/shared_mac/Mekatronikk3/src/install/ngc_bringup/share/ngc_bringup/local_setup.bash
[3.332s] -- Up-to-date: /home/alfred/shared_mac/Mekatronikk3/src/install/ngc_bringup/share/ngc_bringup/local_setup.sh
[3.342s] -- Up-to-date: /home/alfred/shared_mac/Mekatronikk3/src/install/ngc_bringup/share/ngc_bringup/local_setup.zsh
[3.343s] -- Up-to-date: /home/alfred/shared_mac/Mekatronikk3/src/install/ngc_bringup/share/ngc_bringup/local_setup.dsv
[3.344s] -- Installing: /home/alfred/shared_mac/Mekatronikk3/src/install/ngc_bringup/share/ngc_bringup/package.dsv
[3.350s] -- Up-to-date: /home/alfred/shared_mac/Mekatronikk3/src/install/ngc_bringup/share/ament_index/resource_index/packages/ngc_bringup
[3.351s] -- Up-to-date: /home/alfred/shared_mac/Mekatronikk3/src/install/ngc_bringup/share/ngc_bringup/cmake/ngc_bringupConfig.cmake
[3.356s] -- Up-to-date: /home/alfred/shared_mac/Mekatronikk3/src/install/ngc_bringup/share/ngc_bringup/cmake/ngc_bringupConfig-version.cmake
[3.365s] -- Up-to-date: /home/alfred/shared_mac/Mekatronikk3/src/install/ngc_bringup/share/ngc_bringup/package.xml
[3.373s] Invoked command in '/home/alfred/shared_mac/Mekatronikk3/src/build/ngc_bringup' returned '0': CMAKE_PREFIX_PATH=${CMAKE_PREFIX_PATH}:/home/alfred/shared_mac/Mekatronikk3/src/install/regulator:/home/alfred/shared_mac/Mekatronikk3/src/install/ngc_hull_sim:/home/alfred/shared_mac/Mekatronikk3/src/install/ngc_utils:/home/alfred/shared_mac/Mekatronikk3/src/install/ngc_sensor_sims:/home/alfred/shared_mac/Mekatronikk3/src/install/ngc_propulsion_sim:/home/alfred/shared_mac/Mekatronikk3/src/install/ngc_hmi:/opt/ros/jazzy DEBUGINFOD_URLS=https://debuginfod.ubuntu.com /usr/bin/cmake --install /home/alfred/shared_mac/Mekatronikk3/src/build/ngc_bringup
