[0.123s] DEBUG:colcon:Command line arguments: ['/usr/bin/colcon', 'build']
[0.123s] DEBUG:colcon:Parsed command line arguments: Namespace(log_base=None, log_level=None, verb_name='build', build_base='build', install_base='install', merge_install=False, symlink_install=False, test_result_base=None, continue_on_error=False, executor='parallel', parallel_workers=4, event_handlers=None, ignore_user_meta=False, metas=['./colcon.meta'], base_paths=['.'], packages_ignore=None, packages_ignore_regex=None, paths=None, packages_up_to=None, packages_up_to_regex=None, packages_above=None, packages_above_and_dependencies=None, packages_above_depth=None, packages_select_by_dep=None, packages_skip_by_dep=None, packages_skip_up_to=None, packages_select_build_failed=False, packages_skip_build_finished=False, packages_select_test_failures=False, packages_skip_test_passed=False, packages_select=None, packages_skip=None, packages_select_regex=None, packages_skip_regex=None, packages_start=None, packages_end=None, cmake_args=None, cmake_target=None, cmake_target_skip_unavailable=False, cmake_clean_cache=False, cmake_clean_first=False, cmake_force_configure=False, ament_cmake_args=None, catkin_cmake_args=None, catkin_skip_building_tests=False, verb_parser=<colcon_defaults.argument_parser.defaults.DefaultArgumentsDecorator object at 0x7430858fadb0>, verb_extension=<colcon_core.verb.build.BuildVerb object at 0x7430858fac00>, main=<bound method BuildVerb.main of <colcon_core.verb.build.BuildVerb object at 0x7430858fac00>>)
[0.169s] Level 1:colcon.colcon_core.package_discovery:discover_packages(colcon_meta) check parameters
[0.170s] Level 1:colcon.colcon_core.package_discovery:discover_packages(recursive) check parameters
[0.170s] Level 1:colcon.colcon_core.package_discovery:discover_packages(ignore) check parameters
[0.171s] Level 1:colcon.colcon_core.package_discovery:discover_packages(path) check parameters
[0.171s] Level 1:colcon.colcon_core.package_discovery:discover_packages(colcon_meta) discover
[0.171s] Level 1:colcon.colcon_core.package_discovery:discover_packages(recursive) discover
[0.171s] INFO:colcon.colcon_core.package_discovery:Crawling recursively for packages in '/home/alfred/shared_mac/Mekatronikk3/src'
[0.172s] Level 1:colcon.colcon_core.package_identification:_identify(.) by extensions ['ignore', 'ignore_ament_install']
[0.172s] Level 1:colcon.colcon_core.package_identification:_identify(.) by extension 'ignore'
[0.173s] Level 1:colcon.colcon_core.package_identification:_identify(.) by extension 'ignore_ament_install'
[0.173s] Level 1:colcon.colcon_core.package_identification:_identify(.) by extensions ['colcon_pkg']
[0.173s] Level 1:colcon.colcon_core.package_identification:_identify(.) by extension 'colcon_pkg'
[0.173s] Level 1:colcon.colcon_core.package_identification:_identify(.) by extensions ['colcon_meta']
[0.174s] Level 1:colcon.colcon_core.package_identification:_identify(.) by extension 'colcon_meta'
[0.174s] Level 1:colcon.colcon_core.package_identification:_identify(.) by extensions ['ros']
[0.174s] Level 1:colcon.colcon_core.package_identification:_identify(.) by extension 'ros'
[0.201s] Level 1:colcon.colcon_core.package_identification:_identify(.) by extensions ['cmake', 'python']
[0.201s] Level 1:colcon.colcon_core.package_identification:_identify(.) by extension 'cmake'
[0.202s] Level 1:colcon.colcon_core.package_identification:_identify(.) by extension 'python'
[0.202s] Level 1:colcon.colcon_core.package_identification:_identify(.) by extensions ['python_setup_py']
[0.202s] Level 1:colcon.colcon_core.package_identification:_identify(.) by extension 'python_setup_py'
[0.203s] Level 1:colcon.colcon_core.package_identification:_identify(build) by extensions ['ignore', 'ignore_ament_install']
[0.204s] Level 1:colcon.colcon_core.package_identification:_identify(build) by extension 'ignore'
[0.204s] Level 1:colcon.colcon_core.package_identification:_identify(build) ignored
[0.205s] Level 1:colcon.colcon_core.package_identification:_identify(install) by extensions ['ignore', 'ignore_ament_install']
[0.205s] Level 1:colcon.colcon_core.package_identification:_identify(install) by extension 'ignore'
[0.205s] Level 1:colcon.colcon_core.package_identification:_identify(install) ignored
[0.206s] Level 1:colcon.colcon_core.package_identification:_identify(kontrolsystem) by extensions ['ignore', 'ignore_ament_install']
[0.206s] Level 1:colcon.colcon_core.package_identification:_identify(kontrolsystem) by extension 'ignore'
[0.207s] Level 1:colcon.colcon_core.package_identification:_identify(kontrolsystem) by extension 'ignore_ament_install'
[0.207s] Level 1:colcon.colcon_core.package_identification:_identify(kontrolsystem) by extensions ['colcon_pkg']
[0.207s] Level 1:colcon.colcon_core.package_identification:_identify(kontrolsystem) by extension 'colcon_pkg'
[0.208s] Level 1:colcon.colcon_core.package_identification:_identify(kontrolsystem) by extensions ['colcon_meta']
[0.208s] Level 1:colcon.colcon_core.package_identification:_identify(kontrolsystem) by extension 'colcon_meta'
[0.208s] Level 1:colcon.colcon_core.package_identification:_identify(kontrolsystem) by extensions ['ros']
[0.208s] Level 1:colcon.colcon_core.package_identification:_identify(kontrolsystem) by extension 'ros'
[0.212s] DEBUG:colcon.colcon_core.package_identification:Package 'kontrolsystem' with type 'ros.ament_python' and name 'kontrolsystem'
[0.213s] Level 1:colcon.colcon_core.package_identification:_identify(log) by extensions ['ignore', 'ignore_ament_install']
[0.213s] Level 1:colcon.colcon_core.package_identification:_identify(log) by extension 'ignore'
[0.213s] Level 1:colcon.colcon_core.package_identification:_identify(log) ignored
[0.214s] Level 1:colcon.colcon_core.package_identification:_identify(ngc_bringup) by extensions ['ignore', 'ignore_ament_install']
[0.214s] Level 1:colcon.colcon_core.package_identification:_identify(ngc_bringup) by extension 'ignore'
[0.214s] Level 1:colcon.colcon_core.package_identification:_identify(ngc_bringup) by extension 'ignore_ament_install'
[0.215s] Level 1:colcon.colcon_core.package_identification:_identify(ngc_bringup) by extensions ['colcon_pkg']
[0.215s] Level 1:colcon.colcon_core.package_identification:_identify(ngc_bringup) by extension 'colcon_pkg'
[0.215s] Level 1:colcon.colcon_core.package_identification:_identify(ngc_bringup) by extensions ['colcon_meta']
[0.215s] Level 1:colcon.colcon_core.package_identification:_identify(ngc_bringup) by extension 'colcon_meta'
[0.215s] Level 1:colcon.colcon_core.package_identification:_identify(ngc_bringup) by extensions ['ros']
[0.215s] Level 1:colcon.colcon_core.package_identification:_identify(ngc_bringup) by extension 'ros'
[0.217s] DEBUG:colcon.colcon_core.package_identification:Package 'ngc_bringup' with type 'ros.ament_cmake' and name 'ngc_bringup'
[0.218s] Level 1:colcon.colcon_core.package_identification:_identify(ngc_hmi) by extensions ['ignore', 'ignore_ament_install']
[0.218s] Level 1:colcon.colcon_core.package_identification:_identify(ngc_hmi) by extension 'ignore'
[0.218s] Level 1:colcon.colcon_core.package_identification:_identify(ngc_hmi) by extension 'ignore_ament_install'
[0.219s] Level 1:colcon.colcon_core.package_identification:_identify(ngc_hmi) by extensions ['colcon_pkg']
[0.219s] Level 1:colcon.colcon_core.package_identification:_identify(ngc_hmi) by extension 'colcon_pkg'
[0.219s] Level 1:colcon.colcon_core.package_identification:_identify(ngc_hmi) by extensions ['colcon_meta']
[0.219s] Level 1:colcon.colcon_core.package_identification:_identify(ngc_hmi) by extension 'colcon_meta'
[0.219s] Level 1:colcon.colcon_core.package_identification:_identify(ngc_hmi) by extensions ['ros']
[0.220s] Level 1:colcon.colcon_core.package_identification:_identify(ngc_hmi) by extension 'ros'
[0.221s] DEBUG:colcon.colcon_core.package_identification:Package 'ngc_hmi' with type 'ros.ament_python' and name 'ngc_hmi'
[0.222s] Level 1:colcon.colcon_core.package_identification:_identify(ngc_hull_sim) by extensions ['ignore', 'ignore_ament_install']
[0.222s] Level 1:colcon.colcon_core.package_identification:_identify(ngc_hull_sim) by extension 'ignore'
[0.222s] Level 1:colcon.colcon_core.package_identification:_identify(ngc_hull_sim) by extension 'ignore_ament_install'
[0.223s] Level 1:colcon.colcon_core.package_identification:_identify(ngc_hull_sim) by extensions ['colcon_pkg']
[0.223s] Level 1:colcon.colcon_core.package_identification:_identify(ngc_hull_sim) by extension 'colcon_pkg'
[0.223s] Level 1:colcon.colcon_core.package_identification:_identify(ngc_hull_sim) by extensions ['colcon_meta']
[0.223s] Level 1:colcon.colcon_core.package_identification:_identify(ngc_hull_sim) by extension 'colcon_meta'
[0.223s] Level 1:colcon.colcon_core.package_identification:_identify(ngc_hull_sim) by extensions ['ros']
[0.224s] Level 1:colcon.colcon_core.package_identification:_identify(ngc_hull_sim) by extension 'ros'
[0.226s] DEBUG:colcon.colcon_core.package_identification:Package 'ngc_hull_sim' with type 'ros.ament_python' and name 'ngc_hull_sim'
[0.227s] Level 1:colcon.colcon_core.package_identification:_identify(ngc_interfaces) by extensions ['ignore', 'ignore_ament_install']
[0.227s] Level 1:colcon.colcon_core.package_identification:_identify(ngc_interfaces) by extension 'ignore'
[0.227s] Level 1:colcon.colcon_core.package_identification:_identify(ngc_interfaces) by extension 'ignore_ament_install'
[0.228s] Level 1:colcon.colcon_core.package_identification:_identify(ngc_interfaces) by extensions ['colcon_pkg']
[0.228s] Level 1:colcon.colcon_core.package_identification:_identify(ngc_interfaces) by extension 'colcon_pkg'
[0.228s] Level 1:colcon.colcon_core.package_identification:_identify(ngc_interfaces) by extensions ['colcon_meta']
[0.228s] Level 1:colcon.colcon_core.package_identification:_identify(ngc_interfaces) by extension 'colcon_meta'
[0.228s] Level 1:colcon.colcon_core.package_identification:_identify(ngc_interfaces) by extensions ['ros']
[0.228s] Level 1:colcon.colcon_core.package_identification:_identify(ngc_interfaces) by extension 'ros'
[0.230s] DEBUG:colcon.colcon_core.package_identification:Package 'ngc_interfaces' with type 'ros.ament_cmake' and name 'ngc_interfaces'
[0.231s] Level 1:colcon.colcon_core.package_identification:_identify(ngc_propulsion_sim) by extensions ['ignore', 'ignore_ament_install']
[0.231s] Level 1:colcon.colcon_core.package_identification:_identify(ngc_propulsion_sim) by extension 'ignore'
[0.231s] Level 1:colcon.colcon_core.package_identification:_identify(ngc_propulsion_sim) by extension 'ignore_ament_install'
[0.232s] Level 1:colcon.colcon_core.package_identification:_identify(ngc_propulsion_sim) by extensions ['colcon_pkg']
[0.232s] Level 1:colcon.colcon_core.package_identification:_identify(ngc_propulsion_sim) by extension 'colcon_pkg'
[0.232s] Level 1:colcon.colcon_core.package_identification:_identify(ngc_propulsion_sim) by extensions ['colcon_meta']
[0.232s] Level 1:colcon.colcon_core.package_identification:_identify(ngc_propulsion_sim) by extension 'colcon_meta'
[0.232s] Level 1:colcon.colcon_core.package_identification:_identify(ngc_propulsion_sim) by extensions ['ros']
[0.233s] Level 1:colcon.colcon_core.package_identification:_identify(ngc_propulsion_sim) by extension 'ros'
[0.234s] DEBUG:colcon.colcon_core.package_identification:Package 'ngc_propulsion_sim' with type 'ros.ament_python' and name 'ngc_propulsion_sim'
[0.235s] Level 1:colcon.colcon_core.package_identification:_identify(ngc_sensor_sims) by extensions ['ignore', 'ignore_ament_install']
[0.235s] Level 1:colcon.colcon_core.package_identification:_identify(ngc_sensor_sims) by extension 'ignore'
[0.235s] Level 1:colcon.colcon_core.package_identification:_identify(ngc_sensor_sims) by extension 'ignore_ament_install'
[0.236s] Level 1:colcon.colcon_core.package_identification:_identify(ngc_sensor_sims) by extensions ['colcon_pkg']
[0.236s] Level 1:colcon.colcon_core.package_identification:_identify(ngc_sensor_sims) by extension 'colcon_pkg'
[0.236s] Level 1:colcon.colcon_core.package_identification:_identify(ngc_sensor_sims) by extensions ['colcon_meta']
[0.237s] Level 1:colcon.colcon_core.package_identification:_identify(ngc_sensor_sims) by extension 'colcon_meta'
[0.237s] Level 1:colcon.colcon_core.package_identification:_identify(ngc_sensor_sims) by extensions ['ros']
[0.237s] Level 1:colcon.colcon_core.package_identification:_identify(ngc_sensor_sims) by extension 'ros'
[0.238s] DEBUG:colcon.colcon_core.package_identification:Package 'ngc_sensor_sims' with type 'ros.ament_python' and name 'ngc_sensor_sims'
[0.239s] Level 1:colcon.colcon_core.package_identification:_identify(ngc_utils) by extensions ['ignore', 'ignore_ament_install']
[0.239s] Level 1:colcon.colcon_core.package_identification:_identify(ngc_utils) by extension 'ignore'
[0.239s] Level 1:colcon.colcon_core.package_identification:_identify(ngc_utils) by extension 'ignore_ament_install'
[0.240s] Level 1:colcon.colcon_core.package_identification:_identify(ngc_utils) by extensions ['colcon_pkg']
[0.240s] Level 1:colcon.colcon_core.package_identification:_identify(ngc_utils) by extension 'colcon_pkg'
[0.240s] Level 1:colcon.colcon_core.package_identification:_identify(ngc_utils) by extensions ['colcon_meta']
[0.240s] Level 1:colcon.colcon_core.package_identification:_identify(ngc_utils) by extension 'colcon_meta'
[0.241s] Level 1:colcon.colcon_core.package_identification:_identify(ngc_utils) by extensions ['ros']
[0.241s] Level 1:colcon.colcon_core.package_identification:_identify(ngc_utils) by extension 'ros'
[0.242s] DEBUG:colcon.colcon_core.package_identification:Package 'ngc_utils' with type 'ros.ament_python' and name 'ngc_utils'
[0.242s] Level 1:colcon.colcon_core.package_discovery:discover_packages(recursive) using defaults
[0.242s] Level 1:colcon.colcon_core.package_discovery:discover_packages(ignore) discover
[0.243s] Level 1:colcon.colcon_core.package_discovery:discover_packages(ignore) using defaults
[0.243s] Level 1:colcon.colcon_core.package_discovery:discover_packages(path) discover
[0.243s] Level 1:colcon.colcon_core.package_discovery:discover_packages(path) using defaults
[0.267s] Level 5:colcon.colcon_core.verb:set package 'kontrolsystem' build argument 'cmake_args' from command line to 'None'
[0.267s] Level 5:colcon.colcon_core.verb:set package 'kontrolsystem' build argument 'cmake_target' from command line to 'None'
[0.267s] Level 5:colcon.colcon_core.verb:set package 'kontrolsystem' build argument 'cmake_target_skip_unavailable' from command line to 'False'
[0.267s] Level 5:colcon.colcon_core.verb:set package 'kontrolsystem' build argument 'cmake_clean_cache' from command line to 'False'
[0.267s] Level 5:colcon.colcon_core.verb:set package 'kontrolsystem' build argument 'cmake_clean_first' from command line to 'False'
[0.267s] Level 5:colcon.colcon_core.verb:set package 'kontrolsystem' build argument 'cmake_force_configure' from command line to 'False'
[0.268s] Level 5:colcon.colcon_core.verb:set package 'kontrolsystem' build argument 'ament_cmake_args' from command line to 'None'
[0.268s] Level 5:colcon.colcon_core.verb:set package 'kontrolsystem' build argument 'catkin_cmake_args' from command line to 'None'
[0.268s] Level 5:colcon.colcon_core.verb:set package 'kontrolsystem' build argument 'catkin_skip_building_tests' from command line to 'False'
[0.268s] DEBUG:colcon.colcon_core.verb:Building package 'kontrolsystem' with the following arguments: {'ament_cmake_args': None, 'build_base': '/home/alfred/shared_mac/Mekatronikk3/src/build/kontrolsystem', 'catkin_cmake_args': None, 'catkin_skip_building_tests': False, 'cmake_args': None, 'cmake_clean_cache': False, 'cmake_clean_first': False, 'cmake_force_configure': False, 'cmake_target': None, 'cmake_target_skip_unavailable': False, 'install_base': '/home/alfred/shared_mac/Mekatronikk3/src/install/kontrolsystem', 'merge_install': False, 'path': '/home/alfred/shared_mac/Mekatronikk3/src/kontrolsystem', 'symlink_install': False, 'test_result_base': None}
[0.268s] Level 5:colcon.colcon_core.verb:set package 'ngc_bringup' build argument 'cmake_args' from command line to 'None'
[0.269s] Level 5:colcon.colcon_core.verb:set package 'ngc_bringup' build argument 'cmake_target' from command line to 'None'
[0.269s] Level 5:colcon.colcon_core.verb:set package 'ngc_bringup' build argument 'cmake_target_skip_unavailable' from command line to 'False'
[0.269s] Level 5:colcon.colcon_core.verb:set package 'ngc_bringup' build argument 'cmake_clean_cache' from command line to 'False'
[0.269s] Level 5:colcon.colcon_core.verb:set package 'ngc_bringup' build argument 'cmake_clean_first' from command line to 'False'
[0.269s] Level 5:colcon.colcon_core.verb:set package 'ngc_bringup' build argument 'cmake_force_configure' from command line to 'False'
[0.269s] Level 5:colcon.colcon_core.verb:set package 'ngc_bringup' build argument 'ament_cmake_args' from command line to 'None'
[0.270s] Level 5:colcon.colcon_core.verb:set package 'ngc_bringup' build argument 'catkin_cmake_args' from command line to 'None'
[0.270s] Level 5:colcon.colcon_core.verb:set package 'ngc_bringup' build argument 'catkin_skip_building_tests' from command line to 'False'
[0.270s] DEBUG:colcon.colcon_core.verb:Building package 'ngc_bringup' with the following arguments: {'ament_cmake_args': None, 'build_base': '/home/alfred/shared_mac/Mekatronikk3/src/build/ngc_bringup', 'catkin_cmake_args': None, 'catkin_skip_building_tests': False, 'cmake_args': None, 'cmake_clean_cache': False, 'cmake_clean_first': False, 'cmake_force_configure': False, 'cmake_target': None, 'cmake_target_skip_unavailable': False, 'install_base': '/home/alfred/shared_mac/Mekatronikk3/src/install/ngc_bringup', 'merge_install': False, 'path': '/home/alfred/shared_mac/Mekatronikk3/src/ngc_bringup', 'symlink_install': False, 'test_result_base': None}
[0.271s] Level 5:colcon.colcon_core.verb:set package 'ngc_interfaces' build argument 'cmake_args' from command line to 'None'
[0.271s] Level 5:colcon.colcon_core.verb:set package 'ngc_interfaces' build argument 'cmake_target' from command line to 'None'
[0.271s] Level 5:colcon.colcon_core.verb:set package 'ngc_interfaces' build argument 'cmake_target_skip_unavailable' from command line to 'False'
[0.271s] Level 5:colcon.colcon_core.verb:set package 'ngc_interfaces' build argument 'cmake_clean_cache' from command line to 'False'
[0.271s] Level 5:colcon.colcon_core.verb:set package 'ngc_interfaces' build argument 'cmake_clean_first' from command line to 'False'
[0.271s] Level 5:colcon.colcon_core.verb:set package 'ngc_interfaces' build argument 'cmake_force_configure' from command line to 'False'
[0.271s] Level 5:colcon.colcon_core.verb:set package 'ngc_interfaces' build argument 'ament_cmake_args' from command line to 'None'
[0.271s] Level 5:colcon.colcon_core.verb:set package 'ngc_interfaces' build argument 'catkin_cmake_args' from command line to 'None'
[0.272s] Level 5:colcon.colcon_core.verb:set package 'ngc_interfaces' build argument 'catkin_skip_building_tests' from command line to 'False'
[0.272s] DEBUG:colcon.colcon_core.verb:Building package 'ngc_interfaces' with the following arguments: {'ament_cmake_args': None, 'build_base': '/home/alfred/shared_mac/Mekatronikk3/src/build/ngc_interfaces', 'catkin_cmake_args': None, 'catkin_skip_building_tests': False, 'cmake_args': None, 'cmake_clean_cache': False, 'cmake_clean_first': False, 'cmake_force_configure': False, 'cmake_target': None, 'cmake_target_skip_unavailable': False, 'install_base': '/home/alfred/shared_mac/Mekatronikk3/src/install/ngc_interfaces', 'merge_install': False, 'path': '/home/alfred/shared_mac/Mekatronikk3/src/ngc_interfaces', 'symlink_install': False, 'test_result_base': None}
[0.272s] Level 5:colcon.colcon_core.verb:set package 'ngc_sensor_sims' build argument 'cmake_args' from command line to 'None'
[0.272s] Level 5:colcon.colcon_core.verb:set package 'ngc_sensor_sims' build argument 'cmake_target' from command line to 'None'
[0.272s] Level 5:colcon.colcon_core.verb:set package 'ngc_sensor_sims' build argument 'cmake_target_skip_unavailable' from command line to 'False'
[0.273s] Level 5:colcon.colcon_core.verb:set package 'ngc_sensor_sims' build argument 'cmake_clean_cache' from command line to 'False'
[0.273s] Level 5:colcon.colcon_core.verb:set package 'ngc_sensor_sims' build argument 'cmake_clean_first' from command line to 'False'
[0.273s] Level 5:colcon.colcon_core.verb:set package 'ngc_sensor_sims' build argument 'cmake_force_configure' from command line to 'False'
[0.273s] Level 5:colcon.colcon_core.verb:set package 'ngc_sensor_sims' build argument 'ament_cmake_args' from command line to 'None'
[0.273s] Level 5:colcon.colcon_core.verb:set package 'ngc_sensor_sims' build argument 'catkin_cmake_args' from command line to 'None'
[0.273s] Level 5:colcon.colcon_core.verb:set package 'ngc_sensor_sims' build argument 'catkin_skip_building_tests' from command line to 'False'
[0.274s] DEBUG:colcon.colcon_core.verb:Building package 'ngc_sensor_sims' with the following arguments: {'ament_cmake_args': None, 'build_base': '/home/alfred/shared_mac/Mekatronikk3/src/build/ngc_sensor_sims', 'catkin_cmake_args': None, 'catkin_skip_building_tests': False, 'cmake_args': None, 'cmake_clean_cache': False, 'cmake_clean_first': False, 'cmake_force_configure': False, 'cmake_target': None, 'cmake_target_skip_unavailable': False, 'install_base': '/home/alfred/shared_mac/Mekatronikk3/src/install/ngc_sensor_sims', 'merge_install': False, 'path': '/home/alfred/shared_mac/Mekatronikk3/src/ngc_sensor_sims', 'symlink_install': False, 'test_result_base': None}
[0.274s] Level 5:colcon.colcon_core.verb:set package 'ngc_utils' build argument 'cmake_args' from command line to 'None'
[0.274s] Level 5:colcon.colcon_core.verb:set package 'ngc_utils' build argument 'cmake_target' from command line to 'None'
[0.274s] Level 5:colcon.colcon_core.verb:set package 'ngc_utils' build argument 'cmake_target_skip_unavailable' from command line to 'False'
[0.274s] Level 5:colcon.colcon_core.verb:set package 'ngc_utils' build argument 'cmake_clean_cache' from command line to 'False'
[0.275s] Level 5:colcon.colcon_core.verb:set package 'ngc_utils' build argument 'cmake_clean_first' from command line to 'False'
[0.275s] Level 5:colcon.colcon_core.verb:set package 'ngc_utils' build argument 'cmake_force_configure' from command line to 'False'
[0.275s] Level 5:colcon.colcon_core.verb:set package 'ngc_utils' build argument 'ament_cmake_args' from command line to 'None'
[0.275s] Level 5:colcon.colcon_core.verb:set package 'ngc_utils' build argument 'catkin_cmake_args' from command line to 'None'
[0.275s] Level 5:colcon.colcon_core.verb:set package 'ngc_utils' build argument 'catkin_skip_building_tests' from command line to 'False'
[0.275s] DEBUG:colcon.colcon_core.verb:Building package 'ngc_utils' with the following arguments: {'ament_cmake_args': None, 'build_base': '/home/alfred/shared_mac/Mekatronikk3/src/build/ngc_utils', 'catkin_cmake_args': None, 'catkin_skip_building_tests': False, 'cmake_args': None, 'cmake_clean_cache': False, 'cmake_clean_first': False, 'cmake_force_configure': False, 'cmake_target': None, 'cmake_target_skip_unavailable': False, 'install_base': '/home/alfred/shared_mac/Mekatronikk3/src/install/ngc_utils', 'merge_install': False, 'path': '/home/alfred/shared_mac/Mekatronikk3/src/ngc_utils', 'symlink_install': False, 'test_result_base': None}
[0.276s] Level 5:colcon.colcon_core.verb:set package 'ngc_hmi' build argument 'cmake_args' from command line to 'None'
[0.276s] Level 5:colcon.colcon_core.verb:set package 'ngc_hmi' build argument 'cmake_target' from command line to 'None'
[0.276s] Level 5:colcon.colcon_core.verb:set package 'ngc_hmi' build argument 'cmake_target_skip_unavailable' from command line to 'False'
[0.276s] Level 5:colcon.colcon_core.verb:set package 'ngc_hmi' build argument 'cmake_clean_cache' from command line to 'False'
[0.276s] Level 5:colcon.colcon_core.verb:set package 'ngc_hmi' build argument 'cmake_clean_first' from command line to 'False'
[0.276s] Level 5:colcon.colcon_core.verb:set package 'ngc_hmi' build argument 'cmake_force_configure' from command line to 'False'
[0.276s] Level 5:colcon.colcon_core.verb:set package 'ngc_hmi' build argument 'ament_cmake_args' from command line to 'None'
[0.277s] Level 5:colcon.colcon_core.verb:set package 'ngc_hmi' build argument 'catkin_cmake_args' from command line to 'None'
[0.277s] Level 5:colcon.colcon_core.verb:set package 'ngc_hmi' build argument 'catkin_skip_building_tests' from command line to 'False'
[0.277s] DEBUG:colcon.colcon_core.verb:Building package 'ngc_hmi' with the following arguments: {'ament_cmake_args': None, 'build_base': '/home/alfred/shared_mac/Mekatronikk3/src/build/ngc_hmi', 'catkin_cmake_args': None, 'catkin_skip_building_tests': False, 'cmake_args': None, 'cmake_clean_cache': False, 'cmake_clean_first': False, 'cmake_force_configure': False, 'cmake_target': None, 'cmake_target_skip_unavailable': False, 'install_base': '/home/alfred/shared_mac/Mekatronikk3/src/install/ngc_hmi', 'merge_install': False, 'path': '/home/alfred/shared_mac/Mekatronikk3/src/ngc_hmi', 'symlink_install': False, 'test_result_base': None}
[0.277s] Level 5:colcon.colcon_core.verb:set package 'ngc_hull_sim' build argument 'cmake_args' from command line to 'None'
[0.278s] Level 5:colcon.colcon_core.verb:set package 'ngc_hull_sim' build argument 'cmake_target' from command line to 'None'
[0.278s] Level 5:colcon.colcon_core.verb:set package 'ngc_hull_sim' build argument 'cmake_target_skip_unavailable' from command line to 'False'
[0.278s] Level 5:colcon.colcon_core.verb:set package 'ngc_hull_sim' build argument 'cmake_clean_cache' from command line to 'False'
[0.278s] Level 5:colcon.colcon_core.verb:set package 'ngc_hull_sim' build argument 'cmake_clean_first' from command line to 'False'
[0.278s] Level 5:colcon.colcon_core.verb:set package 'ngc_hull_sim' build argument 'cmake_force_configure' from command line to 'False'
[0.278s] Level 5:colcon.colcon_core.verb:set package 'ngc_hull_sim' build argument 'ament_cmake_args' from command line to 'None'
[0.278s] Level 5:colcon.colcon_core.verb:set package 'ngc_hull_sim' build argument 'catkin_cmake_args' from command line to 'None'
[0.279s] Level 5:colcon.colcon_core.verb:set package 'ngc_hull_sim' build argument 'catkin_skip_building_tests' from command line to 'False'
[0.279s] DEBUG:colcon.colcon_core.verb:Building package 'ngc_hull_sim' with the following arguments: {'ament_cmake_args': None, 'build_base': '/home/alfred/shared_mac/Mekatronikk3/src/build/ngc_hull_sim', 'catkin_cmake_args': None, 'catkin_skip_building_tests': False, 'cmake_args': None, 'cmake_clean_cache': False, 'cmake_clean_first': False, 'cmake_force_configure': False, 'cmake_target': None, 'cmake_target_skip_unavailable': False, 'install_base': '/home/alfred/shared_mac/Mekatronikk3/src/install/ngc_hull_sim', 'merge_install': False, 'path': '/home/alfred/shared_mac/Mekatronikk3/src/ngc_hull_sim', 'symlink_install': False, 'test_result_base': None}
[0.279s] Level 5:colcon.colcon_core.verb:set package 'ngc_propulsion_sim' build argument 'cmake_args' from command line to 'None'
[0.279s] Level 5:colcon.colcon_core.verb:set package 'ngc_propulsion_sim' build argument 'cmake_target' from command line to 'None'
[0.279s] Level 5:colcon.colcon_core.verb:set package 'ngc_propulsion_sim' build argument 'cmake_target_skip_unavailable' from command line to 'False'
[0.280s] Level 5:colcon.colcon_core.verb:set package 'ngc_propulsion_sim' build argument 'cmake_clean_cache' from command line to 'False'
[0.280s] Level 5:colcon.colcon_core.verb:set package 'ngc_propulsion_sim' build argument 'cmake_clean_first' from command line to 'False'
[0.280s] Level 5:colcon.colcon_core.verb:set package 'ngc_propulsion_sim' build argument 'cmake_force_configure' from command line to 'False'
[0.280s] Level 5:colcon.colcon_core.verb:set package 'ngc_propulsion_sim' build argument 'ament_cmake_args' from command line to 'None'
[0.280s] Level 5:colcon.colcon_core.verb:set package 'ngc_propulsion_sim' build argument 'catkin_cmake_args' from command line to 'None'
[0.280s] Level 5:colcon.colcon_core.verb:set package 'ngc_propulsion_sim' build argument 'catkin_skip_building_tests' from command line to 'False'
[0.281s] DEBUG:colcon.colcon_core.verb:Building package 'ngc_propulsion_sim' with the following arguments: {'ament_cmake_args': None, 'build_base': '/home/alfred/shared_mac/Mekatronikk3/src/build/ngc_propulsion_sim', 'catkin_cmake_args': None, 'catkin_skip_building_tests': False, 'cmake_args': None, 'cmake_clean_cache': False, 'cmake_clean_first': False, 'cmake_force_configure': False, 'cmake_target': None, 'cmake_target_skip_unavailable': False, 'install_base': '/home/alfred/shared_mac/Mekatronikk3/src/install/ngc_propulsion_sim', 'merge_install': False, 'path': '/home/alfred/shared_mac/Mekatronikk3/src/ngc_propulsion_sim', 'symlink_install': False, 'test_result_base': None}
[0.281s] INFO:colcon.colcon_core.executor:Executing jobs using 'parallel' executor
[0.282s] DEBUG:colcon.colcon_parallel_executor.executor.parallel:run_until_complete
[0.283s] INFO:colcon.colcon_ros.task.ament_cmake.build:Building ROS package in '/home/alfred/shared_mac/Mekatronikk3/src/ngc_interfaces' with build type 'ament_cmake'
[0.283s] INFO:colcon.colcon_cmake.task.cmake.build:Building CMake package in '/home/alfred/shared_mac/Mekatronikk3/src/ngc_interfaces'
[0.287s] INFO:colcon.colcon_core.plugin_system:Skipping extension 'colcon_core.shell.bat': Not used on non-Windows systems
[0.287s] DEBUG:colcon.colcon_core.shell:Skip shell extension 'dsv' for command environment
[0.288s] WARNING:colcon.colcon_ros.prefix_path.ament:The path '/home/alfred/shared_mac/Mekatronikk3/src/install/ngc_hull_sim' in the environment variable AMENT_PREFIX_PATH doesn't exist
[0.289s] WARNING:colcon.colcon_ros.prefix_path.ament:The path '/home/alfred/shared_mac/Mekatronikk3/src/install/ngc_utils' in the environment variable AMENT_PREFIX_PATH doesn't exist
[0.289s] WARNING:colcon.colcon_ros.prefix_path.ament:The path '/home/alfred/shared_mac/Mekatronikk3/src/install/ngc_sensor_sims' in the environment variable AMENT_PREFIX_PATH doesn't exist
[0.289s] WARNING:colcon.colcon_ros.prefix_path.ament:The path '/home/alfred/shared_mac/Mekatronikk3/src/install/ngc_propulsion_sim' in the environment variable AMENT_PREFIX_PATH doesn't exist
[0.289s] WARNING:colcon.colcon_ros.prefix_path.ament:The path '/home/alfred/shared_mac/Mekatronikk3/src/install/ngc_hmi' in the environment variable AMENT_PREFIX_PATH doesn't exist
[0.290s] WARNING:colcon.colcon_ros.prefix_path.ament:The path '/home/alfred/shared_mac/Mekatronikk3/src/install/ngc_interfaces' in the environment variable AMENT_PREFIX_PATH doesn't exist
[0.290s] WARNING:colcon.colcon_ros.prefix_path.ament:The path '/home/alfred/shared_mac/Mekatronikk3/src/install/ngc_bringup' in the environment variable AMENT_PREFIX_PATH doesn't exist
[0.290s] WARNING:colcon.colcon_ros.prefix_path.ament:The path '/home/alfred/shared_mac/Mekatronikk3/src/install/kontrolsystem' in the environment variable AMENT_PREFIX_PATH doesn't exist
[0.291s] WARNING:colcon.colcon_ros.prefix_path.catkin:The path '/home/alfred/shared_mac/Mekatronikk3/src/install/ngc_interfaces' in the environment variable CMAKE_PREFIX_PATH doesn't exist
[0.291s] WARNING:colcon.colcon_ros.prefix_path.catkin:The path '/home/alfred/shared_mac/Mekatronikk3/src/install/ngc_bringup' in the environment variable CMAKE_PREFIX_PATH doesn't exist
[0.310s] INFO:colcon.colcon_ros.task.ament_cmake.build:Building ROS package in '/home/alfred/shared_mac/Mekatronikk3/src/ngc_bringup' with build type 'ament_cmake'
[0.311s] INFO:colcon.colcon_cmake.task.cmake.build:Building CMake package in '/home/alfred/shared_mac/Mekatronikk3/src/ngc_bringup'
[0.311s] DEBUG:colcon.colcon_core.shell:Skip shell extension 'dsv' for command environment
[0.319s] INFO:colcon.colcon_ros.task.ament_python.build:Building ROS package in '/home/alfred/shared_mac/Mekatronikk3/src/ngc_utils' with build type 'ament_python'
[0.320s] Level 1:colcon.colcon_core.shell:create_environment_hook('ngc_utils', 'ament_prefix_path')
[0.320s] INFO:colcon.colcon_core.shell:Creating environment descriptor '/home/alfred/shared_mac/Mekatronikk3/src/install/ngc_utils/share/ngc_utils/hook/ament_prefix_path.dsv'
[0.324s] INFO:colcon.colcon_core.shell:Creating environment hook '/home/alfred/shared_mac/Mekatronikk3/src/install/ngc_utils/share/ngc_utils/hook/ament_prefix_path.sh'
[0.326s] DEBUG:colcon.colcon_core.shell:Skip shell extension 'dsv' for command environment
[0.336s] INFO:colcon.colcon_ros.task.ament_python.build:Building ROS package in '/home/alfred/shared_mac/Mekatronikk3/src/kontrolsystem' with build type 'ament_python'
[0.337s] Level 1:colcon.colcon_core.shell:create_environment_hook('kontrolsystem', 'ament_prefix_path')
[0.337s] INFO:colcon.colcon_core.shell:Creating environment descriptor '/home/alfred/shared_mac/Mekatronikk3/src/install/kontrolsystem/share/kontrolsystem/hook/ament_prefix_path.dsv'
[0.351s] INFO:colcon.colcon_core.shell:Creating environment hook '/home/alfred/shared_mac/Mekatronikk3/src/install/kontrolsystem/share/kontrolsystem/hook/ament_prefix_path.sh'
[0.353s] DEBUG:colcon.colcon_core.shell:Skip shell extension 'dsv' for command environment
[0.389s] DEBUG:colcon.colcon_core.event_handler.log_command:Invoking command in '/home/alfred/shared_mac/Mekatronikk3/src/build/ngc_interfaces': CMAKE_PREFIX_PATH=${CMAKE_PREFIX_PATH}:/home/alfred/shared_mac/Mekatronikk3/src/install/ngc_hull_sim:/home/alfred/shared_mac/Mekatronikk3/src/install/ngc_utils:/home/alfred/shared_mac/Mekatronikk3/src/install/ngc_sensor_sims:/home/alfred/shared_mac/Mekatronikk3/src/install/ngc_propulsion_sim:/home/alfred/shared_mac/Mekatronikk3/src/install/ngc_hmi:/home/alfred/shared_mac/Mekatronikk3/src/install/kontrolsystem:/opt/ros/jazzy DEBUGINFOD_URLS=https://debuginfod.ubuntu.com /usr/bin/cmake /home/alfred/shared_mac/Mekatronikk3/src/ngc_interfaces -DCMAKE_INSTALL_PREFIX=/home/alfred/shared_mac/Mekatronikk3/src/install/ngc_interfaces
[0.402s] DEBUG:colcon.colcon_core.event_handler.log_command:Invoking command in '/home/alfred/shared_mac/Mekatronikk3/src/build/ngc_bringup': CMAKE_PREFIX_PATH=${CMAKE_PREFIX_PATH}:/home/alfred/shared_mac/Mekatronikk3/src/install/ngc_hull_sim:/home/alfred/shared_mac/Mekatronikk3/src/install/ngc_utils:/home/alfred/shared_mac/Mekatronikk3/src/install/ngc_sensor_sims:/home/alfred/shared_mac/Mekatronikk3/src/install/ngc_propulsion_sim:/home/alfred/shared_mac/Mekatronikk3/src/install/ngc_hmi:/home/alfred/shared_mac/Mekatronikk3/src/install/kontrolsystem:/opt/ros/jazzy DEBUGINFOD_URLS=https://debuginfod.ubuntu.com /usr/bin/cmake /home/alfred/shared_mac/Mekatronikk3/src/ngc_bringup -DCMAKE_INSTALL_PREFIX=/home/alfred/shared_mac/Mekatronikk3/src/install/ngc_bringup
[1.050s] INFO:colcon.colcon_core.task.python.build:Building Python package in '/home/alfred/shared_mac/Mekatronikk3/src/ngc_utils'
[1.051s] DEBUG:colcon.colcon_core.shell:Skip shell extension 'dsv' for command environment
[1.573s] INFO:colcon.colcon_core.task.python.build:Building Python package in '/home/alfred/shared_mac/Mekatronikk3/src/kontrolsystem'
[1.573s] DEBUG:colcon.colcon_core.shell:Skip shell extension 'dsv' for command environment
[2.869s] DEBUG:colcon.colcon_core.event_handler.log_command:Invoking command in '/home/alfred/shared_mac/Mekatronikk3/src/ngc_utils': DEBUGINFOD_URLS=https://debuginfod.ubuntu.com PYTHONPATH=/home/alfred/shared_mac/Mekatronikk3/src/build/ngc_utils/prefix_override:/usr/lib/python3/dist-packages/colcon_core/task/python/colcon_distutils_commands:/home/alfred/shared_mac/Mekatronikk3/src/install/ngc_utils/lib/python3.12/site-packages:${PYTHONPATH} /usr/bin/python3 -W ignore:setup.py install is deprecated setup.py egg_info --egg-base ../build/ngc_utils build --build-base /home/alfred/shared_mac/Mekatronikk3/src/build/ngc_utils/build install --record /home/alfred/shared_mac/Mekatronikk3/src/build/ngc_utils/install.log --single-version-externally-managed install_data
[3.160s] DEBUG:colcon.colcon_core.event_handler.log_command:Invoking command in '/home/alfred/shared_mac/Mekatronikk3/src/kontrolsystem': DEBUGINFOD_URLS=https://debuginfod.ubuntu.com PYTHONPATH=/home/alfred/shared_mac/Mekatronikk3/src/build/kontrolsystem/prefix_override:/usr/lib/python3/dist-packages/colcon_core/task/python/colcon_distutils_commands:/home/alfred/shared_mac/Mekatronikk3/src/install/kontrolsystem/lib/python3.12/site-packages:${PYTHONPATH} /usr/bin/python3 -W ignore:setup.py install is deprecated setup.py egg_info --egg-base ../build/kontrolsystem build --build-base /home/alfred/shared_mac/Mekatronikk3/src/build/kontrolsystem/build install --record /home/alfred/shared_mac/Mekatronikk3/src/build/kontrolsystem/install.log --single-version-externally-managed install_data
[3.311s] DEBUG:colcon.colcon_core.event_handler.log_command:Invoked command in '/home/alfred/shared_mac/Mekatronikk3/src/build/ngc_bringup' returned '0': CMAKE_PREFIX_PATH=${CMAKE_PREFIX_PATH}:/home/alfred/shared_mac/Mekatronikk3/src/install/ngc_hull_sim:/home/alfred/shared_mac/Mekatronikk3/src/install/ngc_utils:/home/alfred/shared_mac/Mekatronikk3/src/install/ngc_sensor_sims:/home/alfred/shared_mac/Mekatronikk3/src/install/ngc_propulsion_sim:/home/alfred/shared_mac/Mekatronikk3/src/install/ngc_hmi:/home/alfred/shared_mac/Mekatronikk3/src/install/kontrolsystem:/opt/ros/jazzy DEBUGINFOD_URLS=https://debuginfod.ubuntu.com /usr/bin/cmake /home/alfred/shared_mac/Mekatronikk3/src/ngc_bringup -DCMAKE_INSTALL_PREFIX=/home/alfred/shared_mac/Mekatronikk3/src/install/ngc_bringup
[3.321s] DEBUG:colcon.colcon_core.event_handler.log_command:Invoking command in '/home/alfred/shared_mac/Mekatronikk3/src/build/ngc_bringup': CMAKE_PREFIX_PATH=${CMAKE_PREFIX_PATH}:/home/alfred/shared_mac/Mekatronikk3/src/install/ngc_hull_sim:/home/alfred/shared_mac/Mekatronikk3/src/install/ngc_utils:/home/alfred/shared_mac/Mekatronikk3/src/install/ngc_sensor_sims:/home/alfred/shared_mac/Mekatronikk3/src/install/ngc_propulsion_sim:/home/alfred/shared_mac/Mekatronikk3/src/install/ngc_hmi:/home/alfred/shared_mac/Mekatronikk3/src/install/kontrolsystem:/opt/ros/jazzy DEBUGINFOD_URLS=https://debuginfod.ubuntu.com /usr/bin/cmake --build /home/alfred/shared_mac/Mekatronikk3/src/build/ngc_bringup -- -j4 -l4
[3.488s] DEBUG:colcon.colcon_core.event_handler.log_command:Invoked command in '/home/alfred/shared_mac/Mekatronikk3/src/build/ngc_bringup' returned '0': CMAKE_PREFIX_PATH=${CMAKE_PREFIX_PATH}:/home/alfred/shared_mac/Mekatronikk3/src/install/ngc_hull_sim:/home/alfred/shared_mac/Mekatronikk3/src/install/ngc_utils:/home/alfred/shared_mac/Mekatronikk3/src/install/ngc_sensor_sims:/home/alfred/shared_mac/Mekatronikk3/src/install/ngc_propulsion_sim:/home/alfred/shared_mac/Mekatronikk3/src/install/ngc_hmi:/home/alfred/shared_mac/Mekatronikk3/src/install/kontrolsystem:/opt/ros/jazzy DEBUGINFOD_URLS=https://debuginfod.ubuntu.com /usr/bin/cmake --build /home/alfred/shared_mac/Mekatronikk3/src/build/ngc_bringup -- -j4 -l4
[3.616s] DEBUG:colcon.colcon_core.event_handler.log_command:Invoking command in '/home/alfred/shared_mac/Mekatronikk3/src/build/ngc_bringup': CMAKE_PREFIX_PATH=${CMAKE_PREFIX_PATH}:/home/alfred/shared_mac/Mekatronikk3/src/install/ngc_hull_sim:/home/alfred/shared_mac/Mekatronikk3/src/install/ngc_utils:/home/alfred/shared_mac/Mekatronikk3/src/install/ngc_sensor_sims:/home/alfred/shared_mac/Mekatronikk3/src/install/ngc_propulsion_sim:/home/alfred/shared_mac/Mekatronikk3/src/install/ngc_hmi:/home/alfred/shared_mac/Mekatronikk3/src/install/kontrolsystem:/opt/ros/jazzy DEBUGINFOD_URLS=https://debuginfod.ubuntu.com /usr/bin/cmake --install /home/alfred/shared_mac/Mekatronikk3/src/build/ngc_bringup
[3.938s] Level 1:colcon.colcon_core.environment:create_environment_scripts_only(ngc_bringup)
[3.950s] Level 1:colcon.colcon_core.environment:checking '/home/alfred/shared_mac/Mekatronikk3/src/install/ngc_bringup' for CMake module files
[3.955s] DEBUG:colcon.colcon_core.event_handler.log_command:Invoked command in '/home/alfred/shared_mac/Mekatronikk3/src/build/ngc_bringup' returned '0': CMAKE_PREFIX_PATH=${CMAKE_PREFIX_PATH}:/home/alfred/shared_mac/Mekatronikk3/src/install/ngc_hull_sim:/home/alfred/shared_mac/Mekatronikk3/src/install/ngc_utils:/home/alfred/shared_mac/Mekatronikk3/src/install/ngc_sensor_sims:/home/alfred/shared_mac/Mekatronikk3/src/install/ngc_propulsion_sim:/home/alfred/shared_mac/Mekatronikk3/src/install/ngc_hmi:/home/alfred/shared_mac/Mekatronikk3/src/install/kontrolsystem:/opt/ros/jazzy DEBUGINFOD_URLS=https://debuginfod.ubuntu.com /usr/bin/cmake --install /home/alfred/shared_mac/Mekatronikk3/src/build/ngc_bringup
[3.962s] Level 1:colcon.colcon_core.environment:checking '/home/alfred/shared_mac/Mekatronikk3/src/install/ngc_bringup' for CMake config files
[3.964s] Level 1:colcon.colcon_core.shell:create_environment_hook('ngc_bringup', 'cmake_prefix_path')
[3.966s] INFO:colcon.colcon_core.shell:Creating environment descriptor '/home/alfred/shared_mac/Mekatronikk3/src/install/ngc_bringup/share/ngc_bringup/hook/cmake_prefix_path.dsv'
[3.975s] INFO:colcon.colcon_core.shell:Creating environment hook '/home/alfred/shared_mac/Mekatronikk3/src/install/ngc_bringup/share/ngc_bringup/hook/cmake_prefix_path.sh'
[3.978s] Level 1:colcon.colcon_core.environment:checking '/home/alfred/shared_mac/Mekatronikk3/src/install/ngc_bringup/bin'
[3.979s] Level 1:colcon.colcon_core.environment:checking '/home/alfred/shared_mac/Mekatronikk3/src/install/ngc_bringup/lib/pkgconfig/ngc_bringup.pc'
[3.980s] Level 1:colcon.colcon_core.environment:checking '/home/alfred/shared_mac/Mekatronikk3/src/install/ngc_bringup/lib/python3.12/site-packages'
[3.981s] Level 1:colcon.colcon_core.environment:checking '/home/alfred/shared_mac/Mekatronikk3/src/install/ngc_bringup/bin'
[3.982s] INFO:colcon.colcon_core.shell:Creating package descriptor '/home/alfred/shared_mac/Mekatronikk3/src/install/ngc_bringup/share/ngc_bringup/package.dsv'
[3.985s] INFO:colcon.colcon_core.shell:Creating package script '/home/alfred/shared_mac/Mekatronikk3/src/install/ngc_bringup/share/ngc_bringup/package.sh'
[3.988s] INFO:colcon.colcon_core.shell:Creating package script '/home/alfred/shared_mac/Mekatronikk3/src/install/ngc_bringup/share/ngc_bringup/package.bash'
[3.993s] INFO:colcon.colcon_core.shell:Creating package script '/home/alfred/shared_mac/Mekatronikk3/src/install/ngc_bringup/share/ngc_bringup/package.zsh'
[3.999s] Level 1:colcon.colcon_core.environment:create_file_with_runtime_dependencies(/home/alfred/shared_mac/Mekatronikk3/src/install/ngc_bringup/share/colcon-core/packages/ngc_bringup)
[4.094s] Level 1:colcon.colcon_core.environment:create_environment_scripts_only(ngc_bringup)
[4.095s] Level 1:colcon.colcon_core.environment:checking '/home/alfred/shared_mac/Mekatronikk3/src/install/ngc_bringup' for CMake module files
[4.108s] Level 1:colcon.colcon_core.environment:checking '/home/alfred/shared_mac/Mekatronikk3/src/install/ngc_bringup' for CMake config files
[4.113s] Level 1:colcon.colcon_core.shell:create_environment_hook('ngc_bringup', 'cmake_prefix_path')
[4.113s] INFO:colcon.colcon_core.shell:Creating environment descriptor '/home/alfred/shared_mac/Mekatronikk3/src/install/ngc_bringup/share/ngc_bringup/hook/cmake_prefix_path.dsv'
[4.115s] INFO:colcon.colcon_core.shell:Creating environment hook '/home/alfred/shared_mac/Mekatronikk3/src/install/ngc_bringup/share/ngc_bringup/hook/cmake_prefix_path.sh'
[4.118s] Level 1:colcon.colcon_core.environment:checking '/home/alfred/shared_mac/Mekatronikk3/src/install/ngc_bringup/bin'
[4.119s] Level 1:colcon.colcon_core.environment:checking '/home/alfred/shared_mac/Mekatronikk3/src/install/ngc_bringup/lib/pkgconfig/ngc_bringup.pc'
[4.121s] Level 1:colcon.colcon_core.environment:checking '/home/alfred/shared_mac/Mekatronikk3/src/install/ngc_bringup/lib/python3.12/site-packages'
[4.123s] Level 1:colcon.colcon_core.environment:checking '/home/alfred/shared_mac/Mekatronikk3/src/install/ngc_bringup/bin'
[4.126s] INFO:colcon.colcon_core.shell:Creating package descriptor '/home/alfred/shared_mac/Mekatronikk3/src/install/ngc_bringup/share/ngc_bringup/package.dsv'
[4.130s] INFO:colcon.colcon_core.shell:Creating package script '/home/alfred/shared_mac/Mekatronikk3/src/install/ngc_bringup/share/ngc_bringup/package.sh'
[4.131s] INFO:colcon.colcon_core.shell:Creating package script '/home/alfred/shared_mac/Mekatronikk3/src/install/ngc_bringup/share/ngc_bringup/package.bash'
[4.134s] INFO:colcon.colcon_core.shell:Creating package script '/home/alfred/shared_mac/Mekatronikk3/src/install/ngc_bringup/share/ngc_bringup/package.zsh'
[4.137s] Level 1:colcon.colcon_core.environment:create_file_with_runtime_dependencies(/home/alfred/shared_mac/Mekatronikk3/src/install/ngc_bringup/share/colcon-core/packages/ngc_bringup)
[4.140s] INFO:colcon.colcon_ros.task.ament_python.build:Building ROS package in '/home/alfred/shared_mac/Mekatronikk3/src/ngc_sensor_sims' with build type 'ament_python'
[4.141s] Level 1:colcon.colcon_core.shell:create_environment_hook('ngc_sensor_sims', 'ament_prefix_path')
[4.142s] INFO:colcon.colcon_core.shell:Creating environment descriptor '/home/alfred/shared_mac/Mekatronikk3/src/install/ngc_sensor_sims/share/ngc_sensor_sims/hook/ament_prefix_path.dsv'
[4.168s] INFO:colcon.colcon_core.shell:Creating environment hook '/home/alfred/shared_mac/Mekatronikk3/src/install/ngc_sensor_sims/share/ngc_sensor_sims/hook/ament_prefix_path.sh'
[4.174s] DEBUG:colcon.colcon_core.shell:Skip shell extension 'dsv' for command environment
[4.915s] INFO:colcon.colcon_core.task.python.build:Building Python package in '/home/alfred/shared_mac/Mekatronikk3/src/ngc_sensor_sims'
[4.920s] DEBUG:colcon.colcon_core.shell:Skip shell extension 'dsv' for command environment
[5.084s] Level 1:colcon.colcon_core.environment:checking '/home/alfred/shared_mac/Mekatronikk3/src/install/ngc_utils' for CMake module files
[5.087s] DEBUG:colcon.colcon_core.event_handler.log_command:Invoked command in '/home/alfred/shared_mac/Mekatronikk3/src/ngc_utils' returned '0': DEBUGINFOD_URLS=https://debuginfod.ubuntu.com PYTHONPATH=/home/alfred/shared_mac/Mekatronikk3/src/build/ngc_utils/prefix_override:/usr/lib/python3/dist-packages/colcon_core/task/python/colcon_distutils_commands:/home/alfred/shared_mac/Mekatronikk3/src/install/ngc_utils/lib/python3.12/site-packages:${PYTHONPATH} /usr/bin/python3 -W ignore:setup.py install is deprecated setup.py egg_info --egg-base ../build/ngc_utils build --build-base /home/alfred/shared_mac/Mekatronikk3/src/build/ngc_utils/build install --record /home/alfred/shared_mac/Mekatronikk3/src/build/ngc_utils/install.log --single-version-externally-managed install_data
[5.095s] Level 1:colcon.colcon_core.environment:checking '/home/alfred/shared_mac/Mekatronikk3/src/install/ngc_utils' for CMake config files
[5.125s] Level 1:colcon.colcon_core.environment:checking '/home/alfred/shared_mac/Mekatronikk3/src/install/ngc_utils/lib'
[5.129s] Level 1:colcon.colcon_core.environment:checking '/home/alfred/shared_mac/Mekatronikk3/src/install/ngc_utils/bin'
[5.130s] Level 1:colcon.colcon_core.environment:checking '/home/alfred/shared_mac/Mekatronikk3/src/install/ngc_utils/lib/pkgconfig/ngc_utils.pc'
[5.139s] Level 1:colcon.colcon_core.environment:checking '/home/alfred/shared_mac/Mekatronikk3/src/install/ngc_utils/lib/python3.12/site-packages'
[5.140s] Level 1:colcon.colcon_core.shell:create_environment_hook('ngc_utils', 'pythonpath')
[5.141s] INFO:colcon.colcon_core.shell:Creating environment descriptor '/home/alfred/shared_mac/Mekatronikk3/src/install/ngc_utils/share/ngc_utils/hook/pythonpath.dsv'
[5.155s] INFO:colcon.colcon_core.shell:Creating environment hook '/home/alfred/shared_mac/Mekatronikk3/src/install/ngc_utils/share/ngc_utils/hook/pythonpath.sh'
[5.158s] Level 1:colcon.colcon_core.environment:checking '/home/alfred/shared_mac/Mekatronikk3/src/install/ngc_utils/bin'
[5.162s] Level 1:colcon.colcon_core.environment:create_environment_scripts_only(ngc_utils)
[5.164s] INFO:colcon.colcon_core.shell:Creating package descriptor '/home/alfred/shared_mac/Mekatronikk3/src/install/ngc_utils/share/ngc_utils/package.dsv'
[5.169s] INFO:colcon.colcon_core.shell:Creating package script '/home/alfred/shared_mac/Mekatronikk3/src/install/ngc_utils/share/ngc_utils/package.sh'
[5.172s] INFO:colcon.colcon_core.shell:Creating package script '/home/alfred/shared_mac/Mekatronikk3/src/install/ngc_utils/share/ngc_utils/package.bash'
[5.173s] INFO:colcon.colcon_core.shell:Creating package script '/home/alfred/shared_mac/Mekatronikk3/src/install/ngc_utils/share/ngc_utils/package.zsh'
[5.175s] Level 1:colcon.colcon_core.environment:create_file_with_runtime_dependencies(/home/alfred/shared_mac/Mekatronikk3/src/install/ngc_utils/share/colcon-core/packages/ngc_utils)
[5.179s] Level 1:colcon.colcon_core.environment:checking '/home/alfred/shared_mac/Mekatronikk3/src/install/kontrolsystem' for CMake module files
[5.185s] Level 1:colcon.colcon_core.environment:checking '/home/alfred/shared_mac/Mekatronikk3/src/install/kontrolsystem' for CMake config files
[5.194s] DEBUG:colcon.colcon_core.event_handler.log_command:Invoked command in '/home/alfred/shared_mac/Mekatronikk3/src/kontrolsystem' returned '0': DEBUGINFOD_URLS=https://debuginfod.ubuntu.com PYTHONPATH=/home/alfred/shared_mac/Mekatronikk3/src/build/kontrolsystem/prefix_override:/usr/lib/python3/dist-packages/colcon_core/task/python/colcon_distutils_commands:/home/alfred/shared_mac/Mekatronikk3/src/install/kontrolsystem/lib/python3.12/site-packages:${PYTHONPATH} /usr/bin/python3 -W ignore:setup.py install is deprecated setup.py egg_info --egg-base ../build/kontrolsystem build --build-base /home/alfred/shared_mac/Mekatronikk3/src/build/kontrolsystem/build install --record /home/alfred/shared_mac/Mekatronikk3/src/build/kontrolsystem/install.log --single-version-externally-managed install_data
[5.211s] Level 1:colcon.colcon_core.environment:checking '/home/alfred/shared_mac/Mekatronikk3/src/install/kontrolsystem/lib'
[5.221s] Level 1:colcon.colcon_core.environment:checking '/home/alfred/shared_mac/Mekatronikk3/src/install/kontrolsystem/bin'
[5.222s] Level 1:colcon.colcon_core.environment:checking '/home/alfred/shared_mac/Mekatronikk3/src/install/kontrolsystem/lib/pkgconfig/kontrolsystem.pc'
[5.233s] Level 1:colcon.colcon_core.environment:checking '/home/alfred/shared_mac/Mekatronikk3/src/install/kontrolsystem/lib/python3.12/site-packages'
[5.234s] Level 1:colcon.colcon_core.shell:create_environment_hook('kontrolsystem', 'pythonpath')
[5.235s] INFO:colcon.colcon_core.shell:Creating environment descriptor '/home/alfred/shared_mac/Mekatronikk3/src/install/kontrolsystem/share/kontrolsystem/hook/pythonpath.dsv'
[5.240s] INFO:colcon.colcon_core.shell:Creating environment hook '/home/alfred/shared_mac/Mekatronikk3/src/install/kontrolsystem/share/kontrolsystem/hook/pythonpath.sh'
[5.245s] Level 1:colcon.colcon_core.environment:checking '/home/alfred/shared_mac/Mekatronikk3/src/install/kontrolsystem/bin'
[5.250s] Level 1:colcon.colcon_core.environment:create_environment_scripts_only(kontrolsystem)
[5.252s] INFO:colcon.colcon_core.shell:Creating package descriptor '/home/alfred/shared_mac/Mekatronikk3/src/install/kontrolsystem/share/kontrolsystem/package.dsv'
[5.257s] INFO:colcon.colcon_core.shell:Creating package script '/home/alfred/shared_mac/Mekatronikk3/src/install/kontrolsystem/share/kontrolsystem/package.sh'
[5.262s] INFO:colcon.colcon_core.shell:Creating package script '/home/alfred/shared_mac/Mekatronikk3/src/install/kontrolsystem/share/kontrolsystem/package.bash'
[5.266s] INFO:colcon.colcon_core.shell:Creating package script '/home/alfred/shared_mac/Mekatronikk3/src/install/kontrolsystem/share/kontrolsystem/package.zsh'
[5.268s] Level 1:colcon.colcon_core.environment:create_file_with_runtime_dependencies(/home/alfred/shared_mac/Mekatronikk3/src/install/kontrolsystem/share/colcon-core/packages/kontrolsystem)
[6.265s] DEBUG:colcon.colcon_core.event_handler.log_command:Invoking command in '/home/alfred/shared_mac/Mekatronikk3/src/ngc_sensor_sims': DEBUGINFOD_URLS=https://debuginfod.ubuntu.com PYTHONPATH=/home/alfred/shared_mac/Mekatronikk3/src/build/ngc_sensor_sims/prefix_override:/usr/lib/python3/dist-packages/colcon_core/task/python/colcon_distutils_commands:/home/alfred/shared_mac/Mekatronikk3/src/install/ngc_sensor_sims/lib/python3.12/site-packages:${PYTHONPATH} /usr/bin/python3 -W ignore:setup.py install is deprecated setup.py egg_info --egg-base ../build/ngc_sensor_sims build --build-base /home/alfred/shared_mac/Mekatronikk3/src/build/ngc_sensor_sims/build install --record /home/alfred/shared_mac/Mekatronikk3/src/build/ngc_sensor_sims/install.log --single-version-externally-managed install_data
[7.365s] Level 1:colcon.colcon_core.environment:checking '/home/alfred/shared_mac/Mekatronikk3/src/install/ngc_sensor_sims' for CMake module files
[7.367s] DEBUG:colcon.colcon_core.event_handler.log_command:Invoked command in '/home/alfred/shared_mac/Mekatronikk3/src/ngc_sensor_sims' returned '0': DEBUGINFOD_URLS=https://debuginfod.ubuntu.com PYTHONPATH=/home/alfred/shared_mac/Mekatronikk3/src/build/ngc_sensor_sims/prefix_override:/usr/lib/python3/dist-packages/colcon_core/task/python/colcon_distutils_commands:/home/alfred/shared_mac/Mekatronikk3/src/install/ngc_sensor_sims/lib/python3.12/site-packages:${PYTHONPATH} /usr/bin/python3 -W ignore:setup.py install is deprecated setup.py egg_info --egg-base ../build/ngc_sensor_sims build --build-base /home/alfred/shared_mac/Mekatronikk3/src/build/ngc_sensor_sims/build install --record /home/alfred/shared_mac/Mekatronikk3/src/build/ngc_sensor_sims/install.log --single-version-externally-managed install_data
[7.371s] Level 1:colcon.colcon_core.environment:checking '/home/alfred/shared_mac/Mekatronikk3/src/install/ngc_sensor_sims' for CMake config files
[7.385s] Level 1:colcon.colcon_core.environment:checking '/home/alfred/shared_mac/Mekatronikk3/src/install/ngc_sensor_sims/lib'
[7.386s] Level 1:colcon.colcon_core.environment:checking '/home/alfred/shared_mac/Mekatronikk3/src/install/ngc_sensor_sims/bin'
[7.387s] Level 1:colcon.colcon_core.environment:checking '/home/alfred/shared_mac/Mekatronikk3/src/install/ngc_sensor_sims/lib/pkgconfig/ngc_sensor_sims.pc'
[7.387s] Level 1:colcon.colcon_core.environment:checking '/home/alfred/shared_mac/Mekatronikk3/src/install/ngc_sensor_sims/lib/python3.12/site-packages'
[7.388s] Level 1:colcon.colcon_core.shell:create_environment_hook('ngc_sensor_sims', 'pythonpath')
[7.388s] INFO:colcon.colcon_core.shell:Creating environment descriptor '/home/alfred/shared_mac/Mekatronikk3/src/install/ngc_sensor_sims/share/ngc_sensor_sims/hook/pythonpath.dsv'
[7.390s] INFO:colcon.colcon_core.shell:Creating environment hook '/home/alfred/shared_mac/Mekatronikk3/src/install/ngc_sensor_sims/share/ngc_sensor_sims/hook/pythonpath.sh'
[7.392s] Level 1:colcon.colcon_core.environment:checking '/home/alfred/shared_mac/Mekatronikk3/src/install/ngc_sensor_sims/bin'
[7.395s] Level 1:colcon.colcon_core.environment:create_environment_scripts_only(ngc_sensor_sims)
[7.396s] INFO:colcon.colcon_core.shell:Creating package descriptor '/home/alfred/shared_mac/Mekatronikk3/src/install/ngc_sensor_sims/share/ngc_sensor_sims/package.dsv'
[7.397s] INFO:colcon.colcon_core.shell:Creating package script '/home/alfred/shared_mac/Mekatronikk3/src/install/ngc_sensor_sims/share/ngc_sensor_sims/package.sh'
[7.399s] INFO:colcon.colcon_core.shell:Creating package script '/home/alfred/shared_mac/Mekatronikk3/src/install/ngc_sensor_sims/share/ngc_sensor_sims/package.bash'
[7.402s] INFO:colcon.colcon_core.shell:Creating package script '/home/alfred/shared_mac/Mekatronikk3/src/install/ngc_sensor_sims/share/ngc_sensor_sims/package.zsh'
[7.403s] Level 1:colcon.colcon_core.environment:create_file_with_runtime_dependencies(/home/alfred/shared_mac/Mekatronikk3/src/install/ngc_sensor_sims/share/colcon-core/packages/ngc_sensor_sims)
[9.897s] DEBUG:colcon.colcon_core.event_handler.log_command:Invoked command in '/home/alfred/shared_mac/Mekatronikk3/src/build/ngc_interfaces' returned '0': CMAKE_PREFIX_PATH=${CMAKE_PREFIX_PATH}:/home/alfred/shared_mac/Mekatronikk3/src/install/ngc_hull_sim:/home/alfred/shared_mac/Mekatronikk3/src/install/ngc_utils:/home/alfred/shared_mac/Mekatronikk3/src/install/ngc_sensor_sims:/home/alfred/shared_mac/Mekatronikk3/src/install/ngc_propulsion_sim:/home/alfred/shared_mac/Mekatronikk3/src/install/ngc_hmi:/home/alfred/shared_mac/Mekatronikk3/src/install/kontrolsystem:/opt/ros/jazzy DEBUGINFOD_URLS=https://debuginfod.ubuntu.com /usr/bin/cmake /home/alfred/shared_mac/Mekatronikk3/src/ngc_interfaces -DCMAKE_INSTALL_PREFIX=/home/alfred/shared_mac/Mekatronikk3/src/install/ngc_interfaces
[9.900s] DEBUG:colcon.colcon_core.event_handler.log_command:Invoking command in '/home/alfred/shared_mac/Mekatronikk3/src/build/ngc_interfaces': CMAKE_PREFIX_PATH=${CMAKE_PREFIX_PATH}:/home/alfred/shared_mac/Mekatronikk3/src/install/ngc_hull_sim:/home/alfred/shared_mac/Mekatronikk3/src/install/ngc_utils:/home/alfred/shared_mac/Mekatronikk3/src/install/ngc_sensor_sims:/home/alfred/shared_mac/Mekatronikk3/src/install/ngc_propulsion_sim:/home/alfred/shared_mac/Mekatronikk3/src/install/ngc_hmi:/home/alfred/shared_mac/Mekatronikk3/src/install/kontrolsystem:/opt/ros/jazzy DEBUGINFOD_URLS=https://debuginfod.ubuntu.com /usr/bin/cmake --build /home/alfred/shared_mac/Mekatronikk3/src/build/ngc_interfaces -- -j4 -l4
[27.892s] DEBUG:colcon.colcon_core.event_handler.log_command:Invoked command in '/home/alfred/shared_mac/Mekatronikk3/src/build/ngc_interfaces' returned '0': CMAKE_PREFIX_PATH=${CMAKE_PREFIX_PATH}:/home/alfred/shared_mac/Mekatronikk3/src/install/ngc_hull_sim:/home/alfred/shared_mac/Mekatronikk3/src/install/ngc_utils:/home/alfred/shared_mac/Mekatronikk3/src/install/ngc_sensor_sims:/home/alfred/shared_mac/Mekatronikk3/src/install/ngc_propulsion_sim:/home/alfred/shared_mac/Mekatronikk3/src/install/ngc_hmi:/home/alfred/shared_mac/Mekatronikk3/src/install/kontrolsystem:/opt/ros/jazzy DEBUGINFOD_URLS=https://debuginfod.ubuntu.com /usr/bin/cmake --build /home/alfred/shared_mac/Mekatronikk3/src/build/ngc_interfaces -- -j4 -l4
[28.635s] DEBUG:colcon.colcon_core.event_handler.log_command:Invoking command in '/home/alfred/shared_mac/Mekatronikk3/src/build/ngc_interfaces': CMAKE_PREFIX_PATH=${CMAKE_PREFIX_PATH}:/home/alfred/shared_mac/Mekatronikk3/src/install/ngc_hull_sim:/home/alfred/shared_mac/Mekatronikk3/src/install/ngc_utils:/home/alfred/shared_mac/Mekatronikk3/src/install/ngc_sensor_sims:/home/alfred/shared_mac/Mekatronikk3/src/install/ngc_propulsion_sim:/home/alfred/shared_mac/Mekatronikk3/src/install/ngc_hmi:/home/alfred/shared_mac/Mekatronikk3/src/install/kontrolsystem:/opt/ros/jazzy DEBUGINFOD_URLS=https://debuginfod.ubuntu.com /usr/bin/cmake --install /home/alfred/shared_mac/Mekatronikk3/src/build/ngc_interfaces
[30.267s] Level 1:colcon.colcon_core.environment:create_environment_scripts_only(ngc_interfaces)
[30.267s] Level 1:colcon.colcon_core.environment:checking '/home/alfred/shared_mac/Mekatronikk3/src/install/ngc_interfaces' for CMake module files
[30.269s] DEBUG:colcon.colcon_core.event_handler.log_command:Invoked command in '/home/alfred/shared_mac/Mekatronikk3/src/build/ngc_interfaces' returned '0': CMAKE_PREFIX_PATH=${CMAKE_PREFIX_PATH}:/home/alfred/shared_mac/Mekatronikk3/src/install/ngc_hull_sim:/home/alfred/shared_mac/Mekatronikk3/src/install/ngc_utils:/home/alfred/shared_mac/Mekatronikk3/src/install/ngc_sensor_sims:/home/alfred/shared_mac/Mekatronikk3/src/install/ngc_propulsion_sim:/home/alfred/shared_mac/Mekatronikk3/src/install/ngc_hmi:/home/alfred/shared_mac/Mekatronikk3/src/install/kontrolsystem:/opt/ros/jazzy DEBUGINFOD_URLS=https://debuginfod.ubuntu.com /usr/bin/cmake --install /home/alfred/shared_mac/Mekatronikk3/src/build/ngc_interfaces
[30.280s] Level 1:colcon.colcon_core.environment:checking '/home/alfred/shared_mac/Mekatronikk3/src/install/ngc_interfaces' for CMake config files
[30.293s] Level 1:colcon.colcon_core.shell:create_environment_hook('ngc_interfaces', 'cmake_prefix_path')
[30.293s] INFO:colcon.colcon_core.shell:Creating environment descriptor '/home/alfred/shared_mac/Mekatronikk3/src/install/ngc_interfaces/share/ngc_interfaces/hook/cmake_prefix_path.dsv'
[30.295s] INFO:colcon.colcon_core.shell:Creating environment hook '/home/alfred/shared_mac/Mekatronikk3/src/install/ngc_interfaces/share/ngc_interfaces/hook/cmake_prefix_path.sh'
[30.297s] Level 1:colcon.colcon_core.environment:checking '/home/alfred/shared_mac/Mekatronikk3/src/install/ngc_interfaces/lib'
[30.298s] Level 1:colcon.colcon_core.shell:create_environment_hook('ngc_interfaces', 'ld_library_path_lib')
[30.299s] INFO:colcon.colcon_core.shell:Creating environment descriptor '/home/alfred/shared_mac/Mekatronikk3/src/install/ngc_interfaces/share/ngc_interfaces/hook/ld_library_path_lib.dsv'
[30.301s] INFO:colcon.colcon_core.shell:Creating environment hook '/home/alfred/shared_mac/Mekatronikk3/src/install/ngc_interfaces/share/ngc_interfaces/hook/ld_library_path_lib.sh'
[30.302s] Level 1:colcon.colcon_core.environment:checking '/home/alfred/shared_mac/Mekatronikk3/src/install/ngc_interfaces/bin'
[30.303s] Level 1:colcon.colcon_core.environment:checking '/home/alfred/shared_mac/Mekatronikk3/src/install/ngc_interfaces/lib/pkgconfig/ngc_interfaces.pc'
[30.303s] Level 1:colcon.colcon_core.environment:checking '/home/alfred/shared_mac/Mekatronikk3/src/install/ngc_interfaces/lib/python3.12/site-packages'
[30.304s] Level 1:colcon.colcon_core.shell:create_environment_hook('ngc_interfaces', 'pythonpath')
[30.304s] INFO:colcon.colcon_core.shell:Creating environment descriptor '/home/alfred/shared_mac/Mekatronikk3/src/install/ngc_interfaces/share/ngc_interfaces/hook/pythonpath.dsv'
[30.305s] INFO:colcon.colcon_core.shell:Creating environment hook '/home/alfred/shared_mac/Mekatronikk3/src/install/ngc_interfaces/share/ngc_interfaces/hook/pythonpath.sh'
[30.308s] Level 1:colcon.colcon_core.environment:checking '/home/alfred/shared_mac/Mekatronikk3/src/install/ngc_interfaces/bin'
[30.308s] INFO:colcon.colcon_core.shell:Creating package descriptor '/home/alfred/shared_mac/Mekatronikk3/src/install/ngc_interfaces/share/ngc_interfaces/package.dsv'
[30.310s] INFO:colcon.colcon_core.shell:Creating package script '/home/alfred/shared_mac/Mekatronikk3/src/install/ngc_interfaces/share/ngc_interfaces/package.sh'
[30.312s] INFO:colcon.colcon_core.shell:Creating package script '/home/alfred/shared_mac/Mekatronikk3/src/install/ngc_interfaces/share/ngc_interfaces/package.bash'
[30.314s] INFO:colcon.colcon_core.shell:Creating package script '/home/alfred/shared_mac/Mekatronikk3/src/install/ngc_interfaces/share/ngc_interfaces/package.zsh'
[30.317s] Level 1:colcon.colcon_core.environment:create_file_with_runtime_dependencies(/home/alfred/shared_mac/Mekatronikk3/src/install/ngc_interfaces/share/colcon-core/packages/ngc_interfaces)
[31.237s] Level 1:colcon.colcon_core.environment:create_environment_scripts_only(ngc_interfaces)
[31.237s] Level 1:colcon.colcon_core.environment:checking '/home/alfred/shared_mac/Mekatronikk3/src/install/ngc_interfaces' for CMake module files
[31.253s] Level 1:colcon.colcon_core.environment:checking '/home/alfred/shared_mac/Mekatronikk3/src/install/ngc_interfaces' for CMake config files
[31.265s] Level 1:colcon.colcon_core.shell:create_environment_hook('ngc_interfaces', 'cmake_prefix_path')
[31.266s] INFO:colcon.colcon_core.shell:Creating environment descriptor '/home/alfred/shared_mac/Mekatronikk3/src/install/ngc_interfaces/share/ngc_interfaces/hook/cmake_prefix_path.dsv'
[31.267s] INFO:colcon.colcon_core.shell:Creating environment hook '/home/alfred/shared_mac/Mekatronikk3/src/install/ngc_interfaces/share/ngc_interfaces/hook/cmake_prefix_path.sh'
[31.270s] Level 1:colcon.colcon_core.environment:checking '/home/alfred/shared_mac/Mekatronikk3/src/install/ngc_interfaces/lib'
[31.271s] Level 1:colcon.colcon_core.shell:create_environment_hook('ngc_interfaces', 'ld_library_path_lib')
[31.271s] INFO:colcon.colcon_core.shell:Creating environment descriptor '/home/alfred/shared_mac/Mekatronikk3/src/install/ngc_interfaces/share/ngc_interfaces/hook/ld_library_path_lib.dsv'
[31.273s] INFO:colcon.colcon_core.shell:Creating environment hook '/home/alfred/shared_mac/Mekatronikk3/src/install/ngc_interfaces/share/ngc_interfaces/hook/ld_library_path_lib.sh'
[31.274s] Level 1:colcon.colcon_core.environment:checking '/home/alfred/shared_mac/Mekatronikk3/src/install/ngc_interfaces/bin'
[31.275s] Level 1:colcon.colcon_core.environment:checking '/home/alfred/shared_mac/Mekatronikk3/src/install/ngc_interfaces/lib/pkgconfig/ngc_interfaces.pc'
[31.275s] Level 1:colcon.colcon_core.environment:checking '/home/alfred/shared_mac/Mekatronikk3/src/install/ngc_interfaces/lib/python3.12/site-packages'
[31.276s] Level 1:colcon.colcon_core.shell:create_environment_hook('ngc_interfaces', 'pythonpath')
[31.276s] INFO:colcon.colcon_core.shell:Creating environment descriptor '/home/alfred/shared_mac/Mekatronikk3/src/install/ngc_interfaces/share/ngc_interfaces/hook/pythonpath.dsv'
[31.277s] INFO:colcon.colcon_core.shell:Creating environment hook '/home/alfred/shared_mac/Mekatronikk3/src/install/ngc_interfaces/share/ngc_interfaces/hook/pythonpath.sh'
[31.279s] Level 1:colcon.colcon_core.environment:checking '/home/alfred/shared_mac/Mekatronikk3/src/install/ngc_interfaces/bin'
[31.280s] INFO:colcon.colcon_core.shell:Creating package descriptor '/home/alfred/shared_mac/Mekatronikk3/src/install/ngc_interfaces/share/ngc_interfaces/package.dsv'
[31.281s] INFO:colcon.colcon_core.shell:Creating package script '/home/alfred/shared_mac/Mekatronikk3/src/install/ngc_interfaces/share/ngc_interfaces/package.sh'
[31.288s] INFO:colcon.colcon_core.shell:Creating package script '/home/alfred/shared_mac/Mekatronikk3/src/install/ngc_interfaces/share/ngc_interfaces/package.bash'
[31.290s] INFO:colcon.colcon_core.shell:Creating package script '/home/alfred/shared_mac/Mekatronikk3/src/install/ngc_interfaces/share/ngc_interfaces/package.zsh'
[31.291s] Level 1:colcon.colcon_core.environment:create_file_with_runtime_dependencies(/home/alfred/shared_mac/Mekatronikk3/src/install/ngc_interfaces/share/colcon-core/packages/ngc_interfaces)
[31.292s] INFO:colcon.colcon_ros.task.ament_python.build:Building ROS package in '/home/alfred/shared_mac/Mekatronikk3/src/ngc_hmi' with build type 'ament_python'
[31.293s] Level 1:colcon.colcon_core.shell:create_environment_hook('ngc_hmi', 'ament_prefix_path')
[31.293s] INFO:colcon.colcon_core.shell:Creating environment descriptor '/home/alfred/shared_mac/Mekatronikk3/src/install/ngc_hmi/share/ngc_hmi/hook/ament_prefix_path.dsv'
[31.298s] INFO:colcon.colcon_core.shell:Creating environment hook '/home/alfred/shared_mac/Mekatronikk3/src/install/ngc_hmi/share/ngc_hmi/hook/ament_prefix_path.sh'
[31.300s] DEBUG:colcon.colcon_core.shell:Skip shell extension 'dsv' for command environment
[31.322s] INFO:colcon.colcon_ros.task.ament_python.build:Building ROS package in '/home/alfred/shared_mac/Mekatronikk3/src/ngc_hull_sim' with build type 'ament_python'
[31.323s] Level 1:colcon.colcon_core.shell:create_environment_hook('ngc_hull_sim', 'ament_prefix_path')
[31.324s] INFO:colcon.colcon_core.shell:Creating environment descriptor '/home/alfred/shared_mac/Mekatronikk3/src/install/ngc_hull_sim/share/ngc_hull_sim/hook/ament_prefix_path.dsv'
[31.334s] INFO:colcon.colcon_core.shell:Creating environment hook '/home/alfred/shared_mac/Mekatronikk3/src/install/ngc_hull_sim/share/ngc_hull_sim/hook/ament_prefix_path.sh'
[31.341s] DEBUG:colcon.colcon_core.shell:Skip shell extension 'dsv' for command environment
[31.378s] INFO:colcon.colcon_ros.task.ament_python.build:Building ROS package in '/home/alfred/shared_mac/Mekatronikk3/src/ngc_propulsion_sim' with build type 'ament_python'
[31.379s] Level 1:colcon.colcon_core.shell:create_environment_hook('ngc_propulsion_sim', 'ament_prefix_path')
[31.379s] INFO:colcon.colcon_core.shell:Creating environment descriptor '/home/alfred/shared_mac/Mekatronikk3/src/install/ngc_propulsion_sim/share/ngc_propulsion_sim/hook/ament_prefix_path.dsv'
[31.383s] INFO:colcon.colcon_core.shell:Creating environment hook '/home/alfred/shared_mac/Mekatronikk3/src/install/ngc_propulsion_sim/share/ngc_propulsion_sim/hook/ament_prefix_path.sh'
[31.385s] DEBUG:colcon.colcon_core.shell:Skip shell extension 'dsv' for command environment
[31.766s] INFO:colcon.colcon_core.task.python.build:Building Python package in '/home/alfred/shared_mac/Mekatronikk3/src/ngc_hmi'
[31.767s] DEBUG:colcon.colcon_core.shell:Skip shell extension 'dsv' for command environment
[32.165s] INFO:colcon.colcon_core.task.python.build:Building Python package in '/home/alfred/shared_mac/Mekatronikk3/src/ngc_hull_sim'
[32.165s] DEBUG:colcon.colcon_core.shell:Skip shell extension 'dsv' for command environment
[32.577s] INFO:colcon.colcon_core.task.python.build:Building Python package in '/home/alfred/shared_mac/Mekatronikk3/src/ngc_propulsion_sim'
[32.577s] DEBUG:colcon.colcon_core.shell:Skip shell extension 'dsv' for command environment
[33.822s] DEBUG:colcon.colcon_core.event_handler.log_command:Invoking command in '/home/alfred/shared_mac/Mekatronikk3/src/ngc_hmi': DEBUGINFOD_URLS=https://debuginfod.ubuntu.com PYTHONPATH=/home/alfred/shared_mac/Mekatronikk3/src/build/ngc_hmi/prefix_override:/usr/lib/python3/dist-packages/colcon_core/task/python/colcon_distutils_commands:/home/alfred/shared_mac/Mekatronikk3/src/install/ngc_hmi/lib/python3.12/site-packages:/home/alfred/shared_mac/Mekatronikk3/src/install/ngc_interfaces/lib/python3.12/site-packages:/home/alfred/shared_mac/Mekatronikk3/src/install/ngc_hull_sim/lib/python3.12/site-packages:/home/alfred/shared_mac/Mekatronikk3/src/install/ngc_utils/lib/python3.12/site-packages:/home/alfred/shared_mac/Mekatronikk3/src/install/ngc_sensor_sims/lib/python3.12/site-packages:/home/alfred/shared_mac/Mekatronikk3/src/install/ngc_propulsion_sim/lib/python3.12/site-packages:/home/alfred/shared_mac/Mekatronikk3/src/install/ngc_hmi/lib/python3.12/site-packages:/home/alfred/shared_mac/Mekatronikk3/src/install/kontrolsystem/lib/python3.12/site-packages:/opt/ros/jazzy/lib/python3.12/site-packages /usr/bin/python3 -W ignore:setup.py install is deprecated setup.py egg_info --egg-base ../build/ngc_hmi build --build-base /home/alfred/shared_mac/Mekatronikk3/src/build/ngc_hmi/build install --record /home/alfred/shared_mac/Mekatronikk3/src/build/ngc_hmi/install.log --single-version-externally-managed install_data
[33.839s] DEBUG:colcon.colcon_core.event_handler.log_command:Invoking command in '/home/alfred/shared_mac/Mekatronikk3/src/ngc_propulsion_sim': DEBUGINFOD_URLS=https://debuginfod.ubuntu.com PYTHONPATH=/home/alfred/shared_mac/Mekatronikk3/src/build/ngc_propulsion_sim/prefix_override:/usr/lib/python3/dist-packages/colcon_core/task/python/colcon_distutils_commands:/home/alfred/shared_mac/Mekatronikk3/src/install/ngc_propulsion_sim/lib/python3.12/site-packages:/home/alfred/shared_mac/Mekatronikk3/src/install/ngc_interfaces/lib/python3.12/site-packages:/home/alfred/shared_mac/Mekatronikk3/src/install/ngc_hull_sim/lib/python3.12/site-packages:/home/alfred/shared_mac/Mekatronikk3/src/install/ngc_utils/lib/python3.12/site-packages:/home/alfred/shared_mac/Mekatronikk3/src/install/ngc_sensor_sims/lib/python3.12/site-packages:/home/alfred/shared_mac/Mekatronikk3/src/install/ngc_propulsion_sim/lib/python3.12/site-packages:/home/alfred/shared_mac/Mekatronikk3/src/install/ngc_hmi/lib/python3.12/site-packages:/home/alfred/shared_mac/Mekatronikk3/src/install/kontrolsystem/lib/python3.12/site-packages:/opt/ros/jazzy/lib/python3.12/site-packages /usr/bin/python3 -W ignore:setup.py install is deprecated setup.py egg_info --egg-base ../build/ngc_propulsion_sim build --build-base /home/alfred/shared_mac/Mekatronikk3/src/build/ngc_propulsion_sim/build install --record /home/alfred/shared_mac/Mekatronikk3/src/build/ngc_propulsion_sim/install.log --single-version-externally-managed install_data
[33.911s] DEBUG:colcon.colcon_core.event_handler.log_command:Invoking command in '/home/alfred/shared_mac/Mekatronikk3/src/ngc_hull_sim': AMENT_PREFIX_PATH=/home/alfred/shared_mac/Mekatronikk3/src/install/ngc_utils:/home/alfred/shared_mac/Mekatronikk3/src/install/ngc_hull_sim:/home/alfred/shared_mac/Mekatronikk3/src/install/ngc_sensor_sims:/home/alfred/shared_mac/Mekatronikk3/src/install/ngc_propulsion_sim:/home/alfred/shared_mac/Mekatronikk3/src/install/ngc_hmi:/home/alfred/shared_mac/Mekatronikk3/src/install/ngc_interfaces:/home/alfred/shared_mac/Mekatronikk3/src/install/ngc_bringup:/home/alfred/shared_mac/Mekatronikk3/src/install/kontrolsystem:/opt/ros/jazzy DEBUGINFOD_URLS=https://debuginfod.ubuntu.com PYTHONPATH=/home/alfred/shared_mac/Mekatronikk3/src/build/ngc_hull_sim/prefix_override:/usr/lib/python3/dist-packages/colcon_core/task/python/colcon_distutils_commands:/home/alfred/shared_mac/Mekatronikk3/src/install/ngc_hull_sim/lib/python3.12/site-packages:/home/alfred/shared_mac/Mekatronikk3/src/install/ngc_utils/lib/python3.12/site-packages:/home/alfred/shared_mac/Mekatronikk3/src/install/ngc_interfaces/lib/python3.12/site-packages:/home/alfred/shared_mac/Mekatronikk3/src/install/ngc_hull_sim/lib/python3.12/site-packages:/home/alfred/shared_mac/Mekatronikk3/src/install/ngc_sensor_sims/lib/python3.12/site-packages:/home/alfred/shared_mac/Mekatronikk3/src/install/ngc_propulsion_sim/lib/python3.12/site-packages:/home/alfred/shared_mac/Mekatronikk3/src/install/ngc_hmi/lib/python3.12/site-packages:/home/alfred/shared_mac/Mekatronikk3/src/install/kontrolsystem/lib/python3.12/site-packages:/opt/ros/jazzy/lib/python3.12/site-packages /usr/bin/python3 -W ignore:setup.py install is deprecated setup.py egg_info --egg-base ../build/ngc_hull_sim build --build-base /home/alfred/shared_mac/Mekatronikk3/src/build/ngc_hull_sim/build install --record /home/alfred/shared_mac/Mekatronikk3/src/build/ngc_hull_sim/install.log --single-version-externally-managed install_data
[35.087s] Level 1:colcon.colcon_core.environment:checking '/home/alfred/shared_mac/Mekatronikk3/src/install/ngc_propulsion_sim' for CMake module files
[35.088s] DEBUG:colcon.colcon_core.event_handler.log_command:Invoked command in '/home/alfred/shared_mac/Mekatronikk3/src/ngc_propulsion_sim' returned '0': DEBUGINFOD_URLS=https://debuginfod.ubuntu.com PYTHONPATH=/home/alfred/shared_mac/Mekatronikk3/src/build/ngc_propulsion_sim/prefix_override:/usr/lib/python3/dist-packages/colcon_core/task/python/colcon_distutils_commands:/home/alfred/shared_mac/Mekatronikk3/src/install/ngc_propulsion_sim/lib/python3.12/site-packages:/home/alfred/shared_mac/Mekatronikk3/src/install/ngc_interfaces/lib/python3.12/site-packages:/home/alfred/shared_mac/Mekatronikk3/src/install/ngc_hull_sim/lib/python3.12/site-packages:/home/alfred/shared_mac/Mekatronikk3/src/install/ngc_utils/lib/python3.12/site-packages:/home/alfred/shared_mac/Mekatronikk3/src/install/ngc_sensor_sims/lib/python3.12/site-packages:/home/alfred/shared_mac/Mekatronikk3/src/install/ngc_propulsion_sim/lib/python3.12/site-packages:/home/alfred/shared_mac/Mekatronikk3/src/install/ngc_hmi/lib/python3.12/site-packages:/home/alfred/shared_mac/Mekatronikk3/src/install/kontrolsystem/lib/python3.12/site-packages:/opt/ros/jazzy/lib/python3.12/site-packages /usr/bin/python3 -W ignore:setup.py install is deprecated setup.py egg_info --egg-base ../build/ngc_propulsion_sim build --build-base /home/alfred/shared_mac/Mekatronikk3/src/build/ngc_propulsion_sim/build install --record /home/alfred/shared_mac/Mekatronikk3/src/build/ngc_propulsion_sim/install.log --single-version-externally-managed install_data
[35.102s] Level 1:colcon.colcon_core.environment:checking '/home/alfred/shared_mac/Mekatronikk3/src/install/ngc_propulsion_sim' for CMake config files
[35.117s] Level 1:colcon.colcon_core.environment:checking '/home/alfred/shared_mac/Mekatronikk3/src/install/ngc_propulsion_sim/lib'
[35.119s] Level 1:colcon.colcon_core.environment:checking '/home/alfred/shared_mac/Mekatronikk3/src/install/ngc_propulsion_sim/bin'
[35.119s] Level 1:colcon.colcon_core.environment:checking '/home/alfred/shared_mac/Mekatronikk3/src/install/ngc_propulsion_sim/lib/pkgconfig/ngc_propulsion_sim.pc'
[35.120s] Level 1:colcon.colcon_core.environment:checking '/home/alfred/shared_mac/Mekatronikk3/src/install/ngc_propulsion_sim/lib/python3.12/site-packages'
[35.121s] Level 1:colcon.colcon_core.shell:create_environment_hook('ngc_propulsion_sim', 'pythonpath')
[35.121s] INFO:colcon.colcon_core.shell:Creating environment descriptor '/home/alfred/shared_mac/Mekatronikk3/src/install/ngc_propulsion_sim/share/ngc_propulsion_sim/hook/pythonpath.dsv'
[35.123s] INFO:colcon.colcon_core.shell:Creating environment hook '/home/alfred/shared_mac/Mekatronikk3/src/install/ngc_propulsion_sim/share/ngc_propulsion_sim/hook/pythonpath.sh'
[35.126s] Level 1:colcon.colcon_core.environment:checking '/home/alfred/shared_mac/Mekatronikk3/src/install/ngc_propulsion_sim/bin'
[35.127s] Level 1:colcon.colcon_core.environment:create_environment_scripts_only(ngc_propulsion_sim)
[35.128s] INFO:colcon.colcon_core.shell:Creating package descriptor '/home/alfred/shared_mac/Mekatronikk3/src/install/ngc_propulsion_sim/share/ngc_propulsion_sim/package.dsv'
[35.131s] INFO:colcon.colcon_core.shell:Creating package script '/home/alfred/shared_mac/Mekatronikk3/src/install/ngc_propulsion_sim/share/ngc_propulsion_sim/package.sh'
[35.133s] INFO:colcon.colcon_core.shell:Creating package script '/home/alfred/shared_mac/Mekatronikk3/src/install/ngc_propulsion_sim/share/ngc_propulsion_sim/package.bash'
[35.136s] INFO:colcon.colcon_core.shell:Creating package script '/home/alfred/shared_mac/Mekatronikk3/src/install/ngc_propulsion_sim/share/ngc_propulsion_sim/package.zsh'
[35.139s] Level 1:colcon.colcon_core.environment:create_file_with_runtime_dependencies(/home/alfred/shared_mac/Mekatronikk3/src/install/ngc_propulsion_sim/share/colcon-core/packages/ngc_propulsion_sim)
[35.248s] Level 1:colcon.colcon_core.environment:checking '/home/alfred/shared_mac/Mekatronikk3/src/install/ngc_hull_sim' for CMake module files
[35.249s] DEBUG:colcon.colcon_core.event_handler.log_command:Invoked command in '/home/alfred/shared_mac/Mekatronikk3/src/ngc_hull_sim' returned '0': AMENT_PREFIX_PATH=/home/alfred/shared_mac/Mekatronikk3/src/install/ngc_utils:/home/alfred/shared_mac/Mekatronikk3/src/install/ngc_hull_sim:/home/alfred/shared_mac/Mekatronikk3/src/install/ngc_sensor_sims:/home/alfred/shared_mac/Mekatronikk3/src/install/ngc_propulsion_sim:/home/alfred/shared_mac/Mekatronikk3/src/install/ngc_hmi:/home/alfred/shared_mac/Mekatronikk3/src/install/ngc_interfaces:/home/alfred/shared_mac/Mekatronikk3/src/install/ngc_bringup:/home/alfred/shared_mac/Mekatronikk3/src/install/kontrolsystem:/opt/ros/jazzy DEBUGINFOD_URLS=https://debuginfod.ubuntu.com PYTHONPATH=/home/alfred/shared_mac/Mekatronikk3/src/build/ngc_hull_sim/prefix_override:/usr/lib/python3/dist-packages/colcon_core/task/python/colcon_distutils_commands:/home/alfred/shared_mac/Mekatronikk3/src/install/ngc_hull_sim/lib/python3.12/site-packages:/home/alfred/shared_mac/Mekatronikk3/src/install/ngc_utils/lib/python3.12/site-packages:/home/alfred/shared_mac/Mekatronikk3/src/install/ngc_interfaces/lib/python3.12/site-packages:/home/alfred/shared_mac/Mekatronikk3/src/install/ngc_hull_sim/lib/python3.12/site-packages:/home/alfred/shared_mac/Mekatronikk3/src/install/ngc_sensor_sims/lib/python3.12/site-packages:/home/alfred/shared_mac/Mekatronikk3/src/install/ngc_propulsion_sim/lib/python3.12/site-packages:/home/alfred/shared_mac/Mekatronikk3/src/install/ngc_hmi/lib/python3.12/site-packages:/home/alfred/shared_mac/Mekatronikk3/src/install/kontrolsystem/lib/python3.12/site-packages:/opt/ros/jazzy/lib/python3.12/site-packages /usr/bin/python3 -W ignore:setup.py install is deprecated setup.py egg_info --egg-base ../build/ngc_hull_sim build --build-base /home/alfred/shared_mac/Mekatronikk3/src/build/ngc_hull_sim/build install --record /home/alfred/shared_mac/Mekatronikk3/src/build/ngc_hull_sim/install.log --single-version-externally-managed install_data
[35.257s] Level 1:colcon.colcon_core.environment:checking '/home/alfred/shared_mac/Mekatronikk3/src/install/ngc_hull_sim' for CMake config files
[35.267s] Level 1:colcon.colcon_core.environment:checking '/home/alfred/shared_mac/Mekatronikk3/src/install/ngc_hull_sim/lib'
[35.268s] Level 1:colcon.colcon_core.environment:checking '/home/alfred/shared_mac/Mekatronikk3/src/install/ngc_hull_sim/bin'
[35.269s] Level 1:colcon.colcon_core.environment:checking '/home/alfred/shared_mac/Mekatronikk3/src/install/ngc_hull_sim/lib/pkgconfig/ngc_hull_sim.pc'
[35.269s] Level 1:colcon.colcon_core.environment:checking '/home/alfred/shared_mac/Mekatronikk3/src/install/ngc_hull_sim/lib/python3.12/site-packages'
[35.270s] Level 1:colcon.colcon_core.shell:create_environment_hook('ngc_hull_sim', 'pythonpath')
[35.270s] INFO:colcon.colcon_core.shell:Creating environment descriptor '/home/alfred/shared_mac/Mekatronikk3/src/install/ngc_hull_sim/share/ngc_hull_sim/hook/pythonpath.dsv'
[35.272s] INFO:colcon.colcon_core.shell:Creating environment hook '/home/alfred/shared_mac/Mekatronikk3/src/install/ngc_hull_sim/share/ngc_hull_sim/hook/pythonpath.sh'
[35.274s] Level 1:colcon.colcon_core.environment:checking '/home/alfred/shared_mac/Mekatronikk3/src/install/ngc_hull_sim/bin'
[35.274s] Level 1:colcon.colcon_core.environment:create_environment_scripts_only(ngc_hull_sim)
[35.275s] INFO:colcon.colcon_core.shell:Creating package descriptor '/home/alfred/shared_mac/Mekatronikk3/src/install/ngc_hull_sim/share/ngc_hull_sim/package.dsv'
[35.276s] INFO:colcon.colcon_core.shell:Creating package script '/home/alfred/shared_mac/Mekatronikk3/src/install/ngc_hull_sim/share/ngc_hull_sim/package.sh'
[35.279s] INFO:colcon.colcon_core.shell:Creating package script '/home/alfred/shared_mac/Mekatronikk3/src/install/ngc_hull_sim/share/ngc_hull_sim/package.bash'
[35.281s] INFO:colcon.colcon_core.shell:Creating package script '/home/alfred/shared_mac/Mekatronikk3/src/install/ngc_hull_sim/share/ngc_hull_sim/package.zsh'
[35.283s] Level 1:colcon.colcon_core.environment:create_file_with_runtime_dependencies(/home/alfred/shared_mac/Mekatronikk3/src/install/ngc_hull_sim/share/colcon-core/packages/ngc_hull_sim)
[35.352s] Level 1:colcon.colcon_core.environment:checking '/home/alfred/shared_mac/Mekatronikk3/src/install/ngc_hmi' for CMake module files
[35.354s] DEBUG:colcon.colcon_core.event_handler.log_command:Invoked command in '/home/alfred/shared_mac/Mekatronikk3/src/ngc_hmi' returned '0': DEBUGINFOD_URLS=https://debuginfod.ubuntu.com PYTHONPATH=/home/alfred/shared_mac/Mekatronikk3/src/build/ngc_hmi/prefix_override:/usr/lib/python3/dist-packages/colcon_core/task/python/colcon_distutils_commands:/home/alfred/shared_mac/Mekatronikk3/src/install/ngc_hmi/lib/python3.12/site-packages:/home/alfred/shared_mac/Mekatronikk3/src/install/ngc_interfaces/lib/python3.12/site-packages:/home/alfred/shared_mac/Mekatronikk3/src/install/ngc_hull_sim/lib/python3.12/site-packages:/home/alfred/shared_mac/Mekatronikk3/src/install/ngc_utils/lib/python3.12/site-packages:/home/alfred/shared_mac/Mekatronikk3/src/install/ngc_sensor_sims/lib/python3.12/site-packages:/home/alfred/shared_mac/Mekatronikk3/src/install/ngc_propulsion_sim/lib/python3.12/site-packages:/home/alfred/shared_mac/Mekatronikk3/src/install/ngc_hmi/lib/python3.12/site-packages:/home/alfred/shared_mac/Mekatronikk3/src/install/kontrolsystem/lib/python3.12/site-packages:/opt/ros/jazzy/lib/python3.12/site-packages /usr/bin/python3 -W ignore:setup.py install is deprecated setup.py egg_info --egg-base ../build/ngc_hmi build --build-base /home/alfred/shared_mac/Mekatronikk3/src/build/ngc_hmi/build install --record /home/alfred/shared_mac/Mekatronikk3/src/build/ngc_hmi/install.log --single-version-externally-managed install_data
[35.360s] Level 1:colcon.colcon_core.environment:checking '/home/alfred/shared_mac/Mekatronikk3/src/install/ngc_hmi' for CMake config files
[35.372s] Level 1:colcon.colcon_core.environment:checking '/home/alfred/shared_mac/Mekatronikk3/src/install/ngc_hmi/lib'
[35.373s] Level 1:colcon.colcon_core.environment:checking '/home/alfred/shared_mac/Mekatronikk3/src/install/ngc_hmi/bin'
[35.373s] Level 1:colcon.colcon_core.environment:checking '/home/alfred/shared_mac/Mekatronikk3/src/install/ngc_hmi/lib/pkgconfig/ngc_hmi.pc'
[35.374s] Level 1:colcon.colcon_core.environment:checking '/home/alfred/shared_mac/Mekatronikk3/src/install/ngc_hmi/lib/python3.12/site-packages'
[35.375s] Level 1:colcon.colcon_core.shell:create_environment_hook('ngc_hmi', 'pythonpath')
[35.375s] INFO:colcon.colcon_core.shell:Creating environment descriptor '/home/alfred/shared_mac/Mekatronikk3/src/install/ngc_hmi/share/ngc_hmi/hook/pythonpath.dsv'
[35.377s] INFO:colcon.colcon_core.shell:Creating environment hook '/home/alfred/shared_mac/Mekatronikk3/src/install/ngc_hmi/share/ngc_hmi/hook/pythonpath.sh'
[35.379s] Level 1:colcon.colcon_core.environment:checking '/home/alfred/shared_mac/Mekatronikk3/src/install/ngc_hmi/bin'
[35.380s] Level 1:colcon.colcon_core.environment:create_environment_scripts_only(ngc_hmi)
[35.380s] INFO:colcon.colcon_core.shell:Creating package descriptor '/home/alfred/shared_mac/Mekatronikk3/src/install/ngc_hmi/share/ngc_hmi/package.dsv'
[35.382s] INFO:colcon.colcon_core.shell:Creating package script '/home/alfred/shared_mac/Mekatronikk3/src/install/ngc_hmi/share/ngc_hmi/package.sh'
[35.384s] INFO:colcon.colcon_core.shell:Creating package script '/home/alfred/shared_mac/Mekatronikk3/src/install/ngc_hmi/share/ngc_hmi/package.bash'
[35.386s] INFO:colcon.colcon_core.shell:Creating package script '/home/alfred/shared_mac/Mekatronikk3/src/install/ngc_hmi/share/ngc_hmi/package.zsh'
[35.388s] Level 1:colcon.colcon_core.environment:create_file_with_runtime_dependencies(/home/alfred/shared_mac/Mekatronikk3/src/install/ngc_hmi/share/colcon-core/packages/ngc_hmi)
[35.391s] DEBUG:colcon.colcon_parallel_executor.executor.parallel:closing loop
[35.391s] DEBUG:colcon.colcon_parallel_executor.executor.parallel:loop closed
[35.392s] DEBUG:colcon.colcon_parallel_executor.executor.parallel:run_until_complete finished with '0'
[35.392s] DEBUG:colcon.colcon_core.event_reactor:joining thread
[35.433s] INFO:colcon.colcon_core.plugin_system:Skipping extension 'colcon_notification.desktop_notification.terminal_notifier': Not used on non-Darwin systems
[35.434s] INFO:colcon.colcon_core.plugin_system:Skipping extension 'colcon_notification.desktop_notification.win32': Not used on non-Windows systems
[35.434s] INFO:colcon.colcon_notification.desktop_notification:Sending desktop notification using 'notify2'
[35.495s] DEBUG:colcon.colcon_core.event_reactor:joined thread
[35.495s] INFO:colcon.colcon_core.shell:Creating prefix script '/home/alfred/shared_mac/Mekatronikk3/src/install/local_setup.sh'
[35.499s] INFO:colcon.colcon_core.shell:Creating prefix util module '/home/alfred/shared_mac/Mekatronikk3/src/install/_local_setup_util_sh.py'
[35.503s] INFO:colcon.colcon_core.shell:Creating prefix chain script '/home/alfred/shared_mac/Mekatronikk3/src/install/setup.sh'
[35.523s] INFO:colcon.colcon_core.shell:Creating prefix script '/home/alfred/shared_mac/Mekatronikk3/src/install/local_setup.bash'
[35.530s] INFO:colcon.colcon_core.shell:Creating prefix chain script '/home/alfred/shared_mac/Mekatronikk3/src/install/setup.bash'
[35.549s] INFO:colcon.colcon_core.shell:Creating prefix script '/home/alfred/shared_mac/Mekatronikk3/src/install/local_setup.zsh'
[35.551s] INFO:colcon.colcon_core.shell:Creating prefix chain script '/home/alfred/shared_mac/Mekatronikk3/src/install/setup.zsh'
