[3.446s] Invoking command in '/home/alfred/shared_mac/MEPA2001_2024/src/kontrolsystem': DEBUGINFOD_URLS=https://debuginfod.ubuntu.com PYTHONPATH=/home/alfred/shared_mac/MEPA2001_2024/src/build/kontrolsystem/prefix_override:/usr/lib/python3/dist-packages/colcon_core/task/python/colcon_distutils_commands:/home/alfred/shared_mac/MEPA2001_2024/src/install/kontrolsystem/lib/python3.12/site-packages:${PYTHONPATH} /usr/bin/python3 -W ignore:setup.py install is deprecated setup.py egg_info --egg-base ../build/kontrolsystem build --build-base /home/alfred/shared_mac/MEPA2001_2024/src/build/kontrolsystem/build install --record /home/alfred/shared_mac/MEPA2001_2024/src/build/kontrolsystem/install.log --single-version-externally-managed install_data
[4.333s] running egg_info
[4.376s] writing ../build/kontrolsystem/kontrolsystem.egg-info/PKG-INFO
[4.382s] writing dependency_links to ../build/kontrolsystem/kontrolsystem.egg-info/dependency_links.txt
[4.383s] writing entry points to ../build/kontrolsystem/kontrolsystem.egg-info/entry_points.txt
[4.384s] writing requirements to ../build/kontrolsystem/kontrolsystem.egg-info/requires.txt
[4.387s] writing top-level names to ../build/kontrolsystem/kontrolsystem.egg-info/top_level.txt
[4.495s] reading manifest file '../build/kontrolsystem/kontrolsystem.egg-info/SOURCES.txt'
[4.505s] writing manifest file '../build/kontrolsystem/kontrolsystem.egg-info/SOURCES.txt'
[4.508s] running build
[4.510s] running build_py
[4.514s] copying kontrolsystem/estimator.py -> /home/alfred/shared_mac/MEPA2001_2024/src/build/kontrolsystem/build/lib/kontrolsystem
[4.517s] running install
[4.536s] running install_lib
[4.582s] copying /home/alfred/shared_mac/MEPA2001_2024/src/build/kontrolsystem/build/lib/kontrolsystem/estimator.py -> /home/alfred/shared_mac/MEPA2001_2024/src/install/kontrolsystem/lib/python3.12/site-packages/kontrolsystem
[4.589s] byte-compiling /home/alfred/shared_mac/MEPA2001_2024/src/install/kontrolsystem/lib/python3.12/site-packages/kontrolsystem/estimator.py to estimator.cpython-312.pyc
[4.597s] running install_data
[4.600s] running install_egg_info
[4.646s] removing '/home/alfred/shared_mac/MEPA2001_2024/src/install/kontrolsystem/lib/python3.12/site-packages/kontrolsystem-0.0.0-py3.12.egg-info' (and everything under it)
[4.651s] Copying ../build/kontrolsystem/kontrolsystem.egg-info to /home/alfred/shared_mac/MEPA2001_2024/src/install/kontrolsystem/lib/python3.12/site-packages/kontrolsystem-0.0.0-py3.12.egg-info
[4.695s] running install_scripts
[5.001s] Installing estimator script to /home/alfred/shared_mac/MEPA2001_2024/src/install/kontrolsystem/lib/kontrolsystem
[5.003s] Installing kontroller script to /home/alfred/shared_mac/MEPA2001_2024/src/install/kontrolsystem/lib/kontrolsystem
[5.012s] writing list of installed files to '/home/alfred/shared_mac/MEPA2001_2024/src/build/kontrolsystem/install.log'
[5.146s] Invoked command in '/home/alfred/shared_mac/MEPA2001_2024/src/kontrolsystem' returned '0': DEBUGINFOD_URLS=https://debuginfod.ubuntu.com PYTHONPATH=/home/alfred/shared_mac/MEPA2001_2024/src/build/kontrolsystem/prefix_override:/usr/lib/python3/dist-packages/colcon_core/task/python/colcon_distutils_commands:/home/alfred/shared_mac/MEPA2001_2024/src/install/kontrolsystem/lib/python3.12/site-packages:${PYTHONPATH} /usr/bin/python3 -W ignore:setup.py install is deprecated setup.py egg_info --egg-base ../build/kontrolsystem build --build-base /home/alfred/shared_mac/MEPA2001_2024/src/build/kontrolsystem/build install --record /home/alfred/shared_mac/MEPA2001_2024/src/build/kontrolsystem/install.log --single-version-externally-managed install_data
