[0.227s] DEBUG:colcon:Command line arguments: ['/usr/bin/colcon', 'build']
[0.228s] DEBUG:colcon:Parsed command line arguments: Namespace(log_base=None, log_level=None, verb_name='build', build_base='build', install_base='install', merge_install=False, symlink_install=False, test_result_base=None, continue_on_error=False, executor='parallel', parallel_workers=4, event_handlers=None, ignore_user_meta=False, metas=['./colcon.meta'], base_paths=['.'], packages_ignore=None, packages_ignore_regex=None, paths=None, packages_up_to=None, packages_up_to_regex=None, packages_above=None, packages_above_and_dependencies=None, packages_above_depth=None, packages_select_by_dep=None, packages_skip_by_dep=None, packages_skip_up_to=None, packages_select_build_failed=False, packages_skip_build_finished=False, packages_select_test_failures=False, packages_skip_test_passed=False, packages_select=None, packages_skip=None, packages_select_regex=None, packages_skip_regex=None, packages_start=None, packages_end=None, cmake_args=None, cmake_target=None, cmake_target_skip_unavailable=False, cmake_clean_cache=False, cmake_clean_first=False, cmake_force_configure=False, ament_cmake_args=None, catkin_cmake_args=None, catkin_skip_building_tests=False, verb_parser=<colcon_defaults.argument_parser.defaults.DefaultArgumentsDecorator object at 0x78c213501d30>, verb_extension=<colcon_core.verb.build.BuildVerb object at 0x78c213501b50>, main=<bound method BuildVerb.main of <colcon_core.verb.build.BuildVerb object at 0x78c213501b50>>)
[0.291s] Level 1:colcon.colcon_core.package_discovery:discover_packages(colcon_meta) check parameters
[0.292s] Level 1:colcon.colcon_core.package_discovery:discover_packages(recursive) check parameters
[0.298s] Level 1:colcon.colcon_core.package_discovery:discover_packages(ignore) check parameters
[0.300s] Level 1:colcon.colcon_core.package_discovery:discover_packages(path) check parameters
[0.300s] Level 1:colcon.colcon_core.package_discovery:discover_packages(colcon_meta) discover
[0.300s] Level 1:colcon.colcon_core.package_discovery:discover_packages(recursive) discover
[0.300s] INFO:colcon.colcon_core.package_discovery:Crawling recursively for packages in '/home/alfred/shared_mac/MEPA2001_2024/src'
[0.301s] Level 1:colcon.colcon_core.package_identification:_identify(.) by extensions ['ignore', 'ignore_ament_install']
[0.302s] Level 1:colcon.colcon_core.package_identification:_identify(.) by extension 'ignore'
[0.302s] Level 1:colcon.colcon_core.package_identification:_identify(.) by extension 'ignore_ament_install'
[0.302s] Level 1:colcon.colcon_core.package_identification:_identify(.) by extensions ['colcon_pkg']
[0.305s] Level 1:colcon.colcon_core.package_identification:_identify(.) by extension 'colcon_pkg'
[0.305s] Level 1:colcon.colcon_core.package_identification:_identify(.) by extensions ['colcon_meta']
[0.305s] Level 1:colcon.colcon_core.package_identification:_identify(.) by extension 'colcon_meta'
[0.306s] Level 1:colcon.colcon_core.package_identification:_identify(.) by extensions ['ros']
[0.306s] Level 1:colcon.colcon_core.package_identification:_identify(.) by extension 'ros'
[0.379s] Level 1:colcon.colcon_core.package_identification:_identify(.) by extensions ['cmake', 'python']
[0.380s] Level 1:colcon.colcon_core.package_identification:_identify(.) by extension 'cmake'
[0.385s] Level 1:colcon.colcon_core.package_identification:_identify(.) by extension 'python'
[0.385s] Level 1:colcon.colcon_core.package_identification:_identify(.) by extensions ['python_setup_py']
[0.385s] Level 1:colcon.colcon_core.package_identification:_identify(.) by extension 'python_setup_py'
[0.387s] Level 1:colcon.colcon_core.package_identification:_identify(build) by extensions ['ignore', 'ignore_ament_install']
[0.387s] Level 1:colcon.colcon_core.package_identification:_identify(build) by extension 'ignore'
[0.388s] Level 1:colcon.colcon_core.package_identification:_identify(build) ignored
[0.389s] Level 1:colcon.colcon_core.package_identification:_identify(install) by extensions ['ignore', 'ignore_ament_install']
[0.389s] Level 1:colcon.colcon_core.package_identification:_identify(install) by extension 'ignore'
[0.389s] Level 1:colcon.colcon_core.package_identification:_identify(install) ignored
[0.390s] Level 1:colcon.colcon_core.package_identification:_identify(kontrolsystem) by extensions ['ignore', 'ignore_ament_install']
[0.390s] Level 1:colcon.colcon_core.package_identification:_identify(kontrolsystem) by extension 'ignore'
[0.391s] Level 1:colcon.colcon_core.package_identification:_identify(kontrolsystem) by extension 'ignore_ament_install'
[0.394s] Level 1:colcon.colcon_core.package_identification:_identify(kontrolsystem) by extensions ['colcon_pkg']
[0.396s] Level 1:colcon.colcon_core.package_identification:_identify(kontrolsystem) by extension 'colcon_pkg'
[0.399s] Level 1:colcon.colcon_core.package_identification:_identify(kontrolsystem) by extensions ['colcon_meta']
[0.399s] Level 1:colcon.colcon_core.package_identification:_identify(kontrolsystem) by extension 'colcon_meta'
[0.400s] Level 1:colcon.colcon_core.package_identification:_identify(kontrolsystem) by extensions ['ros']
[0.400s] Level 1:colcon.colcon_core.package_identification:_identify(kontrolsystem) by extension 'ros'
[0.410s] DEBUG:colcon.colcon_core.package_identification:Package 'kontrolsystem' with type 'ros.ament_python' and name 'kontrolsystem'
[0.412s] Level 1:colcon.colcon_core.package_identification:_identify(log) by extensions ['ignore', 'ignore_ament_install']
[0.412s] Level 1:colcon.colcon_core.package_identification:_identify(log) by extension 'ignore'
[0.413s] Level 1:colcon.colcon_core.package_identification:_identify(log) ignored
[0.415s] Level 1:colcon.colcon_core.package_identification:_identify(ngc_bringup) by extensions ['ignore', 'ignore_ament_install']
[0.415s] Level 1:colcon.colcon_core.package_identification:_identify(ngc_bringup) by extension 'ignore'
[0.416s] Level 1:colcon.colcon_core.package_identification:_identify(ngc_bringup) by extension 'ignore_ament_install'
[0.416s] Level 1:colcon.colcon_core.package_identification:_identify(ngc_bringup) by extensions ['colcon_pkg']
[0.416s] Level 1:colcon.colcon_core.package_identification:_identify(ngc_bringup) by extension 'colcon_pkg'
[0.417s] Level 1:colcon.colcon_core.package_identification:_identify(ngc_bringup) by extensions ['colcon_meta']
[0.417s] Level 1:colcon.colcon_core.package_identification:_identify(ngc_bringup) by extension 'colcon_meta'
[0.417s] Level 1:colcon.colcon_core.package_identification:_identify(ngc_bringup) by extensions ['ros']
[0.418s] Level 1:colcon.colcon_core.package_identification:_identify(ngc_bringup) by extension 'ros'
[0.420s] DEBUG:colcon.colcon_core.package_identification:Package 'ngc_bringup' with type 'ros.ament_cmake' and name 'ngc_bringup'
[0.422s] Level 1:colcon.colcon_core.package_identification:_identify(ngc_hmi) by extensions ['ignore', 'ignore_ament_install']
[0.422s] Level 1:colcon.colcon_core.package_identification:_identify(ngc_hmi) by extension 'ignore'
[0.423s] Level 1:colcon.colcon_core.package_identification:_identify(ngc_hmi) by extension 'ignore_ament_install'
[0.424s] Level 1:colcon.colcon_core.package_identification:_identify(ngc_hmi) by extensions ['colcon_pkg']
[0.424s] Level 1:colcon.colcon_core.package_identification:_identify(ngc_hmi) by extension 'colcon_pkg'
[0.424s] Level 1:colcon.colcon_core.package_identification:_identify(ngc_hmi) by extensions ['colcon_meta']
[0.425s] Level 1:colcon.colcon_core.package_identification:_identify(ngc_hmi) by extension 'colcon_meta'
[0.425s] Level 1:colcon.colcon_core.package_identification:_identify(ngc_hmi) by extensions ['ros']
[0.425s] Level 1:colcon.colcon_core.package_identification:_identify(ngc_hmi) by extension 'ros'
[0.428s] DEBUG:colcon.colcon_core.package_identification:Package 'ngc_hmi' with type 'ros.ament_python' and name 'ngc_hmi'
[0.437s] Level 1:colcon.colcon_core.package_identification:_identify(ngc_hull_sim) by extensions ['ignore', 'ignore_ament_install']
[0.438s] Level 1:colcon.colcon_core.package_identification:_identify(ngc_hull_sim) by extension 'ignore'
[0.440s] Level 1:colcon.colcon_core.package_identification:_identify(ngc_hull_sim) by extension 'ignore_ament_install'
[0.441s] Level 1:colcon.colcon_core.package_identification:_identify(ngc_hull_sim) by extensions ['colcon_pkg']
[0.441s] Level 1:colcon.colcon_core.package_identification:_identify(ngc_hull_sim) by extension 'colcon_pkg'
[0.442s] Level 1:colcon.colcon_core.package_identification:_identify(ngc_hull_sim) by extensions ['colcon_meta']
[0.442s] Level 1:colcon.colcon_core.package_identification:_identify(ngc_hull_sim) by extension 'colcon_meta'
[0.443s] Level 1:colcon.colcon_core.package_identification:_identify(ngc_hull_sim) by extensions ['ros']
[0.443s] Level 1:colcon.colcon_core.package_identification:_identify(ngc_hull_sim) by extension 'ros'
[0.449s] DEBUG:colcon.colcon_core.package_identification:Package 'ngc_hull_sim' with type 'ros.ament_python' and name 'ngc_hull_sim'
[0.452s] Level 1:colcon.colcon_core.package_identification:_identify(ngc_interfaces) by extensions ['ignore', 'ignore_ament_install']
[0.453s] Level 1:colcon.colcon_core.package_identification:_identify(ngc_interfaces) by extension 'ignore'
[0.455s] Level 1:colcon.colcon_core.package_identification:_identify(ngc_interfaces) by extension 'ignore_ament_install'
[0.456s] Level 1:colcon.colcon_core.package_identification:_identify(ngc_interfaces) by extensions ['colcon_pkg']
[0.457s] Level 1:colcon.colcon_core.package_identification:_identify(ngc_interfaces) by extension 'colcon_pkg'
[0.457s] Level 1:colcon.colcon_core.package_identification:_identify(ngc_interfaces) by extensions ['colcon_meta']
[0.458s] Level 1:colcon.colcon_core.package_identification:_identify(ngc_interfaces) by extension 'colcon_meta'
[0.458s] Level 1:colcon.colcon_core.package_identification:_identify(ngc_interfaces) by extensions ['ros']
[0.464s] Level 1:colcon.colcon_core.package_identification:_identify(ngc_interfaces) by extension 'ros'
[0.482s] DEBUG:colcon.colcon_core.package_identification:Package 'ngc_interfaces' with type 'ros.ament_cmake' and name 'ngc_interfaces'
[0.483s] Level 1:colcon.colcon_core.package_identification:_identify(ngc_propulsion_sim) by extensions ['ignore', 'ignore_ament_install']
[0.484s] Level 1:colcon.colcon_core.package_identification:_identify(ngc_propulsion_sim) by extension 'ignore'
[0.488s] Level 1:colcon.colcon_core.package_identification:_identify(ngc_propulsion_sim) by extension 'ignore_ament_install'
[0.490s] Level 1:colcon.colcon_core.package_identification:_identify(ngc_propulsion_sim) by extensions ['colcon_pkg']
[0.490s] Level 1:colcon.colcon_core.package_identification:_identify(ngc_propulsion_sim) by extension 'colcon_pkg'
[0.494s] Level 1:colcon.colcon_core.package_identification:_identify(ngc_propulsion_sim) by extensions ['colcon_meta']
[0.495s] Level 1:colcon.colcon_core.package_identification:_identify(ngc_propulsion_sim) by extension 'colcon_meta'
[0.495s] Level 1:colcon.colcon_core.package_identification:_identify(ngc_propulsion_sim) by extensions ['ros']
[0.495s] Level 1:colcon.colcon_core.package_identification:_identify(ngc_propulsion_sim) by extension 'ros'
[0.497s] DEBUG:colcon.colcon_core.package_identification:Package 'ngc_propulsion_sim' with type 'ros.ament_python' and name 'ngc_propulsion_sim'
[0.503s] Level 1:colcon.colcon_core.package_identification:_identify(ngc_sensor_sims) by extensions ['ignore', 'ignore_ament_install']
[0.504s] Level 1:colcon.colcon_core.package_identification:_identify(ngc_sensor_sims) by extension 'ignore'
[0.505s] Level 1:colcon.colcon_core.package_identification:_identify(ngc_sensor_sims) by extension 'ignore_ament_install'
[0.516s] Level 1:colcon.colcon_core.package_identification:_identify(ngc_sensor_sims) by extensions ['colcon_pkg']
[0.519s] Level 1:colcon.colcon_core.package_identification:_identify(ngc_sensor_sims) by extension 'colcon_pkg'
[0.519s] Level 1:colcon.colcon_core.package_identification:_identify(ngc_sensor_sims) by extensions ['colcon_meta']
[0.519s] Level 1:colcon.colcon_core.package_identification:_identify(ngc_sensor_sims) by extension 'colcon_meta'
[0.520s] Level 1:colcon.colcon_core.package_identification:_identify(ngc_sensor_sims) by extensions ['ros']
[0.520s] Level 1:colcon.colcon_core.package_identification:_identify(ngc_sensor_sims) by extension 'ros'
[0.522s] DEBUG:colcon.colcon_core.package_identification:Package 'ngc_sensor_sims' with type 'ros.ament_python' and name 'ngc_sensor_sims'
[0.523s] Level 1:colcon.colcon_core.package_identification:_identify(ngc_utils) by extensions ['ignore', 'ignore_ament_install']
[0.523s] Level 1:colcon.colcon_core.package_identification:_identify(ngc_utils) by extension 'ignore'
[0.523s] Level 1:colcon.colcon_core.package_identification:_identify(ngc_utils) by extension 'ignore_ament_install'
[0.524s] Level 1:colcon.colcon_core.package_identification:_identify(ngc_utils) by extensions ['colcon_pkg']
[0.524s] Level 1:colcon.colcon_core.package_identification:_identify(ngc_utils) by extension 'colcon_pkg'
[0.524s] Level 1:colcon.colcon_core.package_identification:_identify(ngc_utils) by extensions ['colcon_meta']
[0.525s] Level 1:colcon.colcon_core.package_identification:_identify(ngc_utils) by extension 'colcon_meta'
[0.525s] Level 1:colcon.colcon_core.package_identification:_identify(ngc_utils) by extensions ['ros']
[0.525s] Level 1:colcon.colcon_core.package_identification:_identify(ngc_utils) by extension 'ros'
[0.527s] DEBUG:colcon.colcon_core.package_identification:Package 'ngc_utils' with type 'ros.ament_python' and name 'ngc_utils'
[0.529s] Level 1:colcon.colcon_core.package_discovery:discover_packages(recursive) using defaults
[0.530s] Level 1:colcon.colcon_core.package_discovery:discover_packages(ignore) discover
[0.530s] Level 1:colcon.colcon_core.package_discovery:discover_packages(ignore) using defaults
[0.530s] Level 1:colcon.colcon_core.package_discovery:discover_packages(path) discover
[0.535s] Level 1:colcon.colcon_core.package_discovery:discover_packages(path) using defaults
[0.576s] Level 5:colcon.colcon_core.verb:set package 'kontrolsystem' build argument 'cmake_args' from command line to 'None'
[0.577s] Level 5:colcon.colcon_core.verb:set package 'kontrolsystem' build argument 'cmake_target' from command line to 'None'
[0.577s] Level 5:colcon.colcon_core.verb:set package 'kontrolsystem' build argument 'cmake_target_skip_unavailable' from command line to 'False'
[0.577s] Level 5:colcon.colcon_core.verb:set package 'kontrolsystem' build argument 'cmake_clean_cache' from command line to 'False'
[0.578s] Level 5:colcon.colcon_core.verb:set package 'kontrolsystem' build argument 'cmake_clean_first' from command line to 'False'
[0.578s] Level 5:colcon.colcon_core.verb:set package 'kontrolsystem' build argument 'cmake_force_configure' from command line to 'False'
[0.578s] Level 5:colcon.colcon_core.verb:set package 'kontrolsystem' build argument 'ament_cmake_args' from command line to 'None'
[0.579s] Level 5:colcon.colcon_core.verb:set package 'kontrolsystem' build argument 'catkin_cmake_args' from command line to 'None'
[0.579s] Level 5:colcon.colcon_core.verb:set package 'kontrolsystem' build argument 'catkin_skip_building_tests' from command line to 'False'
[0.579s] DEBUG:colcon.colcon_core.verb:Building package 'kontrolsystem' with the following arguments: {'ament_cmake_args': None, 'build_base': '/home/alfred/shared_mac/MEPA2001_2024/src/build/kontrolsystem', 'catkin_cmake_args': None, 'catkin_skip_building_tests': False, 'cmake_args': None, 'cmake_clean_cache': False, 'cmake_clean_first': False, 'cmake_force_configure': False, 'cmake_target': None, 'cmake_target_skip_unavailable': False, 'install_base': '/home/alfred/shared_mac/MEPA2001_2024/src/install/kontrolsystem', 'merge_install': False, 'path': '/home/alfred/shared_mac/MEPA2001_2024/src/kontrolsystem', 'symlink_install': False, 'test_result_base': None}
[0.580s] Level 5:colcon.colcon_core.verb:set package 'ngc_bringup' build argument 'cmake_args' from command line to 'None'
[0.580s] Level 5:colcon.colcon_core.verb:set package 'ngc_bringup' build argument 'cmake_target' from command line to 'None'
[0.580s] Level 5:colcon.colcon_core.verb:set package 'ngc_bringup' build argument 'cmake_target_skip_unavailable' from command line to 'False'
[0.580s] Level 5:colcon.colcon_core.verb:set package 'ngc_bringup' build argument 'cmake_clean_cache' from command line to 'False'
[0.581s] Level 5:colcon.colcon_core.verb:set package 'ngc_bringup' build argument 'cmake_clean_first' from command line to 'False'
[0.581s] Level 5:colcon.colcon_core.verb:set package 'ngc_bringup' build argument 'cmake_force_configure' from command line to 'False'
[0.581s] Level 5:colcon.colcon_core.verb:set package 'ngc_bringup' build argument 'ament_cmake_args' from command line to 'None'
[0.581s] Level 5:colcon.colcon_core.verb:set package 'ngc_bringup' build argument 'catkin_cmake_args' from command line to 'None'
[0.581s] Level 5:colcon.colcon_core.verb:set package 'ngc_bringup' build argument 'catkin_skip_building_tests' from command line to 'False'
[0.582s] DEBUG:colcon.colcon_core.verb:Building package 'ngc_bringup' with the following arguments: {'ament_cmake_args': None, 'build_base': '/home/alfred/shared_mac/MEPA2001_2024/src/build/ngc_bringup', 'catkin_cmake_args': None, 'catkin_skip_building_tests': False, 'cmake_args': None, 'cmake_clean_cache': False, 'cmake_clean_first': False, 'cmake_force_configure': False, 'cmake_target': None, 'cmake_target_skip_unavailable': False, 'install_base': '/home/alfred/shared_mac/MEPA2001_2024/src/install/ngc_bringup', 'merge_install': False, 'path': '/home/alfred/shared_mac/MEPA2001_2024/src/ngc_bringup', 'symlink_install': False, 'test_result_base': None}
[0.582s] Level 5:colcon.colcon_core.verb:set package 'ngc_interfaces' build argument 'cmake_args' from command line to 'None'
[0.583s] Level 5:colcon.colcon_core.verb:set package 'ngc_interfaces' build argument 'cmake_target' from command line to 'None'
[0.583s] Level 5:colcon.colcon_core.verb:set package 'ngc_interfaces' build argument 'cmake_target_skip_unavailable' from command line to 'False'
[0.583s] Level 5:colcon.colcon_core.verb:set package 'ngc_interfaces' build argument 'cmake_clean_cache' from command line to 'False'
[0.583s] Level 5:colcon.colcon_core.verb:set package 'ngc_interfaces' build argument 'cmake_clean_first' from command line to 'False'
[0.584s] Level 5:colcon.colcon_core.verb:set package 'ngc_interfaces' build argument 'cmake_force_configure' from command line to 'False'
[0.584s] Level 5:colcon.colcon_core.verb:set package 'ngc_interfaces' build argument 'ament_cmake_args' from command line to 'None'
[0.584s] Level 5:colcon.colcon_core.verb:set package 'ngc_interfaces' build argument 'catkin_cmake_args' from command line to 'None'
[0.585s] Level 5:colcon.colcon_core.verb:set package 'ngc_interfaces' build argument 'catkin_skip_building_tests' from command line to 'False'
[0.585s] DEBUG:colcon.colcon_core.verb:Building package 'ngc_interfaces' with the following arguments: {'ament_cmake_args': None, 'build_base': '/home/alfred/shared_mac/MEPA2001_2024/src/build/ngc_interfaces', 'catkin_cmake_args': None, 'catkin_skip_building_tests': False, 'cmake_args': None, 'cmake_clean_cache': False, 'cmake_clean_first': False, 'cmake_force_configure': False, 'cmake_target': None, 'cmake_target_skip_unavailable': False, 'install_base': '/home/alfred/shared_mac/MEPA2001_2024/src/install/ngc_interfaces', 'merge_install': False, 'path': '/home/alfred/shared_mac/MEPA2001_2024/src/ngc_interfaces', 'symlink_install': False, 'test_result_base': None}
[0.585s] Level 5:colcon.colcon_core.verb:set package 'ngc_sensor_sims' build argument 'cmake_args' from command line to 'None'
[0.586s] Level 5:colcon.colcon_core.verb:set package 'ngc_sensor_sims' build argument 'cmake_target' from command line to 'None'
[0.586s] Level 5:colcon.colcon_core.verb:set package 'ngc_sensor_sims' build argument 'cmake_target_skip_unavailable' from command line to 'False'
[0.586s] Level 5:colcon.colcon_core.verb:set package 'ngc_sensor_sims' build argument 'cmake_clean_cache' from command line to 'False'
[0.586s] Level 5:colcon.colcon_core.verb:set package 'ngc_sensor_sims' build argument 'cmake_clean_first' from command line to 'False'
[0.586s] Level 5:colcon.colcon_core.verb:set package 'ngc_sensor_sims' build argument 'cmake_force_configure' from command line to 'False'
[0.587s] Level 5:colcon.colcon_core.verb:set package 'ngc_sensor_sims' build argument 'ament_cmake_args' from command line to 'None'
[0.587s] Level 5:colcon.colcon_core.verb:set package 'ngc_sensor_sims' build argument 'catkin_cmake_args' from command line to 'None'
[0.587s] Level 5:colcon.colcon_core.verb:set package 'ngc_sensor_sims' build argument 'catkin_skip_building_tests' from command line to 'False'
[0.587s] DEBUG:colcon.colcon_core.verb:Building package 'ngc_sensor_sims' with the following arguments: {'ament_cmake_args': None, 'build_base': '/home/alfred/shared_mac/MEPA2001_2024/src/build/ngc_sensor_sims', 'catkin_cmake_args': None, 'catkin_skip_building_tests': False, 'cmake_args': None, 'cmake_clean_cache': False, 'cmake_clean_first': False, 'cmake_force_configure': False, 'cmake_target': None, 'cmake_target_skip_unavailable': False, 'install_base': '/home/alfred/shared_mac/MEPA2001_2024/src/install/ngc_sensor_sims', 'merge_install': False, 'path': '/home/alfred/shared_mac/MEPA2001_2024/src/ngc_sensor_sims', 'symlink_install': False, 'test_result_base': None}
[0.588s] Level 5:colcon.colcon_core.verb:set package 'ngc_utils' build argument 'cmake_args' from command line to 'None'
[0.589s] Level 5:colcon.colcon_core.verb:set package 'ngc_utils' build argument 'cmake_target' from command line to 'None'
[0.589s] Level 5:colcon.colcon_core.verb:set package 'ngc_utils' build argument 'cmake_target_skip_unavailable' from command line to 'False'
[0.589s] Level 5:colcon.colcon_core.verb:set package 'ngc_utils' build argument 'cmake_clean_cache' from command line to 'False'
[0.589s] Level 5:colcon.colcon_core.verb:set package 'ngc_utils' build argument 'cmake_clean_first' from command line to 'False'
[0.590s] Level 5:colcon.colcon_core.verb:set package 'ngc_utils' build argument 'cmake_force_configure' from command line to 'False'
[0.593s] Level 5:colcon.colcon_core.verb:set package 'ngc_utils' build argument 'ament_cmake_args' from command line to 'None'
[0.593s] Level 5:colcon.colcon_core.verb:set package 'ngc_utils' build argument 'catkin_cmake_args' from command line to 'None'
[0.593s] Level 5:colcon.colcon_core.verb:set package 'ngc_utils' build argument 'catkin_skip_building_tests' from command line to 'False'
[0.593s] DEBUG:colcon.colcon_core.verb:Building package 'ngc_utils' with the following arguments: {'ament_cmake_args': None, 'build_base': '/home/alfred/shared_mac/MEPA2001_2024/src/build/ngc_utils', 'catkin_cmake_args': None, 'catkin_skip_building_tests': False, 'cmake_args': None, 'cmake_clean_cache': False, 'cmake_clean_first': False, 'cmake_force_configure': False, 'cmake_target': None, 'cmake_target_skip_unavailable': False, 'install_base': '/home/alfred/shared_mac/MEPA2001_2024/src/install/ngc_utils', 'merge_install': False, 'path': '/home/alfred/shared_mac/MEPA2001_2024/src/ngc_utils', 'symlink_install': False, 'test_result_base': None}
[0.594s] Level 5:colcon.colcon_core.verb:set package 'ngc_hmi' build argument 'cmake_args' from command line to 'None'
[0.594s] Level 5:colcon.colcon_core.verb:set package 'ngc_hmi' build argument 'cmake_target' from command line to 'None'
[0.594s] Level 5:colcon.colcon_core.verb:set package 'ngc_hmi' build argument 'cmake_target_skip_unavailable' from command line to 'False'
[0.594s] Level 5:colcon.colcon_core.verb:set package 'ngc_hmi' build argument 'cmake_clean_cache' from command line to 'False'
[0.594s] Level 5:colcon.colcon_core.verb:set package 'ngc_hmi' build argument 'cmake_clean_first' from command line to 'False'
[0.594s] Level 5:colcon.colcon_core.verb:set package 'ngc_hmi' build argument 'cmake_force_configure' from command line to 'False'
[0.595s] Level 5:colcon.colcon_core.verb:set package 'ngc_hmi' build argument 'ament_cmake_args' from command line to 'None'
[0.595s] Level 5:colcon.colcon_core.verb:set package 'ngc_hmi' build argument 'catkin_cmake_args' from command line to 'None'
[0.595s] Level 5:colcon.colcon_core.verb:set package 'ngc_hmi' build argument 'catkin_skip_building_tests' from command line to 'False'
[0.595s] DEBUG:colcon.colcon_core.verb:Building package 'ngc_hmi' with the following arguments: {'ament_cmake_args': None, 'build_base': '/home/alfred/shared_mac/MEPA2001_2024/src/build/ngc_hmi', 'catkin_cmake_args': None, 'catkin_skip_building_tests': False, 'cmake_args': None, 'cmake_clean_cache': False, 'cmake_clean_first': False, 'cmake_force_configure': False, 'cmake_target': None, 'cmake_target_skip_unavailable': False, 'install_base': '/home/alfred/shared_mac/MEPA2001_2024/src/install/ngc_hmi', 'merge_install': False, 'path': '/home/alfred/shared_mac/MEPA2001_2024/src/ngc_hmi', 'symlink_install': False, 'test_result_base': None}
[0.596s] Level 5:colcon.colcon_core.verb:set package 'ngc_hull_sim' build argument 'cmake_args' from command line to 'None'
[0.596s] Level 5:colcon.colcon_core.verb:set package 'ngc_hull_sim' build argument 'cmake_target' from command line to 'None'
[0.596s] Level 5:colcon.colcon_core.verb:set package 'ngc_hull_sim' build argument 'cmake_target_skip_unavailable' from command line to 'False'
[0.596s] Level 5:colcon.colcon_core.verb:set package 'ngc_hull_sim' build argument 'cmake_clean_cache' from command line to 'False'
[0.596s] Level 5:colcon.colcon_core.verb:set package 'ngc_hull_sim' build argument 'cmake_clean_first' from command line to 'False'
[0.597s] Level 5:colcon.colcon_core.verb:set package 'ngc_hull_sim' build argument 'cmake_force_configure' from command line to 'False'
[0.597s] Level 5:colcon.colcon_core.verb:set package 'ngc_hull_sim' build argument 'ament_cmake_args' from command line to 'None'
[0.597s] Level 5:colcon.colcon_core.verb:set package 'ngc_hull_sim' build argument 'catkin_cmake_args' from command line to 'None'
[0.598s] Level 5:colcon.colcon_core.verb:set package 'ngc_hull_sim' build argument 'catkin_skip_building_tests' from command line to 'False'
[0.601s] DEBUG:colcon.colcon_core.verb:Building package 'ngc_hull_sim' with the following arguments: {'ament_cmake_args': None, 'build_base': '/home/alfred/shared_mac/MEPA2001_2024/src/build/ngc_hull_sim', 'catkin_cmake_args': None, 'catkin_skip_building_tests': False, 'cmake_args': None, 'cmake_clean_cache': False, 'cmake_clean_first': False, 'cmake_force_configure': False, 'cmake_target': None, 'cmake_target_skip_unavailable': False, 'install_base': '/home/alfred/shared_mac/MEPA2001_2024/src/install/ngc_hull_sim', 'merge_install': False, 'path': '/home/alfred/shared_mac/MEPA2001_2024/src/ngc_hull_sim', 'symlink_install': False, 'test_result_base': None}
[0.602s] Level 5:colcon.colcon_core.verb:set package 'ngc_propulsion_sim' build argument 'cmake_args' from command line to 'None'
[0.602s] Level 5:colcon.colcon_core.verb:set package 'ngc_propulsion_sim' build argument 'cmake_target' from command line to 'None'
[0.603s] Level 5:colcon.colcon_core.verb:set package 'ngc_propulsion_sim' build argument 'cmake_target_skip_unavailable' from command line to 'False'
[0.603s] Level 5:colcon.colcon_core.verb:set package 'ngc_propulsion_sim' build argument 'cmake_clean_cache' from command line to 'False'
[0.603s] Level 5:colcon.colcon_core.verb:set package 'ngc_propulsion_sim' build argument 'cmake_clean_first' from command line to 'False'
[0.603s] Level 5:colcon.colcon_core.verb:set package 'ngc_propulsion_sim' build argument 'cmake_force_configure' from command line to 'False'
[0.603s] Level 5:colcon.colcon_core.verb:set package 'ngc_propulsion_sim' build argument 'ament_cmake_args' from command line to 'None'
[0.603s] Level 5:colcon.colcon_core.verb:set package 'ngc_propulsion_sim' build argument 'catkin_cmake_args' from command line to 'None'
[0.604s] Level 5:colcon.colcon_core.verb:set package 'ngc_propulsion_sim' build argument 'catkin_skip_building_tests' from command line to 'False'
[0.604s] DEBUG:colcon.colcon_core.verb:Building package 'ngc_propulsion_sim' with the following arguments: {'ament_cmake_args': None, 'build_base': '/home/alfred/shared_mac/MEPA2001_2024/src/build/ngc_propulsion_sim', 'catkin_cmake_args': None, 'catkin_skip_building_tests': False, 'cmake_args': None, 'cmake_clean_cache': False, 'cmake_clean_first': False, 'cmake_force_configure': False, 'cmake_target': None, 'cmake_target_skip_unavailable': False, 'install_base': '/home/alfred/shared_mac/MEPA2001_2024/src/install/ngc_propulsion_sim', 'merge_install': False, 'path': '/home/alfred/shared_mac/MEPA2001_2024/src/ngc_propulsion_sim', 'symlink_install': False, 'test_result_base': None}
[0.606s] INFO:colcon.colcon_core.executor:Executing jobs using 'parallel' executor
[0.608s] DEBUG:colcon.colcon_parallel_executor.executor.parallel:run_until_complete
[0.609s] INFO:colcon.colcon_ros.task.ament_cmake.build:Building ROS package in '/home/alfred/shared_mac/MEPA2001_2024/src/ngc_interfaces' with build type 'ament_cmake'
[0.609s] INFO:colcon.colcon_cmake.task.cmake.build:Building CMake package in '/home/alfred/shared_mac/MEPA2001_2024/src/ngc_interfaces'
[0.613s] INFO:colcon.colcon_core.plugin_system:Skipping extension 'colcon_core.shell.bat': Not used on non-Windows systems
[0.616s] DEBUG:colcon.colcon_core.shell:Skip shell extension 'dsv' for command environment
[0.655s] INFO:colcon.colcon_ros.task.ament_cmake.build:Building ROS package in '/home/alfred/shared_mac/MEPA2001_2024/src/ngc_bringup' with build type 'ament_cmake'
[0.656s] INFO:colcon.colcon_cmake.task.cmake.build:Building CMake package in '/home/alfred/shared_mac/MEPA2001_2024/src/ngc_bringup'
[0.656s] DEBUG:colcon.colcon_core.shell:Skip shell extension 'dsv' for command environment
[0.694s] INFO:colcon.colcon_ros.task.ament_python.build:Building ROS package in '/home/alfred/shared_mac/MEPA2001_2024/src/ngc_utils' with build type 'ament_python'
[0.696s] Level 1:colcon.colcon_core.shell:create_environment_hook('ngc_utils', 'ament_prefix_path')
[0.704s] INFO:colcon.colcon_core.shell:Creating environment descriptor '/home/alfred/shared_mac/MEPA2001_2024/src/install/ngc_utils/share/ngc_utils/hook/ament_prefix_path.dsv'
[0.709s] INFO:colcon.colcon_core.shell:Creating environment hook '/home/alfred/shared_mac/MEPA2001_2024/src/install/ngc_utils/share/ngc_utils/hook/ament_prefix_path.sh'
[0.711s] DEBUG:colcon.colcon_core.shell:Skip shell extension 'dsv' for command environment
[0.721s] INFO:colcon.colcon_ros.task.ament_python.build:Building ROS package in '/home/alfred/shared_mac/MEPA2001_2024/src/kontrolsystem' with build type 'ament_python'
[0.722s] Level 1:colcon.colcon_core.shell:create_environment_hook('kontrolsystem', 'ament_prefix_path')
[0.723s] INFO:colcon.colcon_core.shell:Creating environment descriptor '/home/alfred/shared_mac/MEPA2001_2024/src/install/kontrolsystem/share/kontrolsystem/hook/ament_prefix_path.dsv'
[0.730s] INFO:colcon.colcon_core.shell:Creating environment hook '/home/alfred/shared_mac/MEPA2001_2024/src/install/kontrolsystem/share/kontrolsystem/hook/ament_prefix_path.sh'
[0.745s] DEBUG:colcon.colcon_core.shell:Skip shell extension 'dsv' for command environment
[0.813s] DEBUG:colcon.colcon_core.event_handler.log_command:Invoking command in '/home/alfred/shared_mac/MEPA2001_2024/src/build/ngc_interfaces': CMAKE_PREFIX_PATH=${CMAKE_PREFIX_PATH}:/opt/ros/jazzy DEBUGINFOD_URLS=https://debuginfod.ubuntu.com /usr/bin/cmake --build /home/alfred/shared_mac/MEPA2001_2024/src/build/ngc_interfaces -- -j4 -l4
[0.863s] DEBUG:colcon.colcon_core.event_handler.log_command:Invoking command in '/home/alfred/shared_mac/MEPA2001_2024/src/build/ngc_bringup': CMAKE_PREFIX_PATH=${CMAKE_PREFIX_PATH}:/opt/ros/jazzy DEBUGINFOD_URLS=https://debuginfod.ubuntu.com /usr/bin/cmake --build /home/alfred/shared_mac/MEPA2001_2024/src/build/ngc_bringup -- -j4 -l4
[2.036s] INFO:colcon.colcon_core.task.python.build:Building Python package in '/home/alfred/shared_mac/MEPA2001_2024/src/ngc_utils'
[2.037s] DEBUG:colcon.colcon_core.shell:Skip shell extension 'dsv' for command environment
[3.286s] INFO:colcon.colcon_core.task.python.build:Building Python package in '/home/alfred/shared_mac/MEPA2001_2024/src/kontrolsystem'
[3.301s] DEBUG:colcon.colcon_core.shell:Skip shell extension 'dsv' for command environment
[3.392s] DEBUG:colcon.colcon_core.event_handler.log_command:Invoked command in '/home/alfred/shared_mac/MEPA2001_2024/src/build/ngc_bringup' returned '0': CMAKE_PREFIX_PATH=${CMAKE_PREFIX_PATH}:/opt/ros/jazzy DEBUGINFOD_URLS=https://debuginfod.ubuntu.com /usr/bin/cmake --build /home/alfred/shared_mac/MEPA2001_2024/src/build/ngc_bringup -- -j4 -l4
[3.857s] DEBUG:colcon.colcon_core.event_handler.log_command:Invoking command in '/home/alfred/shared_mac/MEPA2001_2024/src/build/ngc_bringup': CMAKE_PREFIX_PATH=${CMAKE_PREFIX_PATH}:/opt/ros/jazzy DEBUGINFOD_URLS=https://debuginfod.ubuntu.com /usr/bin/cmake --install /home/alfred/shared_mac/MEPA2001_2024/src/build/ngc_bringup
[4.054s] Level 1:colcon.colcon_core.environment:create_environment_scripts_only(ngc_bringup)
[4.057s] Level 1:colcon.colcon_core.environment:checking '/home/alfred/shared_mac/MEPA2001_2024/src/install/ngc_bringup' for CMake module files
[4.055s] DEBUG:colcon.colcon_core.event_handler.log_command:Invoked command in '/home/alfred/shared_mac/MEPA2001_2024/src/build/ngc_bringup' returned '0': CMAKE_PREFIX_PATH=${CMAKE_PREFIX_PATH}:/opt/ros/jazzy DEBUGINFOD_URLS=https://debuginfod.ubuntu.com /usr/bin/cmake --install /home/alfred/shared_mac/MEPA2001_2024/src/build/ngc_bringup
[4.105s] Level 1:colcon.colcon_core.environment:checking '/home/alfred/shared_mac/MEPA2001_2024/src/install/ngc_bringup' for CMake config files
[4.108s] Level 1:colcon.colcon_core.shell:create_environment_hook('ngc_bringup', 'cmake_prefix_path')
[4.109s] INFO:colcon.colcon_core.shell:Creating environment descriptor '/home/alfred/shared_mac/MEPA2001_2024/src/install/ngc_bringup/share/ngc_bringup/hook/cmake_prefix_path.dsv'
[4.112s] INFO:colcon.colcon_core.shell:Creating environment hook '/home/alfred/shared_mac/MEPA2001_2024/src/install/ngc_bringup/share/ngc_bringup/hook/cmake_prefix_path.sh'
[4.125s] Level 1:colcon.colcon_core.environment:checking '/home/alfred/shared_mac/MEPA2001_2024/src/install/ngc_bringup/bin'
[4.127s] Level 1:colcon.colcon_core.environment:checking '/home/alfred/shared_mac/MEPA2001_2024/src/install/ngc_bringup/lib/pkgconfig/ngc_bringup.pc'
[4.128s] Level 1:colcon.colcon_core.environment:checking '/home/alfred/shared_mac/MEPA2001_2024/src/install/ngc_bringup/lib/python3.12/site-packages'
[4.132s] Level 1:colcon.colcon_core.environment:checking '/home/alfred/shared_mac/MEPA2001_2024/src/install/ngc_bringup/bin'
[4.134s] INFO:colcon.colcon_core.shell:Creating package descriptor '/home/alfred/shared_mac/MEPA2001_2024/src/install/ngc_bringup/share/ngc_bringup/package.dsv'
[4.143s] INFO:colcon.colcon_core.shell:Creating package script '/home/alfred/shared_mac/MEPA2001_2024/src/install/ngc_bringup/share/ngc_bringup/package.sh'
[4.169s] INFO:colcon.colcon_core.shell:Creating package script '/home/alfred/shared_mac/MEPA2001_2024/src/install/ngc_bringup/share/ngc_bringup/package.bash'
[4.176s] INFO:colcon.colcon_core.shell:Creating package script '/home/alfred/shared_mac/MEPA2001_2024/src/install/ngc_bringup/share/ngc_bringup/package.zsh'
[4.178s] Level 1:colcon.colcon_core.environment:create_file_with_runtime_dependencies(/home/alfred/shared_mac/MEPA2001_2024/src/install/ngc_bringup/share/colcon-core/packages/ngc_bringup)
[4.471s] Level 1:colcon.colcon_core.environment:create_environment_scripts_only(ngc_bringup)
[4.472s] Level 1:colcon.colcon_core.environment:checking '/home/alfred/shared_mac/MEPA2001_2024/src/install/ngc_bringup' for CMake module files
[4.551s] Level 1:colcon.colcon_core.environment:checking '/home/alfred/shared_mac/MEPA2001_2024/src/install/ngc_bringup' for CMake config files
[4.557s] Level 1:colcon.colcon_core.shell:create_environment_hook('ngc_bringup', 'cmake_prefix_path')
[4.557s] INFO:colcon.colcon_core.shell:Creating environment descriptor '/home/alfred/shared_mac/MEPA2001_2024/src/install/ngc_bringup/share/ngc_bringup/hook/cmake_prefix_path.dsv'
[4.559s] INFO:colcon.colcon_core.shell:Creating environment hook '/home/alfred/shared_mac/MEPA2001_2024/src/install/ngc_bringup/share/ngc_bringup/hook/cmake_prefix_path.sh'
[4.561s] Level 1:colcon.colcon_core.environment:checking '/home/alfred/shared_mac/MEPA2001_2024/src/install/ngc_bringup/bin'
[4.561s] Level 1:colcon.colcon_core.environment:checking '/home/alfred/shared_mac/MEPA2001_2024/src/install/ngc_bringup/lib/pkgconfig/ngc_bringup.pc'
[4.562s] Level 1:colcon.colcon_core.environment:checking '/home/alfred/shared_mac/MEPA2001_2024/src/install/ngc_bringup/lib/python3.12/site-packages'
[4.562s] Level 1:colcon.colcon_core.environment:checking '/home/alfred/shared_mac/MEPA2001_2024/src/install/ngc_bringup/bin'
[4.563s] INFO:colcon.colcon_core.shell:Creating package descriptor '/home/alfred/shared_mac/MEPA2001_2024/src/install/ngc_bringup/share/ngc_bringup/package.dsv'
[4.580s] INFO:colcon.colcon_core.shell:Creating package script '/home/alfred/shared_mac/MEPA2001_2024/src/install/ngc_bringup/share/ngc_bringup/package.sh'
[4.582s] INFO:colcon.colcon_core.shell:Creating package script '/home/alfred/shared_mac/MEPA2001_2024/src/install/ngc_bringup/share/ngc_bringup/package.bash'
[4.587s] INFO:colcon.colcon_core.shell:Creating package script '/home/alfred/shared_mac/MEPA2001_2024/src/install/ngc_bringup/share/ngc_bringup/package.zsh'
[4.599s] Level 1:colcon.colcon_core.environment:create_file_with_runtime_dependencies(/home/alfred/shared_mac/MEPA2001_2024/src/install/ngc_bringup/share/colcon-core/packages/ngc_bringup)
[4.603s] INFO:colcon.colcon_ros.task.ament_python.build:Building ROS package in '/home/alfred/shared_mac/MEPA2001_2024/src/ngc_sensor_sims' with build type 'ament_python'
[4.608s] Level 1:colcon.colcon_core.shell:create_environment_hook('ngc_sensor_sims', 'ament_prefix_path')
[4.609s] INFO:colcon.colcon_core.shell:Creating environment descriptor '/home/alfred/shared_mac/MEPA2001_2024/src/install/ngc_sensor_sims/share/ngc_sensor_sims/hook/ament_prefix_path.dsv'
[4.617s] INFO:colcon.colcon_core.shell:Creating environment hook '/home/alfred/shared_mac/MEPA2001_2024/src/install/ngc_sensor_sims/share/ngc_sensor_sims/hook/ament_prefix_path.sh'
[4.626s] DEBUG:colcon.colcon_core.shell:Skip shell extension 'dsv' for command environment
[5.888s] INFO:colcon.colcon_core.task.python.build:Building Python package in '/home/alfred/shared_mac/MEPA2001_2024/src/ngc_sensor_sims'
[5.891s] DEBUG:colcon.colcon_core.shell:Skip shell extension 'dsv' for command environment
[6.761s] DEBUG:colcon.colcon_core.event_handler.log_command:Invoking command in '/home/alfred/shared_mac/MEPA2001_2024/src/kontrolsystem': DEBUGINFOD_URLS=https://debuginfod.ubuntu.com PYTHONPATH=/home/alfred/shared_mac/MEPA2001_2024/src/build/kontrolsystem/prefix_override:/usr/lib/python3/dist-packages/colcon_core/task/python/colcon_distutils_commands:/home/alfred/shared_mac/MEPA2001_2024/src/install/kontrolsystem/lib/python3.12/site-packages:${PYTHONPATH} /usr/bin/python3 -W ignore:setup.py install is deprecated setup.py egg_info --egg-base ../build/kontrolsystem build --build-base /home/alfred/shared_mac/MEPA2001_2024/src/build/kontrolsystem/build install --record /home/alfred/shared_mac/MEPA2001_2024/src/build/kontrolsystem/install.log --single-version-externally-managed install_data
[7.150s] DEBUG:colcon.colcon_core.event_handler.log_command:Invoking command in '/home/alfred/shared_mac/MEPA2001_2024/src/ngc_utils': DEBUGINFOD_URLS=https://debuginfod.ubuntu.com PYTHONPATH=/home/alfred/shared_mac/MEPA2001_2024/src/build/ngc_utils/prefix_override:/usr/lib/python3/dist-packages/colcon_core/task/python/colcon_distutils_commands:/home/alfred/shared_mac/MEPA2001_2024/src/install/ngc_utils/lib/python3.12/site-packages:${PYTHONPATH} /usr/bin/python3 -W ignore:setup.py install is deprecated setup.py egg_info --egg-base ../build/ngc_utils build --build-base /home/alfred/shared_mac/MEPA2001_2024/src/build/ngc_utils/build install --record /home/alfred/shared_mac/MEPA2001_2024/src/build/ngc_utils/install.log --single-version-externally-managed install_data
[8.132s] DEBUG:colcon.colcon_core.event_handler.log_command:Invoked command in '/home/alfred/shared_mac/MEPA2001_2024/src/build/ngc_interfaces' returned '0': CMAKE_PREFIX_PATH=${CMAKE_PREFIX_PATH}:/opt/ros/jazzy DEBUGINFOD_URLS=https://debuginfod.ubuntu.com /usr/bin/cmake --build /home/alfred/shared_mac/MEPA2001_2024/src/build/ngc_interfaces -- -j4 -l4
[9.715s] DEBUG:colcon.colcon_core.event_handler.log_command:Invoking command in '/home/alfred/shared_mac/MEPA2001_2024/src/ngc_sensor_sims': DEBUGINFOD_URLS=https://debuginfod.ubuntu.com PYTHONPATH=/home/alfred/shared_mac/MEPA2001_2024/src/build/ngc_sensor_sims/prefix_override:/usr/lib/python3/dist-packages/colcon_core/task/python/colcon_distutils_commands:/home/alfred/shared_mac/MEPA2001_2024/src/install/ngc_sensor_sims/lib/python3.12/site-packages:${PYTHONPATH} /usr/bin/python3 -W ignore:setup.py install is deprecated setup.py egg_info --egg-base ../build/ngc_sensor_sims build --build-base /home/alfred/shared_mac/MEPA2001_2024/src/build/ngc_sensor_sims/build install --record /home/alfred/shared_mac/MEPA2001_2024/src/build/ngc_sensor_sims/install.log --single-version-externally-managed install_data
[10.450s] Level 1:colcon.colcon_core.environment:checking '/home/alfred/shared_mac/MEPA2001_2024/src/install/ngc_utils' for CMake module files
[10.451s] DEBUG:colcon.colcon_core.event_handler.log_command:Invoked command in '/home/alfred/shared_mac/MEPA2001_2024/src/ngc_utils' returned '0': DEBUGINFOD_URLS=https://debuginfod.ubuntu.com PYTHONPATH=/home/alfred/shared_mac/MEPA2001_2024/src/build/ngc_utils/prefix_override:/usr/lib/python3/dist-packages/colcon_core/task/python/colcon_distutils_commands:/home/alfred/shared_mac/MEPA2001_2024/src/install/ngc_utils/lib/python3.12/site-packages:${PYTHONPATH} /usr/bin/python3 -W ignore:setup.py install is deprecated setup.py egg_info --egg-base ../build/ngc_utils build --build-base /home/alfred/shared_mac/MEPA2001_2024/src/build/ngc_utils/build install --record /home/alfred/shared_mac/MEPA2001_2024/src/build/ngc_utils/install.log --single-version-externally-managed install_data
[10.466s] Level 1:colcon.colcon_core.environment:checking '/home/alfred/shared_mac/MEPA2001_2024/src/install/ngc_utils' for CMake config files
[10.519s] Level 1:colcon.colcon_core.environment:checking '/home/alfred/shared_mac/MEPA2001_2024/src/install/ngc_utils/lib'
[10.520s] Level 1:colcon.colcon_core.environment:checking '/home/alfred/shared_mac/MEPA2001_2024/src/install/ngc_utils/bin'
[10.520s] Level 1:colcon.colcon_core.environment:checking '/home/alfred/shared_mac/MEPA2001_2024/src/install/ngc_utils/lib/pkgconfig/ngc_utils.pc'
[10.521s] Level 1:colcon.colcon_core.environment:checking '/home/alfred/shared_mac/MEPA2001_2024/src/install/ngc_utils/lib/python3.12/site-packages'
[10.521s] Level 1:colcon.colcon_core.shell:create_environment_hook('ngc_utils', 'pythonpath')
[10.522s] INFO:colcon.colcon_core.shell:Creating environment descriptor '/home/alfred/shared_mac/MEPA2001_2024/src/install/ngc_utils/share/ngc_utils/hook/pythonpath.dsv'
[10.532s] INFO:colcon.colcon_core.shell:Creating environment hook '/home/alfred/shared_mac/MEPA2001_2024/src/install/ngc_utils/share/ngc_utils/hook/pythonpath.sh'
[10.538s] Level 1:colcon.colcon_core.environment:checking '/home/alfred/shared_mac/MEPA2001_2024/src/install/ngc_utils/bin'
[10.538s] Level 1:colcon.colcon_core.environment:create_environment_scripts_only(ngc_utils)
[10.538s] INFO:colcon.colcon_core.shell:Creating package descriptor '/home/alfred/shared_mac/MEPA2001_2024/src/install/ngc_utils/share/ngc_utils/package.dsv'
[10.542s] INFO:colcon.colcon_core.shell:Creating package script '/home/alfred/shared_mac/MEPA2001_2024/src/install/ngc_utils/share/ngc_utils/package.sh'
[10.545s] INFO:colcon.colcon_core.shell:Creating package script '/home/alfred/shared_mac/MEPA2001_2024/src/install/ngc_utils/share/ngc_utils/package.bash'
[10.553s] INFO:colcon.colcon_core.shell:Creating package script '/home/alfred/shared_mac/MEPA2001_2024/src/install/ngc_utils/share/ngc_utils/package.zsh'
[10.561s] Level 1:colcon.colcon_core.environment:create_file_with_runtime_dependencies(/home/alfred/shared_mac/MEPA2001_2024/src/install/ngc_utils/share/colcon-core/packages/ngc_utils)
[10.577s] Level 1:colcon.colcon_core.environment:checking '/home/alfred/shared_mac/MEPA2001_2024/src/install/kontrolsystem' for CMake module files
[10.599s] DEBUG:colcon.colcon_core.event_handler.log_command:Invoked command in '/home/alfred/shared_mac/MEPA2001_2024/src/kontrolsystem' returned '0': DEBUGINFOD_URLS=https://debuginfod.ubuntu.com PYTHONPATH=/home/alfred/shared_mac/MEPA2001_2024/src/build/kontrolsystem/prefix_override:/usr/lib/python3/dist-packages/colcon_core/task/python/colcon_distutils_commands:/home/alfred/shared_mac/MEPA2001_2024/src/install/kontrolsystem/lib/python3.12/site-packages:${PYTHONPATH} /usr/bin/python3 -W ignore:setup.py install is deprecated setup.py egg_info --egg-base ../build/kontrolsystem build --build-base /home/alfred/shared_mac/MEPA2001_2024/src/build/kontrolsystem/build install --record /home/alfred/shared_mac/MEPA2001_2024/src/build/kontrolsystem/install.log --single-version-externally-managed install_data
[10.617s] Level 1:colcon.colcon_core.environment:checking '/home/alfred/shared_mac/MEPA2001_2024/src/install/kontrolsystem' for CMake config files
[10.649s] Level 1:colcon.colcon_core.environment:checking '/home/alfred/shared_mac/MEPA2001_2024/src/install/kontrolsystem/lib'
[10.651s] Level 1:colcon.colcon_core.environment:checking '/home/alfred/shared_mac/MEPA2001_2024/src/install/kontrolsystem/bin'
[10.653s] Level 1:colcon.colcon_core.environment:checking '/home/alfred/shared_mac/MEPA2001_2024/src/install/kontrolsystem/lib/pkgconfig/kontrolsystem.pc'
[10.654s] Level 1:colcon.colcon_core.environment:checking '/home/alfred/shared_mac/MEPA2001_2024/src/install/kontrolsystem/lib/python3.12/site-packages'
[10.655s] Level 1:colcon.colcon_core.shell:create_environment_hook('kontrolsystem', 'pythonpath')
[10.655s] INFO:colcon.colcon_core.shell:Creating environment descriptor '/home/alfred/shared_mac/MEPA2001_2024/src/install/kontrolsystem/share/kontrolsystem/hook/pythonpath.dsv'
[10.665s] INFO:colcon.colcon_core.shell:Creating environment hook '/home/alfred/shared_mac/MEPA2001_2024/src/install/kontrolsystem/share/kontrolsystem/hook/pythonpath.sh'
[10.675s] Level 1:colcon.colcon_core.environment:checking '/home/alfred/shared_mac/MEPA2001_2024/src/install/kontrolsystem/bin'
[10.676s] Level 1:colcon.colcon_core.environment:create_environment_scripts_only(kontrolsystem)
[10.676s] INFO:colcon.colcon_core.shell:Creating package descriptor '/home/alfred/shared_mac/MEPA2001_2024/src/install/kontrolsystem/share/kontrolsystem/package.dsv'
[10.678s] INFO:colcon.colcon_core.shell:Creating package script '/home/alfred/shared_mac/MEPA2001_2024/src/install/kontrolsystem/share/kontrolsystem/package.sh'
[10.683s] INFO:colcon.colcon_core.shell:Creating package script '/home/alfred/shared_mac/MEPA2001_2024/src/install/kontrolsystem/share/kontrolsystem/package.bash'
[10.687s] INFO:colcon.colcon_core.shell:Creating package script '/home/alfred/shared_mac/MEPA2001_2024/src/install/kontrolsystem/share/kontrolsystem/package.zsh'
[10.689s] Level 1:colcon.colcon_core.environment:create_file_with_runtime_dependencies(/home/alfred/shared_mac/MEPA2001_2024/src/install/kontrolsystem/share/colcon-core/packages/kontrolsystem)
[11.568s] DEBUG:colcon.colcon_core.event_handler.log_command:Invoking command in '/home/alfred/shared_mac/MEPA2001_2024/src/build/ngc_interfaces': CMAKE_PREFIX_PATH=${CMAKE_PREFIX_PATH}:/opt/ros/jazzy DEBUGINFOD_URLS=https://debuginfod.ubuntu.com /usr/bin/cmake --install /home/alfred/shared_mac/MEPA2001_2024/src/build/ngc_interfaces
[14.478s] Level 1:colcon.colcon_core.environment:create_environment_scripts_only(ngc_interfaces)
[14.485s] Level 1:colcon.colcon_core.environment:checking '/home/alfred/shared_mac/MEPA2001_2024/src/install/ngc_interfaces' for CMake module files
[14.516s] DEBUG:colcon.colcon_core.event_handler.log_command:Invoked command in '/home/alfred/shared_mac/MEPA2001_2024/src/build/ngc_interfaces' returned '0': CMAKE_PREFIX_PATH=${CMAKE_PREFIX_PATH}:/opt/ros/jazzy DEBUGINFOD_URLS=https://debuginfod.ubuntu.com /usr/bin/cmake --install /home/alfred/shared_mac/MEPA2001_2024/src/build/ngc_interfaces
[14.600s] Level 1:colcon.colcon_core.environment:checking '/home/alfred/shared_mac/MEPA2001_2024/src/install/ngc_interfaces' for CMake config files
[14.692s] Level 1:colcon.colcon_core.shell:create_environment_hook('ngc_interfaces', 'cmake_prefix_path')
[14.693s] INFO:colcon.colcon_core.shell:Creating environment descriptor '/home/alfred/shared_mac/MEPA2001_2024/src/install/ngc_interfaces/share/ngc_interfaces/hook/cmake_prefix_path.dsv'
[14.699s] INFO:colcon.colcon_core.shell:Creating environment hook '/home/alfred/shared_mac/MEPA2001_2024/src/install/ngc_interfaces/share/ngc_interfaces/hook/cmake_prefix_path.sh'
[14.735s] Level 1:colcon.colcon_core.environment:checking '/home/alfred/shared_mac/MEPA2001_2024/src/install/ngc_interfaces/lib'
[14.741s] Level 1:colcon.colcon_core.shell:create_environment_hook('ngc_interfaces', 'ld_library_path_lib')
[14.744s] INFO:colcon.colcon_core.shell:Creating environment descriptor '/home/alfred/shared_mac/MEPA2001_2024/src/install/ngc_interfaces/share/ngc_interfaces/hook/ld_library_path_lib.dsv'
[14.750s] INFO:colcon.colcon_core.shell:Creating environment hook '/home/alfred/shared_mac/MEPA2001_2024/src/install/ngc_interfaces/share/ngc_interfaces/hook/ld_library_path_lib.sh'
[14.757s] Level 1:colcon.colcon_core.environment:checking '/home/alfred/shared_mac/MEPA2001_2024/src/install/ngc_interfaces/bin'
[14.762s] Level 1:colcon.colcon_core.environment:checking '/home/alfred/shared_mac/MEPA2001_2024/src/install/ngc_interfaces/lib/pkgconfig/ngc_interfaces.pc'
[14.774s] Level 1:colcon.colcon_core.environment:checking '/home/alfred/shared_mac/MEPA2001_2024/src/install/ngc_interfaces/lib/python3.12/site-packages'
[14.777s] Level 1:colcon.colcon_core.shell:create_environment_hook('ngc_interfaces', 'pythonpath')
[14.779s] INFO:colcon.colcon_core.shell:Creating environment descriptor '/home/alfred/shared_mac/MEPA2001_2024/src/install/ngc_interfaces/share/ngc_interfaces/hook/pythonpath.dsv'
[14.790s] INFO:colcon.colcon_core.shell:Creating environment hook '/home/alfred/shared_mac/MEPA2001_2024/src/install/ngc_interfaces/share/ngc_interfaces/hook/pythonpath.sh'
[14.832s] Level 1:colcon.colcon_core.environment:checking '/home/alfred/shared_mac/MEPA2001_2024/src/install/ngc_interfaces/bin'
[14.833s] INFO:colcon.colcon_core.shell:Creating package descriptor '/home/alfred/shared_mac/MEPA2001_2024/src/install/ngc_interfaces/share/ngc_interfaces/package.dsv'
[14.849s] INFO:colcon.colcon_core.shell:Creating package script '/home/alfred/shared_mac/MEPA2001_2024/src/install/ngc_interfaces/share/ngc_interfaces/package.sh'
[14.854s] INFO:colcon.colcon_core.shell:Creating package script '/home/alfred/shared_mac/MEPA2001_2024/src/install/ngc_interfaces/share/ngc_interfaces/package.bash'
[14.857s] INFO:colcon.colcon_core.shell:Creating package script '/home/alfred/shared_mac/MEPA2001_2024/src/install/ngc_interfaces/share/ngc_interfaces/package.zsh'
[14.868s] Level 1:colcon.colcon_core.environment:create_file_with_runtime_dependencies(/home/alfred/shared_mac/MEPA2001_2024/src/install/ngc_interfaces/share/colcon-core/packages/ngc_interfaces)
[14.932s] Level 1:colcon.colcon_core.environment:checking '/home/alfred/shared_mac/MEPA2001_2024/src/install/ngc_sensor_sims' for CMake module files
[14.948s] DEBUG:colcon.colcon_core.event_handler.log_command:Invoked command in '/home/alfred/shared_mac/MEPA2001_2024/src/ngc_sensor_sims' returned '0': DEBUGINFOD_URLS=https://debuginfod.ubuntu.com PYTHONPATH=/home/alfred/shared_mac/MEPA2001_2024/src/build/ngc_sensor_sims/prefix_override:/usr/lib/python3/dist-packages/colcon_core/task/python/colcon_distutils_commands:/home/alfred/shared_mac/MEPA2001_2024/src/install/ngc_sensor_sims/lib/python3.12/site-packages:${PYTHONPATH} /usr/bin/python3 -W ignore:setup.py install is deprecated setup.py egg_info --egg-base ../build/ngc_sensor_sims build --build-base /home/alfred/shared_mac/MEPA2001_2024/src/build/ngc_sensor_sims/build install --record /home/alfred/shared_mac/MEPA2001_2024/src/build/ngc_sensor_sims/install.log --single-version-externally-managed install_data
[14.967s] Level 1:colcon.colcon_core.environment:checking '/home/alfred/shared_mac/MEPA2001_2024/src/install/ngc_sensor_sims' for CMake config files
[15.001s] Level 1:colcon.colcon_core.environment:checking '/home/alfred/shared_mac/MEPA2001_2024/src/install/ngc_sensor_sims/lib'
[15.020s] Level 1:colcon.colcon_core.environment:checking '/home/alfred/shared_mac/MEPA2001_2024/src/install/ngc_sensor_sims/bin'
[15.025s] Level 1:colcon.colcon_core.environment:checking '/home/alfred/shared_mac/MEPA2001_2024/src/install/ngc_sensor_sims/lib/pkgconfig/ngc_sensor_sims.pc'
[15.035s] Level 1:colcon.colcon_core.environment:checking '/home/alfred/shared_mac/MEPA2001_2024/src/install/ngc_sensor_sims/lib/python3.12/site-packages'
[15.037s] Level 1:colcon.colcon_core.shell:create_environment_hook('ngc_sensor_sims', 'pythonpath')
[15.046s] INFO:colcon.colcon_core.shell:Creating environment descriptor '/home/alfred/shared_mac/MEPA2001_2024/src/install/ngc_sensor_sims/share/ngc_sensor_sims/hook/pythonpath.dsv'
[15.051s] INFO:colcon.colcon_core.shell:Creating environment hook '/home/alfred/shared_mac/MEPA2001_2024/src/install/ngc_sensor_sims/share/ngc_sensor_sims/hook/pythonpath.sh'
[15.076s] Level 1:colcon.colcon_core.environment:checking '/home/alfred/shared_mac/MEPA2001_2024/src/install/ngc_sensor_sims/bin'
[15.078s] Level 1:colcon.colcon_core.environment:create_environment_scripts_only(ngc_sensor_sims)
[15.081s] INFO:colcon.colcon_core.shell:Creating package descriptor '/home/alfred/shared_mac/MEPA2001_2024/src/install/ngc_sensor_sims/share/ngc_sensor_sims/package.dsv'
[15.085s] INFO:colcon.colcon_core.shell:Creating package script '/home/alfred/shared_mac/MEPA2001_2024/src/install/ngc_sensor_sims/share/ngc_sensor_sims/package.sh'
[15.092s] INFO:colcon.colcon_core.shell:Creating package script '/home/alfred/shared_mac/MEPA2001_2024/src/install/ngc_sensor_sims/share/ngc_sensor_sims/package.bash'
[15.096s] INFO:colcon.colcon_core.shell:Creating package script '/home/alfred/shared_mac/MEPA2001_2024/src/install/ngc_sensor_sims/share/ngc_sensor_sims/package.zsh'
[15.105s] Level 1:colcon.colcon_core.environment:create_file_with_runtime_dependencies(/home/alfred/shared_mac/MEPA2001_2024/src/install/ngc_sensor_sims/share/colcon-core/packages/ngc_sensor_sims)
[17.262s] Level 1:colcon.colcon_core.environment:create_environment_scripts_only(ngc_interfaces)
[17.263s] Level 1:colcon.colcon_core.environment:checking '/home/alfred/shared_mac/MEPA2001_2024/src/install/ngc_interfaces' for CMake module files
[17.358s] Level 1:colcon.colcon_core.environment:checking '/home/alfred/shared_mac/MEPA2001_2024/src/install/ngc_interfaces' for CMake config files
[17.403s] Level 1:colcon.colcon_core.shell:create_environment_hook('ngc_interfaces', 'cmake_prefix_path')
[17.404s] INFO:colcon.colcon_core.shell:Creating environment descriptor '/home/alfred/shared_mac/MEPA2001_2024/src/install/ngc_interfaces/share/ngc_interfaces/hook/cmake_prefix_path.dsv'
[17.423s] INFO:colcon.colcon_core.shell:Creating environment hook '/home/alfred/shared_mac/MEPA2001_2024/src/install/ngc_interfaces/share/ngc_interfaces/hook/cmake_prefix_path.sh'
[17.435s] Level 1:colcon.colcon_core.environment:checking '/home/alfred/shared_mac/MEPA2001_2024/src/install/ngc_interfaces/lib'
[17.437s] Level 1:colcon.colcon_core.shell:create_environment_hook('ngc_interfaces', 'ld_library_path_lib')
[17.438s] INFO:colcon.colcon_core.shell:Creating environment descriptor '/home/alfred/shared_mac/MEPA2001_2024/src/install/ngc_interfaces/share/ngc_interfaces/hook/ld_library_path_lib.dsv'
[17.442s] INFO:colcon.colcon_core.shell:Creating environment hook '/home/alfred/shared_mac/MEPA2001_2024/src/install/ngc_interfaces/share/ngc_interfaces/hook/ld_library_path_lib.sh'
[17.445s] Level 1:colcon.colcon_core.environment:checking '/home/alfred/shared_mac/MEPA2001_2024/src/install/ngc_interfaces/bin'
[17.446s] Level 1:colcon.colcon_core.environment:checking '/home/alfred/shared_mac/MEPA2001_2024/src/install/ngc_interfaces/lib/pkgconfig/ngc_interfaces.pc'
[17.447s] Level 1:colcon.colcon_core.environment:checking '/home/alfred/shared_mac/MEPA2001_2024/src/install/ngc_interfaces/lib/python3.12/site-packages'
[17.455s] Level 1:colcon.colcon_core.shell:create_environment_hook('ngc_interfaces', 'pythonpath')
[17.457s] INFO:colcon.colcon_core.shell:Creating environment descriptor '/home/alfred/shared_mac/MEPA2001_2024/src/install/ngc_interfaces/share/ngc_interfaces/hook/pythonpath.dsv'
[17.462s] INFO:colcon.colcon_core.shell:Creating environment hook '/home/alfred/shared_mac/MEPA2001_2024/src/install/ngc_interfaces/share/ngc_interfaces/hook/pythonpath.sh'
[17.469s] Level 1:colcon.colcon_core.environment:checking '/home/alfred/shared_mac/MEPA2001_2024/src/install/ngc_interfaces/bin'
[17.472s] INFO:colcon.colcon_core.shell:Creating package descriptor '/home/alfred/shared_mac/MEPA2001_2024/src/install/ngc_interfaces/share/ngc_interfaces/package.dsv'
[17.477s] INFO:colcon.colcon_core.shell:Creating package script '/home/alfred/shared_mac/MEPA2001_2024/src/install/ngc_interfaces/share/ngc_interfaces/package.sh'
[17.481s] INFO:colcon.colcon_core.shell:Creating package script '/home/alfred/shared_mac/MEPA2001_2024/src/install/ngc_interfaces/share/ngc_interfaces/package.bash'
[17.494s] INFO:colcon.colcon_core.shell:Creating package script '/home/alfred/shared_mac/MEPA2001_2024/src/install/ngc_interfaces/share/ngc_interfaces/package.zsh'
[17.509s] Level 1:colcon.colcon_core.environment:create_file_with_runtime_dependencies(/home/alfred/shared_mac/MEPA2001_2024/src/install/ngc_interfaces/share/colcon-core/packages/ngc_interfaces)
[17.528s] INFO:colcon.colcon_ros.task.ament_python.build:Building ROS package in '/home/alfred/shared_mac/MEPA2001_2024/src/ngc_hmi' with build type 'ament_python'
[17.530s] Level 1:colcon.colcon_core.shell:create_environment_hook('ngc_hmi', 'ament_prefix_path')
[17.532s] INFO:colcon.colcon_core.shell:Creating environment descriptor '/home/alfred/shared_mac/MEPA2001_2024/src/install/ngc_hmi/share/ngc_hmi/hook/ament_prefix_path.dsv'
[17.554s] INFO:colcon.colcon_core.shell:Creating environment hook '/home/alfred/shared_mac/MEPA2001_2024/src/install/ngc_hmi/share/ngc_hmi/hook/ament_prefix_path.sh'
[17.562s] DEBUG:colcon.colcon_core.shell:Skip shell extension 'dsv' for command environment
[17.656s] INFO:colcon.colcon_ros.task.ament_python.build:Building ROS package in '/home/alfred/shared_mac/MEPA2001_2024/src/ngc_hull_sim' with build type 'ament_python'
[17.661s] Level 1:colcon.colcon_core.shell:create_environment_hook('ngc_hull_sim', 'ament_prefix_path')
[17.663s] INFO:colcon.colcon_core.shell:Creating environment descriptor '/home/alfred/shared_mac/MEPA2001_2024/src/install/ngc_hull_sim/share/ngc_hull_sim/hook/ament_prefix_path.dsv'
[17.679s] INFO:colcon.colcon_core.shell:Creating environment hook '/home/alfred/shared_mac/MEPA2001_2024/src/install/ngc_hull_sim/share/ngc_hull_sim/hook/ament_prefix_path.sh'
[17.698s] DEBUG:colcon.colcon_core.shell:Skip shell extension 'dsv' for command environment
[17.732s] INFO:colcon.colcon_ros.task.ament_python.build:Building ROS package in '/home/alfred/shared_mac/MEPA2001_2024/src/ngc_propulsion_sim' with build type 'ament_python'
[17.733s] Level 1:colcon.colcon_core.shell:create_environment_hook('ngc_propulsion_sim', 'ament_prefix_path')
[17.734s] INFO:colcon.colcon_core.shell:Creating environment descriptor '/home/alfred/shared_mac/MEPA2001_2024/src/install/ngc_propulsion_sim/share/ngc_propulsion_sim/hook/ament_prefix_path.dsv'
[17.743s] INFO:colcon.colcon_core.shell:Creating environment hook '/home/alfred/shared_mac/MEPA2001_2024/src/install/ngc_propulsion_sim/share/ngc_propulsion_sim/hook/ament_prefix_path.sh'
[17.752s] DEBUG:colcon.colcon_core.shell:Skip shell extension 'dsv' for command environment
[18.862s] INFO:colcon.colcon_core.task.python.build:Building Python package in '/home/alfred/shared_mac/MEPA2001_2024/src/ngc_hmi'
[18.864s] DEBUG:colcon.colcon_core.shell:Skip shell extension 'dsv' for command environment
[20.421s] INFO:colcon.colcon_core.task.python.build:Building Python package in '/home/alfred/shared_mac/MEPA2001_2024/src/ngc_hull_sim'
[20.422s] DEBUG:colcon.colcon_core.shell:Skip shell extension 'dsv' for command environment
[21.422s] INFO:colcon.colcon_core.task.python.build:Building Python package in '/home/alfred/shared_mac/MEPA2001_2024/src/ngc_propulsion_sim'
[21.423s] DEBUG:colcon.colcon_core.shell:Skip shell extension 'dsv' for command environment
[24.871s] DEBUG:colcon.colcon_core.event_handler.log_command:Invoking command in '/home/alfred/shared_mac/MEPA2001_2024/src/ngc_propulsion_sim': AMENT_PREFIX_PATH=/home/alfred/shared_mac/MEPA2001_2024/src/install/ngc_interfaces:/home/alfred/shared_mac/MEPA2001_2024/src/install/ngc_bringup:${AMENT_PREFIX_PATH} CMAKE_PREFIX_PATH=/home/alfred/shared_mac/MEPA2001_2024/src/install/ngc_interfaces:/home/alfred/shared_mac/MEPA2001_2024/src/install/ngc_bringup:${CMAKE_PREFIX_PATH} DEBUGINFOD_URLS=https://debuginfod.ubuntu.com LD_LIBRARY_PATH=/home/alfred/shared_mac/MEPA2001_2024/src/install/ngc_interfaces/lib:${LD_LIBRARY_PATH} PYTHONPATH=/home/alfred/shared_mac/MEPA2001_2024/src/build/ngc_propulsion_sim/prefix_override:/usr/lib/python3/dist-packages/colcon_core/task/python/colcon_distutils_commands:/home/alfred/shared_mac/MEPA2001_2024/src/install/ngc_propulsion_sim/lib/python3.12/site-packages:/home/alfred/shared_mac/MEPA2001_2024/src/install/ngc_interfaces/lib/python3.12/site-packages:${PYTHONPATH} /usr/bin/python3 -W ignore:setup.py install is deprecated setup.py egg_info --egg-base ../build/ngc_propulsion_sim build --build-base /home/alfred/shared_mac/MEPA2001_2024/src/build/ngc_propulsion_sim/build install --record /home/alfred/shared_mac/MEPA2001_2024/src/build/ngc_propulsion_sim/install.log --single-version-externally-managed install_data
[24.912s] DEBUG:colcon.colcon_core.event_handler.log_command:Invoking command in '/home/alfred/shared_mac/MEPA2001_2024/src/ngc_hmi': AMENT_PREFIX_PATH=/home/alfred/shared_mac/MEPA2001_2024/src/install/ngc_interfaces:${AMENT_PREFIX_PATH} CMAKE_PREFIX_PATH=/home/alfred/shared_mac/MEPA2001_2024/src/install/ngc_interfaces:${CMAKE_PREFIX_PATH} DEBUGINFOD_URLS=https://debuginfod.ubuntu.com LD_LIBRARY_PATH=/home/alfred/shared_mac/MEPA2001_2024/src/install/ngc_interfaces/lib:${LD_LIBRARY_PATH} PYTHONPATH=/home/alfred/shared_mac/MEPA2001_2024/src/build/ngc_hmi/prefix_override:/usr/lib/python3/dist-packages/colcon_core/task/python/colcon_distutils_commands:/home/alfred/shared_mac/MEPA2001_2024/src/install/ngc_hmi/lib/python3.12/site-packages:/home/alfred/shared_mac/MEPA2001_2024/src/install/ngc_interfaces/lib/python3.12/site-packages:${PYTHONPATH} /usr/bin/python3 -W ignore:setup.py install is deprecated setup.py egg_info --egg-base ../build/ngc_hmi build --build-base /home/alfred/shared_mac/MEPA2001_2024/src/build/ngc_hmi/build install --record /home/alfred/shared_mac/MEPA2001_2024/src/build/ngc_hmi/install.log --single-version-externally-managed install_data
[25.339s] DEBUG:colcon.colcon_core.event_handler.log_command:Invoking command in '/home/alfred/shared_mac/MEPA2001_2024/src/ngc_hull_sim': AMENT_PREFIX_PATH=/home/alfred/shared_mac/MEPA2001_2024/src/install/ngc_utils:/home/alfred/shared_mac/MEPA2001_2024/src/install/ngc_interfaces:${AMENT_PREFIX_PATH} CMAKE_PREFIX_PATH=/home/alfred/shared_mac/MEPA2001_2024/src/install/ngc_interfaces:${CMAKE_PREFIX_PATH} DEBUGINFOD_URLS=https://debuginfod.ubuntu.com LD_LIBRARY_PATH=/home/alfred/shared_mac/MEPA2001_2024/src/install/ngc_interfaces/lib:${LD_LIBRARY_PATH} PYTHONPATH=/home/alfred/shared_mac/MEPA2001_2024/src/build/ngc_hull_sim/prefix_override:/usr/lib/python3/dist-packages/colcon_core/task/python/colcon_distutils_commands:/home/alfred/shared_mac/MEPA2001_2024/src/install/ngc_hull_sim/lib/python3.12/site-packages:/home/alfred/shared_mac/MEPA2001_2024/src/install/ngc_utils/lib/python3.12/site-packages:/home/alfred/shared_mac/MEPA2001_2024/src/install/ngc_interfaces/lib/python3.12/site-packages:${PYTHONPATH} /usr/bin/python3 -W ignore:setup.py install is deprecated setup.py egg_info --egg-base ../build/ngc_hull_sim build --build-base /home/alfred/shared_mac/MEPA2001_2024/src/build/ngc_hull_sim/build install --record /home/alfred/shared_mac/MEPA2001_2024/src/build/ngc_hull_sim/install.log --single-version-externally-managed install_data
[27.871s] Level 1:colcon.colcon_core.environment:checking '/home/alfred/shared_mac/MEPA2001_2024/src/install/ngc_propulsion_sim' for CMake module files
[27.876s] DEBUG:colcon.colcon_core.event_handler.log_command:Invoked command in '/home/alfred/shared_mac/MEPA2001_2024/src/ngc_propulsion_sim' returned '0': AMENT_PREFIX_PATH=/home/alfred/shared_mac/MEPA2001_2024/src/install/ngc_interfaces:/home/alfred/shared_mac/MEPA2001_2024/src/install/ngc_bringup:${AMENT_PREFIX_PATH} CMAKE_PREFIX_PATH=/home/alfred/shared_mac/MEPA2001_2024/src/install/ngc_interfaces:/home/alfred/shared_mac/MEPA2001_2024/src/install/ngc_bringup:${CMAKE_PREFIX_PATH} DEBUGINFOD_URLS=https://debuginfod.ubuntu.com LD_LIBRARY_PATH=/home/alfred/shared_mac/MEPA2001_2024/src/install/ngc_interfaces/lib:${LD_LIBRARY_PATH} PYTHONPATH=/home/alfred/shared_mac/MEPA2001_2024/src/build/ngc_propulsion_sim/prefix_override:/usr/lib/python3/dist-packages/colcon_core/task/python/colcon_distutils_commands:/home/alfred/shared_mac/MEPA2001_2024/src/install/ngc_propulsion_sim/lib/python3.12/site-packages:/home/alfred/shared_mac/MEPA2001_2024/src/install/ngc_interfaces/lib/python3.12/site-packages:${PYTHONPATH} /usr/bin/python3 -W ignore:setup.py install is deprecated setup.py egg_info --egg-base ../build/ngc_propulsion_sim build --build-base /home/alfred/shared_mac/MEPA2001_2024/src/build/ngc_propulsion_sim/build install --record /home/alfred/shared_mac/MEPA2001_2024/src/build/ngc_propulsion_sim/install.log --single-version-externally-managed install_data
[27.881s] Level 1:colcon.colcon_core.environment:checking '/home/alfred/shared_mac/MEPA2001_2024/src/install/ngc_propulsion_sim' for CMake config files
[27.907s] Level 1:colcon.colcon_core.environment:checking '/home/alfred/shared_mac/MEPA2001_2024/src/install/ngc_propulsion_sim/lib'
[27.921s] Level 1:colcon.colcon_core.environment:checking '/home/alfred/shared_mac/MEPA2001_2024/src/install/ngc_propulsion_sim/bin'
[27.931s] Level 1:colcon.colcon_core.environment:checking '/home/alfred/shared_mac/MEPA2001_2024/src/install/ngc_propulsion_sim/lib/pkgconfig/ngc_propulsion_sim.pc'
[27.945s] Level 1:colcon.colcon_core.environment:checking '/home/alfred/shared_mac/MEPA2001_2024/src/install/ngc_propulsion_sim/lib/python3.12/site-packages'
[27.945s] Level 1:colcon.colcon_core.shell:create_environment_hook('ngc_propulsion_sim', 'pythonpath')
[27.945s] INFO:colcon.colcon_core.shell:Creating environment descriptor '/home/alfred/shared_mac/MEPA2001_2024/src/install/ngc_propulsion_sim/share/ngc_propulsion_sim/hook/pythonpath.dsv'
[27.947s] INFO:colcon.colcon_core.shell:Creating environment hook '/home/alfred/shared_mac/MEPA2001_2024/src/install/ngc_propulsion_sim/share/ngc_propulsion_sim/hook/pythonpath.sh'
[27.952s] Level 1:colcon.colcon_core.environment:checking '/home/alfred/shared_mac/MEPA2001_2024/src/install/ngc_propulsion_sim/bin'
[27.953s] Level 1:colcon.colcon_core.environment:create_environment_scripts_only(ngc_propulsion_sim)
[27.953s] INFO:colcon.colcon_core.shell:Creating package descriptor '/home/alfred/shared_mac/MEPA2001_2024/src/install/ngc_propulsion_sim/share/ngc_propulsion_sim/package.dsv'
[27.955s] INFO:colcon.colcon_core.shell:Creating package script '/home/alfred/shared_mac/MEPA2001_2024/src/install/ngc_propulsion_sim/share/ngc_propulsion_sim/package.sh'
[27.956s] INFO:colcon.colcon_core.shell:Creating package script '/home/alfred/shared_mac/MEPA2001_2024/src/install/ngc_propulsion_sim/share/ngc_propulsion_sim/package.bash'
[27.958s] INFO:colcon.colcon_core.shell:Creating package script '/home/alfred/shared_mac/MEPA2001_2024/src/install/ngc_propulsion_sim/share/ngc_propulsion_sim/package.zsh'
[27.962s] Level 1:colcon.colcon_core.environment:create_file_with_runtime_dependencies(/home/alfred/shared_mac/MEPA2001_2024/src/install/ngc_propulsion_sim/share/colcon-core/packages/ngc_propulsion_sim)
[28.151s] Level 1:colcon.colcon_core.environment:checking '/home/alfred/shared_mac/MEPA2001_2024/src/install/ngc_hull_sim' for CMake module files
[28.157s] DEBUG:colcon.colcon_core.event_handler.log_command:Invoked command in '/home/alfred/shared_mac/MEPA2001_2024/src/ngc_hull_sim' returned '0': AMENT_PREFIX_PATH=/home/alfred/shared_mac/MEPA2001_2024/src/install/ngc_utils:/home/alfred/shared_mac/MEPA2001_2024/src/install/ngc_interfaces:${AMENT_PREFIX_PATH} CMAKE_PREFIX_PATH=/home/alfred/shared_mac/MEPA2001_2024/src/install/ngc_interfaces:${CMAKE_PREFIX_PATH} DEBUGINFOD_URLS=https://debuginfod.ubuntu.com LD_LIBRARY_PATH=/home/alfred/shared_mac/MEPA2001_2024/src/install/ngc_interfaces/lib:${LD_LIBRARY_PATH} PYTHONPATH=/home/alfred/shared_mac/MEPA2001_2024/src/build/ngc_hull_sim/prefix_override:/usr/lib/python3/dist-packages/colcon_core/task/python/colcon_distutils_commands:/home/alfred/shared_mac/MEPA2001_2024/src/install/ngc_hull_sim/lib/python3.12/site-packages:/home/alfred/shared_mac/MEPA2001_2024/src/install/ngc_utils/lib/python3.12/site-packages:/home/alfred/shared_mac/MEPA2001_2024/src/install/ngc_interfaces/lib/python3.12/site-packages:${PYTHONPATH} /usr/bin/python3 -W ignore:setup.py install is deprecated setup.py egg_info --egg-base ../build/ngc_hull_sim build --build-base /home/alfred/shared_mac/MEPA2001_2024/src/build/ngc_hull_sim/build install --record /home/alfred/shared_mac/MEPA2001_2024/src/build/ngc_hull_sim/install.log --single-version-externally-managed install_data
[28.187s] Level 1:colcon.colcon_core.environment:checking '/home/alfred/shared_mac/MEPA2001_2024/src/install/ngc_hull_sim' for CMake config files
[28.247s] Level 1:colcon.colcon_core.environment:checking '/home/alfred/shared_mac/MEPA2001_2024/src/install/ngc_hull_sim/lib'
[28.260s] Level 1:colcon.colcon_core.environment:checking '/home/alfred/shared_mac/MEPA2001_2024/src/install/ngc_hull_sim/bin'
[28.277s] Level 1:colcon.colcon_core.environment:checking '/home/alfred/shared_mac/MEPA2001_2024/src/install/ngc_hull_sim/lib/pkgconfig/ngc_hull_sim.pc'
[28.279s] Level 1:colcon.colcon_core.environment:checking '/home/alfred/shared_mac/MEPA2001_2024/src/install/ngc_hull_sim/lib/python3.12/site-packages'
[28.279s] Level 1:colcon.colcon_core.shell:create_environment_hook('ngc_hull_sim', 'pythonpath')
[28.280s] INFO:colcon.colcon_core.shell:Creating environment descriptor '/home/alfred/shared_mac/MEPA2001_2024/src/install/ngc_hull_sim/share/ngc_hull_sim/hook/pythonpath.dsv'
[28.300s] INFO:colcon.colcon_core.shell:Creating environment hook '/home/alfred/shared_mac/MEPA2001_2024/src/install/ngc_hull_sim/share/ngc_hull_sim/hook/pythonpath.sh'
[28.311s] Level 1:colcon.colcon_core.environment:checking '/home/alfred/shared_mac/MEPA2001_2024/src/install/ngc_hull_sim/bin'
[28.312s] Level 1:colcon.colcon_core.environment:create_environment_scripts_only(ngc_hull_sim)
[28.314s] INFO:colcon.colcon_core.shell:Creating package descriptor '/home/alfred/shared_mac/MEPA2001_2024/src/install/ngc_hull_sim/share/ngc_hull_sim/package.dsv'
[28.319s] INFO:colcon.colcon_core.shell:Creating package script '/home/alfred/shared_mac/MEPA2001_2024/src/install/ngc_hull_sim/share/ngc_hull_sim/package.sh'
[28.323s] INFO:colcon.colcon_core.shell:Creating package script '/home/alfred/shared_mac/MEPA2001_2024/src/install/ngc_hull_sim/share/ngc_hull_sim/package.bash'
[28.327s] INFO:colcon.colcon_core.shell:Creating package script '/home/alfred/shared_mac/MEPA2001_2024/src/install/ngc_hull_sim/share/ngc_hull_sim/package.zsh'
[28.329s] Level 1:colcon.colcon_core.environment:create_file_with_runtime_dependencies(/home/alfred/shared_mac/MEPA2001_2024/src/install/ngc_hull_sim/share/colcon-core/packages/ngc_hull_sim)
[28.395s] Level 1:colcon.colcon_core.environment:checking '/home/alfred/shared_mac/MEPA2001_2024/src/install/ngc_hmi' for CMake module files
[28.403s] DEBUG:colcon.colcon_core.event_handler.log_command:Invoked command in '/home/alfred/shared_mac/MEPA2001_2024/src/ngc_hmi' returned '0': AMENT_PREFIX_PATH=/home/alfred/shared_mac/MEPA2001_2024/src/install/ngc_interfaces:${AMENT_PREFIX_PATH} CMAKE_PREFIX_PATH=/home/alfred/shared_mac/MEPA2001_2024/src/install/ngc_interfaces:${CMAKE_PREFIX_PATH} DEBUGINFOD_URLS=https://debuginfod.ubuntu.com LD_LIBRARY_PATH=/home/alfred/shared_mac/MEPA2001_2024/src/install/ngc_interfaces/lib:${LD_LIBRARY_PATH} PYTHONPATH=/home/alfred/shared_mac/MEPA2001_2024/src/build/ngc_hmi/prefix_override:/usr/lib/python3/dist-packages/colcon_core/task/python/colcon_distutils_commands:/home/alfred/shared_mac/MEPA2001_2024/src/install/ngc_hmi/lib/python3.12/site-packages:/home/alfred/shared_mac/MEPA2001_2024/src/install/ngc_interfaces/lib/python3.12/site-packages:${PYTHONPATH} /usr/bin/python3 -W ignore:setup.py install is deprecated setup.py egg_info --egg-base ../build/ngc_hmi build --build-base /home/alfred/shared_mac/MEPA2001_2024/src/build/ngc_hmi/build install --record /home/alfred/shared_mac/MEPA2001_2024/src/build/ngc_hmi/install.log --single-version-externally-managed install_data
[28.440s] Level 1:colcon.colcon_core.environment:checking '/home/alfred/shared_mac/MEPA2001_2024/src/install/ngc_hmi' for CMake config files
[28.496s] Level 1:colcon.colcon_core.environment:checking '/home/alfred/shared_mac/MEPA2001_2024/src/install/ngc_hmi/lib'
[28.499s] Level 1:colcon.colcon_core.environment:checking '/home/alfred/shared_mac/MEPA2001_2024/src/install/ngc_hmi/bin'
[28.500s] Level 1:colcon.colcon_core.environment:checking '/home/alfred/shared_mac/MEPA2001_2024/src/install/ngc_hmi/lib/pkgconfig/ngc_hmi.pc'
[28.501s] Level 1:colcon.colcon_core.environment:checking '/home/alfred/shared_mac/MEPA2001_2024/src/install/ngc_hmi/lib/python3.12/site-packages'
[28.502s] Level 1:colcon.colcon_core.shell:create_environment_hook('ngc_hmi', 'pythonpath')
[28.503s] INFO:colcon.colcon_core.shell:Creating environment descriptor '/home/alfred/shared_mac/MEPA2001_2024/src/install/ngc_hmi/share/ngc_hmi/hook/pythonpath.dsv'
[28.506s] INFO:colcon.colcon_core.shell:Creating environment hook '/home/alfred/shared_mac/MEPA2001_2024/src/install/ngc_hmi/share/ngc_hmi/hook/pythonpath.sh'
[28.520s] Level 1:colcon.colcon_core.environment:checking '/home/alfred/shared_mac/MEPA2001_2024/src/install/ngc_hmi/bin'
[28.520s] Level 1:colcon.colcon_core.environment:create_environment_scripts_only(ngc_hmi)
[28.521s] INFO:colcon.colcon_core.shell:Creating package descriptor '/home/alfred/shared_mac/MEPA2001_2024/src/install/ngc_hmi/share/ngc_hmi/package.dsv'
[28.536s] INFO:colcon.colcon_core.shell:Creating package script '/home/alfred/shared_mac/MEPA2001_2024/src/install/ngc_hmi/share/ngc_hmi/package.sh'
[28.548s] INFO:colcon.colcon_core.shell:Creating package script '/home/alfred/shared_mac/MEPA2001_2024/src/install/ngc_hmi/share/ngc_hmi/package.bash'
[28.581s] INFO:colcon.colcon_core.shell:Creating package script '/home/alfred/shared_mac/MEPA2001_2024/src/install/ngc_hmi/share/ngc_hmi/package.zsh'
[28.586s] Level 1:colcon.colcon_core.environment:create_file_with_runtime_dependencies(/home/alfred/shared_mac/MEPA2001_2024/src/install/ngc_hmi/share/colcon-core/packages/ngc_hmi)
[28.592s] DEBUG:colcon.colcon_parallel_executor.executor.parallel:closing loop
[28.596s] DEBUG:colcon.colcon_parallel_executor.executor.parallel:loop closed
[28.597s] DEBUG:colcon.colcon_parallel_executor.executor.parallel:run_until_complete finished with '0'
[28.598s] DEBUG:colcon.colcon_core.event_reactor:joining thread
[28.651s] INFO:colcon.colcon_core.plugin_system:Skipping extension 'colcon_notification.desktop_notification.terminal_notifier': Not used on non-Darwin systems
[28.655s] INFO:colcon.colcon_core.plugin_system:Skipping extension 'colcon_notification.desktop_notification.win32': Not used on non-Windows systems
[28.657s] INFO:colcon.colcon_notification.desktop_notification:Sending desktop notification using 'notify2'
[28.763s] DEBUG:colcon.colcon_core.event_reactor:joined thread
[28.763s] INFO:colcon.colcon_core.shell:Creating prefix script '/home/alfred/shared_mac/MEPA2001_2024/src/install/local_setup.sh'
[28.766s] INFO:colcon.colcon_core.shell:Creating prefix util module '/home/alfred/shared_mac/MEPA2001_2024/src/install/_local_setup_util_sh.py'
[28.771s] INFO:colcon.colcon_core.shell:Creating prefix chain script '/home/alfred/shared_mac/MEPA2001_2024/src/install/setup.sh'
[28.778s] INFO:colcon.colcon_core.shell:Creating prefix script '/home/alfred/shared_mac/MEPA2001_2024/src/install/local_setup.bash'
[28.781s] INFO:colcon.colcon_core.shell:Creating prefix chain script '/home/alfred/shared_mac/MEPA2001_2024/src/install/setup.bash'
[28.784s] INFO:colcon.colcon_core.shell:Creating prefix script '/home/alfred/shared_mac/MEPA2001_2024/src/install/local_setup.zsh'
[28.787s] INFO:colcon.colcon_core.shell:Creating prefix chain script '/home/alfred/shared_mac/MEPA2001_2024/src/install/setup.zsh'
