[2.519s] Invoking command in '/home/alfred/shared_mac/MEPA2001_2024/src/ngc_propulsion_sim': DEBUGINFOD_URLS=https://debuginfod.ubuntu.com PYTHONPATH=/home/alfred/shared_mac/MEPA2001_2024/src/build/ngc_propulsion_sim/prefix_override:/usr/lib/python3/dist-packages/colcon_core/task/python/colcon_distutils_commands:/home/alfred/shared_mac/MEPA2001_2024/src/install/ngc_propulsion_sim/lib/python3.12/site-packages:/home/alfred/shared_mac/MEPA2001_2024/src/install/ngc_interfaces/lib/python3.12/site-packages:/home/alfred/shared_mac/MEPA2001_2024/src/install/ngc_hull_sim/lib/python3.12/site-packages:/home/alfred/shared_mac/MEPA2001_2024/src/install/ngc_utils/lib/python3.12/site-packages:/home/alfred/shared_mac/MEPA2001_2024/src/install/ngc_sensor_sims/lib/python3.12/site-packages:/home/alfred/shared_mac/MEPA2001_2024/src/install/ngc_propulsion_sim/lib/python3.12/site-packages:/home/alfred/shared_mac/MEPA2001_2024/src/install/ngc_hmi/lib/python3.12/site-packages:/home/alfred/shared_mac/MEPA2001_2024/src/install/kontrolsystem/lib/python3.12/site-packages:/opt/ros/jazzy/lib/python3.12/site-packages /usr/bin/python3 -W ignore:setup.py install is deprecated setup.py egg_info --egg-base ../build/ngc_propulsion_sim build --build-base /home/alfred/shared_mac/MEPA2001_2024/src/build/ngc_propulsion_sim/build install --record /home/alfred/shared_mac/MEPA2001_2024/src/build/ngc_propulsion_sim/install.log --single-version-externally-managed install_data
[3.067s] running egg_info
[3.102s] writing ../build/ngc_propulsion_sim/ngc_propulsion_sim.egg-info/PKG-INFO
[3.104s] writing dependency_links to ../build/ngc_propulsion_sim/ngc_propulsion_sim.egg-info/dependency_links.txt
[3.105s] writing entry points to ../build/ngc_propulsion_sim/ngc_propulsion_sim.egg-info/entry_points.txt
[3.107s] writing requirements to ../build/ngc_propulsion_sim/ngc_propulsion_sim.egg-info/requires.txt
[3.108s] writing top-level names to ../build/ngc_propulsion_sim/ngc_propulsion_sim.egg-info/top_level.txt
[3.202s] reading manifest file '../build/ngc_propulsion_sim/ngc_propulsion_sim.egg-info/SOURCES.txt'
[3.206s] writing manifest file '../build/ngc_propulsion_sim/ngc_propulsion_sim.egg-info/SOURCES.txt'
[3.208s] running build
[3.209s] running build_py
[3.213s] running install
[3.247s] running install_lib
[3.303s] running install_data
[3.307s] running install_egg_info
[3.359s] removing '/home/alfred/shared_mac/MEPA2001_2024/src/install/ngc_propulsion_sim/lib/python3.12/site-packages/ngc_propulsion_sim-0.0.0-py3.12.egg-info' (and everything under it)
[3.370s] Copying ../build/ngc_propulsion_sim/ngc_propulsion_sim.egg-info to /home/alfred/shared_mac/MEPA2001_2024/src/install/ngc_propulsion_sim/lib/python3.12/site-packages/ngc_propulsion_sim-0.0.0-py3.12.egg-info
[3.410s] running install_scripts
[3.680s] Installing ngc_propulsion_sim script to /home/alfred/shared_mac/MEPA2001_2024/src/install/ngc_propulsion_sim/lib/ngc_propulsion_sim
[3.686s] writing list of installed files to '/home/alfred/shared_mac/MEPA2001_2024/src/build/ngc_propulsion_sim/install.log'
[3.794s] Invoked command in '/home/alfred/shared_mac/MEPA2001_2024/src/ngc_propulsion_sim' returned '0': DEBUGINFOD_URLS=https://debuginfod.ubuntu.com PYTHONPATH=/home/alfred/shared_mac/MEPA2001_2024/src/build/ngc_propulsion_sim/prefix_override:/usr/lib/python3/dist-packages/colcon_core/task/python/colcon_distutils_commands:/home/alfred/shared_mac/MEPA2001_2024/src/install/ngc_propulsion_sim/lib/python3.12/site-packages:/home/alfred/shared_mac/MEPA2001_2024/src/install/ngc_interfaces/lib/python3.12/site-packages:/home/alfred/shared_mac/MEPA2001_2024/src/install/ngc_hull_sim/lib/python3.12/site-packages:/home/alfred/shared_mac/MEPA2001_2024/src/install/ngc_utils/lib/python3.12/site-packages:/home/alfred/shared_mac/MEPA2001_2024/src/install/ngc_sensor_sims/lib/python3.12/site-packages:/home/alfred/shared_mac/MEPA2001_2024/src/install/ngc_propulsion_sim/lib/python3.12/site-packages:/home/alfred/shared_mac/MEPA2001_2024/src/install/ngc_hmi/lib/python3.12/site-packages:/home/alfred/shared_mac/MEPA2001_2024/src/install/kontrolsystem/lib/python3.12/site-packages:/opt/ros/jazzy/lib/python3.12/site-packages /usr/bin/python3 -W ignore:setup.py install is deprecated setup.py egg_info --egg-base ../build/ngc_propulsion_sim build --build-base /home/alfred/shared_mac/MEPA2001_2024/src/build/ngc_propulsion_sim/build install --record /home/alfred/shared_mac/MEPA2001_2024/src/build/ngc_propulsion_sim/install.log --single-version-externally-managed install_data
