[0.121s] Invoking command in '/home/alfred/shared_mac/MEPA2001_2024/src/build/ngc_bringup': CMAKE_PREFIX_PATH=${CMAKE_PREFIX_PATH}:/home/alfred/shared_mac/MEPA2001_2024/src/install/ngc_hull_sim:/home/alfred/shared_mac/MEPA2001_2024/src/install/ngc_utils:/home/alfred/shared_mac/MEPA2001_2024/src/install/ngc_sensor_sims:/home/alfred/shared_mac/MEPA2001_2024/src/install/ngc_propulsion_sim:/home/alfred/shared_mac/MEPA2001_2024/src/install/ngc_hmi:/home/alfred/shared_mac/MEPA2001_2024/src/install/kontrolsystem:/opt/ros/jazzy DEBUGINFOD_URLS=https://debuginfod.ubuntu.com /usr/bin/cmake --build /home/alfred/shared_mac/MEPA2001_2024/src/build/ngc_bringup -- -j4 -l4
[1.469s] Invoked command in '/home/alfred/shared_mac/MEPA2001_2024/src/build/ngc_bringup' returned '0': CMAKE_PREFIX_PATH=${CMAKE_PREFIX_PATH}:/home/alfred/shared_mac/MEPA2001_2024/src/install/ngc_hull_sim:/home/alfred/shared_mac/MEPA2001_2024/src/install/ngc_utils:/home/alfred/shared_mac/MEPA2001_2024/src/install/ngc_sensor_sims:/home/alfred/shared_mac/MEPA2001_2024/src/install/ngc_propulsion_sim:/home/alfred/shared_mac/MEPA2001_2024/src/install/ngc_hmi:/home/alfred/shared_mac/MEPA2001_2024/src/install/kontrolsystem:/opt/ros/jazzy DEBUGINFOD_URLS=https://debuginfod.ubuntu.com /usr/bin/cmake --build /home/alfred/shared_mac/MEPA2001_2024/src/build/ngc_bringup -- -j4 -l4
[1.584s] Invoking command in '/home/alfred/shared_mac/MEPA2001_2024/src/build/ngc_bringup': CMAKE_PREFIX_PATH=${CMAKE_PREFIX_PATH}:/home/alfred/shared_mac/MEPA2001_2024/src/install/ngc_hull_sim:/home/alfred/shared_mac/MEPA2001_2024/src/install/ngc_utils:/home/alfred/shared_mac/MEPA2001_2024/src/install/ngc_sensor_sims:/home/alfred/shared_mac/MEPA2001_2024/src/install/ngc_propulsion_sim:/home/alfred/shared_mac/MEPA2001_2024/src/install/ngc_hmi:/home/alfred/shared_mac/MEPA2001_2024/src/install/kontrolsystem:/opt/ros/jazzy DEBUGINFOD_URLS=https://debuginfod.ubuntu.com /usr/bin/cmake --install /home/alfred/shared_mac/MEPA2001_2024/src/build/ngc_bringup
[1.604s] -- Install configuration: ""
[1.608s] -- Up-to-date: /home/alfred/shared_mac/MEPA2001_2024/src/install/ngc_bringup/share/ngc_bringup/launch
[1.611s] -- Installing: /home/alfred/shared_mac/MEPA2001_2024/src/install/ngc_bringup/share/ngc_bringup/launch/ngc.launch.py
[1.612s] -- Up-to-date: /home/alfred/shared_mac/MEPA2001_2024/src/install/ngc_bringup/share/ngc_bringup/config
[1.614s] -- Up-to-date: /home/alfred/shared_mac/MEPA2001_2024/src/install/ngc_bringup/share/ngc_bringup/config/PlotJuggler_layout.xml
[1.616s] -- Up-to-date: /home/alfred/shared_mac/MEPA2001_2024/src/install/ngc_bringup/share/ngc_bringup/config/layout.yaml
[1.617s] -- Up-to-date: /home/alfred/shared_mac/MEPA2001_2024/src/install/ngc_bringup/share/ngc_bringup/config/vessel_config.yaml
[1.618s] -- Up-to-date: /home/alfred/shared_mac/MEPA2001_2024/src/install/ngc_bringup/share/ngc_bringup/config/control_config.yaml
[1.619s] -- Up-to-date: /home/alfred/shared_mac/MEPA2001_2024/src/install/ngc_bringup/share/ngc_bringup/config/propulsion_config.yaml
[1.620s] -- Up-to-date: /home/alfred/shared_mac/MEPA2001_2024/src/install/ngc_bringup/share/ngc_bringup/config/sensor_config.yaml
[1.621s] -- Up-to-date: /home/alfred/shared_mac/MEPA2001_2024/src/install/ngc_bringup/share/ngc_bringup/config/simulator_config.yaml
[1.622s] -- Up-to-date: /home/alfred/shared_mac/MEPA2001_2024/src/install/ngc_bringup/share/ament_index/resource_index/package_run_dependencies/ngc_bringup
[1.623s] -- Up-to-date: /home/alfred/shared_mac/MEPA2001_2024/src/install/ngc_bringup/share/ament_index/resource_index/parent_prefix_path/ngc_bringup
[1.625s] -- Up-to-date: /home/alfred/shared_mac/MEPA2001_2024/src/install/ngc_bringup/share/ngc_bringup/environment/ament_prefix_path.sh
[1.627s] -- Up-to-date: /home/alfred/shared_mac/MEPA2001_2024/src/install/ngc_bringup/share/ngc_bringup/environment/ament_prefix_path.dsv
[1.630s] -- Up-to-date: /home/alfred/shared_mac/MEPA2001_2024/src/install/ngc_bringup/share/ngc_bringup/environment/path.sh
[1.632s] -- Up-to-date: /home/alfred/shared_mac/MEPA2001_2024/src/install/ngc_bringup/share/ngc_bringup/environment/path.dsv
[1.634s] -- Up-to-date: /home/alfred/shared_mac/MEPA2001_2024/src/install/ngc_bringup/share/ngc_bringup/local_setup.bash
[1.636s] -- Up-to-date: /home/alfred/shared_mac/MEPA2001_2024/src/install/ngc_bringup/share/ngc_bringup/local_setup.sh
[1.637s] -- Up-to-date: /home/alfred/shared_mac/MEPA2001_2024/src/install/ngc_bringup/share/ngc_bringup/local_setup.zsh
[1.639s] -- Up-to-date: /home/alfred/shared_mac/MEPA2001_2024/src/install/ngc_bringup/share/ngc_bringup/local_setup.dsv
[1.641s] -- Installing: /home/alfred/shared_mac/MEPA2001_2024/src/install/ngc_bringup/share/ngc_bringup/package.dsv
[1.649s] -- Up-to-date: /home/alfred/shared_mac/MEPA2001_2024/src/install/ngc_bringup/share/ament_index/resource_index/packages/ngc_bringup
[1.652s] -- Up-to-date: /home/alfred/shared_mac/MEPA2001_2024/src/install/ngc_bringup/share/ngc_bringup/cmake/ngc_bringupConfig.cmake
[1.655s] -- Up-to-date: /home/alfred/shared_mac/MEPA2001_2024/src/install/ngc_bringup/share/ngc_bringup/cmake/ngc_bringupConfig-version.cmake
[1.656s] -- Up-to-date: /home/alfred/shared_mac/MEPA2001_2024/src/install/ngc_bringup/share/ngc_bringup/package.xml
[1.661s] Invoked command in '/home/alfred/shared_mac/MEPA2001_2024/src/build/ngc_bringup' returned '0': CMAKE_PREFIX_PATH=${CMAKE_PREFIX_PATH}:/home/alfred/shared_mac/MEPA2001_2024/src/install/ngc_hull_sim:/home/alfred/shared_mac/MEPA2001_2024/src/install/ngc_utils:/home/alfred/shared_mac/MEPA2001_2024/src/install/ngc_sensor_sims:/home/alfred/shared_mac/MEPA2001_2024/src/install/ngc_propulsion_sim:/home/alfred/shared_mac/MEPA2001_2024/src/install/ngc_hmi:/home/alfred/shared_mac/MEPA2001_2024/src/install/kontrolsystem:/opt/ros/jazzy DEBUGINFOD_URLS=https://debuginfod.ubuntu.com /usr/bin/cmake --install /home/alfred/shared_mac/MEPA2001_2024/src/build/ngc_bringup
