[3.556s] Invoking command in '/home/alfred/shared_mac/MEPA2001_2024/src/ngc_sensor_sims': DEBUGINFOD_URLS=https://debuginfod.ubuntu.com PYTHONPATH=/home/alfred/shared_mac/MEPA2001_2024/src/build/ngc_sensor_sims/prefix_override:/usr/lib/python3/dist-packages/colcon_core/task/python/colcon_distutils_commands:/home/alfred/shared_mac/MEPA2001_2024/src/install/ngc_sensor_sims/lib/python3.12/site-packages:${PYTHONPATH} /usr/bin/python3 -W ignore:setup.py install is deprecated setup.py egg_info --egg-base ../build/ngc_sensor_sims build --build-base /home/alfred/shared_mac/MEPA2001_2024/src/build/ngc_sensor_sims/build install --record /home/alfred/shared_mac/MEPA2001_2024/src/build/ngc_sensor_sims/install.log --single-version-externally-managed install_data
[4.215s] running egg_info
[4.249s] writing ../build/ngc_sensor_sims/ngc_sensor_sims.egg-info/PKG-INFO
[4.249s] writing dependency_links to ../build/ngc_sensor_sims/ngc_sensor_sims.egg-info/dependency_links.txt
[4.250s] writing entry points to ../build/ngc_sensor_sims/ngc_sensor_sims.egg-info/entry_points.txt
[4.251s] writing requirements to ../build/ngc_sensor_sims/ngc_sensor_sims.egg-info/requires.txt
[4.252s] writing top-level names to ../build/ngc_sensor_sims/ngc_sensor_sims.egg-info/top_level.txt
[4.364s] reading manifest file '../build/ngc_sensor_sims/ngc_sensor_sims.egg-info/SOURCES.txt'
[4.367s] writing manifest file '../build/ngc_sensor_sims/ngc_sensor_sims.egg-info/SOURCES.txt'
[4.370s] running build
[4.374s] running build_py
[4.381s] running install
[4.407s] running install_lib
[4.490s] running install_data
[4.494s] running install_egg_info
[4.542s] removing '/home/alfred/shared_mac/MEPA2001_2024/src/install/ngc_sensor_sims/lib/python3.12/site-packages/ngc_sensor_sims-0.0.0-py3.12.egg-info' (and everything under it)
[4.546s] Copying ../build/ngc_sensor_sims/ngc_sensor_sims.egg-info to /home/alfred/shared_mac/MEPA2001_2024/src/install/ngc_sensor_sims/lib/python3.12/site-packages/ngc_sensor_sims-0.0.0-py3.12.egg-info
[4.575s] running install_scripts
[4.835s] Installing anemometer script to /home/alfred/shared_mac/MEPA2001_2024/src/install/ngc_sensor_sims/lib/ngc_sensor_sims
[4.837s] Installing compass script to /home/alfred/shared_mac/MEPA2001_2024/src/install/ngc_sensor_sims/lib/ngc_sensor_sims
[4.840s] Installing gnss script to /home/alfred/shared_mac/MEPA2001_2024/src/install/ngc_sensor_sims/lib/ngc_sensor_sims
[4.842s] writing list of installed files to '/home/alfred/shared_mac/MEPA2001_2024/src/build/ngc_sensor_sims/install.log'
[5.121s] Invoked command in '/home/alfred/shared_mac/MEPA2001_2024/src/ngc_sensor_sims' returned '0': DEBUGINFOD_URLS=https://debuginfod.ubuntu.com PYTHONPATH=/home/alfred/shared_mac/MEPA2001_2024/src/build/ngc_sensor_sims/prefix_override:/usr/lib/python3/dist-packages/colcon_core/task/python/colcon_distutils_commands:/home/alfred/shared_mac/MEPA2001_2024/src/install/ngc_sensor_sims/lib/python3.12/site-packages:${PYTHONPATH} /usr/bin/python3 -W ignore:setup.py install is deprecated setup.py egg_info --egg-base ../build/ngc_sensor_sims build --build-base /home/alfred/shared_mac/MEPA2001_2024/src/build/ngc_sensor_sims/build install --record /home/alfred/shared_mac/MEPA2001_2024/src/build/ngc_sensor_sims/install.log --single-version-externally-managed install_data
