running egg_info
creating ../build/ngc_propulsion_sim/ngc_propulsion_sim.egg-info
writing ../build/ngc_propulsion_sim/ngc_propulsion_sim.egg-info/PKG-INFO
writing dependency_links to ../build/ngc_propulsion_sim/ngc_propulsion_sim.egg-info/dependency_links.txt
writing entry points to ../build/ngc_propulsion_sim/ngc_propulsion_sim.egg-info/entry_points.txt
writing requirements to ../build/ngc_propulsion_sim/ngc_propulsion_sim.egg-info/requires.txt
writing top-level names to ../build/ngc_propulsion_sim/ngc_propulsion_sim.egg-info/top_level.txt
writing manifest file '../build/ngc_propulsion_sim/ngc_propulsion_sim.egg-info/SOURCES.txt'
reading manifest file '../build/ngc_propulsion_sim/ngc_propulsion_sim.egg-info/SOURCES.txt'
writing manifest file '../build/ngc_propulsion_sim/ngc_propulsion_sim.egg-info/SOURCES.txt'
running build
running build_py
creating /home/alfred/shared_mac/MEPA2001_2024/src/build/ngc_propulsion_sim/build
creating /home/alfred/shared_mac/MEPA2001_2024/src/build/ngc_propulsion_sim/build/lib
creating /home/alfred/shared_mac/MEPA2001_2024/src/build/ngc_propulsion_sim/build/lib/ngc_propulsion_sim
copying ngc_propulsion_sim/__init__.py -> /home/alfred/shared_mac/MEPA2001_2024/src/build/ngc_propulsion_sim/build/lib/ngc_propulsion_sim
copying ngc_propulsion_sim/ngc_propulsion_sim.py -> /home/alfred/shared_mac/MEPA2001_2024/src/build/ngc_propulsion_sim/build/lib/ngc_propulsion_sim
running install
running install_lib
creating /home/alfred/shared_mac/MEPA2001_2024/src/install/ngc_propulsion_sim/lib/python3.12/site-packages/ngc_propulsion_sim
copying /home/alfred/shared_mac/MEPA2001_2024/src/build/ngc_propulsion_sim/build/lib/ngc_propulsion_sim/__init__.py -> /home/alfred/shared_mac/MEPA2001_2024/src/install/ngc_propulsion_sim/lib/python3.12/site-packages/ngc_propulsion_sim
copying /home/alfred/shared_mac/MEPA2001_2024/src/build/ngc_propulsion_sim/build/lib/ngc_propulsion_sim/ngc_propulsion_sim.py -> /home/alfred/shared_mac/MEPA2001_2024/src/install/ngc_propulsion_sim/lib/python3.12/site-packages/ngc_propulsion_sim
byte-compiling /home/alfred/shared_mac/MEPA2001_2024/src/install/ngc_propulsion_sim/lib/python3.12/site-packages/ngc_propulsion_sim/__init__.py to __init__.cpython-312.pyc
byte-compiling /home/alfred/shared_mac/MEPA2001_2024/src/install/ngc_propulsion_sim/lib/python3.12/site-packages/ngc_propulsion_sim/ngc_propulsion_sim.py to ngc_propulsion_sim.cpython-312.pyc
running install_data
creating /home/alfred/shared_mac/MEPA2001_2024/src/install/ngc_propulsion_sim/share/ament_index
creating /home/alfred/shared_mac/MEPA2001_2024/src/install/ngc_propulsion_sim/share/ament_index/resource_index
creating /home/alfred/shared_mac/MEPA2001_2024/src/install/ngc_propulsion_sim/share/ament_index/resource_index/packages
copying resource/ngc_propulsion_sim -> /home/alfred/shared_mac/MEPA2001_2024/src/install/ngc_propulsion_sim/share/ament_index/resource_index/packages
copying package.xml -> /home/alfred/shared_mac/MEPA2001_2024/src/install/ngc_propulsion_sim/share/ngc_propulsion_sim
running install_egg_info
Copying ../build/ngc_propulsion_sim/ngc_propulsion_sim.egg-info to /home/alfred/shared_mac/MEPA2001_2024/src/install/ngc_propulsion_sim/lib/python3.12/site-packages/ngc_propulsion_sim-0.0.0-py3.12.egg-info
running install_scripts
Installing ngc_propulsion_sim script to /home/alfred/shared_mac/MEPA2001_2024/src/install/ngc_propulsion_sim/lib/ngc_propulsion_sim
writing list of installed files to '/home/alfred/shared_mac/MEPA2001_2024/src/build/ngc_propulsion_sim/install.log'
