[0.193s] Invoking command in '/home/alfred/shared_mac/MEPA2001_2024/src/build/ngc_interfaces': CMAKE_PREFIX_PATH=${CMAKE_PREFIX_PATH}:/home/alfred/shared_mac/MEPA2001_2024/src/install/ngc_hull_sim:/home/alfred/shared_mac/MEPA2001_2024/src/install/ngc_utils:/home/alfred/shared_mac/MEPA2001_2024/src/install/ngc_sensor_sims:/home/alfred/shared_mac/MEPA2001_2024/src/install/ngc_propulsion_sim:/home/alfred/shared_mac/MEPA2001_2024/src/install/ngc_hmi:/home/alfred/shared_mac/MEPA2001_2024/src/install/kontrolsystem:/opt/ros/jazzy DEBUGINFOD_URLS=https://debuginfod.ubuntu.com /usr/bin/cmake --build /home/alfred/shared_mac/MEPA2001_2024/src/build/ngc_interfaces -- -j4 -l4
[1.261s] [  1%] Built target ngc_interfaces__rosidl_generator_type_description
[1.263s] [  1%] Built target ngc_interfaces__cpp
[1.266s] [  1%] Built target ament_cmake_python_copy_ngc_interfaces
[1.277s] [ 26%] Built target ngc_interfaces__rosidl_generator_c
[1.278s] [ 36%] Built target ngc_interfaces__rosidl_typesupport_introspection_c
[1.281s] [ 44%] Built target ngc_interfaces__rosidl_typesupport_cpp
[1.284s] [ 54%] Built target ngc_interfaces__rosidl_typesupport_fastrtps_c
[1.287s] [ 68%] Built target ngc_interfaces__rosidl_typesupport_c
[1.289s] [ 74%] Built target ngc_interfaces__rosidl_typesupport_fastrtps_cpp
[1.291s] [ 84%] Built target ngc_interfaces__rosidl_typesupport_introspection_cpp
[1.312s] [ 84%] Built target ngc_interfaces
[1.502s] [ 85%] Built target ngc_interfaces__py
[1.629s] running egg_info
[1.642s] [ 94%] Built target ngc_interfaces__rosidl_generator_py
[1.690s] writing ngc_interfaces.egg-info/PKG-INFO
[1.693s] writing dependency_links to ngc_interfaces.egg-info/dependency_links.txt
[1.696s] writing top-level names to ngc_interfaces.egg-info/top_level.txt
[1.787s] [ 96%] Built target ngc_interfaces_s__rosidl_typesupport_c
[1.813s] [ 99%] Built target ngc_interfaces_s__rosidl_typesupport_fastrtps_c
[1.816s] [100%] Built target ngc_interfaces_s__rosidl_typesupport_introspection_c
[1.874s] reading manifest file 'ngc_interfaces.egg-info/SOURCES.txt'
[1.878s] writing manifest file 'ngc_interfaces.egg-info/SOURCES.txt'
[1.948s] [100%] Built target ament_cmake_python_build_ngc_interfaces_egg
[2.073s] Invoked command in '/home/alfred/shared_mac/MEPA2001_2024/src/build/ngc_interfaces' returned '0': CMAKE_PREFIX_PATH=${CMAKE_PREFIX_PATH}:/home/alfred/shared_mac/MEPA2001_2024/src/install/ngc_hull_sim:/home/alfred/shared_mac/MEPA2001_2024/src/install/ngc_utils:/home/alfred/shared_mac/MEPA2001_2024/src/install/ngc_sensor_sims:/home/alfred/shared_mac/MEPA2001_2024/src/install/ngc_propulsion_sim:/home/alfred/shared_mac/MEPA2001_2024/src/install/ngc_hmi:/home/alfred/shared_mac/MEPA2001_2024/src/install/kontrolsystem:/opt/ros/jazzy DEBUGINFOD_URLS=https://debuginfod.ubuntu.com /usr/bin/cmake --build /home/alfred/shared_mac/MEPA2001_2024/src/build/ngc_interfaces -- -j4 -l4
[3.299s] Invoking command in '/home/alfred/shared_mac/MEPA2001_2024/src/build/ngc_interfaces': CMAKE_PREFIX_PATH=${CMAKE_PREFIX_PATH}:/home/alfred/shared_mac/MEPA2001_2024/src/install/ngc_hull_sim:/home/alfred/shared_mac/MEPA2001_2024/src/install/ngc_utils:/home/alfred/shared_mac/MEPA2001_2024/src/install/ngc_sensor_sims:/home/alfred/shared_mac/MEPA2001_2024/src/install/ngc_propulsion_sim:/home/alfred/shared_mac/MEPA2001_2024/src/install/ngc_hmi:/home/alfred/shared_mac/MEPA2001_2024/src/install/kontrolsystem:/opt/ros/jazzy DEBUGINFOD_URLS=https://debuginfod.ubuntu.com /usr/bin/cmake --install /home/alfred/shared_mac/MEPA2001_2024/src/build/ngc_interfaces
[3.340s] -- Install configuration: ""
[3.341s] -- Up-to-date: /home/alfred/shared_mac/MEPA2001_2024/src/install/ngc_interfaces/share/ament_index/resource_index/rosidl_interfaces/ngc_interfaces
[3.342s] -- Up-to-date: /home/alfred/shared_mac/MEPA2001_2024/src/install/ngc_interfaces/share/ngc_interfaces/msg/Eta.json
[3.344s] -- Up-to-date: /home/alfred/shared_mac/MEPA2001_2024/src/install/ngc_interfaces/share/ngc_interfaces/msg/Nu.json
[3.345s] -- Up-to-date: /home/alfred/shared_mac/MEPA2001_2024/src/install/ngc_interfaces/share/ngc_interfaces/msg/NuDot.json
[3.347s] -- Up-to-date: /home/alfred/shared_mac/MEPA2001_2024/src/install/ngc_interfaces/share/ngc_interfaces/msg/Tau.json
[3.348s] -- Up-to-date: /home/alfred/shared_mac/MEPA2001_2024/src/install/ngc_interfaces/share/ngc_interfaces/msg/Wind.json
[3.349s] -- Up-to-date: /home/alfred/shared_mac/MEPA2001_2024/src/install/ngc_interfaces/share/ngc_interfaces/msg/ThrusterSignals.json
[3.351s] -- Up-to-date: /home/alfred/shared_mac/MEPA2001_2024/src/install/ngc_interfaces/share/ngc_interfaces/msg/GNSS.json
[3.356s] -- Up-to-date: /home/alfred/shared_mac/MEPA2001_2024/src/install/ngc_interfaces/share/ngc_interfaces/msg/HeadingDevice.json
[3.357s] -- Up-to-date: /home/alfred/shared_mac/MEPA2001_2024/src/install/ngc_interfaces/include/ngc_interfaces/ngc_interfaces
[3.366s] -- Up-to-date: /home/alfred/shared_mac/MEPA2001_2024/src/install/ngc_interfaces/include/ngc_interfaces/ngc_interfaces/msg
[3.375s] -- Up-to-date: /home/alfred/shared_mac/MEPA2001_2024/src/install/ngc_interfaces/include/ngc_interfaces/ngc_interfaces/msg/tau.h
[3.377s] -- Up-to-date: /home/alfred/shared_mac/MEPA2001_2024/src/install/ngc_interfaces/include/ngc_interfaces/ngc_interfaces/msg/rosidl_generator_c__visibility_control.h
[3.378s] -- Up-to-date: /home/alfred/shared_mac/MEPA2001_2024/src/install/ngc_interfaces/include/ngc_interfaces/ngc_interfaces/msg/eta.h
[3.379s] -- Up-to-date: /home/alfred/shared_mac/MEPA2001_2024/src/install/ngc_interfaces/include/ngc_interfaces/ngc_interfaces/msg/heading_device.h
[3.382s] -- Up-to-date: /home/alfred/shared_mac/MEPA2001_2024/src/install/ngc_interfaces/include/ngc_interfaces/ngc_interfaces/msg/gnss.h
[3.383s] -- Up-to-date: /home/alfred/shared_mac/MEPA2001_2024/src/install/ngc_interfaces/include/ngc_interfaces/ngc_interfaces/msg/detail
[3.385s] -- Up-to-date: /home/alfred/shared_mac/MEPA2001_2024/src/install/ngc_interfaces/include/ngc_interfaces/ngc_interfaces/msg/detail/nu__functions.c
[3.385s] -- Up-to-date: /home/alfred/shared_mac/MEPA2001_2024/src/install/ngc_interfaces/include/ngc_interfaces/ngc_interfaces/msg/detail/nu__type_support.h
[3.386s] -- Up-to-date: /home/alfred/shared_mac/MEPA2001_2024/src/install/ngc_interfaces/include/ngc_interfaces/ngc_interfaces/msg/detail/thruster_signals__functions.c
[3.388s] -- Up-to-date: /home/alfred/shared_mac/MEPA2001_2024/src/install/ngc_interfaces/include/ngc_interfaces/ngc_interfaces/msg/detail/tau__struct.h
[3.389s] -- Up-to-date: /home/alfred/shared_mac/MEPA2001_2024/src/install/ngc_interfaces/include/ngc_interfaces/ngc_interfaces/msg/detail/wind__description.c
[3.391s] -- Up-to-date: /home/alfred/shared_mac/MEPA2001_2024/src/install/ngc_interfaces/include/ngc_interfaces/ngc_interfaces/msg/detail/thruster_signals__type_support.h
[3.392s] -- Up-to-date: /home/alfred/shared_mac/MEPA2001_2024/src/install/ngc_interfaces/include/ngc_interfaces/ngc_interfaces/msg/detail/gnss__functions.h
[3.394s] -- Up-to-date: /home/alfred/shared_mac/MEPA2001_2024/src/install/ngc_interfaces/include/ngc_interfaces/ngc_interfaces/msg/detail/tau__description.c
[3.399s] -- Up-to-date: /home/alfred/shared_mac/MEPA2001_2024/src/install/ngc_interfaces/include/ngc_interfaces/ngc_interfaces/msg/detail/wind__type_support.h
[3.401s] -- Installing: /home/alfred/shared_mac/MEPA2001_2024/src/install/ngc_interfaces/include/ngc_interfaces/ngc_interfaces/msg/detail/gnss__type_support.c
[3.407s] -- Up-to-date: /home/alfred/shared_mac/MEPA2001_2024/src/install/ngc_interfaces/include/ngc_interfaces/ngc_interfaces/msg/detail/tau__functions.c
[3.408s] -- Up-to-date: /home/alfred/shared_mac/MEPA2001_2024/src/install/ngc_interfaces/include/ngc_interfaces/ngc_interfaces/msg/detail/thruster_signals__struct.h
[3.408s] -- Up-to-date: /home/alfred/shared_mac/MEPA2001_2024/src/install/ngc_interfaces/include/ngc_interfaces/ngc_interfaces/msg/detail/heading_device__struct.h
[3.411s] -- Installing: /home/alfred/shared_mac/MEPA2001_2024/src/install/ngc_interfaces/include/ngc_interfaces/ngc_interfaces/msg/detail/eta__type_support.c
[3.424s] -- Up-to-date: /home/alfred/shared_mac/MEPA2001_2024/src/install/ngc_interfaces/include/ngc_interfaces/ngc_interfaces/msg/detail/heading_device__type_support.h
[3.427s] -- Up-to-date: /home/alfred/shared_mac/MEPA2001_2024/src/install/ngc_interfaces/include/ngc_interfaces/ngc_interfaces/msg/detail/nu_dot__functions.h
[3.429s] -- Up-to-date: /home/alfred/shared_mac/MEPA2001_2024/src/install/ngc_interfaces/include/ngc_interfaces/ngc_interfaces/msg/detail/wind__functions.c
[3.433s] -- Up-to-date: /home/alfred/shared_mac/MEPA2001_2024/src/install/ngc_interfaces/include/ngc_interfaces/ngc_interfaces/msg/detail/nu_dot__type_support.h
[3.443s] -- Up-to-date: /home/alfred/shared_mac/MEPA2001_2024/src/install/ngc_interfaces/include/ngc_interfaces/ngc_interfaces/msg/detail/gnss__struct.h
[3.445s] -- Up-to-date: /home/alfred/shared_mac/MEPA2001_2024/src/install/ngc_interfaces/include/ngc_interfaces/ngc_interfaces/msg/detail/nu__struct.h
[3.446s] -- Up-to-date: /home/alfred/shared_mac/MEPA2001_2024/src/install/ngc_interfaces/include/ngc_interfaces/ngc_interfaces/msg/detail/heading_device__functions.h
[3.448s] -- Up-to-date: /home/alfred/shared_mac/MEPA2001_2024/src/install/ngc_interfaces/include/ngc_interfaces/ngc_interfaces/msg/detail/eta__functions.h
[3.450s] -- Up-to-date: /home/alfred/shared_mac/MEPA2001_2024/src/install/ngc_interfaces/include/ngc_interfaces/ngc_interfaces/msg/detail/wind__struct.h
[3.450s] -- Up-to-date: /home/alfred/shared_mac/MEPA2001_2024/src/install/ngc_interfaces/include/ngc_interfaces/ngc_interfaces/msg/detail/tau__type_support.h
[3.451s] -- Up-to-date: /home/alfred/shared_mac/MEPA2001_2024/src/install/ngc_interfaces/include/ngc_interfaces/ngc_interfaces/msg/detail/eta__struct.h
[3.452s] -- Up-to-date: /home/alfred/shared_mac/MEPA2001_2024/src/install/ngc_interfaces/include/ngc_interfaces/ngc_interfaces/msg/detail/nu_dot__struct.h
[3.453s] -- Installing: /home/alfred/shared_mac/MEPA2001_2024/src/install/ngc_interfaces/include/ngc_interfaces/ngc_interfaces/msg/detail/thruster_signals__type_support.c
[3.459s] -- Up-to-date: /home/alfred/shared_mac/MEPA2001_2024/src/install/ngc_interfaces/include/ngc_interfaces/ngc_interfaces/msg/detail/nu__functions.h
[3.459s] -- Up-to-date: /home/alfred/shared_mac/MEPA2001_2024/src/install/ngc_interfaces/include/ngc_interfaces/ngc_interfaces/msg/detail/thruster_signals__functions.h
[3.461s] -- Installing: /home/alfred/shared_mac/MEPA2001_2024/src/install/ngc_interfaces/include/ngc_interfaces/ngc_interfaces/msg/detail/nu__type_support.c
[3.467s] -- Up-to-date: /home/alfred/shared_mac/MEPA2001_2024/src/install/ngc_interfaces/include/ngc_interfaces/ngc_interfaces/msg/detail/nu_dot__description.c
[3.468s] -- Up-to-date: /home/alfred/shared_mac/MEPA2001_2024/src/install/ngc_interfaces/include/ngc_interfaces/ngc_interfaces/msg/detail/tau__functions.h
[3.469s] -- Up-to-date: /home/alfred/shared_mac/MEPA2001_2024/src/install/ngc_interfaces/include/ngc_interfaces/ngc_interfaces/msg/detail/eta__description.c
[3.470s] -- Up-to-date: /home/alfred/shared_mac/MEPA2001_2024/src/install/ngc_interfaces/include/ngc_interfaces/ngc_interfaces/msg/detail/gnss__type_support.h
[3.470s] -- Installing: /home/alfred/shared_mac/MEPA2001_2024/src/install/ngc_interfaces/include/ngc_interfaces/ngc_interfaces/msg/detail/wind__type_support.c
[3.477s] -- Up-to-date: /home/alfred/shared_mac/MEPA2001_2024/src/install/ngc_interfaces/include/ngc_interfaces/ngc_interfaces/msg/detail/gnss__functions.c
[3.478s] -- Up-to-date: /home/alfred/shared_mac/MEPA2001_2024/src/install/ngc_interfaces/include/ngc_interfaces/ngc_interfaces/msg/detail/nu_dot__functions.c
[3.478s] -- Installing: /home/alfred/shared_mac/MEPA2001_2024/src/install/ngc_interfaces/include/ngc_interfaces/ngc_interfaces/msg/detail/heading_device__type_support.c
[3.486s] -- Up-to-date: /home/alfred/shared_mac/MEPA2001_2024/src/install/ngc_interfaces/include/ngc_interfaces/ngc_interfaces/msg/detail/gnss__description.c
[3.487s] -- Up-to-date: /home/alfred/shared_mac/MEPA2001_2024/src/install/ngc_interfaces/include/ngc_interfaces/ngc_interfaces/msg/detail/thruster_signals__description.c
[3.488s] -- Up-to-date: /home/alfred/shared_mac/MEPA2001_2024/src/install/ngc_interfaces/include/ngc_interfaces/ngc_interfaces/msg/detail/nu__description.c
[3.490s] -- Up-to-date: /home/alfred/shared_mac/MEPA2001_2024/src/install/ngc_interfaces/include/ngc_interfaces/ngc_interfaces/msg/detail/eta__type_support.h
[3.491s] -- Installing: /home/alfred/shared_mac/MEPA2001_2024/src/install/ngc_interfaces/include/ngc_interfaces/ngc_interfaces/msg/detail/tau__type_support.c
[3.507s] -- Up-to-date: /home/alfred/shared_mac/MEPA2001_2024/src/install/ngc_interfaces/include/ngc_interfaces/ngc_interfaces/msg/detail/eta__functions.c
[3.507s] -- Up-to-date: /home/alfred/shared_mac/MEPA2001_2024/src/install/ngc_interfaces/include/ngc_interfaces/ngc_interfaces/msg/detail/heading_device__functions.c
[3.508s] -- Up-to-date: /home/alfred/shared_mac/MEPA2001_2024/src/install/ngc_interfaces/include/ngc_interfaces/ngc_interfaces/msg/detail/heading_device__description.c
[3.508s] -- Installing: /home/alfred/shared_mac/MEPA2001_2024/src/install/ngc_interfaces/include/ngc_interfaces/ngc_interfaces/msg/detail/nu_dot__type_support.c
[3.530s] -- Up-to-date: /home/alfred/shared_mac/MEPA2001_2024/src/install/ngc_interfaces/include/ngc_interfaces/ngc_interfaces/msg/detail/wind__functions.h
[3.535s] -- Up-to-date: /home/alfred/shared_mac/MEPA2001_2024/src/install/ngc_interfaces/include/ngc_interfaces/ngc_interfaces/msg/thruster_signals.h
[3.536s] -- Up-to-date: /home/alfred/shared_mac/MEPA2001_2024/src/install/ngc_interfaces/include/ngc_interfaces/ngc_interfaces/msg/nu_dot.h
[3.543s] -- Up-to-date: /home/alfred/shared_mac/MEPA2001_2024/src/install/ngc_interfaces/include/ngc_interfaces/ngc_interfaces/msg/wind.h
[3.545s] -- Up-to-date: /home/alfred/shared_mac/MEPA2001_2024/src/install/ngc_interfaces/include/ngc_interfaces/ngc_interfaces/msg/nu.h
[3.553s] -- Up-to-date: /home/alfred/shared_mac/MEPA2001_2024/src/install/ngc_interfaces/share/ngc_interfaces/environment/library_path.sh
[3.556s] -- Up-to-date: /home/alfred/shared_mac/MEPA2001_2024/src/install/ngc_interfaces/share/ngc_interfaces/environment/library_path.dsv
[3.569s] -- Up-to-date: /home/alfred/shared_mac/MEPA2001_2024/src/install/ngc_interfaces/lib/libngc_interfaces__rosidl_generator_c.so
[3.584s] -- Up-to-date: /home/alfred/shared_mac/MEPA2001_2024/src/install/ngc_interfaces/include/ngc_interfaces/ngc_interfaces
[3.586s] -- Up-to-date: /home/alfred/shared_mac/MEPA2001_2024/src/install/ngc_interfaces/include/ngc_interfaces/ngc_interfaces/msg
[3.588s] -- Up-to-date: /home/alfred/shared_mac/MEPA2001_2024/src/install/ngc_interfaces/include/ngc_interfaces/ngc_interfaces/msg/detail
[3.593s] -- Up-to-date: /home/alfred/shared_mac/MEPA2001_2024/src/install/ngc_interfaces/include/ngc_interfaces/ngc_interfaces/msg/detail/heading_device__rosidl_typesupport_fastrtps_c.h
[3.594s] -- Up-to-date: /home/alfred/shared_mac/MEPA2001_2024/src/install/ngc_interfaces/include/ngc_interfaces/ngc_interfaces/msg/detail/gnss__rosidl_typesupport_fastrtps_c.h
[3.596s] -- Up-to-date: /home/alfred/shared_mac/MEPA2001_2024/src/install/ngc_interfaces/include/ngc_interfaces/ngc_interfaces/msg/detail/tau__rosidl_typesupport_fastrtps_c.h
[3.598s] -- Up-to-date: /home/alfred/shared_mac/MEPA2001_2024/src/install/ngc_interfaces/include/ngc_interfaces/ngc_interfaces/msg/detail/nu__rosidl_typesupport_fastrtps_c.h
[3.602s] -- Up-to-date: /home/alfred/shared_mac/MEPA2001_2024/src/install/ngc_interfaces/include/ngc_interfaces/ngc_interfaces/msg/detail/wind__rosidl_typesupport_fastrtps_c.h
[3.612s] -- Up-to-date: /home/alfred/shared_mac/MEPA2001_2024/src/install/ngc_interfaces/include/ngc_interfaces/ngc_interfaces/msg/detail/thruster_signals__rosidl_typesupport_fastrtps_c.h
[3.619s] -- Up-to-date: /home/alfred/shared_mac/MEPA2001_2024/src/install/ngc_interfaces/include/ngc_interfaces/ngc_interfaces/msg/detail/eta__rosidl_typesupport_fastrtps_c.h
[3.622s] -- Up-to-date: /home/alfred/shared_mac/MEPA2001_2024/src/install/ngc_interfaces/include/ngc_interfaces/ngc_interfaces/msg/detail/nu_dot__rosidl_typesupport_fastrtps_c.h
[3.625s] -- Up-to-date: /home/alfred/shared_mac/MEPA2001_2024/src/install/ngc_interfaces/include/ngc_interfaces/ngc_interfaces/msg/rosidl_typesupport_fastrtps_c__visibility_control.h
[3.646s] -- Up-to-date: /home/alfred/shared_mac/MEPA2001_2024/src/install/ngc_interfaces/lib/libngc_interfaces__rosidl_typesupport_fastrtps_c.so
[3.655s] -- Up-to-date: /home/alfred/shared_mac/MEPA2001_2024/src/install/ngc_interfaces/include/ngc_interfaces/ngc_interfaces
[3.657s] -- Up-to-date: /home/alfred/shared_mac/MEPA2001_2024/src/install/ngc_interfaces/include/ngc_interfaces/ngc_interfaces/msg
[3.659s] -- Up-to-date: /home/alfred/shared_mac/MEPA2001_2024/src/install/ngc_interfaces/include/ngc_interfaces/ngc_interfaces/msg/detail
[3.662s] -- Up-to-date: /home/alfred/shared_mac/MEPA2001_2024/src/install/ngc_interfaces/include/ngc_interfaces/ngc_interfaces/msg/detail/eta__rosidl_typesupport_introspection_c.h
[3.664s] -- Up-to-date: /home/alfred/shared_mac/MEPA2001_2024/src/install/ngc_interfaces/include/ngc_interfaces/ngc_interfaces/msg/detail/nu__rosidl_typesupport_introspection_c.h
[3.665s] -- Installing: /home/alfred/shared_mac/MEPA2001_2024/src/install/ngc_interfaces/include/ngc_interfaces/ngc_interfaces/msg/detail/gnss__type_support.c
[3.672s] -- Up-to-date: /home/alfred/shared_mac/MEPA2001_2024/src/install/ngc_interfaces/include/ngc_interfaces/ngc_interfaces/msg/detail/wind__rosidl_typesupport_introspection_c.h
[3.672s] -- Installing: /home/alfred/shared_mac/MEPA2001_2024/src/install/ngc_interfaces/include/ngc_interfaces/ngc_interfaces/msg/detail/eta__type_support.c
[3.678s] -- Up-to-date: /home/alfred/shared_mac/MEPA2001_2024/src/install/ngc_interfaces/include/ngc_interfaces/ngc_interfaces/msg/detail/tau__rosidl_typesupport_introspection_c.h
[3.679s] -- Up-to-date: /home/alfred/shared_mac/MEPA2001_2024/src/install/ngc_interfaces/include/ngc_interfaces/ngc_interfaces/msg/detail/gnss__rosidl_typesupport_introspection_c.h
[3.680s] -- Installing: /home/alfred/shared_mac/MEPA2001_2024/src/install/ngc_interfaces/include/ngc_interfaces/ngc_interfaces/msg/detail/thruster_signals__type_support.c
[3.685s] -- Installing: /home/alfred/shared_mac/MEPA2001_2024/src/install/ngc_interfaces/include/ngc_interfaces/ngc_interfaces/msg/detail/nu__type_support.c
[3.691s] -- Up-to-date: /home/alfred/shared_mac/MEPA2001_2024/src/install/ngc_interfaces/include/ngc_interfaces/ngc_interfaces/msg/detail/heading_device__rosidl_typesupport_introspection_c.h
[3.693s] -- Installing: /home/alfred/shared_mac/MEPA2001_2024/src/install/ngc_interfaces/include/ngc_interfaces/ngc_interfaces/msg/detail/wind__type_support.c
[3.714s] -- Installing: /home/alfred/shared_mac/MEPA2001_2024/src/install/ngc_interfaces/include/ngc_interfaces/ngc_interfaces/msg/detail/heading_device__type_support.c
[3.715s] -- Up-to-date: /home/alfred/shared_mac/MEPA2001_2024/src/install/ngc_interfaces/include/ngc_interfaces/ngc_interfaces/msg/detail/thruster_signals__rosidl_typesupport_introspection_c.h
[3.717s] -- Installing: /home/alfred/shared_mac/MEPA2001_2024/src/install/ngc_interfaces/include/ngc_interfaces/ngc_interfaces/msg/detail/tau__type_support.c
[3.724s] -- Up-to-date: /home/alfred/shared_mac/MEPA2001_2024/src/install/ngc_interfaces/include/ngc_interfaces/ngc_interfaces/msg/detail/nu_dot__rosidl_typesupport_introspection_c.h
[3.725s] -- Installing: /home/alfred/shared_mac/MEPA2001_2024/src/install/ngc_interfaces/include/ngc_interfaces/ngc_interfaces/msg/detail/nu_dot__type_support.c
[3.739s] -- Up-to-date: /home/alfred/shared_mac/MEPA2001_2024/src/install/ngc_interfaces/include/ngc_interfaces/ngc_interfaces/msg/rosidl_typesupport_introspection_c__visibility_control.h
[3.748s] -- Up-to-date: /home/alfred/shared_mac/MEPA2001_2024/src/install/ngc_interfaces/lib/libngc_interfaces__rosidl_typesupport_introspection_c.so
[3.767s] -- Up-to-date: /home/alfred/shared_mac/MEPA2001_2024/src/install/ngc_interfaces/lib/libngc_interfaces__rosidl_typesupport_c.so
[3.781s] -- Up-to-date: /home/alfred/shared_mac/MEPA2001_2024/src/install/ngc_interfaces/include/ngc_interfaces/ngc_interfaces
[3.783s] -- Up-to-date: /home/alfred/shared_mac/MEPA2001_2024/src/install/ngc_interfaces/include/ngc_interfaces/ngc_interfaces/msg
[3.783s] -- Up-to-date: /home/alfred/shared_mac/MEPA2001_2024/src/install/ngc_interfaces/include/ngc_interfaces/ngc_interfaces/msg/heading_device.hpp
[3.784s] -- Up-to-date: /home/alfred/shared_mac/MEPA2001_2024/src/install/ngc_interfaces/include/ngc_interfaces/ngc_interfaces/msg/thruster_signals.hpp
[3.786s] -- Up-to-date: /home/alfred/shared_mac/MEPA2001_2024/src/install/ngc_interfaces/include/ngc_interfaces/ngc_interfaces/msg/nu_dot.hpp
[3.787s] -- Up-to-date: /home/alfred/shared_mac/MEPA2001_2024/src/install/ngc_interfaces/include/ngc_interfaces/ngc_interfaces/msg/wind.hpp
[3.788s] -- Up-to-date: /home/alfred/shared_mac/MEPA2001_2024/src/install/ngc_interfaces/include/ngc_interfaces/ngc_interfaces/msg/tau.hpp
[3.789s] -- Up-to-date: /home/alfred/shared_mac/MEPA2001_2024/src/install/ngc_interfaces/include/ngc_interfaces/ngc_interfaces/msg/detail
[3.793s] -- Up-to-date: /home/alfred/shared_mac/MEPA2001_2024/src/install/ngc_interfaces/include/ngc_interfaces/ngc_interfaces/msg/detail/wind__builder.hpp
[3.794s] -- Up-to-date: /home/alfred/shared_mac/MEPA2001_2024/src/install/ngc_interfaces/include/ngc_interfaces/ngc_interfaces/msg/detail/tau__type_support.hpp
[3.795s] -- Up-to-date: /home/alfred/shared_mac/MEPA2001_2024/src/install/ngc_interfaces/include/ngc_interfaces/ngc_interfaces/msg/detail/nu__type_support.hpp
[3.797s] -- Up-to-date: /home/alfred/shared_mac/MEPA2001_2024/src/install/ngc_interfaces/include/ngc_interfaces/ngc_interfaces/msg/detail/thruster_signals__traits.hpp
[3.802s] -- Up-to-date: /home/alfred/shared_mac/MEPA2001_2024/src/install/ngc_interfaces/include/ngc_interfaces/ngc_interfaces/msg/detail/gnss__struct.hpp
[3.803s] -- Up-to-date: /home/alfred/shared_mac/MEPA2001_2024/src/install/ngc_interfaces/include/ngc_interfaces/ngc_interfaces/msg/detail/nu__struct.hpp
[3.805s] -- Up-to-date: /home/alfred/shared_mac/MEPA2001_2024/src/install/ngc_interfaces/include/ngc_interfaces/ngc_interfaces/msg/detail/heading_device__struct.hpp
[3.806s] -- Up-to-date: /home/alfred/shared_mac/MEPA2001_2024/src/install/ngc_interfaces/include/ngc_interfaces/ngc_interfaces/msg/detail/thruster_signals__type_support.hpp
[3.813s] -- Up-to-date: /home/alfred/shared_mac/MEPA2001_2024/src/install/ngc_interfaces/include/ngc_interfaces/ngc_interfaces/msg/detail/nu_dot__type_support.hpp
[3.816s] -- Up-to-date: /home/alfred/shared_mac/MEPA2001_2024/src/install/ngc_interfaces/include/ngc_interfaces/ngc_interfaces/msg/detail/eta__type_support.hpp
[3.823s] -- Up-to-date: /home/alfred/shared_mac/MEPA2001_2024/src/install/ngc_interfaces/include/ngc_interfaces/ngc_interfaces/msg/detail/wind__traits.hpp
[3.833s] -- Up-to-date: /home/alfred/shared_mac/MEPA2001_2024/src/install/ngc_interfaces/include/ngc_interfaces/ngc_interfaces/msg/detail/tau__builder.hpp
[3.836s] -- Up-to-date: /home/alfred/shared_mac/MEPA2001_2024/src/install/ngc_interfaces/include/ngc_interfaces/ngc_interfaces/msg/detail/eta__struct.hpp
[3.842s] -- Up-to-date: /home/alfred/shared_mac/MEPA2001_2024/src/install/ngc_interfaces/include/ngc_interfaces/ngc_interfaces/msg/detail/nu_dot__struct.hpp
[3.850s] -- Up-to-date: /home/alfred/shared_mac/MEPA2001_2024/src/install/ngc_interfaces/include/ngc_interfaces/ngc_interfaces/msg/detail/tau__traits.hpp
[3.853s] -- Up-to-date: /home/alfred/shared_mac/MEPA2001_2024/src/install/ngc_interfaces/include/ngc_interfaces/ngc_interfaces/msg/detail/thruster_signals__builder.hpp
[3.858s] -- Up-to-date: /home/alfred/shared_mac/MEPA2001_2024/src/install/ngc_interfaces/include/ngc_interfaces/ngc_interfaces/msg/detail/nu__builder.hpp
[3.859s] -- Up-to-date: /home/alfred/shared_mac/MEPA2001_2024/src/install/ngc_interfaces/include/ngc_interfaces/ngc_interfaces/msg/detail/nu__traits.hpp
[3.860s] -- Up-to-date: /home/alfred/shared_mac/MEPA2001_2024/src/install/ngc_interfaces/include/ngc_interfaces/ngc_interfaces/msg/detail/gnss__traits.hpp
[3.863s] -- Up-to-date: /home/alfred/shared_mac/MEPA2001_2024/src/install/ngc_interfaces/include/ngc_interfaces/ngc_interfaces/msg/detail/heading_device__builder.hpp
[3.864s] -- Up-to-date: /home/alfred/shared_mac/MEPA2001_2024/src/install/ngc_interfaces/include/ngc_interfaces/ngc_interfaces/msg/detail/eta__builder.hpp
[3.865s] -- Up-to-date: /home/alfred/shared_mac/MEPA2001_2024/src/install/ngc_interfaces/include/ngc_interfaces/ngc_interfaces/msg/detail/thruster_signals__struct.hpp
[3.867s] -- Up-to-date: /home/alfred/shared_mac/MEPA2001_2024/src/install/ngc_interfaces/include/ngc_interfaces/ngc_interfaces/msg/detail/wind__type_support.hpp
[3.868s] -- Up-to-date: /home/alfred/shared_mac/MEPA2001_2024/src/install/ngc_interfaces/include/ngc_interfaces/ngc_interfaces/msg/detail/nu_dot__builder.hpp
[3.869s] -- Up-to-date: /home/alfred/shared_mac/MEPA2001_2024/src/install/ngc_interfaces/include/ngc_interfaces/ngc_interfaces/msg/detail/heading_device__traits.hpp
[3.871s] -- Up-to-date: /home/alfred/shared_mac/MEPA2001_2024/src/install/ngc_interfaces/include/ngc_interfaces/ngc_interfaces/msg/detail/gnss__type_support.hpp
[3.873s] -- Up-to-date: /home/alfred/shared_mac/MEPA2001_2024/src/install/ngc_interfaces/include/ngc_interfaces/ngc_interfaces/msg/detail/eta__traits.hpp
[3.873s] -- Up-to-date: /home/alfred/shared_mac/MEPA2001_2024/src/install/ngc_interfaces/include/ngc_interfaces/ngc_interfaces/msg/detail/nu_dot__traits.hpp
[3.875s] -- Up-to-date: /home/alfred/shared_mac/MEPA2001_2024/src/install/ngc_interfaces/include/ngc_interfaces/ngc_interfaces/msg/detail/heading_device__type_support.hpp
[3.876s] -- Up-to-date: /home/alfred/shared_mac/MEPA2001_2024/src/install/ngc_interfaces/include/ngc_interfaces/ngc_interfaces/msg/detail/wind__struct.hpp
[3.877s] -- Up-to-date: /home/alfred/shared_mac/MEPA2001_2024/src/install/ngc_interfaces/include/ngc_interfaces/ngc_interfaces/msg/detail/gnss__builder.hpp
[3.878s] -- Up-to-date: /home/alfred/shared_mac/MEPA2001_2024/src/install/ngc_interfaces/include/ngc_interfaces/ngc_interfaces/msg/detail/tau__struct.hpp
[3.879s] -- Up-to-date: /home/alfred/shared_mac/MEPA2001_2024/src/install/ngc_interfaces/include/ngc_interfaces/ngc_interfaces/msg/rosidl_generator_cpp__visibility_control.hpp
[3.880s] -- Up-to-date: /home/alfred/shared_mac/MEPA2001_2024/src/install/ngc_interfaces/include/ngc_interfaces/ngc_interfaces/msg/eta.hpp
[3.881s] -- Up-to-date: /home/alfred/shared_mac/MEPA2001_2024/src/install/ngc_interfaces/include/ngc_interfaces/ngc_interfaces/msg/nu.hpp
[3.883s] -- Up-to-date: /home/alfred/shared_mac/MEPA2001_2024/src/install/ngc_interfaces/include/ngc_interfaces/ngc_interfaces/msg/gnss.hpp
[3.884s] -- Up-to-date: /home/alfred/shared_mac/MEPA2001_2024/src/install/ngc_interfaces/include/ngc_interfaces/ngc_interfaces
[3.888s] -- Up-to-date: /home/alfred/shared_mac/MEPA2001_2024/src/install/ngc_interfaces/include/ngc_interfaces/ngc_interfaces/msg
[3.889s] -- Up-to-date: /home/alfred/shared_mac/MEPA2001_2024/src/install/ngc_interfaces/include/ngc_interfaces/ngc_interfaces/msg/rosidl_typesupport_fastrtps_cpp__visibility_control.h
[3.890s] -- Up-to-date: /home/alfred/shared_mac/MEPA2001_2024/src/install/ngc_interfaces/include/ngc_interfaces/ngc_interfaces/msg/detail
[3.892s] -- Up-to-date: /home/alfred/shared_mac/MEPA2001_2024/src/install/ngc_interfaces/include/ngc_interfaces/ngc_interfaces/msg/detail/wind__rosidl_typesupport_fastrtps_cpp.hpp
[3.894s] -- Up-to-date: /home/alfred/shared_mac/MEPA2001_2024/src/install/ngc_interfaces/include/ngc_interfaces/ngc_interfaces/msg/detail/nu__rosidl_typesupport_fastrtps_cpp.hpp
[3.895s] -- Up-to-date: /home/alfred/shared_mac/MEPA2001_2024/src/install/ngc_interfaces/include/ngc_interfaces/ngc_interfaces/msg/detail/heading_device__rosidl_typesupport_fastrtps_cpp.hpp
[3.897s] -- Up-to-date: /home/alfred/shared_mac/MEPA2001_2024/src/install/ngc_interfaces/include/ngc_interfaces/ngc_interfaces/msg/detail/nu_dot__rosidl_typesupport_fastrtps_cpp.hpp
[3.898s] -- Up-to-date: /home/alfred/shared_mac/MEPA2001_2024/src/install/ngc_interfaces/include/ngc_interfaces/ngc_interfaces/msg/detail/eta__rosidl_typesupport_fastrtps_cpp.hpp
[3.900s] -- Up-to-date: /home/alfred/shared_mac/MEPA2001_2024/src/install/ngc_interfaces/include/ngc_interfaces/ngc_interfaces/msg/detail/thruster_signals__rosidl_typesupport_fastrtps_cpp.hpp
[3.901s] -- Up-to-date: /home/alfred/shared_mac/MEPA2001_2024/src/install/ngc_interfaces/include/ngc_interfaces/ngc_interfaces/msg/detail/dds_fastrtps
[3.905s] -- Up-to-date: /home/alfred/shared_mac/MEPA2001_2024/src/install/ngc_interfaces/include/ngc_interfaces/ngc_interfaces/msg/detail/tau__rosidl_typesupport_fastrtps_cpp.hpp
[3.906s] -- Up-to-date: /home/alfred/shared_mac/MEPA2001_2024/src/install/ngc_interfaces/include/ngc_interfaces/ngc_interfaces/msg/detail/gnss__rosidl_typesupport_fastrtps_cpp.hpp
[3.912s] -- Up-to-date: /home/alfred/shared_mac/MEPA2001_2024/src/install/ngc_interfaces/lib/libngc_interfaces__rosidl_typesupport_fastrtps_cpp.so
[3.919s] -- Up-to-date: /home/alfred/shared_mac/MEPA2001_2024/src/install/ngc_interfaces/include/ngc_interfaces/ngc_interfaces
[3.921s] -- Up-to-date: /home/alfred/shared_mac/MEPA2001_2024/src/install/ngc_interfaces/include/ngc_interfaces/ngc_interfaces/msg
[3.922s] -- Up-to-date: /home/alfred/shared_mac/MEPA2001_2024/src/install/ngc_interfaces/include/ngc_interfaces/ngc_interfaces/msg/detail
[3.925s] -- Up-to-date: /home/alfred/shared_mac/MEPA2001_2024/src/install/ngc_interfaces/include/ngc_interfaces/ngc_interfaces/msg/detail/gnss__rosidl_typesupport_introspection_cpp.hpp
[3.925s] -- Up-to-date: /home/alfred/shared_mac/MEPA2001_2024/src/install/ngc_interfaces/include/ngc_interfaces/ngc_interfaces/msg/detail/heading_device__type_support.cpp
[3.927s] -- Up-to-date: /home/alfred/shared_mac/MEPA2001_2024/src/install/ngc_interfaces/include/ngc_interfaces/ngc_interfaces/msg/detail/eta__rosidl_typesupport_introspection_cpp.hpp
[3.927s] -- Up-to-date: /home/alfred/shared_mac/MEPA2001_2024/src/install/ngc_interfaces/include/ngc_interfaces/ngc_interfaces/msg/detail/thruster_signals__rosidl_typesupport_introspection_cpp.hpp
[3.929s] -- Up-to-date: /home/alfred/shared_mac/MEPA2001_2024/src/install/ngc_interfaces/include/ngc_interfaces/ngc_interfaces/msg/detail/tau__rosidl_typesupport_introspection_cpp.hpp
[3.930s] -- Up-to-date: /home/alfred/shared_mac/MEPA2001_2024/src/install/ngc_interfaces/include/ngc_interfaces/ngc_interfaces/msg/detail/wind__rosidl_typesupport_introspection_cpp.hpp
[3.931s] -- Up-to-date: /home/alfred/shared_mac/MEPA2001_2024/src/install/ngc_interfaces/include/ngc_interfaces/ngc_interfaces/msg/detail/wind__type_support.cpp
[3.932s] -- Up-to-date: /home/alfred/shared_mac/MEPA2001_2024/src/install/ngc_interfaces/include/ngc_interfaces/ngc_interfaces/msg/detail/nu__rosidl_typesupport_introspection_cpp.hpp
[3.932s] -- Up-to-date: /home/alfred/shared_mac/MEPA2001_2024/src/install/ngc_interfaces/include/ngc_interfaces/ngc_interfaces/msg/detail/gnss__type_support.cpp
[3.950s] -- Up-to-date: /home/alfred/shared_mac/MEPA2001_2024/src/install/ngc_interfaces/include/ngc_interfaces/ngc_interfaces/msg/detail/nu_dot__type_support.cpp
[3.952s] -- Up-to-date: /home/alfred/shared_mac/MEPA2001_2024/src/install/ngc_interfaces/include/ngc_interfaces/ngc_interfaces/msg/detail/eta__type_support.cpp
[3.952s] -- Up-to-date: /home/alfred/shared_mac/MEPA2001_2024/src/install/ngc_interfaces/include/ngc_interfaces/ngc_interfaces/msg/detail/heading_device__rosidl_typesupport_introspection_cpp.hpp
[3.955s] -- Up-to-date: /home/alfred/shared_mac/MEPA2001_2024/src/install/ngc_interfaces/include/ngc_interfaces/ngc_interfaces/msg/detail/nu__type_support.cpp
[3.955s] -- Up-to-date: /home/alfred/shared_mac/MEPA2001_2024/src/install/ngc_interfaces/include/ngc_interfaces/ngc_interfaces/msg/detail/tau__type_support.cpp
[3.956s] -- Up-to-date: /home/alfred/shared_mac/MEPA2001_2024/src/install/ngc_interfaces/include/ngc_interfaces/ngc_interfaces/msg/detail/thruster_signals__type_support.cpp
[3.958s] -- Up-to-date: /home/alfred/shared_mac/MEPA2001_2024/src/install/ngc_interfaces/include/ngc_interfaces/ngc_interfaces/msg/detail/nu_dot__rosidl_typesupport_introspection_cpp.hpp
[3.959s] -- Up-to-date: /home/alfred/shared_mac/MEPA2001_2024/src/install/ngc_interfaces/lib/libngc_interfaces__rosidl_typesupport_introspection_cpp.so
[3.984s] -- Up-to-date: /home/alfred/shared_mac/MEPA2001_2024/src/install/ngc_interfaces/lib/libngc_interfaces__rosidl_typesupport_cpp.so
[3.998s] -- Up-to-date: /home/alfred/shared_mac/MEPA2001_2024/src/install/ngc_interfaces/share/ngc_interfaces/environment/pythonpath.sh
[4.003s] -- Up-to-date: /home/alfred/shared_mac/MEPA2001_2024/src/install/ngc_interfaces/share/ngc_interfaces/environment/pythonpath.dsv
[4.006s] -- Up-to-date: /home/alfred/shared_mac/MEPA2001_2024/src/install/ngc_interfaces/lib/python3.12/site-packages/ngc_interfaces-0.0.0-py3.12.egg-info
[4.014s] -- Installing: /home/alfred/shared_mac/MEPA2001_2024/src/install/ngc_interfaces/lib/python3.12/site-packages/ngc_interfaces-0.0.0-py3.12.egg-info/PKG-INFO
[4.021s] -- Installing: /home/alfred/shared_mac/MEPA2001_2024/src/install/ngc_interfaces/lib/python3.12/site-packages/ngc_interfaces-0.0.0-py3.12.egg-info/SOURCES.txt
[4.052s] -- Installing: /home/alfred/shared_mac/MEPA2001_2024/src/install/ngc_interfaces/lib/python3.12/site-packages/ngc_interfaces-0.0.0-py3.12.egg-info/top_level.txt
[4.062s] -- Installing: /home/alfred/shared_mac/MEPA2001_2024/src/install/ngc_interfaces/lib/python3.12/site-packages/ngc_interfaces-0.0.0-py3.12.egg-info/dependency_links.txt
[4.082s] -- Up-to-date: /home/alfred/shared_mac/MEPA2001_2024/src/install/ngc_interfaces/lib/python3.12/site-packages/ngc_interfaces
[4.084s] -- Up-to-date: /home/alfred/shared_mac/MEPA2001_2024/src/install/ngc_interfaces/lib/python3.12/site-packages/ngc_interfaces/ngc_interfaces_s__rosidl_typesupport_fastrtps_c.so
[4.085s] -- Up-to-date: /home/alfred/shared_mac/MEPA2001_2024/src/install/ngc_interfaces/lib/python3.12/site-packages/ngc_interfaces/msg
[4.089s] -- Up-to-date: /home/alfred/shared_mac/MEPA2001_2024/src/install/ngc_interfaces/lib/python3.12/site-packages/ngc_interfaces/msg/_heading_device_s.c
[4.093s] -- Up-to-date: /home/alfred/shared_mac/MEPA2001_2024/src/install/ngc_interfaces/lib/python3.12/site-packages/ngc_interfaces/msg/_thruster_signals_s.c
[4.095s] -- Up-to-date: /home/alfred/shared_mac/MEPA2001_2024/src/install/ngc_interfaces/lib/python3.12/site-packages/ngc_interfaces/msg/_wind_s.c
[4.097s] -- Up-to-date: /home/alfred/shared_mac/MEPA2001_2024/src/install/ngc_interfaces/lib/python3.12/site-packages/ngc_interfaces/msg/_nu_s.c
[4.099s] -- Up-to-date: /home/alfred/shared_mac/MEPA2001_2024/src/install/ngc_interfaces/lib/python3.12/site-packages/ngc_interfaces/msg/_nu_dot.py
[4.110s] -- Up-to-date: /home/alfred/shared_mac/MEPA2001_2024/src/install/ngc_interfaces/lib/python3.12/site-packages/ngc_interfaces/msg/__init__.py
[4.112s] -- Up-to-date: /home/alfred/shared_mac/MEPA2001_2024/src/install/ngc_interfaces/lib/python3.12/site-packages/ngc_interfaces/msg/_nu_dot_s.c
[4.113s] -- Up-to-date: /home/alfred/shared_mac/MEPA2001_2024/src/install/ngc_interfaces/lib/python3.12/site-packages/ngc_interfaces/msg/_eta.py
[4.114s] -- Up-to-date: /home/alfred/shared_mac/MEPA2001_2024/src/install/ngc_interfaces/lib/python3.12/site-packages/ngc_interfaces/msg/_tau.py
[4.115s] -- Up-to-date: /home/alfred/shared_mac/MEPA2001_2024/src/install/ngc_interfaces/lib/python3.12/site-packages/ngc_interfaces/msg/_eta_s.c
[4.117s] -- Up-to-date: /home/alfred/shared_mac/MEPA2001_2024/src/install/ngc_interfaces/lib/python3.12/site-packages/ngc_interfaces/msg/_wind.py
[4.118s] -- Up-to-date: /home/alfred/shared_mac/MEPA2001_2024/src/install/ngc_interfaces/lib/python3.12/site-packages/ngc_interfaces/msg/_heading_device.py
[4.120s] -- Up-to-date: /home/alfred/shared_mac/MEPA2001_2024/src/install/ngc_interfaces/lib/python3.12/site-packages/ngc_interfaces/msg/_thruster_signals.py
[4.122s] -- Up-to-date: /home/alfred/shared_mac/MEPA2001_2024/src/install/ngc_interfaces/lib/python3.12/site-packages/ngc_interfaces/msg/_gnss_s.c
[4.123s] -- Up-to-date: /home/alfred/shared_mac/MEPA2001_2024/src/install/ngc_interfaces/lib/python3.12/site-packages/ngc_interfaces/msg/_tau_s.c
[4.125s] -- Up-to-date: /home/alfred/shared_mac/MEPA2001_2024/src/install/ngc_interfaces/lib/python3.12/site-packages/ngc_interfaces/msg/_nu.py
[4.127s] -- Up-to-date: /home/alfred/shared_mac/MEPA2001_2024/src/install/ngc_interfaces/lib/python3.12/site-packages/ngc_interfaces/msg/_gnss.py
[4.128s] -- Up-to-date: /home/alfred/shared_mac/MEPA2001_2024/src/install/ngc_interfaces/lib/python3.12/site-packages/ngc_interfaces/__init__.py
[4.128s] -- Up-to-date: /home/alfred/shared_mac/MEPA2001_2024/src/install/ngc_interfaces/lib/python3.12/site-packages/ngc_interfaces/_ngc_interfaces_s.ep.rosidl_typesupport_fastrtps_c.c
[4.130s] -- Up-to-date: /home/alfred/shared_mac/MEPA2001_2024/src/install/ngc_interfaces/lib/python3.12/site-packages/ngc_interfaces/ngc_interfaces_s__rosidl_typesupport_c.so
[4.138s] -- Up-to-date: /home/alfred/shared_mac/MEPA2001_2024/src/install/ngc_interfaces/lib/python3.12/site-packages/ngc_interfaces/_ngc_interfaces_s.ep.rosidl_typesupport_introspection_c.c
[4.145s] -- Up-to-date: /home/alfred/shared_mac/MEPA2001_2024/src/install/ngc_interfaces/lib/python3.12/site-packages/ngc_interfaces/ngc_interfaces_s__rosidl_typesupport_introspection_c.so
[4.147s] -- Up-to-date: /home/alfred/shared_mac/MEPA2001_2024/src/install/ngc_interfaces/lib/python3.12/site-packages/ngc_interfaces/_ngc_interfaces_s.ep.rosidl_typesupport_c.c
[4.293s] Listing '/home/alfred/shared_mac/MEPA2001_2024/src/install/ngc_interfaces/lib/python3.12/site-packages/ngc_interfaces'...
[4.294s] Listing '/home/alfred/shared_mac/MEPA2001_2024/src/install/ngc_interfaces/lib/python3.12/site-packages/ngc_interfaces/msg'...
[4.299s] -- Up-to-date: /home/alfred/shared_mac/MEPA2001_2024/src/install/ngc_interfaces/lib/python3.12/site-packages/ngc_interfaces/ngc_interfaces_s__rosidl_typesupport_fastrtps_c.so
[4.327s] -- Up-to-date: /home/alfred/shared_mac/MEPA2001_2024/src/install/ngc_interfaces/lib/python3.12/site-packages/ngc_interfaces/ngc_interfaces_s__rosidl_typesupport_introspection_c.so
[4.365s] -- Up-to-date: /home/alfred/shared_mac/MEPA2001_2024/src/install/ngc_interfaces/lib/python3.12/site-packages/ngc_interfaces/ngc_interfaces_s__rosidl_typesupport_c.so
[4.397s] -- Up-to-date: /home/alfred/shared_mac/MEPA2001_2024/src/install/ngc_interfaces/lib/libngc_interfaces__rosidl_generator_py.so
[4.415s] -- Up-to-date: /home/alfred/shared_mac/MEPA2001_2024/src/install/ngc_interfaces/share/ngc_interfaces/msg/Eta.idl
[4.417s] -- Up-to-date: /home/alfred/shared_mac/MEPA2001_2024/src/install/ngc_interfaces/share/ngc_interfaces/msg/Nu.idl
[4.427s] -- Up-to-date: /home/alfred/shared_mac/MEPA2001_2024/src/install/ngc_interfaces/share/ngc_interfaces/msg/NuDot.idl
[4.432s] -- Up-to-date: /home/alfred/shared_mac/MEPA2001_2024/src/install/ngc_interfaces/share/ngc_interfaces/msg/Tau.idl
[4.436s] -- Up-to-date: /home/alfred/shared_mac/MEPA2001_2024/src/install/ngc_interfaces/share/ngc_interfaces/msg/Wind.idl
[4.439s] -- Up-to-date: /home/alfred/shared_mac/MEPA2001_2024/src/install/ngc_interfaces/share/ngc_interfaces/msg/ThrusterSignals.idl
[4.440s] -- Up-to-date: /home/alfred/shared_mac/MEPA2001_2024/src/install/ngc_interfaces/share/ngc_interfaces/msg/GNSS.idl
[4.441s] -- Up-to-date: /home/alfred/shared_mac/MEPA2001_2024/src/install/ngc_interfaces/share/ngc_interfaces/msg/HeadingDevice.idl
[4.441s] -- Up-to-date: /home/alfred/shared_mac/MEPA2001_2024/src/install/ngc_interfaces/share/ngc_interfaces/msg/Eta.msg
[4.441s] -- Up-to-date: /home/alfred/shared_mac/MEPA2001_2024/src/install/ngc_interfaces/share/ngc_interfaces/msg/Nu.msg
[4.447s] -- Up-to-date: /home/alfred/shared_mac/MEPA2001_2024/src/install/ngc_interfaces/share/ngc_interfaces/msg/NuDot.msg
[4.448s] -- Up-to-date: /home/alfred/shared_mac/MEPA2001_2024/src/install/ngc_interfaces/share/ngc_interfaces/msg/Tau.msg
[4.449s] -- Up-to-date: /home/alfred/shared_mac/MEPA2001_2024/src/install/ngc_interfaces/share/ngc_interfaces/msg/Wind.msg
[4.457s] -- Up-to-date: /home/alfred/shared_mac/MEPA2001_2024/src/install/ngc_interfaces/share/ngc_interfaces/msg/ThrusterSignals.msg
[4.460s] -- Up-to-date: /home/alfred/shared_mac/MEPA2001_2024/src/install/ngc_interfaces/share/ngc_interfaces/msg/GNSS.msg
[4.462s] -- Up-to-date: /home/alfred/shared_mac/MEPA2001_2024/src/install/ngc_interfaces/share/ngc_interfaces/msg/HeadingDevice.msg
[4.467s] -- Up-to-date: /home/alfred/shared_mac/MEPA2001_2024/src/install/ngc_interfaces/share/ament_index/resource_index/package_run_dependencies/ngc_interfaces
[4.473s] -- Up-to-date: /home/alfred/shared_mac/MEPA2001_2024/src/install/ngc_interfaces/share/ament_index/resource_index/parent_prefix_path/ngc_interfaces
[4.474s] -- Up-to-date: /home/alfred/shared_mac/MEPA2001_2024/src/install/ngc_interfaces/share/ngc_interfaces/environment/ament_prefix_path.sh
[4.477s] -- Up-to-date: /home/alfred/shared_mac/MEPA2001_2024/src/install/ngc_interfaces/share/ngc_interfaces/environment/ament_prefix_path.dsv
[4.481s] -- Up-to-date: /home/alfred/shared_mac/MEPA2001_2024/src/install/ngc_interfaces/share/ngc_interfaces/environment/path.sh
[4.481s] -- Up-to-date: /home/alfred/shared_mac/MEPA2001_2024/src/install/ngc_interfaces/share/ngc_interfaces/environment/path.dsv
[4.483s] -- Up-to-date: /home/alfred/shared_mac/MEPA2001_2024/src/install/ngc_interfaces/share/ngc_interfaces/local_setup.bash
[4.484s] -- Up-to-date: /home/alfred/shared_mac/MEPA2001_2024/src/install/ngc_interfaces/share/ngc_interfaces/local_setup.sh
[4.484s] -- Up-to-date: /home/alfred/shared_mac/MEPA2001_2024/src/install/ngc_interfaces/share/ngc_interfaces/local_setup.zsh
[4.485s] -- Up-to-date: /home/alfred/shared_mac/MEPA2001_2024/src/install/ngc_interfaces/share/ngc_interfaces/local_setup.dsv
[4.486s] -- Installing: /home/alfred/shared_mac/MEPA2001_2024/src/install/ngc_interfaces/share/ngc_interfaces/package.dsv
[4.488s] -- Up-to-date: /home/alfred/shared_mac/MEPA2001_2024/src/install/ngc_interfaces/share/ament_index/resource_index/packages/ngc_interfaces
[4.490s] -- Up-to-date: /home/alfred/shared_mac/MEPA2001_2024/src/install/ngc_interfaces/share/ngc_interfaces/cmake/export_ngc_interfaces__rosidl_generator_cExport.cmake
[4.492s] -- Up-to-date: /home/alfred/shared_mac/MEPA2001_2024/src/install/ngc_interfaces/share/ngc_interfaces/cmake/export_ngc_interfaces__rosidl_generator_cExport-noconfig.cmake
[4.495s] -- Up-to-date: /home/alfred/shared_mac/MEPA2001_2024/src/install/ngc_interfaces/share/ngc_interfaces/cmake/export_ngc_interfaces__rosidl_typesupport_fastrtps_cExport.cmake
[4.496s] -- Up-to-date: /home/alfred/shared_mac/MEPA2001_2024/src/install/ngc_interfaces/share/ngc_interfaces/cmake/export_ngc_interfaces__rosidl_typesupport_fastrtps_cExport-noconfig.cmake
[4.499s] -- Up-to-date: /home/alfred/shared_mac/MEPA2001_2024/src/install/ngc_interfaces/share/ngc_interfaces/cmake/ngc_interfaces__rosidl_typesupport_introspection_cExport.cmake
[4.501s] -- Up-to-date: /home/alfred/shared_mac/MEPA2001_2024/src/install/ngc_interfaces/share/ngc_interfaces/cmake/ngc_interfaces__rosidl_typesupport_introspection_cExport-noconfig.cmake
[4.506s] -- Up-to-date: /home/alfred/shared_mac/MEPA2001_2024/src/install/ngc_interfaces/share/ngc_interfaces/cmake/ngc_interfaces__rosidl_typesupport_cExport.cmake
[4.509s] -- Up-to-date: /home/alfred/shared_mac/MEPA2001_2024/src/install/ngc_interfaces/share/ngc_interfaces/cmake/ngc_interfaces__rosidl_typesupport_cExport-noconfig.cmake
[4.529s] -- Up-to-date: /home/alfred/shared_mac/MEPA2001_2024/src/install/ngc_interfaces/share/ngc_interfaces/cmake/export_ngc_interfaces__rosidl_generator_cppExport.cmake
[4.534s] -- Up-to-date: /home/alfred/shared_mac/MEPA2001_2024/src/install/ngc_interfaces/share/ngc_interfaces/cmake/export_ngc_interfaces__rosidl_typesupport_fastrtps_cppExport.cmake
[4.537s] -- Up-to-date: /home/alfred/shared_mac/MEPA2001_2024/src/install/ngc_interfaces/share/ngc_interfaces/cmake/export_ngc_interfaces__rosidl_typesupport_fastrtps_cppExport-noconfig.cmake
[4.547s] -- Up-to-date: /home/alfred/shared_mac/MEPA2001_2024/src/install/ngc_interfaces/share/ngc_interfaces/cmake/ngc_interfaces__rosidl_typesupport_introspection_cppExport.cmake
[4.548s] -- Up-to-date: /home/alfred/shared_mac/MEPA2001_2024/src/install/ngc_interfaces/share/ngc_interfaces/cmake/ngc_interfaces__rosidl_typesupport_introspection_cppExport-noconfig.cmake
[4.556s] -- Up-to-date: /home/alfred/shared_mac/MEPA2001_2024/src/install/ngc_interfaces/share/ngc_interfaces/cmake/ngc_interfaces__rosidl_typesupport_cppExport.cmake
[4.560s] -- Up-to-date: /home/alfred/shared_mac/MEPA2001_2024/src/install/ngc_interfaces/share/ngc_interfaces/cmake/ngc_interfaces__rosidl_typesupport_cppExport-noconfig.cmake
[4.565s] -- Up-to-date: /home/alfred/shared_mac/MEPA2001_2024/src/install/ngc_interfaces/share/ngc_interfaces/cmake/export_ngc_interfaces__rosidl_generator_pyExport.cmake
[4.569s] -- Up-to-date: /home/alfred/shared_mac/MEPA2001_2024/src/install/ngc_interfaces/share/ngc_interfaces/cmake/export_ngc_interfaces__rosidl_generator_pyExport-noconfig.cmake
[4.571s] -- Up-to-date: /home/alfred/shared_mac/MEPA2001_2024/src/install/ngc_interfaces/share/ngc_interfaces/cmake/rosidl_cmake-extras.cmake
[4.572s] -- Up-to-date: /home/alfred/shared_mac/MEPA2001_2024/src/install/ngc_interfaces/share/ngc_interfaces/cmake/ament_cmake_export_include_directories-extras.cmake
[4.574s] -- Up-to-date: /home/alfred/shared_mac/MEPA2001_2024/src/install/ngc_interfaces/share/ngc_interfaces/cmake/ament_cmake_export_libraries-extras.cmake
[4.575s] -- Up-to-date: /home/alfred/shared_mac/MEPA2001_2024/src/install/ngc_interfaces/share/ngc_interfaces/cmake/ament_cmake_export_targets-extras.cmake
[4.576s] -- Up-to-date: /home/alfred/shared_mac/MEPA2001_2024/src/install/ngc_interfaces/share/ngc_interfaces/cmake/rosidl_cmake_export_typesupport_targets-extras.cmake
[4.578s] -- Up-to-date: /home/alfred/shared_mac/MEPA2001_2024/src/install/ngc_interfaces/share/ngc_interfaces/cmake/ament_cmake_export_dependencies-extras.cmake
[4.579s] -- Up-to-date: /home/alfred/shared_mac/MEPA2001_2024/src/install/ngc_interfaces/share/ngc_interfaces/cmake/rosidl_cmake_export_typesupport_libraries-extras.cmake
[4.581s] -- Up-to-date: /home/alfred/shared_mac/MEPA2001_2024/src/install/ngc_interfaces/share/ngc_interfaces/cmake/ngc_interfacesConfig.cmake
[4.583s] -- Up-to-date: /home/alfred/shared_mac/MEPA2001_2024/src/install/ngc_interfaces/share/ngc_interfaces/cmake/ngc_interfacesConfig-version.cmake
[4.584s] -- Up-to-date: /home/alfred/shared_mac/MEPA2001_2024/src/install/ngc_interfaces/share/ngc_interfaces/package.xml
[4.593s] Invoked command in '/home/alfred/shared_mac/MEPA2001_2024/src/build/ngc_interfaces' returned '0': CMAKE_PREFIX_PATH=${CMAKE_PREFIX_PATH}:/home/alfred/shared_mac/MEPA2001_2024/src/install/ngc_hull_sim:/home/alfred/shared_mac/MEPA2001_2024/src/install/ngc_utils:/home/alfred/shared_mac/MEPA2001_2024/src/install/ngc_sensor_sims:/home/alfred/shared_mac/MEPA2001_2024/src/install/ngc_propulsion_sim:/home/alfred/shared_mac/MEPA2001_2024/src/install/ngc_hmi:/home/alfred/shared_mac/MEPA2001_2024/src/install/kontrolsystem:/opt/ros/jazzy DEBUGINFOD_URLS=https://debuginfod.ubuntu.com /usr/bin/cmake --install /home/alfred/shared_mac/MEPA2001_2024/src/build/ngc_interfaces
