-- The C compiler identification is GNU 13.2.0
-- The CXX compiler identification is GNU 13.2.0
-- Detecting C compiler ABI info
-- Detecting C compiler ABI info - done
-- Check for working C compiler: /usr/bin/cc - skipped
-- Detecting C compile features
-- Detecting C compile features - done
-- Detecting CXX compiler ABI info
-- Detecting CXX compiler ABI info - done
-- Check for working CXX compiler: /usr/bin/c++ - skipped
-- Detecting CXX compile features
-- Detecting CXX compile features - done
-- Found ament_cmake: 2.5.2 (/opt/ros/jazzy/share/ament_cmake/cmake)
-- Found Python3: /usr/bin/python3 (found version "3.12.3") found components: Interpreter 
-- Configuring done (2.7s)
-- Generating done (0.1s)
-- Build files have been written to: /home/alfred/shared_mac/Mekatronikk3/src/build/ngc_bringup
gmake: Advarsel: Filen "Makefile" har modifikationstidspunkt 14 s i fremtiden
gmake[1]: Advarsel: Filen "CMakeFiles/Makefile2" har modifikationstidspunkt 14 s i fremtiden
gmake[1]: advarsel: Der blev registreret en uoverensstemmelse i urets tid. Din kompilering kan være ufuldstændig.
gmake: advarsel: Der blev registreret en uoverensstemmelse i urets tid. Din kompilering kan være ufuldstændig.
-- Install configuration: ""
-- Installing: /home/alfred/shared_mac/Mekatronikk3/src/install/ngc_bringup/share/ngc_bringup/launch
-- Installing: /home/alfred/shared_mac/Mekatronikk3/src/install/ngc_bringup/share/ngc_bringup/launch/ngc.launch.py
-- Installing: /home/alfred/shared_mac/Mekatronikk3/src/install/ngc_bringup/share/ngc_bringup/config
-- Installing: /home/alfred/shared_mac/Mekatronikk3/src/install/ngc_bringup/share/ngc_bringup/config/PlotJuggler_layout.xml
-- Installing: /home/alfred/shared_mac/Mekatronikk3/src/install/ngc_bringup/share/ngc_bringup/config/layout.yaml
-- Installing: /home/alfred/shared_mac/Mekatronikk3/src/install/ngc_bringup/share/ngc_bringup/config/vessel_config.yaml
-- Installing: /home/alfred/shared_mac/Mekatronikk3/src/install/ngc_bringup/share/ngc_bringup/config/PlotJuggler_layout_nu_eta_thrust.xml
-- Installing: /home/alfred/shared_mac/Mekatronikk3/src/install/ngc_bringup/share/ngc_bringup/config/control_config.yaml
-- Installing: /home/alfred/shared_mac/Mekatronikk3/src/install/ngc_bringup/share/ngc_bringup/config/propulsion_config.yaml
-- Installing: /home/alfred/shared_mac/Mekatronikk3/src/install/ngc_bringup/share/ngc_bringup/config/sensor_config.yaml
-- Installing: /home/alfred/shared_mac/Mekatronikk3/src/install/ngc_bringup/share/ngc_bringup/config/simulator_config.yaml
-- Installing: /home/alfred/shared_mac/Mekatronikk3/src/install/ngc_bringup/share/ament_index/resource_index/package_run_dependencies/ngc_bringup
-- Installing: /home/alfred/shared_mac/Mekatronikk3/src/install/ngc_bringup/share/ament_index/resource_index/parent_prefix_path/ngc_bringup
-- Installing: /home/alfred/shared_mac/Mekatronikk3/src/install/ngc_bringup/share/ngc_bringup/environment/ament_prefix_path.sh
-- Installing: /home/alfred/shared_mac/Mekatronikk3/src/install/ngc_bringup/share/ngc_bringup/environment/ament_prefix_path.dsv
-- Installing: /home/alfred/shared_mac/Mekatronikk3/src/install/ngc_bringup/share/ngc_bringup/environment/path.sh
-- Installing: /home/alfred/shared_mac/Mekatronikk3/src/install/ngc_bringup/share/ngc_bringup/environment/path.dsv
-- Installing: /home/alfred/shared_mac/Mekatronikk3/src/install/ngc_bringup/share/ngc_bringup/local_setup.bash
-- Installing: /home/alfred/shared_mac/Mekatronikk3/src/install/ngc_bringup/share/ngc_bringup/local_setup.sh
-- Installing: /home/alfred/shared_mac/Mekatronikk3/src/install/ngc_bringup/share/ngc_bringup/local_setup.zsh
-- Installing: /home/alfred/shared_mac/Mekatronikk3/src/install/ngc_bringup/share/ngc_bringup/local_setup.dsv
-- Installing: /home/alfred/shared_mac/Mekatronikk3/src/install/ngc_bringup/share/ngc_bringup/package.dsv
-- Installing: /home/alfred/shared_mac/Mekatronikk3/src/install/ngc_bringup/share/ament_index/resource_index/packages/ngc_bringup
-- Installing: /home/alfred/shared_mac/Mekatronikk3/src/install/ngc_bringup/share/ngc_bringup/cmake/ngc_bringupConfig.cmake
-- Installing: /home/alfred/shared_mac/Mekatronikk3/src/install/ngc_bringup/share/ngc_bringup/cmake/ngc_bringupConfig-version.cmake
-- Installing: /home/alfred/shared_mac/Mekatronikk3/src/install/ngc_bringup/share/ngc_bringup/package.xml
