[0.091s] Invoking command in '/home/alfred/shared_mac/Mekatronikk3/src/build/ngc_bringup': CMAKE_PREFIX_PATH=${CMAKE_PREFIX_PATH}:/home/alfred/shared_mac/Mekatronikk3/src/install/ngc_hull_sim:/home/alfred/shared_mac/Mekatronikk3/src/install/ngc_utils:/home/alfred/shared_mac/Mekatronikk3/src/install/ngc_sensor_sims:/home/alfred/shared_mac/Mekatronikk3/src/install/ngc_propulsion_sim:/home/alfred/shared_mac/Mekatronikk3/src/install/ngc_hmi:/home/alfred/shared_mac/Mekatronikk3/src/install/kontrolsystem:/opt/ros/jazzy DEBUGINFOD_URLS=https://debuginfod.ubuntu.com /usr/bin/cmake /home/alfred/shared_mac/Mekatronikk3/src/ngc_bringup -DCMAKE_INSTALL_PREFIX=/home/alfred/shared_mac/Mekatronikk3/src/install/ngc_bringup
[0.767s] -- The C compiler identification is GNU 13.2.0
[0.769s] -- The CXX compiler identification is GNU 13.2.0
[0.770s] -- Detecting C compiler ABI info
[0.975s] -- Detecting C compiler ABI info - done
[1.022s] -- Check for working C compiler: /usr/bin/cc - skipped
[1.023s] -- Detecting C compile features
[1.024s] -- Detecting C compile features - done
[1.051s] -- Detecting CXX compiler ABI info
[1.471s] -- Detecting CXX compiler ABI info - done
[1.513s] -- Check for working CXX compiler: /usr/bin/c++ - skipped
[1.514s] -- Detecting CXX compile features
[1.516s] -- Detecting CXX compile features - done
[1.553s] -- Found ament_cmake: 2.5.2 (/opt/ros/jazzy/share/ament_cmake/cmake)
[1.912s] -- Found Python3: /usr/bin/python3 (found version "3.12.3") found components: Interpreter 
[2.854s] -- Configuring done (2.7s)
[2.955s] -- Generating done (0.1s)
[2.986s] -- Build files have been written to: /home/alfred/shared_mac/Mekatronikk3/src/build/ngc_bringup
[3.000s] Invoked command in '/home/alfred/shared_mac/Mekatronikk3/src/build/ngc_bringup' returned '0': CMAKE_PREFIX_PATH=${CMAKE_PREFIX_PATH}:/home/alfred/shared_mac/Mekatronikk3/src/install/ngc_hull_sim:/home/alfred/shared_mac/Mekatronikk3/src/install/ngc_utils:/home/alfred/shared_mac/Mekatronikk3/src/install/ngc_sensor_sims:/home/alfred/shared_mac/Mekatronikk3/src/install/ngc_propulsion_sim:/home/alfred/shared_mac/Mekatronikk3/src/install/ngc_hmi:/home/alfred/shared_mac/Mekatronikk3/src/install/kontrolsystem:/opt/ros/jazzy DEBUGINFOD_URLS=https://debuginfod.ubuntu.com /usr/bin/cmake /home/alfred/shared_mac/Mekatronikk3/src/ngc_bringup -DCMAKE_INSTALL_PREFIX=/home/alfred/shared_mac/Mekatronikk3/src/install/ngc_bringup
[3.011s] Invoking command in '/home/alfred/shared_mac/Mekatronikk3/src/build/ngc_bringup': CMAKE_PREFIX_PATH=${CMAKE_PREFIX_PATH}:/home/alfred/shared_mac/Mekatronikk3/src/install/ngc_hull_sim:/home/alfred/shared_mac/Mekatronikk3/src/install/ngc_utils:/home/alfred/shared_mac/Mekatronikk3/src/install/ngc_sensor_sims:/home/alfred/shared_mac/Mekatronikk3/src/install/ngc_propulsion_sim:/home/alfred/shared_mac/Mekatronikk3/src/install/ngc_hmi:/home/alfred/shared_mac/Mekatronikk3/src/install/kontrolsystem:/opt/ros/jazzy DEBUGINFOD_URLS=https://debuginfod.ubuntu.com /usr/bin/cmake --build /home/alfred/shared_mac/Mekatronikk3/src/build/ngc_bringup -- -j4 -l4
[3.061s] gmake: Advarsel: Filen "Makefile" har modifikationstidspunkt 14 s i fremtiden
[3.139s] gmake[1]: Advarsel: Filen "CMakeFiles/Makefile2" har modifikationstidspunkt 14 s i fremtiden
[3.140s] gmake[1]: advarsel: Der blev registreret en uoverensstemmelse i urets tid. Din kompilering kan være ufuldstændig.
[3.171s] gmake: advarsel: Der blev registreret en uoverensstemmelse i urets tid. Din kompilering kan være ufuldstændig.
[3.177s] Invoked command in '/home/alfred/shared_mac/Mekatronikk3/src/build/ngc_bringup' returned '0': CMAKE_PREFIX_PATH=${CMAKE_PREFIX_PATH}:/home/alfred/shared_mac/Mekatronikk3/src/install/ngc_hull_sim:/home/alfred/shared_mac/Mekatronikk3/src/install/ngc_utils:/home/alfred/shared_mac/Mekatronikk3/src/install/ngc_sensor_sims:/home/alfred/shared_mac/Mekatronikk3/src/install/ngc_propulsion_sim:/home/alfred/shared_mac/Mekatronikk3/src/install/ngc_hmi:/home/alfred/shared_mac/Mekatronikk3/src/install/kontrolsystem:/opt/ros/jazzy DEBUGINFOD_URLS=https://debuginfod.ubuntu.com /usr/bin/cmake --build /home/alfred/shared_mac/Mekatronikk3/src/build/ngc_bringup -- -j4 -l4
[3.305s] Invoking command in '/home/alfred/shared_mac/Mekatronikk3/src/build/ngc_bringup': CMAKE_PREFIX_PATH=${CMAKE_PREFIX_PATH}:/home/alfred/shared_mac/Mekatronikk3/src/install/ngc_hull_sim:/home/alfred/shared_mac/Mekatronikk3/src/install/ngc_utils:/home/alfred/shared_mac/Mekatronikk3/src/install/ngc_sensor_sims:/home/alfred/shared_mac/Mekatronikk3/src/install/ngc_propulsion_sim:/home/alfred/shared_mac/Mekatronikk3/src/install/ngc_hmi:/home/alfred/shared_mac/Mekatronikk3/src/install/kontrolsystem:/opt/ros/jazzy DEBUGINFOD_URLS=https://debuginfod.ubuntu.com /usr/bin/cmake --install /home/alfred/shared_mac/Mekatronikk3/src/build/ngc_bringup
[3.346s] -- Install configuration: ""
[3.349s] -- Installing: /home/alfred/shared_mac/Mekatronikk3/src/install/ngc_bringup/share/ngc_bringup/launch
[3.353s] -- Installing: /home/alfred/shared_mac/Mekatronikk3/src/install/ngc_bringup/share/ngc_bringup/launch/ngc.launch.py
[3.377s] -- Installing: /home/alfred/shared_mac/Mekatronikk3/src/install/ngc_bringup/share/ngc_bringup/config
[3.379s] -- Installing: /home/alfred/shared_mac/Mekatronikk3/src/install/ngc_bringup/share/ngc_bringup/config/PlotJuggler_layout.xml
[3.384s] -- Installing: /home/alfred/shared_mac/Mekatronikk3/src/install/ngc_bringup/share/ngc_bringup/config/layout.yaml
[3.406s] -- Installing: /home/alfred/shared_mac/Mekatronikk3/src/install/ngc_bringup/share/ngc_bringup/config/vessel_config.yaml
[3.414s] -- Installing: /home/alfred/shared_mac/Mekatronikk3/src/install/ngc_bringup/share/ngc_bringup/config/PlotJuggler_layout_nu_eta_thrust.xml
[3.420s] -- Installing: /home/alfred/shared_mac/Mekatronikk3/src/install/ngc_bringup/share/ngc_bringup/config/control_config.yaml
[3.425s] -- Installing: /home/alfred/shared_mac/Mekatronikk3/src/install/ngc_bringup/share/ngc_bringup/config/propulsion_config.yaml
[3.430s] -- Installing: /home/alfred/shared_mac/Mekatronikk3/src/install/ngc_bringup/share/ngc_bringup/config/sensor_config.yaml
[3.435s] -- Installing: /home/alfred/shared_mac/Mekatronikk3/src/install/ngc_bringup/share/ngc_bringup/config/simulator_config.yaml
[3.472s] -- Installing: /home/alfred/shared_mac/Mekatronikk3/src/install/ngc_bringup/share/ament_index/resource_index/package_run_dependencies/ngc_bringup
[3.537s] -- Installing: /home/alfred/shared_mac/Mekatronikk3/src/install/ngc_bringup/share/ament_index/resource_index/parent_prefix_path/ngc_bringup
[3.542s] -- Installing: /home/alfred/shared_mac/Mekatronikk3/src/install/ngc_bringup/share/ngc_bringup/environment/ament_prefix_path.sh
[3.550s] -- Installing: /home/alfred/shared_mac/Mekatronikk3/src/install/ngc_bringup/share/ngc_bringup/environment/ament_prefix_path.dsv
[3.553s] -- Installing: /home/alfred/shared_mac/Mekatronikk3/src/install/ngc_bringup/share/ngc_bringup/environment/path.sh
[3.556s] -- Installing: /home/alfred/shared_mac/Mekatronikk3/src/install/ngc_bringup/share/ngc_bringup/environment/path.dsv
[3.560s] -- Installing: /home/alfred/shared_mac/Mekatronikk3/src/install/ngc_bringup/share/ngc_bringup/local_setup.bash
[3.575s] -- Installing: /home/alfred/shared_mac/Mekatronikk3/src/install/ngc_bringup/share/ngc_bringup/local_setup.sh
[3.586s] -- Installing: /home/alfred/shared_mac/Mekatronikk3/src/install/ngc_bringup/share/ngc_bringup/local_setup.zsh
[3.594s] -- Installing: /home/alfred/shared_mac/Mekatronikk3/src/install/ngc_bringup/share/ngc_bringup/local_setup.dsv
[3.608s] -- Installing: /home/alfred/shared_mac/Mekatronikk3/src/install/ngc_bringup/share/ngc_bringup/package.dsv
[3.623s] -- Installing: /home/alfred/shared_mac/Mekatronikk3/src/install/ngc_bringup/share/ament_index/resource_index/packages/ngc_bringup
[3.627s] -- Installing: /home/alfred/shared_mac/Mekatronikk3/src/install/ngc_bringup/share/ngc_bringup/cmake/ngc_bringupConfig.cmake
[3.631s] -- Installing: /home/alfred/shared_mac/Mekatronikk3/src/install/ngc_bringup/share/ngc_bringup/cmake/ngc_bringupConfig-version.cmake
[3.642s] -- Installing: /home/alfred/shared_mac/Mekatronikk3/src/install/ngc_bringup/share/ngc_bringup/package.xml
[3.644s] Invoked command in '/home/alfred/shared_mac/Mekatronikk3/src/build/ngc_bringup' returned '0': CMAKE_PREFIX_PATH=${CMAKE_PREFIX_PATH}:/home/alfred/shared_mac/Mekatronikk3/src/install/ngc_hull_sim:/home/alfred/shared_mac/Mekatronikk3/src/install/ngc_utils:/home/alfred/shared_mac/Mekatronikk3/src/install/ngc_sensor_sims:/home/alfred/shared_mac/Mekatronikk3/src/install/ngc_propulsion_sim:/home/alfred/shared_mac/Mekatronikk3/src/install/ngc_hmi:/home/alfred/shared_mac/Mekatronikk3/src/install/kontrolsystem:/opt/ros/jazzy DEBUGINFOD_URLS=https://debuginfod.ubuntu.com /usr/bin/cmake --install /home/alfred/shared_mac/Mekatronikk3/src/build/ngc_bringup
