[0.138s] DEBUG:colcon:Command line arguments: ['/usr/bin/colcon', 'build']
[0.139s] DEBUG:colcon:Parsed command line arguments: Namespace(log_base=None, log_level=None, verb_name='build', build_base='build', install_base='install', merge_install=False, symlink_install=False, test_result_base=None, continue_on_error=False, executor='parallel', parallel_workers=4, event_handlers=None, ignore_user_meta=False, metas=['./colcon.meta'], base_paths=['.'], packages_ignore=None, packages_ignore_regex=None, paths=None, packages_up_to=None, packages_up_to_regex=None, packages_above=None, packages_above_and_dependencies=None, packages_above_depth=None, packages_select_by_dep=None, packages_skip_by_dep=None, packages_skip_up_to=None, packages_select_build_failed=False, packages_skip_build_finished=False, packages_select_test_failures=False, packages_skip_test_passed=False, packages_select=None, packages_skip=None, packages_select_regex=None, packages_skip_regex=None, packages_start=None, packages_end=None, cmake_args=None, cmake_target=None, cmake_target_skip_unavailable=False, cmake_clean_cache=False, cmake_clean_first=False, cmake_force_configure=False, ament_cmake_args=None, catkin_cmake_args=None, catkin_skip_building_tests=False, verb_parser=<colcon_defaults.argument_parser.defaults.DefaultArgumentsDecorator object at 0x7492b8e02de0>, verb_extension=<colcon_core.verb.build.BuildVerb object at 0x7492b8e02c90>, main=<bound method BuildVerb.main of <colcon_core.verb.build.BuildVerb object at 0x7492b8e02c90>>)
[0.187s] Level 1:colcon.colcon_core.package_discovery:discover_packages(colcon_meta) check parameters
[0.188s] Level 1:colcon.colcon_core.package_discovery:discover_packages(recursive) check parameters
[0.188s] Level 1:colcon.colcon_core.package_discovery:discover_packages(ignore) check parameters
[0.188s] Level 1:colcon.colcon_core.package_discovery:discover_packages(path) check parameters
[0.189s] Level 1:colcon.colcon_core.package_discovery:discover_packages(colcon_meta) discover
[0.189s] Level 1:colcon.colcon_core.package_discovery:discover_packages(recursive) discover
[0.189s] INFO:colcon.colcon_core.package_discovery:Crawling recursively for packages in '/home/alfred/shared_mac/MEPA2001_2024/src'
[0.190s] Level 1:colcon.colcon_core.package_identification:_identify(.) by extensions ['ignore', 'ignore_ament_install']
[0.191s] Level 1:colcon.colcon_core.package_identification:_identify(.) by extension 'ignore'
[0.191s] Level 1:colcon.colcon_core.package_identification:_identify(.) by extension 'ignore_ament_install'
[0.192s] Level 1:colcon.colcon_core.package_identification:_identify(.) by extensions ['colcon_pkg']
[0.192s] Level 1:colcon.colcon_core.package_identification:_identify(.) by extension 'colcon_pkg'
[0.192s] Level 1:colcon.colcon_core.package_identification:_identify(.) by extensions ['colcon_meta']
[0.192s] Level 1:colcon.colcon_core.package_identification:_identify(.) by extension 'colcon_meta'
[0.193s] Level 1:colcon.colcon_core.package_identification:_identify(.) by extensions ['ros']
[0.193s] Level 1:colcon.colcon_core.package_identification:_identify(.) by extension 'ros'
[0.229s] Level 1:colcon.colcon_core.package_identification:_identify(.) by extensions ['cmake', 'python']
[0.230s] Level 1:colcon.colcon_core.package_identification:_identify(.) by extension 'cmake'
[0.231s] Level 1:colcon.colcon_core.package_identification:_identify(.) by extension 'python'
[0.231s] Level 1:colcon.colcon_core.package_identification:_identify(.) by extensions ['python_setup_py']
[0.231s] Level 1:colcon.colcon_core.package_identification:_identify(.) by extension 'python_setup_py'
[0.233s] Level 1:colcon.colcon_core.package_identification:_identify(build) by extensions ['ignore', 'ignore_ament_install']
[0.233s] Level 1:colcon.colcon_core.package_identification:_identify(build) by extension 'ignore'
[0.233s] Level 1:colcon.colcon_core.package_identification:_identify(build) ignored
[0.234s] Level 1:colcon.colcon_core.package_identification:_identify(install) by extensions ['ignore', 'ignore_ament_install']
[0.235s] Level 1:colcon.colcon_core.package_identification:_identify(install) by extension 'ignore'
[0.235s] Level 1:colcon.colcon_core.package_identification:_identify(install) ignored
[0.236s] Level 1:colcon.colcon_core.package_identification:_identify(kontrolsystem) by extensions ['ignore', 'ignore_ament_install']
[0.236s] Level 1:colcon.colcon_core.package_identification:_identify(kontrolsystem) by extension 'ignore'
[0.236s] Level 1:colcon.colcon_core.package_identification:_identify(kontrolsystem) by extension 'ignore_ament_install'
[0.237s] Level 1:colcon.colcon_core.package_identification:_identify(kontrolsystem) by extensions ['colcon_pkg']
[0.237s] Level 1:colcon.colcon_core.package_identification:_identify(kontrolsystem) by extension 'colcon_pkg'
[0.237s] Level 1:colcon.colcon_core.package_identification:_identify(kontrolsystem) by extensions ['colcon_meta']
[0.237s] Level 1:colcon.colcon_core.package_identification:_identify(kontrolsystem) by extension 'colcon_meta'
[0.238s] Level 1:colcon.colcon_core.package_identification:_identify(kontrolsystem) by extensions ['ros']
[0.238s] Level 1:colcon.colcon_core.package_identification:_identify(kontrolsystem) by extension 'ros'
[0.241s] DEBUG:colcon.colcon_core.package_identification:Package 'kontrolsystem' with type 'ros.ament_python' and name 'kontrolsystem'
[0.242s] Level 1:colcon.colcon_core.package_identification:_identify(log) by extensions ['ignore', 'ignore_ament_install']
[0.243s] Level 1:colcon.colcon_core.package_identification:_identify(log) by extension 'ignore'
[0.243s] Level 1:colcon.colcon_core.package_identification:_identify(log) ignored
[0.244s] Level 1:colcon.colcon_core.package_identification:_identify(ngc_bringup) by extensions ['ignore', 'ignore_ament_install']
[0.244s] Level 1:colcon.colcon_core.package_identification:_identify(ngc_bringup) by extension 'ignore'
[0.245s] Level 1:colcon.colcon_core.package_identification:_identify(ngc_bringup) by extension 'ignore_ament_install'
[0.245s] Level 1:colcon.colcon_core.package_identification:_identify(ngc_bringup) by extensions ['colcon_pkg']
[0.245s] Level 1:colcon.colcon_core.package_identification:_identify(ngc_bringup) by extension 'colcon_pkg'
[0.246s] Level 1:colcon.colcon_core.package_identification:_identify(ngc_bringup) by extensions ['colcon_meta']
[0.246s] Level 1:colcon.colcon_core.package_identification:_identify(ngc_bringup) by extension 'colcon_meta'
[0.246s] Level 1:colcon.colcon_core.package_identification:_identify(ngc_bringup) by extensions ['ros']
[0.247s] Level 1:colcon.colcon_core.package_identification:_identify(ngc_bringup) by extension 'ros'
[0.248s] DEBUG:colcon.colcon_core.package_identification:Package 'ngc_bringup' with type 'ros.ament_cmake' and name 'ngc_bringup'
[0.249s] Level 1:colcon.colcon_core.package_identification:_identify(ngc_hmi) by extensions ['ignore', 'ignore_ament_install']
[0.250s] Level 1:colcon.colcon_core.package_identification:_identify(ngc_hmi) by extension 'ignore'
[0.250s] Level 1:colcon.colcon_core.package_identification:_identify(ngc_hmi) by extension 'ignore_ament_install'
[0.250s] Level 1:colcon.colcon_core.package_identification:_identify(ngc_hmi) by extensions ['colcon_pkg']
[0.251s] Level 1:colcon.colcon_core.package_identification:_identify(ngc_hmi) by extension 'colcon_pkg'
[0.251s] Level 1:colcon.colcon_core.package_identification:_identify(ngc_hmi) by extensions ['colcon_meta']
[0.251s] Level 1:colcon.colcon_core.package_identification:_identify(ngc_hmi) by extension 'colcon_meta'
[0.251s] Level 1:colcon.colcon_core.package_identification:_identify(ngc_hmi) by extensions ['ros']
[0.252s] Level 1:colcon.colcon_core.package_identification:_identify(ngc_hmi) by extension 'ros'
[0.253s] DEBUG:colcon.colcon_core.package_identification:Package 'ngc_hmi' with type 'ros.ament_python' and name 'ngc_hmi'
[0.254s] Level 1:colcon.colcon_core.package_identification:_identify(ngc_hull_sim) by extensions ['ignore', 'ignore_ament_install']
[0.254s] Level 1:colcon.colcon_core.package_identification:_identify(ngc_hull_sim) by extension 'ignore'
[0.255s] Level 1:colcon.colcon_core.package_identification:_identify(ngc_hull_sim) by extension 'ignore_ament_install'
[0.255s] Level 1:colcon.colcon_core.package_identification:_identify(ngc_hull_sim) by extensions ['colcon_pkg']
[0.255s] Level 1:colcon.colcon_core.package_identification:_identify(ngc_hull_sim) by extension 'colcon_pkg'
[0.256s] Level 1:colcon.colcon_core.package_identification:_identify(ngc_hull_sim) by extensions ['colcon_meta']
[0.256s] Level 1:colcon.colcon_core.package_identification:_identify(ngc_hull_sim) by extension 'colcon_meta'
[0.256s] Level 1:colcon.colcon_core.package_identification:_identify(ngc_hull_sim) by extensions ['ros']
[0.256s] Level 1:colcon.colcon_core.package_identification:_identify(ngc_hull_sim) by extension 'ros'
[0.258s] DEBUG:colcon.colcon_core.package_identification:Package 'ngc_hull_sim' with type 'ros.ament_python' and name 'ngc_hull_sim'
[0.259s] Level 1:colcon.colcon_core.package_identification:_identify(ngc_interfaces) by extensions ['ignore', 'ignore_ament_install']
[0.260s] Level 1:colcon.colcon_core.package_identification:_identify(ngc_interfaces) by extension 'ignore'
[0.260s] Level 1:colcon.colcon_core.package_identification:_identify(ngc_interfaces) by extension 'ignore_ament_install'
[0.260s] Level 1:colcon.colcon_core.package_identification:_identify(ngc_interfaces) by extensions ['colcon_pkg']
[0.261s] Level 1:colcon.colcon_core.package_identification:_identify(ngc_interfaces) by extension 'colcon_pkg'
[0.261s] Level 1:colcon.colcon_core.package_identification:_identify(ngc_interfaces) by extensions ['colcon_meta']
[0.261s] Level 1:colcon.colcon_core.package_identification:_identify(ngc_interfaces) by extension 'colcon_meta'
[0.261s] Level 1:colcon.colcon_core.package_identification:_identify(ngc_interfaces) by extensions ['ros']
[0.262s] Level 1:colcon.colcon_core.package_identification:_identify(ngc_interfaces) by extension 'ros'
[0.263s] DEBUG:colcon.colcon_core.package_identification:Package 'ngc_interfaces' with type 'ros.ament_cmake' and name 'ngc_interfaces'
[0.264s] Level 1:colcon.colcon_core.package_identification:_identify(ngc_propulsion_sim) by extensions ['ignore', 'ignore_ament_install']
[0.264s] Level 1:colcon.colcon_core.package_identification:_identify(ngc_propulsion_sim) by extension 'ignore'
[0.264s] Level 1:colcon.colcon_core.package_identification:_identify(ngc_propulsion_sim) by extension 'ignore_ament_install'
[0.265s] Level 1:colcon.colcon_core.package_identification:_identify(ngc_propulsion_sim) by extensions ['colcon_pkg']
[0.265s] Level 1:colcon.colcon_core.package_identification:_identify(ngc_propulsion_sim) by extension 'colcon_pkg'
[0.265s] Level 1:colcon.colcon_core.package_identification:_identify(ngc_propulsion_sim) by extensions ['colcon_meta']
[0.266s] Level 1:colcon.colcon_core.package_identification:_identify(ngc_propulsion_sim) by extension 'colcon_meta'
[0.266s] Level 1:colcon.colcon_core.package_identification:_identify(ngc_propulsion_sim) by extensions ['ros']
[0.266s] Level 1:colcon.colcon_core.package_identification:_identify(ngc_propulsion_sim) by extension 'ros'
[0.268s] DEBUG:colcon.colcon_core.package_identification:Package 'ngc_propulsion_sim' with type 'ros.ament_python' and name 'ngc_propulsion_sim'
[0.269s] Level 1:colcon.colcon_core.package_identification:_identify(ngc_sensor_sims) by extensions ['ignore', 'ignore_ament_install']
[0.269s] Level 1:colcon.colcon_core.package_identification:_identify(ngc_sensor_sims) by extension 'ignore'
[0.269s] Level 1:colcon.colcon_core.package_identification:_identify(ngc_sensor_sims) by extension 'ignore_ament_install'
[0.270s] Level 1:colcon.colcon_core.package_identification:_identify(ngc_sensor_sims) by extensions ['colcon_pkg']
[0.270s] Level 1:colcon.colcon_core.package_identification:_identify(ngc_sensor_sims) by extension 'colcon_pkg'
[0.271s] Level 1:colcon.colcon_core.package_identification:_identify(ngc_sensor_sims) by extensions ['colcon_meta']
[0.271s] Level 1:colcon.colcon_core.package_identification:_identify(ngc_sensor_sims) by extension 'colcon_meta'
[0.271s] Level 1:colcon.colcon_core.package_identification:_identify(ngc_sensor_sims) by extensions ['ros']
[0.271s] Level 1:colcon.colcon_core.package_identification:_identify(ngc_sensor_sims) by extension 'ros'
[0.273s] DEBUG:colcon.colcon_core.package_identification:Package 'ngc_sensor_sims' with type 'ros.ament_python' and name 'ngc_sensor_sims'
[0.274s] Level 1:colcon.colcon_core.package_identification:_identify(ngc_utils) by extensions ['ignore', 'ignore_ament_install']
[0.274s] Level 1:colcon.colcon_core.package_identification:_identify(ngc_utils) by extension 'ignore'
[0.274s] Level 1:colcon.colcon_core.package_identification:_identify(ngc_utils) by extension 'ignore_ament_install'
[0.275s] Level 1:colcon.colcon_core.package_identification:_identify(ngc_utils) by extensions ['colcon_pkg']
[0.275s] Level 1:colcon.colcon_core.package_identification:_identify(ngc_utils) by extension 'colcon_pkg'
[0.275s] Level 1:colcon.colcon_core.package_identification:_identify(ngc_utils) by extensions ['colcon_meta']
[0.276s] Level 1:colcon.colcon_core.package_identification:_identify(ngc_utils) by extension 'colcon_meta'
[0.276s] Level 1:colcon.colcon_core.package_identification:_identify(ngc_utils) by extensions ['ros']
[0.276s] Level 1:colcon.colcon_core.package_identification:_identify(ngc_utils) by extension 'ros'
[0.277s] DEBUG:colcon.colcon_core.package_identification:Package 'ngc_utils' with type 'ros.ament_python' and name 'ngc_utils'
[0.277s] Level 1:colcon.colcon_core.package_discovery:discover_packages(recursive) using defaults
[0.277s] Level 1:colcon.colcon_core.package_discovery:discover_packages(ignore) discover
[0.278s] Level 1:colcon.colcon_core.package_discovery:discover_packages(ignore) using defaults
[0.278s] Level 1:colcon.colcon_core.package_discovery:discover_packages(path) discover
[0.278s] Level 1:colcon.colcon_core.package_discovery:discover_packages(path) using defaults
[0.306s] Level 5:colcon.colcon_core.verb:set package 'kontrolsystem' build argument 'cmake_args' from command line to 'None'
[0.306s] Level 5:colcon.colcon_core.verb:set package 'kontrolsystem' build argument 'cmake_target' from command line to 'None'
[0.306s] Level 5:colcon.colcon_core.verb:set package 'kontrolsystem' build argument 'cmake_target_skip_unavailable' from command line to 'False'
[0.306s] Level 5:colcon.colcon_core.verb:set package 'kontrolsystem' build argument 'cmake_clean_cache' from command line to 'False'
[0.307s] Level 5:colcon.colcon_core.verb:set package 'kontrolsystem' build argument 'cmake_clean_first' from command line to 'False'
[0.307s] Level 5:colcon.colcon_core.verb:set package 'kontrolsystem' build argument 'cmake_force_configure' from command line to 'False'
[0.307s] Level 5:colcon.colcon_core.verb:set package 'kontrolsystem' build argument 'ament_cmake_args' from command line to 'None'
[0.307s] Level 5:colcon.colcon_core.verb:set package 'kontrolsystem' build argument 'catkin_cmake_args' from command line to 'None'
[0.307s] Level 5:colcon.colcon_core.verb:set package 'kontrolsystem' build argument 'catkin_skip_building_tests' from command line to 'False'
[0.308s] DEBUG:colcon.colcon_core.verb:Building package 'kontrolsystem' with the following arguments: {'ament_cmake_args': None, 'build_base': '/home/alfred/shared_mac/MEPA2001_2024/src/build/kontrolsystem', 'catkin_cmake_args': None, 'catkin_skip_building_tests': False, 'cmake_args': None, 'cmake_clean_cache': False, 'cmake_clean_first': False, 'cmake_force_configure': False, 'cmake_target': None, 'cmake_target_skip_unavailable': False, 'install_base': '/home/alfred/shared_mac/MEPA2001_2024/src/install/kontrolsystem', 'merge_install': False, 'path': '/home/alfred/shared_mac/MEPA2001_2024/src/kontrolsystem', 'symlink_install': False, 'test_result_base': None}
[0.308s] Level 5:colcon.colcon_core.verb:set package 'ngc_bringup' build argument 'cmake_args' from command line to 'None'
[0.308s] Level 5:colcon.colcon_core.verb:set package 'ngc_bringup' build argument 'cmake_target' from command line to 'None'
[0.309s] Level 5:colcon.colcon_core.verb:set package 'ngc_bringup' build argument 'cmake_target_skip_unavailable' from command line to 'False'
[0.309s] Level 5:colcon.colcon_core.verb:set package 'ngc_bringup' build argument 'cmake_clean_cache' from command line to 'False'
[0.309s] Level 5:colcon.colcon_core.verb:set package 'ngc_bringup' build argument 'cmake_clean_first' from command line to 'False'
[0.309s] Level 5:colcon.colcon_core.verb:set package 'ngc_bringup' build argument 'cmake_force_configure' from command line to 'False'
[0.309s] Level 5:colcon.colcon_core.verb:set package 'ngc_bringup' build argument 'ament_cmake_args' from command line to 'None'
[0.309s] Level 5:colcon.colcon_core.verb:set package 'ngc_bringup' build argument 'catkin_cmake_args' from command line to 'None'
[0.310s] Level 5:colcon.colcon_core.verb:set package 'ngc_bringup' build argument 'catkin_skip_building_tests' from command line to 'False'
[0.310s] DEBUG:colcon.colcon_core.verb:Building package 'ngc_bringup' with the following arguments: {'ament_cmake_args': None, 'build_base': '/home/alfred/shared_mac/MEPA2001_2024/src/build/ngc_bringup', 'catkin_cmake_args': None, 'catkin_skip_building_tests': False, 'cmake_args': None, 'cmake_clean_cache': False, 'cmake_clean_first': False, 'cmake_force_configure': False, 'cmake_target': None, 'cmake_target_skip_unavailable': False, 'install_base': '/home/alfred/shared_mac/MEPA2001_2024/src/install/ngc_bringup', 'merge_install': False, 'path': '/home/alfred/shared_mac/MEPA2001_2024/src/ngc_bringup', 'symlink_install': False, 'test_result_base': None}
[0.310s] Level 5:colcon.colcon_core.verb:set package 'ngc_interfaces' build argument 'cmake_args' from command line to 'None'
[0.310s] Level 5:colcon.colcon_core.verb:set package 'ngc_interfaces' build argument 'cmake_target' from command line to 'None'
[0.311s] Level 5:colcon.colcon_core.verb:set package 'ngc_interfaces' build argument 'cmake_target_skip_unavailable' from command line to 'False'
[0.311s] Level 5:colcon.colcon_core.verb:set package 'ngc_interfaces' build argument 'cmake_clean_cache' from command line to 'False'
[0.311s] Level 5:colcon.colcon_core.verb:set package 'ngc_interfaces' build argument 'cmake_clean_first' from command line to 'False'
[0.311s] Level 5:colcon.colcon_core.verb:set package 'ngc_interfaces' build argument 'cmake_force_configure' from command line to 'False'
[0.312s] Level 5:colcon.colcon_core.verb:set package 'ngc_interfaces' build argument 'ament_cmake_args' from command line to 'None'
[0.312s] Level 5:colcon.colcon_core.verb:set package 'ngc_interfaces' build argument 'catkin_cmake_args' from command line to 'None'
[0.312s] Level 5:colcon.colcon_core.verb:set package 'ngc_interfaces' build argument 'catkin_skip_building_tests' from command line to 'False'
[0.312s] DEBUG:colcon.colcon_core.verb:Building package 'ngc_interfaces' with the following arguments: {'ament_cmake_args': None, 'build_base': '/home/alfred/shared_mac/MEPA2001_2024/src/build/ngc_interfaces', 'catkin_cmake_args': None, 'catkin_skip_building_tests': False, 'cmake_args': None, 'cmake_clean_cache': False, 'cmake_clean_first': False, 'cmake_force_configure': False, 'cmake_target': None, 'cmake_target_skip_unavailable': False, 'install_base': '/home/alfred/shared_mac/MEPA2001_2024/src/install/ngc_interfaces', 'merge_install': False, 'path': '/home/alfred/shared_mac/MEPA2001_2024/src/ngc_interfaces', 'symlink_install': False, 'test_result_base': None}
[0.313s] Level 5:colcon.colcon_core.verb:set package 'ngc_sensor_sims' build argument 'cmake_args' from command line to 'None'
[0.313s] Level 5:colcon.colcon_core.verb:set package 'ngc_sensor_sims' build argument 'cmake_target' from command line to 'None'
[0.313s] Level 5:colcon.colcon_core.verb:set package 'ngc_sensor_sims' build argument 'cmake_target_skip_unavailable' from command line to 'False'
[0.313s] Level 5:colcon.colcon_core.verb:set package 'ngc_sensor_sims' build argument 'cmake_clean_cache' from command line to 'False'
[0.313s] Level 5:colcon.colcon_core.verb:set package 'ngc_sensor_sims' build argument 'cmake_clean_first' from command line to 'False'
[0.314s] Level 5:colcon.colcon_core.verb:set package 'ngc_sensor_sims' build argument 'cmake_force_configure' from command line to 'False'
[0.314s] Level 5:colcon.colcon_core.verb:set package 'ngc_sensor_sims' build argument 'ament_cmake_args' from command line to 'None'
[0.314s] Level 5:colcon.colcon_core.verb:set package 'ngc_sensor_sims' build argument 'catkin_cmake_args' from command line to 'None'
[0.314s] Level 5:colcon.colcon_core.verb:set package 'ngc_sensor_sims' build argument 'catkin_skip_building_tests' from command line to 'False'
[0.315s] DEBUG:colcon.colcon_core.verb:Building package 'ngc_sensor_sims' with the following arguments: {'ament_cmake_args': None, 'build_base': '/home/alfred/shared_mac/MEPA2001_2024/src/build/ngc_sensor_sims', 'catkin_cmake_args': None, 'catkin_skip_building_tests': False, 'cmake_args': None, 'cmake_clean_cache': False, 'cmake_clean_first': False, 'cmake_force_configure': False, 'cmake_target': None, 'cmake_target_skip_unavailable': False, 'install_base': '/home/alfred/shared_mac/MEPA2001_2024/src/install/ngc_sensor_sims', 'merge_install': False, 'path': '/home/alfred/shared_mac/MEPA2001_2024/src/ngc_sensor_sims', 'symlink_install': False, 'test_result_base': None}
[0.315s] Level 5:colcon.colcon_core.verb:set package 'ngc_utils' build argument 'cmake_args' from command line to 'None'
[0.315s] Level 5:colcon.colcon_core.verb:set package 'ngc_utils' build argument 'cmake_target' from command line to 'None'
[0.315s] Level 5:colcon.colcon_core.verb:set package 'ngc_utils' build argument 'cmake_target_skip_unavailable' from command line to 'False'
[0.315s] Level 5:colcon.colcon_core.verb:set package 'ngc_utils' build argument 'cmake_clean_cache' from command line to 'False'
[0.316s] Level 5:colcon.colcon_core.verb:set package 'ngc_utils' build argument 'cmake_clean_first' from command line to 'False'
[0.316s] Level 5:colcon.colcon_core.verb:set package 'ngc_utils' build argument 'cmake_force_configure' from command line to 'False'
[0.316s] Level 5:colcon.colcon_core.verb:set package 'ngc_utils' build argument 'ament_cmake_args' from command line to 'None'
[0.316s] Level 5:colcon.colcon_core.verb:set package 'ngc_utils' build argument 'catkin_cmake_args' from command line to 'None'
[0.317s] Level 5:colcon.colcon_core.verb:set package 'ngc_utils' build argument 'catkin_skip_building_tests' from command line to 'False'
[0.317s] DEBUG:colcon.colcon_core.verb:Building package 'ngc_utils' with the following arguments: {'ament_cmake_args': None, 'build_base': '/home/alfred/shared_mac/MEPA2001_2024/src/build/ngc_utils', 'catkin_cmake_args': None, 'catkin_skip_building_tests': False, 'cmake_args': None, 'cmake_clean_cache': False, 'cmake_clean_first': False, 'cmake_force_configure': False, 'cmake_target': None, 'cmake_target_skip_unavailable': False, 'install_base': '/home/alfred/shared_mac/MEPA2001_2024/src/install/ngc_utils', 'merge_install': False, 'path': '/home/alfred/shared_mac/MEPA2001_2024/src/ngc_utils', 'symlink_install': False, 'test_result_base': None}
[0.317s] Level 5:colcon.colcon_core.verb:set package 'ngc_hmi' build argument 'cmake_args' from command line to 'None'
[0.317s] Level 5:colcon.colcon_core.verb:set package 'ngc_hmi' build argument 'cmake_target' from command line to 'None'
[0.318s] Level 5:colcon.colcon_core.verb:set package 'ngc_hmi' build argument 'cmake_target_skip_unavailable' from command line to 'False'
[0.318s] Level 5:colcon.colcon_core.verb:set package 'ngc_hmi' build argument 'cmake_clean_cache' from command line to 'False'
[0.318s] Level 5:colcon.colcon_core.verb:set package 'ngc_hmi' build argument 'cmake_clean_first' from command line to 'False'
[0.318s] Level 5:colcon.colcon_core.verb:set package 'ngc_hmi' build argument 'cmake_force_configure' from command line to 'False'
[0.318s] Level 5:colcon.colcon_core.verb:set package 'ngc_hmi' build argument 'ament_cmake_args' from command line to 'None'
[0.319s] Level 5:colcon.colcon_core.verb:set package 'ngc_hmi' build argument 'catkin_cmake_args' from command line to 'None'
[0.319s] Level 5:colcon.colcon_core.verb:set package 'ngc_hmi' build argument 'catkin_skip_building_tests' from command line to 'False'
[0.319s] DEBUG:colcon.colcon_core.verb:Building package 'ngc_hmi' with the following arguments: {'ament_cmake_args': None, 'build_base': '/home/alfred/shared_mac/MEPA2001_2024/src/build/ngc_hmi', 'catkin_cmake_args': None, 'catkin_skip_building_tests': False, 'cmake_args': None, 'cmake_clean_cache': False, 'cmake_clean_first': False, 'cmake_force_configure': False, 'cmake_target': None, 'cmake_target_skip_unavailable': False, 'install_base': '/home/alfred/shared_mac/MEPA2001_2024/src/install/ngc_hmi', 'merge_install': False, 'path': '/home/alfred/shared_mac/MEPA2001_2024/src/ngc_hmi', 'symlink_install': False, 'test_result_base': None}
[0.319s] Level 5:colcon.colcon_core.verb:set package 'ngc_hull_sim' build argument 'cmake_args' from command line to 'None'
[0.319s] Level 5:colcon.colcon_core.verb:set package 'ngc_hull_sim' build argument 'cmake_target' from command line to 'None'
[0.320s] Level 5:colcon.colcon_core.verb:set package 'ngc_hull_sim' build argument 'cmake_target_skip_unavailable' from command line to 'False'
[0.320s] Level 5:colcon.colcon_core.verb:set package 'ngc_hull_sim' build argument 'cmake_clean_cache' from command line to 'False'
[0.320s] Level 5:colcon.colcon_core.verb:set package 'ngc_hull_sim' build argument 'cmake_clean_first' from command line to 'False'
[0.320s] Level 5:colcon.colcon_core.verb:set package 'ngc_hull_sim' build argument 'cmake_force_configure' from command line to 'False'
[0.320s] Level 5:colcon.colcon_core.verb:set package 'ngc_hull_sim' build argument 'ament_cmake_args' from command line to 'None'
[0.321s] Level 5:colcon.colcon_core.verb:set package 'ngc_hull_sim' build argument 'catkin_cmake_args' from command line to 'None'
[0.321s] Level 5:colcon.colcon_core.verb:set package 'ngc_hull_sim' build argument 'catkin_skip_building_tests' from command line to 'False'
[0.321s] DEBUG:colcon.colcon_core.verb:Building package 'ngc_hull_sim' with the following arguments: {'ament_cmake_args': None, 'build_base': '/home/alfred/shared_mac/MEPA2001_2024/src/build/ngc_hull_sim', 'catkin_cmake_args': None, 'catkin_skip_building_tests': False, 'cmake_args': None, 'cmake_clean_cache': False, 'cmake_clean_first': False, 'cmake_force_configure': False, 'cmake_target': None, 'cmake_target_skip_unavailable': False, 'install_base': '/home/alfred/shared_mac/MEPA2001_2024/src/install/ngc_hull_sim', 'merge_install': False, 'path': '/home/alfred/shared_mac/MEPA2001_2024/src/ngc_hull_sim', 'symlink_install': False, 'test_result_base': None}
[0.321s] Level 5:colcon.colcon_core.verb:set package 'ngc_propulsion_sim' build argument 'cmake_args' from command line to 'None'
[0.321s] Level 5:colcon.colcon_core.verb:set package 'ngc_propulsion_sim' build argument 'cmake_target' from command line to 'None'
[0.322s] Level 5:colcon.colcon_core.verb:set package 'ngc_propulsion_sim' build argument 'cmake_target_skip_unavailable' from command line to 'False'
[0.322s] Level 5:colcon.colcon_core.verb:set package 'ngc_propulsion_sim' build argument 'cmake_clean_cache' from command line to 'False'
[0.322s] Level 5:colcon.colcon_core.verb:set package 'ngc_propulsion_sim' build argument 'cmake_clean_first' from command line to 'False'
[0.322s] Level 5:colcon.colcon_core.verb:set package 'ngc_propulsion_sim' build argument 'cmake_force_configure' from command line to 'False'
[0.322s] Level 5:colcon.colcon_core.verb:set package 'ngc_propulsion_sim' build argument 'ament_cmake_args' from command line to 'None'
[0.322s] Level 5:colcon.colcon_core.verb:set package 'ngc_propulsion_sim' build argument 'catkin_cmake_args' from command line to 'None'
[0.322s] Level 5:colcon.colcon_core.verb:set package 'ngc_propulsion_sim' build argument 'catkin_skip_building_tests' from command line to 'False'
[0.323s] DEBUG:colcon.colcon_core.verb:Building package 'ngc_propulsion_sim' with the following arguments: {'ament_cmake_args': None, 'build_base': '/home/alfred/shared_mac/MEPA2001_2024/src/build/ngc_propulsion_sim', 'catkin_cmake_args': None, 'catkin_skip_building_tests': False, 'cmake_args': None, 'cmake_clean_cache': False, 'cmake_clean_first': False, 'cmake_force_configure': False, 'cmake_target': None, 'cmake_target_skip_unavailable': False, 'install_base': '/home/alfred/shared_mac/MEPA2001_2024/src/install/ngc_propulsion_sim', 'merge_install': False, 'path': '/home/alfred/shared_mac/MEPA2001_2024/src/ngc_propulsion_sim', 'symlink_install': False, 'test_result_base': None}
[0.323s] INFO:colcon.colcon_core.executor:Executing jobs using 'parallel' executor
[0.325s] DEBUG:colcon.colcon_parallel_executor.executor.parallel:run_until_complete
[0.325s] INFO:colcon.colcon_ros.task.ament_cmake.build:Building ROS package in '/home/alfred/shared_mac/MEPA2001_2024/src/ngc_interfaces' with build type 'ament_cmake'
[0.325s] INFO:colcon.colcon_cmake.task.cmake.build:Building CMake package in '/home/alfred/shared_mac/MEPA2001_2024/src/ngc_interfaces'
[0.328s] INFO:colcon.colcon_core.plugin_system:Skipping extension 'colcon_core.shell.bat': Not used on non-Windows systems
[0.328s] DEBUG:colcon.colcon_core.shell:Skip shell extension 'dsv' for command environment
[0.357s] INFO:colcon.colcon_ros.task.ament_cmake.build:Building ROS package in '/home/alfred/shared_mac/MEPA2001_2024/src/ngc_bringup' with build type 'ament_cmake'
[0.358s] INFO:colcon.colcon_cmake.task.cmake.build:Building CMake package in '/home/alfred/shared_mac/MEPA2001_2024/src/ngc_bringup'
[0.358s] DEBUG:colcon.colcon_core.shell:Skip shell extension 'dsv' for command environment
[0.390s] INFO:colcon.colcon_ros.task.ament_python.build:Building ROS package in '/home/alfred/shared_mac/MEPA2001_2024/src/ngc_utils' with build type 'ament_python'
[0.392s] Level 1:colcon.colcon_core.shell:create_environment_hook('ngc_utils', 'ament_prefix_path')
[0.393s] INFO:colcon.colcon_core.shell:Creating environment descriptor '/home/alfred/shared_mac/MEPA2001_2024/src/install/ngc_utils/share/ngc_utils/hook/ament_prefix_path.dsv'
[0.399s] INFO:colcon.colcon_core.shell:Creating environment hook '/home/alfred/shared_mac/MEPA2001_2024/src/install/ngc_utils/share/ngc_utils/hook/ament_prefix_path.sh'
[0.410s] DEBUG:colcon.colcon_core.shell:Skip shell extension 'dsv' for command environment
[0.441s] INFO:colcon.colcon_ros.task.ament_python.build:Building ROS package in '/home/alfred/shared_mac/MEPA2001_2024/src/kontrolsystem' with build type 'ament_python'
[0.443s] Level 1:colcon.colcon_core.shell:create_environment_hook('kontrolsystem', 'ament_prefix_path')
[0.444s] INFO:colcon.colcon_core.shell:Creating environment descriptor '/home/alfred/shared_mac/MEPA2001_2024/src/install/kontrolsystem/share/kontrolsystem/hook/ament_prefix_path.dsv'
[0.450s] INFO:colcon.colcon_core.shell:Creating environment hook '/home/alfred/shared_mac/MEPA2001_2024/src/install/kontrolsystem/share/kontrolsystem/hook/ament_prefix_path.sh'
[0.452s] DEBUG:colcon.colcon_core.shell:Skip shell extension 'dsv' for command environment
[0.527s] DEBUG:colcon.colcon_core.event_handler.log_command:Invoking command in '/home/alfred/shared_mac/MEPA2001_2024/src/build/ngc_interfaces': CMAKE_PREFIX_PATH=${CMAKE_PREFIX_PATH}:/home/alfred/shared_mac/MEPA2001_2024/src/install/ngc_hull_sim:/home/alfred/shared_mac/MEPA2001_2024/src/install/ngc_utils:/home/alfred/shared_mac/MEPA2001_2024/src/install/ngc_sensor_sims:/home/alfred/shared_mac/MEPA2001_2024/src/install/ngc_propulsion_sim:/home/alfred/shared_mac/MEPA2001_2024/src/install/ngc_hmi:/home/alfred/shared_mac/MEPA2001_2024/src/install/kontrolsystem:/opt/ros/jazzy DEBUGINFOD_URLS=https://debuginfod.ubuntu.com /usr/bin/cmake --build /home/alfred/shared_mac/MEPA2001_2024/src/build/ngc_interfaces -- -j4 -l4
[0.545s] DEBUG:colcon.colcon_core.event_handler.log_command:Invoking command in '/home/alfred/shared_mac/MEPA2001_2024/src/build/ngc_bringup': CMAKE_PREFIX_PATH=${CMAKE_PREFIX_PATH}:/home/alfred/shared_mac/MEPA2001_2024/src/install/ngc_hull_sim:/home/alfred/shared_mac/MEPA2001_2024/src/install/ngc_utils:/home/alfred/shared_mac/MEPA2001_2024/src/install/ngc_sensor_sims:/home/alfred/shared_mac/MEPA2001_2024/src/install/ngc_propulsion_sim:/home/alfred/shared_mac/MEPA2001_2024/src/install/ngc_hmi:/home/alfred/shared_mac/MEPA2001_2024/src/install/kontrolsystem:/opt/ros/jazzy DEBUGINFOD_URLS=https://debuginfod.ubuntu.com /usr/bin/cmake --build /home/alfred/shared_mac/MEPA2001_2024/src/build/ngc_bringup -- -j4 -l4
[1.541s] INFO:colcon.colcon_core.task.python.build:Building Python package in '/home/alfred/shared_mac/MEPA2001_2024/src/ngc_utils'
[1.542s] DEBUG:colcon.colcon_core.shell:Skip shell extension 'dsv' for command environment
[2.347s] INFO:colcon.colcon_core.task.python.build:Building Python package in '/home/alfred/shared_mac/MEPA2001_2024/src/kontrolsystem'
[2.347s] DEBUG:colcon.colcon_core.shell:Skip shell extension 'dsv' for command environment
[2.394s] DEBUG:colcon.colcon_core.event_handler.log_command:Invoked command in '/home/alfred/shared_mac/MEPA2001_2024/src/build/ngc_bringup' returned '0': CMAKE_PREFIX_PATH=${CMAKE_PREFIX_PATH}:/home/alfred/shared_mac/MEPA2001_2024/src/install/ngc_hull_sim:/home/alfred/shared_mac/MEPA2001_2024/src/install/ngc_utils:/home/alfred/shared_mac/MEPA2001_2024/src/install/ngc_sensor_sims:/home/alfred/shared_mac/MEPA2001_2024/src/install/ngc_propulsion_sim:/home/alfred/shared_mac/MEPA2001_2024/src/install/ngc_hmi:/home/alfred/shared_mac/MEPA2001_2024/src/install/kontrolsystem:/opt/ros/jazzy DEBUGINFOD_URLS=https://debuginfod.ubuntu.com /usr/bin/cmake --build /home/alfred/shared_mac/MEPA2001_2024/src/build/ngc_bringup -- -j4 -l4
[2.406s] DEBUG:colcon.colcon_core.event_handler.log_command:Invoked command in '/home/alfred/shared_mac/MEPA2001_2024/src/build/ngc_interfaces' returned '0': CMAKE_PREFIX_PATH=${CMAKE_PREFIX_PATH}:/home/alfred/shared_mac/MEPA2001_2024/src/install/ngc_hull_sim:/home/alfred/shared_mac/MEPA2001_2024/src/install/ngc_utils:/home/alfred/shared_mac/MEPA2001_2024/src/install/ngc_sensor_sims:/home/alfred/shared_mac/MEPA2001_2024/src/install/ngc_propulsion_sim:/home/alfred/shared_mac/MEPA2001_2024/src/install/ngc_hmi:/home/alfred/shared_mac/MEPA2001_2024/src/install/kontrolsystem:/opt/ros/jazzy DEBUGINFOD_URLS=https://debuginfod.ubuntu.com /usr/bin/cmake --build /home/alfred/shared_mac/MEPA2001_2024/src/build/ngc_interfaces -- -j4 -l4
[2.507s] DEBUG:colcon.colcon_core.event_handler.log_command:Invoking command in '/home/alfred/shared_mac/MEPA2001_2024/src/build/ngc_bringup': CMAKE_PREFIX_PATH=${CMAKE_PREFIX_PATH}:/home/alfred/shared_mac/MEPA2001_2024/src/install/ngc_hull_sim:/home/alfred/shared_mac/MEPA2001_2024/src/install/ngc_utils:/home/alfred/shared_mac/MEPA2001_2024/src/install/ngc_sensor_sims:/home/alfred/shared_mac/MEPA2001_2024/src/install/ngc_propulsion_sim:/home/alfred/shared_mac/MEPA2001_2024/src/install/ngc_hmi:/home/alfred/shared_mac/MEPA2001_2024/src/install/kontrolsystem:/opt/ros/jazzy DEBUGINFOD_URLS=https://debuginfod.ubuntu.com /usr/bin/cmake --install /home/alfred/shared_mac/MEPA2001_2024/src/build/ngc_bringup
[2.606s] Level 1:colcon.colcon_core.environment:create_environment_scripts_only(ngc_bringup)
[2.611s] Level 1:colcon.colcon_core.environment:checking '/home/alfred/shared_mac/MEPA2001_2024/src/install/ngc_bringup' for CMake module files
[2.611s] DEBUG:colcon.colcon_core.event_handler.log_command:Invoked command in '/home/alfred/shared_mac/MEPA2001_2024/src/build/ngc_bringup' returned '0': CMAKE_PREFIX_PATH=${CMAKE_PREFIX_PATH}:/home/alfred/shared_mac/MEPA2001_2024/src/install/ngc_hull_sim:/home/alfred/shared_mac/MEPA2001_2024/src/install/ngc_utils:/home/alfred/shared_mac/MEPA2001_2024/src/install/ngc_sensor_sims:/home/alfred/shared_mac/MEPA2001_2024/src/install/ngc_propulsion_sim:/home/alfred/shared_mac/MEPA2001_2024/src/install/ngc_hmi:/home/alfred/shared_mac/MEPA2001_2024/src/install/kontrolsystem:/opt/ros/jazzy DEBUGINFOD_URLS=https://debuginfod.ubuntu.com /usr/bin/cmake --install /home/alfred/shared_mac/MEPA2001_2024/src/build/ngc_bringup
[2.624s] Level 1:colcon.colcon_core.environment:checking '/home/alfred/shared_mac/MEPA2001_2024/src/install/ngc_bringup' for CMake config files
[2.629s] Level 1:colcon.colcon_core.shell:create_environment_hook('ngc_bringup', 'cmake_prefix_path')
[2.630s] INFO:colcon.colcon_core.shell:Creating environment descriptor '/home/alfred/shared_mac/MEPA2001_2024/src/install/ngc_bringup/share/ngc_bringup/hook/cmake_prefix_path.dsv'
[2.633s] INFO:colcon.colcon_core.shell:Creating environment hook '/home/alfred/shared_mac/MEPA2001_2024/src/install/ngc_bringup/share/ngc_bringup/hook/cmake_prefix_path.sh'
[2.638s] Level 1:colcon.colcon_core.environment:checking '/home/alfred/shared_mac/MEPA2001_2024/src/install/ngc_bringup/bin'
[2.638s] Level 1:colcon.colcon_core.environment:checking '/home/alfred/shared_mac/MEPA2001_2024/src/install/ngc_bringup/lib/pkgconfig/ngc_bringup.pc'
[2.639s] Level 1:colcon.colcon_core.environment:checking '/home/alfred/shared_mac/MEPA2001_2024/src/install/ngc_bringup/lib/python3.12/site-packages'
[2.639s] Level 1:colcon.colcon_core.environment:checking '/home/alfred/shared_mac/MEPA2001_2024/src/install/ngc_bringup/bin'
[2.640s] INFO:colcon.colcon_core.shell:Creating package descriptor '/home/alfred/shared_mac/MEPA2001_2024/src/install/ngc_bringup/share/ngc_bringup/package.dsv'
[2.642s] INFO:colcon.colcon_core.shell:Creating package script '/home/alfred/shared_mac/MEPA2001_2024/src/install/ngc_bringup/share/ngc_bringup/package.sh'
[2.645s] INFO:colcon.colcon_core.shell:Creating package script '/home/alfred/shared_mac/MEPA2001_2024/src/install/ngc_bringup/share/ngc_bringup/package.bash'
[2.649s] INFO:colcon.colcon_core.shell:Creating package script '/home/alfred/shared_mac/MEPA2001_2024/src/install/ngc_bringup/share/ngc_bringup/package.zsh'
[2.653s] Level 1:colcon.colcon_core.environment:create_file_with_runtime_dependencies(/home/alfred/shared_mac/MEPA2001_2024/src/install/ngc_bringup/share/colcon-core/packages/ngc_bringup)
[2.769s] Level 1:colcon.colcon_core.environment:create_environment_scripts_only(ngc_bringup)
[2.769s] Level 1:colcon.colcon_core.environment:checking '/home/alfred/shared_mac/MEPA2001_2024/src/install/ngc_bringup' for CMake module files
[2.783s] Level 1:colcon.colcon_core.environment:checking '/home/alfred/shared_mac/MEPA2001_2024/src/install/ngc_bringup' for CMake config files
[2.788s] Level 1:colcon.colcon_core.shell:create_environment_hook('ngc_bringup', 'cmake_prefix_path')
[2.788s] INFO:colcon.colcon_core.shell:Creating environment descriptor '/home/alfred/shared_mac/MEPA2001_2024/src/install/ngc_bringup/share/ngc_bringup/hook/cmake_prefix_path.dsv'
[2.790s] INFO:colcon.colcon_core.shell:Creating environment hook '/home/alfred/shared_mac/MEPA2001_2024/src/install/ngc_bringup/share/ngc_bringup/hook/cmake_prefix_path.sh'
[2.796s] Level 1:colcon.colcon_core.environment:checking '/home/alfred/shared_mac/MEPA2001_2024/src/install/ngc_bringup/bin'
[2.804s] Level 1:colcon.colcon_core.environment:checking '/home/alfred/shared_mac/MEPA2001_2024/src/install/ngc_bringup/lib/pkgconfig/ngc_bringup.pc'
[2.805s] Level 1:colcon.colcon_core.environment:checking '/home/alfred/shared_mac/MEPA2001_2024/src/install/ngc_bringup/lib/python3.12/site-packages'
[2.806s] Level 1:colcon.colcon_core.environment:checking '/home/alfred/shared_mac/MEPA2001_2024/src/install/ngc_bringup/bin'
[2.806s] INFO:colcon.colcon_core.shell:Creating package descriptor '/home/alfred/shared_mac/MEPA2001_2024/src/install/ngc_bringup/share/ngc_bringup/package.dsv'
[2.811s] INFO:colcon.colcon_core.shell:Creating package script '/home/alfred/shared_mac/MEPA2001_2024/src/install/ngc_bringup/share/ngc_bringup/package.sh'
[2.814s] INFO:colcon.colcon_core.shell:Creating package script '/home/alfred/shared_mac/MEPA2001_2024/src/install/ngc_bringup/share/ngc_bringup/package.bash'
[2.816s] INFO:colcon.colcon_core.shell:Creating package script '/home/alfred/shared_mac/MEPA2001_2024/src/install/ngc_bringup/share/ngc_bringup/package.zsh'
[2.818s] Level 1:colcon.colcon_core.environment:create_file_with_runtime_dependencies(/home/alfred/shared_mac/MEPA2001_2024/src/install/ngc_bringup/share/colcon-core/packages/ngc_bringup)
[2.820s] INFO:colcon.colcon_ros.task.ament_python.build:Building ROS package in '/home/alfred/shared_mac/MEPA2001_2024/src/ngc_sensor_sims' with build type 'ament_python'
[2.822s] Level 1:colcon.colcon_core.shell:create_environment_hook('ngc_sensor_sims', 'ament_prefix_path')
[2.824s] INFO:colcon.colcon_core.shell:Creating environment descriptor '/home/alfred/shared_mac/MEPA2001_2024/src/install/ngc_sensor_sims/share/ngc_sensor_sims/hook/ament_prefix_path.dsv'
[2.829s] INFO:colcon.colcon_core.shell:Creating environment hook '/home/alfred/shared_mac/MEPA2001_2024/src/install/ngc_sensor_sims/share/ngc_sensor_sims/hook/ament_prefix_path.sh'
[2.833s] DEBUG:colcon.colcon_core.shell:Skip shell extension 'dsv' for command environment
[3.480s] INFO:colcon.colcon_core.task.python.build:Building Python package in '/home/alfred/shared_mac/MEPA2001_2024/src/ngc_sensor_sims'
[3.486s] DEBUG:colcon.colcon_core.shell:Skip shell extension 'dsv' for command environment
[3.631s] DEBUG:colcon.colcon_core.event_handler.log_command:Invoking command in '/home/alfred/shared_mac/MEPA2001_2024/src/build/ngc_interfaces': CMAKE_PREFIX_PATH=${CMAKE_PREFIX_PATH}:/home/alfred/shared_mac/MEPA2001_2024/src/install/ngc_hull_sim:/home/alfred/shared_mac/MEPA2001_2024/src/install/ngc_utils:/home/alfred/shared_mac/MEPA2001_2024/src/install/ngc_sensor_sims:/home/alfred/shared_mac/MEPA2001_2024/src/install/ngc_propulsion_sim:/home/alfred/shared_mac/MEPA2001_2024/src/install/ngc_hmi:/home/alfred/shared_mac/MEPA2001_2024/src/install/kontrolsystem:/opt/ros/jazzy DEBUGINFOD_URLS=https://debuginfod.ubuntu.com /usr/bin/cmake --install /home/alfred/shared_mac/MEPA2001_2024/src/build/ngc_interfaces
[3.976s] DEBUG:colcon.colcon_core.event_handler.log_command:Invoking command in '/home/alfred/shared_mac/MEPA2001_2024/src/ngc_utils': DEBUGINFOD_URLS=https://debuginfod.ubuntu.com PYTHONPATH=/home/alfred/shared_mac/MEPA2001_2024/src/build/ngc_utils/prefix_override:/usr/lib/python3/dist-packages/colcon_core/task/python/colcon_distutils_commands:/home/alfred/shared_mac/MEPA2001_2024/src/install/ngc_utils/lib/python3.12/site-packages:${PYTHONPATH} /usr/bin/python3 -W ignore:setup.py install is deprecated setup.py egg_info --egg-base ../build/ngc_utils build --build-base /home/alfred/shared_mac/MEPA2001_2024/src/build/ngc_utils/build install --record /home/alfred/shared_mac/MEPA2001_2024/src/build/ngc_utils/install.log --single-version-externally-managed install_data
[4.382s] DEBUG:colcon.colcon_core.event_handler.log_command:Invoking command in '/home/alfred/shared_mac/MEPA2001_2024/src/kontrolsystem': DEBUGINFOD_URLS=https://debuginfod.ubuntu.com PYTHONPATH=/home/alfred/shared_mac/MEPA2001_2024/src/build/kontrolsystem/prefix_override:/usr/lib/python3/dist-packages/colcon_core/task/python/colcon_distutils_commands:/home/alfred/shared_mac/MEPA2001_2024/src/install/kontrolsystem/lib/python3.12/site-packages:${PYTHONPATH} /usr/bin/python3 -W ignore:setup.py install is deprecated setup.py egg_info --egg-base ../build/kontrolsystem build --build-base /home/alfred/shared_mac/MEPA2001_2024/src/build/kontrolsystem/build install --record /home/alfred/shared_mac/MEPA2001_2024/src/build/kontrolsystem/install.log --single-version-externally-managed install_data
[4.923s] Level 1:colcon.colcon_core.environment:create_environment_scripts_only(ngc_interfaces)
[4.924s] Level 1:colcon.colcon_core.environment:checking '/home/alfred/shared_mac/MEPA2001_2024/src/install/ngc_interfaces' for CMake module files
[4.925s] DEBUG:colcon.colcon_core.event_handler.log_command:Invoked command in '/home/alfred/shared_mac/MEPA2001_2024/src/build/ngc_interfaces' returned '0': CMAKE_PREFIX_PATH=${CMAKE_PREFIX_PATH}:/home/alfred/shared_mac/MEPA2001_2024/src/install/ngc_hull_sim:/home/alfred/shared_mac/MEPA2001_2024/src/install/ngc_utils:/home/alfred/shared_mac/MEPA2001_2024/src/install/ngc_sensor_sims:/home/alfred/shared_mac/MEPA2001_2024/src/install/ngc_propulsion_sim:/home/alfred/shared_mac/MEPA2001_2024/src/install/ngc_hmi:/home/alfred/shared_mac/MEPA2001_2024/src/install/kontrolsystem:/opt/ros/jazzy DEBUGINFOD_URLS=https://debuginfod.ubuntu.com /usr/bin/cmake --install /home/alfred/shared_mac/MEPA2001_2024/src/build/ngc_interfaces
[4.958s] Level 1:colcon.colcon_core.environment:checking '/home/alfred/shared_mac/MEPA2001_2024/src/install/ngc_interfaces' for CMake config files
[4.973s] Level 1:colcon.colcon_core.shell:create_environment_hook('ngc_interfaces', 'cmake_prefix_path')
[4.974s] INFO:colcon.colcon_core.shell:Creating environment descriptor '/home/alfred/shared_mac/MEPA2001_2024/src/install/ngc_interfaces/share/ngc_interfaces/hook/cmake_prefix_path.dsv'
[4.975s] INFO:colcon.colcon_core.shell:Creating environment hook '/home/alfred/shared_mac/MEPA2001_2024/src/install/ngc_interfaces/share/ngc_interfaces/hook/cmake_prefix_path.sh'
[4.978s] Level 1:colcon.colcon_core.environment:checking '/home/alfred/shared_mac/MEPA2001_2024/src/install/ngc_interfaces/lib'
[4.978s] Level 1:colcon.colcon_core.shell:create_environment_hook('ngc_interfaces', 'ld_library_path_lib')
[4.979s] INFO:colcon.colcon_core.shell:Creating environment descriptor '/home/alfred/shared_mac/MEPA2001_2024/src/install/ngc_interfaces/share/ngc_interfaces/hook/ld_library_path_lib.dsv'
[4.980s] INFO:colcon.colcon_core.shell:Creating environment hook '/home/alfred/shared_mac/MEPA2001_2024/src/install/ngc_interfaces/share/ngc_interfaces/hook/ld_library_path_lib.sh'
[4.982s] Level 1:colcon.colcon_core.environment:checking '/home/alfred/shared_mac/MEPA2001_2024/src/install/ngc_interfaces/bin'
[4.982s] Level 1:colcon.colcon_core.environment:checking '/home/alfred/shared_mac/MEPA2001_2024/src/install/ngc_interfaces/lib/pkgconfig/ngc_interfaces.pc'
[4.983s] Level 1:colcon.colcon_core.environment:checking '/home/alfred/shared_mac/MEPA2001_2024/src/install/ngc_interfaces/lib/python3.12/site-packages'
[4.983s] Level 1:colcon.colcon_core.shell:create_environment_hook('ngc_interfaces', 'pythonpath')
[4.983s] INFO:colcon.colcon_core.shell:Creating environment descriptor '/home/alfred/shared_mac/MEPA2001_2024/src/install/ngc_interfaces/share/ngc_interfaces/hook/pythonpath.dsv'
[4.985s] INFO:colcon.colcon_core.shell:Creating environment hook '/home/alfred/shared_mac/MEPA2001_2024/src/install/ngc_interfaces/share/ngc_interfaces/hook/pythonpath.sh'
[4.987s] Level 1:colcon.colcon_core.environment:checking '/home/alfred/shared_mac/MEPA2001_2024/src/install/ngc_interfaces/bin'
[4.988s] INFO:colcon.colcon_core.shell:Creating package descriptor '/home/alfred/shared_mac/MEPA2001_2024/src/install/ngc_interfaces/share/ngc_interfaces/package.dsv'
[4.989s] INFO:colcon.colcon_core.shell:Creating package script '/home/alfred/shared_mac/MEPA2001_2024/src/install/ngc_interfaces/share/ngc_interfaces/package.sh'
[4.991s] INFO:colcon.colcon_core.shell:Creating package script '/home/alfred/shared_mac/MEPA2001_2024/src/install/ngc_interfaces/share/ngc_interfaces/package.bash'
[4.992s] INFO:colcon.colcon_core.shell:Creating package script '/home/alfred/shared_mac/MEPA2001_2024/src/install/ngc_interfaces/share/ngc_interfaces/package.zsh'
[4.993s] Level 1:colcon.colcon_core.environment:create_file_with_runtime_dependencies(/home/alfred/shared_mac/MEPA2001_2024/src/install/ngc_interfaces/share/colcon-core/packages/ngc_interfaces)
[5.820s] Level 1:colcon.colcon_core.environment:checking '/home/alfred/shared_mac/MEPA2001_2024/src/install/ngc_utils' for CMake module files
[5.822s] DEBUG:colcon.colcon_core.event_handler.log_command:Invoked command in '/home/alfred/shared_mac/MEPA2001_2024/src/ngc_utils' returned '0': DEBUGINFOD_URLS=https://debuginfod.ubuntu.com PYTHONPATH=/home/alfred/shared_mac/MEPA2001_2024/src/build/ngc_utils/prefix_override:/usr/lib/python3/dist-packages/colcon_core/task/python/colcon_distutils_commands:/home/alfred/shared_mac/MEPA2001_2024/src/install/ngc_utils/lib/python3.12/site-packages:${PYTHONPATH} /usr/bin/python3 -W ignore:setup.py install is deprecated setup.py egg_info --egg-base ../build/ngc_utils build --build-base /home/alfred/shared_mac/MEPA2001_2024/src/build/ngc_utils/build install --record /home/alfred/shared_mac/MEPA2001_2024/src/build/ngc_utils/install.log --single-version-externally-managed install_data
[5.826s] Level 1:colcon.colcon_core.environment:checking '/home/alfred/shared_mac/MEPA2001_2024/src/install/ngc_utils' for CMake config files
[5.838s] Level 1:colcon.colcon_core.environment:checking '/home/alfred/shared_mac/MEPA2001_2024/src/install/ngc_utils/lib'
[5.840s] Level 1:colcon.colcon_core.environment:checking '/home/alfred/shared_mac/MEPA2001_2024/src/install/ngc_utils/bin'
[5.840s] Level 1:colcon.colcon_core.environment:checking '/home/alfred/shared_mac/MEPA2001_2024/src/install/ngc_utils/lib/pkgconfig/ngc_utils.pc'
[5.841s] Level 1:colcon.colcon_core.environment:checking '/home/alfred/shared_mac/MEPA2001_2024/src/install/ngc_utils/lib/python3.12/site-packages'
[5.842s] Level 1:colcon.colcon_core.shell:create_environment_hook('ngc_utils', 'pythonpath')
[5.843s] INFO:colcon.colcon_core.shell:Creating environment descriptor '/home/alfred/shared_mac/MEPA2001_2024/src/install/ngc_utils/share/ngc_utils/hook/pythonpath.dsv'
[5.845s] INFO:colcon.colcon_core.shell:Creating environment hook '/home/alfred/shared_mac/MEPA2001_2024/src/install/ngc_utils/share/ngc_utils/hook/pythonpath.sh'
[5.848s] Level 1:colcon.colcon_core.environment:checking '/home/alfred/shared_mac/MEPA2001_2024/src/install/ngc_utils/bin'
[5.848s] Level 1:colcon.colcon_core.environment:create_environment_scripts_only(ngc_utils)
[5.849s] INFO:colcon.colcon_core.shell:Creating package descriptor '/home/alfred/shared_mac/MEPA2001_2024/src/install/ngc_utils/share/ngc_utils/package.dsv'
[5.851s] INFO:colcon.colcon_core.shell:Creating package script '/home/alfred/shared_mac/MEPA2001_2024/src/install/ngc_utils/share/ngc_utils/package.sh'
[5.853s] INFO:colcon.colcon_core.shell:Creating package script '/home/alfred/shared_mac/MEPA2001_2024/src/install/ngc_utils/share/ngc_utils/package.bash'
[5.855s] INFO:colcon.colcon_core.shell:Creating package script '/home/alfred/shared_mac/MEPA2001_2024/src/install/ngc_utils/share/ngc_utils/package.zsh'
[5.856s] Level 1:colcon.colcon_core.environment:create_file_with_runtime_dependencies(/home/alfred/shared_mac/MEPA2001_2024/src/install/ngc_utils/share/colcon-core/packages/ngc_utils)
[5.973s] DEBUG:colcon.colcon_core.event_handler.log_command:Invoking command in '/home/alfred/shared_mac/MEPA2001_2024/src/ngc_sensor_sims': DEBUGINFOD_URLS=https://debuginfod.ubuntu.com PYTHONPATH=/home/alfred/shared_mac/MEPA2001_2024/src/build/ngc_sensor_sims/prefix_override:/usr/lib/python3/dist-packages/colcon_core/task/python/colcon_distutils_commands:/home/alfred/shared_mac/MEPA2001_2024/src/install/ngc_sensor_sims/lib/python3.12/site-packages:${PYTHONPATH} /usr/bin/python3 -W ignore:setup.py install is deprecated setup.py egg_info --egg-base ../build/ngc_sensor_sims build --build-base /home/alfred/shared_mac/MEPA2001_2024/src/build/ngc_sensor_sims/build install --record /home/alfred/shared_mac/MEPA2001_2024/src/build/ngc_sensor_sims/install.log --single-version-externally-managed install_data
[6.165s] Level 1:colcon.colcon_core.environment:checking '/home/alfred/shared_mac/MEPA2001_2024/src/install/kontrolsystem' for CMake module files
[6.170s] DEBUG:colcon.colcon_core.event_handler.log_command:Invoked command in '/home/alfred/shared_mac/MEPA2001_2024/src/kontrolsystem' returned '0': DEBUGINFOD_URLS=https://debuginfod.ubuntu.com PYTHONPATH=/home/alfred/shared_mac/MEPA2001_2024/src/build/kontrolsystem/prefix_override:/usr/lib/python3/dist-packages/colcon_core/task/python/colcon_distutils_commands:/home/alfred/shared_mac/MEPA2001_2024/src/install/kontrolsystem/lib/python3.12/site-packages:${PYTHONPATH} /usr/bin/python3 -W ignore:setup.py install is deprecated setup.py egg_info --egg-base ../build/kontrolsystem build --build-base /home/alfred/shared_mac/MEPA2001_2024/src/build/kontrolsystem/build install --record /home/alfred/shared_mac/MEPA2001_2024/src/build/kontrolsystem/install.log --single-version-externally-managed install_data
[6.179s] Level 1:colcon.colcon_core.environment:checking '/home/alfred/shared_mac/MEPA2001_2024/src/install/kontrolsystem' for CMake config files
[6.199s] Level 1:colcon.colcon_core.environment:checking '/home/alfred/shared_mac/MEPA2001_2024/src/install/kontrolsystem/lib'
[6.200s] Level 1:colcon.colcon_core.environment:checking '/home/alfred/shared_mac/MEPA2001_2024/src/install/kontrolsystem/bin'
[6.201s] Level 1:colcon.colcon_core.environment:checking '/home/alfred/shared_mac/MEPA2001_2024/src/install/kontrolsystem/lib/pkgconfig/kontrolsystem.pc'
[6.202s] Level 1:colcon.colcon_core.environment:checking '/home/alfred/shared_mac/MEPA2001_2024/src/install/kontrolsystem/lib/python3.12/site-packages'
[6.208s] Level 1:colcon.colcon_core.shell:create_environment_hook('kontrolsystem', 'pythonpath')
[6.209s] INFO:colcon.colcon_core.shell:Creating environment descriptor '/home/alfred/shared_mac/MEPA2001_2024/src/install/kontrolsystem/share/kontrolsystem/hook/pythonpath.dsv'
[6.211s] INFO:colcon.colcon_core.shell:Creating environment hook '/home/alfred/shared_mac/MEPA2001_2024/src/install/kontrolsystem/share/kontrolsystem/hook/pythonpath.sh'
[6.214s] Level 1:colcon.colcon_core.environment:checking '/home/alfred/shared_mac/MEPA2001_2024/src/install/kontrolsystem/bin'
[6.215s] Level 1:colcon.colcon_core.environment:create_environment_scripts_only(kontrolsystem)
[6.215s] INFO:colcon.colcon_core.shell:Creating package descriptor '/home/alfred/shared_mac/MEPA2001_2024/src/install/kontrolsystem/share/kontrolsystem/package.dsv'
[6.218s] INFO:colcon.colcon_core.shell:Creating package script '/home/alfred/shared_mac/MEPA2001_2024/src/install/kontrolsystem/share/kontrolsystem/package.sh'
[6.220s] INFO:colcon.colcon_core.shell:Creating package script '/home/alfred/shared_mac/MEPA2001_2024/src/install/kontrolsystem/share/kontrolsystem/package.bash'
[6.221s] INFO:colcon.colcon_core.shell:Creating package script '/home/alfred/shared_mac/MEPA2001_2024/src/install/kontrolsystem/share/kontrolsystem/package.zsh'
[6.223s] Level 1:colcon.colcon_core.environment:create_file_with_runtime_dependencies(/home/alfred/shared_mac/MEPA2001_2024/src/install/kontrolsystem/share/colcon-core/packages/kontrolsystem)
[6.326s] Level 1:colcon.colcon_core.environment:create_environment_scripts_only(ngc_interfaces)
[6.327s] Level 1:colcon.colcon_core.environment:checking '/home/alfred/shared_mac/MEPA2001_2024/src/install/ngc_interfaces' for CMake module files
[6.345s] Level 1:colcon.colcon_core.environment:checking '/home/alfred/shared_mac/MEPA2001_2024/src/install/ngc_interfaces' for CMake config files
[6.357s] Level 1:colcon.colcon_core.shell:create_environment_hook('ngc_interfaces', 'cmake_prefix_path')
[6.358s] INFO:colcon.colcon_core.shell:Creating environment descriptor '/home/alfred/shared_mac/MEPA2001_2024/src/install/ngc_interfaces/share/ngc_interfaces/hook/cmake_prefix_path.dsv'
[6.359s] INFO:colcon.colcon_core.shell:Creating environment hook '/home/alfred/shared_mac/MEPA2001_2024/src/install/ngc_interfaces/share/ngc_interfaces/hook/cmake_prefix_path.sh'
[6.362s] Level 1:colcon.colcon_core.environment:checking '/home/alfred/shared_mac/MEPA2001_2024/src/install/ngc_interfaces/lib'
[6.362s] Level 1:colcon.colcon_core.shell:create_environment_hook('ngc_interfaces', 'ld_library_path_lib')
[6.363s] INFO:colcon.colcon_core.shell:Creating environment descriptor '/home/alfred/shared_mac/MEPA2001_2024/src/install/ngc_interfaces/share/ngc_interfaces/hook/ld_library_path_lib.dsv'
[6.364s] INFO:colcon.colcon_core.shell:Creating environment hook '/home/alfred/shared_mac/MEPA2001_2024/src/install/ngc_interfaces/share/ngc_interfaces/hook/ld_library_path_lib.sh'
[6.367s] Level 1:colcon.colcon_core.environment:checking '/home/alfred/shared_mac/MEPA2001_2024/src/install/ngc_interfaces/bin'
[6.368s] Level 1:colcon.colcon_core.environment:checking '/home/alfred/shared_mac/MEPA2001_2024/src/install/ngc_interfaces/lib/pkgconfig/ngc_interfaces.pc'
[6.369s] Level 1:colcon.colcon_core.environment:checking '/home/alfred/shared_mac/MEPA2001_2024/src/install/ngc_interfaces/lib/python3.12/site-packages'
[6.369s] Level 1:colcon.colcon_core.shell:create_environment_hook('ngc_interfaces', 'pythonpath')
[6.370s] INFO:colcon.colcon_core.shell:Creating environment descriptor '/home/alfred/shared_mac/MEPA2001_2024/src/install/ngc_interfaces/share/ngc_interfaces/hook/pythonpath.dsv'
[6.372s] INFO:colcon.colcon_core.shell:Creating environment hook '/home/alfred/shared_mac/MEPA2001_2024/src/install/ngc_interfaces/share/ngc_interfaces/hook/pythonpath.sh'
[6.373s] Level 1:colcon.colcon_core.environment:checking '/home/alfred/shared_mac/MEPA2001_2024/src/install/ngc_interfaces/bin'
[6.374s] INFO:colcon.colcon_core.shell:Creating package descriptor '/home/alfred/shared_mac/MEPA2001_2024/src/install/ngc_interfaces/share/ngc_interfaces/package.dsv'
[6.375s] INFO:colcon.colcon_core.shell:Creating package script '/home/alfred/shared_mac/MEPA2001_2024/src/install/ngc_interfaces/share/ngc_interfaces/package.sh'
[6.380s] INFO:colcon.colcon_core.shell:Creating package script '/home/alfred/shared_mac/MEPA2001_2024/src/install/ngc_interfaces/share/ngc_interfaces/package.bash'
[6.381s] INFO:colcon.colcon_core.shell:Creating package script '/home/alfred/shared_mac/MEPA2001_2024/src/install/ngc_interfaces/share/ngc_interfaces/package.zsh'
[6.383s] Level 1:colcon.colcon_core.environment:create_file_with_runtime_dependencies(/home/alfred/shared_mac/MEPA2001_2024/src/install/ngc_interfaces/share/colcon-core/packages/ngc_interfaces)
[6.385s] INFO:colcon.colcon_ros.task.ament_python.build:Building ROS package in '/home/alfred/shared_mac/MEPA2001_2024/src/ngc_hmi' with build type 'ament_python'
[6.385s] Level 1:colcon.colcon_core.shell:create_environment_hook('ngc_hmi', 'ament_prefix_path')
[6.385s] INFO:colcon.colcon_core.shell:Creating environment descriptor '/home/alfred/shared_mac/MEPA2001_2024/src/install/ngc_hmi/share/ngc_hmi/hook/ament_prefix_path.dsv'
[6.387s] INFO:colcon.colcon_core.shell:Creating environment hook '/home/alfred/shared_mac/MEPA2001_2024/src/install/ngc_hmi/share/ngc_hmi/hook/ament_prefix_path.sh'
[6.389s] DEBUG:colcon.colcon_core.shell:Skip shell extension 'dsv' for command environment
[6.416s] INFO:colcon.colcon_ros.task.ament_python.build:Building ROS package in '/home/alfred/shared_mac/MEPA2001_2024/src/ngc_hull_sim' with build type 'ament_python'
[6.416s] Level 1:colcon.colcon_core.shell:create_environment_hook('ngc_hull_sim', 'ament_prefix_path')
[6.417s] INFO:colcon.colcon_core.shell:Creating environment descriptor '/home/alfred/shared_mac/MEPA2001_2024/src/install/ngc_hull_sim/share/ngc_hull_sim/hook/ament_prefix_path.dsv'
[6.422s] INFO:colcon.colcon_core.shell:Creating environment hook '/home/alfred/shared_mac/MEPA2001_2024/src/install/ngc_hull_sim/share/ngc_hull_sim/hook/ament_prefix_path.sh'
[6.427s] DEBUG:colcon.colcon_core.shell:Skip shell extension 'dsv' for command environment
[6.447s] INFO:colcon.colcon_ros.task.ament_python.build:Building ROS package in '/home/alfred/shared_mac/MEPA2001_2024/src/ngc_propulsion_sim' with build type 'ament_python'
[6.447s] Level 1:colcon.colcon_core.shell:create_environment_hook('ngc_propulsion_sim', 'ament_prefix_path')
[6.448s] INFO:colcon.colcon_core.shell:Creating environment descriptor '/home/alfred/shared_mac/MEPA2001_2024/src/install/ngc_propulsion_sim/share/ngc_propulsion_sim/hook/ament_prefix_path.dsv'
[6.453s] INFO:colcon.colcon_core.shell:Creating environment hook '/home/alfred/shared_mac/MEPA2001_2024/src/install/ngc_propulsion_sim/share/ngc_propulsion_sim/hook/ament_prefix_path.sh'
[6.456s] DEBUG:colcon.colcon_core.shell:Skip shell extension 'dsv' for command environment
[6.980s] INFO:colcon.colcon_core.task.python.build:Building Python package in '/home/alfred/shared_mac/MEPA2001_2024/src/ngc_hmi'
[6.981s] DEBUG:colcon.colcon_core.shell:Skip shell extension 'dsv' for command environment
[7.429s] INFO:colcon.colcon_core.task.python.build:Building Python package in '/home/alfred/shared_mac/MEPA2001_2024/src/ngc_hull_sim'
[7.429s] DEBUG:colcon.colcon_core.shell:Skip shell extension 'dsv' for command environment
[7.804s] INFO:colcon.colcon_core.task.python.build:Building Python package in '/home/alfred/shared_mac/MEPA2001_2024/src/ngc_propulsion_sim'
[7.804s] DEBUG:colcon.colcon_core.shell:Skip shell extension 'dsv' for command environment
[7.832s] Level 1:colcon.colcon_core.environment:checking '/home/alfred/shared_mac/MEPA2001_2024/src/install/ngc_sensor_sims' for CMake module files
[7.834s] DEBUG:colcon.colcon_core.event_handler.log_command:Invoked command in '/home/alfred/shared_mac/MEPA2001_2024/src/ngc_sensor_sims' returned '0': DEBUGINFOD_URLS=https://debuginfod.ubuntu.com PYTHONPATH=/home/alfred/shared_mac/MEPA2001_2024/src/build/ngc_sensor_sims/prefix_override:/usr/lib/python3/dist-packages/colcon_core/task/python/colcon_distutils_commands:/home/alfred/shared_mac/MEPA2001_2024/src/install/ngc_sensor_sims/lib/python3.12/site-packages:${PYTHONPATH} /usr/bin/python3 -W ignore:setup.py install is deprecated setup.py egg_info --egg-base ../build/ngc_sensor_sims build --build-base /home/alfred/shared_mac/MEPA2001_2024/src/build/ngc_sensor_sims/build install --record /home/alfred/shared_mac/MEPA2001_2024/src/build/ngc_sensor_sims/install.log --single-version-externally-managed install_data
[7.839s] Level 1:colcon.colcon_core.environment:checking '/home/alfred/shared_mac/MEPA2001_2024/src/install/ngc_sensor_sims' for CMake config files
[7.857s] Level 1:colcon.colcon_core.environment:checking '/home/alfred/shared_mac/MEPA2001_2024/src/install/ngc_sensor_sims/lib'
[7.858s] Level 1:colcon.colcon_core.environment:checking '/home/alfred/shared_mac/MEPA2001_2024/src/install/ngc_sensor_sims/bin'
[7.859s] Level 1:colcon.colcon_core.environment:checking '/home/alfred/shared_mac/MEPA2001_2024/src/install/ngc_sensor_sims/lib/pkgconfig/ngc_sensor_sims.pc'
[7.859s] Level 1:colcon.colcon_core.environment:checking '/home/alfred/shared_mac/MEPA2001_2024/src/install/ngc_sensor_sims/lib/python3.12/site-packages'
[7.859s] Level 1:colcon.colcon_core.shell:create_environment_hook('ngc_sensor_sims', 'pythonpath')
[7.860s] INFO:colcon.colcon_core.shell:Creating environment descriptor '/home/alfred/shared_mac/MEPA2001_2024/src/install/ngc_sensor_sims/share/ngc_sensor_sims/hook/pythonpath.dsv'
[7.861s] INFO:colcon.colcon_core.shell:Creating environment hook '/home/alfred/shared_mac/MEPA2001_2024/src/install/ngc_sensor_sims/share/ngc_sensor_sims/hook/pythonpath.sh'
[7.863s] Level 1:colcon.colcon_core.environment:checking '/home/alfred/shared_mac/MEPA2001_2024/src/install/ngc_sensor_sims/bin'
[7.864s] Level 1:colcon.colcon_core.environment:create_environment_scripts_only(ngc_sensor_sims)
[7.864s] INFO:colcon.colcon_core.shell:Creating package descriptor '/home/alfred/shared_mac/MEPA2001_2024/src/install/ngc_sensor_sims/share/ngc_sensor_sims/package.dsv'
[7.866s] INFO:colcon.colcon_core.shell:Creating package script '/home/alfred/shared_mac/MEPA2001_2024/src/install/ngc_sensor_sims/share/ngc_sensor_sims/package.sh'
[7.867s] INFO:colcon.colcon_core.shell:Creating package script '/home/alfred/shared_mac/MEPA2001_2024/src/install/ngc_sensor_sims/share/ngc_sensor_sims/package.bash'
[7.869s] INFO:colcon.colcon_core.shell:Creating package script '/home/alfred/shared_mac/MEPA2001_2024/src/install/ngc_sensor_sims/share/ngc_sensor_sims/package.zsh'
[7.870s] Level 1:colcon.colcon_core.environment:create_file_with_runtime_dependencies(/home/alfred/shared_mac/MEPA2001_2024/src/install/ngc_sensor_sims/share/colcon-core/packages/ngc_sensor_sims)
[8.948s] DEBUG:colcon.colcon_core.event_handler.log_command:Invoking command in '/home/alfred/shared_mac/MEPA2001_2024/src/ngc_hull_sim': AMENT_PREFIX_PATH=/home/alfred/shared_mac/MEPA2001_2024/src/install/ngc_utils:/home/alfred/shared_mac/MEPA2001_2024/src/install/ngc_hull_sim:/home/alfred/shared_mac/MEPA2001_2024/src/install/ngc_sensor_sims:/home/alfred/shared_mac/MEPA2001_2024/src/install/ngc_propulsion_sim:/home/alfred/shared_mac/MEPA2001_2024/src/install/ngc_hmi:/home/alfred/shared_mac/MEPA2001_2024/src/install/ngc_interfaces:/home/alfred/shared_mac/MEPA2001_2024/src/install/ngc_bringup:/home/alfred/shared_mac/MEPA2001_2024/src/install/kontrolsystem:/opt/ros/jazzy DEBUGINFOD_URLS=https://debuginfod.ubuntu.com PYTHONPATH=/home/alfred/shared_mac/MEPA2001_2024/src/build/ngc_hull_sim/prefix_override:/usr/lib/python3/dist-packages/colcon_core/task/python/colcon_distutils_commands:/home/alfred/shared_mac/MEPA2001_2024/src/install/ngc_hull_sim/lib/python3.12/site-packages:/home/alfred/shared_mac/MEPA2001_2024/src/install/ngc_utils/lib/python3.12/site-packages:/home/alfred/shared_mac/MEPA2001_2024/src/install/ngc_interfaces/lib/python3.12/site-packages:/home/alfred/shared_mac/MEPA2001_2024/src/install/ngc_hull_sim/lib/python3.12/site-packages:/home/alfred/shared_mac/MEPA2001_2024/src/install/ngc_sensor_sims/lib/python3.12/site-packages:/home/alfred/shared_mac/MEPA2001_2024/src/install/ngc_propulsion_sim/lib/python3.12/site-packages:/home/alfred/shared_mac/MEPA2001_2024/src/install/ngc_hmi/lib/python3.12/site-packages:/home/alfred/shared_mac/MEPA2001_2024/src/install/kontrolsystem/lib/python3.12/site-packages:/opt/ros/jazzy/lib/python3.12/site-packages /usr/bin/python3 -W ignore:setup.py install is deprecated setup.py egg_info --egg-base ../build/ngc_hull_sim build --build-base /home/alfred/shared_mac/MEPA2001_2024/src/build/ngc_hull_sim/build install --record /home/alfred/shared_mac/MEPA2001_2024/src/build/ngc_hull_sim/install.log --single-version-externally-managed install_data
[8.966s] DEBUG:colcon.colcon_core.event_handler.log_command:Invoking command in '/home/alfred/shared_mac/MEPA2001_2024/src/ngc_propulsion_sim': DEBUGINFOD_URLS=https://debuginfod.ubuntu.com PYTHONPATH=/home/alfred/shared_mac/MEPA2001_2024/src/build/ngc_propulsion_sim/prefix_override:/usr/lib/python3/dist-packages/colcon_core/task/python/colcon_distutils_commands:/home/alfred/shared_mac/MEPA2001_2024/src/install/ngc_propulsion_sim/lib/python3.12/site-packages:/home/alfred/shared_mac/MEPA2001_2024/src/install/ngc_interfaces/lib/python3.12/site-packages:/home/alfred/shared_mac/MEPA2001_2024/src/install/ngc_hull_sim/lib/python3.12/site-packages:/home/alfred/shared_mac/MEPA2001_2024/src/install/ngc_utils/lib/python3.12/site-packages:/home/alfred/shared_mac/MEPA2001_2024/src/install/ngc_sensor_sims/lib/python3.12/site-packages:/home/alfred/shared_mac/MEPA2001_2024/src/install/ngc_propulsion_sim/lib/python3.12/site-packages:/home/alfred/shared_mac/MEPA2001_2024/src/install/ngc_hmi/lib/python3.12/site-packages:/home/alfred/shared_mac/MEPA2001_2024/src/install/kontrolsystem/lib/python3.12/site-packages:/opt/ros/jazzy/lib/python3.12/site-packages /usr/bin/python3 -W ignore:setup.py install is deprecated setup.py egg_info --egg-base ../build/ngc_propulsion_sim build --build-base /home/alfred/shared_mac/MEPA2001_2024/src/build/ngc_propulsion_sim/build install --record /home/alfred/shared_mac/MEPA2001_2024/src/build/ngc_propulsion_sim/install.log --single-version-externally-managed install_data
[9.056s] DEBUG:colcon.colcon_core.event_handler.log_command:Invoking command in '/home/alfred/shared_mac/MEPA2001_2024/src/ngc_hmi': DEBUGINFOD_URLS=https://debuginfod.ubuntu.com PYTHONPATH=/home/alfred/shared_mac/MEPA2001_2024/src/build/ngc_hmi/prefix_override:/usr/lib/python3/dist-packages/colcon_core/task/python/colcon_distutils_commands:/home/alfred/shared_mac/MEPA2001_2024/src/install/ngc_hmi/lib/python3.12/site-packages:/home/alfred/shared_mac/MEPA2001_2024/src/install/ngc_interfaces/lib/python3.12/site-packages:/home/alfred/shared_mac/MEPA2001_2024/src/install/ngc_hull_sim/lib/python3.12/site-packages:/home/alfred/shared_mac/MEPA2001_2024/src/install/ngc_utils/lib/python3.12/site-packages:/home/alfred/shared_mac/MEPA2001_2024/src/install/ngc_sensor_sims/lib/python3.12/site-packages:/home/alfred/shared_mac/MEPA2001_2024/src/install/ngc_propulsion_sim/lib/python3.12/site-packages:/home/alfred/shared_mac/MEPA2001_2024/src/install/ngc_hmi/lib/python3.12/site-packages:/home/alfred/shared_mac/MEPA2001_2024/src/install/kontrolsystem/lib/python3.12/site-packages:/opt/ros/jazzy/lib/python3.12/site-packages /usr/bin/python3 -W ignore:setup.py install is deprecated setup.py egg_info --egg-base ../build/ngc_hmi build --build-base /home/alfred/shared_mac/MEPA2001_2024/src/build/ngc_hmi/build install --record /home/alfred/shared_mac/MEPA2001_2024/src/build/ngc_hmi/install.log --single-version-externally-managed install_data
[10.091s] Level 1:colcon.colcon_core.environment:checking '/home/alfred/shared_mac/MEPA2001_2024/src/install/ngc_hull_sim' for CMake module files
[10.093s] DEBUG:colcon.colcon_core.event_handler.log_command:Invoked command in '/home/alfred/shared_mac/MEPA2001_2024/src/ngc_hull_sim' returned '0': AMENT_PREFIX_PATH=/home/alfred/shared_mac/MEPA2001_2024/src/install/ngc_utils:/home/alfred/shared_mac/MEPA2001_2024/src/install/ngc_hull_sim:/home/alfred/shared_mac/MEPA2001_2024/src/install/ngc_sensor_sims:/home/alfred/shared_mac/MEPA2001_2024/src/install/ngc_propulsion_sim:/home/alfred/shared_mac/MEPA2001_2024/src/install/ngc_hmi:/home/alfred/shared_mac/MEPA2001_2024/src/install/ngc_interfaces:/home/alfred/shared_mac/MEPA2001_2024/src/install/ngc_bringup:/home/alfred/shared_mac/MEPA2001_2024/src/install/kontrolsystem:/opt/ros/jazzy DEBUGINFOD_URLS=https://debuginfod.ubuntu.com PYTHONPATH=/home/alfred/shared_mac/MEPA2001_2024/src/build/ngc_hull_sim/prefix_override:/usr/lib/python3/dist-packages/colcon_core/task/python/colcon_distutils_commands:/home/alfred/shared_mac/MEPA2001_2024/src/install/ngc_hull_sim/lib/python3.12/site-packages:/home/alfred/shared_mac/MEPA2001_2024/src/install/ngc_utils/lib/python3.12/site-packages:/home/alfred/shared_mac/MEPA2001_2024/src/install/ngc_interfaces/lib/python3.12/site-packages:/home/alfred/shared_mac/MEPA2001_2024/src/install/ngc_hull_sim/lib/python3.12/site-packages:/home/alfred/shared_mac/MEPA2001_2024/src/install/ngc_sensor_sims/lib/python3.12/site-packages:/home/alfred/shared_mac/MEPA2001_2024/src/install/ngc_propulsion_sim/lib/python3.12/site-packages:/home/alfred/shared_mac/MEPA2001_2024/src/install/ngc_hmi/lib/python3.12/site-packages:/home/alfred/shared_mac/MEPA2001_2024/src/install/kontrolsystem/lib/python3.12/site-packages:/opt/ros/jazzy/lib/python3.12/site-packages /usr/bin/python3 -W ignore:setup.py install is deprecated setup.py egg_info --egg-base ../build/ngc_hull_sim build --build-base /home/alfred/shared_mac/MEPA2001_2024/src/build/ngc_hull_sim/build install --record /home/alfred/shared_mac/MEPA2001_2024/src/build/ngc_hull_sim/install.log --single-version-externally-managed install_data
[10.098s] Level 1:colcon.colcon_core.environment:checking '/home/alfred/shared_mac/MEPA2001_2024/src/install/ngc_hull_sim' for CMake config files
[10.115s] Level 1:colcon.colcon_core.environment:checking '/home/alfred/shared_mac/MEPA2001_2024/src/install/ngc_hull_sim/lib'
[10.116s] Level 1:colcon.colcon_core.environment:checking '/home/alfred/shared_mac/MEPA2001_2024/src/install/ngc_hull_sim/bin'
[10.116s] Level 1:colcon.colcon_core.environment:checking '/home/alfred/shared_mac/MEPA2001_2024/src/install/ngc_hull_sim/lib/pkgconfig/ngc_hull_sim.pc'
[10.117s] Level 1:colcon.colcon_core.environment:checking '/home/alfred/shared_mac/MEPA2001_2024/src/install/ngc_hull_sim/lib/python3.12/site-packages'
[10.118s] Level 1:colcon.colcon_core.shell:create_environment_hook('ngc_hull_sim', 'pythonpath')
[10.119s] INFO:colcon.colcon_core.shell:Creating environment descriptor '/home/alfred/shared_mac/MEPA2001_2024/src/install/ngc_hull_sim/share/ngc_hull_sim/hook/pythonpath.dsv'
[10.122s] INFO:colcon.colcon_core.shell:Creating environment hook '/home/alfred/shared_mac/MEPA2001_2024/src/install/ngc_hull_sim/share/ngc_hull_sim/hook/pythonpath.sh'
[10.124s] Level 1:colcon.colcon_core.environment:checking '/home/alfred/shared_mac/MEPA2001_2024/src/install/ngc_hull_sim/bin'
[10.125s] Level 1:colcon.colcon_core.environment:create_environment_scripts_only(ngc_hull_sim)
[10.128s] INFO:colcon.colcon_core.shell:Creating package descriptor '/home/alfred/shared_mac/MEPA2001_2024/src/install/ngc_hull_sim/share/ngc_hull_sim/package.dsv'
[10.131s] INFO:colcon.colcon_core.shell:Creating package script '/home/alfred/shared_mac/MEPA2001_2024/src/install/ngc_hull_sim/share/ngc_hull_sim/package.sh'
[10.138s] INFO:colcon.colcon_core.shell:Creating package script '/home/alfred/shared_mac/MEPA2001_2024/src/install/ngc_hull_sim/share/ngc_hull_sim/package.bash'
[10.140s] INFO:colcon.colcon_core.shell:Creating package script '/home/alfred/shared_mac/MEPA2001_2024/src/install/ngc_hull_sim/share/ngc_hull_sim/package.zsh'
[10.142s] Level 1:colcon.colcon_core.environment:create_file_with_runtime_dependencies(/home/alfred/shared_mac/MEPA2001_2024/src/install/ngc_hull_sim/share/colcon-core/packages/ngc_hull_sim)
[10.152s] Level 1:colcon.colcon_core.environment:checking '/home/alfred/shared_mac/MEPA2001_2024/src/install/ngc_propulsion_sim' for CMake module files
[10.160s] DEBUG:colcon.colcon_core.event_handler.log_command:Invoked command in '/home/alfred/shared_mac/MEPA2001_2024/src/ngc_propulsion_sim' returned '0': DEBUGINFOD_URLS=https://debuginfod.ubuntu.com PYTHONPATH=/home/alfred/shared_mac/MEPA2001_2024/src/build/ngc_propulsion_sim/prefix_override:/usr/lib/python3/dist-packages/colcon_core/task/python/colcon_distutils_commands:/home/alfred/shared_mac/MEPA2001_2024/src/install/ngc_propulsion_sim/lib/python3.12/site-packages:/home/alfred/shared_mac/MEPA2001_2024/src/install/ngc_interfaces/lib/python3.12/site-packages:/home/alfred/shared_mac/MEPA2001_2024/src/install/ngc_hull_sim/lib/python3.12/site-packages:/home/alfred/shared_mac/MEPA2001_2024/src/install/ngc_utils/lib/python3.12/site-packages:/home/alfred/shared_mac/MEPA2001_2024/src/install/ngc_sensor_sims/lib/python3.12/site-packages:/home/alfred/shared_mac/MEPA2001_2024/src/install/ngc_propulsion_sim/lib/python3.12/site-packages:/home/alfred/shared_mac/MEPA2001_2024/src/install/ngc_hmi/lib/python3.12/site-packages:/home/alfred/shared_mac/MEPA2001_2024/src/install/kontrolsystem/lib/python3.12/site-packages:/opt/ros/jazzy/lib/python3.12/site-packages /usr/bin/python3 -W ignore:setup.py install is deprecated setup.py egg_info --egg-base ../build/ngc_propulsion_sim build --build-base /home/alfred/shared_mac/MEPA2001_2024/src/build/ngc_propulsion_sim/build install --record /home/alfred/shared_mac/MEPA2001_2024/src/build/ngc_propulsion_sim/install.log --single-version-externally-managed install_data
[10.167s] Level 1:colcon.colcon_core.environment:checking '/home/alfred/shared_mac/MEPA2001_2024/src/install/ngc_propulsion_sim' for CMake config files
[10.192s] Level 1:colcon.colcon_core.environment:checking '/home/alfred/shared_mac/MEPA2001_2024/src/install/ngc_propulsion_sim/lib'
[10.193s] Level 1:colcon.colcon_core.environment:checking '/home/alfred/shared_mac/MEPA2001_2024/src/install/ngc_propulsion_sim/bin'
[10.193s] Level 1:colcon.colcon_core.environment:checking '/home/alfred/shared_mac/MEPA2001_2024/src/install/ngc_propulsion_sim/lib/pkgconfig/ngc_propulsion_sim.pc'
[10.194s] Level 1:colcon.colcon_core.environment:checking '/home/alfred/shared_mac/MEPA2001_2024/src/install/ngc_propulsion_sim/lib/python3.12/site-packages'
[10.194s] Level 1:colcon.colcon_core.shell:create_environment_hook('ngc_propulsion_sim', 'pythonpath')
[10.202s] INFO:colcon.colcon_core.shell:Creating environment descriptor '/home/alfred/shared_mac/MEPA2001_2024/src/install/ngc_propulsion_sim/share/ngc_propulsion_sim/hook/pythonpath.dsv'
[10.206s] INFO:colcon.colcon_core.shell:Creating environment hook '/home/alfred/shared_mac/MEPA2001_2024/src/install/ngc_propulsion_sim/share/ngc_propulsion_sim/hook/pythonpath.sh'
[10.210s] Level 1:colcon.colcon_core.environment:checking '/home/alfred/shared_mac/MEPA2001_2024/src/install/ngc_propulsion_sim/bin'
[10.211s] Level 1:colcon.colcon_core.environment:create_environment_scripts_only(ngc_propulsion_sim)
[10.212s] INFO:colcon.colcon_core.shell:Creating package descriptor '/home/alfred/shared_mac/MEPA2001_2024/src/install/ngc_propulsion_sim/share/ngc_propulsion_sim/package.dsv'
[10.216s] INFO:colcon.colcon_core.shell:Creating package script '/home/alfred/shared_mac/MEPA2001_2024/src/install/ngc_propulsion_sim/share/ngc_propulsion_sim/package.sh'
[10.220s] INFO:colcon.colcon_core.shell:Creating package script '/home/alfred/shared_mac/MEPA2001_2024/src/install/ngc_propulsion_sim/share/ngc_propulsion_sim/package.bash'
[10.222s] INFO:colcon.colcon_core.shell:Creating package script '/home/alfred/shared_mac/MEPA2001_2024/src/install/ngc_propulsion_sim/share/ngc_propulsion_sim/package.zsh'
[10.225s] Level 1:colcon.colcon_core.environment:create_file_with_runtime_dependencies(/home/alfred/shared_mac/MEPA2001_2024/src/install/ngc_propulsion_sim/share/colcon-core/packages/ngc_propulsion_sim)
[10.425s] Level 1:colcon.colcon_core.environment:checking '/home/alfred/shared_mac/MEPA2001_2024/src/install/ngc_hmi' for CMake module files
[10.428s] DEBUG:colcon.colcon_core.event_handler.log_command:Invoked command in '/home/alfred/shared_mac/MEPA2001_2024/src/ngc_hmi' returned '0': DEBUGINFOD_URLS=https://debuginfod.ubuntu.com PYTHONPATH=/home/alfred/shared_mac/MEPA2001_2024/src/build/ngc_hmi/prefix_override:/usr/lib/python3/dist-packages/colcon_core/task/python/colcon_distutils_commands:/home/alfred/shared_mac/MEPA2001_2024/src/install/ngc_hmi/lib/python3.12/site-packages:/home/alfred/shared_mac/MEPA2001_2024/src/install/ngc_interfaces/lib/python3.12/site-packages:/home/alfred/shared_mac/MEPA2001_2024/src/install/ngc_hull_sim/lib/python3.12/site-packages:/home/alfred/shared_mac/MEPA2001_2024/src/install/ngc_utils/lib/python3.12/site-packages:/home/alfred/shared_mac/MEPA2001_2024/src/install/ngc_sensor_sims/lib/python3.12/site-packages:/home/alfred/shared_mac/MEPA2001_2024/src/install/ngc_propulsion_sim/lib/python3.12/site-packages:/home/alfred/shared_mac/MEPA2001_2024/src/install/ngc_hmi/lib/python3.12/site-packages:/home/alfred/shared_mac/MEPA2001_2024/src/install/kontrolsystem/lib/python3.12/site-packages:/opt/ros/jazzy/lib/python3.12/site-packages /usr/bin/python3 -W ignore:setup.py install is deprecated setup.py egg_info --egg-base ../build/ngc_hmi build --build-base /home/alfred/shared_mac/MEPA2001_2024/src/build/ngc_hmi/build install --record /home/alfred/shared_mac/MEPA2001_2024/src/build/ngc_hmi/install.log --single-version-externally-managed install_data
[10.434s] Level 1:colcon.colcon_core.environment:checking '/home/alfred/shared_mac/MEPA2001_2024/src/install/ngc_hmi' for CMake config files
[10.449s] Level 1:colcon.colcon_core.environment:checking '/home/alfred/shared_mac/MEPA2001_2024/src/install/ngc_hmi/lib'
[10.450s] Level 1:colcon.colcon_core.environment:checking '/home/alfred/shared_mac/MEPA2001_2024/src/install/ngc_hmi/bin'
[10.451s] Level 1:colcon.colcon_core.environment:checking '/home/alfred/shared_mac/MEPA2001_2024/src/install/ngc_hmi/lib/pkgconfig/ngc_hmi.pc'
[10.451s] Level 1:colcon.colcon_core.environment:checking '/home/alfred/shared_mac/MEPA2001_2024/src/install/ngc_hmi/lib/python3.12/site-packages'
[10.452s] Level 1:colcon.colcon_core.shell:create_environment_hook('ngc_hmi', 'pythonpath')
[10.452s] INFO:colcon.colcon_core.shell:Creating environment descriptor '/home/alfred/shared_mac/MEPA2001_2024/src/install/ngc_hmi/share/ngc_hmi/hook/pythonpath.dsv'
[10.453s] INFO:colcon.colcon_core.shell:Creating environment hook '/home/alfred/shared_mac/MEPA2001_2024/src/install/ngc_hmi/share/ngc_hmi/hook/pythonpath.sh'
[10.455s] Level 1:colcon.colcon_core.environment:checking '/home/alfred/shared_mac/MEPA2001_2024/src/install/ngc_hmi/bin'
[10.456s] Level 1:colcon.colcon_core.environment:create_environment_scripts_only(ngc_hmi)
[10.456s] INFO:colcon.colcon_core.shell:Creating package descriptor '/home/alfred/shared_mac/MEPA2001_2024/src/install/ngc_hmi/share/ngc_hmi/package.dsv'
[10.457s] INFO:colcon.colcon_core.shell:Creating package script '/home/alfred/shared_mac/MEPA2001_2024/src/install/ngc_hmi/share/ngc_hmi/package.sh'
[10.459s] INFO:colcon.colcon_core.shell:Creating package script '/home/alfred/shared_mac/MEPA2001_2024/src/install/ngc_hmi/share/ngc_hmi/package.bash'
[10.460s] INFO:colcon.colcon_core.shell:Creating package script '/home/alfred/shared_mac/MEPA2001_2024/src/install/ngc_hmi/share/ngc_hmi/package.zsh'
[10.461s] Level 1:colcon.colcon_core.environment:create_file_with_runtime_dependencies(/home/alfred/shared_mac/MEPA2001_2024/src/install/ngc_hmi/share/colcon-core/packages/ngc_hmi)
[10.463s] DEBUG:colcon.colcon_parallel_executor.executor.parallel:closing loop
[10.465s] DEBUG:colcon.colcon_parallel_executor.executor.parallel:loop closed
[10.466s] DEBUG:colcon.colcon_parallel_executor.executor.parallel:run_until_complete finished with '0'
[10.466s] DEBUG:colcon.colcon_core.event_reactor:joining thread
[10.495s] INFO:colcon.colcon_core.plugin_system:Skipping extension 'colcon_notification.desktop_notification.terminal_notifier': Not used on non-Darwin systems
[10.496s] INFO:colcon.colcon_core.plugin_system:Skipping extension 'colcon_notification.desktop_notification.win32': Not used on non-Windows systems
[10.497s] INFO:colcon.colcon_notification.desktop_notification:Sending desktop notification using 'notify2'
[10.552s] DEBUG:colcon.colcon_core.event_reactor:joined thread
[10.553s] INFO:colcon.colcon_core.shell:Creating prefix script '/home/alfred/shared_mac/MEPA2001_2024/src/install/local_setup.sh'
[10.556s] INFO:colcon.colcon_core.shell:Creating prefix util module '/home/alfred/shared_mac/MEPA2001_2024/src/install/_local_setup_util_sh.py'
[10.559s] INFO:colcon.colcon_core.shell:Creating prefix chain script '/home/alfred/shared_mac/MEPA2001_2024/src/install/setup.sh'
[10.589s] INFO:colcon.colcon_core.shell:Creating prefix script '/home/alfred/shared_mac/MEPA2001_2024/src/install/local_setup.bash'
[10.592s] INFO:colcon.colcon_core.shell:Creating prefix chain script '/home/alfred/shared_mac/MEPA2001_2024/src/install/setup.bash'
[10.623s] INFO:colcon.colcon_core.shell:Creating prefix script '/home/alfred/shared_mac/MEPA2001_2024/src/install/local_setup.zsh'
[10.628s] INFO:colcon.colcon_core.shell:Creating prefix chain script '/home/alfred/shared_mac/MEPA2001_2024/src/install/setup.zsh'
