[2.754s] Invoking command in '/home/alfred/shared_mac/MEPA2001_2024/src/ngc_sensor_sims': DEBUGINFOD_URLS=https://debuginfod.ubuntu.com PYTHONPATH=/home/alfred/shared_mac/MEPA2001_2024/src/build/ngc_sensor_sims/prefix_override:/usr/lib/python3/dist-packages/colcon_core/task/python/colcon_distutils_commands:/home/alfred/shared_mac/MEPA2001_2024/src/install/ngc_sensor_sims/lib/python3.12/site-packages:${PYTHONPATH} /usr/bin/python3 -W ignore:setup.py install is deprecated setup.py egg_info --egg-base ../build/ngc_sensor_sims build --build-base /home/alfred/shared_mac/MEPA2001_2024/src/build/ngc_sensor_sims/build install --record /home/alfred/shared_mac/MEPA2001_2024/src/build/ngc_sensor_sims/install.log --single-version-externally-managed install_data
[3.555s] running egg_info
[3.556s] creating ../build/ngc_sensor_sims/ngc_sensor_sims.egg-info
[3.588s] writing ../build/ngc_sensor_sims/ngc_sensor_sims.egg-info/PKG-INFO
[3.592s] writing dependency_links to ../build/ngc_sensor_sims/ngc_sensor_sims.egg-info/dependency_links.txt
[3.593s] writing entry points to ../build/ngc_sensor_sims/ngc_sensor_sims.egg-info/entry_points.txt
[3.594s] writing requirements to ../build/ngc_sensor_sims/ngc_sensor_sims.egg-info/requires.txt
[3.596s] writing top-level names to ../build/ngc_sensor_sims/ngc_sensor_sims.egg-info/top_level.txt
[3.597s] writing manifest file '../build/ngc_sensor_sims/ngc_sensor_sims.egg-info/SOURCES.txt'
[3.689s] reading manifest file '../build/ngc_sensor_sims/ngc_sensor_sims.egg-info/SOURCES.txt'
[3.694s] writing manifest file '../build/ngc_sensor_sims/ngc_sensor_sims.egg-info/SOURCES.txt'
[3.695s] running build
[3.696s] running build_py
[3.697s] creating /home/alfred/shared_mac/MEPA2001_2024/src/build/ngc_sensor_sims/build
[3.698s] creating /home/alfred/shared_mac/MEPA2001_2024/src/build/ngc_sensor_sims/build/lib
[3.700s] creating /home/alfred/shared_mac/MEPA2001_2024/src/build/ngc_sensor_sims/build/lib/ngc_sensor_sims
[3.701s] copying ngc_sensor_sims/gnss.py -> /home/alfred/shared_mac/MEPA2001_2024/src/build/ngc_sensor_sims/build/lib/ngc_sensor_sims
[3.702s] copying ngc_sensor_sims/__init__.py -> /home/alfred/shared_mac/MEPA2001_2024/src/build/ngc_sensor_sims/build/lib/ngc_sensor_sims
[3.705s] copying ngc_sensor_sims/anemometer.py -> /home/alfred/shared_mac/MEPA2001_2024/src/build/ngc_sensor_sims/build/lib/ngc_sensor_sims
[3.709s] copying ngc_sensor_sims/compass.py -> /home/alfred/shared_mac/MEPA2001_2024/src/build/ngc_sensor_sims/build/lib/ngc_sensor_sims
[3.713s] running install
[3.723s] running install_lib
[3.772s] creating /home/alfred/shared_mac/MEPA2001_2024/src/install/ngc_sensor_sims/lib/python3.12/site-packages/ngc_sensor_sims
[3.773s] copying /home/alfred/shared_mac/MEPA2001_2024/src/build/ngc_sensor_sims/build/lib/ngc_sensor_sims/gnss.py -> /home/alfred/shared_mac/MEPA2001_2024/src/install/ngc_sensor_sims/lib/python3.12/site-packages/ngc_sensor_sims
[3.779s] copying /home/alfred/shared_mac/MEPA2001_2024/src/build/ngc_sensor_sims/build/lib/ngc_sensor_sims/__init__.py -> /home/alfred/shared_mac/MEPA2001_2024/src/install/ngc_sensor_sims/lib/python3.12/site-packages/ngc_sensor_sims
[3.784s] copying /home/alfred/shared_mac/MEPA2001_2024/src/build/ngc_sensor_sims/build/lib/ngc_sensor_sims/anemometer.py -> /home/alfred/shared_mac/MEPA2001_2024/src/install/ngc_sensor_sims/lib/python3.12/site-packages/ngc_sensor_sims
[3.790s] copying /home/alfred/shared_mac/MEPA2001_2024/src/build/ngc_sensor_sims/build/lib/ngc_sensor_sims/compass.py -> /home/alfred/shared_mac/MEPA2001_2024/src/install/ngc_sensor_sims/lib/python3.12/site-packages/ngc_sensor_sims
[3.798s] byte-compiling /home/alfred/shared_mac/MEPA2001_2024/src/install/ngc_sensor_sims/lib/python3.12/site-packages/ngc_sensor_sims/gnss.py to gnss.cpython-312.pyc
[3.806s] byte-compiling /home/alfred/shared_mac/MEPA2001_2024/src/install/ngc_sensor_sims/lib/python3.12/site-packages/ngc_sensor_sims/__init__.py to __init__.cpython-312.pyc
[3.809s] byte-compiling /home/alfred/shared_mac/MEPA2001_2024/src/install/ngc_sensor_sims/lib/python3.12/site-packages/ngc_sensor_sims/anemometer.py to anemometer.cpython-312.pyc
[3.815s] byte-compiling /home/alfred/shared_mac/MEPA2001_2024/src/install/ngc_sensor_sims/lib/python3.12/site-packages/ngc_sensor_sims/compass.py to compass.cpython-312.pyc
[3.821s] running install_data
[3.824s] creating /home/alfred/shared_mac/MEPA2001_2024/src/install/ngc_sensor_sims/share/ament_index
[3.826s] creating /home/alfred/shared_mac/MEPA2001_2024/src/install/ngc_sensor_sims/share/ament_index/resource_index
[3.829s] creating /home/alfred/shared_mac/MEPA2001_2024/src/install/ngc_sensor_sims/share/ament_index/resource_index/packages
[3.831s] copying resource/ngc_sensor_sims -> /home/alfred/shared_mac/MEPA2001_2024/src/install/ngc_sensor_sims/share/ament_index/resource_index/packages
[3.834s] copying package.xml -> /home/alfred/shared_mac/MEPA2001_2024/src/install/ngc_sensor_sims/share/ngc_sensor_sims
[3.837s] running install_egg_info
[3.890s] Copying ../build/ngc_sensor_sims/ngc_sensor_sims.egg-info to /home/alfred/shared_mac/MEPA2001_2024/src/install/ngc_sensor_sims/lib/python3.12/site-packages/ngc_sensor_sims-0.0.0-py3.12.egg-info
[3.927s] running install_scripts
[4.179s] Installing anemometer script to /home/alfred/shared_mac/MEPA2001_2024/src/install/ngc_sensor_sims/lib/ngc_sensor_sims
[4.182s] Installing compass script to /home/alfred/shared_mac/MEPA2001_2024/src/install/ngc_sensor_sims/lib/ngc_sensor_sims
[4.184s] Installing gnss script to /home/alfred/shared_mac/MEPA2001_2024/src/install/ngc_sensor_sims/lib/ngc_sensor_sims
[4.188s] writing list of installed files to '/home/alfred/shared_mac/MEPA2001_2024/src/build/ngc_sensor_sims/install.log'
[4.245s] Invoked command in '/home/alfred/shared_mac/MEPA2001_2024/src/ngc_sensor_sims' returned '0': DEBUGINFOD_URLS=https://debuginfod.ubuntu.com PYTHONPATH=/home/alfred/shared_mac/MEPA2001_2024/src/build/ngc_sensor_sims/prefix_override:/usr/lib/python3/dist-packages/colcon_core/task/python/colcon_distutils_commands:/home/alfred/shared_mac/MEPA2001_2024/src/install/ngc_sensor_sims/lib/python3.12/site-packages:${PYTHONPATH} /usr/bin/python3 -W ignore:setup.py install is deprecated setup.py egg_info --egg-base ../build/ngc_sensor_sims build --build-base /home/alfred/shared_mac/MEPA2001_2024/src/build/ngc_sensor_sims/build install --record /home/alfred/shared_mac/MEPA2001_2024/src/build/ngc_sensor_sims/install.log --single-version-externally-managed install_data
