[2.097s] Invoking command in '/home/alfred/shared_mac/Mekatronikk3/src/ngc_hmi': AMENT_PREFIX_PATH=/home/alfred/shared_mac/Mekatronikk3/src/install/ngc_interfaces:${AMENT_PREFIX_PATH} CMAKE_PREFIX_PATH=/home/alfred/shared_mac/Mekatronikk3/src/install/ngc_interfaces:${CMAKE_PREFIX_PATH} DEBUGINFOD_URLS=https://debuginfod.ubuntu.com LD_LIBRARY_PATH=/home/alfred/shared_mac/Mekatronikk3/src/install/ngc_interfaces/lib:${LD_LIBRARY_PATH} PYTHONPATH=/home/alfred/shared_mac/Mekatronikk3/src/build/ngc_hmi/prefix_override:/usr/lib/python3/dist-packages/colcon_core/task/python/colcon_distutils_commands:/home/alfred/shared_mac/Mekatronikk3/src/install/ngc_hmi/lib/python3.12/site-packages:/home/alfred/shared_mac/Mekatronikk3/src/install/ngc_interfaces/lib/python3.12/site-packages:${PYTHONPATH} /usr/bin/python3 -W ignore:setup.py install is deprecated setup.py egg_info --egg-base ../build/ngc_hmi build --build-base /home/alfred/shared_mac/Mekatronikk3/src/build/ngc_hmi/build install --record /home/alfred/shared_mac/Mekatronikk3/src/build/ngc_hmi/install.log --single-version-externally-managed install_data
[2.599s] running egg_info
[2.629s] writing ../build/ngc_hmi/ngc_hmi.egg-info/PKG-INFO
[2.631s] writing dependency_links to ../build/ngc_hmi/ngc_hmi.egg-info/dependency_links.txt
[2.632s] writing entry points to ../build/ngc_hmi/ngc_hmi.egg-info/entry_points.txt
[2.633s] writing requirements to ../build/ngc_hmi/ngc_hmi.egg-info/requires.txt
[2.634s] writing top-level names to ../build/ngc_hmi/ngc_hmi.egg-info/top_level.txt
[2.696s] reading manifest file '../build/ngc_hmi/ngc_hmi.egg-info/SOURCES.txt'
[2.703s] writing manifest file '../build/ngc_hmi/ngc_hmi.egg-info/SOURCES.txt'
[2.705s] running build
[2.706s] running build_py
[2.711s] running install
[2.720s] running install_lib
[2.767s] running install_data
[2.768s] running install_egg_info
[2.804s] removing '/home/alfred/shared_mac/Mekatronikk3/src/install/ngc_hmi/lib/python3.12/site-packages/ngc_hmi-0.0.0-py3.12.egg-info' (and everything under it)
[2.809s] Copying ../build/ngc_hmi/ngc_hmi.egg-info to /home/alfred/shared_mac/Mekatronikk3/src/install/ngc_hmi/lib/python3.12/site-packages/ngc_hmi-0.0.0-py3.12.egg-info
[2.831s] running install_scripts
[3.157s] Installing ngc_hmi script to /home/alfred/shared_mac/Mekatronikk3/src/install/ngc_hmi/lib/ngc_hmi
[3.161s] Installing ngc_hmi_autopilot script to /home/alfred/shared_mac/Mekatronikk3/src/install/ngc_hmi/lib/ngc_hmi
[3.162s] Installing ngc_hmi_yaml_editor script to /home/alfred/shared_mac/Mekatronikk3/src/install/ngc_hmi/lib/ngc_hmi
[3.165s] writing list of installed files to '/home/alfred/shared_mac/Mekatronikk3/src/build/ngc_hmi/install.log'
[3.233s] Invoked command in '/home/alfred/shared_mac/Mekatronikk3/src/ngc_hmi' returned '0': AMENT_PREFIX_PATH=/home/alfred/shared_mac/Mekatronikk3/src/install/ngc_interfaces:${AMENT_PREFIX_PATH} CMAKE_PREFIX_PATH=/home/alfred/shared_mac/Mekatronikk3/src/install/ngc_interfaces:${CMAKE_PREFIX_PATH} DEBUGINFOD_URLS=https://debuginfod.ubuntu.com LD_LIBRARY_PATH=/home/alfred/shared_mac/Mekatronikk3/src/install/ngc_interfaces/lib:${LD_LIBRARY_PATH} PYTHONPATH=/home/alfred/shared_mac/Mekatronikk3/src/build/ngc_hmi/prefix_override:/usr/lib/python3/dist-packages/colcon_core/task/python/colcon_distutils_commands:/home/alfred/shared_mac/Mekatronikk3/src/install/ngc_hmi/lib/python3.12/site-packages:/home/alfred/shared_mac/Mekatronikk3/src/install/ngc_interfaces/lib/python3.12/site-packages:${PYTHONPATH} /usr/bin/python3 -W ignore:setup.py install is deprecated setup.py egg_info --egg-base ../build/ngc_hmi build --build-base /home/alfred/shared_mac/Mekatronikk3/src/build/ngc_hmi/build install --record /home/alfred/shared_mac/Mekatronikk3/src/build/ngc_hmi/install.log --single-version-externally-managed install_data
