[2.670s] Invoking command in '/home/alfred/shared_mac/Mekatronikk3/src/regulator': DEBUGINFOD_URLS=https://debuginfod.ubuntu.com PYTHONPATH=/home/alfred/shared_mac/Mekatronikk3/src/build/regulator/prefix_override:/usr/lib/python3/dist-packages/colcon_core/task/python/colcon_distutils_commands:/home/alfred/shared_mac/Mekatronikk3/src/install/regulator/lib/python3.12/site-packages:${PYTHONPATH} /usr/bin/python3 -W ignore:setup.py install is deprecated setup.py egg_info --egg-base ../build/regulator build --build-base /home/alfred/shared_mac/Mekatronikk3/src/build/regulator/build install --record /home/alfred/shared_mac/Mekatronikk3/src/build/regulator/install.log --single-version-externally-managed install_data
[3.513s] running egg_info
[3.581s] writing ../build/regulator/regulator.egg-info/PKG-INFO
[3.584s] writing dependency_links to ../build/regulator/regulator.egg-info/dependency_links.txt
[3.586s] writing entry points to ../build/regulator/regulator.egg-info/entry_points.txt
[3.588s] writing requirements to ../build/regulator/regulator.egg-info/requires.txt
[3.589s] writing top-level names to ../build/regulator/regulator.egg-info/top_level.txt
[3.726s] reading manifest file '../build/regulator/regulator.egg-info/SOURCES.txt'
[3.731s] writing manifest file '../build/regulator/regulator.egg-info/SOURCES.txt'
[3.732s] running build
[3.736s] running build_py
[3.737s] running install
[3.763s] running install_lib
[3.874s] running install_data
[3.878s] running install_egg_info
[3.910s] removing '/home/alfred/shared_mac/Mekatronikk3/src/install/regulator/lib/python3.12/site-packages/regulator-0.0.0-py3.12.egg-info' (and everything under it)
[3.915s] Copying ../build/regulator/regulator.egg-info to /home/alfred/shared_mac/Mekatronikk3/src/install/regulator/lib/python3.12/site-packages/regulator-0.0.0-py3.12.egg-info
[3.942s] running install_scripts
[4.179s] Installing allokering script to /home/alfred/shared_mac/Mekatronikk3/src/install/regulator/lib/regulator
[4.183s] Installing estimator script to /home/alfred/shared_mac/Mekatronikk3/src/install/regulator/lib/regulator
[4.185s] Installing kontroller script to /home/alfred/shared_mac/Mekatronikk3/src/install/regulator/lib/regulator
[4.189s] writing list of installed files to '/home/alfred/shared_mac/Mekatronikk3/src/build/regulator/install.log'
[4.959s] Invoked command in '/home/alfred/shared_mac/Mekatronikk3/src/regulator' returned '0': DEBUGINFOD_URLS=https://debuginfod.ubuntu.com PYTHONPATH=/home/alfred/shared_mac/Mekatronikk3/src/build/regulator/prefix_override:/usr/lib/python3/dist-packages/colcon_core/task/python/colcon_distutils_commands:/home/alfred/shared_mac/Mekatronikk3/src/install/regulator/lib/python3.12/site-packages:${PYTHONPATH} /usr/bin/python3 -W ignore:setup.py install is deprecated setup.py egg_info --egg-base ../build/regulator build --build-base /home/alfred/shared_mac/Mekatronikk3/src/build/regulator/build install --record /home/alfred/shared_mac/Mekatronikk3/src/build/regulator/install.log --single-version-externally-managed install_data
