[3.499s] Invoking command in '/home/alfred/shared_mac/MEPA2001_2024/src/kontrolsystem': DEBUGINFOD_URLS=https://debuginfod.ubuntu.com PYTHONPATH=/home/alfred/shared_mac/MEPA2001_2024/src/build/kontrolsystem/prefix_override:/usr/lib/python3/dist-packages/colcon_core/task/python/colcon_distutils_commands:/home/alfred/shared_mac/MEPA2001_2024/src/install/kontrolsystem/lib/python3.12/site-packages:${PYTHONPATH} /usr/bin/python3 -W ignore:setup.py install is deprecated setup.py egg_info --egg-base ../build/kontrolsystem build --build-base /home/alfred/shared_mac/MEPA2001_2024/src/build/kontrolsystem/build install --record /home/alfred/shared_mac/MEPA2001_2024/src/build/kontrolsystem/install.log --single-version-externally-managed install_data
[4.739s] running egg_info
[4.798s] writing ../build/kontrolsystem/kontrolsystem.egg-info/PKG-INFO
[4.800s] writing dependency_links to ../build/kontrolsystem/kontrolsystem.egg-info/dependency_links.txt
[4.804s] writing entry points to ../build/kontrolsystem/kontrolsystem.egg-info/entry_points.txt
[4.805s] writing requirements to ../build/kontrolsystem/kontrolsystem.egg-info/requires.txt
[4.810s] writing top-level names to ../build/kontrolsystem/kontrolsystem.egg-info/top_level.txt
[4.960s] reading manifest file '../build/kontrolsystem/kontrolsystem.egg-info/SOURCES.txt'
[4.969s] writing manifest file '../build/kontrolsystem/kontrolsystem.egg-info/SOURCES.txt'
[4.970s] running build
[4.971s] running build_py
[4.984s] copying kontrolsystem/estimator.py -> /home/alfred/shared_mac/MEPA2001_2024/src/build/kontrolsystem/build/lib/kontrolsystem
[4.998s] running install
[5.033s] running install_lib
[5.077s] copying /home/alfred/shared_mac/MEPA2001_2024/src/build/kontrolsystem/build/lib/kontrolsystem/estimator.py -> /home/alfred/shared_mac/MEPA2001_2024/src/install/kontrolsystem/lib/python3.12/site-packages/kontrolsystem
[5.095s] byte-compiling /home/alfred/shared_mac/MEPA2001_2024/src/install/kontrolsystem/lib/python3.12/site-packages/kontrolsystem/estimator.py to estimator.cpython-312.pyc
[5.109s] running install_data
[5.111s] running install_egg_info
[5.175s] removing '/home/alfred/shared_mac/MEPA2001_2024/src/install/kontrolsystem/lib/python3.12/site-packages/kontrolsystem-0.0.0-py3.12.egg-info' (and everything under it)
[5.181s] Copying ../build/kontrolsystem/kontrolsystem.egg-info to /home/alfred/shared_mac/MEPA2001_2024/src/install/kontrolsystem/lib/python3.12/site-packages/kontrolsystem-0.0.0-py3.12.egg-info
[5.217s] running install_scripts
[5.598s] Installing estimator script to /home/alfred/shared_mac/MEPA2001_2024/src/install/kontrolsystem/lib/kontrolsystem
[5.600s] Installing kontroller script to /home/alfred/shared_mac/MEPA2001_2024/src/install/kontrolsystem/lib/kontrolsystem
[5.608s] writing list of installed files to '/home/alfred/shared_mac/MEPA2001_2024/src/build/kontrolsystem/install.log'
[5.714s] Invoked command in '/home/alfred/shared_mac/MEPA2001_2024/src/kontrolsystem' returned '0': DEBUGINFOD_URLS=https://debuginfod.ubuntu.com PYTHONPATH=/home/alfred/shared_mac/MEPA2001_2024/src/build/kontrolsystem/prefix_override:/usr/lib/python3/dist-packages/colcon_core/task/python/colcon_distutils_commands:/home/alfred/shared_mac/MEPA2001_2024/src/install/kontrolsystem/lib/python3.12/site-packages:${PYTHONPATH} /usr/bin/python3 -W ignore:setup.py install is deprecated setup.py egg_info --egg-base ../build/kontrolsystem build --build-base /home/alfred/shared_mac/MEPA2001_2024/src/build/kontrolsystem/build install --record /home/alfred/shared_mac/MEPA2001_2024/src/build/kontrolsystem/install.log --single-version-externally-managed install_data
