/home/alfred/shared_mac/Mekatronikk3/src/install/ngc_sensor_sims/lib/python3.12/site-packages/ngc_sensor_sims/gnss.py
/home/alfred/shared_mac/Mekatronikk3/src/install/ngc_sensor_sims/lib/python3.12/site-packages/ngc_sensor_sims/__init__.py
/home/alfred/shared_mac/Mekatronikk3/src/install/ngc_sensor_sims/lib/python3.12/site-packages/ngc_sensor_sims/anemometer.py
/home/alfred/shared_mac/Mekatronikk3/src/install/ngc_sensor_sims/lib/python3.12/site-packages/ngc_sensor_sims/compass.py
/home/alfred/shared_mac/Mekatronikk3/src/install/ngc_sensor_sims/lib/python3.12/site-packages/ngc_sensor_sims/__pycache__/gnss.cpython-312.pyc
/home/alfred/shared_mac/Mekatronikk3/src/install/ngc_sensor_sims/lib/python3.12/site-packages/ngc_sensor_sims/__pycache__/__init__.cpython-312.pyc
/home/alfred/shared_mac/Mekatronikk3/src/install/ngc_sensor_sims/lib/python3.12/site-packages/ngc_sensor_sims/__pycache__/anemometer.cpython-312.pyc
/home/alfred/shared_mac/Mekatronikk3/src/install/ngc_sensor_sims/lib/python3.12/site-packages/ngc_sensor_sims/__pycache__/compass.cpython-312.pyc
/home/alfred/shared_mac/Mekatronikk3/src/install/ngc_sensor_sims/share/ament_index/resource_index/packages/ngc_sensor_sims
/home/alfred/shared_mac/Mekatronikk3/src/install/ngc_sensor_sims/share/ngc_sensor_sims/package.xml
/home/alfred/shared_mac/Mekatronikk3/src/install/ngc_sensor_sims/lib/python3.12/site-packages/ngc_sensor_sims-0.0.0-py3.12.egg-info/PKG-INFO
/home/alfred/shared_mac/Mekatronikk3/src/install/ngc_sensor_sims/lib/python3.12/site-packages/ngc_sensor_sims-0.0.0-py3.12.egg-info/zip-safe
/home/alfred/shared_mac/Mekatronikk3/src/install/ngc_sensor_sims/lib/python3.12/site-packages/ngc_sensor_sims-0.0.0-py3.12.egg-info/SOURCES.txt
/home/alfred/shared_mac/Mekatronikk3/src/install/ngc_sensor_sims/lib/python3.12/site-packages/ngc_sensor_sims-0.0.0-py3.12.egg-info/entry_points.txt
/home/alfred/shared_mac/Mekatronikk3/src/install/ngc_sensor_sims/lib/python3.12/site-packages/ngc_sensor_sims-0.0.0-py3.12.egg-info/requires.txt
/home/alfred/shared_mac/Mekatronikk3/src/install/ngc_sensor_sims/lib/python3.12/site-packages/ngc_sensor_sims-0.0.0-py3.12.egg-info/top_level.txt
/home/alfred/shared_mac/Mekatronikk3/src/install/ngc_sensor_sims/lib/python3.12/site-packages/ngc_sensor_sims-0.0.0-py3.12.egg-info/dependency_links.txt
/home/alfred/shared_mac/Mekatronikk3/src/install/ngc_sensor_sims/lib/ngc_sensor_sims/anemometer
/home/alfred/shared_mac/Mekatronikk3/src/install/ngc_sensor_sims/lib/ngc_sensor_sims/compass
/home/alfred/shared_mac/Mekatronikk3/src/install/ngc_sensor_sims/lib/ngc_sensor_sims/gnss
