[0.179s] Invoking command in '/home/alfred/shared_mac/MEPA2001_2024/src/build/ngc_interfaces': CMAKE_PREFIX_PATH=${CMAKE_PREFIX_PATH}:/home/alfred/shared_mac/MEPA2001_2024/src/install/ngc_hull_sim:/home/alfred/shared_mac/MEPA2001_2024/src/install/ngc_utils:/home/alfred/shared_mac/MEPA2001_2024/src/install/ngc_sensor_sims:/home/alfred/shared_mac/MEPA2001_2024/src/install/ngc_propulsion_sim:/home/alfred/shared_mac/MEPA2001_2024/src/install/ngc_hmi:/home/alfred/shared_mac/MEPA2001_2024/src/install/kontrolsystem:/opt/ros/jazzy DEBUGINFOD_URLS=https://debuginfod.ubuntu.com /usr/bin/cmake --build /home/alfred/shared_mac/MEPA2001_2024/src/build/ngc_interfaces -- -j4 -l4
[1.019s] [  1%] Built target ngc_interfaces__rosidl_generator_type_description
[1.022s] [  1%] Built target ament_cmake_python_copy_ngc_interfaces
[1.025s] [  1%] Built target ngc_interfaces__cpp
[1.027s] [ 26%] Built target ngc_interfaces__rosidl_generator_c
[1.028s] [ 36%] Built target ngc_interfaces__rosidl_typesupport_introspection_c
[1.031s] [ 44%] Built target ngc_interfaces__rosidl_typesupport_cpp
[1.061s] [ 54%] Built target ngc_interfaces__rosidl_typesupport_fastrtps_c
[1.165s] [ 71%] Built target ngc_interfaces__rosidl_typesupport_fastrtps_cpp
[1.167s] [ 74%] Built target ngc_interfaces__rosidl_typesupport_c
[1.198s] [ 84%] Built target ngc_interfaces__rosidl_typesupport_introspection_cpp
[1.257s] [ 84%] Built target ngc_interfaces
[1.322s] [ 85%] Built target ngc_interfaces__py
[1.498s] [ 94%] Built target ngc_interfaces__rosidl_generator_py
[1.564s] running egg_info
[1.633s] writing ngc_interfaces.egg-info/PKG-INFO
[1.639s] [ 96%] Built target ngc_interfaces_s__rosidl_typesupport_introspection_c
[1.646s] writing dependency_links to ngc_interfaces.egg-info/dependency_links.txt
[1.647s] writing top-level names to ngc_interfaces.egg-info/top_level.txt
[1.682s] [ 98%] Built target ngc_interfaces_s__rosidl_typesupport_fastrtps_c
[1.732s] [100%] Built target ngc_interfaces_s__rosidl_typesupport_c
[1.834s] reading manifest file 'ngc_interfaces.egg-info/SOURCES.txt'
[1.836s] writing manifest file 'ngc_interfaces.egg-info/SOURCES.txt'
[1.909s] [100%] Built target ament_cmake_python_build_ngc_interfaces_egg
[2.034s] Invoked command in '/home/alfred/shared_mac/MEPA2001_2024/src/build/ngc_interfaces' returned '0': CMAKE_PREFIX_PATH=${CMAKE_PREFIX_PATH}:/home/alfred/shared_mac/MEPA2001_2024/src/install/ngc_hull_sim:/home/alfred/shared_mac/MEPA2001_2024/src/install/ngc_utils:/home/alfred/shared_mac/MEPA2001_2024/src/install/ngc_sensor_sims:/home/alfred/shared_mac/MEPA2001_2024/src/install/ngc_propulsion_sim:/home/alfred/shared_mac/MEPA2001_2024/src/install/ngc_hmi:/home/alfred/shared_mac/MEPA2001_2024/src/install/kontrolsystem:/opt/ros/jazzy DEBUGINFOD_URLS=https://debuginfod.ubuntu.com /usr/bin/cmake --build /home/alfred/shared_mac/MEPA2001_2024/src/build/ngc_interfaces -- -j4 -l4
[3.485s] Invoking command in '/home/alfred/shared_mac/MEPA2001_2024/src/build/ngc_interfaces': CMAKE_PREFIX_PATH=${CMAKE_PREFIX_PATH}:/home/alfred/shared_mac/MEPA2001_2024/src/install/ngc_hull_sim:/home/alfred/shared_mac/MEPA2001_2024/src/install/ngc_utils:/home/alfred/shared_mac/MEPA2001_2024/src/install/ngc_sensor_sims:/home/alfred/shared_mac/MEPA2001_2024/src/install/ngc_propulsion_sim:/home/alfred/shared_mac/MEPA2001_2024/src/install/ngc_hmi:/home/alfred/shared_mac/MEPA2001_2024/src/install/kontrolsystem:/opt/ros/jazzy DEBUGINFOD_URLS=https://debuginfod.ubuntu.com /usr/bin/cmake --install /home/alfred/shared_mac/MEPA2001_2024/src/build/ngc_interfaces
[3.541s] -- Install configuration: ""
[3.560s] -- Up-to-date: /home/alfred/shared_mac/MEPA2001_2024/src/install/ngc_interfaces/share/ament_index/resource_index/rosidl_interfaces/ngc_interfaces
[3.561s] -- Up-to-date: /home/alfred/shared_mac/MEPA2001_2024/src/install/ngc_interfaces/share/ngc_interfaces/msg/Eta.json
[3.565s] -- Up-to-date: /home/alfred/shared_mac/MEPA2001_2024/src/install/ngc_interfaces/share/ngc_interfaces/msg/Nu.json
[3.567s] -- Up-to-date: /home/alfred/shared_mac/MEPA2001_2024/src/install/ngc_interfaces/share/ngc_interfaces/msg/NuDot.json
[3.568s] -- Up-to-date: /home/alfred/shared_mac/MEPA2001_2024/src/install/ngc_interfaces/share/ngc_interfaces/msg/Tau.json
[3.570s] -- Up-to-date: /home/alfred/shared_mac/MEPA2001_2024/src/install/ngc_interfaces/share/ngc_interfaces/msg/Wind.json
[3.572s] -- Up-to-date: /home/alfred/shared_mac/MEPA2001_2024/src/install/ngc_interfaces/share/ngc_interfaces/msg/ThrusterSignals.json
[3.573s] -- Up-to-date: /home/alfred/shared_mac/MEPA2001_2024/src/install/ngc_interfaces/share/ngc_interfaces/msg/GNSS.json
[3.574s] -- Up-to-date: /home/alfred/shared_mac/MEPA2001_2024/src/install/ngc_interfaces/share/ngc_interfaces/msg/HeadingDevice.json
[3.575s] -- Up-to-date: /home/alfred/shared_mac/MEPA2001_2024/src/install/ngc_interfaces/include/ngc_interfaces/ngc_interfaces
[3.578s] -- Up-to-date: /home/alfred/shared_mac/MEPA2001_2024/src/install/ngc_interfaces/include/ngc_interfaces/ngc_interfaces/msg
[3.579s] -- Up-to-date: /home/alfred/shared_mac/MEPA2001_2024/src/install/ngc_interfaces/include/ngc_interfaces/ngc_interfaces/msg/tau.h
[3.580s] -- Up-to-date: /home/alfred/shared_mac/MEPA2001_2024/src/install/ngc_interfaces/include/ngc_interfaces/ngc_interfaces/msg/rosidl_generator_c__visibility_control.h
[3.581s] -- Up-to-date: /home/alfred/shared_mac/MEPA2001_2024/src/install/ngc_interfaces/include/ngc_interfaces/ngc_interfaces/msg/eta.h
[3.582s] -- Up-to-date: /home/alfred/shared_mac/MEPA2001_2024/src/install/ngc_interfaces/include/ngc_interfaces/ngc_interfaces/msg/heading_device.h
[3.583s] -- Up-to-date: /home/alfred/shared_mac/MEPA2001_2024/src/install/ngc_interfaces/include/ngc_interfaces/ngc_interfaces/msg/gnss.h
[3.586s] -- Up-to-date: /home/alfred/shared_mac/MEPA2001_2024/src/install/ngc_interfaces/include/ngc_interfaces/ngc_interfaces/msg/detail
[3.587s] -- Up-to-date: /home/alfred/shared_mac/MEPA2001_2024/src/install/ngc_interfaces/include/ngc_interfaces/ngc_interfaces/msg/detail/nu__functions.c
[3.588s] -- Up-to-date: /home/alfred/shared_mac/MEPA2001_2024/src/install/ngc_interfaces/include/ngc_interfaces/ngc_interfaces/msg/detail/nu__type_support.h
[3.589s] -- Up-to-date: /home/alfred/shared_mac/MEPA2001_2024/src/install/ngc_interfaces/include/ngc_interfaces/ngc_interfaces/msg/detail/thruster_signals__functions.c
[3.589s] -- Up-to-date: /home/alfred/shared_mac/MEPA2001_2024/src/install/ngc_interfaces/include/ngc_interfaces/ngc_interfaces/msg/detail/tau__struct.h
[3.590s] -- Up-to-date: /home/alfred/shared_mac/MEPA2001_2024/src/install/ngc_interfaces/include/ngc_interfaces/ngc_interfaces/msg/detail/wind__description.c
[3.591s] -- Up-to-date: /home/alfred/shared_mac/MEPA2001_2024/src/install/ngc_interfaces/include/ngc_interfaces/ngc_interfaces/msg/detail/thruster_signals__type_support.h
[3.591s] -- Up-to-date: /home/alfred/shared_mac/MEPA2001_2024/src/install/ngc_interfaces/include/ngc_interfaces/ngc_interfaces/msg/detail/gnss__functions.h
[3.592s] -- Up-to-date: /home/alfred/shared_mac/MEPA2001_2024/src/install/ngc_interfaces/include/ngc_interfaces/ngc_interfaces/msg/detail/tau__description.c
[3.595s] -- Up-to-date: /home/alfred/shared_mac/MEPA2001_2024/src/install/ngc_interfaces/include/ngc_interfaces/ngc_interfaces/msg/detail/wind__type_support.h
[3.596s] -- Installing: /home/alfred/shared_mac/MEPA2001_2024/src/install/ngc_interfaces/include/ngc_interfaces/ngc_interfaces/msg/detail/gnss__type_support.c
[3.597s] -- Up-to-date: /home/alfred/shared_mac/MEPA2001_2024/src/install/ngc_interfaces/include/ngc_interfaces/ngc_interfaces/msg/detail/tau__functions.c
[3.599s] -- Up-to-date: /home/alfred/shared_mac/MEPA2001_2024/src/install/ngc_interfaces/include/ngc_interfaces/ngc_interfaces/msg/detail/thruster_signals__struct.h
[3.600s] -- Up-to-date: /home/alfred/shared_mac/MEPA2001_2024/src/install/ngc_interfaces/include/ngc_interfaces/ngc_interfaces/msg/detail/heading_device__struct.h
[3.601s] -- Installing: /home/alfred/shared_mac/MEPA2001_2024/src/install/ngc_interfaces/include/ngc_interfaces/ngc_interfaces/msg/detail/eta__type_support.c
[3.602s] -- Up-to-date: /home/alfred/shared_mac/MEPA2001_2024/src/install/ngc_interfaces/include/ngc_interfaces/ngc_interfaces/msg/detail/heading_device__type_support.h
[3.607s] -- Up-to-date: /home/alfred/shared_mac/MEPA2001_2024/src/install/ngc_interfaces/include/ngc_interfaces/ngc_interfaces/msg/detail/nu_dot__functions.h
[3.608s] -- Up-to-date: /home/alfred/shared_mac/MEPA2001_2024/src/install/ngc_interfaces/include/ngc_interfaces/ngc_interfaces/msg/detail/wind__functions.c
[3.610s] -- Up-to-date: /home/alfred/shared_mac/MEPA2001_2024/src/install/ngc_interfaces/include/ngc_interfaces/ngc_interfaces/msg/detail/nu_dot__type_support.h
[3.616s] -- Up-to-date: /home/alfred/shared_mac/MEPA2001_2024/src/install/ngc_interfaces/include/ngc_interfaces/ngc_interfaces/msg/detail/gnss__struct.h
[3.617s] -- Up-to-date: /home/alfred/shared_mac/MEPA2001_2024/src/install/ngc_interfaces/include/ngc_interfaces/ngc_interfaces/msg/detail/nu__struct.h
[3.620s] -- Up-to-date: /home/alfred/shared_mac/MEPA2001_2024/src/install/ngc_interfaces/include/ngc_interfaces/ngc_interfaces/msg/detail/heading_device__functions.h
[3.630s] -- Up-to-date: /home/alfred/shared_mac/MEPA2001_2024/src/install/ngc_interfaces/include/ngc_interfaces/ngc_interfaces/msg/detail/eta__functions.h
[3.631s] -- Up-to-date: /home/alfred/shared_mac/MEPA2001_2024/src/install/ngc_interfaces/include/ngc_interfaces/ngc_interfaces/msg/detail/wind__struct.h
[3.631s] -- Up-to-date: /home/alfred/shared_mac/MEPA2001_2024/src/install/ngc_interfaces/include/ngc_interfaces/ngc_interfaces/msg/detail/tau__type_support.h
[3.632s] -- Up-to-date: /home/alfred/shared_mac/MEPA2001_2024/src/install/ngc_interfaces/include/ngc_interfaces/ngc_interfaces/msg/detail/eta__struct.h
[3.634s] -- Up-to-date: /home/alfred/shared_mac/MEPA2001_2024/src/install/ngc_interfaces/include/ngc_interfaces/ngc_interfaces/msg/detail/nu_dot__struct.h
[3.637s] -- Installing: /home/alfred/shared_mac/MEPA2001_2024/src/install/ngc_interfaces/include/ngc_interfaces/ngc_interfaces/msg/detail/thruster_signals__type_support.c
[3.639s] -- Up-to-date: /home/alfred/shared_mac/MEPA2001_2024/src/install/ngc_interfaces/include/ngc_interfaces/ngc_interfaces/msg/detail/nu__functions.h
[3.641s] -- Up-to-date: /home/alfred/shared_mac/MEPA2001_2024/src/install/ngc_interfaces/include/ngc_interfaces/ngc_interfaces/msg/detail/thruster_signals__functions.h
[3.642s] -- Installing: /home/alfred/shared_mac/MEPA2001_2024/src/install/ngc_interfaces/include/ngc_interfaces/ngc_interfaces/msg/detail/nu__type_support.c
[3.664s] -- Up-to-date: /home/alfred/shared_mac/MEPA2001_2024/src/install/ngc_interfaces/include/ngc_interfaces/ngc_interfaces/msg/detail/nu_dot__description.c
[3.666s] -- Up-to-date: /home/alfred/shared_mac/MEPA2001_2024/src/install/ngc_interfaces/include/ngc_interfaces/ngc_interfaces/msg/detail/tau__functions.h
[3.667s] -- Up-to-date: /home/alfred/shared_mac/MEPA2001_2024/src/install/ngc_interfaces/include/ngc_interfaces/ngc_interfaces/msg/detail/eta__description.c
[3.670s] -- Up-to-date: /home/alfred/shared_mac/MEPA2001_2024/src/install/ngc_interfaces/include/ngc_interfaces/ngc_interfaces/msg/detail/gnss__type_support.h
[3.672s] -- Installing: /home/alfred/shared_mac/MEPA2001_2024/src/install/ngc_interfaces/include/ngc_interfaces/ngc_interfaces/msg/detail/wind__type_support.c
[3.679s] -- Up-to-date: /home/alfred/shared_mac/MEPA2001_2024/src/install/ngc_interfaces/include/ngc_interfaces/ngc_interfaces/msg/detail/gnss__functions.c
[3.682s] -- Up-to-date: /home/alfred/shared_mac/MEPA2001_2024/src/install/ngc_interfaces/include/ngc_interfaces/ngc_interfaces/msg/detail/nu_dot__functions.c
[3.686s] -- Installing: /home/alfred/shared_mac/MEPA2001_2024/src/install/ngc_interfaces/include/ngc_interfaces/ngc_interfaces/msg/detail/heading_device__type_support.c
[3.690s] -- Up-to-date: /home/alfred/shared_mac/MEPA2001_2024/src/install/ngc_interfaces/include/ngc_interfaces/ngc_interfaces/msg/detail/gnss__description.c
[3.693s] -- Up-to-date: /home/alfred/shared_mac/MEPA2001_2024/src/install/ngc_interfaces/include/ngc_interfaces/ngc_interfaces/msg/detail/thruster_signals__description.c
[3.697s] -- Up-to-date: /home/alfred/shared_mac/MEPA2001_2024/src/install/ngc_interfaces/include/ngc_interfaces/ngc_interfaces/msg/detail/nu__description.c
[3.699s] -- Up-to-date: /home/alfred/shared_mac/MEPA2001_2024/src/install/ngc_interfaces/include/ngc_interfaces/ngc_interfaces/msg/detail/eta__type_support.h
[3.701s] -- Installing: /home/alfred/shared_mac/MEPA2001_2024/src/install/ngc_interfaces/include/ngc_interfaces/ngc_interfaces/msg/detail/tau__type_support.c
[3.714s] -- Up-to-date: /home/alfred/shared_mac/MEPA2001_2024/src/install/ngc_interfaces/include/ngc_interfaces/ngc_interfaces/msg/detail/eta__functions.c
[3.729s] -- Up-to-date: /home/alfred/shared_mac/MEPA2001_2024/src/install/ngc_interfaces/include/ngc_interfaces/ngc_interfaces/msg/detail/heading_device__functions.c
[3.733s] -- Up-to-date: /home/alfred/shared_mac/MEPA2001_2024/src/install/ngc_interfaces/include/ngc_interfaces/ngc_interfaces/msg/detail/heading_device__description.c
[3.737s] -- Installing: /home/alfred/shared_mac/MEPA2001_2024/src/install/ngc_interfaces/include/ngc_interfaces/ngc_interfaces/msg/detail/nu_dot__type_support.c
[3.746s] -- Up-to-date: /home/alfred/shared_mac/MEPA2001_2024/src/install/ngc_interfaces/include/ngc_interfaces/ngc_interfaces/msg/detail/wind__functions.h
[3.748s] -- Up-to-date: /home/alfred/shared_mac/MEPA2001_2024/src/install/ngc_interfaces/include/ngc_interfaces/ngc_interfaces/msg/thruster_signals.h
[3.750s] -- Up-to-date: /home/alfred/shared_mac/MEPA2001_2024/src/install/ngc_interfaces/include/ngc_interfaces/ngc_interfaces/msg/nu_dot.h
[3.751s] -- Up-to-date: /home/alfred/shared_mac/MEPA2001_2024/src/install/ngc_interfaces/include/ngc_interfaces/ngc_interfaces/msg/wind.h
[3.753s] -- Up-to-date: /home/alfred/shared_mac/MEPA2001_2024/src/install/ngc_interfaces/include/ngc_interfaces/ngc_interfaces/msg/nu.h
[3.756s] -- Up-to-date: /home/alfred/shared_mac/MEPA2001_2024/src/install/ngc_interfaces/share/ngc_interfaces/environment/library_path.sh
[3.760s] -- Up-to-date: /home/alfred/shared_mac/MEPA2001_2024/src/install/ngc_interfaces/share/ngc_interfaces/environment/library_path.dsv
[3.772s] -- Up-to-date: /home/alfred/shared_mac/MEPA2001_2024/src/install/ngc_interfaces/lib/libngc_interfaces__rosidl_generator_c.so
[3.784s] -- Up-to-date: /home/alfred/shared_mac/MEPA2001_2024/src/install/ngc_interfaces/include/ngc_interfaces/ngc_interfaces
[3.787s] -- Up-to-date: /home/alfred/shared_mac/MEPA2001_2024/src/install/ngc_interfaces/include/ngc_interfaces/ngc_interfaces/msg
[3.791s] -- Up-to-date: /home/alfred/shared_mac/MEPA2001_2024/src/install/ngc_interfaces/include/ngc_interfaces/ngc_interfaces/msg/detail
[3.794s] -- Up-to-date: /home/alfred/shared_mac/MEPA2001_2024/src/install/ngc_interfaces/include/ngc_interfaces/ngc_interfaces/msg/detail/heading_device__rosidl_typesupport_fastrtps_c.h
[3.796s] -- Up-to-date: /home/alfred/shared_mac/MEPA2001_2024/src/install/ngc_interfaces/include/ngc_interfaces/ngc_interfaces/msg/detail/gnss__rosidl_typesupport_fastrtps_c.h
[3.798s] -- Up-to-date: /home/alfred/shared_mac/MEPA2001_2024/src/install/ngc_interfaces/include/ngc_interfaces/ngc_interfaces/msg/detail/tau__rosidl_typesupport_fastrtps_c.h
[3.800s] -- Up-to-date: /home/alfred/shared_mac/MEPA2001_2024/src/install/ngc_interfaces/include/ngc_interfaces/ngc_interfaces/msg/detail/nu__rosidl_typesupport_fastrtps_c.h
[3.801s] -- Up-to-date: /home/alfred/shared_mac/MEPA2001_2024/src/install/ngc_interfaces/include/ngc_interfaces/ngc_interfaces/msg/detail/wind__rosidl_typesupport_fastrtps_c.h
[3.804s] -- Up-to-date: /home/alfred/shared_mac/MEPA2001_2024/src/install/ngc_interfaces/include/ngc_interfaces/ngc_interfaces/msg/detail/thruster_signals__rosidl_typesupport_fastrtps_c.h
[3.805s] -- Up-to-date: /home/alfred/shared_mac/MEPA2001_2024/src/install/ngc_interfaces/include/ngc_interfaces/ngc_interfaces/msg/detail/eta__rosidl_typesupport_fastrtps_c.h
[3.806s] -- Up-to-date: /home/alfred/shared_mac/MEPA2001_2024/src/install/ngc_interfaces/include/ngc_interfaces/ngc_interfaces/msg/detail/nu_dot__rosidl_typesupport_fastrtps_c.h
[3.807s] -- Up-to-date: /home/alfred/shared_mac/MEPA2001_2024/src/install/ngc_interfaces/include/ngc_interfaces/ngc_interfaces/msg/rosidl_typesupport_fastrtps_c__visibility_control.h
[3.818s] -- Up-to-date: /home/alfred/shared_mac/MEPA2001_2024/src/install/ngc_interfaces/lib/libngc_interfaces__rosidl_typesupport_fastrtps_c.so
[3.827s] -- Up-to-date: /home/alfred/shared_mac/MEPA2001_2024/src/install/ngc_interfaces/include/ngc_interfaces/ngc_interfaces
[3.844s] -- Up-to-date: /home/alfred/shared_mac/MEPA2001_2024/src/install/ngc_interfaces/include/ngc_interfaces/ngc_interfaces/msg
[3.847s] -- Up-to-date: /home/alfred/shared_mac/MEPA2001_2024/src/install/ngc_interfaces/include/ngc_interfaces/ngc_interfaces/msg/detail
[3.851s] -- Up-to-date: /home/alfred/shared_mac/MEPA2001_2024/src/install/ngc_interfaces/include/ngc_interfaces/ngc_interfaces/msg/detail/eta__rosidl_typesupport_introspection_c.h
[3.853s] -- Up-to-date: /home/alfred/shared_mac/MEPA2001_2024/src/install/ngc_interfaces/include/ngc_interfaces/ngc_interfaces/msg/detail/nu__rosidl_typesupport_introspection_c.h
[3.854s] -- Installing: /home/alfred/shared_mac/MEPA2001_2024/src/install/ngc_interfaces/include/ngc_interfaces/ngc_interfaces/msg/detail/gnss__type_support.c
[3.859s] -- Up-to-date: /home/alfred/shared_mac/MEPA2001_2024/src/install/ngc_interfaces/include/ngc_interfaces/ngc_interfaces/msg/detail/wind__rosidl_typesupport_introspection_c.h
[3.860s] -- Installing: /home/alfred/shared_mac/MEPA2001_2024/src/install/ngc_interfaces/include/ngc_interfaces/ngc_interfaces/msg/detail/eta__type_support.c
[3.866s] -- Up-to-date: /home/alfred/shared_mac/MEPA2001_2024/src/install/ngc_interfaces/include/ngc_interfaces/ngc_interfaces/msg/detail/tau__rosidl_typesupport_introspection_c.h
[3.867s] -- Up-to-date: /home/alfred/shared_mac/MEPA2001_2024/src/install/ngc_interfaces/include/ngc_interfaces/ngc_interfaces/msg/detail/gnss__rosidl_typesupport_introspection_c.h
[3.869s] -- Installing: /home/alfred/shared_mac/MEPA2001_2024/src/install/ngc_interfaces/include/ngc_interfaces/ngc_interfaces/msg/detail/thruster_signals__type_support.c
[3.874s] -- Installing: /home/alfred/shared_mac/MEPA2001_2024/src/install/ngc_interfaces/include/ngc_interfaces/ngc_interfaces/msg/detail/nu__type_support.c
[3.880s] -- Up-to-date: /home/alfred/shared_mac/MEPA2001_2024/src/install/ngc_interfaces/include/ngc_interfaces/ngc_interfaces/msg/detail/heading_device__rosidl_typesupport_introspection_c.h
[3.881s] -- Installing: /home/alfred/shared_mac/MEPA2001_2024/src/install/ngc_interfaces/include/ngc_interfaces/ngc_interfaces/msg/detail/wind__type_support.c
[3.886s] -- Installing: /home/alfred/shared_mac/MEPA2001_2024/src/install/ngc_interfaces/include/ngc_interfaces/ngc_interfaces/msg/detail/heading_device__type_support.c
[3.897s] -- Up-to-date: /home/alfred/shared_mac/MEPA2001_2024/src/install/ngc_interfaces/include/ngc_interfaces/ngc_interfaces/msg/detail/thruster_signals__rosidl_typesupport_introspection_c.h
[3.898s] -- Installing: /home/alfred/shared_mac/MEPA2001_2024/src/install/ngc_interfaces/include/ngc_interfaces/ngc_interfaces/msg/detail/tau__type_support.c
[3.908s] -- Up-to-date: /home/alfred/shared_mac/MEPA2001_2024/src/install/ngc_interfaces/include/ngc_interfaces/ngc_interfaces/msg/detail/nu_dot__rosidl_typesupport_introspection_c.h
[3.911s] -- Installing: /home/alfred/shared_mac/MEPA2001_2024/src/install/ngc_interfaces/include/ngc_interfaces/ngc_interfaces/msg/detail/nu_dot__type_support.c
[3.920s] -- Up-to-date: /home/alfred/shared_mac/MEPA2001_2024/src/install/ngc_interfaces/include/ngc_interfaces/ngc_interfaces/msg/rosidl_typesupport_introspection_c__visibility_control.h
[3.947s] -- Up-to-date: /home/alfred/shared_mac/MEPA2001_2024/src/install/ngc_interfaces/lib/libngc_interfaces__rosidl_typesupport_introspection_c.so
[3.977s] -- Up-to-date: /home/alfred/shared_mac/MEPA2001_2024/src/install/ngc_interfaces/lib/libngc_interfaces__rosidl_typesupport_c.so
[3.990s] -- Up-to-date: /home/alfred/shared_mac/MEPA2001_2024/src/install/ngc_interfaces/include/ngc_interfaces/ngc_interfaces
[3.992s] -- Up-to-date: /home/alfred/shared_mac/MEPA2001_2024/src/install/ngc_interfaces/include/ngc_interfaces/ngc_interfaces/msg
[3.993s] -- Up-to-date: /home/alfred/shared_mac/MEPA2001_2024/src/install/ngc_interfaces/include/ngc_interfaces/ngc_interfaces/msg/heading_device.hpp
[3.995s] -- Up-to-date: /home/alfred/shared_mac/MEPA2001_2024/src/install/ngc_interfaces/include/ngc_interfaces/ngc_interfaces/msg/thruster_signals.hpp
[3.996s] -- Up-to-date: /home/alfred/shared_mac/MEPA2001_2024/src/install/ngc_interfaces/include/ngc_interfaces/ngc_interfaces/msg/nu_dot.hpp
[3.999s] -- Up-to-date: /home/alfred/shared_mac/MEPA2001_2024/src/install/ngc_interfaces/include/ngc_interfaces/ngc_interfaces/msg/wind.hpp
[4.000s] -- Up-to-date: /home/alfred/shared_mac/MEPA2001_2024/src/install/ngc_interfaces/include/ngc_interfaces/ngc_interfaces/msg/tau.hpp
[4.001s] -- Up-to-date: /home/alfred/shared_mac/MEPA2001_2024/src/install/ngc_interfaces/include/ngc_interfaces/ngc_interfaces/msg/detail
[4.004s] -- Up-to-date: /home/alfred/shared_mac/MEPA2001_2024/src/install/ngc_interfaces/include/ngc_interfaces/ngc_interfaces/msg/detail/wind__builder.hpp
[4.010s] -- Up-to-date: /home/alfred/shared_mac/MEPA2001_2024/src/install/ngc_interfaces/include/ngc_interfaces/ngc_interfaces/msg/detail/tau__type_support.hpp
[4.011s] -- Up-to-date: /home/alfred/shared_mac/MEPA2001_2024/src/install/ngc_interfaces/include/ngc_interfaces/ngc_interfaces/msg/detail/nu__type_support.hpp
[4.012s] -- Up-to-date: /home/alfred/shared_mac/MEPA2001_2024/src/install/ngc_interfaces/include/ngc_interfaces/ngc_interfaces/msg/detail/thruster_signals__traits.hpp
[4.012s] -- Up-to-date: /home/alfred/shared_mac/MEPA2001_2024/src/install/ngc_interfaces/include/ngc_interfaces/ngc_interfaces/msg/detail/gnss__struct.hpp
[4.013s] -- Up-to-date: /home/alfred/shared_mac/MEPA2001_2024/src/install/ngc_interfaces/include/ngc_interfaces/ngc_interfaces/msg/detail/nu__struct.hpp
[4.014s] -- Up-to-date: /home/alfred/shared_mac/MEPA2001_2024/src/install/ngc_interfaces/include/ngc_interfaces/ngc_interfaces/msg/detail/heading_device__struct.hpp
[4.014s] -- Up-to-date: /home/alfred/shared_mac/MEPA2001_2024/src/install/ngc_interfaces/include/ngc_interfaces/ngc_interfaces/msg/detail/thruster_signals__type_support.hpp
[4.018s] -- Up-to-date: /home/alfred/shared_mac/MEPA2001_2024/src/install/ngc_interfaces/include/ngc_interfaces/ngc_interfaces/msg/detail/nu_dot__type_support.hpp
[4.020s] -- Up-to-date: /home/alfred/shared_mac/MEPA2001_2024/src/install/ngc_interfaces/include/ngc_interfaces/ngc_interfaces/msg/detail/eta__type_support.hpp
[4.021s] -- Up-to-date: /home/alfred/shared_mac/MEPA2001_2024/src/install/ngc_interfaces/include/ngc_interfaces/ngc_interfaces/msg/detail/wind__traits.hpp
[4.024s] -- Up-to-date: /home/alfred/shared_mac/MEPA2001_2024/src/install/ngc_interfaces/include/ngc_interfaces/ngc_interfaces/msg/detail/tau__builder.hpp
[4.028s] -- Up-to-date: /home/alfred/shared_mac/MEPA2001_2024/src/install/ngc_interfaces/include/ngc_interfaces/ngc_interfaces/msg/detail/eta__struct.hpp
[4.041s] -- Up-to-date: /home/alfred/shared_mac/MEPA2001_2024/src/install/ngc_interfaces/include/ngc_interfaces/ngc_interfaces/msg/detail/nu_dot__struct.hpp
[4.042s] -- Up-to-date: /home/alfred/shared_mac/MEPA2001_2024/src/install/ngc_interfaces/include/ngc_interfaces/ngc_interfaces/msg/detail/tau__traits.hpp
[4.043s] -- Up-to-date: /home/alfred/shared_mac/MEPA2001_2024/src/install/ngc_interfaces/include/ngc_interfaces/ngc_interfaces/msg/detail/thruster_signals__builder.hpp
[4.044s] -- Up-to-date: /home/alfred/shared_mac/MEPA2001_2024/src/install/ngc_interfaces/include/ngc_interfaces/ngc_interfaces/msg/detail/nu__builder.hpp
[4.047s] -- Up-to-date: /home/alfred/shared_mac/MEPA2001_2024/src/install/ngc_interfaces/include/ngc_interfaces/ngc_interfaces/msg/detail/nu__traits.hpp
[4.048s] -- Up-to-date: /home/alfred/shared_mac/MEPA2001_2024/src/install/ngc_interfaces/include/ngc_interfaces/ngc_interfaces/msg/detail/gnss__traits.hpp
[4.048s] -- Up-to-date: /home/alfred/shared_mac/MEPA2001_2024/src/install/ngc_interfaces/include/ngc_interfaces/ngc_interfaces/msg/detail/heading_device__builder.hpp
[4.052s] -- Up-to-date: /home/alfred/shared_mac/MEPA2001_2024/src/install/ngc_interfaces/include/ngc_interfaces/ngc_interfaces/msg/detail/eta__builder.hpp
[4.060s] -- Up-to-date: /home/alfred/shared_mac/MEPA2001_2024/src/install/ngc_interfaces/include/ngc_interfaces/ngc_interfaces/msg/detail/thruster_signals__struct.hpp
[4.072s] -- Up-to-date: /home/alfred/shared_mac/MEPA2001_2024/src/install/ngc_interfaces/include/ngc_interfaces/ngc_interfaces/msg/detail/wind__type_support.hpp
[4.079s] -- Up-to-date: /home/alfred/shared_mac/MEPA2001_2024/src/install/ngc_interfaces/include/ngc_interfaces/ngc_interfaces/msg/detail/nu_dot__builder.hpp
[4.081s] -- Up-to-date: /home/alfred/shared_mac/MEPA2001_2024/src/install/ngc_interfaces/include/ngc_interfaces/ngc_interfaces/msg/detail/heading_device__traits.hpp
[4.084s] -- Up-to-date: /home/alfred/shared_mac/MEPA2001_2024/src/install/ngc_interfaces/include/ngc_interfaces/ngc_interfaces/msg/detail/gnss__type_support.hpp
[4.085s] -- Up-to-date: /home/alfred/shared_mac/MEPA2001_2024/src/install/ngc_interfaces/include/ngc_interfaces/ngc_interfaces/msg/detail/eta__traits.hpp
[4.088s] -- Up-to-date: /home/alfred/shared_mac/MEPA2001_2024/src/install/ngc_interfaces/include/ngc_interfaces/ngc_interfaces/msg/detail/nu_dot__traits.hpp
[4.090s] -- Up-to-date: /home/alfred/shared_mac/MEPA2001_2024/src/install/ngc_interfaces/include/ngc_interfaces/ngc_interfaces/msg/detail/heading_device__type_support.hpp
[4.091s] -- Up-to-date: /home/alfred/shared_mac/MEPA2001_2024/src/install/ngc_interfaces/include/ngc_interfaces/ngc_interfaces/msg/detail/wind__struct.hpp
[4.092s] -- Up-to-date: /home/alfred/shared_mac/MEPA2001_2024/src/install/ngc_interfaces/include/ngc_interfaces/ngc_interfaces/msg/detail/gnss__builder.hpp
[4.097s] -- Up-to-date: /home/alfred/shared_mac/MEPA2001_2024/src/install/ngc_interfaces/include/ngc_interfaces/ngc_interfaces/msg/detail/tau__struct.hpp
[4.099s] -- Up-to-date: /home/alfred/shared_mac/MEPA2001_2024/src/install/ngc_interfaces/include/ngc_interfaces/ngc_interfaces/msg/rosidl_generator_cpp__visibility_control.hpp
[4.100s] -- Up-to-date: /home/alfred/shared_mac/MEPA2001_2024/src/install/ngc_interfaces/include/ngc_interfaces/ngc_interfaces/msg/eta.hpp
[4.103s] -- Up-to-date: /home/alfred/shared_mac/MEPA2001_2024/src/install/ngc_interfaces/include/ngc_interfaces/ngc_interfaces/msg/nu.hpp
[4.104s] -- Up-to-date: /home/alfred/shared_mac/MEPA2001_2024/src/install/ngc_interfaces/include/ngc_interfaces/ngc_interfaces/msg/gnss.hpp
[4.111s] -- Up-to-date: /home/alfred/shared_mac/MEPA2001_2024/src/install/ngc_interfaces/include/ngc_interfaces/ngc_interfaces
[4.113s] -- Up-to-date: /home/alfred/shared_mac/MEPA2001_2024/src/install/ngc_interfaces/include/ngc_interfaces/ngc_interfaces/msg
[4.115s] -- Up-to-date: /home/alfred/shared_mac/MEPA2001_2024/src/install/ngc_interfaces/include/ngc_interfaces/ngc_interfaces/msg/rosidl_typesupport_fastrtps_cpp__visibility_control.h
[4.121s] -- Up-to-date: /home/alfred/shared_mac/MEPA2001_2024/src/install/ngc_interfaces/include/ngc_interfaces/ngc_interfaces/msg/detail
[4.138s] -- Up-to-date: /home/alfred/shared_mac/MEPA2001_2024/src/install/ngc_interfaces/include/ngc_interfaces/ngc_interfaces/msg/detail/wind__rosidl_typesupport_fastrtps_cpp.hpp
[4.139s] -- Up-to-date: /home/alfred/shared_mac/MEPA2001_2024/src/install/ngc_interfaces/include/ngc_interfaces/ngc_interfaces/msg/detail/nu__rosidl_typesupport_fastrtps_cpp.hpp
[4.146s] -- Up-to-date: /home/alfred/shared_mac/MEPA2001_2024/src/install/ngc_interfaces/include/ngc_interfaces/ngc_interfaces/msg/detail/heading_device__rosidl_typesupport_fastrtps_cpp.hpp
[4.158s] -- Up-to-date: /home/alfred/shared_mac/MEPA2001_2024/src/install/ngc_interfaces/include/ngc_interfaces/ngc_interfaces/msg/detail/nu_dot__rosidl_typesupport_fastrtps_cpp.hpp
[4.159s] -- Up-to-date: /home/alfred/shared_mac/MEPA2001_2024/src/install/ngc_interfaces/include/ngc_interfaces/ngc_interfaces/msg/detail/eta__rosidl_typesupport_fastrtps_cpp.hpp
[4.160s] -- Up-to-date: /home/alfred/shared_mac/MEPA2001_2024/src/install/ngc_interfaces/include/ngc_interfaces/ngc_interfaces/msg/detail/thruster_signals__rosidl_typesupport_fastrtps_cpp.hpp
[4.161s] -- Up-to-date: /home/alfred/shared_mac/MEPA2001_2024/src/install/ngc_interfaces/include/ngc_interfaces/ngc_interfaces/msg/detail/dds_fastrtps
[4.169s] -- Up-to-date: /home/alfred/shared_mac/MEPA2001_2024/src/install/ngc_interfaces/include/ngc_interfaces/ngc_interfaces/msg/detail/tau__rosidl_typesupport_fastrtps_cpp.hpp
[4.171s] -- Up-to-date: /home/alfred/shared_mac/MEPA2001_2024/src/install/ngc_interfaces/include/ngc_interfaces/ngc_interfaces/msg/detail/gnss__rosidl_typesupport_fastrtps_cpp.hpp
[4.174s] -- Up-to-date: /home/alfred/shared_mac/MEPA2001_2024/src/install/ngc_interfaces/lib/libngc_interfaces__rosidl_typesupport_fastrtps_cpp.so
[4.179s] -- Up-to-date: /home/alfred/shared_mac/MEPA2001_2024/src/install/ngc_interfaces/include/ngc_interfaces/ngc_interfaces
[4.185s] -- Up-to-date: /home/alfred/shared_mac/MEPA2001_2024/src/install/ngc_interfaces/include/ngc_interfaces/ngc_interfaces/msg
[4.186s] -- Up-to-date: /home/alfred/shared_mac/MEPA2001_2024/src/install/ngc_interfaces/include/ngc_interfaces/ngc_interfaces/msg/detail
[4.189s] -- Up-to-date: /home/alfred/shared_mac/MEPA2001_2024/src/install/ngc_interfaces/include/ngc_interfaces/ngc_interfaces/msg/detail/gnss__rosidl_typesupport_introspection_cpp.hpp
[4.191s] -- Up-to-date: /home/alfred/shared_mac/MEPA2001_2024/src/install/ngc_interfaces/include/ngc_interfaces/ngc_interfaces/msg/detail/heading_device__type_support.cpp
[4.193s] -- Up-to-date: /home/alfred/shared_mac/MEPA2001_2024/src/install/ngc_interfaces/include/ngc_interfaces/ngc_interfaces/msg/detail/eta__rosidl_typesupport_introspection_cpp.hpp
[4.194s] -- Up-to-date: /home/alfred/shared_mac/MEPA2001_2024/src/install/ngc_interfaces/include/ngc_interfaces/ngc_interfaces/msg/detail/thruster_signals__rosidl_typesupport_introspection_cpp.hpp
[4.195s] -- Up-to-date: /home/alfred/shared_mac/MEPA2001_2024/src/install/ngc_interfaces/include/ngc_interfaces/ngc_interfaces/msg/detail/tau__rosidl_typesupport_introspection_cpp.hpp
[4.196s] -- Up-to-date: /home/alfred/shared_mac/MEPA2001_2024/src/install/ngc_interfaces/include/ngc_interfaces/ngc_interfaces/msg/detail/wind__rosidl_typesupport_introspection_cpp.hpp
[4.197s] -- Up-to-date: /home/alfred/shared_mac/MEPA2001_2024/src/install/ngc_interfaces/include/ngc_interfaces/ngc_interfaces/msg/detail/wind__type_support.cpp
[4.199s] -- Up-to-date: /home/alfred/shared_mac/MEPA2001_2024/src/install/ngc_interfaces/include/ngc_interfaces/ngc_interfaces/msg/detail/nu__rosidl_typesupport_introspection_cpp.hpp
[4.201s] -- Up-to-date: /home/alfred/shared_mac/MEPA2001_2024/src/install/ngc_interfaces/include/ngc_interfaces/ngc_interfaces/msg/detail/gnss__type_support.cpp
[4.203s] -- Up-to-date: /home/alfred/shared_mac/MEPA2001_2024/src/install/ngc_interfaces/include/ngc_interfaces/ngc_interfaces/msg/detail/nu_dot__type_support.cpp
[4.205s] -- Up-to-date: /home/alfred/shared_mac/MEPA2001_2024/src/install/ngc_interfaces/include/ngc_interfaces/ngc_interfaces/msg/detail/eta__type_support.cpp
[4.210s] -- Up-to-date: /home/alfred/shared_mac/MEPA2001_2024/src/install/ngc_interfaces/include/ngc_interfaces/ngc_interfaces/msg/detail/heading_device__rosidl_typesupport_introspection_cpp.hpp
[4.212s] -- Up-to-date: /home/alfred/shared_mac/MEPA2001_2024/src/install/ngc_interfaces/include/ngc_interfaces/ngc_interfaces/msg/detail/nu__type_support.cpp
[4.213s] -- Up-to-date: /home/alfred/shared_mac/MEPA2001_2024/src/install/ngc_interfaces/include/ngc_interfaces/ngc_interfaces/msg/detail/tau__type_support.cpp
[4.216s] -- Up-to-date: /home/alfred/shared_mac/MEPA2001_2024/src/install/ngc_interfaces/include/ngc_interfaces/ngc_interfaces/msg/detail/thruster_signals__type_support.cpp
[4.218s] -- Up-to-date: /home/alfred/shared_mac/MEPA2001_2024/src/install/ngc_interfaces/include/ngc_interfaces/ngc_interfaces/msg/detail/nu_dot__rosidl_typesupport_introspection_cpp.hpp
[4.221s] -- Up-to-date: /home/alfred/shared_mac/MEPA2001_2024/src/install/ngc_interfaces/lib/libngc_interfaces__rosidl_typesupport_introspection_cpp.so
[4.257s] -- Up-to-date: /home/alfred/shared_mac/MEPA2001_2024/src/install/ngc_interfaces/lib/libngc_interfaces__rosidl_typesupport_cpp.so
[4.261s] -- Up-to-date: /home/alfred/shared_mac/MEPA2001_2024/src/install/ngc_interfaces/share/ngc_interfaces/environment/pythonpath.sh
[4.264s] -- Up-to-date: /home/alfred/shared_mac/MEPA2001_2024/src/install/ngc_interfaces/share/ngc_interfaces/environment/pythonpath.dsv
[4.265s] -- Up-to-date: /home/alfred/shared_mac/MEPA2001_2024/src/install/ngc_interfaces/lib/python3.12/site-packages/ngc_interfaces-0.0.0-py3.12.egg-info
[4.267s] -- Installing: /home/alfred/shared_mac/MEPA2001_2024/src/install/ngc_interfaces/lib/python3.12/site-packages/ngc_interfaces-0.0.0-py3.12.egg-info/PKG-INFO
[4.274s] -- Installing: /home/alfred/shared_mac/MEPA2001_2024/src/install/ngc_interfaces/lib/python3.12/site-packages/ngc_interfaces-0.0.0-py3.12.egg-info/SOURCES.txt
[4.278s] -- Installing: /home/alfred/shared_mac/MEPA2001_2024/src/install/ngc_interfaces/lib/python3.12/site-packages/ngc_interfaces-0.0.0-py3.12.egg-info/top_level.txt
[4.284s] -- Installing: /home/alfred/shared_mac/MEPA2001_2024/src/install/ngc_interfaces/lib/python3.12/site-packages/ngc_interfaces-0.0.0-py3.12.egg-info/dependency_links.txt
[4.290s] -- Up-to-date: /home/alfred/shared_mac/MEPA2001_2024/src/install/ngc_interfaces/lib/python3.12/site-packages/ngc_interfaces
[4.291s] -- Up-to-date: /home/alfred/shared_mac/MEPA2001_2024/src/install/ngc_interfaces/lib/python3.12/site-packages/ngc_interfaces/ngc_interfaces_s__rosidl_typesupport_fastrtps_c.so
[4.292s] -- Up-to-date: /home/alfred/shared_mac/MEPA2001_2024/src/install/ngc_interfaces/lib/python3.12/site-packages/ngc_interfaces/msg
[4.293s] -- Up-to-date: /home/alfred/shared_mac/MEPA2001_2024/src/install/ngc_interfaces/lib/python3.12/site-packages/ngc_interfaces/msg/_heading_device_s.c
[4.295s] -- Up-to-date: /home/alfred/shared_mac/MEPA2001_2024/src/install/ngc_interfaces/lib/python3.12/site-packages/ngc_interfaces/msg/_thruster_signals_s.c
[4.295s] -- Up-to-date: /home/alfred/shared_mac/MEPA2001_2024/src/install/ngc_interfaces/lib/python3.12/site-packages/ngc_interfaces/msg/_wind_s.c
[4.299s] -- Up-to-date: /home/alfred/shared_mac/MEPA2001_2024/src/install/ngc_interfaces/lib/python3.12/site-packages/ngc_interfaces/msg/_nu_s.c
[4.300s] -- Up-to-date: /home/alfred/shared_mac/MEPA2001_2024/src/install/ngc_interfaces/lib/python3.12/site-packages/ngc_interfaces/msg/_nu_dot.py
[4.301s] -- Up-to-date: /home/alfred/shared_mac/MEPA2001_2024/src/install/ngc_interfaces/lib/python3.12/site-packages/ngc_interfaces/msg/__init__.py
[4.303s] -- Up-to-date: /home/alfred/shared_mac/MEPA2001_2024/src/install/ngc_interfaces/lib/python3.12/site-packages/ngc_interfaces/msg/_nu_dot_s.c
[4.303s] -- Up-to-date: /home/alfred/shared_mac/MEPA2001_2024/src/install/ngc_interfaces/lib/python3.12/site-packages/ngc_interfaces/msg/_eta.py
[4.303s] -- Up-to-date: /home/alfred/shared_mac/MEPA2001_2024/src/install/ngc_interfaces/lib/python3.12/site-packages/ngc_interfaces/msg/_tau.py
[4.305s] -- Up-to-date: /home/alfred/shared_mac/MEPA2001_2024/src/install/ngc_interfaces/lib/python3.12/site-packages/ngc_interfaces/msg/_eta_s.c
[4.314s] -- Up-to-date: /home/alfred/shared_mac/MEPA2001_2024/src/install/ngc_interfaces/lib/python3.12/site-packages/ngc_interfaces/msg/_wind.py
[4.317s] -- Up-to-date: /home/alfred/shared_mac/MEPA2001_2024/src/install/ngc_interfaces/lib/python3.12/site-packages/ngc_interfaces/msg/_heading_device.py
[4.320s] -- Up-to-date: /home/alfred/shared_mac/MEPA2001_2024/src/install/ngc_interfaces/lib/python3.12/site-packages/ngc_interfaces/msg/_thruster_signals.py
[4.334s] -- Up-to-date: /home/alfred/shared_mac/MEPA2001_2024/src/install/ngc_interfaces/lib/python3.12/site-packages/ngc_interfaces/msg/_gnss_s.c
[4.335s] -- Up-to-date: /home/alfred/shared_mac/MEPA2001_2024/src/install/ngc_interfaces/lib/python3.12/site-packages/ngc_interfaces/msg/_tau_s.c
[4.337s] -- Up-to-date: /home/alfred/shared_mac/MEPA2001_2024/src/install/ngc_interfaces/lib/python3.12/site-packages/ngc_interfaces/msg/_nu.py
[4.339s] -- Up-to-date: /home/alfred/shared_mac/MEPA2001_2024/src/install/ngc_interfaces/lib/python3.12/site-packages/ngc_interfaces/msg/_gnss.py
[4.340s] -- Up-to-date: /home/alfred/shared_mac/MEPA2001_2024/src/install/ngc_interfaces/lib/python3.12/site-packages/ngc_interfaces/__init__.py
[4.342s] -- Up-to-date: /home/alfred/shared_mac/MEPA2001_2024/src/install/ngc_interfaces/lib/python3.12/site-packages/ngc_interfaces/_ngc_interfaces_s.ep.rosidl_typesupport_fastrtps_c.c
[4.344s] -- Up-to-date: /home/alfred/shared_mac/MEPA2001_2024/src/install/ngc_interfaces/lib/python3.12/site-packages/ngc_interfaces/ngc_interfaces_s__rosidl_typesupport_c.so
[4.345s] -- Up-to-date: /home/alfred/shared_mac/MEPA2001_2024/src/install/ngc_interfaces/lib/python3.12/site-packages/ngc_interfaces/_ngc_interfaces_s.ep.rosidl_typesupport_introspection_c.c
[4.346s] -- Up-to-date: /home/alfred/shared_mac/MEPA2001_2024/src/install/ngc_interfaces/lib/python3.12/site-packages/ngc_interfaces/ngc_interfaces_s__rosidl_typesupport_introspection_c.so
[4.351s] -- Up-to-date: /home/alfred/shared_mac/MEPA2001_2024/src/install/ngc_interfaces/lib/python3.12/site-packages/ngc_interfaces/_ngc_interfaces_s.ep.rosidl_typesupport_c.c
[4.463s] Listing '/home/alfred/shared_mac/MEPA2001_2024/src/install/ngc_interfaces/lib/python3.12/site-packages/ngc_interfaces'...
[4.464s] Listing '/home/alfred/shared_mac/MEPA2001_2024/src/install/ngc_interfaces/lib/python3.12/site-packages/ngc_interfaces/msg'...
[4.498s] -- Up-to-date: /home/alfred/shared_mac/MEPA2001_2024/src/install/ngc_interfaces/lib/python3.12/site-packages/ngc_interfaces/ngc_interfaces_s__rosidl_typesupport_fastrtps_c.so
[4.518s] -- Up-to-date: /home/alfred/shared_mac/MEPA2001_2024/src/install/ngc_interfaces/lib/python3.12/site-packages/ngc_interfaces/ngc_interfaces_s__rosidl_typesupport_introspection_c.so
[4.547s] -- Up-to-date: /home/alfred/shared_mac/MEPA2001_2024/src/install/ngc_interfaces/lib/python3.12/site-packages/ngc_interfaces/ngc_interfaces_s__rosidl_typesupport_c.so
[4.558s] -- Up-to-date: /home/alfred/shared_mac/MEPA2001_2024/src/install/ngc_interfaces/lib/libngc_interfaces__rosidl_generator_py.so
[4.567s] -- Up-to-date: /home/alfred/shared_mac/MEPA2001_2024/src/install/ngc_interfaces/share/ngc_interfaces/msg/Eta.idl
[4.569s] -- Up-to-date: /home/alfred/shared_mac/MEPA2001_2024/src/install/ngc_interfaces/share/ngc_interfaces/msg/Nu.idl
[4.573s] -- Up-to-date: /home/alfred/shared_mac/MEPA2001_2024/src/install/ngc_interfaces/share/ngc_interfaces/msg/NuDot.idl
[4.578s] -- Up-to-date: /home/alfred/shared_mac/MEPA2001_2024/src/install/ngc_interfaces/share/ngc_interfaces/msg/Tau.idl
[4.580s] -- Up-to-date: /home/alfred/shared_mac/MEPA2001_2024/src/install/ngc_interfaces/share/ngc_interfaces/msg/Wind.idl
[4.580s] -- Up-to-date: /home/alfred/shared_mac/MEPA2001_2024/src/install/ngc_interfaces/share/ngc_interfaces/msg/ThrusterSignals.idl
[4.581s] -- Up-to-date: /home/alfred/shared_mac/MEPA2001_2024/src/install/ngc_interfaces/share/ngc_interfaces/msg/GNSS.idl
[4.585s] -- Up-to-date: /home/alfred/shared_mac/MEPA2001_2024/src/install/ngc_interfaces/share/ngc_interfaces/msg/HeadingDevice.idl
[4.586s] -- Up-to-date: /home/alfred/shared_mac/MEPA2001_2024/src/install/ngc_interfaces/share/ngc_interfaces/msg/Eta.msg
[4.587s] -- Up-to-date: /home/alfred/shared_mac/MEPA2001_2024/src/install/ngc_interfaces/share/ngc_interfaces/msg/Nu.msg
[4.587s] -- Up-to-date: /home/alfred/shared_mac/MEPA2001_2024/src/install/ngc_interfaces/share/ngc_interfaces/msg/NuDot.msg
[4.589s] -- Up-to-date: /home/alfred/shared_mac/MEPA2001_2024/src/install/ngc_interfaces/share/ngc_interfaces/msg/Tau.msg
[4.589s] -- Up-to-date: /home/alfred/shared_mac/MEPA2001_2024/src/install/ngc_interfaces/share/ngc_interfaces/msg/Wind.msg
[4.590s] -- Up-to-date: /home/alfred/shared_mac/MEPA2001_2024/src/install/ngc_interfaces/share/ngc_interfaces/msg/ThrusterSignals.msg
[4.591s] -- Up-to-date: /home/alfred/shared_mac/MEPA2001_2024/src/install/ngc_interfaces/share/ngc_interfaces/msg/GNSS.msg
[4.593s] -- Up-to-date: /home/alfred/shared_mac/MEPA2001_2024/src/install/ngc_interfaces/share/ngc_interfaces/msg/HeadingDevice.msg
[4.595s] -- Up-to-date: /home/alfred/shared_mac/MEPA2001_2024/src/install/ngc_interfaces/share/ament_index/resource_index/package_run_dependencies/ngc_interfaces
[4.598s] -- Up-to-date: /home/alfred/shared_mac/MEPA2001_2024/src/install/ngc_interfaces/share/ament_index/resource_index/parent_prefix_path/ngc_interfaces
[4.600s] -- Up-to-date: /home/alfred/shared_mac/MEPA2001_2024/src/install/ngc_interfaces/share/ngc_interfaces/environment/ament_prefix_path.sh
[4.602s] -- Up-to-date: /home/alfred/shared_mac/MEPA2001_2024/src/install/ngc_interfaces/share/ngc_interfaces/environment/ament_prefix_path.dsv
[4.603s] -- Up-to-date: /home/alfred/shared_mac/MEPA2001_2024/src/install/ngc_interfaces/share/ngc_interfaces/environment/path.sh
[4.604s] -- Up-to-date: /home/alfred/shared_mac/MEPA2001_2024/src/install/ngc_interfaces/share/ngc_interfaces/environment/path.dsv
[4.605s] -- Up-to-date: /home/alfred/shared_mac/MEPA2001_2024/src/install/ngc_interfaces/share/ngc_interfaces/local_setup.bash
[4.606s] -- Up-to-date: /home/alfred/shared_mac/MEPA2001_2024/src/install/ngc_interfaces/share/ngc_interfaces/local_setup.sh
[4.607s] -- Up-to-date: /home/alfred/shared_mac/MEPA2001_2024/src/install/ngc_interfaces/share/ngc_interfaces/local_setup.zsh
[4.608s] -- Up-to-date: /home/alfred/shared_mac/MEPA2001_2024/src/install/ngc_interfaces/share/ngc_interfaces/local_setup.dsv
[4.610s] -- Installing: /home/alfred/shared_mac/MEPA2001_2024/src/install/ngc_interfaces/share/ngc_interfaces/package.dsv
[4.623s] -- Up-to-date: /home/alfred/shared_mac/MEPA2001_2024/src/install/ngc_interfaces/share/ament_index/resource_index/packages/ngc_interfaces
[4.626s] -- Up-to-date: /home/alfred/shared_mac/MEPA2001_2024/src/install/ngc_interfaces/share/ngc_interfaces/cmake/export_ngc_interfaces__rosidl_generator_cExport.cmake
[4.628s] -- Up-to-date: /home/alfred/shared_mac/MEPA2001_2024/src/install/ngc_interfaces/share/ngc_interfaces/cmake/export_ngc_interfaces__rosidl_generator_cExport-noconfig.cmake
[4.630s] -- Up-to-date: /home/alfred/shared_mac/MEPA2001_2024/src/install/ngc_interfaces/share/ngc_interfaces/cmake/export_ngc_interfaces__rosidl_typesupport_fastrtps_cExport.cmake
[4.631s] -- Up-to-date: /home/alfred/shared_mac/MEPA2001_2024/src/install/ngc_interfaces/share/ngc_interfaces/cmake/export_ngc_interfaces__rosidl_typesupport_fastrtps_cExport-noconfig.cmake
[4.646s] -- Up-to-date: /home/alfred/shared_mac/MEPA2001_2024/src/install/ngc_interfaces/share/ngc_interfaces/cmake/ngc_interfaces__rosidl_typesupport_introspection_cExport.cmake
[4.647s] -- Up-to-date: /home/alfred/shared_mac/MEPA2001_2024/src/install/ngc_interfaces/share/ngc_interfaces/cmake/ngc_interfaces__rosidl_typesupport_introspection_cExport-noconfig.cmake
[4.651s] -- Up-to-date: /home/alfred/shared_mac/MEPA2001_2024/src/install/ngc_interfaces/share/ngc_interfaces/cmake/ngc_interfaces__rosidl_typesupport_cExport.cmake
[4.651s] -- Up-to-date: /home/alfred/shared_mac/MEPA2001_2024/src/install/ngc_interfaces/share/ngc_interfaces/cmake/ngc_interfaces__rosidl_typesupport_cExport-noconfig.cmake
[4.654s] -- Up-to-date: /home/alfred/shared_mac/MEPA2001_2024/src/install/ngc_interfaces/share/ngc_interfaces/cmake/export_ngc_interfaces__rosidl_generator_cppExport.cmake
[4.657s] -- Up-to-date: /home/alfred/shared_mac/MEPA2001_2024/src/install/ngc_interfaces/share/ngc_interfaces/cmake/export_ngc_interfaces__rosidl_typesupport_fastrtps_cppExport.cmake
[4.659s] -- Up-to-date: /home/alfred/shared_mac/MEPA2001_2024/src/install/ngc_interfaces/share/ngc_interfaces/cmake/export_ngc_interfaces__rosidl_typesupport_fastrtps_cppExport-noconfig.cmake
[4.662s] -- Up-to-date: /home/alfred/shared_mac/MEPA2001_2024/src/install/ngc_interfaces/share/ngc_interfaces/cmake/ngc_interfaces__rosidl_typesupport_introspection_cppExport.cmake
[4.662s] -- Up-to-date: /home/alfred/shared_mac/MEPA2001_2024/src/install/ngc_interfaces/share/ngc_interfaces/cmake/ngc_interfaces__rosidl_typesupport_introspection_cppExport-noconfig.cmake
[4.666s] -- Up-to-date: /home/alfred/shared_mac/MEPA2001_2024/src/install/ngc_interfaces/share/ngc_interfaces/cmake/ngc_interfaces__rosidl_typesupport_cppExport.cmake
[4.668s] -- Up-to-date: /home/alfred/shared_mac/MEPA2001_2024/src/install/ngc_interfaces/share/ngc_interfaces/cmake/ngc_interfaces__rosidl_typesupport_cppExport-noconfig.cmake
[4.673s] -- Up-to-date: /home/alfred/shared_mac/MEPA2001_2024/src/install/ngc_interfaces/share/ngc_interfaces/cmake/export_ngc_interfaces__rosidl_generator_pyExport.cmake
[4.675s] -- Up-to-date: /home/alfred/shared_mac/MEPA2001_2024/src/install/ngc_interfaces/share/ngc_interfaces/cmake/export_ngc_interfaces__rosidl_generator_pyExport-noconfig.cmake
[4.677s] -- Up-to-date: /home/alfred/shared_mac/MEPA2001_2024/src/install/ngc_interfaces/share/ngc_interfaces/cmake/rosidl_cmake-extras.cmake
[4.679s] -- Up-to-date: /home/alfred/shared_mac/MEPA2001_2024/src/install/ngc_interfaces/share/ngc_interfaces/cmake/ament_cmake_export_include_directories-extras.cmake
[4.680s] -- Up-to-date: /home/alfred/shared_mac/MEPA2001_2024/src/install/ngc_interfaces/share/ngc_interfaces/cmake/ament_cmake_export_libraries-extras.cmake
[4.681s] -- Up-to-date: /home/alfred/shared_mac/MEPA2001_2024/src/install/ngc_interfaces/share/ngc_interfaces/cmake/ament_cmake_export_targets-extras.cmake
[4.682s] -- Up-to-date: /home/alfred/shared_mac/MEPA2001_2024/src/install/ngc_interfaces/share/ngc_interfaces/cmake/rosidl_cmake_export_typesupport_targets-extras.cmake
[4.682s] -- Up-to-date: /home/alfred/shared_mac/MEPA2001_2024/src/install/ngc_interfaces/share/ngc_interfaces/cmake/ament_cmake_export_dependencies-extras.cmake
[4.684s] -- Up-to-date: /home/alfred/shared_mac/MEPA2001_2024/src/install/ngc_interfaces/share/ngc_interfaces/cmake/rosidl_cmake_export_typesupport_libraries-extras.cmake
[4.685s] -- Up-to-date: /home/alfred/shared_mac/MEPA2001_2024/src/install/ngc_interfaces/share/ngc_interfaces/cmake/ngc_interfacesConfig.cmake
[4.686s] -- Up-to-date: /home/alfred/shared_mac/MEPA2001_2024/src/install/ngc_interfaces/share/ngc_interfaces/cmake/ngc_interfacesConfig-version.cmake
[4.688s] -- Up-to-date: /home/alfred/shared_mac/MEPA2001_2024/src/install/ngc_interfaces/share/ngc_interfaces/package.xml
[4.694s] Invoked command in '/home/alfred/shared_mac/MEPA2001_2024/src/build/ngc_interfaces' returned '0': CMAKE_PREFIX_PATH=${CMAKE_PREFIX_PATH}:/home/alfred/shared_mac/MEPA2001_2024/src/install/ngc_hull_sim:/home/alfred/shared_mac/MEPA2001_2024/src/install/ngc_utils:/home/alfred/shared_mac/MEPA2001_2024/src/install/ngc_sensor_sims:/home/alfred/shared_mac/MEPA2001_2024/src/install/ngc_propulsion_sim:/home/alfred/shared_mac/MEPA2001_2024/src/install/ngc_hmi:/home/alfred/shared_mac/MEPA2001_2024/src/install/kontrolsystem:/opt/ros/jazzy DEBUGINFOD_URLS=https://debuginfod.ubuntu.com /usr/bin/cmake --install /home/alfred/shared_mac/MEPA2001_2024/src/build/ngc_interfaces
