gmake: Advarsel: Filen "Makefile" har modifikationstidspunkt 14 s i fremtiden
gmake[1]: Advarsel: Filen "CMakeFiles/Makefile2" har modifikationstidspunkt 14 s i fremtiden
gmake[2]: Advarsel: Filen "CMakeFiles/ngc_interfaces__rosidl_generator_type_description.dir/progress.make" har modifikationstidspunkt 14 s i fremtiden
gmake[2]: Advarsel: Filen "CMakeFiles/ament_cmake_python_copy_ngc_interfaces.dir/progress.make" har modifikationstidspunkt 14 s i fremtiden
gmake[2]: advarsel: Der blev registreret en uoverensstemmelse i urets tid. Din kompilering kan være ufuldstændig.
gmake[2]: advarsel: Der blev registreret en uoverensstemmelse i urets tid. Din kompilering kan være ufuldstændig.
gmake[2]: Advarsel: Filen "CMakeFiles/ngc_interfaces__rosidl_generator_type_description.dir/progress.make" har modifikationstidspunkt 14 s i fremtiden
gmake[2]: Advarsel: Filen "CMakeFiles/ament_cmake_python_copy_ngc_interfaces.dir/progress.make" har modifikationstidspunkt 14 s i fremtiden
gmake[2]: advarsel: Der blev registreret en uoverensstemmelse i urets tid. Din kompilering kan være ufuldstændig.
gmake[2]: Advarsel: Filen "CMakeFiles/ament_cmake_python_build_ngc_interfaces_egg.dir/progress.make" har modifikationstidspunkt 14 s i fremtiden
gmake[2]: advarsel: Der blev registreret en uoverensstemmelse i urets tid. Din kompilering kan være ufuldstændig.
gmake[2]: Advarsel: Filen "CMakeFiles/ament_cmake_python_build_ngc_interfaces_egg.dir/progress.make" har modifikationstidspunkt 14 s i fremtiden
gmake[2]: advarsel: Der blev registreret en uoverensstemmelse i urets tid. Din kompilering kan være ufuldstændig.
gmake[2]: advarsel: Der blev registreret en uoverensstemmelse i urets tid. Din kompilering kan være ufuldstændig.
gmake[2]: Advarsel: Filen "CMakeFiles/ngc_interfaces__cpp.dir/progress.make" har modifikationstidspunkt 13 s i fremtiden
gmake[2]: Advarsel: Filen "CMakeFiles/ngc_interfaces__rosidl_generator_c.dir/flags.make" har modifikationstidspunkt 12 s i fremtiden
gmake[2]: advarsel: Der blev registreret en uoverensstemmelse i urets tid. Din kompilering kan være ufuldstændig.
gmake[2]: Advarsel: Filen "CMakeFiles/ngc_interfaces__cpp.dir/progress.make" har modifikationstidspunkt 13 s i fremtiden
gmake[2]: advarsel: Der blev registreret en uoverensstemmelse i urets tid. Din kompilering kan være ufuldstændig.
gmake[2]: advarsel: Der blev registreret en uoverensstemmelse i urets tid. Din kompilering kan være ufuldstændig.
gmake[2]: Advarsel: Filen "CMakeFiles/ngc_interfaces__rosidl_generator_c.dir/flags.make" har modifikationstidspunkt 11 s i fremtiden
gmake[2]: advarsel: Der blev registreret en uoverensstemmelse i urets tid. Din kompilering kan være ufuldstændig.
gmake[2]: Advarsel: Filen "CMakeFiles/ngc_interfaces__rosidl_typesupport_cpp.dir/flags.make" har modifikationstidspunkt 11 s i fremtiden
gmake[2]: Advarsel: Filen "CMakeFiles/ngc_interfaces__rosidl_typesupport_c.dir/flags.make" har modifikationstidspunkt 10 s i fremtiden
gmake[2]: Advarsel: Filen "CMakeFiles/ngc_interfaces__rosidl_typesupport_introspection_c.dir/flags.make" har modifikationstidspunkt 10 s i fremtiden
gmake[2]: Advarsel: Filen "CMakeFiles/ngc_interfaces__rosidl_typesupport_fastrtps_cpp.dir/flags.make" har modifikationstidspunkt 10 s i fremtiden
gmake[2]: Advarsel: Filen "CMakeFiles/ngc_interfaces__rosidl_typesupport_fastrtps_c.dir/flags.make" har modifikationstidspunkt 11 s i fremtiden
gmake[2]: Advarsel: Filen "CMakeFiles/ngc_interfaces__rosidl_typesupport_introspection_cpp.dir/flags.make" har modifikationstidspunkt 11 s i fremtiden
gmake[2]: advarsel: Der blev registreret en uoverensstemmelse i urets tid. Din kompilering kan være ufuldstændig.
gmake[2]: Advarsel: Filen "CMakeFiles/ngc_interfaces__rosidl_typesupport_c.dir/flags.make" har modifikationstidspunkt 9,4 s i fremtiden
gmake[2]: advarsel: Der blev registreret en uoverensstemmelse i urets tid. Din kompilering kan være ufuldstændig.
gmake[2]: Advarsel: Filen "CMakeFiles/ngc_interfaces__rosidl_typesupport_cpp.dir/flags.make" har modifikationstidspunkt 10 s i fremtiden
gmake[2]: advarsel: Der blev registreret en uoverensstemmelse i urets tid. Din kompilering kan være ufuldstændig.
gmake[2]: Advarsel: Filen "CMakeFiles/ngc_interfaces__rosidl_typesupport_introspection_cpp.dir/flags.make" har modifikationstidspunkt 10 s i fremtiden
gmake[2]: advarsel: Der blev registreret en uoverensstemmelse i urets tid. Din kompilering kan være ufuldstændig.
gmake[2]: Advarsel: Filen "CMakeFiles/ngc_interfaces__rosidl_typesupport_introspection_c.dir/flags.make" har modifikationstidspunkt 8,9 s i fremtiden
gmake[2]: advarsel: Der blev registreret en uoverensstemmelse i urets tid. Din kompilering kan være ufuldstændig.
gmake[2]: Advarsel: Filen "CMakeFiles/ngc_interfaces__rosidl_typesupport_fastrtps_c.dir/flags.make" har modifikationstidspunkt 9,8 s i fremtiden
gmake[2]: advarsel: Der blev registreret en uoverensstemmelse i urets tid. Din kompilering kan være ufuldstændig.
gmake[2]: Advarsel: Filen "CMakeFiles/ngc_interfaces__rosidl_typesupport_fastrtps_cpp.dir/flags.make" har modifikationstidspunkt 8,7 s i fremtiden
gmake[2]: advarsel: Der blev registreret en uoverensstemmelse i urets tid. Din kompilering kan være ufuldstændig.
gmake[2]: advarsel: Der blev registreret en uoverensstemmelse i urets tid. Din kompilering kan være ufuldstændig.
gmake[2]: advarsel: Der blev registreret en uoverensstemmelse i urets tid. Din kompilering kan være ufuldstændig.
gmake[2]: advarsel: Der blev registreret en uoverensstemmelse i urets tid. Din kompilering kan være ufuldstændig.
gmake[2]: advarsel: Der blev registreret en uoverensstemmelse i urets tid. Din kompilering kan være ufuldstændig.
gmake[2]: advarsel: Der blev registreret en uoverensstemmelse i urets tid. Din kompilering kan være ufuldstændig.
gmake[2]: Advarsel: Filen "CMakeFiles/ngc_interfaces.dir/progress.make" har modifikationstidspunkt 4,3 s i fremtiden
gmake[2]: advarsel: Der blev registreret en uoverensstemmelse i urets tid. Din kompilering kan være ufuldstændig.
gmake[2]: Advarsel: Filen "CMakeFiles/ngc_interfaces.dir/progress.make" har modifikationstidspunkt 4,3 s i fremtiden
gmake[2]: advarsel: Der blev registreret en uoverensstemmelse i urets tid. Din kompilering kan være ufuldstændig.
gmake[2]: Advarsel: Filen "/home/alfred/shared_mac/MEPA2001_2024/src/build/ngc_interfaces/ngc_interfaces__py/CMakeFiles/ngc_interfaces__py.dir/progress.make" har modifikationstidspunkt 4,2 s i fremtiden
gmake[2]: advarsel: Der blev registreret en uoverensstemmelse i urets tid. Din kompilering kan være ufuldstændig.
gmake[2]: Advarsel: Filen "/home/alfred/shared_mac/MEPA2001_2024/src/build/ngc_interfaces/ngc_interfaces__py/CMakeFiles/ngc_interfaces__py.dir/progress.make" har modifikationstidspunkt 4,2 s i fremtiden
gmake[2]: advarsel: Der blev registreret en uoverensstemmelse i urets tid. Din kompilering kan være ufuldstændig.
gmake[2]: Advarsel: Filen "CMakeFiles/ngc_interfaces__rosidl_generator_py.dir/flags.make" har modifikationstidspunkt 2,9 s i fremtiden
gmake[2]: advarsel: Der blev registreret en uoverensstemmelse i urets tid. Din kompilering kan være ufuldstændig.
gmake[2]: Advarsel: Filen "CMakeFiles/ngc_interfaces__rosidl_generator_py.dir/flags.make" har modifikationstidspunkt 2,9 s i fremtiden
gmake[2]: advarsel: Der blev registreret en uoverensstemmelse i urets tid. Din kompilering kan være ufuldstændig.
gmake[2]: Advarsel: Filen "CMakeFiles/ngc_interfaces_s__rosidl_typesupport_fastrtps_c.dir/flags.make" har modifikationstidspunkt 2,3 s i fremtiden
gmake[2]: Advarsel: Filen "CMakeFiles/ngc_interfaces_s__rosidl_typesupport_introspection_c.dir/flags.make" har modifikationstidspunkt 2,3 s i fremtiden
gmake[2]: Advarsel: Filen "CMakeFiles/ngc_interfaces_s__rosidl_typesupport_c.dir/flags.make" har modifikationstidspunkt 2,3 s i fremtiden
gmake[2]: advarsel: Der blev registreret en uoverensstemmelse i urets tid. Din kompilering kan være ufuldstændig.
gmake[2]: advarsel: Der blev registreret en uoverensstemmelse i urets tid. Din kompilering kan være ufuldstændig.
gmake[2]: advarsel: Der blev registreret en uoverensstemmelse i urets tid. Din kompilering kan være ufuldstændig.
gmake[2]: Advarsel: Filen "CMakeFiles/ngc_interfaces_s__rosidl_typesupport_fastrtps_c.dir/flags.make" har modifikationstidspunkt 2,2 s i fremtiden
gmake[2]: Advarsel: Filen "CMakeFiles/ngc_interfaces_s__rosidl_typesupport_c.dir/flags.make" har modifikationstidspunkt 2,2 s i fremtiden
gmake[2]: Advarsel: Filen "CMakeFiles/ngc_interfaces_s__rosidl_typesupport_introspection_c.dir/flags.make" har modifikationstidspunkt 2,2 s i fremtiden
gmake[2]: advarsel: Der blev registreret en uoverensstemmelse i urets tid. Din kompilering kan være ufuldstændig.
gmake[2]: advarsel: Der blev registreret en uoverensstemmelse i urets tid. Din kompilering kan være ufuldstændig.
gmake[2]: advarsel: Der blev registreret en uoverensstemmelse i urets tid. Din kompilering kan være ufuldstændig.
gmake[1]: advarsel: Der blev registreret en uoverensstemmelse i urets tid. Din kompilering kan være ufuldstændig.
gmake: advarsel: Der blev registreret en uoverensstemmelse i urets tid. Din kompilering kan være ufuldstændig.
