[0.093s] Invoking command in '/home/alfred/shared_mac/MEPA2001_2024/src/build/ngc_interfaces': CMAKE_PREFIX_PATH=${CMAKE_PREFIX_PATH}:/home/alfred/shared_mac/MEPA2001_2024/install/ngc_hull_sim:/home/alfred/shared_mac/MEPA2001_2024/install/ngc_utils:/home/alfred/shared_mac/MEPA2001_2024/install/ngc_sensor_sims:/home/alfred/shared_mac/MEPA2001_2024/install/ngc_propulsion_sim:/home/alfred/shared_mac/MEPA2001_2024/install/ngc_hmi:/opt/ros/jazzy DEBUGINFOD_URLS=https://debuginfod.ubuntu.com /usr/bin/cmake /home/alfred/shared_mac/MEPA2001_2024/src/ngc_interfaces -DCMAKE_INSTALL_PREFIX=/home/alfred/shared_mac/MEPA2001_2024/src/install/ngc_interfaces
[0.731s] -- The C compiler identification is GNU 13.2.0
[0.739s] -- The CXX compiler identification is GNU 13.2.0
[0.742s] -- Detecting C compiler ABI info
[0.893s] -- Detecting C compiler ABI info - done
[0.931s] -- Check for working C compiler: /usr/bin/cc - skipped
[0.933s] -- Detecting C compile features
[0.935s] -- Detecting C compile features - done
[0.967s] -- Detecting CXX compiler ABI info
[1.296s] -- Detecting CXX compiler ABI info - done
[1.334s] -- Check for working CXX compiler: /usr/bin/c++ - skipped
[1.335s] -- Detecting CXX compile features
[1.337s] -- Detecting CXX compile features - done
[1.360s] -- Found ament_cmake: 2.5.2 (/opt/ros/jazzy/share/ament_cmake/cmake)
[1.663s] -- Found Python3: /usr/bin/python3 (found version "3.12.3") found components: Interpreter 
[1.966s] -- Found rosidl_default_generators: 1.6.0 (/opt/ros/jazzy/share/rosidl_default_generators/cmake)
[2.014s] -- Using all available rosidl_typesupport_c: rosidl_typesupport_fastrtps_c;rosidl_typesupport_introspection_c
[2.242s] -- Using all available rosidl_typesupport_cpp: rosidl_typesupport_fastrtps_cpp;rosidl_typesupport_introspection_cpp
[2.618s] -- Found rosidl_adapter: 4.6.3 (/opt/ros/jazzy/share/rosidl_adapter/cmake)
[4.663s] -- Found ament_cmake_ros: 0.12.0 (/opt/ros/jazzy/share/ament_cmake_ros/cmake)
[5.460s] -- Using all available rosidl_typesupport_c: rosidl_typesupport_fastrtps_c;rosidl_typesupport_introspection_c
[6.386s] -- Using all available rosidl_typesupport_cpp: rosidl_typesupport_fastrtps_cpp;rosidl_typesupport_introspection_cpp
[6.394s] -- Found python_cmake_module: 0.11.1 (/opt/ros/jazzy/share/python_cmake_module/cmake)
[6.581s] -- Found PythonExtra: /usr/bin/python3  
[7.204s] -- Found Python3: /usr/bin/python3 (found version "3.12.3") found components: Interpreter Development NumPy Development.Module Development.Embed 
[7.406s] -- Configuring done (7.3s)
[7.985s] -- Generating done (0.6s)
[8.069s] -- Build files have been written to: /home/alfred/shared_mac/MEPA2001_2024/src/build/ngc_interfaces
[8.082s] Invoked command in '/home/alfred/shared_mac/MEPA2001_2024/src/build/ngc_interfaces' returned '0': CMAKE_PREFIX_PATH=${CMAKE_PREFIX_PATH}:/home/alfred/shared_mac/MEPA2001_2024/install/ngc_hull_sim:/home/alfred/shared_mac/MEPA2001_2024/install/ngc_utils:/home/alfred/shared_mac/MEPA2001_2024/install/ngc_sensor_sims:/home/alfred/shared_mac/MEPA2001_2024/install/ngc_propulsion_sim:/home/alfred/shared_mac/MEPA2001_2024/install/ngc_hmi:/opt/ros/jazzy DEBUGINFOD_URLS=https://debuginfod.ubuntu.com /usr/bin/cmake /home/alfred/shared_mac/MEPA2001_2024/src/ngc_interfaces -DCMAKE_INSTALL_PREFIX=/home/alfred/shared_mac/MEPA2001_2024/src/install/ngc_interfaces
[8.094s] Invoking command in '/home/alfred/shared_mac/MEPA2001_2024/src/build/ngc_interfaces': CMAKE_PREFIX_PATH=${CMAKE_PREFIX_PATH}:/home/alfred/shared_mac/MEPA2001_2024/install/ngc_hull_sim:/home/alfred/shared_mac/MEPA2001_2024/install/ngc_utils:/home/alfred/shared_mac/MEPA2001_2024/install/ngc_sensor_sims:/home/alfred/shared_mac/MEPA2001_2024/install/ngc_propulsion_sim:/home/alfred/shared_mac/MEPA2001_2024/install/ngc_hmi:/opt/ros/jazzy DEBUGINFOD_URLS=https://debuginfod.ubuntu.com /usr/bin/cmake --build /home/alfred/shared_mac/MEPA2001_2024/src/build/ngc_interfaces -- -j6 -l6
[8.120s] gmake: Advarsel: Filen "Makefile" har modifikationstidspunkt 14 s i fremtiden
[8.201s] gmake[1]: Advarsel: Filen "CMakeFiles/Makefile2" har modifikationstidspunkt 14 s i fremtiden
[8.209s] gmake[2]: Advarsel: Filen "CMakeFiles/ngc_interfaces__rosidl_generator_type_description.dir/progress.make" har modifikationstidspunkt 14 s i fremtiden
[8.210s] gmake[2]: Advarsel: Filen "CMakeFiles/ament_cmake_python_copy_ngc_interfaces.dir/progress.make" har modifikationstidspunkt 14 s i fremtiden
[8.229s] gmake[2]: advarsel: Der blev registreret en uoverensstemmelse i urets tid. Din kompilering kan være ufuldstændig.
[8.230s] gmake[2]: advarsel: Der blev registreret en uoverensstemmelse i urets tid. Din kompilering kan være ufuldstændig.
[8.233s] gmake[2]: Advarsel: Filen "CMakeFiles/ngc_interfaces__rosidl_generator_type_description.dir/progress.make" har modifikationstidspunkt 14 s i fremtiden
[8.239s] gmake[2]: Advarsel: Filen "CMakeFiles/ament_cmake_python_copy_ngc_interfaces.dir/progress.make" har modifikationstidspunkt 14 s i fremtiden
[8.253s] [  1%] [34m[1mGenerating type hashes for ROS interfaces[0m
[8.256s] gmake[2]: advarsel: Der blev registreret en uoverensstemmelse i urets tid. Din kompilering kan være ufuldstændig.
[8.283s] [  1%] Built target ament_cmake_python_copy_ngc_interfaces
[8.288s] gmake[2]: Advarsel: Filen "CMakeFiles/ament_cmake_python_build_ngc_interfaces_egg.dir/progress.make" har modifikationstidspunkt 14 s i fremtiden
[8.305s] gmake[2]: advarsel: Der blev registreret en uoverensstemmelse i urets tid. Din kompilering kan være ufuldstændig.
[8.310s] gmake[2]: Advarsel: Filen "CMakeFiles/ament_cmake_python_build_ngc_interfaces_egg.dir/progress.make" har modifikationstidspunkt 14 s i fremtiden
[8.623s] running egg_info
[8.624s] creating ngc_interfaces.egg-info
[8.653s] writing ngc_interfaces.egg-info/PKG-INFO
[8.654s] writing dependency_links to ngc_interfaces.egg-info/dependency_links.txt
[8.656s] writing top-level names to ngc_interfaces.egg-info/top_level.txt
[8.659s] writing manifest file 'ngc_interfaces.egg-info/SOURCES.txt'
[8.792s] reading manifest file 'ngc_interfaces.egg-info/SOURCES.txt'
[8.796s] writing manifest file 'ngc_interfaces.egg-info/SOURCES.txt'
[8.846s] gmake[2]: advarsel: Der blev registreret en uoverensstemmelse i urets tid. Din kompilering kan være ufuldstændig.
[8.865s] [  1%] Built target ament_cmake_python_build_ngc_interfaces_egg
[8.935s] gmake[2]: advarsel: Der blev registreret en uoverensstemmelse i urets tid. Din kompilering kan være ufuldstændig.
[8.951s] [  1%] Built target ngc_interfaces__rosidl_generator_type_description
[8.959s] gmake[2]: Advarsel: Filen "CMakeFiles/ngc_interfaces__cpp.dir/progress.make" har modifikationstidspunkt 13 s i fremtiden
[8.962s] gmake[2]: Advarsel: Filen "CMakeFiles/ngc_interfaces__rosidl_generator_c.dir/flags.make" har modifikationstidspunkt 12 s i fremtiden
[8.980s] gmake[2]: advarsel: Der blev registreret en uoverensstemmelse i urets tid. Din kompilering kan være ufuldstændig.
[8.981s] [  2%] [34m[1mGenerating C code for ROS interfaces[0m
[8.986s] gmake[2]: Advarsel: Filen "CMakeFiles/ngc_interfaces__cpp.dir/progress.make" har modifikationstidspunkt 13 s i fremtiden
[9.006s] [  3%] [34m[1mGenerating C++ code for ROS interfaces[0m
[10.074s] gmake[2]: advarsel: Der blev registreret en uoverensstemmelse i urets tid. Din kompilering kan være ufuldstændig.
[10.095s] [  3%] Built target ngc_interfaces__cpp
[10.278s] gmake[2]: advarsel: Der blev registreret en uoverensstemmelse i urets tid. Din kompilering kan være ufuldstændig.
[10.286s] gmake[2]: Advarsel: Filen "CMakeFiles/ngc_interfaces__rosidl_generator_c.dir/flags.make" har modifikationstidspunkt 11 s i fremtiden
[10.373s] [  7%] [32mBuilding C object CMakeFiles/ngc_interfaces__rosidl_generator_c.dir/rosidl_generator_c/ngc_interfaces/msg/detail/nu__description.c.o[0m
[10.376s] [  7%] [32mBuilding C object CMakeFiles/ngc_interfaces__rosidl_generator_c.dir/rosidl_generator_c/ngc_interfaces/msg/detail/eta__description.c.o[0m
[10.377s] [  7%] [32mBuilding C object CMakeFiles/ngc_interfaces__rosidl_generator_c.dir/rosidl_generator_c/ngc_interfaces/msg/detail/nu__functions.c.o[0m
[10.380s] [  8%] [32mBuilding C object CMakeFiles/ngc_interfaces__rosidl_generator_c.dir/rosidl_generator_c/ngc_interfaces/msg/detail/eta__functions.c.o[0m
[10.395s] [ 10%] [32mBuilding C object CMakeFiles/ngc_interfaces__rosidl_generator_c.dir/rosidl_generator_c/ngc_interfaces/msg/detail/nu__type_support.c.o[0m
[10.396s] [ 10%] [32mBuilding C object CMakeFiles/ngc_interfaces__rosidl_generator_c.dir/rosidl_generator_c/ngc_interfaces/msg/detail/eta__type_support.c.o[0m
[10.516s] [ 11%] [32mBuilding C object CMakeFiles/ngc_interfaces__rosidl_generator_c.dir/rosidl_generator_c/ngc_interfaces/msg/detail/nu_dot__description.c.o[0m
[10.520s] [ 13%] [32mBuilding C object CMakeFiles/ngc_interfaces__rosidl_generator_c.dir/rosidl_generator_c/ngc_interfaces/msg/detail/nu_dot__functions.c.o[0m
[10.532s] [ 14%] [32mBuilding C object CMakeFiles/ngc_interfaces__rosidl_generator_c.dir/rosidl_generator_c/ngc_interfaces/msg/detail/nu_dot__type_support.c.o[0m
[10.536s] [ 15%] [32mBuilding C object CMakeFiles/ngc_interfaces__rosidl_generator_c.dir/rosidl_generator_c/ngc_interfaces/msg/detail/tau__functions.c.o[0m
[10.552s] [ 16%] [32mBuilding C object CMakeFiles/ngc_interfaces__rosidl_generator_c.dir/rosidl_generator_c/ngc_interfaces/msg/detail/tau__description.c.o[0m
[10.558s] [ 17%] [32mBuilding C object CMakeFiles/ngc_interfaces__rosidl_generator_c.dir/rosidl_generator_c/ngc_interfaces/msg/detail/tau__type_support.c.o[0m
[10.656s] [ 19%] [32mBuilding C object CMakeFiles/ngc_interfaces__rosidl_generator_c.dir/rosidl_generator_c/ngc_interfaces/msg/detail/wind__description.c.o[0m
[10.670s] [ 20%] [32mBuilding C object CMakeFiles/ngc_interfaces__rosidl_generator_c.dir/rosidl_generator_c/ngc_interfaces/msg/detail/wind__functions.c.o[0m
[10.717s] [ 21%] [32mBuilding C object CMakeFiles/ngc_interfaces__rosidl_generator_c.dir/rosidl_generator_c/ngc_interfaces/msg/detail/thruster_signals__description.c.o[0m
[10.723s] [ 22%] [32mBuilding C object CMakeFiles/ngc_interfaces__rosidl_generator_c.dir/rosidl_generator_c/ngc_interfaces/msg/detail/thruster_signals__functions.c.o[0m
[10.731s] [ 23%] [32mBuilding C object CMakeFiles/ngc_interfaces__rosidl_generator_c.dir/rosidl_generator_c/ngc_interfaces/msg/detail/thruster_signals__type_support.c.o[0m
[10.734s] [ 25%] [32mBuilding C object CMakeFiles/ngc_interfaces__rosidl_generator_c.dir/rosidl_generator_c/ngc_interfaces/msg/detail/wind__type_support.c.o[0m
[10.867s] [ 26%] [32m[1mLinking C shared library libngc_interfaces__rosidl_generator_c.so[0m
[10.985s] gmake[2]: advarsel: Der blev registreret en uoverensstemmelse i urets tid. Din kompilering kan være ufuldstændig.
[11.018s] [ 26%] Built target ngc_interfaces__rosidl_generator_c
[11.050s] gmake[2]: Advarsel: Filen "CMakeFiles/ngc_interfaces__rosidl_typesupport_cpp.dir/flags.make" har modifikationstidspunkt 11 s i fremtiden
[11.059s] gmake[2]: Advarsel: Filen "CMakeFiles/ngc_interfaces__rosidl_typesupport_c.dir/flags.make" har modifikationstidspunkt 10 s i fremtiden
[11.064s] gmake[2]: Advarsel: Filen "CMakeFiles/ngc_interfaces__rosidl_typesupport_introspection_c.dir/flags.make" har modifikationstidspunkt 10 s i fremtiden
[11.076s] gmake[2]: Advarsel: Filen "CMakeFiles/ngc_interfaces__rosidl_typesupport_fastrtps_cpp.dir/flags.make" har modifikationstidspunkt 10 s i fremtiden
[11.078s] gmake[2]: Advarsel: Filen "CMakeFiles/ngc_interfaces__rosidl_typesupport_fastrtps_c.dir/flags.make" har modifikationstidspunkt 11 s i fremtiden
[11.079s] gmake[2]: Advarsel: Filen "CMakeFiles/ngc_interfaces__rosidl_typesupport_introspection_cpp.dir/flags.make" har modifikationstidspunkt 11 s i fremtiden
[11.099s] [ 29%] [34m[1mGenerating C++ type support dispatch for ROS interfaces[0m
[11.101s] [ 29%] [34m[1mGenerating C type support dispatch for ROS interfaces[0m
[11.103s] [ 29%] [34m[1mGenerating C introspection for ROS interfaces[0m
[11.104s] [ 30%] [34m[1mGenerating C++ type support for eProsima Fast-RTPS[0m
[11.112s] [ 32%] [34m[1mGenerating C++ introspection for ROS interfaces[0m
[11.115s] [ 33%] [34m[1mGenerating C type support for eProsima Fast-RTPS[0m
[11.963s] gmake[2]: advarsel: Der blev registreret en uoverensstemmelse i urets tid. Din kompilering kan være ufuldstændig.
[11.982s] gmake[2]: Advarsel: Filen "CMakeFiles/ngc_interfaces__rosidl_typesupport_c.dir/flags.make" har modifikationstidspunkt 9,4 s i fremtiden
[12.007s] [ 34%] [32mBuilding CXX object CMakeFiles/ngc_interfaces__rosidl_typesupport_c.dir/rosidl_typesupport_c/ngc_interfaces/msg/eta__type_support.cpp.o[0m
[12.011s] gmake[2]: advarsel: Der blev registreret en uoverensstemmelse i urets tid. Din kompilering kan være ufuldstændig.
[12.026s] gmake[2]: Advarsel: Filen "CMakeFiles/ngc_interfaces__rosidl_typesupport_cpp.dir/flags.make" har modifikationstidspunkt 10 s i fremtiden
[12.059s] [ 35%] [32mBuilding CXX object CMakeFiles/ngc_interfaces__rosidl_typesupport_cpp.dir/rosidl_typesupport_cpp/ngc_interfaces/msg/eta__type_support.cpp.o[0m
[12.269s] [ 36%] [32mBuilding CXX object CMakeFiles/ngc_interfaces__rosidl_typesupport_c.dir/rosidl_typesupport_c/ngc_interfaces/msg/nu__type_support.cpp.o[0m
[12.313s] gmake[2]: advarsel: Der blev registreret en uoverensstemmelse i urets tid. Din kompilering kan være ufuldstændig.
[12.322s] gmake[2]: Advarsel: Filen "CMakeFiles/ngc_interfaces__rosidl_typesupport_introspection_cpp.dir/flags.make" har modifikationstidspunkt 10 s i fremtiden
[12.410s] [ 38%] [32mBuilding CXX object CMakeFiles/ngc_interfaces__rosidl_typesupport_c.dir/rosidl_typesupport_c/ngc_interfaces/msg/nu_dot__type_support.cpp.o[0m
[12.469s] [ 39%] [32mBuilding CXX object CMakeFiles/ngc_interfaces__rosidl_typesupport_introspection_cpp.dir/rosidl_typesupport_introspection_cpp/ngc_interfaces/msg/detail/eta__type_support.cpp.o[0m
[12.494s] gmake[2]: advarsel: Der blev registreret en uoverensstemmelse i urets tid. Din kompilering kan være ufuldstændig.
[12.504s] gmake[2]: Advarsel: Filen "CMakeFiles/ngc_interfaces__rosidl_typesupport_introspection_c.dir/flags.make" har modifikationstidspunkt 8,9 s i fremtiden
[12.560s] gmake[2]: advarsel: Der blev registreret en uoverensstemmelse i urets tid. Din kompilering kan være ufuldstændig.
[12.582s] gmake[2]: Advarsel: Filen "CMakeFiles/ngc_interfaces__rosidl_typesupport_fastrtps_c.dir/flags.make" har modifikationstidspunkt 9,8 s i fremtiden
[12.626s] [ 40%] [32mBuilding CXX object CMakeFiles/ngc_interfaces__rosidl_typesupport_c.dir/rosidl_typesupport_c/ngc_interfaces/msg/tau__type_support.cpp.o[0m
[12.675s] gmake[2]: advarsel: Der blev registreret en uoverensstemmelse i urets tid. Din kompilering kan være ufuldstændig.
[12.689s] gmake[2]: Advarsel: Filen "CMakeFiles/ngc_interfaces__rosidl_typesupport_fastrtps_cpp.dir/flags.make" har modifikationstidspunkt 8,7 s i fremtiden
[12.720s] [ 41%] [32mBuilding CXX object CMakeFiles/ngc_interfaces__rosidl_typesupport_fastrtps_cpp.dir/rosidl_typesupport_fastrtps_cpp/ngc_interfaces/msg/detail/dds_fastrtps/eta__type_support.cpp.o[0m
[12.737s] [ 42%] [32mBuilding C object CMakeFiles/ngc_interfaces__rosidl_typesupport_introspection_c.dir/rosidl_typesupport_introspection_c/ngc_interfaces/msg/detail/eta__type_support.c.o[0m
[12.840s] [ 44%] [32mBuilding CXX object CMakeFiles/ngc_interfaces__rosidl_typesupport_fastrtps_c.dir/rosidl_typesupport_fastrtps_c/ngc_interfaces/msg/detail/eta__type_support_c.cpp.o[0m
[12.912s] [ 45%] [32mBuilding CXX object CMakeFiles/ngc_interfaces__rosidl_typesupport_c.dir/rosidl_typesupport_c/ngc_interfaces/msg/wind__type_support.cpp.o[0m
[12.930s] [ 46%] [32mBuilding C object CMakeFiles/ngc_interfaces__rosidl_typesupport_introspection_c.dir/rosidl_typesupport_introspection_c/ngc_interfaces/msg/detail/nu__type_support.c.o[0m
[13.062s] [ 47%] [32mBuilding CXX object CMakeFiles/ngc_interfaces__rosidl_typesupport_c.dir/rosidl_typesupport_c/ngc_interfaces/msg/thruster_signals__type_support.cpp.o[0m
[13.079s] [ 48%] [32mBuilding C object CMakeFiles/ngc_interfaces__rosidl_typesupport_introspection_c.dir/rosidl_typesupport_introspection_c/ngc_interfaces/msg/detail/nu_dot__type_support.c.o[0m
[13.251s] [ 50%] [32mBuilding C object CMakeFiles/ngc_interfaces__rosidl_typesupport_introspection_c.dir/rosidl_typesupport_introspection_c/ngc_interfaces/msg/detail/tau__type_support.c.o[0m
[13.265s] [ 51%] [32m[1mLinking CXX shared library libngc_interfaces__rosidl_typesupport_c.so[0m
[13.285s] [ 52%] [32mBuilding CXX object CMakeFiles/ngc_interfaces__rosidl_typesupport_cpp.dir/rosidl_typesupport_cpp/ngc_interfaces/msg/nu__type_support.cpp.o[0m
[13.381s] gmake[2]: advarsel: Der blev registreret en uoverensstemmelse i urets tid. Din kompilering kan være ufuldstændig.
[13.387s] [ 53%] [32mBuilding C object CMakeFiles/ngc_interfaces__rosidl_typesupport_introspection_c.dir/rosidl_typesupport_introspection_c/ngc_interfaces/msg/detail/wind__type_support.c.o[0m
[13.413s] [ 53%] Built target ngc_interfaces__rosidl_typesupport_c
[13.432s] [ 54%] [32mBuilding CXX object CMakeFiles/ngc_interfaces__rosidl_typesupport_fastrtps_c.dir/rosidl_typesupport_fastrtps_c/ngc_interfaces/msg/detail/nu__type_support_c.cpp.o[0m
[13.514s] [ 55%] [32mBuilding C object CMakeFiles/ngc_interfaces__rosidl_typesupport_introspection_c.dir/rosidl_typesupport_introspection_c/ngc_interfaces/msg/detail/thruster_signals__type_support.c.o[0m
[13.595s] [ 57%] [32mBuilding CXX object CMakeFiles/ngc_interfaces__rosidl_typesupport_introspection_cpp.dir/rosidl_typesupport_introspection_cpp/ngc_interfaces/msg/detail/nu__type_support.cpp.o[0m
[13.633s] [ 58%] [32m[1mLinking C shared library libngc_interfaces__rosidl_typesupport_introspection_c.so[0m
[13.729s] gmake[2]: advarsel: Der blev registreret en uoverensstemmelse i urets tid. Din kompilering kan være ufuldstændig.
[13.771s] [ 58%] Built target ngc_interfaces__rosidl_typesupport_introspection_c
[13.799s] [ 59%] [32mBuilding CXX object CMakeFiles/ngc_interfaces__rosidl_typesupport_fastrtps_c.dir/rosidl_typesupport_fastrtps_c/ngc_interfaces/msg/detail/nu_dot__type_support_c.cpp.o[0m
[14.149s] [ 60%] [32mBuilding CXX object CMakeFiles/ngc_interfaces__rosidl_typesupport_cpp.dir/rosidl_typesupport_cpp/ngc_interfaces/msg/nu_dot__type_support.cpp.o[0m
[14.281s] [ 61%] [32mBuilding CXX object CMakeFiles/ngc_interfaces__rosidl_typesupport_fastrtps_c.dir/rosidl_typesupport_fastrtps_c/ngc_interfaces/msg/detail/tau__type_support_c.cpp.o[0m
[14.478s] [ 63%] [32mBuilding CXX object CMakeFiles/ngc_interfaces__rosidl_typesupport_introspection_cpp.dir/rosidl_typesupport_introspection_cpp/ngc_interfaces/msg/detail/nu_dot__type_support.cpp.o[0m
[14.649s] [ 64%] [32mBuilding CXX object CMakeFiles/ngc_interfaces__rosidl_typesupport_fastrtps_cpp.dir/rosidl_typesupport_fastrtps_cpp/ngc_interfaces/msg/detail/dds_fastrtps/nu__type_support.cpp.o[0m
[14.657s] [ 65%] [32mBuilding CXX object CMakeFiles/ngc_interfaces__rosidl_typesupport_fastrtps_c.dir/rosidl_typesupport_fastrtps_c/ngc_interfaces/msg/detail/wind__type_support_c.cpp.o[0m
[14.928s] [ 66%] [32mBuilding CXX object CMakeFiles/ngc_interfaces__rosidl_typesupport_cpp.dir/rosidl_typesupport_cpp/ngc_interfaces/msg/tau__type_support.cpp.o[0m
[15.029s] [ 67%] [32mBuilding CXX object CMakeFiles/ngc_interfaces__rosidl_typesupport_introspection_cpp.dir/rosidl_typesupport_introspection_cpp/ngc_interfaces/msg/detail/tau__type_support.cpp.o[0m
[15.429s] [ 69%] [32mBuilding CXX object CMakeFiles/ngc_interfaces__rosidl_typesupport_fastrtps_c.dir/rosidl_typesupport_fastrtps_c/ngc_interfaces/msg/detail/thruster_signals__type_support_c.cpp.o[0m
[15.433s] [ 70%] [32mBuilding CXX object CMakeFiles/ngc_interfaces__rosidl_typesupport_introspection_cpp.dir/rosidl_typesupport_introspection_cpp/ngc_interfaces/msg/detail/wind__type_support.cpp.o[0m
[15.881s] [ 71%] [32mBuilding CXX object CMakeFiles/ngc_interfaces__rosidl_typesupport_cpp.dir/rosidl_typesupport_cpp/ngc_interfaces/msg/wind__type_support.cpp.o[0m
[15.894s] [ 72%] [32mBuilding CXX object CMakeFiles/ngc_interfaces__rosidl_typesupport_introspection_cpp.dir/rosidl_typesupport_introspection_cpp/ngc_interfaces/msg/detail/thruster_signals__type_support.cpp.o[0m
[15.976s] [ 73%] [32mBuilding CXX object CMakeFiles/ngc_interfaces__rosidl_typesupport_fastrtps_cpp.dir/rosidl_typesupport_fastrtps_cpp/ngc_interfaces/msg/detail/dds_fastrtps/nu_dot__type_support.cpp.o[0m
[16.075s] [ 75%] [32mBuilding CXX object CMakeFiles/ngc_interfaces__rosidl_typesupport_cpp.dir/rosidl_typesupport_cpp/ngc_interfaces/msg/thruster_signals__type_support.cpp.o[0m
[16.462s] [ 76%] [32mBuilding CXX object CMakeFiles/ngc_interfaces__rosidl_typesupport_fastrtps_cpp.dir/rosidl_typesupport_fastrtps_cpp/ngc_interfaces/msg/detail/dds_fastrtps/tau__type_support.cpp.o[0m
[16.747s] [ 77%] [32mBuilding CXX object CMakeFiles/ngc_interfaces__rosidl_typesupport_fastrtps_cpp.dir/rosidl_typesupport_fastrtps_cpp/ngc_interfaces/msg/detail/dds_fastrtps/wind__type_support.cpp.o[0m
[16.798s] [ 78%] [32m[1mLinking CXX shared library libngc_interfaces__rosidl_typesupport_introspection_cpp.so[0m
[16.916s] [ 79%] [32m[1mLinking CXX shared library libngc_interfaces__rosidl_typesupport_cpp.so[0m
[16.951s] [ 80%] [32m[1mLinking CXX shared library libngc_interfaces__rosidl_typesupport_fastrtps_c.so[0m
[16.952s] gmake[2]: advarsel: Der blev registreret en uoverensstemmelse i urets tid. Din kompilering kan være ufuldstændig.
[17.012s] [ 80%] Built target ngc_interfaces__rosidl_typesupport_introspection_cpp
[17.049s] [ 82%] [32mBuilding CXX object CMakeFiles/ngc_interfaces__rosidl_typesupport_fastrtps_cpp.dir/rosidl_typesupport_fastrtps_cpp/ngc_interfaces/msg/detail/dds_fastrtps/thruster_signals__type_support.cpp.o[0m
[17.085s] gmake[2]: advarsel: Der blev registreret en uoverensstemmelse i urets tid. Din kompilering kan være ufuldstændig.
[17.132s] [ 82%] Built target ngc_interfaces__rosidl_typesupport_cpp
[17.139s] gmake[2]: advarsel: Der blev registreret en uoverensstemmelse i urets tid. Din kompilering kan være ufuldstændig.
[17.166s] [ 82%] Built target ngc_interfaces__rosidl_typesupport_fastrtps_c
[17.954s] [ 83%] [32m[1mLinking CXX shared library libngc_interfaces__rosidl_typesupport_fastrtps_cpp.so[0m
[18.046s] gmake[2]: advarsel: Der blev registreret en uoverensstemmelse i urets tid. Din kompilering kan være ufuldstændig.
[18.067s] [ 83%] Built target ngc_interfaces__rosidl_typesupport_fastrtps_cpp
[18.074s] gmake[2]: Advarsel: Filen "CMakeFiles/ngc_interfaces.dir/progress.make" har modifikationstidspunkt 4,3 s i fremtiden
[18.090s] gmake[2]: advarsel: Der blev registreret en uoverensstemmelse i urets tid. Din kompilering kan være ufuldstændig.
[18.095s] gmake[2]: Advarsel: Filen "CMakeFiles/ngc_interfaces.dir/progress.make" har modifikationstidspunkt 4,3 s i fremtiden
[18.096s] gmake[2]: advarsel: Der blev registreret en uoverensstemmelse i urets tid. Din kompilering kan være ufuldstændig.
[18.112s] [ 83%] Built target ngc_interfaces
[18.122s] gmake[2]: Advarsel: Filen "/home/alfred/shared_mac/MEPA2001_2024/src/build/ngc_interfaces/ngc_interfaces__py/CMakeFiles/ngc_interfaces__py.dir/progress.make" har modifikationstidspunkt 4,2 s i fremtiden
[18.140s] gmake[2]: advarsel: Der blev registreret en uoverensstemmelse i urets tid. Din kompilering kan være ufuldstændig.
[18.146s] gmake[2]: Advarsel: Filen "/home/alfred/shared_mac/MEPA2001_2024/src/build/ngc_interfaces/ngc_interfaces__py/CMakeFiles/ngc_interfaces__py.dir/progress.make" har modifikationstidspunkt 4,2 s i fremtiden
[18.162s] [ 84%] [34m[1mGenerating Python code for ROS interfaces[0m
[19.400s] gmake[2]: advarsel: Der blev registreret en uoverensstemmelse i urets tid. Din kompilering kan være ufuldstændig.
[19.419s] [ 84%] Built target ngc_interfaces__py
[19.427s] gmake[2]: Advarsel: Filen "CMakeFiles/ngc_interfaces__rosidl_generator_py.dir/flags.make" har modifikationstidspunkt 2,9 s i fremtiden
[19.447s] gmake[2]: advarsel: Der blev registreret en uoverensstemmelse i urets tid. Din kompilering kan være ufuldstændig.
[19.458s] gmake[2]: Advarsel: Filen "CMakeFiles/ngc_interfaces__rosidl_generator_py.dir/flags.make" har modifikationstidspunkt 2,9 s i fremtiden
[19.490s] [ 89%] [32mBuilding C object CMakeFiles/ngc_interfaces__rosidl_generator_py.dir/rosidl_generator_py/ngc_interfaces/msg/_nu_dot_s.c.o[0m
[19.492s] [ 90%] [32mBuilding C object CMakeFiles/ngc_interfaces__rosidl_generator_py.dir/rosidl_generator_py/ngc_interfaces/msg/_wind_s.c.o[0m
[19.495s] [ 90%] [32mBuilding C object CMakeFiles/ngc_interfaces__rosidl_generator_py.dir/rosidl_generator_py/ngc_interfaces/msg/_tau_s.c.o[0m
[19.498s] [ 90%] [32mBuilding C object CMakeFiles/ngc_interfaces__rosidl_generator_py.dir/rosidl_generator_py/ngc_interfaces/msg/_nu_s.c.o[0m
[19.499s] [ 90%] [32mBuilding C object CMakeFiles/ngc_interfaces__rosidl_generator_py.dir/rosidl_generator_py/ngc_interfaces/msg/_thruster_signals_s.c.o[0m
[19.502s] [ 91%] [32mBuilding C object CMakeFiles/ngc_interfaces__rosidl_generator_py.dir/rosidl_generator_py/ngc_interfaces/msg/_eta_s.c.o[0m
[19.954s] [ 92%] [32m[1mLinking C shared library libngc_interfaces__rosidl_generator_py.so[0m
[20.045s] gmake[2]: advarsel: Der blev registreret en uoverensstemmelse i urets tid. Din kompilering kan være ufuldstændig.
[20.068s] [ 92%] Built target ngc_interfaces__rosidl_generator_py
[20.091s] gmake[2]: Advarsel: Filen "CMakeFiles/ngc_interfaces_s__rosidl_typesupport_fastrtps_c.dir/flags.make" har modifikationstidspunkt 2,3 s i fremtiden
[20.093s] gmake[2]: Advarsel: Filen "CMakeFiles/ngc_interfaces_s__rosidl_typesupport_introspection_c.dir/flags.make" har modifikationstidspunkt 2,3 s i fremtiden
[20.094s] gmake[2]: Advarsel: Filen "CMakeFiles/ngc_interfaces_s__rosidl_typesupport_c.dir/flags.make" har modifikationstidspunkt 2,3 s i fremtiden
[20.110s] gmake[2]: advarsel: Der blev registreret en uoverensstemmelse i urets tid. Din kompilering kan være ufuldstændig.
[20.115s] gmake[2]: advarsel: Der blev registreret en uoverensstemmelse i urets tid. Din kompilering kan være ufuldstændig.
[20.116s] gmake[2]: advarsel: Der blev registreret en uoverensstemmelse i urets tid. Din kompilering kan være ufuldstændig.
[20.119s] gmake[2]: Advarsel: Filen "CMakeFiles/ngc_interfaces_s__rosidl_typesupport_fastrtps_c.dir/flags.make" har modifikationstidspunkt 2,2 s i fremtiden
[20.125s] gmake[2]: Advarsel: Filen "CMakeFiles/ngc_interfaces_s__rosidl_typesupport_c.dir/flags.make" har modifikationstidspunkt 2,2 s i fremtiden
[20.127s] gmake[2]: Advarsel: Filen "CMakeFiles/ngc_interfaces_s__rosidl_typesupport_introspection_c.dir/flags.make" har modifikationstidspunkt 2,2 s i fremtiden
[20.147s] [ 96%] [32mBuilding C object CMakeFiles/ngc_interfaces_s__rosidl_typesupport_fastrtps_c.dir/rosidl_generator_py/ngc_interfaces/_ngc_interfaces_s.ep.rosidl_typesupport_fastrtps_c.c.o[0m
[20.148s] [ 96%] [32mBuilding C object CMakeFiles/ngc_interfaces_s__rosidl_typesupport_c.dir/rosidl_generator_py/ngc_interfaces/_ngc_interfaces_s.ep.rosidl_typesupport_c.c.o[0m
[20.149s] [ 96%] [32mBuilding C object CMakeFiles/ngc_interfaces_s__rosidl_typesupport_introspection_c.dir/rosidl_generator_py/ngc_interfaces/_ngc_interfaces_s.ep.rosidl_typesupport_introspection_c.c.o[0m
[20.447s] [ 97%] [32m[1mLinking C shared module rosidl_generator_py/ngc_interfaces/ngc_interfaces_s__rosidl_typesupport_c.so[0m
[20.450s] [ 98%] [32m[1mLinking C shared module rosidl_generator_py/ngc_interfaces/ngc_interfaces_s__rosidl_typesupport_fastrtps_c.so[0m
[20.528s] gmake[2]: advarsel: Der blev registreret en uoverensstemmelse i urets tid. Din kompilering kan være ufuldstændig.
[20.534s] gmake[2]: advarsel: Der blev registreret en uoverensstemmelse i urets tid. Din kompilering kan være ufuldstændig.
[20.552s] [ 98%] Built target ngc_interfaces_s__rosidl_typesupport_fastrtps_c
[20.556s] [ 98%] Built target ngc_interfaces_s__rosidl_typesupport_c
[20.562s] [100%] [32m[1mLinking C shared module rosidl_generator_py/ngc_interfaces/ngc_interfaces_s__rosidl_typesupport_introspection_c.so[0m
[20.634s] gmake[2]: advarsel: Der blev registreret en uoverensstemmelse i urets tid. Din kompilering kan være ufuldstændig.
[20.653s] [100%] Built target ngc_interfaces_s__rosidl_typesupport_introspection_c
[20.656s] gmake[1]: advarsel: Der blev registreret en uoverensstemmelse i urets tid. Din kompilering kan være ufuldstændig.
[20.734s] gmake: advarsel: Der blev registreret en uoverensstemmelse i urets tid. Din kompilering kan være ufuldstændig.
[20.737s] Invoked command in '/home/alfred/shared_mac/MEPA2001_2024/src/build/ngc_interfaces' returned '0': CMAKE_PREFIX_PATH=${CMAKE_PREFIX_PATH}:/home/alfred/shared_mac/MEPA2001_2024/install/ngc_hull_sim:/home/alfred/shared_mac/MEPA2001_2024/install/ngc_utils:/home/alfred/shared_mac/MEPA2001_2024/install/ngc_sensor_sims:/home/alfred/shared_mac/MEPA2001_2024/install/ngc_propulsion_sim:/home/alfred/shared_mac/MEPA2001_2024/install/ngc_hmi:/opt/ros/jazzy DEBUGINFOD_URLS=https://debuginfod.ubuntu.com /usr/bin/cmake --build /home/alfred/shared_mac/MEPA2001_2024/src/build/ngc_interfaces -- -j6 -l6
[21.371s] Invoking command in '/home/alfred/shared_mac/MEPA2001_2024/src/build/ngc_interfaces': CMAKE_PREFIX_PATH=${CMAKE_PREFIX_PATH}:/home/alfred/shared_mac/MEPA2001_2024/install/ngc_hull_sim:/home/alfred/shared_mac/MEPA2001_2024/install/ngc_utils:/home/alfred/shared_mac/MEPA2001_2024/install/ngc_sensor_sims:/home/alfred/shared_mac/MEPA2001_2024/install/ngc_propulsion_sim:/home/alfred/shared_mac/MEPA2001_2024/install/ngc_hmi:/opt/ros/jazzy DEBUGINFOD_URLS=https://debuginfod.ubuntu.com /usr/bin/cmake --install /home/alfred/shared_mac/MEPA2001_2024/src/build/ngc_interfaces
[21.387s] -- Install configuration: ""
[21.390s] -- Installing: /home/alfred/shared_mac/MEPA2001_2024/src/install/ngc_interfaces/share/ament_index/resource_index/rosidl_interfaces/ngc_interfaces
[21.400s] -- Installing: /home/alfred/shared_mac/MEPA2001_2024/src/install/ngc_interfaces/share/ngc_interfaces/msg/Eta.json
[21.404s] -- Installing: /home/alfred/shared_mac/MEPA2001_2024/src/install/ngc_interfaces/share/ngc_interfaces/msg/Nu.json
[21.408s] -- Installing: /home/alfred/shared_mac/MEPA2001_2024/src/install/ngc_interfaces/share/ngc_interfaces/msg/NuDot.json
[21.413s] -- Installing: /home/alfred/shared_mac/MEPA2001_2024/src/install/ngc_interfaces/share/ngc_interfaces/msg/Tau.json
[21.417s] -- Installing: /home/alfred/shared_mac/MEPA2001_2024/src/install/ngc_interfaces/share/ngc_interfaces/msg/Wind.json
[21.422s] -- Installing: /home/alfred/shared_mac/MEPA2001_2024/src/install/ngc_interfaces/share/ngc_interfaces/msg/ThrusterSignals.json
[21.426s] -- Installing: /home/alfred/shared_mac/MEPA2001_2024/src/install/ngc_interfaces/include/ngc_interfaces/ngc_interfaces
[21.428s] -- Installing: /home/alfred/shared_mac/MEPA2001_2024/src/install/ngc_interfaces/include/ngc_interfaces/ngc_interfaces/msg
[21.429s] -- Installing: /home/alfred/shared_mac/MEPA2001_2024/src/install/ngc_interfaces/include/ngc_interfaces/ngc_interfaces/msg/tau.h
[21.433s] -- Installing: /home/alfred/shared_mac/MEPA2001_2024/src/install/ngc_interfaces/include/ngc_interfaces/ngc_interfaces/msg/rosidl_generator_c__visibility_control.h
[21.436s] -- Installing: /home/alfred/shared_mac/MEPA2001_2024/src/install/ngc_interfaces/include/ngc_interfaces/ngc_interfaces/msg/eta.h
[21.440s] -- Installing: /home/alfred/shared_mac/MEPA2001_2024/src/install/ngc_interfaces/include/ngc_interfaces/ngc_interfaces/msg/detail
[21.442s] -- Installing: /home/alfred/shared_mac/MEPA2001_2024/src/install/ngc_interfaces/include/ngc_interfaces/ngc_interfaces/msg/detail/nu__functions.c
[21.445s] -- Installing: /home/alfred/shared_mac/MEPA2001_2024/src/install/ngc_interfaces/include/ngc_interfaces/ngc_interfaces/msg/detail/nu__type_support.h
[21.449s] -- Installing: /home/alfred/shared_mac/MEPA2001_2024/src/install/ngc_interfaces/include/ngc_interfaces/ngc_interfaces/msg/detail/thruster_signals__functions.c
[21.453s] -- Installing: /home/alfred/shared_mac/MEPA2001_2024/src/install/ngc_interfaces/include/ngc_interfaces/ngc_interfaces/msg/detail/tau__struct.h
[21.456s] -- Installing: /home/alfred/shared_mac/MEPA2001_2024/src/install/ngc_interfaces/include/ngc_interfaces/ngc_interfaces/msg/detail/wind__description.c
[21.461s] -- Installing: /home/alfred/shared_mac/MEPA2001_2024/src/install/ngc_interfaces/include/ngc_interfaces/ngc_interfaces/msg/detail/thruster_signals__type_support.h
[21.466s] -- Installing: /home/alfred/shared_mac/MEPA2001_2024/src/install/ngc_interfaces/include/ngc_interfaces/ngc_interfaces/msg/detail/tau__description.c
[21.472s] -- Installing: /home/alfred/shared_mac/MEPA2001_2024/src/install/ngc_interfaces/include/ngc_interfaces/ngc_interfaces/msg/detail/wind__type_support.h
[21.476s] -- Installing: /home/alfred/shared_mac/MEPA2001_2024/src/install/ngc_interfaces/include/ngc_interfaces/ngc_interfaces/msg/detail/tau__functions.c
[21.480s] -- Installing: /home/alfred/shared_mac/MEPA2001_2024/src/install/ngc_interfaces/include/ngc_interfaces/ngc_interfaces/msg/detail/thruster_signals__struct.h
[21.484s] -- Installing: /home/alfred/shared_mac/MEPA2001_2024/src/install/ngc_interfaces/include/ngc_interfaces/ngc_interfaces/msg/detail/eta__type_support.c
[21.488s] -- Installing: /home/alfred/shared_mac/MEPA2001_2024/src/install/ngc_interfaces/include/ngc_interfaces/ngc_interfaces/msg/detail/nu_dot__functions.h
[21.492s] -- Installing: /home/alfred/shared_mac/MEPA2001_2024/src/install/ngc_interfaces/include/ngc_interfaces/ngc_interfaces/msg/detail/wind__functions.c
[21.496s] -- Installing: /home/alfred/shared_mac/MEPA2001_2024/src/install/ngc_interfaces/include/ngc_interfaces/ngc_interfaces/msg/detail/nu_dot__type_support.h
[21.500s] -- Installing: /home/alfred/shared_mac/MEPA2001_2024/src/install/ngc_interfaces/include/ngc_interfaces/ngc_interfaces/msg/detail/nu__struct.h
[21.509s] -- Installing: /home/alfred/shared_mac/MEPA2001_2024/src/install/ngc_interfaces/include/ngc_interfaces/ngc_interfaces/msg/detail/eta__functions.h
[21.511s] -- Installing: /home/alfred/shared_mac/MEPA2001_2024/src/install/ngc_interfaces/include/ngc_interfaces/ngc_interfaces/msg/detail/wind__struct.h
[21.519s] -- Installing: /home/alfred/shared_mac/MEPA2001_2024/src/install/ngc_interfaces/include/ngc_interfaces/ngc_interfaces/msg/detail/tau__type_support.h
[21.526s] -- Installing: /home/alfred/shared_mac/MEPA2001_2024/src/install/ngc_interfaces/include/ngc_interfaces/ngc_interfaces/msg/detail/eta__struct.h
[21.530s] -- Installing: /home/alfred/shared_mac/MEPA2001_2024/src/install/ngc_interfaces/include/ngc_interfaces/ngc_interfaces/msg/detail/nu_dot__struct.h
[21.534s] -- Installing: /home/alfred/shared_mac/MEPA2001_2024/src/install/ngc_interfaces/include/ngc_interfaces/ngc_interfaces/msg/detail/thruster_signals__type_support.c
[21.538s] -- Installing: /home/alfred/shared_mac/MEPA2001_2024/src/install/ngc_interfaces/include/ngc_interfaces/ngc_interfaces/msg/detail/nu__functions.h
[21.542s] -- Installing: /home/alfred/shared_mac/MEPA2001_2024/src/install/ngc_interfaces/include/ngc_interfaces/ngc_interfaces/msg/detail/thruster_signals__functions.h
[21.546s] -- Installing: /home/alfred/shared_mac/MEPA2001_2024/src/install/ngc_interfaces/include/ngc_interfaces/ngc_interfaces/msg/detail/nu__type_support.c
[21.550s] -- Installing: /home/alfred/shared_mac/MEPA2001_2024/src/install/ngc_interfaces/include/ngc_interfaces/ngc_interfaces/msg/detail/nu_dot__description.c
[21.554s] -- Installing: /home/alfred/shared_mac/MEPA2001_2024/src/install/ngc_interfaces/include/ngc_interfaces/ngc_interfaces/msg/detail/tau__functions.h
[21.559s] -- Installing: /home/alfred/shared_mac/MEPA2001_2024/src/install/ngc_interfaces/include/ngc_interfaces/ngc_interfaces/msg/detail/eta__description.c
[21.566s] -- Installing: /home/alfred/shared_mac/MEPA2001_2024/src/install/ngc_interfaces/include/ngc_interfaces/ngc_interfaces/msg/detail/wind__type_support.c
[21.573s] -- Installing: /home/alfred/shared_mac/MEPA2001_2024/src/install/ngc_interfaces/include/ngc_interfaces/ngc_interfaces/msg/detail/nu_dot__functions.c
[21.578s] -- Installing: /home/alfred/shared_mac/MEPA2001_2024/src/install/ngc_interfaces/include/ngc_interfaces/ngc_interfaces/msg/detail/thruster_signals__description.c
[21.582s] -- Installing: /home/alfred/shared_mac/MEPA2001_2024/src/install/ngc_interfaces/include/ngc_interfaces/ngc_interfaces/msg/detail/nu__description.c
[21.587s] -- Installing: /home/alfred/shared_mac/MEPA2001_2024/src/install/ngc_interfaces/include/ngc_interfaces/ngc_interfaces/msg/detail/eta__type_support.h
[21.594s] -- Installing: /home/alfred/shared_mac/MEPA2001_2024/src/install/ngc_interfaces/include/ngc_interfaces/ngc_interfaces/msg/detail/tau__type_support.c
[21.597s] -- Installing: /home/alfred/shared_mac/MEPA2001_2024/src/install/ngc_interfaces/include/ngc_interfaces/ngc_interfaces/msg/detail/eta__functions.c
[21.601s] -- Installing: /home/alfred/shared_mac/MEPA2001_2024/src/install/ngc_interfaces/include/ngc_interfaces/ngc_interfaces/msg/detail/nu_dot__type_support.c
[21.605s] -- Installing: /home/alfred/shared_mac/MEPA2001_2024/src/install/ngc_interfaces/include/ngc_interfaces/ngc_interfaces/msg/detail/wind__functions.h
[21.611s] -- Installing: /home/alfred/shared_mac/MEPA2001_2024/src/install/ngc_interfaces/include/ngc_interfaces/ngc_interfaces/msg/thruster_signals.h
[21.616s] -- Installing: /home/alfred/shared_mac/MEPA2001_2024/src/install/ngc_interfaces/include/ngc_interfaces/ngc_interfaces/msg/nu_dot.h
[21.623s] -- Installing: /home/alfred/shared_mac/MEPA2001_2024/src/install/ngc_interfaces/include/ngc_interfaces/ngc_interfaces/msg/wind.h
[21.627s] -- Installing: /home/alfred/shared_mac/MEPA2001_2024/src/install/ngc_interfaces/include/ngc_interfaces/ngc_interfaces/msg/nu.h
[21.631s] -- Installing: /home/alfred/shared_mac/MEPA2001_2024/src/install/ngc_interfaces/share/ngc_interfaces/environment/library_path.sh
[21.635s] -- Installing: /home/alfred/shared_mac/MEPA2001_2024/src/install/ngc_interfaces/share/ngc_interfaces/environment/library_path.dsv
[21.640s] -- Installing: /home/alfred/shared_mac/MEPA2001_2024/src/install/ngc_interfaces/lib/libngc_interfaces__rosidl_generator_c.so
[21.660s] -- Set non-toolchain portion of runtime path of "/home/alfred/shared_mac/MEPA2001_2024/src/install/ngc_interfaces/lib/libngc_interfaces__rosidl_generator_c.so" to ""
[21.662s] -- Up-to-date: /home/alfred/shared_mac/MEPA2001_2024/src/install/ngc_interfaces/include/ngc_interfaces/ngc_interfaces
[21.665s] -- Up-to-date: /home/alfred/shared_mac/MEPA2001_2024/src/install/ngc_interfaces/include/ngc_interfaces/ngc_interfaces/msg
[21.669s] -- Up-to-date: /home/alfred/shared_mac/MEPA2001_2024/src/install/ngc_interfaces/include/ngc_interfaces/ngc_interfaces/msg/detail
[21.672s] -- Installing: /home/alfred/shared_mac/MEPA2001_2024/src/install/ngc_interfaces/include/ngc_interfaces/ngc_interfaces/msg/detail/tau__rosidl_typesupport_fastrtps_c.h
[21.677s] -- Installing: /home/alfred/shared_mac/MEPA2001_2024/src/install/ngc_interfaces/include/ngc_interfaces/ngc_interfaces/msg/detail/nu__rosidl_typesupport_fastrtps_c.h
[21.681s] -- Installing: /home/alfred/shared_mac/MEPA2001_2024/src/install/ngc_interfaces/include/ngc_interfaces/ngc_interfaces/msg/detail/wind__rosidl_typesupport_fastrtps_c.h
[21.685s] -- Installing: /home/alfred/shared_mac/MEPA2001_2024/src/install/ngc_interfaces/include/ngc_interfaces/ngc_interfaces/msg/detail/thruster_signals__rosidl_typesupport_fastrtps_c.h
[21.689s] -- Installing: /home/alfred/shared_mac/MEPA2001_2024/src/install/ngc_interfaces/include/ngc_interfaces/ngc_interfaces/msg/detail/eta__rosidl_typesupport_fastrtps_c.h
[21.696s] -- Installing: /home/alfred/shared_mac/MEPA2001_2024/src/install/ngc_interfaces/include/ngc_interfaces/ngc_interfaces/msg/detail/nu_dot__rosidl_typesupport_fastrtps_c.h
[21.699s] -- Installing: /home/alfred/shared_mac/MEPA2001_2024/src/install/ngc_interfaces/include/ngc_interfaces/ngc_interfaces/msg/rosidl_typesupport_fastrtps_c__visibility_control.h
[21.703s] -- Installing: /home/alfred/shared_mac/MEPA2001_2024/src/install/ngc_interfaces/lib/libngc_interfaces__rosidl_typesupport_fastrtps_c.so
[21.729s] -- Set non-toolchain portion of runtime path of "/home/alfred/shared_mac/MEPA2001_2024/src/install/ngc_interfaces/lib/libngc_interfaces__rosidl_typesupport_fastrtps_c.so" to ""
[21.730s] -- Up-to-date: /home/alfred/shared_mac/MEPA2001_2024/src/install/ngc_interfaces/include/ngc_interfaces/ngc_interfaces
[21.731s] -- Up-to-date: /home/alfred/shared_mac/MEPA2001_2024/src/install/ngc_interfaces/include/ngc_interfaces/ngc_interfaces/msg
[21.733s] -- Up-to-date: /home/alfred/shared_mac/MEPA2001_2024/src/install/ngc_interfaces/include/ngc_interfaces/ngc_interfaces/msg/detail
[21.734s] -- Installing: /home/alfred/shared_mac/MEPA2001_2024/src/install/ngc_interfaces/include/ngc_interfaces/ngc_interfaces/msg/detail/eta__rosidl_typesupport_introspection_c.h
[21.738s] -- Installing: /home/alfred/shared_mac/MEPA2001_2024/src/install/ngc_interfaces/include/ngc_interfaces/ngc_interfaces/msg/detail/nu__rosidl_typesupport_introspection_c.h
[21.743s] -- Installing: /home/alfred/shared_mac/MEPA2001_2024/src/install/ngc_interfaces/include/ngc_interfaces/ngc_interfaces/msg/detail/wind__rosidl_typesupport_introspection_c.h
[21.748s] -- Installing: /home/alfred/shared_mac/MEPA2001_2024/src/install/ngc_interfaces/include/ngc_interfaces/ngc_interfaces/msg/detail/eta__type_support.c
[21.751s] -- Installing: /home/alfred/shared_mac/MEPA2001_2024/src/install/ngc_interfaces/include/ngc_interfaces/ngc_interfaces/msg/detail/tau__rosidl_typesupport_introspection_c.h
[21.756s] -- Installing: /home/alfred/shared_mac/MEPA2001_2024/src/install/ngc_interfaces/include/ngc_interfaces/ngc_interfaces/msg/detail/thruster_signals__type_support.c
[21.761s] -- Installing: /home/alfred/shared_mac/MEPA2001_2024/src/install/ngc_interfaces/include/ngc_interfaces/ngc_interfaces/msg/detail/nu__type_support.c
[21.766s] -- Installing: /home/alfred/shared_mac/MEPA2001_2024/src/install/ngc_interfaces/include/ngc_interfaces/ngc_interfaces/msg/detail/wind__type_support.c
[21.772s] -- Installing: /home/alfred/shared_mac/MEPA2001_2024/src/install/ngc_interfaces/include/ngc_interfaces/ngc_interfaces/msg/detail/thruster_signals__rosidl_typesupport_introspection_c.h
[21.776s] -- Installing: /home/alfred/shared_mac/MEPA2001_2024/src/install/ngc_interfaces/include/ngc_interfaces/ngc_interfaces/msg/detail/tau__type_support.c
[21.780s] -- Installing: /home/alfred/shared_mac/MEPA2001_2024/src/install/ngc_interfaces/include/ngc_interfaces/ngc_interfaces/msg/detail/nu_dot__rosidl_typesupport_introspection_c.h
[21.784s] -- Installing: /home/alfred/shared_mac/MEPA2001_2024/src/install/ngc_interfaces/include/ngc_interfaces/ngc_interfaces/msg/detail/nu_dot__type_support.c
[21.788s] -- Installing: /home/alfred/shared_mac/MEPA2001_2024/src/install/ngc_interfaces/include/ngc_interfaces/ngc_interfaces/msg/rosidl_typesupport_introspection_c__visibility_control.h
[21.798s] -- Installing: /home/alfred/shared_mac/MEPA2001_2024/src/install/ngc_interfaces/lib/libngc_interfaces__rosidl_typesupport_introspection_c.so
[21.817s] -- Set non-toolchain portion of runtime path of "/home/alfred/shared_mac/MEPA2001_2024/src/install/ngc_interfaces/lib/libngc_interfaces__rosidl_typesupport_introspection_c.so" to ""
[21.819s] -- Installing: /home/alfred/shared_mac/MEPA2001_2024/src/install/ngc_interfaces/lib/libngc_interfaces__rosidl_typesupport_c.so
[21.835s] -- Set non-toolchain portion of runtime path of "/home/alfred/shared_mac/MEPA2001_2024/src/install/ngc_interfaces/lib/libngc_interfaces__rosidl_typesupport_c.so" to ""
[21.836s] -- Up-to-date: /home/alfred/shared_mac/MEPA2001_2024/src/install/ngc_interfaces/include/ngc_interfaces/ngc_interfaces
[21.837s] -- Up-to-date: /home/alfred/shared_mac/MEPA2001_2024/src/install/ngc_interfaces/include/ngc_interfaces/ngc_interfaces/msg
[21.839s] -- Installing: /home/alfred/shared_mac/MEPA2001_2024/src/install/ngc_interfaces/include/ngc_interfaces/ngc_interfaces/msg/thruster_signals.hpp
[21.843s] -- Installing: /home/alfred/shared_mac/MEPA2001_2024/src/install/ngc_interfaces/include/ngc_interfaces/ngc_interfaces/msg/nu_dot.hpp
[21.847s] -- Installing: /home/alfred/shared_mac/MEPA2001_2024/src/install/ngc_interfaces/include/ngc_interfaces/ngc_interfaces/msg/wind.hpp
[21.851s] -- Installing: /home/alfred/shared_mac/MEPA2001_2024/src/install/ngc_interfaces/include/ngc_interfaces/ngc_interfaces/msg/tau.hpp
[21.855s] -- Up-to-date: /home/alfred/shared_mac/MEPA2001_2024/src/install/ngc_interfaces/include/ngc_interfaces/ngc_interfaces/msg/detail
[21.857s] -- Installing: /home/alfred/shared_mac/MEPA2001_2024/src/install/ngc_interfaces/include/ngc_interfaces/ngc_interfaces/msg/detail/wind__builder.hpp
[21.862s] -- Installing: /home/alfred/shared_mac/MEPA2001_2024/src/install/ngc_interfaces/include/ngc_interfaces/ngc_interfaces/msg/detail/tau__type_support.hpp
[21.867s] -- Installing: /home/alfred/shared_mac/MEPA2001_2024/src/install/ngc_interfaces/include/ngc_interfaces/ngc_interfaces/msg/detail/nu__type_support.hpp
[21.872s] -- Installing: /home/alfred/shared_mac/MEPA2001_2024/src/install/ngc_interfaces/include/ngc_interfaces/ngc_interfaces/msg/detail/thruster_signals__traits.hpp
[21.876s] -- Installing: /home/alfred/shared_mac/MEPA2001_2024/src/install/ngc_interfaces/include/ngc_interfaces/ngc_interfaces/msg/detail/nu__struct.hpp
[21.880s] -- Installing: /home/alfred/shared_mac/MEPA2001_2024/src/install/ngc_interfaces/include/ngc_interfaces/ngc_interfaces/msg/detail/thruster_signals__type_support.hpp
[21.884s] -- Installing: /home/alfred/shared_mac/MEPA2001_2024/src/install/ngc_interfaces/include/ngc_interfaces/ngc_interfaces/msg/detail/nu_dot__type_support.hpp
[21.889s] -- Installing: /home/alfred/shared_mac/MEPA2001_2024/src/install/ngc_interfaces/include/ngc_interfaces/ngc_interfaces/msg/detail/eta__type_support.hpp
[21.895s] -- Installing: /home/alfred/shared_mac/MEPA2001_2024/src/install/ngc_interfaces/include/ngc_interfaces/ngc_interfaces/msg/detail/wind__traits.hpp
[21.899s] -- Installing: /home/alfred/shared_mac/MEPA2001_2024/src/install/ngc_interfaces/include/ngc_interfaces/ngc_interfaces/msg/detail/tau__builder.hpp
[21.902s] -- Installing: /home/alfred/shared_mac/MEPA2001_2024/src/install/ngc_interfaces/include/ngc_interfaces/ngc_interfaces/msg/detail/eta__struct.hpp
[21.908s] -- Installing: /home/alfred/shared_mac/MEPA2001_2024/src/install/ngc_interfaces/include/ngc_interfaces/ngc_interfaces/msg/detail/nu_dot__struct.hpp
[21.914s] -- Installing: /home/alfred/shared_mac/MEPA2001_2024/src/install/ngc_interfaces/include/ngc_interfaces/ngc_interfaces/msg/detail/tau__traits.hpp
[21.920s] -- Installing: /home/alfred/shared_mac/MEPA2001_2024/src/install/ngc_interfaces/include/ngc_interfaces/ngc_interfaces/msg/detail/thruster_signals__builder.hpp
[21.924s] -- Installing: /home/alfred/shared_mac/MEPA2001_2024/src/install/ngc_interfaces/include/ngc_interfaces/ngc_interfaces/msg/detail/nu__builder.hpp
[21.928s] -- Installing: /home/alfred/shared_mac/MEPA2001_2024/src/install/ngc_interfaces/include/ngc_interfaces/ngc_interfaces/msg/detail/nu__traits.hpp
[21.931s] -- Installing: /home/alfred/shared_mac/MEPA2001_2024/src/install/ngc_interfaces/include/ngc_interfaces/ngc_interfaces/msg/detail/eta__builder.hpp
[21.936s] -- Installing: /home/alfred/shared_mac/MEPA2001_2024/src/install/ngc_interfaces/include/ngc_interfaces/ngc_interfaces/msg/detail/thruster_signals__struct.hpp
[21.939s] -- Installing: /home/alfred/shared_mac/MEPA2001_2024/src/install/ngc_interfaces/include/ngc_interfaces/ngc_interfaces/msg/detail/wind__type_support.hpp
[21.947s] -- Installing: /home/alfred/shared_mac/MEPA2001_2024/src/install/ngc_interfaces/include/ngc_interfaces/ngc_interfaces/msg/detail/nu_dot__builder.hpp
[21.948s] -- Installing: /home/alfred/shared_mac/MEPA2001_2024/src/install/ngc_interfaces/include/ngc_interfaces/ngc_interfaces/msg/detail/eta__traits.hpp
[21.952s] -- Installing: /home/alfred/shared_mac/MEPA2001_2024/src/install/ngc_interfaces/include/ngc_interfaces/ngc_interfaces/msg/detail/nu_dot__traits.hpp
[21.957s] -- Installing: /home/alfred/shared_mac/MEPA2001_2024/src/install/ngc_interfaces/include/ngc_interfaces/ngc_interfaces/msg/detail/wind__struct.hpp
[21.963s] -- Installing: /home/alfred/shared_mac/MEPA2001_2024/src/install/ngc_interfaces/include/ngc_interfaces/ngc_interfaces/msg/detail/tau__struct.hpp
[21.972s] -- Installing: /home/alfred/shared_mac/MEPA2001_2024/src/install/ngc_interfaces/include/ngc_interfaces/ngc_interfaces/msg/rosidl_generator_cpp__visibility_control.hpp
[21.977s] -- Installing: /home/alfred/shared_mac/MEPA2001_2024/src/install/ngc_interfaces/include/ngc_interfaces/ngc_interfaces/msg/eta.hpp
[21.981s] -- Installing: /home/alfred/shared_mac/MEPA2001_2024/src/install/ngc_interfaces/include/ngc_interfaces/ngc_interfaces/msg/nu.hpp
[21.988s] -- Up-to-date: /home/alfred/shared_mac/MEPA2001_2024/src/install/ngc_interfaces/include/ngc_interfaces/ngc_interfaces
[21.989s] -- Up-to-date: /home/alfred/shared_mac/MEPA2001_2024/src/install/ngc_interfaces/include/ngc_interfaces/ngc_interfaces/msg
[21.990s] -- Installing: /home/alfred/shared_mac/MEPA2001_2024/src/install/ngc_interfaces/include/ngc_interfaces/ngc_interfaces/msg/rosidl_typesupport_fastrtps_cpp__visibility_control.h
[21.998s] -- Up-to-date: /home/alfred/shared_mac/MEPA2001_2024/src/install/ngc_interfaces/include/ngc_interfaces/ngc_interfaces/msg/detail
[21.999s] -- Installing: /home/alfred/shared_mac/MEPA2001_2024/src/install/ngc_interfaces/include/ngc_interfaces/ngc_interfaces/msg/detail/wind__rosidl_typesupport_fastrtps_cpp.hpp
[22.001s] -- Installing: /home/alfred/shared_mac/MEPA2001_2024/src/install/ngc_interfaces/include/ngc_interfaces/ngc_interfaces/msg/detail/nu__rosidl_typesupport_fastrtps_cpp.hpp
[22.006s] -- Installing: /home/alfred/shared_mac/MEPA2001_2024/src/install/ngc_interfaces/include/ngc_interfaces/ngc_interfaces/msg/detail/nu_dot__rosidl_typesupport_fastrtps_cpp.hpp
[22.011s] -- Installing: /home/alfred/shared_mac/MEPA2001_2024/src/install/ngc_interfaces/include/ngc_interfaces/ngc_interfaces/msg/detail/eta__rosidl_typesupport_fastrtps_cpp.hpp
[22.017s] -- Installing: /home/alfred/shared_mac/MEPA2001_2024/src/install/ngc_interfaces/include/ngc_interfaces/ngc_interfaces/msg/detail/thruster_signals__rosidl_typesupport_fastrtps_cpp.hpp
[22.023s] -- Installing: /home/alfred/shared_mac/MEPA2001_2024/src/install/ngc_interfaces/include/ngc_interfaces/ngc_interfaces/msg/detail/dds_fastrtps
[22.024s] -- Installing: /home/alfred/shared_mac/MEPA2001_2024/src/install/ngc_interfaces/include/ngc_interfaces/ngc_interfaces/msg/detail/tau__rosidl_typesupport_fastrtps_cpp.hpp
[22.029s] -- Installing: /home/alfred/shared_mac/MEPA2001_2024/src/install/ngc_interfaces/lib/libngc_interfaces__rosidl_typesupport_fastrtps_cpp.so
[22.050s] -- Set non-toolchain portion of runtime path of "/home/alfred/shared_mac/MEPA2001_2024/src/install/ngc_interfaces/lib/libngc_interfaces__rosidl_typesupport_fastrtps_cpp.so" to ""
[22.051s] -- Up-to-date: /home/alfred/shared_mac/MEPA2001_2024/src/install/ngc_interfaces/include/ngc_interfaces/ngc_interfaces
[22.052s] -- Up-to-date: /home/alfred/shared_mac/MEPA2001_2024/src/install/ngc_interfaces/include/ngc_interfaces/ngc_interfaces/msg
[22.054s] -- Up-to-date: /home/alfred/shared_mac/MEPA2001_2024/src/install/ngc_interfaces/include/ngc_interfaces/ngc_interfaces/msg/detail
[22.055s] -- Installing: /home/alfred/shared_mac/MEPA2001_2024/src/install/ngc_interfaces/include/ngc_interfaces/ngc_interfaces/msg/detail/eta__rosidl_typesupport_introspection_cpp.hpp
[22.060s] -- Installing: /home/alfred/shared_mac/MEPA2001_2024/src/install/ngc_interfaces/include/ngc_interfaces/ngc_interfaces/msg/detail/thruster_signals__rosidl_typesupport_introspection_cpp.hpp
[22.066s] -- Installing: /home/alfred/shared_mac/MEPA2001_2024/src/install/ngc_interfaces/include/ngc_interfaces/ngc_interfaces/msg/detail/tau__rosidl_typesupport_introspection_cpp.hpp
[22.070s] -- Installing: /home/alfred/shared_mac/MEPA2001_2024/src/install/ngc_interfaces/include/ngc_interfaces/ngc_interfaces/msg/detail/wind__rosidl_typesupport_introspection_cpp.hpp
[22.074s] -- Installing: /home/alfred/shared_mac/MEPA2001_2024/src/install/ngc_interfaces/include/ngc_interfaces/ngc_interfaces/msg/detail/wind__type_support.cpp
[22.078s] -- Installing: /home/alfred/shared_mac/MEPA2001_2024/src/install/ngc_interfaces/include/ngc_interfaces/ngc_interfaces/msg/detail/nu__rosidl_typesupport_introspection_cpp.hpp
[22.082s] -- Installing: /home/alfred/shared_mac/MEPA2001_2024/src/install/ngc_interfaces/include/ngc_interfaces/ngc_interfaces/msg/detail/nu_dot__type_support.cpp
[22.086s] -- Installing: /home/alfred/shared_mac/MEPA2001_2024/src/install/ngc_interfaces/include/ngc_interfaces/ngc_interfaces/msg/detail/eta__type_support.cpp
[22.090s] -- Installing: /home/alfred/shared_mac/MEPA2001_2024/src/install/ngc_interfaces/include/ngc_interfaces/ngc_interfaces/msg/detail/nu__type_support.cpp
[22.097s] -- Installing: /home/alfred/shared_mac/MEPA2001_2024/src/install/ngc_interfaces/include/ngc_interfaces/ngc_interfaces/msg/detail/tau__type_support.cpp
[22.101s] -- Installing: /home/alfred/shared_mac/MEPA2001_2024/src/install/ngc_interfaces/include/ngc_interfaces/ngc_interfaces/msg/detail/thruster_signals__type_support.cpp
[22.105s] -- Installing: /home/alfred/shared_mac/MEPA2001_2024/src/install/ngc_interfaces/include/ngc_interfaces/ngc_interfaces/msg/detail/nu_dot__rosidl_typesupport_introspection_cpp.hpp
[22.110s] -- Installing: /home/alfred/shared_mac/MEPA2001_2024/src/install/ngc_interfaces/lib/libngc_interfaces__rosidl_typesupport_introspection_cpp.so
[22.134s] -- Set non-toolchain portion of runtime path of "/home/alfred/shared_mac/MEPA2001_2024/src/install/ngc_interfaces/lib/libngc_interfaces__rosidl_typesupport_introspection_cpp.so" to ""
[22.135s] -- Installing: /home/alfred/shared_mac/MEPA2001_2024/src/install/ngc_interfaces/lib/libngc_interfaces__rosidl_typesupport_cpp.so
[22.153s] -- Set non-toolchain portion of runtime path of "/home/alfred/shared_mac/MEPA2001_2024/src/install/ngc_interfaces/lib/libngc_interfaces__rosidl_typesupport_cpp.so" to ""
[22.155s] -- Installing: /home/alfred/shared_mac/MEPA2001_2024/src/install/ngc_interfaces/share/ngc_interfaces/environment/pythonpath.sh
[22.159s] -- Installing: /home/alfred/shared_mac/MEPA2001_2024/src/install/ngc_interfaces/share/ngc_interfaces/environment/pythonpath.dsv
[22.166s] -- Installing: /home/alfred/shared_mac/MEPA2001_2024/src/install/ngc_interfaces/lib/python3.12/site-packages/ngc_interfaces-0.0.0-py3.12.egg-info
[22.169s] -- Installing: /home/alfred/shared_mac/MEPA2001_2024/src/install/ngc_interfaces/lib/python3.12/site-packages/ngc_interfaces-0.0.0-py3.12.egg-info/PKG-INFO
[22.174s] -- Installing: /home/alfred/shared_mac/MEPA2001_2024/src/install/ngc_interfaces/lib/python3.12/site-packages/ngc_interfaces-0.0.0-py3.12.egg-info/SOURCES.txt
[22.181s] -- Installing: /home/alfred/shared_mac/MEPA2001_2024/src/install/ngc_interfaces/lib/python3.12/site-packages/ngc_interfaces-0.0.0-py3.12.egg-info/top_level.txt
[22.186s] -- Installing: /home/alfred/shared_mac/MEPA2001_2024/src/install/ngc_interfaces/lib/python3.12/site-packages/ngc_interfaces-0.0.0-py3.12.egg-info/dependency_links.txt
[22.190s] -- Installing: /home/alfred/shared_mac/MEPA2001_2024/src/install/ngc_interfaces/lib/python3.12/site-packages/ngc_interfaces
[22.191s] -- Installing: /home/alfred/shared_mac/MEPA2001_2024/src/install/ngc_interfaces/lib/python3.12/site-packages/ngc_interfaces/ngc_interfaces_s__rosidl_typesupport_fastrtps_c.so
[22.198s] -- Installing: /home/alfred/shared_mac/MEPA2001_2024/src/install/ngc_interfaces/lib/python3.12/site-packages/ngc_interfaces/msg
[22.200s] -- Installing: /home/alfred/shared_mac/MEPA2001_2024/src/install/ngc_interfaces/lib/python3.12/site-packages/ngc_interfaces/msg/_thruster_signals_s.c
[22.204s] -- Installing: /home/alfred/shared_mac/MEPA2001_2024/src/install/ngc_interfaces/lib/python3.12/site-packages/ngc_interfaces/msg/_wind_s.c
[22.209s] -- Installing: /home/alfred/shared_mac/MEPA2001_2024/src/install/ngc_interfaces/lib/python3.12/site-packages/ngc_interfaces/msg/_nu_s.c
[22.215s] -- Installing: /home/alfred/shared_mac/MEPA2001_2024/src/install/ngc_interfaces/lib/python3.12/site-packages/ngc_interfaces/msg/_nu_dot.py
[22.223s] -- Installing: /home/alfred/shared_mac/MEPA2001_2024/src/install/ngc_interfaces/lib/python3.12/site-packages/ngc_interfaces/msg/__init__.py
[22.227s] -- Installing: /home/alfred/shared_mac/MEPA2001_2024/src/install/ngc_interfaces/lib/python3.12/site-packages/ngc_interfaces/msg/_nu_dot_s.c
[22.234s] -- Installing: /home/alfred/shared_mac/MEPA2001_2024/src/install/ngc_interfaces/lib/python3.12/site-packages/ngc_interfaces/msg/_eta.py
[22.239s] -- Installing: /home/alfred/shared_mac/MEPA2001_2024/src/install/ngc_interfaces/lib/python3.12/site-packages/ngc_interfaces/msg/_tau.py
[22.246s] -- Installing: /home/alfred/shared_mac/MEPA2001_2024/src/install/ngc_interfaces/lib/python3.12/site-packages/ngc_interfaces/msg/_eta_s.c
[22.253s] -- Installing: /home/alfred/shared_mac/MEPA2001_2024/src/install/ngc_interfaces/lib/python3.12/site-packages/ngc_interfaces/msg/_wind.py
[22.258s] -- Installing: /home/alfred/shared_mac/MEPA2001_2024/src/install/ngc_interfaces/lib/python3.12/site-packages/ngc_interfaces/msg/_thruster_signals.py
[22.264s] -- Installing: /home/alfred/shared_mac/MEPA2001_2024/src/install/ngc_interfaces/lib/python3.12/site-packages/ngc_interfaces/msg/_tau_s.c
[22.270s] -- Installing: /home/alfred/shared_mac/MEPA2001_2024/src/install/ngc_interfaces/lib/python3.12/site-packages/ngc_interfaces/msg/_nu.py
[22.275s] -- Installing: /home/alfred/shared_mac/MEPA2001_2024/src/install/ngc_interfaces/lib/python3.12/site-packages/ngc_interfaces/__init__.py
[22.279s] -- Installing: /home/alfred/shared_mac/MEPA2001_2024/src/install/ngc_interfaces/lib/python3.12/site-packages/ngc_interfaces/_ngc_interfaces_s.ep.rosidl_typesupport_fastrtps_c.c
[22.284s] -- Installing: /home/alfred/shared_mac/MEPA2001_2024/src/install/ngc_interfaces/lib/python3.12/site-packages/ngc_interfaces/ngc_interfaces_s__rosidl_typesupport_c.so
[22.289s] -- Installing: /home/alfred/shared_mac/MEPA2001_2024/src/install/ngc_interfaces/lib/python3.12/site-packages/ngc_interfaces/_ngc_interfaces_s.ep.rosidl_typesupport_introspection_c.c
[22.299s] -- Installing: /home/alfred/shared_mac/MEPA2001_2024/src/install/ngc_interfaces/lib/python3.12/site-packages/ngc_interfaces/ngc_interfaces_s__rosidl_typesupport_introspection_c.so
[22.304s] -- Installing: /home/alfred/shared_mac/MEPA2001_2024/src/install/ngc_interfaces/lib/python3.12/site-packages/ngc_interfaces/_ngc_interfaces_s.ep.rosidl_typesupport_c.c
[22.391s] Listing '/home/alfred/shared_mac/MEPA2001_2024/src/install/ngc_interfaces/lib/python3.12/site-packages/ngc_interfaces'...
[22.391s] Compiling '/home/alfred/shared_mac/MEPA2001_2024/src/install/ngc_interfaces/lib/python3.12/site-packages/ngc_interfaces/__init__.py'...
[22.391s] Listing '/home/alfred/shared_mac/MEPA2001_2024/src/install/ngc_interfaces/lib/python3.12/site-packages/ngc_interfaces/msg'...
[22.395s] Compiling '/home/alfred/shared_mac/MEPA2001_2024/src/install/ngc_interfaces/lib/python3.12/site-packages/ngc_interfaces/msg/__init__.py'...
[22.397s] Compiling '/home/alfred/shared_mac/MEPA2001_2024/src/install/ngc_interfaces/lib/python3.12/site-packages/ngc_interfaces/msg/_eta.py'...
[22.399s] Compiling '/home/alfred/shared_mac/MEPA2001_2024/src/install/ngc_interfaces/lib/python3.12/site-packages/ngc_interfaces/msg/_nu.py'...
[22.400s] Compiling '/home/alfred/shared_mac/MEPA2001_2024/src/install/ngc_interfaces/lib/python3.12/site-packages/ngc_interfaces/msg/_nu_dot.py'...
[22.400s] Compiling '/home/alfred/shared_mac/MEPA2001_2024/src/install/ngc_interfaces/lib/python3.12/site-packages/ngc_interfaces/msg/_tau.py'...
[22.402s] Compiling '/home/alfred/shared_mac/MEPA2001_2024/src/install/ngc_interfaces/lib/python3.12/site-packages/ngc_interfaces/msg/_thruster_signals.py'...
[22.403s] Compiling '/home/alfred/shared_mac/MEPA2001_2024/src/install/ngc_interfaces/lib/python3.12/site-packages/ngc_interfaces/msg/_wind.py'...
[22.415s] -- Installing: /home/alfred/shared_mac/MEPA2001_2024/src/install/ngc_interfaces/lib/python3.12/site-packages/ngc_interfaces/ngc_interfaces_s__rosidl_typesupport_fastrtps_c.so
[22.436s] -- Set non-toolchain portion of runtime path of "/home/alfred/shared_mac/MEPA2001_2024/src/install/ngc_interfaces/lib/python3.12/site-packages/ngc_interfaces/ngc_interfaces_s__rosidl_typesupport_fastrtps_c.so" to ""
[22.444s] -- Installing: /home/alfred/shared_mac/MEPA2001_2024/src/install/ngc_interfaces/lib/python3.12/site-packages/ngc_interfaces/ngc_interfaces_s__rosidl_typesupport_introspection_c.so
[22.466s] -- Set non-toolchain portion of runtime path of "/home/alfred/shared_mac/MEPA2001_2024/src/install/ngc_interfaces/lib/python3.12/site-packages/ngc_interfaces/ngc_interfaces_s__rosidl_typesupport_introspection_c.so" to ""
[22.477s] -- Installing: /home/alfred/shared_mac/MEPA2001_2024/src/install/ngc_interfaces/lib/python3.12/site-packages/ngc_interfaces/ngc_interfaces_s__rosidl_typesupport_c.so
[22.496s] -- Set non-toolchain portion of runtime path of "/home/alfred/shared_mac/MEPA2001_2024/src/install/ngc_interfaces/lib/python3.12/site-packages/ngc_interfaces/ngc_interfaces_s__rosidl_typesupport_c.so" to ""
[22.500s] -- Installing: /home/alfred/shared_mac/MEPA2001_2024/src/install/ngc_interfaces/lib/libngc_interfaces__rosidl_generator_py.so
[22.527s] -- Set non-toolchain portion of runtime path of "/home/alfred/shared_mac/MEPA2001_2024/src/install/ngc_interfaces/lib/libngc_interfaces__rosidl_generator_py.so" to ""
[22.529s] -- Installing: /home/alfred/shared_mac/MEPA2001_2024/src/install/ngc_interfaces/share/ngc_interfaces/msg/Eta.idl
[22.533s] -- Installing: /home/alfred/shared_mac/MEPA2001_2024/src/install/ngc_interfaces/share/ngc_interfaces/msg/Nu.idl
[22.537s] -- Installing: /home/alfred/shared_mac/MEPA2001_2024/src/install/ngc_interfaces/share/ngc_interfaces/msg/NuDot.idl
[22.541s] -- Installing: /home/alfred/shared_mac/MEPA2001_2024/src/install/ngc_interfaces/share/ngc_interfaces/msg/Tau.idl
[22.545s] -- Installing: /home/alfred/shared_mac/MEPA2001_2024/src/install/ngc_interfaces/share/ngc_interfaces/msg/Wind.idl
[22.549s] -- Installing: /home/alfred/shared_mac/MEPA2001_2024/src/install/ngc_interfaces/share/ngc_interfaces/msg/ThrusterSignals.idl
[22.554s] -- Installing: /home/alfred/shared_mac/MEPA2001_2024/src/install/ngc_interfaces/share/ngc_interfaces/msg/Eta.msg
[22.558s] -- Installing: /home/alfred/shared_mac/MEPA2001_2024/src/install/ngc_interfaces/share/ngc_interfaces/msg/Nu.msg
[22.563s] -- Installing: /home/alfred/shared_mac/MEPA2001_2024/src/install/ngc_interfaces/share/ngc_interfaces/msg/NuDot.msg
[22.568s] -- Installing: /home/alfred/shared_mac/MEPA2001_2024/src/install/ngc_interfaces/share/ngc_interfaces/msg/Tau.msg
[22.572s] -- Installing: /home/alfred/shared_mac/MEPA2001_2024/src/install/ngc_interfaces/share/ngc_interfaces/msg/Wind.msg
[22.577s] -- Installing: /home/alfred/shared_mac/MEPA2001_2024/src/install/ngc_interfaces/share/ngc_interfaces/msg/ThrusterSignals.msg
[22.582s] -- Installing: /home/alfred/shared_mac/MEPA2001_2024/src/install/ngc_interfaces/share/ament_index/resource_index/package_run_dependencies/ngc_interfaces
[22.587s] -- Installing: /home/alfred/shared_mac/MEPA2001_2024/src/install/ngc_interfaces/share/ament_index/resource_index/parent_prefix_path/ngc_interfaces
[22.591s] -- Installing: /home/alfred/shared_mac/MEPA2001_2024/src/install/ngc_interfaces/share/ngc_interfaces/environment/ament_prefix_path.sh
[22.595s] -- Installing: /home/alfred/shared_mac/MEPA2001_2024/src/install/ngc_interfaces/share/ngc_interfaces/environment/ament_prefix_path.dsv
[22.602s] -- Installing: /home/alfred/shared_mac/MEPA2001_2024/src/install/ngc_interfaces/share/ngc_interfaces/environment/path.sh
[22.606s] -- Installing: /home/alfred/shared_mac/MEPA2001_2024/src/install/ngc_interfaces/share/ngc_interfaces/environment/path.dsv
[22.611s] -- Installing: /home/alfred/shared_mac/MEPA2001_2024/src/install/ngc_interfaces/share/ngc_interfaces/local_setup.bash
[22.620s] -- Installing: /home/alfred/shared_mac/MEPA2001_2024/src/install/ngc_interfaces/share/ngc_interfaces/local_setup.sh
[22.624s] -- Installing: /home/alfred/shared_mac/MEPA2001_2024/src/install/ngc_interfaces/share/ngc_interfaces/local_setup.zsh
[22.628s] -- Installing: /home/alfred/shared_mac/MEPA2001_2024/src/install/ngc_interfaces/share/ngc_interfaces/local_setup.dsv
[22.632s] -- Installing: /home/alfred/shared_mac/MEPA2001_2024/src/install/ngc_interfaces/share/ngc_interfaces/package.dsv
[22.637s] -- Installing: /home/alfred/shared_mac/MEPA2001_2024/src/install/ngc_interfaces/share/ament_index/resource_index/packages/ngc_interfaces
[22.641s] -- Installing: /home/alfred/shared_mac/MEPA2001_2024/src/install/ngc_interfaces/share/ngc_interfaces/cmake/export_ngc_interfaces__rosidl_generator_cExport.cmake
[22.645s] -- Installing: /home/alfred/shared_mac/MEPA2001_2024/src/install/ngc_interfaces/share/ngc_interfaces/cmake/export_ngc_interfaces__rosidl_generator_cExport-noconfig.cmake
[22.650s] -- Installing: /home/alfred/shared_mac/MEPA2001_2024/src/install/ngc_interfaces/share/ngc_interfaces/cmake/export_ngc_interfaces__rosidl_typesupport_fastrtps_cExport.cmake
[22.654s] -- Installing: /home/alfred/shared_mac/MEPA2001_2024/src/install/ngc_interfaces/share/ngc_interfaces/cmake/export_ngc_interfaces__rosidl_typesupport_fastrtps_cExport-noconfig.cmake
[22.661s] -- Installing: /home/alfred/shared_mac/MEPA2001_2024/src/install/ngc_interfaces/share/ngc_interfaces/cmake/ngc_interfaces__rosidl_typesupport_introspection_cExport.cmake
[22.669s] -- Installing: /home/alfred/shared_mac/MEPA2001_2024/src/install/ngc_interfaces/share/ngc_interfaces/cmake/ngc_interfaces__rosidl_typesupport_introspection_cExport-noconfig.cmake
[22.674s] -- Installing: /home/alfred/shared_mac/MEPA2001_2024/src/install/ngc_interfaces/share/ngc_interfaces/cmake/ngc_interfaces__rosidl_typesupport_cExport.cmake
[22.678s] -- Installing: /home/alfred/shared_mac/MEPA2001_2024/src/install/ngc_interfaces/share/ngc_interfaces/cmake/ngc_interfaces__rosidl_typesupport_cExport-noconfig.cmake
[22.683s] -- Installing: /home/alfred/shared_mac/MEPA2001_2024/src/install/ngc_interfaces/share/ngc_interfaces/cmake/export_ngc_interfaces__rosidl_generator_cppExport.cmake
[22.687s] -- Installing: /home/alfred/shared_mac/MEPA2001_2024/src/install/ngc_interfaces/share/ngc_interfaces/cmake/export_ngc_interfaces__rosidl_typesupport_fastrtps_cppExport.cmake
[22.692s] -- Installing: /home/alfred/shared_mac/MEPA2001_2024/src/install/ngc_interfaces/share/ngc_interfaces/cmake/export_ngc_interfaces__rosidl_typesupport_fastrtps_cppExport-noconfig.cmake
[22.697s] -- Installing: /home/alfred/shared_mac/MEPA2001_2024/src/install/ngc_interfaces/share/ngc_interfaces/cmake/ngc_interfaces__rosidl_typesupport_introspection_cppExport.cmake
[22.701s] -- Installing: /home/alfred/shared_mac/MEPA2001_2024/src/install/ngc_interfaces/share/ngc_interfaces/cmake/ngc_interfaces__rosidl_typesupport_introspection_cppExport-noconfig.cmake
[22.709s] -- Installing: /home/alfred/shared_mac/MEPA2001_2024/src/install/ngc_interfaces/share/ngc_interfaces/cmake/ngc_interfaces__rosidl_typesupport_cppExport.cmake
[22.716s] -- Installing: /home/alfred/shared_mac/MEPA2001_2024/src/install/ngc_interfaces/share/ngc_interfaces/cmake/ngc_interfaces__rosidl_typesupport_cppExport-noconfig.cmake
[22.723s] -- Installing: /home/alfred/shared_mac/MEPA2001_2024/src/install/ngc_interfaces/share/ngc_interfaces/cmake/export_ngc_interfaces__rosidl_generator_pyExport.cmake
[22.728s] -- Installing: /home/alfred/shared_mac/MEPA2001_2024/src/install/ngc_interfaces/share/ngc_interfaces/cmake/export_ngc_interfaces__rosidl_generator_pyExport-noconfig.cmake
[22.732s] -- Installing: /home/alfred/shared_mac/MEPA2001_2024/src/install/ngc_interfaces/share/ngc_interfaces/cmake/rosidl_cmake-extras.cmake
[22.737s] -- Installing: /home/alfred/shared_mac/MEPA2001_2024/src/install/ngc_interfaces/share/ngc_interfaces/cmake/ament_cmake_export_include_directories-extras.cmake
[22.741s] -- Installing: /home/alfred/shared_mac/MEPA2001_2024/src/install/ngc_interfaces/share/ngc_interfaces/cmake/ament_cmake_export_libraries-extras.cmake
[22.746s] -- Installing: /home/alfred/shared_mac/MEPA2001_2024/src/install/ngc_interfaces/share/ngc_interfaces/cmake/ament_cmake_export_targets-extras.cmake
[22.750s] -- Installing: /home/alfred/shared_mac/MEPA2001_2024/src/install/ngc_interfaces/share/ngc_interfaces/cmake/rosidl_cmake_export_typesupport_targets-extras.cmake
[22.755s] -- Installing: /home/alfred/shared_mac/MEPA2001_2024/src/install/ngc_interfaces/share/ngc_interfaces/cmake/ament_cmake_export_dependencies-extras.cmake
[22.761s] -- Installing: /home/alfred/shared_mac/MEPA2001_2024/src/install/ngc_interfaces/share/ngc_interfaces/cmake/rosidl_cmake_export_typesupport_libraries-extras.cmake
[22.768s] -- Installing: /home/alfred/shared_mac/MEPA2001_2024/src/install/ngc_interfaces/share/ngc_interfaces/cmake/ngc_interfacesConfig.cmake
[22.773s] -- Installing: /home/alfred/shared_mac/MEPA2001_2024/src/install/ngc_interfaces/share/ngc_interfaces/cmake/ngc_interfacesConfig-version.cmake
[22.777s] -- Installing: /home/alfred/shared_mac/MEPA2001_2024/src/install/ngc_interfaces/share/ngc_interfaces/package.xml
[22.786s] Invoked command in '/home/alfred/shared_mac/MEPA2001_2024/src/build/ngc_interfaces' returned '0': CMAKE_PREFIX_PATH=${CMAKE_PREFIX_PATH}:/home/alfred/shared_mac/MEPA2001_2024/install/ngc_hull_sim:/home/alfred/shared_mac/MEPA2001_2024/install/ngc_utils:/home/alfred/shared_mac/MEPA2001_2024/install/ngc_sensor_sims:/home/alfred/shared_mac/MEPA2001_2024/install/ngc_propulsion_sim:/home/alfred/shared_mac/MEPA2001_2024/install/ngc_hmi:/opt/ros/jazzy DEBUGINFOD_URLS=https://debuginfod.ubuntu.com /usr/bin/cmake --install /home/alfred/shared_mac/MEPA2001_2024/src/build/ngc_interfaces
