running egg_info
writing ../build/ngc_hmi/ngc_hmi.egg-info/PKG-INFO
writing dependency_links to ../build/ngc_hmi/ngc_hmi.egg-info/dependency_links.txt
writing entry points to ../build/ngc_hmi/ngc_hmi.egg-info/entry_points.txt
writing requirements to ../build/ngc_hmi/ngc_hmi.egg-info/requires.txt
writing top-level names to ../build/ngc_hmi/ngc_hmi.egg-info/top_level.txt
reading manifest file '../build/ngc_hmi/ngc_hmi.egg-info/SOURCES.txt'
writing manifest file '../build/ngc_hmi/ngc_hmi.egg-info/SOURCES.txt'
running build
running build_py
running install
running install_lib
running install_data
running install_egg_info
removing '/home/alfred/shared_mac/MEPA2001_2024/src/install/ngc_hmi/lib/python3.12/site-packages/ngc_hmi-0.0.0-py3.12.egg-info' (and everything under it)
Copying ../build/ngc_hmi/ngc_hmi.egg-info to /home/alfred/shared_mac/MEPA2001_2024/src/install/ngc_hmi/lib/python3.12/site-packages/ngc_hmi-0.0.0-py3.12.egg-info
running install_scripts
Installing ngc_hmi script to /home/alfred/shared_mac/MEPA2001_2024/src/install/ngc_hmi/lib/ngc_hmi
Installing ngc_hmi_autopilot script to /home/alfred/shared_mac/MEPA2001_2024/src/install/ngc_hmi/lib/ngc_hmi
Installing ngc_hmi_yaml_editor script to /home/alfred/shared_mac/MEPA2001_2024/src/install/ngc_hmi/lib/ngc_hmi
writing list of installed files to '/home/alfred/shared_mac/MEPA2001_2024/src/build/ngc_hmi/install.log'
