[2.460s] Invoking command in '/home/alfred/shared_mac/Mekatronikk3/src/ngc_propulsion_sim': DEBUGINFOD_URLS=https://debuginfod.ubuntu.com PYTHONPATH=/home/alfred/shared_mac/Mekatronikk3/src/build/ngc_propulsion_sim/prefix_override:/usr/lib/python3/dist-packages/colcon_core/task/python/colcon_distutils_commands:/home/alfred/shared_mac/Mekatronikk3/src/install/ngc_propulsion_sim/lib/python3.12/site-packages:/home/alfred/shared_mac/Mekatronikk3/src/install/ngc_interfaces/lib/python3.12/site-packages:/home/alfred/shared_mac/Mekatronikk3/src/install/ngc_hull_sim/lib/python3.12/site-packages:/home/alfred/shared_mac/Mekatronikk3/src/install/ngc_utils/lib/python3.12/site-packages:/home/alfred/shared_mac/Mekatronikk3/src/install/ngc_sensor_sims/lib/python3.12/site-packages:/home/alfred/shared_mac/Mekatronikk3/src/install/ngc_propulsion_sim/lib/python3.12/site-packages:/home/alfred/shared_mac/Mekatronikk3/src/install/ngc_hmi/lib/python3.12/site-packages:/home/alfred/shared_mac/Mekatronikk3/src/install/kontrolsystem/lib/python3.12/site-packages:/opt/ros/jazzy/lib/python3.12/site-packages /usr/bin/python3 -W ignore:setup.py install is deprecated setup.py egg_info --egg-base ../build/ngc_propulsion_sim build --build-base /home/alfred/shared_mac/Mekatronikk3/src/build/ngc_propulsion_sim/build install --record /home/alfred/shared_mac/Mekatronikk3/src/build/ngc_propulsion_sim/install.log --single-version-externally-managed install_data
[2.997s] running egg_info
[3.001s] creating ../build/ngc_propulsion_sim/ngc_propulsion_sim.egg-info
[3.034s] writing ../build/ngc_propulsion_sim/ngc_propulsion_sim.egg-info/PKG-INFO
[3.036s] writing dependency_links to ../build/ngc_propulsion_sim/ngc_propulsion_sim.egg-info/dependency_links.txt
[3.038s] writing entry points to ../build/ngc_propulsion_sim/ngc_propulsion_sim.egg-info/entry_points.txt
[3.039s] writing requirements to ../build/ngc_propulsion_sim/ngc_propulsion_sim.egg-info/requires.txt
[3.040s] writing top-level names to ../build/ngc_propulsion_sim/ngc_propulsion_sim.egg-info/top_level.txt
[3.043s] writing manifest file '../build/ngc_propulsion_sim/ngc_propulsion_sim.egg-info/SOURCES.txt'
[3.131s] reading manifest file '../build/ngc_propulsion_sim/ngc_propulsion_sim.egg-info/SOURCES.txt'
[3.136s] writing manifest file '../build/ngc_propulsion_sim/ngc_propulsion_sim.egg-info/SOURCES.txt'
[3.139s] running build
[3.140s] running build_py
[3.141s] creating /home/alfred/shared_mac/Mekatronikk3/src/build/ngc_propulsion_sim/build
[3.142s] creating /home/alfred/shared_mac/Mekatronikk3/src/build/ngc_propulsion_sim/build/lib
[3.143s] creating /home/alfred/shared_mac/Mekatronikk3/src/build/ngc_propulsion_sim/build/lib/ngc_propulsion_sim
[3.146s] copying ngc_propulsion_sim/__init__.py -> /home/alfred/shared_mac/Mekatronikk3/src/build/ngc_propulsion_sim/build/lib/ngc_propulsion_sim
[3.147s] copying ngc_propulsion_sim/ngc_propulsion_sim.py -> /home/alfred/shared_mac/Mekatronikk3/src/build/ngc_propulsion_sim/build/lib/ngc_propulsion_sim
[3.148s] running install
[3.153s] running install_lib
[3.203s] creating /home/alfred/shared_mac/Mekatronikk3/src/install/ngc_propulsion_sim/lib/python3.12/site-packages/ngc_propulsion_sim
[3.204s] copying /home/alfred/shared_mac/Mekatronikk3/src/build/ngc_propulsion_sim/build/lib/ngc_propulsion_sim/__init__.py -> /home/alfred/shared_mac/Mekatronikk3/src/install/ngc_propulsion_sim/lib/python3.12/site-packages/ngc_propulsion_sim
[3.208s] copying /home/alfred/shared_mac/Mekatronikk3/src/build/ngc_propulsion_sim/build/lib/ngc_propulsion_sim/ngc_propulsion_sim.py -> /home/alfred/shared_mac/Mekatronikk3/src/install/ngc_propulsion_sim/lib/python3.12/site-packages/ngc_propulsion_sim
[3.213s] byte-compiling /home/alfred/shared_mac/Mekatronikk3/src/install/ngc_propulsion_sim/lib/python3.12/site-packages/ngc_propulsion_sim/__init__.py to __init__.cpython-312.pyc
[3.219s] byte-compiling /home/alfred/shared_mac/Mekatronikk3/src/install/ngc_propulsion_sim/lib/python3.12/site-packages/ngc_propulsion_sim/ngc_propulsion_sim.py to ngc_propulsion_sim.cpython-312.pyc
[3.222s] running install_data
[3.224s] creating /home/alfred/shared_mac/Mekatronikk3/src/install/ngc_propulsion_sim/share/ament_index
[3.228s] creating /home/alfred/shared_mac/Mekatronikk3/src/install/ngc_propulsion_sim/share/ament_index/resource_index
[3.228s] creating /home/alfred/shared_mac/Mekatronikk3/src/install/ngc_propulsion_sim/share/ament_index/resource_index/packages
[3.230s] copying resource/ngc_propulsion_sim -> /home/alfred/shared_mac/Mekatronikk3/src/install/ngc_propulsion_sim/share/ament_index/resource_index/packages
[3.231s] copying package.xml -> /home/alfred/shared_mac/Mekatronikk3/src/install/ngc_propulsion_sim/share/ngc_propulsion_sim
[3.237s] running install_egg_info
[3.294s] Copying ../build/ngc_propulsion_sim/ngc_propulsion_sim.egg-info to /home/alfred/shared_mac/Mekatronikk3/src/install/ngc_propulsion_sim/lib/python3.12/site-packages/ngc_propulsion_sim-0.0.0-py3.12.egg-info
[3.325s] running install_scripts
[3.648s] Installing ngc_propulsion_sim script to /home/alfred/shared_mac/Mekatronikk3/src/install/ngc_propulsion_sim/lib/ngc_propulsion_sim
[3.654s] writing list of installed files to '/home/alfred/shared_mac/Mekatronikk3/src/build/ngc_propulsion_sim/install.log'
[3.709s] Invoked command in '/home/alfred/shared_mac/Mekatronikk3/src/ngc_propulsion_sim' returned '0': DEBUGINFOD_URLS=https://debuginfod.ubuntu.com PYTHONPATH=/home/alfred/shared_mac/Mekatronikk3/src/build/ngc_propulsion_sim/prefix_override:/usr/lib/python3/dist-packages/colcon_core/task/python/colcon_distutils_commands:/home/alfred/shared_mac/Mekatronikk3/src/install/ngc_propulsion_sim/lib/python3.12/site-packages:/home/alfred/shared_mac/Mekatronikk3/src/install/ngc_interfaces/lib/python3.12/site-packages:/home/alfred/shared_mac/Mekatronikk3/src/install/ngc_hull_sim/lib/python3.12/site-packages:/home/alfred/shared_mac/Mekatronikk3/src/install/ngc_utils/lib/python3.12/site-packages:/home/alfred/shared_mac/Mekatronikk3/src/install/ngc_sensor_sims/lib/python3.12/site-packages:/home/alfred/shared_mac/Mekatronikk3/src/install/ngc_propulsion_sim/lib/python3.12/site-packages:/home/alfred/shared_mac/Mekatronikk3/src/install/ngc_hmi/lib/python3.12/site-packages:/home/alfred/shared_mac/Mekatronikk3/src/install/kontrolsystem/lib/python3.12/site-packages:/opt/ros/jazzy/lib/python3.12/site-packages /usr/bin/python3 -W ignore:setup.py install is deprecated setup.py egg_info --egg-base ../build/ngc_propulsion_sim build --build-base /home/alfred/shared_mac/Mekatronikk3/src/build/ngc_propulsion_sim/build install --record /home/alfred/shared_mac/Mekatronikk3/src/build/ngc_propulsion_sim/install.log --single-version-externally-managed install_data
