/home/adolf-fick/Desktop/git_ws/Mekatronikk3/install/ngc_hmi/lib/python3.12/site-packages/ngc_hmi/ngc_hmi_yaml_editor.py
/home/adolf-fick/Desktop/git_ws/Mekatronikk3/install/ngc_hmi/lib/python3.12/site-packages/ngc_hmi/custom_slider_widget.py
/home/adolf-fick/Desktop/git_ws/Mekatronikk3/install/ngc_hmi/lib/python3.12/site-packages/ngc_hmi/EngineeringDashboard.py
/home/adolf-fick/Desktop/git_ws/Mekatronikk3/install/ngc_hmi/lib/python3.12/site-packages/ngc_hmi/ngc_hmi_engineering_opencpn.py
/home/adolf-fick/Desktop/git_ws/Mekatronikk3/install/ngc_hmi/lib/python3.12/site-packages/ngc_hmi/ngc_hmi_autopilot.py
/home/adolf-fick/Desktop/git_ws/Mekatronikk3/install/ngc_hmi/lib/python3.12/site-packages/ngc_hmi/__init__.py
/home/adolf-fick/Desktop/git_ws/Mekatronikk3/install/ngc_hmi/lib/python3.12/site-packages/ngc_hmi/ngc_hmi_engineering.py
/home/adolf-fick/Desktop/git_ws/Mekatronikk3/install/ngc_hmi/lib/python3.12/site-packages/ngc_hmi/ngc_hmi_main.py
/home/adolf-fick/Desktop/git_ws/Mekatronikk3/install/ngc_hmi/lib/python3.12/site-packages/ngc_hmi/__pycache__/ngc_hmi_yaml_editor.cpython-312.pyc
/home/adolf-fick/Desktop/git_ws/Mekatronikk3/install/ngc_hmi/lib/python3.12/site-packages/ngc_hmi/__pycache__/custom_slider_widget.cpython-312.pyc
/home/adolf-fick/Desktop/git_ws/Mekatronikk3/install/ngc_hmi/lib/python3.12/site-packages/ngc_hmi/__pycache__/EngineeringDashboard.cpython-312.pyc
/home/adolf-fick/Desktop/git_ws/Mekatronikk3/install/ngc_hmi/lib/python3.12/site-packages/ngc_hmi/__pycache__/ngc_hmi_engineering_opencpn.cpython-312.pyc
/home/adolf-fick/Desktop/git_ws/Mekatronikk3/install/ngc_hmi/lib/python3.12/site-packages/ngc_hmi/__pycache__/ngc_hmi_autopilot.cpython-312.pyc
/home/adolf-fick/Desktop/git_ws/Mekatronikk3/install/ngc_hmi/lib/python3.12/site-packages/ngc_hmi/__pycache__/__init__.cpython-312.pyc
/home/adolf-fick/Desktop/git_ws/Mekatronikk3/install/ngc_hmi/lib/python3.12/site-packages/ngc_hmi/__pycache__/ngc_hmi_engineering.cpython-312.pyc
/home/adolf-fick/Desktop/git_ws/Mekatronikk3/install/ngc_hmi/lib/python3.12/site-packages/ngc_hmi/__pycache__/ngc_hmi_main.cpython-312.pyc
/home/adolf-fick/Desktop/git_ws/Mekatronikk3/install/ngc_hmi/share/ament_index/resource_index/packages/ngc_hmi
/home/adolf-fick/Desktop/git_ws/Mekatronikk3/install/ngc_hmi/share/ngc_hmi/package.xml
/home/adolf-fick/Desktop/git_ws/Mekatronikk3/install/ngc_hmi/lib/python3.12/site-packages/ngc_hmi-0.0.0-py3.12.egg-info/zip-safe
/home/adolf-fick/Desktop/git_ws/Mekatronikk3/install/ngc_hmi/lib/python3.12/site-packages/ngc_hmi-0.0.0-py3.12.egg-info/PKG-INFO
/home/adolf-fick/Desktop/git_ws/Mekatronikk3/install/ngc_hmi/lib/python3.12/site-packages/ngc_hmi-0.0.0-py3.12.egg-info/SOURCES.txt
/home/adolf-fick/Desktop/git_ws/Mekatronikk3/install/ngc_hmi/lib/python3.12/site-packages/ngc_hmi-0.0.0-py3.12.egg-info/entry_points.txt
/home/adolf-fick/Desktop/git_ws/Mekatronikk3/install/ngc_hmi/lib/python3.12/site-packages/ngc_hmi-0.0.0-py3.12.egg-info/dependency_links.txt
/home/adolf-fick/Desktop/git_ws/Mekatronikk3/install/ngc_hmi/lib/python3.12/site-packages/ngc_hmi-0.0.0-py3.12.egg-info/requires.txt
/home/adolf-fick/Desktop/git_ws/Mekatronikk3/install/ngc_hmi/lib/python3.12/site-packages/ngc_hmi-0.0.0-py3.12.egg-info/top_level.txt
/home/adolf-fick/Desktop/git_ws/Mekatronikk3/install/ngc_hmi/lib/ngc_hmi/ngc_hmi
/home/adolf-fick/Desktop/git_ws/Mekatronikk3/install/ngc_hmi/lib/ngc_hmi/ngc_hmi_autopilot
/home/adolf-fick/Desktop/git_ws/Mekatronikk3/install/ngc_hmi/lib/ngc_hmi/ngc_hmi_engineering
/home/adolf-fick/Desktop/git_ws/Mekatronikk3/install/ngc_hmi/lib/ngc_hmi/ngc_hmi_engineering_opencpn
/home/adolf-fick/Desktop/git_ws/Mekatronikk3/install/ngc_hmi/lib/ngc_hmi/ngc_hmi_yaml_editor
