gmake[2]: Advarsel: Filen "CMakeFiles/ngc_interfaces__rosidl_generator_c.dir/compiler_depend.make" har modifikationstidspunkt 17 s i fremtiden
gmake[2]: advarsel: Der blev registreret en uoverensstemmelse i urets tid. Din kompilering kan være ufuldstændig.
gmake[2]: Advarsel: Filen "CMakeFiles/ngc_interfaces__rosidl_typesupport_c.dir/compiler_depend.make" har modifikationstidspunkt 18 s i fremtiden
gmake[2]: Advarsel: Filen "CMakeFiles/ngc_interfaces__rosidl_typesupport_introspection_c.dir/compiler_depend.make" har modifikationstidspunkt 18 s i fremtiden
gmake[2]: Advarsel: Filen "CMakeFiles/ngc_interfaces__rosidl_typesupport_cpp.dir/compiler_depend.make" har modifikationstidspunkt 17 s i fremtiden
gmake[2]: Advarsel: Filen "CMakeFiles/ngc_interfaces__rosidl_typesupport_fastrtps_c.dir/compiler_depend.make" har modifikationstidspunkt 18 s i fremtiden
gmake[2]: advarsel: Der blev registreret en uoverensstemmelse i urets tid. Din kompilering kan være ufuldstændig.
gmake[2]: advarsel: Der blev registreret en uoverensstemmelse i urets tid. Din kompilering kan være ufuldstændig.
gmake[2]: Advarsel: Filen "CMakeFiles/ngc_interfaces__rosidl_typesupport_fastrtps_cpp.dir/compiler_depend.make" har modifikationstidspunkt 18 s i fremtiden
gmake[2]: Advarsel: Filen "CMakeFiles/ngc_interfaces__rosidl_typesupport_introspection_cpp.dir/compiler_depend.make" har modifikationstidspunkt 18 s i fremtiden
gmake[2]: advarsel: Der blev registreret en uoverensstemmelse i urets tid. Din kompilering kan være ufuldstændig.
gmake[2]: advarsel: Der blev registreret en uoverensstemmelse i urets tid. Din kompilering kan være ufuldstændig.
gmake[2]: advarsel: Der blev registreret en uoverensstemmelse i urets tid. Din kompilering kan være ufuldstændig.
gmake[2]: advarsel: Der blev registreret en uoverensstemmelse i urets tid. Din kompilering kan være ufuldstændig.
gmake[2]: Advarsel: Filen "CMakeFiles/ngc_interfaces__rosidl_generator_py.dir/compiler_depend.make" har modifikationstidspunkt 18 s i fremtiden
gmake[2]: advarsel: Der blev registreret en uoverensstemmelse i urets tid. Din kompilering kan være ufuldstændig.
gmake[2]: Advarsel: Filen "CMakeFiles/ngc_interfaces_s__rosidl_typesupport_fastrtps_c.dir/compiler_depend.make" har modifikationstidspunkt 18 s i fremtiden
gmake[2]: Advarsel: Filen "CMakeFiles/ngc_interfaces_s__rosidl_typesupport_introspection_c.dir/compiler_depend.make" har modifikationstidspunkt 18 s i fremtiden
gmake[2]: Advarsel: Filen "CMakeFiles/ngc_interfaces_s__rosidl_typesupport_c.dir/compiler_depend.make" har modifikationstidspunkt 19 s i fremtiden
gmake[2]: advarsel: Der blev registreret en uoverensstemmelse i urets tid. Din kompilering kan være ufuldstændig.
gmake[2]: advarsel: Der blev registreret en uoverensstemmelse i urets tid. Din kompilering kan være ufuldstændig.
gmake[2]: advarsel: Der blev registreret en uoverensstemmelse i urets tid. Din kompilering kan være ufuldstændig.
