[0.147s] Invoking command in '/home/alfred/shared_mac/MEPA2001_2024/src/build/ngc_bringup': CMAKE_PREFIX_PATH=${CMAKE_PREFIX_PATH}:/home/alfred/shared_mac/MEPA2001_2024/src/install/ngc_hull_sim:/home/alfred/shared_mac/MEPA2001_2024/src/install/ngc_utils:/home/alfred/shared_mac/MEPA2001_2024/src/install/ngc_sensor_sims:/home/alfred/shared_mac/MEPA2001_2024/src/install/ngc_propulsion_sim:/home/alfred/shared_mac/MEPA2001_2024/src/install/ngc_hmi:/home/alfred/shared_mac/MEPA2001_2024/src/install/kontrolsystem:/opt/ros/jazzy DEBUGINFOD_URLS=https://debuginfod.ubuntu.com /usr/bin/cmake --build /home/alfred/shared_mac/MEPA2001_2024/src/build/ngc_bringup -- -j4 -l4
[1.838s] Invoked command in '/home/alfred/shared_mac/MEPA2001_2024/src/build/ngc_bringup' returned '0': CMAKE_PREFIX_PATH=${CMAKE_PREFIX_PATH}:/home/alfred/shared_mac/MEPA2001_2024/src/install/ngc_hull_sim:/home/alfred/shared_mac/MEPA2001_2024/src/install/ngc_utils:/home/alfred/shared_mac/MEPA2001_2024/src/install/ngc_sensor_sims:/home/alfred/shared_mac/MEPA2001_2024/src/install/ngc_propulsion_sim:/home/alfred/shared_mac/MEPA2001_2024/src/install/ngc_hmi:/home/alfred/shared_mac/MEPA2001_2024/src/install/kontrolsystem:/opt/ros/jazzy DEBUGINFOD_URLS=https://debuginfod.ubuntu.com /usr/bin/cmake --build /home/alfred/shared_mac/MEPA2001_2024/src/build/ngc_bringup -- -j4 -l4
[2.018s] Invoking command in '/home/alfred/shared_mac/MEPA2001_2024/src/build/ngc_bringup': CMAKE_PREFIX_PATH=${CMAKE_PREFIX_PATH}:/home/alfred/shared_mac/MEPA2001_2024/src/install/ngc_hull_sim:/home/alfred/shared_mac/MEPA2001_2024/src/install/ngc_utils:/home/alfred/shared_mac/MEPA2001_2024/src/install/ngc_sensor_sims:/home/alfred/shared_mac/MEPA2001_2024/src/install/ngc_propulsion_sim:/home/alfred/shared_mac/MEPA2001_2024/src/install/ngc_hmi:/home/alfred/shared_mac/MEPA2001_2024/src/install/kontrolsystem:/opt/ros/jazzy DEBUGINFOD_URLS=https://debuginfod.ubuntu.com /usr/bin/cmake --install /home/alfred/shared_mac/MEPA2001_2024/src/build/ngc_bringup
[2.091s] -- Install configuration: ""
[2.093s] -- Up-to-date: /home/alfred/shared_mac/MEPA2001_2024/src/install/ngc_bringup/share/ngc_bringup/launch
[2.096s] -- Up-to-date: /home/alfred/shared_mac/MEPA2001_2024/src/install/ngc_bringup/share/ngc_bringup/launch/ngc.launch.py
[2.098s] -- Up-to-date: /home/alfred/shared_mac/MEPA2001_2024/src/install/ngc_bringup/share/ngc_bringup/config
[2.100s] -- Up-to-date: /home/alfred/shared_mac/MEPA2001_2024/src/install/ngc_bringup/share/ngc_bringup/config/PlotJuggler_layout.xml
[2.101s] -- Up-to-date: /home/alfred/shared_mac/MEPA2001_2024/src/install/ngc_bringup/share/ngc_bringup/config/layout.yaml
[2.102s] -- Up-to-date: /home/alfred/shared_mac/MEPA2001_2024/src/install/ngc_bringup/share/ngc_bringup/config/vessel_config.yaml
[2.104s] -- Up-to-date: /home/alfred/shared_mac/MEPA2001_2024/src/install/ngc_bringup/share/ngc_bringup/config/control_config.yaml
[2.105s] -- Up-to-date: /home/alfred/shared_mac/MEPA2001_2024/src/install/ngc_bringup/share/ngc_bringup/config/propulsion_config.yaml
[2.106s] -- Up-to-date: /home/alfred/shared_mac/MEPA2001_2024/src/install/ngc_bringup/share/ngc_bringup/config/sensor_config.yaml
[2.108s] -- Up-to-date: /home/alfred/shared_mac/MEPA2001_2024/src/install/ngc_bringup/share/ngc_bringup/config/simulator_config.yaml
[2.109s] -- Up-to-date: /home/alfred/shared_mac/MEPA2001_2024/src/install/ngc_bringup/share/ament_index/resource_index/package_run_dependencies/ngc_bringup
[2.110s] -- Up-to-date: /home/alfred/shared_mac/MEPA2001_2024/src/install/ngc_bringup/share/ament_index/resource_index/parent_prefix_path/ngc_bringup
[2.112s] -- Up-to-date: /home/alfred/shared_mac/MEPA2001_2024/src/install/ngc_bringup/share/ngc_bringup/environment/ament_prefix_path.sh
[2.114s] -- Up-to-date: /home/alfred/shared_mac/MEPA2001_2024/src/install/ngc_bringup/share/ngc_bringup/environment/ament_prefix_path.dsv
[2.118s] -- Up-to-date: /home/alfred/shared_mac/MEPA2001_2024/src/install/ngc_bringup/share/ngc_bringup/environment/path.sh
[2.126s] -- Up-to-date: /home/alfred/shared_mac/MEPA2001_2024/src/install/ngc_bringup/share/ngc_bringup/environment/path.dsv
[2.129s] -- Up-to-date: /home/alfred/shared_mac/MEPA2001_2024/src/install/ngc_bringup/share/ngc_bringup/local_setup.bash
[2.131s] -- Up-to-date: /home/alfred/shared_mac/MEPA2001_2024/src/install/ngc_bringup/share/ngc_bringup/local_setup.sh
[2.134s] -- Up-to-date: /home/alfred/shared_mac/MEPA2001_2024/src/install/ngc_bringup/share/ngc_bringup/local_setup.zsh
[2.135s] -- Up-to-date: /home/alfred/shared_mac/MEPA2001_2024/src/install/ngc_bringup/share/ngc_bringup/local_setup.dsv
[2.152s] -- Installing: /home/alfred/shared_mac/MEPA2001_2024/src/install/ngc_bringup/share/ngc_bringup/package.dsv
[2.158s] -- Up-to-date: /home/alfred/shared_mac/MEPA2001_2024/src/install/ngc_bringup/share/ament_index/resource_index/packages/ngc_bringup
[2.159s] -- Up-to-date: /home/alfred/shared_mac/MEPA2001_2024/src/install/ngc_bringup/share/ngc_bringup/cmake/ngc_bringupConfig.cmake
[2.159s] -- Up-to-date: /home/alfred/shared_mac/MEPA2001_2024/src/install/ngc_bringup/share/ngc_bringup/cmake/ngc_bringupConfig-version.cmake
[2.163s] -- Up-to-date: /home/alfred/shared_mac/MEPA2001_2024/src/install/ngc_bringup/share/ngc_bringup/package.xml
[2.165s] Invoked command in '/home/alfred/shared_mac/MEPA2001_2024/src/build/ngc_bringup' returned '0': CMAKE_PREFIX_PATH=${CMAKE_PREFIX_PATH}:/home/alfred/shared_mac/MEPA2001_2024/src/install/ngc_hull_sim:/home/alfred/shared_mac/MEPA2001_2024/src/install/ngc_utils:/home/alfred/shared_mac/MEPA2001_2024/src/install/ngc_sensor_sims:/home/alfred/shared_mac/MEPA2001_2024/src/install/ngc_propulsion_sim:/home/alfred/shared_mac/MEPA2001_2024/src/install/ngc_hmi:/home/alfred/shared_mac/MEPA2001_2024/src/install/kontrolsystem:/opt/ros/jazzy DEBUGINFOD_URLS=https://debuginfod.ubuntu.com /usr/bin/cmake --install /home/alfred/shared_mac/MEPA2001_2024/src/build/ngc_bringup
