[0.155s] Invoking command in '/home/alfred/shared_mac/MEPA2001_2024/src/build/ngc_bringup': CMAKE_PREFIX_PATH=${CMAKE_PREFIX_PATH}:/home/alfred/shared_mac/MEPA2001_2024/src/install/ngc_hull_sim:/home/alfred/shared_mac/MEPA2001_2024/src/install/ngc_utils:/home/alfred/shared_mac/MEPA2001_2024/src/install/ngc_sensor_sims:/home/alfred/shared_mac/MEPA2001_2024/src/install/ngc_propulsion_sim:/home/alfred/shared_mac/MEPA2001_2024/src/install/ngc_hmi:/home/alfred/shared_mac/MEPA2001_2024/src/install/kontrolsystem:/opt/ros/jazzy DEBUGINFOD_URLS=https://debuginfod.ubuntu.com /usr/bin/cmake --build /home/alfred/shared_mac/MEPA2001_2024/src/build/ngc_bringup -- -j4 -l4
[1.578s] Invoked command in '/home/alfred/shared_mac/MEPA2001_2024/src/build/ngc_bringup' returned '0': CMAKE_PREFIX_PATH=${CMAKE_PREFIX_PATH}:/home/alfred/shared_mac/MEPA2001_2024/src/install/ngc_hull_sim:/home/alfred/shared_mac/MEPA2001_2024/src/install/ngc_utils:/home/alfred/shared_mac/MEPA2001_2024/src/install/ngc_sensor_sims:/home/alfred/shared_mac/MEPA2001_2024/src/install/ngc_propulsion_sim:/home/alfred/shared_mac/MEPA2001_2024/src/install/ngc_hmi:/home/alfred/shared_mac/MEPA2001_2024/src/install/kontrolsystem:/opt/ros/jazzy DEBUGINFOD_URLS=https://debuginfod.ubuntu.com /usr/bin/cmake --build /home/alfred/shared_mac/MEPA2001_2024/src/build/ngc_bringup -- -j4 -l4
[1.772s] Invoking command in '/home/alfred/shared_mac/MEPA2001_2024/src/build/ngc_bringup': CMAKE_PREFIX_PATH=${CMAKE_PREFIX_PATH}:/home/alfred/shared_mac/MEPA2001_2024/src/install/ngc_hull_sim:/home/alfred/shared_mac/MEPA2001_2024/src/install/ngc_utils:/home/alfred/shared_mac/MEPA2001_2024/src/install/ngc_sensor_sims:/home/alfred/shared_mac/MEPA2001_2024/src/install/ngc_propulsion_sim:/home/alfred/shared_mac/MEPA2001_2024/src/install/ngc_hmi:/home/alfred/shared_mac/MEPA2001_2024/src/install/kontrolsystem:/opt/ros/jazzy DEBUGINFOD_URLS=https://debuginfod.ubuntu.com /usr/bin/cmake --install /home/alfred/shared_mac/MEPA2001_2024/src/build/ngc_bringup
[1.794s] -- Install configuration: ""
[1.795s] -- Up-to-date: /home/alfred/shared_mac/MEPA2001_2024/src/install/ngc_bringup/share/ngc_bringup/launch
[1.796s] -- Up-to-date: /home/alfred/shared_mac/MEPA2001_2024/src/install/ngc_bringup/share/ngc_bringup/launch/ngc.launch.py
[1.797s] -- Up-to-date: /home/alfred/shared_mac/MEPA2001_2024/src/install/ngc_bringup/share/ngc_bringup/config
[1.799s] -- Up-to-date: /home/alfred/shared_mac/MEPA2001_2024/src/install/ngc_bringup/share/ngc_bringup/config/PlotJuggler_layout.xml
[1.801s] -- Up-to-date: /home/alfred/shared_mac/MEPA2001_2024/src/install/ngc_bringup/share/ngc_bringup/config/layout.yaml
[1.802s] -- Up-to-date: /home/alfred/shared_mac/MEPA2001_2024/src/install/ngc_bringup/share/ngc_bringup/config/vessel_config.yaml
[1.803s] -- Up-to-date: /home/alfred/shared_mac/MEPA2001_2024/src/install/ngc_bringup/share/ngc_bringup/config/control_config.yaml
[1.804s] -- Up-to-date: /home/alfred/shared_mac/MEPA2001_2024/src/install/ngc_bringup/share/ngc_bringup/config/propulsion_config.yaml
[1.805s] -- Up-to-date: /home/alfred/shared_mac/MEPA2001_2024/src/install/ngc_bringup/share/ngc_bringup/config/sensor_config.yaml
[1.809s] -- Up-to-date: /home/alfred/shared_mac/MEPA2001_2024/src/install/ngc_bringup/share/ngc_bringup/config/simulator_config.yaml
[1.816s] -- Up-to-date: /home/alfred/shared_mac/MEPA2001_2024/src/install/ngc_bringup/share/ament_index/resource_index/package_run_dependencies/ngc_bringup
[1.817s] -- Up-to-date: /home/alfred/shared_mac/MEPA2001_2024/src/install/ngc_bringup/share/ament_index/resource_index/parent_prefix_path/ngc_bringup
[1.818s] -- Up-to-date: /home/alfred/shared_mac/MEPA2001_2024/src/install/ngc_bringup/share/ngc_bringup/environment/ament_prefix_path.sh
[1.821s] -- Up-to-date: /home/alfred/shared_mac/MEPA2001_2024/src/install/ngc_bringup/share/ngc_bringup/environment/ament_prefix_path.dsv
[1.824s] -- Up-to-date: /home/alfred/shared_mac/MEPA2001_2024/src/install/ngc_bringup/share/ngc_bringup/environment/path.sh
[1.825s] -- Up-to-date: /home/alfred/shared_mac/MEPA2001_2024/src/install/ngc_bringup/share/ngc_bringup/environment/path.dsv
[1.827s] -- Up-to-date: /home/alfred/shared_mac/MEPA2001_2024/src/install/ngc_bringup/share/ngc_bringup/local_setup.bash
[1.827s] -- Up-to-date: /home/alfred/shared_mac/MEPA2001_2024/src/install/ngc_bringup/share/ngc_bringup/local_setup.sh
[1.829s] -- Up-to-date: /home/alfred/shared_mac/MEPA2001_2024/src/install/ngc_bringup/share/ngc_bringup/local_setup.zsh
[1.830s] -- Up-to-date: /home/alfred/shared_mac/MEPA2001_2024/src/install/ngc_bringup/share/ngc_bringup/local_setup.dsv
[1.832s] -- Installing: /home/alfred/shared_mac/MEPA2001_2024/src/install/ngc_bringup/share/ngc_bringup/package.dsv
[1.840s] -- Up-to-date: /home/alfred/shared_mac/MEPA2001_2024/src/install/ngc_bringup/share/ament_index/resource_index/packages/ngc_bringup
[1.841s] -- Up-to-date: /home/alfred/shared_mac/MEPA2001_2024/src/install/ngc_bringup/share/ngc_bringup/cmake/ngc_bringupConfig.cmake
[1.843s] -- Up-to-date: /home/alfred/shared_mac/MEPA2001_2024/src/install/ngc_bringup/share/ngc_bringup/cmake/ngc_bringupConfig-version.cmake
[1.845s] -- Up-to-date: /home/alfred/shared_mac/MEPA2001_2024/src/install/ngc_bringup/share/ngc_bringup/package.xml
[1.852s] Invoked command in '/home/alfred/shared_mac/MEPA2001_2024/src/build/ngc_bringup' returned '0': CMAKE_PREFIX_PATH=${CMAKE_PREFIX_PATH}:/home/alfred/shared_mac/MEPA2001_2024/src/install/ngc_hull_sim:/home/alfred/shared_mac/MEPA2001_2024/src/install/ngc_utils:/home/alfred/shared_mac/MEPA2001_2024/src/install/ngc_sensor_sims:/home/alfred/shared_mac/MEPA2001_2024/src/install/ngc_propulsion_sim:/home/alfred/shared_mac/MEPA2001_2024/src/install/ngc_hmi:/home/alfred/shared_mac/MEPA2001_2024/src/install/kontrolsystem:/opt/ros/jazzy DEBUGINFOD_URLS=https://debuginfod.ubuntu.com /usr/bin/cmake --install /home/alfred/shared_mac/MEPA2001_2024/src/build/ngc_bringup
