/home/adolf-fick/Desktop/git_ws/Mekatronikk3/install/regulator/lib/python3.12/site-packages/regulator/waypoint_mottaker.py
/home/adolf-fick/Desktop/git_ws/Mekatronikk3/install/regulator/lib/python3.12/site-packages/regulator/estimator.py
/home/adolf-fick/Desktop/git_ws/Mekatronikk3/install/regulator/lib/python3.12/site-packages/regulator/kontroller.py
/home/adolf-fick/Desktop/git_ws/Mekatronikk3/install/regulator/lib/python3.12/site-packages/regulator/waypoint.py
/home/adolf-fick/Desktop/git_ws/Mekatronikk3/install/regulator/lib/python3.12/site-packages/regulator/allokering.py
/home/adolf-fick/Desktop/git_ws/Mekatronikk3/install/regulator/lib/python3.12/site-packages/regulator/__init__.py
/home/adolf-fick/Desktop/git_ws/Mekatronikk3/install/regulator/lib/python3.12/site-packages/regulator/signalbehandler.py
/home/adolf-fick/Desktop/git_ws/Mekatronikk3/install/regulator/lib/python3.12/site-packages/regulator/__pycache__/waypoint_mottaker.cpython-312.pyc
/home/adolf-fick/Desktop/git_ws/Mekatronikk3/install/regulator/lib/python3.12/site-packages/regulator/__pycache__/estimator.cpython-312.pyc
/home/adolf-fick/Desktop/git_ws/Mekatronikk3/install/regulator/lib/python3.12/site-packages/regulator/__pycache__/kontroller.cpython-312.pyc
/home/adolf-fick/Desktop/git_ws/Mekatronikk3/install/regulator/lib/python3.12/site-packages/regulator/__pycache__/waypoint.cpython-312.pyc
/home/adolf-fick/Desktop/git_ws/Mekatronikk3/install/regulator/lib/python3.12/site-packages/regulator/__pycache__/allokering.cpython-312.pyc
/home/adolf-fick/Desktop/git_ws/Mekatronikk3/install/regulator/lib/python3.12/site-packages/regulator/__pycache__/__init__.cpython-312.pyc
/home/adolf-fick/Desktop/git_ws/Mekatronikk3/install/regulator/lib/python3.12/site-packages/regulator/__pycache__/signalbehandler.cpython-312.pyc
/home/adolf-fick/Desktop/git_ws/Mekatronikk3/install/regulator/share/ament_index/resource_index/packages/regulator
/home/adolf-fick/Desktop/git_ws/Mekatronikk3/install/regulator/share/regulator/package.xml
/home/adolf-fick/Desktop/git_ws/Mekatronikk3/install/regulator/lib/python3.12/site-packages/regulator-0.0.0-py3.12.egg-info/zip-safe
/home/adolf-fick/Desktop/git_ws/Mekatronikk3/install/regulator/lib/python3.12/site-packages/regulator-0.0.0-py3.12.egg-info/PKG-INFO
/home/adolf-fick/Desktop/git_ws/Mekatronikk3/install/regulator/lib/python3.12/site-packages/regulator-0.0.0-py3.12.egg-info/SOURCES.txt
/home/adolf-fick/Desktop/git_ws/Mekatronikk3/install/regulator/lib/python3.12/site-packages/regulator-0.0.0-py3.12.egg-info/entry_points.txt
/home/adolf-fick/Desktop/git_ws/Mekatronikk3/install/regulator/lib/python3.12/site-packages/regulator-0.0.0-py3.12.egg-info/dependency_links.txt
/home/adolf-fick/Desktop/git_ws/Mekatronikk3/install/regulator/lib/python3.12/site-packages/regulator-0.0.0-py3.12.egg-info/requires.txt
/home/adolf-fick/Desktop/git_ws/Mekatronikk3/install/regulator/lib/python3.12/site-packages/regulator-0.0.0-py3.12.egg-info/top_level.txt
/home/adolf-fick/Desktop/git_ws/Mekatronikk3/install/regulator/lib/regulator/allokering
/home/adolf-fick/Desktop/git_ws/Mekatronikk3/install/regulator/lib/regulator/estimator
/home/adolf-fick/Desktop/git_ws/Mekatronikk3/install/regulator/lib/regulator/kontroller
/home/adolf-fick/Desktop/git_ws/Mekatronikk3/install/regulator/lib/regulator/signalbehandler
/home/adolf-fick/Desktop/git_ws/Mekatronikk3/install/regulator/lib/regulator/waypoint
/home/adolf-fick/Desktop/git_ws/Mekatronikk3/install/regulator/lib/regulator/waypoint_mottaker
