[8.312s] Invoking command in '/home/alfred/shared_mac/MEPA2001_2024/src/ngc_utils': DEBUGINFOD_URLS=https://debuginfod.ubuntu.com PYTHONPATH=/home/alfred/shared_mac/MEPA2001_2024/src/build/ngc_utils/prefix_override:/usr/lib/python3/dist-packages/colcon_core/task/python/colcon_distutils_commands:/home/alfred/shared_mac/MEPA2001_2024/src/install/ngc_utils/lib/python3.12/site-packages:${PYTHONPATH} /usr/bin/python3 -W ignore:setup.py install is deprecated setup.py egg_info --egg-base ../build/ngc_utils build --build-base /home/alfred/shared_mac/MEPA2001_2024/src/build/ngc_utils/build install --record /home/alfred/shared_mac/MEPA2001_2024/src/build/ngc_utils/install.log --single-version-externally-managed install_data
[10.594s] running egg_info
[10.787s] writing ../build/ngc_utils/ngc_utils.egg-info/PKG-INFO
[10.791s] writing dependency_links to ../build/ngc_utils/ngc_utils.egg-info/dependency_links.txt
[10.792s] writing requirements to ../build/ngc_utils/ngc_utils.egg-info/requires.txt
[10.793s] writing top-level names to ../build/ngc_utils/ngc_utils.egg-info/top_level.txt
[11.140s] reading manifest file '../build/ngc_utils/ngc_utils.egg-info/SOURCES.txt'
[11.185s] writing manifest file '../build/ngc_utils/ngc_utils.egg-info/SOURCES.txt'
[11.191s] running build
[11.195s] running build_py
[11.199s] copying ngc_utils/math_utils.py -> /home/alfred/shared_mac/MEPA2001_2024/src/build/ngc_utils/build/lib/ngc_utils
[11.229s] running install
[11.342s] running install_lib
[11.508s] copying /home/alfred/shared_mac/MEPA2001_2024/src/build/ngc_utils/build/lib/ngc_utils/math_utils.py -> /home/alfred/shared_mac/MEPA2001_2024/src/install/ngc_utils/lib/python3.12/site-packages/ngc_utils
[11.586s] byte-compiling /home/alfred/shared_mac/MEPA2001_2024/src/install/ngc_utils/lib/python3.12/site-packages/ngc_utils/math_utils.py to math_utils.cpython-312.pyc
[11.609s] running install_data
[11.615s] running install_egg_info
[11.771s] removing '/home/alfred/shared_mac/MEPA2001_2024/src/install/ngc_utils/lib/python3.12/site-packages/ngc_utils-0.0.0-py3.12.egg-info' (and everything under it)
[11.776s] Copying ../build/ngc_utils/ngc_utils.egg-info to /home/alfred/shared_mac/MEPA2001_2024/src/install/ngc_utils/lib/python3.12/site-packages/ngc_utils-0.0.0-py3.12.egg-info
[11.866s] running install_scripts
[13.040s] writing list of installed files to '/home/alfred/shared_mac/MEPA2001_2024/src/build/ngc_utils/install.log'
[13.222s] Invoked command in '/home/alfred/shared_mac/MEPA2001_2024/src/ngc_utils' returned '0': DEBUGINFOD_URLS=https://debuginfod.ubuntu.com PYTHONPATH=/home/alfred/shared_mac/MEPA2001_2024/src/build/ngc_utils/prefix_override:/usr/lib/python3/dist-packages/colcon_core/task/python/colcon_distutils_commands:/home/alfred/shared_mac/MEPA2001_2024/src/install/ngc_utils/lib/python3.12/site-packages:${PYTHONPATH} /usr/bin/python3 -W ignore:setup.py install is deprecated setup.py egg_info --egg-base ../build/ngc_utils build --build-base /home/alfred/shared_mac/MEPA2001_2024/src/build/ngc_utils/build install --record /home/alfred/shared_mac/MEPA2001_2024/src/build/ngc_utils/install.log --single-version-externally-managed install_data
