[0.153s] Invoking command in '/home/alfred/shared_mac/Mekatronikk3/src/build/ngc_interfaces': CMAKE_PREFIX_PATH=${CMAKE_PREFIX_PATH}:/home/alfred/shared_mac/Mekatronikk3/src/install/regulator:/home/alfred/shared_mac/Mekatronikk3/src/install/ngc_hull_sim:/home/alfred/shared_mac/Mekatronikk3/src/install/ngc_utils:/home/alfred/shared_mac/Mekatronikk3/src/install/ngc_sensor_sims:/home/alfred/shared_mac/Mekatronikk3/src/install/ngc_propulsion_sim:/home/alfred/shared_mac/Mekatronikk3/src/install/ngc_hmi:/opt/ros/jazzy DEBUGINFOD_URLS=https://debuginfod.ubuntu.com /usr/bin/cmake --build /home/alfred/shared_mac/Mekatronikk3/src/build/ngc_interfaces -- -j4 -l4
[1.423s] [  1%] Built target ngc_interfaces__rosidl_generator_type_description
[1.426s] [  1%] Built target ngc_interfaces__cpp
[1.429s] [  1%] Built target ament_cmake_python_copy_ngc_interfaces
[1.430s] [ 26%] Built target ngc_interfaces__rosidl_generator_c
[1.440s] [ 35%] Built target ngc_interfaces__rosidl_typesupport_introspection_c
[1.447s] running egg_info
[1.468s] writing ngc_interfaces.egg-info/PKG-INFO
[1.475s] writing dependency_links to ngc_interfaces.egg-info/dependency_links.txt
[1.477s] writing top-level names to ngc_interfaces.egg-info/top_level.txt
[1.700s] [ 44%] Built target ngc_interfaces__rosidl_typesupport_cpp
[1.740s] reading manifest file 'ngc_interfaces.egg-info/SOURCES.txt'
[1.756s] writing manifest file 'ngc_interfaces.egg-info/SOURCES.txt'
[1.804s] [ 54%] Built target ngc_interfaces__rosidl_typesupport_fastrtps_c
[1.833s] [ 64%] Built target ngc_interfaces__rosidl_typesupport_c
[1.854s] [ 64%] Built target ament_cmake_python_build_ngc_interfaces_egg
[2.349s] [ 74%] Built target ngc_interfaces__rosidl_typesupport_fastrtps_cpp
[2.389s] [ 84%] Built target ngc_interfaces__rosidl_typesupport_introspection_cpp
[2.448s] [ 84%] Built target ngc_interfaces
[2.521s] [ 85%] Built target ngc_interfaces__py
[2.857s] [ 94%] Built target ngc_interfaces__rosidl_generator_py
[3.240s] [ 96%] Built target ngc_interfaces_s__rosidl_typesupport_fastrtps_c
[3.263s] [ 98%] Built target ngc_interfaces_s__rosidl_typesupport_introspection_c
[3.377s] [100%] Built target ngc_interfaces_s__rosidl_typesupport_c
[3.539s] Invoked command in '/home/alfred/shared_mac/Mekatronikk3/src/build/ngc_interfaces' returned '0': CMAKE_PREFIX_PATH=${CMAKE_PREFIX_PATH}:/home/alfred/shared_mac/Mekatronikk3/src/install/regulator:/home/alfred/shared_mac/Mekatronikk3/src/install/ngc_hull_sim:/home/alfred/shared_mac/Mekatronikk3/src/install/ngc_utils:/home/alfred/shared_mac/Mekatronikk3/src/install/ngc_sensor_sims:/home/alfred/shared_mac/Mekatronikk3/src/install/ngc_propulsion_sim:/home/alfred/shared_mac/Mekatronikk3/src/install/ngc_hmi:/opt/ros/jazzy DEBUGINFOD_URLS=https://debuginfod.ubuntu.com /usr/bin/cmake --build /home/alfred/shared_mac/Mekatronikk3/src/build/ngc_interfaces -- -j4 -l4
[4.901s] Invoking command in '/home/alfred/shared_mac/Mekatronikk3/src/build/ngc_interfaces': CMAKE_PREFIX_PATH=${CMAKE_PREFIX_PATH}:/home/alfred/shared_mac/Mekatronikk3/src/install/regulator:/home/alfred/shared_mac/Mekatronikk3/src/install/ngc_hull_sim:/home/alfred/shared_mac/Mekatronikk3/src/install/ngc_utils:/home/alfred/shared_mac/Mekatronikk3/src/install/ngc_sensor_sims:/home/alfred/shared_mac/Mekatronikk3/src/install/ngc_propulsion_sim:/home/alfred/shared_mac/Mekatronikk3/src/install/ngc_hmi:/opt/ros/jazzy DEBUGINFOD_URLS=https://debuginfod.ubuntu.com /usr/bin/cmake --install /home/alfred/shared_mac/Mekatronikk3/src/build/ngc_interfaces
[4.941s] -- Install configuration: ""
[4.945s] -- Up-to-date: /home/alfred/shared_mac/Mekatronikk3/src/install/ngc_interfaces/share/ament_index/resource_index/rosidl_interfaces/ngc_interfaces
[4.949s] -- Up-to-date: /home/alfred/shared_mac/Mekatronikk3/src/install/ngc_interfaces/share/ngc_interfaces/msg/Eta.json
[4.964s] -- Up-to-date: /home/alfred/shared_mac/Mekatronikk3/src/install/ngc_interfaces/share/ngc_interfaces/msg/Nu.json
[4.965s] -- Up-to-date: /home/alfred/shared_mac/Mekatronikk3/src/install/ngc_interfaces/share/ngc_interfaces/msg/NuDot.json
[4.969s] -- Up-to-date: /home/alfred/shared_mac/Mekatronikk3/src/install/ngc_interfaces/share/ngc_interfaces/msg/Tau.json
[4.970s] -- Up-to-date: /home/alfred/shared_mac/Mekatronikk3/src/install/ngc_interfaces/share/ngc_interfaces/msg/Wind.json
[4.971s] -- Up-to-date: /home/alfred/shared_mac/Mekatronikk3/src/install/ngc_interfaces/share/ngc_interfaces/msg/ThrusterSignals.json
[4.972s] -- Up-to-date: /home/alfred/shared_mac/Mekatronikk3/src/install/ngc_interfaces/share/ngc_interfaces/msg/GNSS.json
[4.973s] -- Up-to-date: /home/alfred/shared_mac/Mekatronikk3/src/install/ngc_interfaces/share/ngc_interfaces/msg/HeadingDevice.json
[4.976s] -- Up-to-date: /home/alfred/shared_mac/Mekatronikk3/src/install/ngc_interfaces/include/ngc_interfaces/ngc_interfaces
[4.977s] -- Up-to-date: /home/alfred/shared_mac/Mekatronikk3/src/install/ngc_interfaces/include/ngc_interfaces/ngc_interfaces/msg
[4.980s] -- Up-to-date: /home/alfred/shared_mac/Mekatronikk3/src/install/ngc_interfaces/include/ngc_interfaces/ngc_interfaces/msg/tau.h
[4.982s] -- Up-to-date: /home/alfred/shared_mac/Mekatronikk3/src/install/ngc_interfaces/include/ngc_interfaces/ngc_interfaces/msg/rosidl_generator_c__visibility_control.h
[4.984s] -- Up-to-date: /home/alfred/shared_mac/Mekatronikk3/src/install/ngc_interfaces/include/ngc_interfaces/ngc_interfaces/msg/eta.h
[4.986s] -- Up-to-date: /home/alfred/shared_mac/Mekatronikk3/src/install/ngc_interfaces/include/ngc_interfaces/ngc_interfaces/msg/heading_device.h
[4.988s] -- Up-to-date: /home/alfred/shared_mac/Mekatronikk3/src/install/ngc_interfaces/include/ngc_interfaces/ngc_interfaces/msg/gnss.h
[4.990s] -- Up-to-date: /home/alfred/shared_mac/Mekatronikk3/src/install/ngc_interfaces/include/ngc_interfaces/ngc_interfaces/msg/detail
[4.992s] -- Up-to-date: /home/alfred/shared_mac/Mekatronikk3/src/install/ngc_interfaces/include/ngc_interfaces/ngc_interfaces/msg/detail/nu__functions.c
[4.995s] -- Up-to-date: /home/alfred/shared_mac/Mekatronikk3/src/install/ngc_interfaces/include/ngc_interfaces/ngc_interfaces/msg/detail/nu__type_support.h
[4.996s] -- Up-to-date: /home/alfred/shared_mac/Mekatronikk3/src/install/ngc_interfaces/include/ngc_interfaces/ngc_interfaces/msg/detail/thruster_signals__functions.c
[4.998s] -- Up-to-date: /home/alfred/shared_mac/Mekatronikk3/src/install/ngc_interfaces/include/ngc_interfaces/ngc_interfaces/msg/detail/tau__struct.h
[4.999s] -- Up-to-date: /home/alfred/shared_mac/Mekatronikk3/src/install/ngc_interfaces/include/ngc_interfaces/ngc_interfaces/msg/detail/wind__description.c
[5.000s] -- Up-to-date: /home/alfred/shared_mac/Mekatronikk3/src/install/ngc_interfaces/include/ngc_interfaces/ngc_interfaces/msg/detail/thruster_signals__type_support.h
[5.001s] -- Up-to-date: /home/alfred/shared_mac/Mekatronikk3/src/install/ngc_interfaces/include/ngc_interfaces/ngc_interfaces/msg/detail/gnss__functions.h
[5.003s] -- Up-to-date: /home/alfred/shared_mac/Mekatronikk3/src/install/ngc_interfaces/include/ngc_interfaces/ngc_interfaces/msg/detail/tau__description.c
[5.005s] -- Up-to-date: /home/alfred/shared_mac/Mekatronikk3/src/install/ngc_interfaces/include/ngc_interfaces/ngc_interfaces/msg/detail/wind__type_support.h
[5.006s] -- Installing: /home/alfred/shared_mac/Mekatronikk3/src/install/ngc_interfaces/include/ngc_interfaces/ngc_interfaces/msg/detail/gnss__type_support.c
[5.013s] -- Up-to-date: /home/alfred/shared_mac/Mekatronikk3/src/install/ngc_interfaces/include/ngc_interfaces/ngc_interfaces/msg/detail/tau__functions.c
[5.014s] -- Up-to-date: /home/alfred/shared_mac/Mekatronikk3/src/install/ngc_interfaces/include/ngc_interfaces/ngc_interfaces/msg/detail/thruster_signals__struct.h
[5.016s] -- Up-to-date: /home/alfred/shared_mac/Mekatronikk3/src/install/ngc_interfaces/include/ngc_interfaces/ngc_interfaces/msg/detail/heading_device__struct.h
[5.017s] -- Installing: /home/alfred/shared_mac/Mekatronikk3/src/install/ngc_interfaces/include/ngc_interfaces/ngc_interfaces/msg/detail/eta__type_support.c
[5.029s] -- Up-to-date: /home/alfred/shared_mac/Mekatronikk3/src/install/ngc_interfaces/include/ngc_interfaces/ngc_interfaces/msg/detail/heading_device__type_support.h
[5.043s] -- Up-to-date: /home/alfred/shared_mac/Mekatronikk3/src/install/ngc_interfaces/include/ngc_interfaces/ngc_interfaces/msg/detail/nu_dot__functions.h
[5.044s] -- Up-to-date: /home/alfred/shared_mac/Mekatronikk3/src/install/ngc_interfaces/include/ngc_interfaces/ngc_interfaces/msg/detail/wind__functions.c
[5.045s] -- Up-to-date: /home/alfred/shared_mac/Mekatronikk3/src/install/ngc_interfaces/include/ngc_interfaces/ngc_interfaces/msg/detail/nu_dot__type_support.h
[5.047s] -- Up-to-date: /home/alfred/shared_mac/Mekatronikk3/src/install/ngc_interfaces/include/ngc_interfaces/ngc_interfaces/msg/detail/gnss__struct.h
[5.054s] -- Up-to-date: /home/alfred/shared_mac/Mekatronikk3/src/install/ngc_interfaces/include/ngc_interfaces/ngc_interfaces/msg/detail/nu__struct.h
[5.077s] -- Up-to-date: /home/alfred/shared_mac/Mekatronikk3/src/install/ngc_interfaces/include/ngc_interfaces/ngc_interfaces/msg/detail/heading_device__functions.h
[5.080s] -- Up-to-date: /home/alfred/shared_mac/Mekatronikk3/src/install/ngc_interfaces/include/ngc_interfaces/ngc_interfaces/msg/detail/eta__functions.h
[5.083s] -- Up-to-date: /home/alfred/shared_mac/Mekatronikk3/src/install/ngc_interfaces/include/ngc_interfaces/ngc_interfaces/msg/detail/wind__struct.h
[5.086s] -- Up-to-date: /home/alfred/shared_mac/Mekatronikk3/src/install/ngc_interfaces/include/ngc_interfaces/ngc_interfaces/msg/detail/tau__type_support.h
[5.088s] -- Up-to-date: /home/alfred/shared_mac/Mekatronikk3/src/install/ngc_interfaces/include/ngc_interfaces/ngc_interfaces/msg/detail/eta__struct.h
[5.089s] -- Up-to-date: /home/alfred/shared_mac/Mekatronikk3/src/install/ngc_interfaces/include/ngc_interfaces/ngc_interfaces/msg/detail/nu_dot__struct.h
[5.092s] -- Installing: /home/alfred/shared_mac/Mekatronikk3/src/install/ngc_interfaces/include/ngc_interfaces/ngc_interfaces/msg/detail/thruster_signals__type_support.c
[5.094s] -- Up-to-date: /home/alfred/shared_mac/Mekatronikk3/src/install/ngc_interfaces/include/ngc_interfaces/ngc_interfaces/msg/detail/nu__functions.h
[5.096s] -- Up-to-date: /home/alfred/shared_mac/Mekatronikk3/src/install/ngc_interfaces/include/ngc_interfaces/ngc_interfaces/msg/detail/thruster_signals__functions.h
[5.097s] -- Installing: /home/alfred/shared_mac/Mekatronikk3/src/install/ngc_interfaces/include/ngc_interfaces/ngc_interfaces/msg/detail/nu__type_support.c
[5.105s] -- Up-to-date: /home/alfred/shared_mac/Mekatronikk3/src/install/ngc_interfaces/include/ngc_interfaces/ngc_interfaces/msg/detail/nu_dot__description.c
[5.107s] -- Up-to-date: /home/alfred/shared_mac/Mekatronikk3/src/install/ngc_interfaces/include/ngc_interfaces/ngc_interfaces/msg/detail/tau__functions.h
[5.109s] -- Up-to-date: /home/alfred/shared_mac/Mekatronikk3/src/install/ngc_interfaces/include/ngc_interfaces/ngc_interfaces/msg/detail/eta__description.c
[5.110s] -- Up-to-date: /home/alfred/shared_mac/Mekatronikk3/src/install/ngc_interfaces/include/ngc_interfaces/ngc_interfaces/msg/detail/gnss__type_support.h
[5.112s] -- Installing: /home/alfred/shared_mac/Mekatronikk3/src/install/ngc_interfaces/include/ngc_interfaces/ngc_interfaces/msg/detail/wind__type_support.c
[5.120s] -- Up-to-date: /home/alfred/shared_mac/Mekatronikk3/src/install/ngc_interfaces/include/ngc_interfaces/ngc_interfaces/msg/detail/gnss__functions.c
[5.122s] -- Up-to-date: /home/alfred/shared_mac/Mekatronikk3/src/install/ngc_interfaces/include/ngc_interfaces/ngc_interfaces/msg/detail/nu_dot__functions.c
[5.123s] -- Installing: /home/alfred/shared_mac/Mekatronikk3/src/install/ngc_interfaces/include/ngc_interfaces/ngc_interfaces/msg/detail/heading_device__type_support.c
[5.128s] -- Up-to-date: /home/alfred/shared_mac/Mekatronikk3/src/install/ngc_interfaces/include/ngc_interfaces/ngc_interfaces/msg/detail/gnss__description.c
[5.129s] -- Up-to-date: /home/alfred/shared_mac/Mekatronikk3/src/install/ngc_interfaces/include/ngc_interfaces/ngc_interfaces/msg/detail/thruster_signals__description.c
[5.130s] -- Up-to-date: /home/alfred/shared_mac/Mekatronikk3/src/install/ngc_interfaces/include/ngc_interfaces/ngc_interfaces/msg/detail/nu__description.c
[5.131s] -- Up-to-date: /home/alfred/shared_mac/Mekatronikk3/src/install/ngc_interfaces/include/ngc_interfaces/ngc_interfaces/msg/detail/eta__type_support.h
[5.133s] -- Installing: /home/alfred/shared_mac/Mekatronikk3/src/install/ngc_interfaces/include/ngc_interfaces/ngc_interfaces/msg/detail/tau__type_support.c
[5.144s] -- Up-to-date: /home/alfred/shared_mac/Mekatronikk3/src/install/ngc_interfaces/include/ngc_interfaces/ngc_interfaces/msg/detail/eta__functions.c
[5.146s] -- Up-to-date: /home/alfred/shared_mac/Mekatronikk3/src/install/ngc_interfaces/include/ngc_interfaces/ngc_interfaces/msg/detail/heading_device__functions.c
[5.148s] -- Up-to-date: /home/alfred/shared_mac/Mekatronikk3/src/install/ngc_interfaces/include/ngc_interfaces/ngc_interfaces/msg/detail/heading_device__description.c
[5.152s] -- Installing: /home/alfred/shared_mac/Mekatronikk3/src/install/ngc_interfaces/include/ngc_interfaces/ngc_interfaces/msg/detail/nu_dot__type_support.c
[5.157s] -- Up-to-date: /home/alfred/shared_mac/Mekatronikk3/src/install/ngc_interfaces/include/ngc_interfaces/ngc_interfaces/msg/detail/wind__functions.h
[5.161s] -- Up-to-date: /home/alfred/shared_mac/Mekatronikk3/src/install/ngc_interfaces/include/ngc_interfaces/ngc_interfaces/msg/thruster_signals.h
[5.164s] -- Up-to-date: /home/alfred/shared_mac/Mekatronikk3/src/install/ngc_interfaces/include/ngc_interfaces/ngc_interfaces/msg/nu_dot.h
[5.166s] -- Up-to-date: /home/alfred/shared_mac/Mekatronikk3/src/install/ngc_interfaces/include/ngc_interfaces/ngc_interfaces/msg/wind.h
[5.174s] -- Up-to-date: /home/alfred/shared_mac/Mekatronikk3/src/install/ngc_interfaces/include/ngc_interfaces/ngc_interfaces/msg/nu.h
[5.176s] -- Up-to-date: /home/alfred/shared_mac/Mekatronikk3/src/install/ngc_interfaces/share/ngc_interfaces/environment/library_path.sh
[5.177s] -- Up-to-date: /home/alfred/shared_mac/Mekatronikk3/src/install/ngc_interfaces/share/ngc_interfaces/environment/library_path.dsv
[5.203s] -- Up-to-date: /home/alfred/shared_mac/Mekatronikk3/src/install/ngc_interfaces/lib/libngc_interfaces__rosidl_generator_c.so
[5.217s] -- Up-to-date: /home/alfred/shared_mac/Mekatronikk3/src/install/ngc_interfaces/include/ngc_interfaces/ngc_interfaces
[5.220s] -- Up-to-date: /home/alfred/shared_mac/Mekatronikk3/src/install/ngc_interfaces/include/ngc_interfaces/ngc_interfaces/msg
[5.221s] -- Up-to-date: /home/alfred/shared_mac/Mekatronikk3/src/install/ngc_interfaces/include/ngc_interfaces/ngc_interfaces/msg/detail
[5.224s] -- Up-to-date: /home/alfred/shared_mac/Mekatronikk3/src/install/ngc_interfaces/include/ngc_interfaces/ngc_interfaces/msg/detail/heading_device__rosidl_typesupport_fastrtps_c.h
[5.226s] -- Up-to-date: /home/alfred/shared_mac/Mekatronikk3/src/install/ngc_interfaces/include/ngc_interfaces/ngc_interfaces/msg/detail/gnss__rosidl_typesupport_fastrtps_c.h
[5.227s] -- Up-to-date: /home/alfred/shared_mac/Mekatronikk3/src/install/ngc_interfaces/include/ngc_interfaces/ngc_interfaces/msg/detail/tau__rosidl_typesupport_fastrtps_c.h
[5.229s] -- Up-to-date: /home/alfred/shared_mac/Mekatronikk3/src/install/ngc_interfaces/include/ngc_interfaces/ngc_interfaces/msg/detail/nu__rosidl_typesupport_fastrtps_c.h
[5.231s] -- Up-to-date: /home/alfred/shared_mac/Mekatronikk3/src/install/ngc_interfaces/include/ngc_interfaces/ngc_interfaces/msg/detail/wind__rosidl_typesupport_fastrtps_c.h
[5.232s] -- Up-to-date: /home/alfred/shared_mac/Mekatronikk3/src/install/ngc_interfaces/include/ngc_interfaces/ngc_interfaces/msg/detail/thruster_signals__rosidl_typesupport_fastrtps_c.h
[5.234s] -- Up-to-date: /home/alfred/shared_mac/Mekatronikk3/src/install/ngc_interfaces/include/ngc_interfaces/ngc_interfaces/msg/detail/eta__rosidl_typesupport_fastrtps_c.h
[5.235s] -- Up-to-date: /home/alfred/shared_mac/Mekatronikk3/src/install/ngc_interfaces/include/ngc_interfaces/ngc_interfaces/msg/detail/nu_dot__rosidl_typesupport_fastrtps_c.h
[5.236s] -- Up-to-date: /home/alfred/shared_mac/Mekatronikk3/src/install/ngc_interfaces/include/ngc_interfaces/ngc_interfaces/msg/rosidl_typesupport_fastrtps_c__visibility_control.h
[5.249s] -- Up-to-date: /home/alfred/shared_mac/Mekatronikk3/src/install/ngc_interfaces/lib/libngc_interfaces__rosidl_typesupport_fastrtps_c.so
[5.275s] -- Up-to-date: /home/alfred/shared_mac/Mekatronikk3/src/install/ngc_interfaces/include/ngc_interfaces/ngc_interfaces
[5.276s] -- Up-to-date: /home/alfred/shared_mac/Mekatronikk3/src/install/ngc_interfaces/include/ngc_interfaces/ngc_interfaces/msg
[5.284s] -- Up-to-date: /home/alfred/shared_mac/Mekatronikk3/src/install/ngc_interfaces/include/ngc_interfaces/ngc_interfaces/msg/detail
[5.286s] -- Up-to-date: /home/alfred/shared_mac/Mekatronikk3/src/install/ngc_interfaces/include/ngc_interfaces/ngc_interfaces/msg/detail/eta__rosidl_typesupport_introspection_c.h
[5.293s] -- Up-to-date: /home/alfred/shared_mac/Mekatronikk3/src/install/ngc_interfaces/include/ngc_interfaces/ngc_interfaces/msg/detail/nu__rosidl_typesupport_introspection_c.h
[5.295s] -- Installing: /home/alfred/shared_mac/Mekatronikk3/src/install/ngc_interfaces/include/ngc_interfaces/ngc_interfaces/msg/detail/gnss__type_support.c
[5.301s] -- Up-to-date: /home/alfred/shared_mac/Mekatronikk3/src/install/ngc_interfaces/include/ngc_interfaces/ngc_interfaces/msg/detail/wind__rosidl_typesupport_introspection_c.h
[5.302s] -- Installing: /home/alfred/shared_mac/Mekatronikk3/src/install/ngc_interfaces/include/ngc_interfaces/ngc_interfaces/msg/detail/eta__type_support.c
[5.319s] -- Up-to-date: /home/alfred/shared_mac/Mekatronikk3/src/install/ngc_interfaces/include/ngc_interfaces/ngc_interfaces/msg/detail/tau__rosidl_typesupport_introspection_c.h
[5.320s] -- Up-to-date: /home/alfred/shared_mac/Mekatronikk3/src/install/ngc_interfaces/include/ngc_interfaces/ngc_interfaces/msg/detail/gnss__rosidl_typesupport_introspection_c.h
[5.323s] -- Installing: /home/alfred/shared_mac/Mekatronikk3/src/install/ngc_interfaces/include/ngc_interfaces/ngc_interfaces/msg/detail/thruster_signals__type_support.c
[5.331s] -- Installing: /home/alfred/shared_mac/Mekatronikk3/src/install/ngc_interfaces/include/ngc_interfaces/ngc_interfaces/msg/detail/nu__type_support.c
[5.343s] -- Up-to-date: /home/alfred/shared_mac/Mekatronikk3/src/install/ngc_interfaces/include/ngc_interfaces/ngc_interfaces/msg/detail/heading_device__rosidl_typesupport_introspection_c.h
[5.345s] -- Installing: /home/alfred/shared_mac/Mekatronikk3/src/install/ngc_interfaces/include/ngc_interfaces/ngc_interfaces/msg/detail/wind__type_support.c
[5.370s] -- Installing: /home/alfred/shared_mac/Mekatronikk3/src/install/ngc_interfaces/include/ngc_interfaces/ngc_interfaces/msg/detail/heading_device__type_support.c
[5.379s] -- Up-to-date: /home/alfred/shared_mac/Mekatronikk3/src/install/ngc_interfaces/include/ngc_interfaces/ngc_interfaces/msg/detail/thruster_signals__rosidl_typesupport_introspection_c.h
[5.381s] -- Installing: /home/alfred/shared_mac/Mekatronikk3/src/install/ngc_interfaces/include/ngc_interfaces/ngc_interfaces/msg/detail/tau__type_support.c
[5.390s] -- Up-to-date: /home/alfred/shared_mac/Mekatronikk3/src/install/ngc_interfaces/include/ngc_interfaces/ngc_interfaces/msg/detail/nu_dot__rosidl_typesupport_introspection_c.h
[5.391s] -- Installing: /home/alfred/shared_mac/Mekatronikk3/src/install/ngc_interfaces/include/ngc_interfaces/ngc_interfaces/msg/detail/nu_dot__type_support.c
[5.398s] -- Up-to-date: /home/alfred/shared_mac/Mekatronikk3/src/install/ngc_interfaces/include/ngc_interfaces/ngc_interfaces/msg/rosidl_typesupport_introspection_c__visibility_control.h
[5.405s] -- Up-to-date: /home/alfred/shared_mac/Mekatronikk3/src/install/ngc_interfaces/lib/libngc_interfaces__rosidl_typesupport_introspection_c.so
[5.428s] -- Up-to-date: /home/alfred/shared_mac/Mekatronikk3/src/install/ngc_interfaces/lib/libngc_interfaces__rosidl_typesupport_c.so
[5.436s] -- Up-to-date: /home/alfred/shared_mac/Mekatronikk3/src/install/ngc_interfaces/include/ngc_interfaces/ngc_interfaces
[5.436s] -- Up-to-date: /home/alfred/shared_mac/Mekatronikk3/src/install/ngc_interfaces/include/ngc_interfaces/ngc_interfaces/msg
[5.438s] -- Up-to-date: /home/alfred/shared_mac/Mekatronikk3/src/install/ngc_interfaces/include/ngc_interfaces/ngc_interfaces/msg/heading_device.hpp
[5.439s] -- Up-to-date: /home/alfred/shared_mac/Mekatronikk3/src/install/ngc_interfaces/include/ngc_interfaces/ngc_interfaces/msg/thruster_signals.hpp
[5.450s] -- Up-to-date: /home/alfred/shared_mac/Mekatronikk3/src/install/ngc_interfaces/include/ngc_interfaces/ngc_interfaces/msg/nu_dot.hpp
[5.451s] -- Up-to-date: /home/alfred/shared_mac/Mekatronikk3/src/install/ngc_interfaces/include/ngc_interfaces/ngc_interfaces/msg/wind.hpp
[5.464s] -- Up-to-date: /home/alfred/shared_mac/Mekatronikk3/src/install/ngc_interfaces/include/ngc_interfaces/ngc_interfaces/msg/tau.hpp
[5.465s] -- Up-to-date: /home/alfred/shared_mac/Mekatronikk3/src/install/ngc_interfaces/include/ngc_interfaces/ngc_interfaces/msg/detail
[5.470s] -- Up-to-date: /home/alfred/shared_mac/Mekatronikk3/src/install/ngc_interfaces/include/ngc_interfaces/ngc_interfaces/msg/detail/wind__builder.hpp
[5.471s] -- Up-to-date: /home/alfred/shared_mac/Mekatronikk3/src/install/ngc_interfaces/include/ngc_interfaces/ngc_interfaces/msg/detail/tau__type_support.hpp
[5.473s] -- Up-to-date: /home/alfred/shared_mac/Mekatronikk3/src/install/ngc_interfaces/include/ngc_interfaces/ngc_interfaces/msg/detail/nu__type_support.hpp
[5.475s] -- Up-to-date: /home/alfred/shared_mac/Mekatronikk3/src/install/ngc_interfaces/include/ngc_interfaces/ngc_interfaces/msg/detail/thruster_signals__traits.hpp
[5.476s] -- Up-to-date: /home/alfred/shared_mac/Mekatronikk3/src/install/ngc_interfaces/include/ngc_interfaces/ngc_interfaces/msg/detail/gnss__struct.hpp
[5.477s] -- Up-to-date: /home/alfred/shared_mac/Mekatronikk3/src/install/ngc_interfaces/include/ngc_interfaces/ngc_interfaces/msg/detail/nu__struct.hpp
[5.478s] -- Up-to-date: /home/alfred/shared_mac/Mekatronikk3/src/install/ngc_interfaces/include/ngc_interfaces/ngc_interfaces/msg/detail/heading_device__struct.hpp
[5.479s] -- Up-to-date: /home/alfred/shared_mac/Mekatronikk3/src/install/ngc_interfaces/include/ngc_interfaces/ngc_interfaces/msg/detail/thruster_signals__type_support.hpp
[5.482s] -- Up-to-date: /home/alfred/shared_mac/Mekatronikk3/src/install/ngc_interfaces/include/ngc_interfaces/ngc_interfaces/msg/detail/nu_dot__type_support.hpp
[5.483s] -- Up-to-date: /home/alfred/shared_mac/Mekatronikk3/src/install/ngc_interfaces/include/ngc_interfaces/ngc_interfaces/msg/detail/eta__type_support.hpp
[5.483s] -- Up-to-date: /home/alfred/shared_mac/Mekatronikk3/src/install/ngc_interfaces/include/ngc_interfaces/ngc_interfaces/msg/detail/wind__traits.hpp
[5.484s] -- Up-to-date: /home/alfred/shared_mac/Mekatronikk3/src/install/ngc_interfaces/include/ngc_interfaces/ngc_interfaces/msg/detail/tau__builder.hpp
[5.486s] -- Up-to-date: /home/alfred/shared_mac/Mekatronikk3/src/install/ngc_interfaces/include/ngc_interfaces/ngc_interfaces/msg/detail/eta__struct.hpp
[5.487s] -- Up-to-date: /home/alfred/shared_mac/Mekatronikk3/src/install/ngc_interfaces/include/ngc_interfaces/ngc_interfaces/msg/detail/nu_dot__struct.hpp
[5.489s] -- Up-to-date: /home/alfred/shared_mac/Mekatronikk3/src/install/ngc_interfaces/include/ngc_interfaces/ngc_interfaces/msg/detail/tau__traits.hpp
[5.490s] -- Up-to-date: /home/alfred/shared_mac/Mekatronikk3/src/install/ngc_interfaces/include/ngc_interfaces/ngc_interfaces/msg/detail/thruster_signals__builder.hpp
[5.491s] -- Up-to-date: /home/alfred/shared_mac/Mekatronikk3/src/install/ngc_interfaces/include/ngc_interfaces/ngc_interfaces/msg/detail/nu__builder.hpp
[5.492s] -- Up-to-date: /home/alfred/shared_mac/Mekatronikk3/src/install/ngc_interfaces/include/ngc_interfaces/ngc_interfaces/msg/detail/nu__traits.hpp
[5.492s] -- Up-to-date: /home/alfred/shared_mac/Mekatronikk3/src/install/ngc_interfaces/include/ngc_interfaces/ngc_interfaces/msg/detail/gnss__traits.hpp
[5.495s] -- Up-to-date: /home/alfred/shared_mac/Mekatronikk3/src/install/ngc_interfaces/include/ngc_interfaces/ngc_interfaces/msg/detail/heading_device__builder.hpp
[5.496s] -- Up-to-date: /home/alfred/shared_mac/Mekatronikk3/src/install/ngc_interfaces/include/ngc_interfaces/ngc_interfaces/msg/detail/eta__builder.hpp
[5.497s] -- Up-to-date: /home/alfred/shared_mac/Mekatronikk3/src/install/ngc_interfaces/include/ngc_interfaces/ngc_interfaces/msg/detail/thruster_signals__struct.hpp
[5.498s] -- Up-to-date: /home/alfred/shared_mac/Mekatronikk3/src/install/ngc_interfaces/include/ngc_interfaces/ngc_interfaces/msg/detail/wind__type_support.hpp
[5.498s] -- Up-to-date: /home/alfred/shared_mac/Mekatronikk3/src/install/ngc_interfaces/include/ngc_interfaces/ngc_interfaces/msg/detail/nu_dot__builder.hpp
[5.499s] -- Up-to-date: /home/alfred/shared_mac/Mekatronikk3/src/install/ngc_interfaces/include/ngc_interfaces/ngc_interfaces/msg/detail/heading_device__traits.hpp
[5.500s] -- Up-to-date: /home/alfred/shared_mac/Mekatronikk3/src/install/ngc_interfaces/include/ngc_interfaces/ngc_interfaces/msg/detail/gnss__type_support.hpp
[5.501s] -- Up-to-date: /home/alfred/shared_mac/Mekatronikk3/src/install/ngc_interfaces/include/ngc_interfaces/ngc_interfaces/msg/detail/eta__traits.hpp
[5.503s] -- Up-to-date: /home/alfred/shared_mac/Mekatronikk3/src/install/ngc_interfaces/include/ngc_interfaces/ngc_interfaces/msg/detail/nu_dot__traits.hpp
[5.504s] -- Up-to-date: /home/alfred/shared_mac/Mekatronikk3/src/install/ngc_interfaces/include/ngc_interfaces/ngc_interfaces/msg/detail/heading_device__type_support.hpp
[5.506s] -- Up-to-date: /home/alfred/shared_mac/Mekatronikk3/src/install/ngc_interfaces/include/ngc_interfaces/ngc_interfaces/msg/detail/wind__struct.hpp
[5.507s] -- Up-to-date: /home/alfred/shared_mac/Mekatronikk3/src/install/ngc_interfaces/include/ngc_interfaces/ngc_interfaces/msg/detail/gnss__builder.hpp
[5.509s] -- Up-to-date: /home/alfred/shared_mac/Mekatronikk3/src/install/ngc_interfaces/include/ngc_interfaces/ngc_interfaces/msg/detail/tau__struct.hpp
[5.511s] -- Up-to-date: /home/alfred/shared_mac/Mekatronikk3/src/install/ngc_interfaces/include/ngc_interfaces/ngc_interfaces/msg/rosidl_generator_cpp__visibility_control.hpp
[5.512s] -- Up-to-date: /home/alfred/shared_mac/Mekatronikk3/src/install/ngc_interfaces/include/ngc_interfaces/ngc_interfaces/msg/eta.hpp
[5.514s] -- Up-to-date: /home/alfred/shared_mac/Mekatronikk3/src/install/ngc_interfaces/include/ngc_interfaces/ngc_interfaces/msg/nu.hpp
[5.515s] -- Up-to-date: /home/alfred/shared_mac/Mekatronikk3/src/install/ngc_interfaces/include/ngc_interfaces/ngc_interfaces/msg/gnss.hpp
[5.516s] -- Up-to-date: /home/alfred/shared_mac/Mekatronikk3/src/install/ngc_interfaces/include/ngc_interfaces/ngc_interfaces
[5.519s] -- Up-to-date: /home/alfred/shared_mac/Mekatronikk3/src/install/ngc_interfaces/include/ngc_interfaces/ngc_interfaces/msg
[5.522s] -- Up-to-date: /home/alfred/shared_mac/Mekatronikk3/src/install/ngc_interfaces/include/ngc_interfaces/ngc_interfaces/msg/rosidl_typesupport_fastrtps_cpp__visibility_control.h
[5.523s] -- Up-to-date: /home/alfred/shared_mac/Mekatronikk3/src/install/ngc_interfaces/include/ngc_interfaces/ngc_interfaces/msg/detail
[5.525s] -- Up-to-date: /home/alfred/shared_mac/Mekatronikk3/src/install/ngc_interfaces/include/ngc_interfaces/ngc_interfaces/msg/detail/wind__rosidl_typesupport_fastrtps_cpp.hpp
[5.526s] -- Up-to-date: /home/alfred/shared_mac/Mekatronikk3/src/install/ngc_interfaces/include/ngc_interfaces/ngc_interfaces/msg/detail/nu__rosidl_typesupport_fastrtps_cpp.hpp
[5.527s] -- Up-to-date: /home/alfred/shared_mac/Mekatronikk3/src/install/ngc_interfaces/include/ngc_interfaces/ngc_interfaces/msg/detail/heading_device__rosidl_typesupport_fastrtps_cpp.hpp
[5.529s] -- Up-to-date: /home/alfred/shared_mac/Mekatronikk3/src/install/ngc_interfaces/include/ngc_interfaces/ngc_interfaces/msg/detail/nu_dot__rosidl_typesupport_fastrtps_cpp.hpp
[5.530s] -- Up-to-date: /home/alfred/shared_mac/Mekatronikk3/src/install/ngc_interfaces/include/ngc_interfaces/ngc_interfaces/msg/detail/eta__rosidl_typesupport_fastrtps_cpp.hpp
[5.531s] -- Up-to-date: /home/alfred/shared_mac/Mekatronikk3/src/install/ngc_interfaces/include/ngc_interfaces/ngc_interfaces/msg/detail/thruster_signals__rosidl_typesupport_fastrtps_cpp.hpp
[5.532s] -- Up-to-date: /home/alfred/shared_mac/Mekatronikk3/src/install/ngc_interfaces/include/ngc_interfaces/ngc_interfaces/msg/detail/dds_fastrtps
[5.534s] -- Up-to-date: /home/alfred/shared_mac/Mekatronikk3/src/install/ngc_interfaces/include/ngc_interfaces/ngc_interfaces/msg/detail/tau__rosidl_typesupport_fastrtps_cpp.hpp
[5.535s] -- Up-to-date: /home/alfred/shared_mac/Mekatronikk3/src/install/ngc_interfaces/include/ngc_interfaces/ngc_interfaces/msg/detail/gnss__rosidl_typesupport_fastrtps_cpp.hpp
[5.542s] -- Up-to-date: /home/alfred/shared_mac/Mekatronikk3/src/install/ngc_interfaces/lib/libngc_interfaces__rosidl_typesupport_fastrtps_cpp.so
[5.574s] -- Up-to-date: /home/alfred/shared_mac/Mekatronikk3/src/install/ngc_interfaces/include/ngc_interfaces/ngc_interfaces
[5.581s] -- Up-to-date: /home/alfred/shared_mac/Mekatronikk3/src/install/ngc_interfaces/include/ngc_interfaces/ngc_interfaces/msg
[5.583s] -- Up-to-date: /home/alfred/shared_mac/Mekatronikk3/src/install/ngc_interfaces/include/ngc_interfaces/ngc_interfaces/msg/detail
[5.585s] -- Up-to-date: /home/alfred/shared_mac/Mekatronikk3/src/install/ngc_interfaces/include/ngc_interfaces/ngc_interfaces/msg/detail/gnss__rosidl_typesupport_introspection_cpp.hpp
[5.587s] -- Up-to-date: /home/alfred/shared_mac/Mekatronikk3/src/install/ngc_interfaces/include/ngc_interfaces/ngc_interfaces/msg/detail/heading_device__type_support.cpp
[5.588s] -- Up-to-date: /home/alfred/shared_mac/Mekatronikk3/src/install/ngc_interfaces/include/ngc_interfaces/ngc_interfaces/msg/detail/eta__rosidl_typesupport_introspection_cpp.hpp
[5.590s] -- Up-to-date: /home/alfred/shared_mac/Mekatronikk3/src/install/ngc_interfaces/include/ngc_interfaces/ngc_interfaces/msg/detail/thruster_signals__rosidl_typesupport_introspection_cpp.hpp
[5.595s] -- Up-to-date: /home/alfred/shared_mac/Mekatronikk3/src/install/ngc_interfaces/include/ngc_interfaces/ngc_interfaces/msg/detail/tau__rosidl_typesupport_introspection_cpp.hpp
[5.597s] -- Up-to-date: /home/alfred/shared_mac/Mekatronikk3/src/install/ngc_interfaces/include/ngc_interfaces/ngc_interfaces/msg/detail/wind__rosidl_typesupport_introspection_cpp.hpp
[5.600s] -- Up-to-date: /home/alfred/shared_mac/Mekatronikk3/src/install/ngc_interfaces/include/ngc_interfaces/ngc_interfaces/msg/detail/wind__type_support.cpp
[5.603s] -- Up-to-date: /home/alfred/shared_mac/Mekatronikk3/src/install/ngc_interfaces/include/ngc_interfaces/ngc_interfaces/msg/detail/nu__rosidl_typesupport_introspection_cpp.hpp
[5.605s] -- Up-to-date: /home/alfred/shared_mac/Mekatronikk3/src/install/ngc_interfaces/include/ngc_interfaces/ngc_interfaces/msg/detail/gnss__type_support.cpp
[5.607s] -- Up-to-date: /home/alfred/shared_mac/Mekatronikk3/src/install/ngc_interfaces/include/ngc_interfaces/ngc_interfaces/msg/detail/nu_dot__type_support.cpp
[5.611s] -- Up-to-date: /home/alfred/shared_mac/Mekatronikk3/src/install/ngc_interfaces/include/ngc_interfaces/ngc_interfaces/msg/detail/eta__type_support.cpp
[5.612s] -- Up-to-date: /home/alfred/shared_mac/Mekatronikk3/src/install/ngc_interfaces/include/ngc_interfaces/ngc_interfaces/msg/detail/heading_device__rosidl_typesupport_introspection_cpp.hpp
[5.614s] -- Up-to-date: /home/alfred/shared_mac/Mekatronikk3/src/install/ngc_interfaces/include/ngc_interfaces/ngc_interfaces/msg/detail/nu__type_support.cpp
[5.616s] -- Up-to-date: /home/alfred/shared_mac/Mekatronikk3/src/install/ngc_interfaces/include/ngc_interfaces/ngc_interfaces/msg/detail/tau__type_support.cpp
[5.618s] -- Up-to-date: /home/alfred/shared_mac/Mekatronikk3/src/install/ngc_interfaces/include/ngc_interfaces/ngc_interfaces/msg/detail/thruster_signals__type_support.cpp
[5.619s] -- Up-to-date: /home/alfred/shared_mac/Mekatronikk3/src/install/ngc_interfaces/include/ngc_interfaces/ngc_interfaces/msg/detail/nu_dot__rosidl_typesupport_introspection_cpp.hpp
[5.630s] -- Up-to-date: /home/alfred/shared_mac/Mekatronikk3/src/install/ngc_interfaces/lib/libngc_interfaces__rosidl_typesupport_introspection_cpp.so
[5.676s] -- Up-to-date: /home/alfred/shared_mac/Mekatronikk3/src/install/ngc_interfaces/lib/libngc_interfaces__rosidl_typesupport_cpp.so
[5.696s] -- Up-to-date: /home/alfred/shared_mac/Mekatronikk3/src/install/ngc_interfaces/share/ngc_interfaces/environment/pythonpath.sh
[5.698s] -- Up-to-date: /home/alfred/shared_mac/Mekatronikk3/src/install/ngc_interfaces/share/ngc_interfaces/environment/pythonpath.dsv
[5.699s] -- Up-to-date: /home/alfred/shared_mac/Mekatronikk3/src/install/ngc_interfaces/lib/python3.12/site-packages/ngc_interfaces-0.0.0-py3.12.egg-info
[5.700s] -- Installing: /home/alfred/shared_mac/Mekatronikk3/src/install/ngc_interfaces/lib/python3.12/site-packages/ngc_interfaces-0.0.0-py3.12.egg-info/PKG-INFO
[5.707s] -- Installing: /home/alfred/shared_mac/Mekatronikk3/src/install/ngc_interfaces/lib/python3.12/site-packages/ngc_interfaces-0.0.0-py3.12.egg-info/SOURCES.txt
[5.716s] -- Installing: /home/alfred/shared_mac/Mekatronikk3/src/install/ngc_interfaces/lib/python3.12/site-packages/ngc_interfaces-0.0.0-py3.12.egg-info/top_level.txt
[5.720s] -- Installing: /home/alfred/shared_mac/Mekatronikk3/src/install/ngc_interfaces/lib/python3.12/site-packages/ngc_interfaces-0.0.0-py3.12.egg-info/dependency_links.txt
[5.727s] -- Up-to-date: /home/alfred/shared_mac/Mekatronikk3/src/install/ngc_interfaces/lib/python3.12/site-packages/ngc_interfaces
[5.728s] -- Up-to-date: /home/alfred/shared_mac/Mekatronikk3/src/install/ngc_interfaces/lib/python3.12/site-packages/ngc_interfaces/ngc_interfaces_s__rosidl_typesupport_fastrtps_c.so
[5.729s] -- Up-to-date: /home/alfred/shared_mac/Mekatronikk3/src/install/ngc_interfaces/lib/python3.12/site-packages/ngc_interfaces/msg
[5.731s] -- Up-to-date: /home/alfred/shared_mac/Mekatronikk3/src/install/ngc_interfaces/lib/python3.12/site-packages/ngc_interfaces/msg/_heading_device_s.c
[5.731s] -- Up-to-date: /home/alfred/shared_mac/Mekatronikk3/src/install/ngc_interfaces/lib/python3.12/site-packages/ngc_interfaces/msg/_thruster_signals_s.c
[5.732s] -- Up-to-date: /home/alfred/shared_mac/Mekatronikk3/src/install/ngc_interfaces/lib/python3.12/site-packages/ngc_interfaces/msg/_wind_s.c
[5.734s] -- Up-to-date: /home/alfred/shared_mac/Mekatronikk3/src/install/ngc_interfaces/lib/python3.12/site-packages/ngc_interfaces/msg/_nu_s.c
[5.735s] -- Up-to-date: /home/alfred/shared_mac/Mekatronikk3/src/install/ngc_interfaces/lib/python3.12/site-packages/ngc_interfaces/msg/_nu_dot.py
[5.738s] -- Up-to-date: /home/alfred/shared_mac/Mekatronikk3/src/install/ngc_interfaces/lib/python3.12/site-packages/ngc_interfaces/msg/__init__.py
[5.741s] -- Up-to-date: /home/alfred/shared_mac/Mekatronikk3/src/install/ngc_interfaces/lib/python3.12/site-packages/ngc_interfaces/msg/_nu_dot_s.c
[5.747s] -- Up-to-date: /home/alfred/shared_mac/Mekatronikk3/src/install/ngc_interfaces/lib/python3.12/site-packages/ngc_interfaces/msg/_eta.py
[5.751s] -- Up-to-date: /home/alfred/shared_mac/Mekatronikk3/src/install/ngc_interfaces/lib/python3.12/site-packages/ngc_interfaces/msg/_tau.py
[5.762s] -- Up-to-date: /home/alfred/shared_mac/Mekatronikk3/src/install/ngc_interfaces/lib/python3.12/site-packages/ngc_interfaces/msg/_eta_s.c
[5.765s] -- Up-to-date: /home/alfred/shared_mac/Mekatronikk3/src/install/ngc_interfaces/lib/python3.12/site-packages/ngc_interfaces/msg/_wind.py
[5.765s] -- Up-to-date: /home/alfred/shared_mac/Mekatronikk3/src/install/ngc_interfaces/lib/python3.12/site-packages/ngc_interfaces/msg/_heading_device.py
[5.771s] -- Up-to-date: /home/alfred/shared_mac/Mekatronikk3/src/install/ngc_interfaces/lib/python3.12/site-packages/ngc_interfaces/msg/_thruster_signals.py
[5.772s] -- Up-to-date: /home/alfred/shared_mac/Mekatronikk3/src/install/ngc_interfaces/lib/python3.12/site-packages/ngc_interfaces/msg/_gnss_s.c
[5.775s] -- Up-to-date: /home/alfred/shared_mac/Mekatronikk3/src/install/ngc_interfaces/lib/python3.12/site-packages/ngc_interfaces/msg/_tau_s.c
[5.775s] -- Up-to-date: /home/alfred/shared_mac/Mekatronikk3/src/install/ngc_interfaces/lib/python3.12/site-packages/ngc_interfaces/msg/_nu.py
[5.776s] -- Up-to-date: /home/alfred/shared_mac/Mekatronikk3/src/install/ngc_interfaces/lib/python3.12/site-packages/ngc_interfaces/msg/_gnss.py
[5.781s] -- Up-to-date: /home/alfred/shared_mac/Mekatronikk3/src/install/ngc_interfaces/lib/python3.12/site-packages/ngc_interfaces/__init__.py
[5.782s] -- Up-to-date: /home/alfred/shared_mac/Mekatronikk3/src/install/ngc_interfaces/lib/python3.12/site-packages/ngc_interfaces/_ngc_interfaces_s.ep.rosidl_typesupport_fastrtps_c.c
[5.782s] -- Up-to-date: /home/alfred/shared_mac/Mekatronikk3/src/install/ngc_interfaces/lib/python3.12/site-packages/ngc_interfaces/ngc_interfaces_s__rosidl_typesupport_c.so
[5.786s] -- Up-to-date: /home/alfred/shared_mac/Mekatronikk3/src/install/ngc_interfaces/lib/python3.12/site-packages/ngc_interfaces/_ngc_interfaces_s.ep.rosidl_typesupport_introspection_c.c
[5.787s] -- Up-to-date: /home/alfred/shared_mac/Mekatronikk3/src/install/ngc_interfaces/lib/python3.12/site-packages/ngc_interfaces/ngc_interfaces_s__rosidl_typesupport_introspection_c.so
[5.788s] -- Up-to-date: /home/alfred/shared_mac/Mekatronikk3/src/install/ngc_interfaces/lib/python3.12/site-packages/ngc_interfaces/_ngc_interfaces_s.ep.rosidl_typesupport_c.c
[5.903s] Listing '/home/alfred/shared_mac/Mekatronikk3/src/install/ngc_interfaces/lib/python3.12/site-packages/ngc_interfaces'...
[5.903s] Listing '/home/alfred/shared_mac/Mekatronikk3/src/install/ngc_interfaces/lib/python3.12/site-packages/ngc_interfaces/msg'...
[5.917s] -- Up-to-date: /home/alfred/shared_mac/Mekatronikk3/src/install/ngc_interfaces/lib/python3.12/site-packages/ngc_interfaces/ngc_interfaces_s__rosidl_typesupport_fastrtps_c.so
[5.929s] -- Up-to-date: /home/alfred/shared_mac/Mekatronikk3/src/install/ngc_interfaces/lib/python3.12/site-packages/ngc_interfaces/ngc_interfaces_s__rosidl_typesupport_introspection_c.so
[5.937s] -- Up-to-date: /home/alfred/shared_mac/Mekatronikk3/src/install/ngc_interfaces/lib/python3.12/site-packages/ngc_interfaces/ngc_interfaces_s__rosidl_typesupport_c.so
[5.951s] -- Up-to-date: /home/alfred/shared_mac/Mekatronikk3/src/install/ngc_interfaces/lib/libngc_interfaces__rosidl_generator_py.so
[5.964s] -- Up-to-date: /home/alfred/shared_mac/Mekatronikk3/src/install/ngc_interfaces/share/ngc_interfaces/msg/Eta.idl
[5.966s] -- Up-to-date: /home/alfred/shared_mac/Mekatronikk3/src/install/ngc_interfaces/share/ngc_interfaces/msg/Nu.idl
[5.969s] -- Up-to-date: /home/alfred/shared_mac/Mekatronikk3/src/install/ngc_interfaces/share/ngc_interfaces/msg/NuDot.idl
[5.973s] -- Up-to-date: /home/alfred/shared_mac/Mekatronikk3/src/install/ngc_interfaces/share/ngc_interfaces/msg/Tau.idl
[5.974s] -- Up-to-date: /home/alfred/shared_mac/Mekatronikk3/src/install/ngc_interfaces/share/ngc_interfaces/msg/Wind.idl
[5.984s] -- Up-to-date: /home/alfred/shared_mac/Mekatronikk3/src/install/ngc_interfaces/share/ngc_interfaces/msg/ThrusterSignals.idl
[5.985s] -- Up-to-date: /home/alfred/shared_mac/Mekatronikk3/src/install/ngc_interfaces/share/ngc_interfaces/msg/GNSS.idl
[5.986s] -- Up-to-date: /home/alfred/shared_mac/Mekatronikk3/src/install/ngc_interfaces/share/ngc_interfaces/msg/HeadingDevice.idl
[5.994s] -- Up-to-date: /home/alfred/shared_mac/Mekatronikk3/src/install/ngc_interfaces/share/ngc_interfaces/msg/Eta.msg
[6.010s] -- Up-to-date: /home/alfred/shared_mac/Mekatronikk3/src/install/ngc_interfaces/share/ngc_interfaces/msg/Nu.msg
[6.013s] -- Up-to-date: /home/alfred/shared_mac/Mekatronikk3/src/install/ngc_interfaces/share/ngc_interfaces/msg/NuDot.msg
[6.014s] -- Up-to-date: /home/alfred/shared_mac/Mekatronikk3/src/install/ngc_interfaces/share/ngc_interfaces/msg/Tau.msg
[6.014s] -- Up-to-date: /home/alfred/shared_mac/Mekatronikk3/src/install/ngc_interfaces/share/ngc_interfaces/msg/Wind.msg
[6.015s] -- Up-to-date: /home/alfred/shared_mac/Mekatronikk3/src/install/ngc_interfaces/share/ngc_interfaces/msg/ThrusterSignals.msg
[6.021s] -- Up-to-date: /home/alfred/shared_mac/Mekatronikk3/src/install/ngc_interfaces/share/ngc_interfaces/msg/GNSS.msg
[6.024s] -- Up-to-date: /home/alfred/shared_mac/Mekatronikk3/src/install/ngc_interfaces/share/ngc_interfaces/msg/HeadingDevice.msg
[6.028s] -- Up-to-date: /home/alfred/shared_mac/Mekatronikk3/src/install/ngc_interfaces/share/ament_index/resource_index/package_run_dependencies/ngc_interfaces
[6.032s] -- Up-to-date: /home/alfred/shared_mac/Mekatronikk3/src/install/ngc_interfaces/share/ament_index/resource_index/parent_prefix_path/ngc_interfaces
[6.034s] -- Up-to-date: /home/alfred/shared_mac/Mekatronikk3/src/install/ngc_interfaces/share/ngc_interfaces/environment/ament_prefix_path.sh
[6.036s] -- Up-to-date: /home/alfred/shared_mac/Mekatronikk3/src/install/ngc_interfaces/share/ngc_interfaces/environment/ament_prefix_path.dsv
[6.038s] -- Up-to-date: /home/alfred/shared_mac/Mekatronikk3/src/install/ngc_interfaces/share/ngc_interfaces/environment/path.sh
[6.040s] -- Up-to-date: /home/alfred/shared_mac/Mekatronikk3/src/install/ngc_interfaces/share/ngc_interfaces/environment/path.dsv
[6.042s] -- Up-to-date: /home/alfred/shared_mac/Mekatronikk3/src/install/ngc_interfaces/share/ngc_interfaces/local_setup.bash
[6.044s] -- Up-to-date: /home/alfred/shared_mac/Mekatronikk3/src/install/ngc_interfaces/share/ngc_interfaces/local_setup.sh
[6.046s] -- Up-to-date: /home/alfred/shared_mac/Mekatronikk3/src/install/ngc_interfaces/share/ngc_interfaces/local_setup.zsh
[6.049s] -- Up-to-date: /home/alfred/shared_mac/Mekatronikk3/src/install/ngc_interfaces/share/ngc_interfaces/local_setup.dsv
[6.051s] -- Installing: /home/alfred/shared_mac/Mekatronikk3/src/install/ngc_interfaces/share/ngc_interfaces/package.dsv
[6.069s] -- Up-to-date: /home/alfred/shared_mac/Mekatronikk3/src/install/ngc_interfaces/share/ament_index/resource_index/packages/ngc_interfaces
[6.080s] -- Up-to-date: /home/alfred/shared_mac/Mekatronikk3/src/install/ngc_interfaces/share/ngc_interfaces/cmake/export_ngc_interfaces__rosidl_generator_cExport.cmake
[6.083s] -- Up-to-date: /home/alfred/shared_mac/Mekatronikk3/src/install/ngc_interfaces/share/ngc_interfaces/cmake/export_ngc_interfaces__rosidl_generator_cExport-noconfig.cmake
[6.092s] -- Up-to-date: /home/alfred/shared_mac/Mekatronikk3/src/install/ngc_interfaces/share/ngc_interfaces/cmake/export_ngc_interfaces__rosidl_typesupport_fastrtps_cExport.cmake
[6.094s] -- Up-to-date: /home/alfred/shared_mac/Mekatronikk3/src/install/ngc_interfaces/share/ngc_interfaces/cmake/export_ngc_interfaces__rosidl_typesupport_fastrtps_cExport-noconfig.cmake
[6.097s] -- Up-to-date: /home/alfred/shared_mac/Mekatronikk3/src/install/ngc_interfaces/share/ngc_interfaces/cmake/ngc_interfaces__rosidl_typesupport_introspection_cExport.cmake
[6.103s] -- Up-to-date: /home/alfred/shared_mac/Mekatronikk3/src/install/ngc_interfaces/share/ngc_interfaces/cmake/ngc_interfaces__rosidl_typesupport_introspection_cExport-noconfig.cmake
[6.110s] -- Up-to-date: /home/alfred/shared_mac/Mekatronikk3/src/install/ngc_interfaces/share/ngc_interfaces/cmake/ngc_interfaces__rosidl_typesupport_cExport.cmake
[6.111s] -- Up-to-date: /home/alfred/shared_mac/Mekatronikk3/src/install/ngc_interfaces/share/ngc_interfaces/cmake/ngc_interfaces__rosidl_typesupport_cExport-noconfig.cmake
[6.116s] -- Up-to-date: /home/alfred/shared_mac/Mekatronikk3/src/install/ngc_interfaces/share/ngc_interfaces/cmake/export_ngc_interfaces__rosidl_generator_cppExport.cmake
[6.122s] -- Up-to-date: /home/alfred/shared_mac/Mekatronikk3/src/install/ngc_interfaces/share/ngc_interfaces/cmake/export_ngc_interfaces__rosidl_typesupport_fastrtps_cppExport.cmake
[6.125s] -- Up-to-date: /home/alfred/shared_mac/Mekatronikk3/src/install/ngc_interfaces/share/ngc_interfaces/cmake/export_ngc_interfaces__rosidl_typesupport_fastrtps_cppExport-noconfig.cmake
[6.128s] -- Up-to-date: /home/alfred/shared_mac/Mekatronikk3/src/install/ngc_interfaces/share/ngc_interfaces/cmake/ngc_interfaces__rosidl_typesupport_introspection_cppExport.cmake
[6.129s] -- Up-to-date: /home/alfred/shared_mac/Mekatronikk3/src/install/ngc_interfaces/share/ngc_interfaces/cmake/ngc_interfaces__rosidl_typesupport_introspection_cppExport-noconfig.cmake
[6.133s] -- Up-to-date: /home/alfred/shared_mac/Mekatronikk3/src/install/ngc_interfaces/share/ngc_interfaces/cmake/ngc_interfaces__rosidl_typesupport_cppExport.cmake
[6.135s] -- Up-to-date: /home/alfred/shared_mac/Mekatronikk3/src/install/ngc_interfaces/share/ngc_interfaces/cmake/ngc_interfaces__rosidl_typesupport_cppExport-noconfig.cmake
[6.137s] -- Up-to-date: /home/alfred/shared_mac/Mekatronikk3/src/install/ngc_interfaces/share/ngc_interfaces/cmake/export_ngc_interfaces__rosidl_generator_pyExport.cmake
[6.139s] -- Up-to-date: /home/alfred/shared_mac/Mekatronikk3/src/install/ngc_interfaces/share/ngc_interfaces/cmake/export_ngc_interfaces__rosidl_generator_pyExport-noconfig.cmake
[6.141s] -- Up-to-date: /home/alfred/shared_mac/Mekatronikk3/src/install/ngc_interfaces/share/ngc_interfaces/cmake/rosidl_cmake-extras.cmake
[6.143s] -- Up-to-date: /home/alfred/shared_mac/Mekatronikk3/src/install/ngc_interfaces/share/ngc_interfaces/cmake/ament_cmake_export_include_directories-extras.cmake
[6.144s] -- Up-to-date: /home/alfred/shared_mac/Mekatronikk3/src/install/ngc_interfaces/share/ngc_interfaces/cmake/ament_cmake_export_libraries-extras.cmake
[6.146s] -- Up-to-date: /home/alfred/shared_mac/Mekatronikk3/src/install/ngc_interfaces/share/ngc_interfaces/cmake/ament_cmake_export_targets-extras.cmake
[6.148s] -- Up-to-date: /home/alfred/shared_mac/Mekatronikk3/src/install/ngc_interfaces/share/ngc_interfaces/cmake/rosidl_cmake_export_typesupport_targets-extras.cmake
[6.150s] -- Up-to-date: /home/alfred/shared_mac/Mekatronikk3/src/install/ngc_interfaces/share/ngc_interfaces/cmake/ament_cmake_export_dependencies-extras.cmake
[6.154s] -- Up-to-date: /home/alfred/shared_mac/Mekatronikk3/src/install/ngc_interfaces/share/ngc_interfaces/cmake/rosidl_cmake_export_typesupport_libraries-extras.cmake
[6.160s] -- Up-to-date: /home/alfred/shared_mac/Mekatronikk3/src/install/ngc_interfaces/share/ngc_interfaces/cmake/ngc_interfacesConfig.cmake
[6.161s] -- Up-to-date: /home/alfred/shared_mac/Mekatronikk3/src/install/ngc_interfaces/share/ngc_interfaces/cmake/ngc_interfacesConfig-version.cmake
[6.173s] -- Up-to-date: /home/alfred/shared_mac/Mekatronikk3/src/install/ngc_interfaces/share/ngc_interfaces/package.xml
[6.197s] Invoked command in '/home/alfred/shared_mac/Mekatronikk3/src/build/ngc_interfaces' returned '0': CMAKE_PREFIX_PATH=${CMAKE_PREFIX_PATH}:/home/alfred/shared_mac/Mekatronikk3/src/install/regulator:/home/alfred/shared_mac/Mekatronikk3/src/install/ngc_hull_sim:/home/alfred/shared_mac/Mekatronikk3/src/install/ngc_utils:/home/alfred/shared_mac/Mekatronikk3/src/install/ngc_sensor_sims:/home/alfred/shared_mac/Mekatronikk3/src/install/ngc_propulsion_sim:/home/alfred/shared_mac/Mekatronikk3/src/install/ngc_hmi:/opt/ros/jazzy DEBUGINFOD_URLS=https://debuginfod.ubuntu.com /usr/bin/cmake --install /home/alfred/shared_mac/Mekatronikk3/src/build/ngc_interfaces
