[1.646s] Invoking command in '/home/adolf-fick/Desktop/git_ws/Mekatronikk3/src/ngc_sensor_sims': DEBUGINFOD_URLS=https://debuginfod.ubuntu.com PYTHONPATH=/home/adolf-fick/Desktop/git_ws/Mekatronikk3/build/ngc_sensor_sims/prefix_override:/usr/lib/python3/dist-packages/colcon_core/task/python/colcon_distutils_commands:/home/adolf-fick/Desktop/git_ws/Mekatronikk3/install/ngc_sensor_sims/lib/python3.12/site-packages:${PYTHONPATH} /usr/bin/python3 -W ignore:setup.py install is deprecated setup.py egg_info --egg-base ../../build/ngc_sensor_sims build --build-base /home/adolf-fick/Desktop/git_ws/Mekatronikk3/build/ngc_sensor_sims/build install --record /home/adolf-fick/Desktop/git_ws/Mekatronikk3/build/ngc_sensor_sims/install.log --single-version-externally-managed install_data
[2.001s] running egg_info
[2.001s] creating ../../build/ngc_sensor_sims/ngc_sensor_sims.egg-info
[2.027s] writing ../../build/ngc_sensor_sims/ngc_sensor_sims.egg-info/PKG-INFO
[2.027s] writing dependency_links to ../../build/ngc_sensor_sims/ngc_sensor_sims.egg-info/dependency_links.txt
[2.027s] writing entry points to ../../build/ngc_sensor_sims/ngc_sensor_sims.egg-info/entry_points.txt
[2.028s] writing requirements to ../../build/ngc_sensor_sims/ngc_sensor_sims.egg-info/requires.txt
[2.028s] writing top-level names to ../../build/ngc_sensor_sims/ngc_sensor_sims.egg-info/top_level.txt
[2.028s] writing manifest file '../../build/ngc_sensor_sims/ngc_sensor_sims.egg-info/SOURCES.txt'
[2.082s] reading manifest file '../../build/ngc_sensor_sims/ngc_sensor_sims.egg-info/SOURCES.txt'
[2.082s] writing manifest file '../../build/ngc_sensor_sims/ngc_sensor_sims.egg-info/SOURCES.txt'
[2.083s] running build
[2.083s] running build_py
[2.083s] creating /home/adolf-fick/Desktop/git_ws/Mekatronikk3/build/ngc_sensor_sims/build
[2.083s] creating /home/adolf-fick/Desktop/git_ws/Mekatronikk3/build/ngc_sensor_sims/build/lib
[2.083s] creating /home/adolf-fick/Desktop/git_ws/Mekatronikk3/build/ngc_sensor_sims/build/lib/ngc_sensor_sims
[2.084s] copying ngc_sensor_sims/anemometer.py -> /home/adolf-fick/Desktop/git_ws/Mekatronikk3/build/ngc_sensor_sims/build/lib/ngc_sensor_sims
[2.084s] copying ngc_sensor_sims/__init__.py -> /home/adolf-fick/Desktop/git_ws/Mekatronikk3/build/ngc_sensor_sims/build/lib/ngc_sensor_sims
[2.084s] copying ngc_sensor_sims/compass.py -> /home/adolf-fick/Desktop/git_ws/Mekatronikk3/build/ngc_sensor_sims/build/lib/ngc_sensor_sims
[2.084s] copying ngc_sensor_sims/gnss.py -> /home/adolf-fick/Desktop/git_ws/Mekatronikk3/build/ngc_sensor_sims/build/lib/ngc_sensor_sims
[2.084s] running install
[2.091s] running install_lib
[2.119s] creating /home/adolf-fick/Desktop/git_ws/Mekatronikk3/install/ngc_sensor_sims/lib/python3.12/site-packages/ngc_sensor_sims
[2.119s] copying /home/adolf-fick/Desktop/git_ws/Mekatronikk3/build/ngc_sensor_sims/build/lib/ngc_sensor_sims/anemometer.py -> /home/adolf-fick/Desktop/git_ws/Mekatronikk3/install/ngc_sensor_sims/lib/python3.12/site-packages/ngc_sensor_sims
[2.119s] copying /home/adolf-fick/Desktop/git_ws/Mekatronikk3/build/ngc_sensor_sims/build/lib/ngc_sensor_sims/__init__.py -> /home/adolf-fick/Desktop/git_ws/Mekatronikk3/install/ngc_sensor_sims/lib/python3.12/site-packages/ngc_sensor_sims
[2.120s] copying /home/adolf-fick/Desktop/git_ws/Mekatronikk3/build/ngc_sensor_sims/build/lib/ngc_sensor_sims/compass.py -> /home/adolf-fick/Desktop/git_ws/Mekatronikk3/install/ngc_sensor_sims/lib/python3.12/site-packages/ngc_sensor_sims
[2.120s] copying /home/adolf-fick/Desktop/git_ws/Mekatronikk3/build/ngc_sensor_sims/build/lib/ngc_sensor_sims/gnss.py -> /home/adolf-fick/Desktop/git_ws/Mekatronikk3/install/ngc_sensor_sims/lib/python3.12/site-packages/ngc_sensor_sims
[2.120s] byte-compiling /home/adolf-fick/Desktop/git_ws/Mekatronikk3/install/ngc_sensor_sims/lib/python3.12/site-packages/ngc_sensor_sims/anemometer.py to anemometer.cpython-312.pyc
[2.122s] byte-compiling /home/adolf-fick/Desktop/git_ws/Mekatronikk3/install/ngc_sensor_sims/lib/python3.12/site-packages/ngc_sensor_sims/__init__.py to __init__.cpython-312.pyc
[2.122s] byte-compiling /home/adolf-fick/Desktop/git_ws/Mekatronikk3/install/ngc_sensor_sims/lib/python3.12/site-packages/ngc_sensor_sims/compass.py to compass.cpython-312.pyc
[2.124s] byte-compiling /home/adolf-fick/Desktop/git_ws/Mekatronikk3/install/ngc_sensor_sims/lib/python3.12/site-packages/ngc_sensor_sims/gnss.py to gnss.cpython-312.pyc
[2.126s] running install_data
[2.127s] creating /home/adolf-fick/Desktop/git_ws/Mekatronikk3/install/ngc_sensor_sims/share/ament_index
[2.127s] creating /home/adolf-fick/Desktop/git_ws/Mekatronikk3/install/ngc_sensor_sims/share/ament_index/resource_index
[2.127s] creating /home/adolf-fick/Desktop/git_ws/Mekatronikk3/install/ngc_sensor_sims/share/ament_index/resource_index/packages
[2.127s] copying resource/ngc_sensor_sims -> /home/adolf-fick/Desktop/git_ws/Mekatronikk3/install/ngc_sensor_sims/share/ament_index/resource_index/packages
[2.127s] copying package.xml -> /home/adolf-fick/Desktop/git_ws/Mekatronikk3/install/ngc_sensor_sims/share/ngc_sensor_sims
[2.128s] running install_egg_info
[2.161s] Copying ../../build/ngc_sensor_sims/ngc_sensor_sims.egg-info to /home/adolf-fick/Desktop/git_ws/Mekatronikk3/install/ngc_sensor_sims/lib/python3.12/site-packages/ngc_sensor_sims-0.0.0-py3.12.egg-info
[2.162s] running install_scripts
[2.341s] Installing anemometer script to /home/adolf-fick/Desktop/git_ws/Mekatronikk3/install/ngc_sensor_sims/lib/ngc_sensor_sims
[2.342s] Installing compass script to /home/adolf-fick/Desktop/git_ws/Mekatronikk3/install/ngc_sensor_sims/lib/ngc_sensor_sims
[2.342s] Installing gnss script to /home/adolf-fick/Desktop/git_ws/Mekatronikk3/install/ngc_sensor_sims/lib/ngc_sensor_sims
[2.342s] writing list of installed files to '/home/adolf-fick/Desktop/git_ws/Mekatronikk3/build/ngc_sensor_sims/install.log'
[2.384s] Invoked command in '/home/adolf-fick/Desktop/git_ws/Mekatronikk3/src/ngc_sensor_sims' returned '0': DEBUGINFOD_URLS=https://debuginfod.ubuntu.com PYTHONPATH=/home/adolf-fick/Desktop/git_ws/Mekatronikk3/build/ngc_sensor_sims/prefix_override:/usr/lib/python3/dist-packages/colcon_core/task/python/colcon_distutils_commands:/home/adolf-fick/Desktop/git_ws/Mekatronikk3/install/ngc_sensor_sims/lib/python3.12/site-packages:${PYTHONPATH} /usr/bin/python3 -W ignore:setup.py install is deprecated setup.py egg_info --egg-base ../../build/ngc_sensor_sims build --build-base /home/adolf-fick/Desktop/git_ws/Mekatronikk3/build/ngc_sensor_sims/build install --record /home/adolf-fick/Desktop/git_ws/Mekatronikk3/build/ngc_sensor_sims/install.log --single-version-externally-managed install_data
