running egg_info
writing ../build/kontrolsystem/kontrolsystem.egg-info/PKG-INFO
writing dependency_links to ../build/kontrolsystem/kontrolsystem.egg-info/dependency_links.txt
writing entry points to ../build/kontrolsystem/kontrolsystem.egg-info/entry_points.txt
writing requirements to ../build/kontrolsystem/kontrolsystem.egg-info/requires.txt
writing top-level names to ../build/kontrolsystem/kontrolsystem.egg-info/top_level.txt
reading manifest file '../build/kontrolsystem/kontrolsystem.egg-info/SOURCES.txt'
writing manifest file '../build/kontrolsystem/kontrolsystem.egg-info/SOURCES.txt'
running build
running build_py
running install
running install_lib
byte-compiling /home/alfred/shared_mac/MEPA2001_2024/src/install/kontrolsystem/lib/python3.12/site-packages/kontrolsystem/kontroller.py to kontroller.cpython-312.pyc
running install_data
running install_egg_info
removing '/home/alfred/shared_mac/MEPA2001_2024/src/install/kontrolsystem/lib/python3.12/site-packages/kontrolsystem-0.0.0-py3.12.egg-info' (and everything under it)
Copying ../build/kontrolsystem/kontrolsystem.egg-info to /home/alfred/shared_mac/MEPA2001_2024/src/install/kontrolsystem/lib/python3.12/site-packages/kontrolsystem-0.0.0-py3.12.egg-info
running install_scripts
Installing estimator script to /home/alfred/shared_mac/MEPA2001_2024/src/install/kontrolsystem/lib/kontrolsystem
Installing kontroller script to /home/alfred/shared_mac/MEPA2001_2024/src/install/kontrolsystem/lib/kontrolsystem
writing list of installed files to '/home/alfred/shared_mac/MEPA2001_2024/src/build/kontrolsystem/install.log'
