[2.823s] Invoking command in '/home/alfred/shared_mac/Mekatronikk3/src/kontrolsystem': DEBUGINFOD_URLS=https://debuginfod.ubuntu.com PYTHONPATH=/home/alfred/shared_mac/Mekatronikk3/src/build/kontrolsystem/prefix_override:/usr/lib/python3/dist-packages/colcon_core/task/python/colcon_distutils_commands:/home/alfred/shared_mac/Mekatronikk3/src/install/kontrolsystem/lib/python3.12/site-packages:${PYTHONPATH} /usr/bin/python3 -W ignore:setup.py install is deprecated setup.py egg_info --egg-base ../build/kontrolsystem build --build-base /home/alfred/shared_mac/Mekatronikk3/src/build/kontrolsystem/build install --record /home/alfred/shared_mac/Mekatronikk3/src/build/kontrolsystem/install.log --single-version-externally-managed install_data
[3.621s] running egg_info
[3.622s] creating ../build/kontrolsystem/kontrolsystem.egg-info
[3.657s] writing ../build/kontrolsystem/kontrolsystem.egg-info/PKG-INFO
[3.666s] writing dependency_links to ../build/kontrolsystem/kontrolsystem.egg-info/dependency_links.txt
[3.668s] writing entry points to ../build/kontrolsystem/kontrolsystem.egg-info/entry_points.txt
[3.670s] writing requirements to ../build/kontrolsystem/kontrolsystem.egg-info/requires.txt
[3.672s] writing top-level names to ../build/kontrolsystem/kontrolsystem.egg-info/top_level.txt
[3.673s] writing manifest file '../build/kontrolsystem/kontrolsystem.egg-info/SOURCES.txt'
[3.789s] reading manifest file '../build/kontrolsystem/kontrolsystem.egg-info/SOURCES.txt'
[3.797s] writing manifest file '../build/kontrolsystem/kontrolsystem.egg-info/SOURCES.txt'
[3.803s] running build
[3.806s] running build_py
[3.812s] creating /home/alfred/shared_mac/Mekatronikk3/src/build/kontrolsystem/build
[3.818s] creating /home/alfred/shared_mac/Mekatronikk3/src/build/kontrolsystem/build/lib
[3.832s] creating /home/alfred/shared_mac/Mekatronikk3/src/build/kontrolsystem/build/lib/kontrolsystem
[3.835s] copying kontrolsystem/kontroller_bb.py -> /home/alfred/shared_mac/Mekatronikk3/src/build/kontrolsystem/build/lib/kontrolsystem
[3.875s] copying kontrolsystem/__init__.py -> /home/alfred/shared_mac/Mekatronikk3/src/build/kontrolsystem/build/lib/kontrolsystem
[3.888s] copying kontrolsystem/kontroller.py -> /home/alfred/shared_mac/Mekatronikk3/src/build/kontrolsystem/build/lib/kontrolsystem
[3.896s] copying kontrolsystem/estimator.py -> /home/alfred/shared_mac/Mekatronikk3/src/build/kontrolsystem/build/lib/kontrolsystem
[3.917s] copying kontrolsystem/allocator.py -> /home/alfred/shared_mac/Mekatronikk3/src/build/kontrolsystem/build/lib/kontrolsystem
[3.931s] running install
[3.934s] running install_lib
[4.100s] creating /home/alfred/shared_mac/Mekatronikk3/src/install/kontrolsystem/lib/python3.12/site-packages/kontrolsystem
[4.107s] copying /home/alfred/shared_mac/Mekatronikk3/src/build/kontrolsystem/build/lib/kontrolsystem/kontroller_bb.py -> /home/alfred/shared_mac/Mekatronikk3/src/install/kontrolsystem/lib/python3.12/site-packages/kontrolsystem
[4.120s] copying /home/alfred/shared_mac/Mekatronikk3/src/build/kontrolsystem/build/lib/kontrolsystem/__init__.py -> /home/alfred/shared_mac/Mekatronikk3/src/install/kontrolsystem/lib/python3.12/site-packages/kontrolsystem
[4.122s] copying /home/alfred/shared_mac/Mekatronikk3/src/build/kontrolsystem/build/lib/kontrolsystem/kontroller.py -> /home/alfred/shared_mac/Mekatronikk3/src/install/kontrolsystem/lib/python3.12/site-packages/kontrolsystem
[4.127s] copying /home/alfred/shared_mac/Mekatronikk3/src/build/kontrolsystem/build/lib/kontrolsystem/estimator.py -> /home/alfred/shared_mac/Mekatronikk3/src/install/kontrolsystem/lib/python3.12/site-packages/kontrolsystem
[4.130s] copying /home/alfred/shared_mac/Mekatronikk3/src/build/kontrolsystem/build/lib/kontrolsystem/allocator.py -> /home/alfred/shared_mac/Mekatronikk3/src/install/kontrolsystem/lib/python3.12/site-packages/kontrolsystem
[4.140s] byte-compiling /home/alfred/shared_mac/Mekatronikk3/src/install/kontrolsystem/lib/python3.12/site-packages/kontrolsystem/kontroller_bb.py to kontroller_bb.cpython-312.pyc
[4.141s] byte-compiling /home/alfred/shared_mac/Mekatronikk3/src/install/kontrolsystem/lib/python3.12/site-packages/kontrolsystem/__init__.py to __init__.cpython-312.pyc
[4.144s] byte-compiling /home/alfred/shared_mac/Mekatronikk3/src/install/kontrolsystem/lib/python3.12/site-packages/kontrolsystem/kontroller.py to kontroller.cpython-312.pyc
[4.146s] byte-compiling /home/alfred/shared_mac/Mekatronikk3/src/install/kontrolsystem/lib/python3.12/site-packages/kontrolsystem/estimator.py to estimator.cpython-312.pyc
[4.151s] byte-compiling /home/alfred/shared_mac/Mekatronikk3/src/install/kontrolsystem/lib/python3.12/site-packages/kontrolsystem/allocator.py to allocator.cpython-312.pyc
[4.160s] running install_data
[4.161s] creating /home/alfred/shared_mac/Mekatronikk3/src/install/kontrolsystem/share/ament_index
[4.170s] creating /home/alfred/shared_mac/Mekatronikk3/src/install/kontrolsystem/share/ament_index/resource_index
[4.170s] creating /home/alfred/shared_mac/Mekatronikk3/src/install/kontrolsystem/share/ament_index/resource_index/packages
[4.176s] copying resource/kontrolsystem -> /home/alfred/shared_mac/Mekatronikk3/src/install/kontrolsystem/share/ament_index/resource_index/packages
[4.180s] copying package.xml -> /home/alfred/shared_mac/Mekatronikk3/src/install/kontrolsystem/share/kontrolsystem
[4.183s] running install_egg_info
[4.232s] Copying ../build/kontrolsystem/kontrolsystem.egg-info to /home/alfred/shared_mac/Mekatronikk3/src/install/kontrolsystem/lib/python3.12/site-packages/kontrolsystem-0.0.0-py3.12.egg-info
[4.271s] running install_scripts
[4.652s] Installing allocator script to /home/alfred/shared_mac/Mekatronikk3/src/install/kontrolsystem/lib/kontrolsystem
[4.662s] Installing estimator script to /home/alfred/shared_mac/Mekatronikk3/src/install/kontrolsystem/lib/kontrolsystem
[4.664s] Installing kontroller script to /home/alfred/shared_mac/Mekatronikk3/src/install/kontrolsystem/lib/kontrolsystem
[4.670s] writing list of installed files to '/home/alfred/shared_mac/Mekatronikk3/src/build/kontrolsystem/install.log'
[4.857s] Invoked command in '/home/alfred/shared_mac/Mekatronikk3/src/kontrolsystem' returned '0': DEBUGINFOD_URLS=https://debuginfod.ubuntu.com PYTHONPATH=/home/alfred/shared_mac/Mekatronikk3/src/build/kontrolsystem/prefix_override:/usr/lib/python3/dist-packages/colcon_core/task/python/colcon_distutils_commands:/home/alfred/shared_mac/Mekatronikk3/src/install/kontrolsystem/lib/python3.12/site-packages:${PYTHONPATH} /usr/bin/python3 -W ignore:setup.py install is deprecated setup.py egg_info --egg-base ../build/kontrolsystem build --build-base /home/alfred/shared_mac/Mekatronikk3/src/build/kontrolsystem/build install --record /home/alfred/shared_mac/Mekatronikk3/src/build/kontrolsystem/install.log --single-version-externally-managed install_data
