[2.026s] Invoking command in '/home/alfred/shared_mac/MEPA2001_2024/src/ngc_hmi': AMENT_PREFIX_PATH=/home/alfred/shared_mac/MEPA2001_2024/src/install/ngc_interfaces:${AMENT_PREFIX_PATH} CMAKE_PREFIX_PATH=/home/alfred/shared_mac/MEPA2001_2024/src/install/ngc_interfaces:${CMAKE_PREFIX_PATH} DEBUGINFOD_URLS=https://debuginfod.ubuntu.com LD_LIBRARY_PATH=/home/alfred/shared_mac/MEPA2001_2024/src/install/ngc_interfaces/lib:${LD_LIBRARY_PATH} PYTHONPATH=/home/alfred/shared_mac/MEPA2001_2024/src/build/ngc_hmi/prefix_override:/usr/lib/python3/dist-packages/colcon_core/task/python/colcon_distutils_commands:/home/alfred/shared_mac/MEPA2001_2024/src/install/ngc_hmi/lib/python3.12/site-packages:/home/alfred/shared_mac/MEPA2001_2024/src/install/ngc_interfaces/lib/python3.12/site-packages:${PYTHONPATH} /usr/bin/python3 -W ignore:setup.py install is deprecated setup.py egg_info --egg-base ../build/ngc_hmi build --build-base /home/alfred/shared_mac/MEPA2001_2024/src/build/ngc_hmi/build install --record /home/alfred/shared_mac/MEPA2001_2024/src/build/ngc_hmi/install.log --single-version-externally-managed install_data
[2.491s] running egg_info
[2.493s] creating ../build/ngc_hmi/ngc_hmi.egg-info
[2.524s] writing ../build/ngc_hmi/ngc_hmi.egg-info/PKG-INFO
[2.528s] writing dependency_links to ../build/ngc_hmi/ngc_hmi.egg-info/dependency_links.txt
[2.530s] writing entry points to ../build/ngc_hmi/ngc_hmi.egg-info/entry_points.txt
[2.534s] writing requirements to ../build/ngc_hmi/ngc_hmi.egg-info/requires.txt
[2.540s] writing top-level names to ../build/ngc_hmi/ngc_hmi.egg-info/top_level.txt
[2.540s] writing manifest file '../build/ngc_hmi/ngc_hmi.egg-info/SOURCES.txt'
[2.606s] reading manifest file '../build/ngc_hmi/ngc_hmi.egg-info/SOURCES.txt'
[2.611s] writing manifest file '../build/ngc_hmi/ngc_hmi.egg-info/SOURCES.txt'
[2.613s] running build
[2.614s] running build_py
[2.616s] creating /home/alfred/shared_mac/MEPA2001_2024/src/build/ngc_hmi/build
[2.619s] creating /home/alfred/shared_mac/MEPA2001_2024/src/build/ngc_hmi/build/lib
[2.620s] creating /home/alfred/shared_mac/MEPA2001_2024/src/build/ngc_hmi/build/lib/ngc_hmi
[2.622s] copying ngc_hmi/custom_slider_widget.py -> /home/alfred/shared_mac/MEPA2001_2024/src/build/ngc_hmi/build/lib/ngc_hmi
[2.624s] copying ngc_hmi/ngc_hmi_yaml_editor.py -> /home/alfred/shared_mac/MEPA2001_2024/src/build/ngc_hmi/build/lib/ngc_hmi
[2.634s] copying ngc_hmi/__init__.py -> /home/alfred/shared_mac/MEPA2001_2024/src/build/ngc_hmi/build/lib/ngc_hmi
[2.635s] copying ngc_hmi/ngc_hmi_autopilot.py -> /home/alfred/shared_mac/MEPA2001_2024/src/build/ngc_hmi/build/lib/ngc_hmi
[2.639s] copying ngc_hmi/ngc_hmi_main.py -> /home/alfred/shared_mac/MEPA2001_2024/src/build/ngc_hmi/build/lib/ngc_hmi
[2.644s] running install
[2.654s] running install_lib
[2.695s] creating /home/alfred/shared_mac/MEPA2001_2024/src/install/ngc_hmi/lib/python3.12/site-packages/ngc_hmi
[2.696s] copying /home/alfred/shared_mac/MEPA2001_2024/src/build/ngc_hmi/build/lib/ngc_hmi/custom_slider_widget.py -> /home/alfred/shared_mac/MEPA2001_2024/src/install/ngc_hmi/lib/python3.12/site-packages/ngc_hmi
[2.701s] copying /home/alfred/shared_mac/MEPA2001_2024/src/build/ngc_hmi/build/lib/ngc_hmi/ngc_hmi_yaml_editor.py -> /home/alfred/shared_mac/MEPA2001_2024/src/install/ngc_hmi/lib/python3.12/site-packages/ngc_hmi
[2.706s] copying /home/alfred/shared_mac/MEPA2001_2024/src/build/ngc_hmi/build/lib/ngc_hmi/__init__.py -> /home/alfred/shared_mac/MEPA2001_2024/src/install/ngc_hmi/lib/python3.12/site-packages/ngc_hmi
[2.710s] copying /home/alfred/shared_mac/MEPA2001_2024/src/build/ngc_hmi/build/lib/ngc_hmi/ngc_hmi_autopilot.py -> /home/alfred/shared_mac/MEPA2001_2024/src/install/ngc_hmi/lib/python3.12/site-packages/ngc_hmi
[2.714s] copying /home/alfred/shared_mac/MEPA2001_2024/src/build/ngc_hmi/build/lib/ngc_hmi/ngc_hmi_main.py -> /home/alfred/shared_mac/MEPA2001_2024/src/install/ngc_hmi/lib/python3.12/site-packages/ngc_hmi
[2.726s] byte-compiling /home/alfred/shared_mac/MEPA2001_2024/src/install/ngc_hmi/lib/python3.12/site-packages/ngc_hmi/custom_slider_widget.py to custom_slider_widget.cpython-312.pyc
[2.735s] byte-compiling /home/alfred/shared_mac/MEPA2001_2024/src/install/ngc_hmi/lib/python3.12/site-packages/ngc_hmi/ngc_hmi_yaml_editor.py to ngc_hmi_yaml_editor.cpython-312.pyc
[2.744s] byte-compiling /home/alfred/shared_mac/MEPA2001_2024/src/install/ngc_hmi/lib/python3.12/site-packages/ngc_hmi/__init__.py to __init__.cpython-312.pyc
[2.749s] byte-compiling /home/alfred/shared_mac/MEPA2001_2024/src/install/ngc_hmi/lib/python3.12/site-packages/ngc_hmi/ngc_hmi_autopilot.py to ngc_hmi_autopilot.cpython-312.pyc
[2.751s] byte-compiling /home/alfred/shared_mac/MEPA2001_2024/src/install/ngc_hmi/lib/python3.12/site-packages/ngc_hmi/ngc_hmi_main.py to ngc_hmi_main.cpython-312.pyc
[2.758s] running install_data
[2.759s] creating /home/alfred/shared_mac/MEPA2001_2024/src/install/ngc_hmi/share/ament_index
[2.760s] creating /home/alfred/shared_mac/MEPA2001_2024/src/install/ngc_hmi/share/ament_index/resource_index
[2.761s] creating /home/alfred/shared_mac/MEPA2001_2024/src/install/ngc_hmi/share/ament_index/resource_index/packages
[2.761s] copying resource/ngc_hmi -> /home/alfred/shared_mac/MEPA2001_2024/src/install/ngc_hmi/share/ament_index/resource_index/packages
[2.763s] copying package.xml -> /home/alfred/shared_mac/MEPA2001_2024/src/install/ngc_hmi/share/ngc_hmi
[2.765s] running install_egg_info
[2.803s] Copying ../build/ngc_hmi/ngc_hmi.egg-info to /home/alfred/shared_mac/MEPA2001_2024/src/install/ngc_hmi/lib/python3.12/site-packages/ngc_hmi-0.0.0-py3.12.egg-info
[2.842s] running install_scripts
[3.084s] Installing ngc_hmi script to /home/alfred/shared_mac/MEPA2001_2024/src/install/ngc_hmi/lib/ngc_hmi
[3.086s] Installing ngc_hmi_autopilot script to /home/alfred/shared_mac/MEPA2001_2024/src/install/ngc_hmi/lib/ngc_hmi
[3.088s] Installing ngc_hmi_yaml_editor script to /home/alfred/shared_mac/MEPA2001_2024/src/install/ngc_hmi/lib/ngc_hmi
[3.091s] writing list of installed files to '/home/alfred/shared_mac/MEPA2001_2024/src/build/ngc_hmi/install.log'
[3.186s] Invoked command in '/home/alfred/shared_mac/MEPA2001_2024/src/ngc_hmi' returned '0': AMENT_PREFIX_PATH=/home/alfred/shared_mac/MEPA2001_2024/src/install/ngc_interfaces:${AMENT_PREFIX_PATH} CMAKE_PREFIX_PATH=/home/alfred/shared_mac/MEPA2001_2024/src/install/ngc_interfaces:${CMAKE_PREFIX_PATH} DEBUGINFOD_URLS=https://debuginfod.ubuntu.com LD_LIBRARY_PATH=/home/alfred/shared_mac/MEPA2001_2024/src/install/ngc_interfaces/lib:${LD_LIBRARY_PATH} PYTHONPATH=/home/alfred/shared_mac/MEPA2001_2024/src/build/ngc_hmi/prefix_override:/usr/lib/python3/dist-packages/colcon_core/task/python/colcon_distutils_commands:/home/alfred/shared_mac/MEPA2001_2024/src/install/ngc_hmi/lib/python3.12/site-packages:/home/alfred/shared_mac/MEPA2001_2024/src/install/ngc_interfaces/lib/python3.12/site-packages:${PYTHONPATH} /usr/bin/python3 -W ignore:setup.py install is deprecated setup.py egg_info --egg-base ../build/ngc_hmi build --build-base /home/alfred/shared_mac/MEPA2001_2024/src/build/ngc_hmi/build install --record /home/alfred/shared_mac/MEPA2001_2024/src/build/ngc_hmi/install.log --single-version-externally-managed install_data
