[0.200s] Invoking command in '/home/alfred/shared_mac/MEPA2001_2024/src/build/ngc_interfaces': CMAKE_PREFIX_PATH=${CMAKE_PREFIX_PATH}:/opt/ros/jazzy DEBUGINFOD_URLS=https://debuginfod.ubuntu.com /usr/bin/cmake --build /home/alfred/shared_mac/MEPA2001_2024/src/build/ngc_interfaces -- -j4 -l4
[1.481s] [  1%] Built target ngc_interfaces__rosidl_generator_type_description
[1.523s] [  1%] Built target ament_cmake_python_copy_ngc_interfaces
[1.526s] [ 26%] Built target ngc_interfaces__rosidl_generator_c
[2.449s] running egg_info
[2.540s] writing ngc_interfaces.egg-info/PKG-INFO
[2.547s] writing dependency_links to ngc_interfaces.egg-info/dependency_links.txt
[2.561s] writing top-level names to ngc_interfaces.egg-info/top_level.txt
[2.890s] reading manifest file 'ngc_interfaces.egg-info/SOURCES.txt'
[2.906s] writing manifest file 'ngc_interfaces.egg-info/SOURCES.txt'
[3.147s] [ 26%] Built target ament_cmake_python_build_ngc_interfaces_egg
[3.392s] [ 35%] Built target ngc_interfaces__rosidl_typesupport_introspection_c
[3.880s] [ 45%] Built target ngc_interfaces__rosidl_typesupport_c
[4.546s] [ 55%] Built target ngc_interfaces__rosidl_typesupport_fastrtps_c
[4.852s] [ 55%] Built target ngc_interfaces__cpp
[5.188s] [ 64%] Built target ngc_interfaces__rosidl_typesupport_cpp
[5.572s] [ 74%] Built target ngc_interfaces__rosidl_typesupport_introspection_cpp
[5.905s] [ 84%] Built target ngc_interfaces__rosidl_typesupport_fastrtps_cpp
[6.151s] [ 84%] Built target ngc_interfaces
[6.360s] [ 85%] Built target ngc_interfaces__py
[6.683s] [ 94%] Built target ngc_interfaces__rosidl_generator_py
[6.816s] [ 96%] Built target ngc_interfaces_s__rosidl_typesupport_fastrtps_c
[7.027s] [ 98%] Built target ngc_interfaces_s__rosidl_typesupport_c
[7.298s] [100%] Built target ngc_interfaces_s__rosidl_typesupport_introspection_c
[7.520s] Invoked command in '/home/alfred/shared_mac/MEPA2001_2024/src/build/ngc_interfaces' returned '0': CMAKE_PREFIX_PATH=${CMAKE_PREFIX_PATH}:/opt/ros/jazzy DEBUGINFOD_URLS=https://debuginfod.ubuntu.com /usr/bin/cmake --build /home/alfred/shared_mac/MEPA2001_2024/src/build/ngc_interfaces -- -j4 -l4
[10.956s] Invoking command in '/home/alfred/shared_mac/MEPA2001_2024/src/build/ngc_interfaces': CMAKE_PREFIX_PATH=${CMAKE_PREFIX_PATH}:/opt/ros/jazzy DEBUGINFOD_URLS=https://debuginfod.ubuntu.com /usr/bin/cmake --install /home/alfred/shared_mac/MEPA2001_2024/src/build/ngc_interfaces
[11.025s] -- Install configuration: ""
[11.027s] -- Up-to-date: /home/alfred/shared_mac/MEPA2001_2024/src/install/ngc_interfaces/share/ament_index/resource_index/rosidl_interfaces/ngc_interfaces
[11.029s] -- Up-to-date: /home/alfred/shared_mac/MEPA2001_2024/src/install/ngc_interfaces/share/ngc_interfaces/msg/Eta.json
[11.111s] -- Up-to-date: /home/alfred/shared_mac/MEPA2001_2024/src/install/ngc_interfaces/share/ngc_interfaces/msg/Nu.json
[11.125s] -- Up-to-date: /home/alfred/shared_mac/MEPA2001_2024/src/install/ngc_interfaces/share/ngc_interfaces/msg/NuDot.json
[11.140s] -- Up-to-date: /home/alfred/shared_mac/MEPA2001_2024/src/install/ngc_interfaces/share/ngc_interfaces/msg/Tau.json
[11.143s] -- Up-to-date: /home/alfred/shared_mac/MEPA2001_2024/src/install/ngc_interfaces/share/ngc_interfaces/msg/Wind.json
[11.148s] -- Up-to-date: /home/alfred/shared_mac/MEPA2001_2024/src/install/ngc_interfaces/share/ngc_interfaces/msg/ThrusterSignals.json
[11.150s] -- Up-to-date: /home/alfred/shared_mac/MEPA2001_2024/src/install/ngc_interfaces/share/ngc_interfaces/msg/GNSS.json
[11.152s] -- Up-to-date: /home/alfred/shared_mac/MEPA2001_2024/src/install/ngc_interfaces/share/ngc_interfaces/msg/HeadingDevice.json
[11.155s] -- Up-to-date: /home/alfred/shared_mac/MEPA2001_2024/src/install/ngc_interfaces/include/ngc_interfaces/ngc_interfaces
[11.157s] -- Up-to-date: /home/alfred/shared_mac/MEPA2001_2024/src/install/ngc_interfaces/include/ngc_interfaces/ngc_interfaces/msg
[11.207s] -- Up-to-date: /home/alfred/shared_mac/MEPA2001_2024/src/install/ngc_interfaces/include/ngc_interfaces/ngc_interfaces/msg/tau.h
[11.225s] -- Up-to-date: /home/alfred/shared_mac/MEPA2001_2024/src/install/ngc_interfaces/include/ngc_interfaces/ngc_interfaces/msg/rosidl_generator_c__visibility_control.h
[11.238s] -- Up-to-date: /home/alfred/shared_mac/MEPA2001_2024/src/install/ngc_interfaces/include/ngc_interfaces/ngc_interfaces/msg/eta.h
[11.244s] -- Up-to-date: /home/alfred/shared_mac/MEPA2001_2024/src/install/ngc_interfaces/include/ngc_interfaces/ngc_interfaces/msg/heading_device.h
[11.248s] -- Up-to-date: /home/alfred/shared_mac/MEPA2001_2024/src/install/ngc_interfaces/include/ngc_interfaces/ngc_interfaces/msg/gnss.h
[11.252s] -- Up-to-date: /home/alfred/shared_mac/MEPA2001_2024/src/install/ngc_interfaces/include/ngc_interfaces/ngc_interfaces/msg/detail
[11.256s] -- Up-to-date: /home/alfred/shared_mac/MEPA2001_2024/src/install/ngc_interfaces/include/ngc_interfaces/ngc_interfaces/msg/detail/nu__functions.c
[11.260s] -- Up-to-date: /home/alfred/shared_mac/MEPA2001_2024/src/install/ngc_interfaces/include/ngc_interfaces/ngc_interfaces/msg/detail/nu__type_support.h
[11.263s] -- Up-to-date: /home/alfred/shared_mac/MEPA2001_2024/src/install/ngc_interfaces/include/ngc_interfaces/ngc_interfaces/msg/detail/thruster_signals__functions.c
[11.265s] -- Up-to-date: /home/alfred/shared_mac/MEPA2001_2024/src/install/ngc_interfaces/include/ngc_interfaces/ngc_interfaces/msg/detail/tau__struct.h
[11.273s] -- Up-to-date: /home/alfred/shared_mac/MEPA2001_2024/src/install/ngc_interfaces/include/ngc_interfaces/ngc_interfaces/msg/detail/wind__description.c
[11.294s] -- Up-to-date: /home/alfred/shared_mac/MEPA2001_2024/src/install/ngc_interfaces/include/ngc_interfaces/ngc_interfaces/msg/detail/thruster_signals__type_support.h
[11.299s] -- Up-to-date: /home/alfred/shared_mac/MEPA2001_2024/src/install/ngc_interfaces/include/ngc_interfaces/ngc_interfaces/msg/detail/gnss__functions.h
[11.310s] -- Up-to-date: /home/alfred/shared_mac/MEPA2001_2024/src/install/ngc_interfaces/include/ngc_interfaces/ngc_interfaces/msg/detail/tau__description.c
[11.315s] -- Up-to-date: /home/alfred/shared_mac/MEPA2001_2024/src/install/ngc_interfaces/include/ngc_interfaces/ngc_interfaces/msg/detail/wind__type_support.h
[11.317s] -- Installing: /home/alfred/shared_mac/MEPA2001_2024/src/install/ngc_interfaces/include/ngc_interfaces/ngc_interfaces/msg/detail/gnss__type_support.c
[11.320s] -- Up-to-date: /home/alfred/shared_mac/MEPA2001_2024/src/install/ngc_interfaces/include/ngc_interfaces/ngc_interfaces/msg/detail/tau__functions.c
[11.324s] -- Up-to-date: /home/alfred/shared_mac/MEPA2001_2024/src/install/ngc_interfaces/include/ngc_interfaces/ngc_interfaces/msg/detail/thruster_signals__struct.h
[11.327s] -- Up-to-date: /home/alfred/shared_mac/MEPA2001_2024/src/install/ngc_interfaces/include/ngc_interfaces/ngc_interfaces/msg/detail/heading_device__struct.h
[11.334s] -- Installing: /home/alfred/shared_mac/MEPA2001_2024/src/install/ngc_interfaces/include/ngc_interfaces/ngc_interfaces/msg/detail/eta__type_support.c
[11.335s] -- Up-to-date: /home/alfred/shared_mac/MEPA2001_2024/src/install/ngc_interfaces/include/ngc_interfaces/ngc_interfaces/msg/detail/heading_device__type_support.h
[11.337s] -- Up-to-date: /home/alfred/shared_mac/MEPA2001_2024/src/install/ngc_interfaces/include/ngc_interfaces/ngc_interfaces/msg/detail/nu_dot__functions.h
[11.337s] -- Up-to-date: /home/alfred/shared_mac/MEPA2001_2024/src/install/ngc_interfaces/include/ngc_interfaces/ngc_interfaces/msg/detail/wind__functions.c
[11.342s] -- Up-to-date: /home/alfred/shared_mac/MEPA2001_2024/src/install/ngc_interfaces/include/ngc_interfaces/ngc_interfaces/msg/detail/nu_dot__type_support.h
[11.345s] -- Up-to-date: /home/alfred/shared_mac/MEPA2001_2024/src/install/ngc_interfaces/include/ngc_interfaces/ngc_interfaces/msg/detail/gnss__struct.h
[11.346s] -- Up-to-date: /home/alfred/shared_mac/MEPA2001_2024/src/install/ngc_interfaces/include/ngc_interfaces/ngc_interfaces/msg/detail/nu__struct.h
[11.355s] -- Up-to-date: /home/alfred/shared_mac/MEPA2001_2024/src/install/ngc_interfaces/include/ngc_interfaces/ngc_interfaces/msg/detail/heading_device__functions.h
[11.378s] -- Up-to-date: /home/alfred/shared_mac/MEPA2001_2024/src/install/ngc_interfaces/include/ngc_interfaces/ngc_interfaces/msg/detail/eta__functions.h
[11.379s] -- Up-to-date: /home/alfred/shared_mac/MEPA2001_2024/src/install/ngc_interfaces/include/ngc_interfaces/ngc_interfaces/msg/detail/wind__struct.h
[11.381s] -- Up-to-date: /home/alfred/shared_mac/MEPA2001_2024/src/install/ngc_interfaces/include/ngc_interfaces/ngc_interfaces/msg/detail/tau__type_support.h
[11.403s] -- Up-to-date: /home/alfred/shared_mac/MEPA2001_2024/src/install/ngc_interfaces/include/ngc_interfaces/ngc_interfaces/msg/detail/eta__struct.h
[11.423s] -- Up-to-date: /home/alfred/shared_mac/MEPA2001_2024/src/install/ngc_interfaces/include/ngc_interfaces/ngc_interfaces/msg/detail/nu_dot__struct.h
[11.426s] -- Installing: /home/alfred/shared_mac/MEPA2001_2024/src/install/ngc_interfaces/include/ngc_interfaces/ngc_interfaces/msg/detail/thruster_signals__type_support.c
[11.428s] -- Up-to-date: /home/alfred/shared_mac/MEPA2001_2024/src/install/ngc_interfaces/include/ngc_interfaces/ngc_interfaces/msg/detail/nu__functions.h
[11.431s] -- Up-to-date: /home/alfred/shared_mac/MEPA2001_2024/src/install/ngc_interfaces/include/ngc_interfaces/ngc_interfaces/msg/detail/thruster_signals__functions.h
[11.434s] -- Installing: /home/alfred/shared_mac/MEPA2001_2024/src/install/ngc_interfaces/include/ngc_interfaces/ngc_interfaces/msg/detail/nu__type_support.c
[11.464s] -- Up-to-date: /home/alfred/shared_mac/MEPA2001_2024/src/install/ngc_interfaces/include/ngc_interfaces/ngc_interfaces/msg/detail/nu_dot__description.c
[11.466s] -- Up-to-date: /home/alfred/shared_mac/MEPA2001_2024/src/install/ngc_interfaces/include/ngc_interfaces/ngc_interfaces/msg/detail/tau__functions.h
[11.469s] -- Up-to-date: /home/alfred/shared_mac/MEPA2001_2024/src/install/ngc_interfaces/include/ngc_interfaces/ngc_interfaces/msg/detail/eta__description.c
[11.471s] -- Up-to-date: /home/alfred/shared_mac/MEPA2001_2024/src/install/ngc_interfaces/include/ngc_interfaces/ngc_interfaces/msg/detail/gnss__type_support.h
[11.473s] -- Installing: /home/alfred/shared_mac/MEPA2001_2024/src/install/ngc_interfaces/include/ngc_interfaces/ngc_interfaces/msg/detail/wind__type_support.c
[11.479s] -- Up-to-date: /home/alfred/shared_mac/MEPA2001_2024/src/install/ngc_interfaces/include/ngc_interfaces/ngc_interfaces/msg/detail/gnss__functions.c
[11.483s] -- Up-to-date: /home/alfred/shared_mac/MEPA2001_2024/src/install/ngc_interfaces/include/ngc_interfaces/ngc_interfaces/msg/detail/nu_dot__functions.c
[11.488s] -- Installing: /home/alfred/shared_mac/MEPA2001_2024/src/install/ngc_interfaces/include/ngc_interfaces/ngc_interfaces/msg/detail/heading_device__type_support.c
[11.543s] -- Up-to-date: /home/alfred/shared_mac/MEPA2001_2024/src/install/ngc_interfaces/include/ngc_interfaces/ngc_interfaces/msg/detail/gnss__description.c
[11.547s] -- Up-to-date: /home/alfred/shared_mac/MEPA2001_2024/src/install/ngc_interfaces/include/ngc_interfaces/ngc_interfaces/msg/detail/thruster_signals__description.c
[11.563s] -- Up-to-date: /home/alfred/shared_mac/MEPA2001_2024/src/install/ngc_interfaces/include/ngc_interfaces/ngc_interfaces/msg/detail/nu__description.c
[11.581s] -- Up-to-date: /home/alfred/shared_mac/MEPA2001_2024/src/install/ngc_interfaces/include/ngc_interfaces/ngc_interfaces/msg/detail/eta__type_support.h
[11.598s] -- Installing: /home/alfred/shared_mac/MEPA2001_2024/src/install/ngc_interfaces/include/ngc_interfaces/ngc_interfaces/msg/detail/tau__type_support.c
[11.655s] -- Up-to-date: /home/alfred/shared_mac/MEPA2001_2024/src/install/ngc_interfaces/include/ngc_interfaces/ngc_interfaces/msg/detail/eta__functions.c
[11.657s] -- Up-to-date: /home/alfred/shared_mac/MEPA2001_2024/src/install/ngc_interfaces/include/ngc_interfaces/ngc_interfaces/msg/detail/heading_device__functions.c
[11.663s] -- Up-to-date: /home/alfred/shared_mac/MEPA2001_2024/src/install/ngc_interfaces/include/ngc_interfaces/ngc_interfaces/msg/detail/heading_device__description.c
[11.665s] -- Installing: /home/alfred/shared_mac/MEPA2001_2024/src/install/ngc_interfaces/include/ngc_interfaces/ngc_interfaces/msg/detail/nu_dot__type_support.c
[11.671s] -- Up-to-date: /home/alfred/shared_mac/MEPA2001_2024/src/install/ngc_interfaces/include/ngc_interfaces/ngc_interfaces/msg/detail/wind__functions.h
[11.675s] -- Up-to-date: /home/alfred/shared_mac/MEPA2001_2024/src/install/ngc_interfaces/include/ngc_interfaces/ngc_interfaces/msg/thruster_signals.h
[11.694s] -- Up-to-date: /home/alfred/shared_mac/MEPA2001_2024/src/install/ngc_interfaces/include/ngc_interfaces/ngc_interfaces/msg/nu_dot.h
[11.704s] -- Up-to-date: /home/alfred/shared_mac/MEPA2001_2024/src/install/ngc_interfaces/include/ngc_interfaces/ngc_interfaces/msg/wind.h
[11.704s] -- Up-to-date: /home/alfred/shared_mac/MEPA2001_2024/src/install/ngc_interfaces/include/ngc_interfaces/ngc_interfaces/msg/nu.h
[11.705s] -- Up-to-date: /home/alfred/shared_mac/MEPA2001_2024/src/install/ngc_interfaces/share/ngc_interfaces/environment/library_path.sh
[11.706s] -- Up-to-date: /home/alfred/shared_mac/MEPA2001_2024/src/install/ngc_interfaces/share/ngc_interfaces/environment/library_path.dsv
[11.724s] -- Up-to-date: /home/alfred/shared_mac/MEPA2001_2024/src/install/ngc_interfaces/lib/libngc_interfaces__rosidl_generator_c.so
[11.761s] -- Up-to-date: /home/alfred/shared_mac/MEPA2001_2024/src/install/ngc_interfaces/include/ngc_interfaces/ngc_interfaces
[11.775s] -- Up-to-date: /home/alfred/shared_mac/MEPA2001_2024/src/install/ngc_interfaces/include/ngc_interfaces/ngc_interfaces/msg
[11.783s] -- Up-to-date: /home/alfred/shared_mac/MEPA2001_2024/src/install/ngc_interfaces/include/ngc_interfaces/ngc_interfaces/msg/detail
[11.796s] -- Up-to-date: /home/alfred/shared_mac/MEPA2001_2024/src/install/ngc_interfaces/include/ngc_interfaces/ngc_interfaces/msg/detail/heading_device__rosidl_typesupport_fastrtps_c.h
[11.802s] -- Up-to-date: /home/alfred/shared_mac/MEPA2001_2024/src/install/ngc_interfaces/include/ngc_interfaces/ngc_interfaces/msg/detail/gnss__rosidl_typesupport_fastrtps_c.h
[11.804s] -- Up-to-date: /home/alfred/shared_mac/MEPA2001_2024/src/install/ngc_interfaces/include/ngc_interfaces/ngc_interfaces/msg/detail/tau__rosidl_typesupport_fastrtps_c.h
[11.816s] -- Up-to-date: /home/alfred/shared_mac/MEPA2001_2024/src/install/ngc_interfaces/include/ngc_interfaces/ngc_interfaces/msg/detail/nu__rosidl_typesupport_fastrtps_c.h
[11.820s] -- Up-to-date: /home/alfred/shared_mac/MEPA2001_2024/src/install/ngc_interfaces/include/ngc_interfaces/ngc_interfaces/msg/detail/wind__rosidl_typesupport_fastrtps_c.h
[11.822s] -- Up-to-date: /home/alfred/shared_mac/MEPA2001_2024/src/install/ngc_interfaces/include/ngc_interfaces/ngc_interfaces/msg/detail/thruster_signals__rosidl_typesupport_fastrtps_c.h
[11.825s] -- Up-to-date: /home/alfred/shared_mac/MEPA2001_2024/src/install/ngc_interfaces/include/ngc_interfaces/ngc_interfaces/msg/detail/eta__rosidl_typesupport_fastrtps_c.h
[11.827s] -- Up-to-date: /home/alfred/shared_mac/MEPA2001_2024/src/install/ngc_interfaces/include/ngc_interfaces/ngc_interfaces/msg/detail/nu_dot__rosidl_typesupport_fastrtps_c.h
[11.829s] -- Up-to-date: /home/alfred/shared_mac/MEPA2001_2024/src/install/ngc_interfaces/include/ngc_interfaces/ngc_interfaces/msg/rosidl_typesupport_fastrtps_c__visibility_control.h
[11.853s] -- Up-to-date: /home/alfred/shared_mac/MEPA2001_2024/src/install/ngc_interfaces/lib/libngc_interfaces__rosidl_typesupport_fastrtps_c.so
[11.893s] -- Up-to-date: /home/alfred/shared_mac/MEPA2001_2024/src/install/ngc_interfaces/include/ngc_interfaces/ngc_interfaces
[11.895s] -- Up-to-date: /home/alfred/shared_mac/MEPA2001_2024/src/install/ngc_interfaces/include/ngc_interfaces/ngc_interfaces/msg
[11.896s] -- Up-to-date: /home/alfred/shared_mac/MEPA2001_2024/src/install/ngc_interfaces/include/ngc_interfaces/ngc_interfaces/msg/detail
[11.905s] -- Up-to-date: /home/alfred/shared_mac/MEPA2001_2024/src/install/ngc_interfaces/include/ngc_interfaces/ngc_interfaces/msg/detail/eta__rosidl_typesupport_introspection_c.h
[11.908s] -- Up-to-date: /home/alfred/shared_mac/MEPA2001_2024/src/install/ngc_interfaces/include/ngc_interfaces/ngc_interfaces/msg/detail/nu__rosidl_typesupport_introspection_c.h
[11.919s] -- Installing: /home/alfred/shared_mac/MEPA2001_2024/src/install/ngc_interfaces/include/ngc_interfaces/ngc_interfaces/msg/detail/gnss__type_support.c
[11.921s] -- Up-to-date: /home/alfred/shared_mac/MEPA2001_2024/src/install/ngc_interfaces/include/ngc_interfaces/ngc_interfaces/msg/detail/wind__rosidl_typesupport_introspection_c.h
[11.923s] -- Installing: /home/alfred/shared_mac/MEPA2001_2024/src/install/ngc_interfaces/include/ngc_interfaces/ngc_interfaces/msg/detail/eta__type_support.c
[11.924s] -- Up-to-date: /home/alfred/shared_mac/MEPA2001_2024/src/install/ngc_interfaces/include/ngc_interfaces/ngc_interfaces/msg/detail/tau__rosidl_typesupport_introspection_c.h
[11.927s] -- Up-to-date: /home/alfred/shared_mac/MEPA2001_2024/src/install/ngc_interfaces/include/ngc_interfaces/ngc_interfaces/msg/detail/gnss__rosidl_typesupport_introspection_c.h
[11.928s] -- Installing: /home/alfred/shared_mac/MEPA2001_2024/src/install/ngc_interfaces/include/ngc_interfaces/ngc_interfaces/msg/detail/thruster_signals__type_support.c
[11.938s] -- Installing: /home/alfred/shared_mac/MEPA2001_2024/src/install/ngc_interfaces/include/ngc_interfaces/ngc_interfaces/msg/detail/nu__type_support.c
[11.952s] -- Up-to-date: /home/alfred/shared_mac/MEPA2001_2024/src/install/ngc_interfaces/include/ngc_interfaces/ngc_interfaces/msg/detail/heading_device__rosidl_typesupport_introspection_c.h
[11.955s] -- Installing: /home/alfred/shared_mac/MEPA2001_2024/src/install/ngc_interfaces/include/ngc_interfaces/ngc_interfaces/msg/detail/wind__type_support.c
[11.984s] -- Installing: /home/alfred/shared_mac/MEPA2001_2024/src/install/ngc_interfaces/include/ngc_interfaces/ngc_interfaces/msg/detail/heading_device__type_support.c
[12.005s] -- Up-to-date: /home/alfred/shared_mac/MEPA2001_2024/src/install/ngc_interfaces/include/ngc_interfaces/ngc_interfaces/msg/detail/thruster_signals__rosidl_typesupport_introspection_c.h
[12.007s] -- Installing: /home/alfred/shared_mac/MEPA2001_2024/src/install/ngc_interfaces/include/ngc_interfaces/ngc_interfaces/msg/detail/tau__type_support.c
[12.034s] -- Up-to-date: /home/alfred/shared_mac/MEPA2001_2024/src/install/ngc_interfaces/include/ngc_interfaces/ngc_interfaces/msg/detail/nu_dot__rosidl_typesupport_introspection_c.h
[12.035s] -- Installing: /home/alfred/shared_mac/MEPA2001_2024/src/install/ngc_interfaces/include/ngc_interfaces/ngc_interfaces/msg/detail/nu_dot__type_support.c
[12.051s] -- Up-to-date: /home/alfred/shared_mac/MEPA2001_2024/src/install/ngc_interfaces/include/ngc_interfaces/ngc_interfaces/msg/rosidl_typesupport_introspection_c__visibility_control.h
[12.066s] -- Up-to-date: /home/alfred/shared_mac/MEPA2001_2024/src/install/ngc_interfaces/lib/libngc_interfaces__rosidl_typesupport_introspection_c.so
[12.108s] -- Up-to-date: /home/alfred/shared_mac/MEPA2001_2024/src/install/ngc_interfaces/lib/libngc_interfaces__rosidl_typesupport_c.so
[12.155s] -- Up-to-date: /home/alfred/shared_mac/MEPA2001_2024/src/install/ngc_interfaces/include/ngc_interfaces/ngc_interfaces
[12.156s] -- Up-to-date: /home/alfred/shared_mac/MEPA2001_2024/src/install/ngc_interfaces/include/ngc_interfaces/ngc_interfaces/msg
[12.162s] -- Up-to-date: /home/alfred/shared_mac/MEPA2001_2024/src/install/ngc_interfaces/include/ngc_interfaces/ngc_interfaces/msg/heading_device.hpp
[12.173s] -- Up-to-date: /home/alfred/shared_mac/MEPA2001_2024/src/install/ngc_interfaces/include/ngc_interfaces/ngc_interfaces/msg/thruster_signals.hpp
[12.177s] -- Up-to-date: /home/alfred/shared_mac/MEPA2001_2024/src/install/ngc_interfaces/include/ngc_interfaces/ngc_interfaces/msg/nu_dot.hpp
[12.178s] -- Up-to-date: /home/alfred/shared_mac/MEPA2001_2024/src/install/ngc_interfaces/include/ngc_interfaces/ngc_interfaces/msg/wind.hpp
[12.180s] -- Up-to-date: /home/alfred/shared_mac/MEPA2001_2024/src/install/ngc_interfaces/include/ngc_interfaces/ngc_interfaces/msg/tau.hpp
[12.181s] -- Up-to-date: /home/alfred/shared_mac/MEPA2001_2024/src/install/ngc_interfaces/include/ngc_interfaces/ngc_interfaces/msg/detail
[12.184s] -- Up-to-date: /home/alfred/shared_mac/MEPA2001_2024/src/install/ngc_interfaces/include/ngc_interfaces/ngc_interfaces/msg/detail/wind__builder.hpp
[12.187s] -- Up-to-date: /home/alfred/shared_mac/MEPA2001_2024/src/install/ngc_interfaces/include/ngc_interfaces/ngc_interfaces/msg/detail/tau__type_support.hpp
[12.188s] -- Up-to-date: /home/alfred/shared_mac/MEPA2001_2024/src/install/ngc_interfaces/include/ngc_interfaces/ngc_interfaces/msg/detail/nu__type_support.hpp
[12.190s] -- Up-to-date: /home/alfred/shared_mac/MEPA2001_2024/src/install/ngc_interfaces/include/ngc_interfaces/ngc_interfaces/msg/detail/thruster_signals__traits.hpp
[12.191s] -- Up-to-date: /home/alfred/shared_mac/MEPA2001_2024/src/install/ngc_interfaces/include/ngc_interfaces/ngc_interfaces/msg/detail/gnss__struct.hpp
[12.204s] -- Up-to-date: /home/alfred/shared_mac/MEPA2001_2024/src/install/ngc_interfaces/include/ngc_interfaces/ngc_interfaces/msg/detail/nu__struct.hpp
[12.240s] -- Up-to-date: /home/alfred/shared_mac/MEPA2001_2024/src/install/ngc_interfaces/include/ngc_interfaces/ngc_interfaces/msg/detail/heading_device__struct.hpp
[12.258s] -- Up-to-date: /home/alfred/shared_mac/MEPA2001_2024/src/install/ngc_interfaces/include/ngc_interfaces/ngc_interfaces/msg/detail/thruster_signals__type_support.hpp
[12.261s] -- Up-to-date: /home/alfred/shared_mac/MEPA2001_2024/src/install/ngc_interfaces/include/ngc_interfaces/ngc_interfaces/msg/detail/nu_dot__type_support.hpp
[12.264s] -- Up-to-date: /home/alfred/shared_mac/MEPA2001_2024/src/install/ngc_interfaces/include/ngc_interfaces/ngc_interfaces/msg/detail/eta__type_support.hpp
[12.267s] -- Up-to-date: /home/alfred/shared_mac/MEPA2001_2024/src/install/ngc_interfaces/include/ngc_interfaces/ngc_interfaces/msg/detail/wind__traits.hpp
[12.269s] -- Up-to-date: /home/alfred/shared_mac/MEPA2001_2024/src/install/ngc_interfaces/include/ngc_interfaces/ngc_interfaces/msg/detail/tau__builder.hpp
[12.271s] -- Up-to-date: /home/alfred/shared_mac/MEPA2001_2024/src/install/ngc_interfaces/include/ngc_interfaces/ngc_interfaces/msg/detail/eta__struct.hpp
[12.276s] -- Up-to-date: /home/alfred/shared_mac/MEPA2001_2024/src/install/ngc_interfaces/include/ngc_interfaces/ngc_interfaces/msg/detail/nu_dot__struct.hpp
[12.280s] -- Up-to-date: /home/alfred/shared_mac/MEPA2001_2024/src/install/ngc_interfaces/include/ngc_interfaces/ngc_interfaces/msg/detail/tau__traits.hpp
[12.282s] -- Up-to-date: /home/alfred/shared_mac/MEPA2001_2024/src/install/ngc_interfaces/include/ngc_interfaces/ngc_interfaces/msg/detail/thruster_signals__builder.hpp
[12.286s] -- Up-to-date: /home/alfred/shared_mac/MEPA2001_2024/src/install/ngc_interfaces/include/ngc_interfaces/ngc_interfaces/msg/detail/nu__builder.hpp
[12.287s] -- Up-to-date: /home/alfred/shared_mac/MEPA2001_2024/src/install/ngc_interfaces/include/ngc_interfaces/ngc_interfaces/msg/detail/nu__traits.hpp
[12.288s] -- Up-to-date: /home/alfred/shared_mac/MEPA2001_2024/src/install/ngc_interfaces/include/ngc_interfaces/ngc_interfaces/msg/detail/gnss__traits.hpp
[12.290s] -- Up-to-date: /home/alfred/shared_mac/MEPA2001_2024/src/install/ngc_interfaces/include/ngc_interfaces/ngc_interfaces/msg/detail/heading_device__builder.hpp
[12.291s] -- Up-to-date: /home/alfred/shared_mac/MEPA2001_2024/src/install/ngc_interfaces/include/ngc_interfaces/ngc_interfaces/msg/detail/eta__builder.hpp
[12.291s] -- Up-to-date: /home/alfred/shared_mac/MEPA2001_2024/src/install/ngc_interfaces/include/ngc_interfaces/ngc_interfaces/msg/detail/thruster_signals__struct.hpp
[12.292s] -- Up-to-date: /home/alfred/shared_mac/MEPA2001_2024/src/install/ngc_interfaces/include/ngc_interfaces/ngc_interfaces/msg/detail/wind__type_support.hpp
[12.296s] -- Up-to-date: /home/alfred/shared_mac/MEPA2001_2024/src/install/ngc_interfaces/include/ngc_interfaces/ngc_interfaces/msg/detail/nu_dot__builder.hpp
[12.297s] -- Up-to-date: /home/alfred/shared_mac/MEPA2001_2024/src/install/ngc_interfaces/include/ngc_interfaces/ngc_interfaces/msg/detail/heading_device__traits.hpp
[12.299s] -- Up-to-date: /home/alfred/shared_mac/MEPA2001_2024/src/install/ngc_interfaces/include/ngc_interfaces/ngc_interfaces/msg/detail/gnss__type_support.hpp
[12.299s] -- Up-to-date: /home/alfred/shared_mac/MEPA2001_2024/src/install/ngc_interfaces/include/ngc_interfaces/ngc_interfaces/msg/detail/eta__traits.hpp
[12.301s] -- Up-to-date: /home/alfred/shared_mac/MEPA2001_2024/src/install/ngc_interfaces/include/ngc_interfaces/ngc_interfaces/msg/detail/nu_dot__traits.hpp
[12.301s] -- Up-to-date: /home/alfred/shared_mac/MEPA2001_2024/src/install/ngc_interfaces/include/ngc_interfaces/ngc_interfaces/msg/detail/heading_device__type_support.hpp
[12.302s] -- Up-to-date: /home/alfred/shared_mac/MEPA2001_2024/src/install/ngc_interfaces/include/ngc_interfaces/ngc_interfaces/msg/detail/wind__struct.hpp
[12.302s] -- Up-to-date: /home/alfred/shared_mac/MEPA2001_2024/src/install/ngc_interfaces/include/ngc_interfaces/ngc_interfaces/msg/detail/gnss__builder.hpp
[12.306s] -- Up-to-date: /home/alfred/shared_mac/MEPA2001_2024/src/install/ngc_interfaces/include/ngc_interfaces/ngc_interfaces/msg/detail/tau__struct.hpp
[12.307s] -- Up-to-date: /home/alfred/shared_mac/MEPA2001_2024/src/install/ngc_interfaces/include/ngc_interfaces/ngc_interfaces/msg/rosidl_generator_cpp__visibility_control.hpp
[12.319s] -- Up-to-date: /home/alfred/shared_mac/MEPA2001_2024/src/install/ngc_interfaces/include/ngc_interfaces/ngc_interfaces/msg/eta.hpp
[12.320s] -- Up-to-date: /home/alfred/shared_mac/MEPA2001_2024/src/install/ngc_interfaces/include/ngc_interfaces/ngc_interfaces/msg/nu.hpp
[12.321s] -- Up-to-date: /home/alfred/shared_mac/MEPA2001_2024/src/install/ngc_interfaces/include/ngc_interfaces/ngc_interfaces/msg/gnss.hpp
[12.322s] -- Up-to-date: /home/alfred/shared_mac/MEPA2001_2024/src/install/ngc_interfaces/include/ngc_interfaces/ngc_interfaces
[12.323s] -- Up-to-date: /home/alfred/shared_mac/MEPA2001_2024/src/install/ngc_interfaces/include/ngc_interfaces/ngc_interfaces/msg
[12.326s] -- Up-to-date: /home/alfred/shared_mac/MEPA2001_2024/src/install/ngc_interfaces/include/ngc_interfaces/ngc_interfaces/msg/rosidl_typesupport_fastrtps_cpp__visibility_control.h
[12.327s] -- Up-to-date: /home/alfred/shared_mac/MEPA2001_2024/src/install/ngc_interfaces/include/ngc_interfaces/ngc_interfaces/msg/detail
[12.328s] -- Up-to-date: /home/alfred/shared_mac/MEPA2001_2024/src/install/ngc_interfaces/include/ngc_interfaces/ngc_interfaces/msg/detail/wind__rosidl_typesupport_fastrtps_cpp.hpp
[12.329s] -- Up-to-date: /home/alfred/shared_mac/MEPA2001_2024/src/install/ngc_interfaces/include/ngc_interfaces/ngc_interfaces/msg/detail/nu__rosidl_typesupport_fastrtps_cpp.hpp
[12.329s] -- Up-to-date: /home/alfred/shared_mac/MEPA2001_2024/src/install/ngc_interfaces/include/ngc_interfaces/ngc_interfaces/msg/detail/heading_device__rosidl_typesupport_fastrtps_cpp.hpp
[12.336s] -- Up-to-date: /home/alfred/shared_mac/MEPA2001_2024/src/install/ngc_interfaces/include/ngc_interfaces/ngc_interfaces/msg/detail/nu_dot__rosidl_typesupport_fastrtps_cpp.hpp
[12.337s] -- Up-to-date: /home/alfred/shared_mac/MEPA2001_2024/src/install/ngc_interfaces/include/ngc_interfaces/ngc_interfaces/msg/detail/eta__rosidl_typesupport_fastrtps_cpp.hpp
[12.342s] -- Up-to-date: /home/alfred/shared_mac/MEPA2001_2024/src/install/ngc_interfaces/include/ngc_interfaces/ngc_interfaces/msg/detail/thruster_signals__rosidl_typesupport_fastrtps_cpp.hpp
[12.343s] -- Up-to-date: /home/alfred/shared_mac/MEPA2001_2024/src/install/ngc_interfaces/include/ngc_interfaces/ngc_interfaces/msg/detail/dds_fastrtps
[12.344s] -- Up-to-date: /home/alfred/shared_mac/MEPA2001_2024/src/install/ngc_interfaces/include/ngc_interfaces/ngc_interfaces/msg/detail/tau__rosidl_typesupport_fastrtps_cpp.hpp
[12.345s] -- Up-to-date: /home/alfred/shared_mac/MEPA2001_2024/src/install/ngc_interfaces/include/ngc_interfaces/ngc_interfaces/msg/detail/gnss__rosidl_typesupport_fastrtps_cpp.hpp
[12.350s] -- Up-to-date: /home/alfred/shared_mac/MEPA2001_2024/src/install/ngc_interfaces/lib/libngc_interfaces__rosidl_typesupport_fastrtps_cpp.so
[12.369s] -- Up-to-date: /home/alfred/shared_mac/MEPA2001_2024/src/install/ngc_interfaces/include/ngc_interfaces/ngc_interfaces
[12.371s] -- Up-to-date: /home/alfred/shared_mac/MEPA2001_2024/src/install/ngc_interfaces/include/ngc_interfaces/ngc_interfaces/msg
[12.372s] -- Up-to-date: /home/alfred/shared_mac/MEPA2001_2024/src/install/ngc_interfaces/include/ngc_interfaces/ngc_interfaces/msg/detail
[12.384s] -- Up-to-date: /home/alfred/shared_mac/MEPA2001_2024/src/install/ngc_interfaces/include/ngc_interfaces/ngc_interfaces/msg/detail/gnss__rosidl_typesupport_introspection_cpp.hpp
[12.399s] -- Up-to-date: /home/alfred/shared_mac/MEPA2001_2024/src/install/ngc_interfaces/include/ngc_interfaces/ngc_interfaces/msg/detail/heading_device__type_support.cpp
[12.404s] -- Up-to-date: /home/alfred/shared_mac/MEPA2001_2024/src/install/ngc_interfaces/include/ngc_interfaces/ngc_interfaces/msg/detail/eta__rosidl_typesupport_introspection_cpp.hpp
[12.409s] -- Up-to-date: /home/alfred/shared_mac/MEPA2001_2024/src/install/ngc_interfaces/include/ngc_interfaces/ngc_interfaces/msg/detail/thruster_signals__rosidl_typesupport_introspection_cpp.hpp
[12.411s] -- Up-to-date: /home/alfred/shared_mac/MEPA2001_2024/src/install/ngc_interfaces/include/ngc_interfaces/ngc_interfaces/msg/detail/tau__rosidl_typesupport_introspection_cpp.hpp
[12.417s] -- Up-to-date: /home/alfred/shared_mac/MEPA2001_2024/src/install/ngc_interfaces/include/ngc_interfaces/ngc_interfaces/msg/detail/wind__rosidl_typesupport_introspection_cpp.hpp
[12.428s] -- Up-to-date: /home/alfred/shared_mac/MEPA2001_2024/src/install/ngc_interfaces/include/ngc_interfaces/ngc_interfaces/msg/detail/wind__type_support.cpp
[12.429s] -- Up-to-date: /home/alfred/shared_mac/MEPA2001_2024/src/install/ngc_interfaces/include/ngc_interfaces/ngc_interfaces/msg/detail/nu__rosidl_typesupport_introspection_cpp.hpp
[12.431s] -- Up-to-date: /home/alfred/shared_mac/MEPA2001_2024/src/install/ngc_interfaces/include/ngc_interfaces/ngc_interfaces/msg/detail/gnss__type_support.cpp
[12.431s] -- Up-to-date: /home/alfred/shared_mac/MEPA2001_2024/src/install/ngc_interfaces/include/ngc_interfaces/ngc_interfaces/msg/detail/nu_dot__type_support.cpp
[12.443s] -- Up-to-date: /home/alfred/shared_mac/MEPA2001_2024/src/install/ngc_interfaces/include/ngc_interfaces/ngc_interfaces/msg/detail/eta__type_support.cpp
[12.451s] -- Up-to-date: /home/alfred/shared_mac/MEPA2001_2024/src/install/ngc_interfaces/include/ngc_interfaces/ngc_interfaces/msg/detail/heading_device__rosidl_typesupport_introspection_cpp.hpp
[12.453s] -- Up-to-date: /home/alfred/shared_mac/MEPA2001_2024/src/install/ngc_interfaces/include/ngc_interfaces/ngc_interfaces/msg/detail/nu__type_support.cpp
[12.458s] -- Up-to-date: /home/alfred/shared_mac/MEPA2001_2024/src/install/ngc_interfaces/include/ngc_interfaces/ngc_interfaces/msg/detail/tau__type_support.cpp
[12.467s] -- Up-to-date: /home/alfred/shared_mac/MEPA2001_2024/src/install/ngc_interfaces/include/ngc_interfaces/ngc_interfaces/msg/detail/thruster_signals__type_support.cpp
[12.469s] -- Up-to-date: /home/alfred/shared_mac/MEPA2001_2024/src/install/ngc_interfaces/include/ngc_interfaces/ngc_interfaces/msg/detail/nu_dot__rosidl_typesupport_introspection_cpp.hpp
[12.471s] -- Up-to-date: /home/alfred/shared_mac/MEPA2001_2024/src/install/ngc_interfaces/lib/libngc_interfaces__rosidl_typesupport_introspection_cpp.so
[12.475s] -- Up-to-date: /home/alfred/shared_mac/MEPA2001_2024/src/install/ngc_interfaces/lib/libngc_interfaces__rosidl_typesupport_cpp.so
[12.480s] -- Up-to-date: /home/alfred/shared_mac/MEPA2001_2024/src/install/ngc_interfaces/share/ngc_interfaces/environment/pythonpath.sh
[12.486s] -- Up-to-date: /home/alfred/shared_mac/MEPA2001_2024/src/install/ngc_interfaces/share/ngc_interfaces/environment/pythonpath.dsv
[12.492s] -- Up-to-date: /home/alfred/shared_mac/MEPA2001_2024/src/install/ngc_interfaces/lib/python3.12/site-packages/ngc_interfaces-0.0.0-py3.12.egg-info
[12.495s] -- Installing: /home/alfred/shared_mac/MEPA2001_2024/src/install/ngc_interfaces/lib/python3.12/site-packages/ngc_interfaces-0.0.0-py3.12.egg-info/PKG-INFO
[12.497s] -- Installing: /home/alfred/shared_mac/MEPA2001_2024/src/install/ngc_interfaces/lib/python3.12/site-packages/ngc_interfaces-0.0.0-py3.12.egg-info/SOURCES.txt
[12.509s] -- Installing: /home/alfred/shared_mac/MEPA2001_2024/src/install/ngc_interfaces/lib/python3.12/site-packages/ngc_interfaces-0.0.0-py3.12.egg-info/top_level.txt
[12.517s] -- Installing: /home/alfred/shared_mac/MEPA2001_2024/src/install/ngc_interfaces/lib/python3.12/site-packages/ngc_interfaces-0.0.0-py3.12.egg-info/dependency_links.txt
[12.520s] -- Up-to-date: /home/alfred/shared_mac/MEPA2001_2024/src/install/ngc_interfaces/lib/python3.12/site-packages/ngc_interfaces
[12.521s] -- Up-to-date: /home/alfred/shared_mac/MEPA2001_2024/src/install/ngc_interfaces/lib/python3.12/site-packages/ngc_interfaces/ngc_interfaces_s__rosidl_typesupport_fastrtps_c.so
[12.542s] -- Up-to-date: /home/alfred/shared_mac/MEPA2001_2024/src/install/ngc_interfaces/lib/python3.12/site-packages/ngc_interfaces/msg
[12.546s] -- Up-to-date: /home/alfred/shared_mac/MEPA2001_2024/src/install/ngc_interfaces/lib/python3.12/site-packages/ngc_interfaces/msg/_heading_device_s.c
[12.553s] -- Up-to-date: /home/alfred/shared_mac/MEPA2001_2024/src/install/ngc_interfaces/lib/python3.12/site-packages/ngc_interfaces/msg/_thruster_signals_s.c
[12.566s] -- Up-to-date: /home/alfred/shared_mac/MEPA2001_2024/src/install/ngc_interfaces/lib/python3.12/site-packages/ngc_interfaces/msg/_wind_s.c
[12.568s] -- Up-to-date: /home/alfred/shared_mac/MEPA2001_2024/src/install/ngc_interfaces/lib/python3.12/site-packages/ngc_interfaces/msg/_nu_s.c
[12.570s] -- Up-to-date: /home/alfred/shared_mac/MEPA2001_2024/src/install/ngc_interfaces/lib/python3.12/site-packages/ngc_interfaces/msg/_nu_dot.py
[12.572s] -- Up-to-date: /home/alfred/shared_mac/MEPA2001_2024/src/install/ngc_interfaces/lib/python3.12/site-packages/ngc_interfaces/msg/__init__.py
[12.578s] -- Up-to-date: /home/alfred/shared_mac/MEPA2001_2024/src/install/ngc_interfaces/lib/python3.12/site-packages/ngc_interfaces/msg/_nu_dot_s.c
[12.579s] -- Up-to-date: /home/alfred/shared_mac/MEPA2001_2024/src/install/ngc_interfaces/lib/python3.12/site-packages/ngc_interfaces/msg/_eta.py
[12.585s] -- Up-to-date: /home/alfred/shared_mac/MEPA2001_2024/src/install/ngc_interfaces/lib/python3.12/site-packages/ngc_interfaces/msg/_tau.py
[12.589s] -- Up-to-date: /home/alfred/shared_mac/MEPA2001_2024/src/install/ngc_interfaces/lib/python3.12/site-packages/ngc_interfaces/msg/_eta_s.c
[12.592s] -- Up-to-date: /home/alfred/shared_mac/MEPA2001_2024/src/install/ngc_interfaces/lib/python3.12/site-packages/ngc_interfaces/msg/_wind.py
[12.601s] -- Up-to-date: /home/alfred/shared_mac/MEPA2001_2024/src/install/ngc_interfaces/lib/python3.12/site-packages/ngc_interfaces/msg/_heading_device.py
[12.604s] -- Up-to-date: /home/alfred/shared_mac/MEPA2001_2024/src/install/ngc_interfaces/lib/python3.12/site-packages/ngc_interfaces/msg/_thruster_signals.py
[12.619s] -- Up-to-date: /home/alfred/shared_mac/MEPA2001_2024/src/install/ngc_interfaces/lib/python3.12/site-packages/ngc_interfaces/msg/_gnss_s.c
[12.633s] -- Up-to-date: /home/alfred/shared_mac/MEPA2001_2024/src/install/ngc_interfaces/lib/python3.12/site-packages/ngc_interfaces/msg/_tau_s.c
[12.638s] -- Up-to-date: /home/alfred/shared_mac/MEPA2001_2024/src/install/ngc_interfaces/lib/python3.12/site-packages/ngc_interfaces/msg/_nu.py
[12.642s] -- Up-to-date: /home/alfred/shared_mac/MEPA2001_2024/src/install/ngc_interfaces/lib/python3.12/site-packages/ngc_interfaces/msg/_gnss.py
[12.645s] -- Up-to-date: /home/alfred/shared_mac/MEPA2001_2024/src/install/ngc_interfaces/lib/python3.12/site-packages/ngc_interfaces/__init__.py
[12.657s] -- Up-to-date: /home/alfred/shared_mac/MEPA2001_2024/src/install/ngc_interfaces/lib/python3.12/site-packages/ngc_interfaces/_ngc_interfaces_s.ep.rosidl_typesupport_fastrtps_c.c
[12.660s] -- Up-to-date: /home/alfred/shared_mac/MEPA2001_2024/src/install/ngc_interfaces/lib/python3.12/site-packages/ngc_interfaces/ngc_interfaces_s__rosidl_typesupport_c.so
[12.676s] -- Up-to-date: /home/alfred/shared_mac/MEPA2001_2024/src/install/ngc_interfaces/lib/python3.12/site-packages/ngc_interfaces/_ngc_interfaces_s.ep.rosidl_typesupport_introspection_c.c
[12.689s] -- Up-to-date: /home/alfred/shared_mac/MEPA2001_2024/src/install/ngc_interfaces/lib/python3.12/site-packages/ngc_interfaces/ngc_interfaces_s__rosidl_typesupport_introspection_c.so
[12.695s] -- Up-to-date: /home/alfred/shared_mac/MEPA2001_2024/src/install/ngc_interfaces/lib/python3.12/site-packages/ngc_interfaces/_ngc_interfaces_s.ep.rosidl_typesupport_c.c
[12.944s] Listing '/home/alfred/shared_mac/MEPA2001_2024/src/install/ngc_interfaces/lib/python3.12/site-packages/ngc_interfaces'...
[12.946s] Listing '/home/alfred/shared_mac/MEPA2001_2024/src/install/ngc_interfaces/lib/python3.12/site-packages/ngc_interfaces/msg'...
[13.033s] -- Up-to-date: /home/alfred/shared_mac/MEPA2001_2024/src/install/ngc_interfaces/lib/python3.12/site-packages/ngc_interfaces/ngc_interfaces_s__rosidl_typesupport_fastrtps_c.so
[13.158s] -- Up-to-date: /home/alfred/shared_mac/MEPA2001_2024/src/install/ngc_interfaces/lib/python3.12/site-packages/ngc_interfaces/ngc_interfaces_s__rosidl_typesupport_introspection_c.so
[13.263s] -- Up-to-date: /home/alfred/shared_mac/MEPA2001_2024/src/install/ngc_interfaces/lib/python3.12/site-packages/ngc_interfaces/ngc_interfaces_s__rosidl_typesupport_c.so
[13.392s] -- Up-to-date: /home/alfred/shared_mac/MEPA2001_2024/src/install/ngc_interfaces/lib/libngc_interfaces__rosidl_generator_py.so
[13.401s] -- Up-to-date: /home/alfred/shared_mac/MEPA2001_2024/src/install/ngc_interfaces/share/ngc_interfaces/msg/Eta.idl
[13.403s] -- Up-to-date: /home/alfred/shared_mac/MEPA2001_2024/src/install/ngc_interfaces/share/ngc_interfaces/msg/Nu.idl
[13.409s] -- Up-to-date: /home/alfred/shared_mac/MEPA2001_2024/src/install/ngc_interfaces/share/ngc_interfaces/msg/NuDot.idl
[13.443s] -- Up-to-date: /home/alfred/shared_mac/MEPA2001_2024/src/install/ngc_interfaces/share/ngc_interfaces/msg/Tau.idl
[13.446s] -- Up-to-date: /home/alfred/shared_mac/MEPA2001_2024/src/install/ngc_interfaces/share/ngc_interfaces/msg/Wind.idl
[13.448s] -- Up-to-date: /home/alfred/shared_mac/MEPA2001_2024/src/install/ngc_interfaces/share/ngc_interfaces/msg/ThrusterSignals.idl
[13.449s] -- Up-to-date: /home/alfred/shared_mac/MEPA2001_2024/src/install/ngc_interfaces/share/ngc_interfaces/msg/GNSS.idl
[13.462s] -- Up-to-date: /home/alfred/shared_mac/MEPA2001_2024/src/install/ngc_interfaces/share/ngc_interfaces/msg/HeadingDevice.idl
[13.467s] -- Up-to-date: /home/alfred/shared_mac/MEPA2001_2024/src/install/ngc_interfaces/share/ngc_interfaces/msg/Eta.msg
[13.471s] -- Up-to-date: /home/alfred/shared_mac/MEPA2001_2024/src/install/ngc_interfaces/share/ngc_interfaces/msg/Nu.msg
[13.474s] -- Up-to-date: /home/alfred/shared_mac/MEPA2001_2024/src/install/ngc_interfaces/share/ngc_interfaces/msg/NuDot.msg
[13.475s] -- Up-to-date: /home/alfred/shared_mac/MEPA2001_2024/src/install/ngc_interfaces/share/ngc_interfaces/msg/Tau.msg
[13.477s] -- Up-to-date: /home/alfred/shared_mac/MEPA2001_2024/src/install/ngc_interfaces/share/ngc_interfaces/msg/Wind.msg
[13.481s] -- Up-to-date: /home/alfred/shared_mac/MEPA2001_2024/src/install/ngc_interfaces/share/ngc_interfaces/msg/ThrusterSignals.msg
[13.482s] -- Up-to-date: /home/alfred/shared_mac/MEPA2001_2024/src/install/ngc_interfaces/share/ngc_interfaces/msg/GNSS.msg
[13.483s] -- Up-to-date: /home/alfred/shared_mac/MEPA2001_2024/src/install/ngc_interfaces/share/ngc_interfaces/msg/HeadingDevice.msg
[13.523s] -- Up-to-date: /home/alfred/shared_mac/MEPA2001_2024/src/install/ngc_interfaces/share/ament_index/resource_index/package_run_dependencies/ngc_interfaces
[13.529s] -- Up-to-date: /home/alfred/shared_mac/MEPA2001_2024/src/install/ngc_interfaces/share/ament_index/resource_index/parent_prefix_path/ngc_interfaces
[13.531s] -- Up-to-date: /home/alfred/shared_mac/MEPA2001_2024/src/install/ngc_interfaces/share/ngc_interfaces/environment/ament_prefix_path.sh
[13.545s] -- Up-to-date: /home/alfred/shared_mac/MEPA2001_2024/src/install/ngc_interfaces/share/ngc_interfaces/environment/ament_prefix_path.dsv
[13.546s] -- Up-to-date: /home/alfred/shared_mac/MEPA2001_2024/src/install/ngc_interfaces/share/ngc_interfaces/environment/path.sh
[13.568s] -- Up-to-date: /home/alfred/shared_mac/MEPA2001_2024/src/install/ngc_interfaces/share/ngc_interfaces/environment/path.dsv
[13.576s] -- Up-to-date: /home/alfred/shared_mac/MEPA2001_2024/src/install/ngc_interfaces/share/ngc_interfaces/local_setup.bash
[13.582s] -- Up-to-date: /home/alfred/shared_mac/MEPA2001_2024/src/install/ngc_interfaces/share/ngc_interfaces/local_setup.sh
[13.594s] -- Up-to-date: /home/alfred/shared_mac/MEPA2001_2024/src/install/ngc_interfaces/share/ngc_interfaces/local_setup.zsh
[13.597s] -- Up-to-date: /home/alfred/shared_mac/MEPA2001_2024/src/install/ngc_interfaces/share/ngc_interfaces/local_setup.dsv
[13.599s] -- Installing: /home/alfred/shared_mac/MEPA2001_2024/src/install/ngc_interfaces/share/ngc_interfaces/package.dsv
[13.641s] -- Up-to-date: /home/alfred/shared_mac/MEPA2001_2024/src/install/ngc_interfaces/share/ament_index/resource_index/packages/ngc_interfaces
[13.661s] -- Up-to-date: /home/alfred/shared_mac/MEPA2001_2024/src/install/ngc_interfaces/share/ngc_interfaces/cmake/export_ngc_interfaces__rosidl_generator_cExport.cmake
[13.674s] -- Up-to-date: /home/alfred/shared_mac/MEPA2001_2024/src/install/ngc_interfaces/share/ngc_interfaces/cmake/export_ngc_interfaces__rosidl_generator_cExport-noconfig.cmake
[13.696s] -- Up-to-date: /home/alfred/shared_mac/MEPA2001_2024/src/install/ngc_interfaces/share/ngc_interfaces/cmake/export_ngc_interfaces__rosidl_typesupport_fastrtps_cExport.cmake
[13.700s] -- Up-to-date: /home/alfred/shared_mac/MEPA2001_2024/src/install/ngc_interfaces/share/ngc_interfaces/cmake/export_ngc_interfaces__rosidl_typesupport_fastrtps_cExport-noconfig.cmake
[13.706s] -- Up-to-date: /home/alfred/shared_mac/MEPA2001_2024/src/install/ngc_interfaces/share/ngc_interfaces/cmake/ngc_interfaces__rosidl_typesupport_introspection_cExport.cmake
[13.719s] -- Up-to-date: /home/alfred/shared_mac/MEPA2001_2024/src/install/ngc_interfaces/share/ngc_interfaces/cmake/ngc_interfaces__rosidl_typesupport_introspection_cExport-noconfig.cmake
[13.726s] -- Up-to-date: /home/alfred/shared_mac/MEPA2001_2024/src/install/ngc_interfaces/share/ngc_interfaces/cmake/ngc_interfaces__rosidl_typesupport_cExport.cmake
[13.735s] -- Up-to-date: /home/alfred/shared_mac/MEPA2001_2024/src/install/ngc_interfaces/share/ngc_interfaces/cmake/ngc_interfaces__rosidl_typesupport_cExport-noconfig.cmake
[13.737s] -- Up-to-date: /home/alfred/shared_mac/MEPA2001_2024/src/install/ngc_interfaces/share/ngc_interfaces/cmake/export_ngc_interfaces__rosidl_generator_cppExport.cmake
[13.740s] -- Up-to-date: /home/alfred/shared_mac/MEPA2001_2024/src/install/ngc_interfaces/share/ngc_interfaces/cmake/export_ngc_interfaces__rosidl_typesupport_fastrtps_cppExport.cmake
[13.742s] -- Up-to-date: /home/alfred/shared_mac/MEPA2001_2024/src/install/ngc_interfaces/share/ngc_interfaces/cmake/export_ngc_interfaces__rosidl_typesupport_fastrtps_cppExport-noconfig.cmake
[13.752s] -- Up-to-date: /home/alfred/shared_mac/MEPA2001_2024/src/install/ngc_interfaces/share/ngc_interfaces/cmake/ngc_interfaces__rosidl_typesupport_introspection_cppExport.cmake
[13.765s] -- Up-to-date: /home/alfred/shared_mac/MEPA2001_2024/src/install/ngc_interfaces/share/ngc_interfaces/cmake/ngc_interfaces__rosidl_typesupport_introspection_cppExport-noconfig.cmake
[13.774s] -- Up-to-date: /home/alfred/shared_mac/MEPA2001_2024/src/install/ngc_interfaces/share/ngc_interfaces/cmake/ngc_interfaces__rosidl_typesupport_cppExport.cmake
[13.786s] -- Up-to-date: /home/alfred/shared_mac/MEPA2001_2024/src/install/ngc_interfaces/share/ngc_interfaces/cmake/ngc_interfaces__rosidl_typesupport_cppExport-noconfig.cmake
[13.795s] -- Up-to-date: /home/alfred/shared_mac/MEPA2001_2024/src/install/ngc_interfaces/share/ngc_interfaces/cmake/export_ngc_interfaces__rosidl_generator_pyExport.cmake
[13.799s] -- Up-to-date: /home/alfred/shared_mac/MEPA2001_2024/src/install/ngc_interfaces/share/ngc_interfaces/cmake/export_ngc_interfaces__rosidl_generator_pyExport-noconfig.cmake
[13.817s] -- Up-to-date: /home/alfred/shared_mac/MEPA2001_2024/src/install/ngc_interfaces/share/ngc_interfaces/cmake/rosidl_cmake-extras.cmake
[13.820s] -- Up-to-date: /home/alfred/shared_mac/MEPA2001_2024/src/install/ngc_interfaces/share/ngc_interfaces/cmake/ament_cmake_export_include_directories-extras.cmake
[13.827s] -- Up-to-date: /home/alfred/shared_mac/MEPA2001_2024/src/install/ngc_interfaces/share/ngc_interfaces/cmake/ament_cmake_export_libraries-extras.cmake
[13.829s] -- Up-to-date: /home/alfred/shared_mac/MEPA2001_2024/src/install/ngc_interfaces/share/ngc_interfaces/cmake/ament_cmake_export_targets-extras.cmake
[13.841s] -- Up-to-date: /home/alfred/shared_mac/MEPA2001_2024/src/install/ngc_interfaces/share/ngc_interfaces/cmake/rosidl_cmake_export_typesupport_targets-extras.cmake
[13.843s] -- Up-to-date: /home/alfred/shared_mac/MEPA2001_2024/src/install/ngc_interfaces/share/ngc_interfaces/cmake/ament_cmake_export_dependencies-extras.cmake
[13.846s] -- Up-to-date: /home/alfred/shared_mac/MEPA2001_2024/src/install/ngc_interfaces/share/ngc_interfaces/cmake/rosidl_cmake_export_typesupport_libraries-extras.cmake
[13.856s] -- Up-to-date: /home/alfred/shared_mac/MEPA2001_2024/src/install/ngc_interfaces/share/ngc_interfaces/cmake/ngc_interfacesConfig.cmake
[13.858s] -- Up-to-date: /home/alfred/shared_mac/MEPA2001_2024/src/install/ngc_interfaces/share/ngc_interfaces/cmake/ngc_interfacesConfig-version.cmake
[13.873s] -- Up-to-date: /home/alfred/shared_mac/MEPA2001_2024/src/install/ngc_interfaces/share/ngc_interfaces/package.xml
[13.903s] Invoked command in '/home/alfred/shared_mac/MEPA2001_2024/src/build/ngc_interfaces' returned '0': CMAKE_PREFIX_PATH=${CMAKE_PREFIX_PATH}:/opt/ros/jazzy DEBUGINFOD_URLS=https://debuginfod.ubuntu.com /usr/bin/cmake --install /home/alfred/shared_mac/MEPA2001_2024/src/build/ngc_interfaces
