[  1%] Built target ngc_interfaces__rosidl_generator_type_description
[  1%] Built target ament_cmake_python_copy_ngc_interfaces
[  1%] Built target ngc_interfaces__cpp
[ 26%] Built target ngc_interfaces__rosidl_generator_c
[ 35%] Built target ngc_interfaces__rosidl_typesupport_introspection_c
running egg_info
writing ngc_interfaces.egg-info/PKG-INFO
writing dependency_links to ngc_interfaces.egg-info/dependency_links.txt
writing top-level names to ngc_interfaces.egg-info/top_level.txt
[ 44%] Built target ngc_interfaces__rosidl_typesupport_cpp
[ 54%] Built target ngc_interfaces__rosidl_typesupport_c
reading manifest file 'ngc_interfaces.egg-info/SOURCES.txt'
writing manifest file 'ngc_interfaces.egg-info/SOURCES.txt'
[ 54%] Built target ament_cmake_python_build_ngc_interfaces_egg
[ 64%] Built target ngc_interfaces__rosidl_typesupport_fastrtps_c
[ 74%] Built target ngc_interfaces__rosidl_typesupport_introspection_cpp
[ 84%] Built target ngc_interfaces__rosidl_typesupport_fastrtps_cpp
[ 84%] Built target ngc_interfaces
[ 85%] Built target ngc_interfaces__py
[ 94%] Built target ngc_interfaces__rosidl_generator_py
[ 98%] Built target ngc_interfaces_s__rosidl_typesupport_c
[ 98%] Built target ngc_interfaces_s__rosidl_typesupport_introspection_c
[100%] Built target ngc_interfaces_s__rosidl_typesupport_fastrtps_c
-- Install configuration: ""
-- Up-to-date: /home/alfred/shared_mac/MEPA2001_2024/src/install/ngc_interfaces/share/ament_index/resource_index/rosidl_interfaces/ngc_interfaces
-- Up-to-date: /home/alfred/shared_mac/MEPA2001_2024/src/install/ngc_interfaces/share/ngc_interfaces/msg/Eta.json
-- Up-to-date: /home/alfred/shared_mac/MEPA2001_2024/src/install/ngc_interfaces/share/ngc_interfaces/msg/Nu.json
-- Up-to-date: /home/alfred/shared_mac/MEPA2001_2024/src/install/ngc_interfaces/share/ngc_interfaces/msg/NuDot.json
-- Up-to-date: /home/alfred/shared_mac/MEPA2001_2024/src/install/ngc_interfaces/share/ngc_interfaces/msg/Tau.json
-- Up-to-date: /home/alfred/shared_mac/MEPA2001_2024/src/install/ngc_interfaces/share/ngc_interfaces/msg/Wind.json
-- Up-to-date: /home/alfred/shared_mac/MEPA2001_2024/src/install/ngc_interfaces/share/ngc_interfaces/msg/ThrusterSignals.json
-- Up-to-date: /home/alfred/shared_mac/MEPA2001_2024/src/install/ngc_interfaces/share/ngc_interfaces/msg/GNSS.json
-- Up-to-date: /home/alfred/shared_mac/MEPA2001_2024/src/install/ngc_interfaces/share/ngc_interfaces/msg/HeadingDevice.json
-- Up-to-date: /home/alfred/shared_mac/MEPA2001_2024/src/install/ngc_interfaces/include/ngc_interfaces/ngc_interfaces
-- Up-to-date: /home/alfred/shared_mac/MEPA2001_2024/src/install/ngc_interfaces/include/ngc_interfaces/ngc_interfaces/msg
-- Up-to-date: /home/alfred/shared_mac/MEPA2001_2024/src/install/ngc_interfaces/include/ngc_interfaces/ngc_interfaces/msg/tau.h
-- Up-to-date: /home/alfred/shared_mac/MEPA2001_2024/src/install/ngc_interfaces/include/ngc_interfaces/ngc_interfaces/msg/rosidl_generator_c__visibility_control.h
-- Up-to-date: /home/alfred/shared_mac/MEPA2001_2024/src/install/ngc_interfaces/include/ngc_interfaces/ngc_interfaces/msg/eta.h
-- Up-to-date: /home/alfred/shared_mac/MEPA2001_2024/src/install/ngc_interfaces/include/ngc_interfaces/ngc_interfaces/msg/heading_device.h
-- Up-to-date: /home/alfred/shared_mac/MEPA2001_2024/src/install/ngc_interfaces/include/ngc_interfaces/ngc_interfaces/msg/gnss.h
-- Up-to-date: /home/alfred/shared_mac/MEPA2001_2024/src/install/ngc_interfaces/include/ngc_interfaces/ngc_interfaces/msg/detail
-- Up-to-date: /home/alfred/shared_mac/MEPA2001_2024/src/install/ngc_interfaces/include/ngc_interfaces/ngc_interfaces/msg/detail/nu__functions.c
-- Up-to-date: /home/alfred/shared_mac/MEPA2001_2024/src/install/ngc_interfaces/include/ngc_interfaces/ngc_interfaces/msg/detail/nu__type_support.h
-- Up-to-date: /home/alfred/shared_mac/MEPA2001_2024/src/install/ngc_interfaces/include/ngc_interfaces/ngc_interfaces/msg/detail/thruster_signals__functions.c
-- Up-to-date: /home/alfred/shared_mac/MEPA2001_2024/src/install/ngc_interfaces/include/ngc_interfaces/ngc_interfaces/msg/detail/tau__struct.h
-- Up-to-date: /home/alfred/shared_mac/MEPA2001_2024/src/install/ngc_interfaces/include/ngc_interfaces/ngc_interfaces/msg/detail/wind__description.c
-- Up-to-date: /home/alfred/shared_mac/MEPA2001_2024/src/install/ngc_interfaces/include/ngc_interfaces/ngc_interfaces/msg/detail/thruster_signals__type_support.h
-- Up-to-date: /home/alfred/shared_mac/MEPA2001_2024/src/install/ngc_interfaces/include/ngc_interfaces/ngc_interfaces/msg/detail/gnss__functions.h
-- Up-to-date: /home/alfred/shared_mac/MEPA2001_2024/src/install/ngc_interfaces/include/ngc_interfaces/ngc_interfaces/msg/detail/tau__description.c
-- Up-to-date: /home/alfred/shared_mac/MEPA2001_2024/src/install/ngc_interfaces/include/ngc_interfaces/ngc_interfaces/msg/detail/wind__type_support.h
-- Installing: /home/alfred/shared_mac/MEPA2001_2024/src/install/ngc_interfaces/include/ngc_interfaces/ngc_interfaces/msg/detail/gnss__type_support.c
-- Up-to-date: /home/alfred/shared_mac/MEPA2001_2024/src/install/ngc_interfaces/include/ngc_interfaces/ngc_interfaces/msg/detail/tau__functions.c
-- Up-to-date: /home/alfred/shared_mac/MEPA2001_2024/src/install/ngc_interfaces/include/ngc_interfaces/ngc_interfaces/msg/detail/thruster_signals__struct.h
-- Up-to-date: /home/alfred/shared_mac/MEPA2001_2024/src/install/ngc_interfaces/include/ngc_interfaces/ngc_interfaces/msg/detail/heading_device__struct.h
-- Installing: /home/alfred/shared_mac/MEPA2001_2024/src/install/ngc_interfaces/include/ngc_interfaces/ngc_interfaces/msg/detail/eta__type_support.c
-- Up-to-date: /home/alfred/shared_mac/MEPA2001_2024/src/install/ngc_interfaces/include/ngc_interfaces/ngc_interfaces/msg/detail/heading_device__type_support.h
-- Up-to-date: /home/alfred/shared_mac/MEPA2001_2024/src/install/ngc_interfaces/include/ngc_interfaces/ngc_interfaces/msg/detail/nu_dot__functions.h
-- Up-to-date: /home/alfred/shared_mac/MEPA2001_2024/src/install/ngc_interfaces/include/ngc_interfaces/ngc_interfaces/msg/detail/wind__functions.c
-- Up-to-date: /home/alfred/shared_mac/MEPA2001_2024/src/install/ngc_interfaces/include/ngc_interfaces/ngc_interfaces/msg/detail/nu_dot__type_support.h
-- Up-to-date: /home/alfred/shared_mac/MEPA2001_2024/src/install/ngc_interfaces/include/ngc_interfaces/ngc_interfaces/msg/detail/gnss__struct.h
-- Up-to-date: /home/alfred/shared_mac/MEPA2001_2024/src/install/ngc_interfaces/include/ngc_interfaces/ngc_interfaces/msg/detail/nu__struct.h
-- Up-to-date: /home/alfred/shared_mac/MEPA2001_2024/src/install/ngc_interfaces/include/ngc_interfaces/ngc_interfaces/msg/detail/heading_device__functions.h
-- Up-to-date: /home/alfred/shared_mac/MEPA2001_2024/src/install/ngc_interfaces/include/ngc_interfaces/ngc_interfaces/msg/detail/eta__functions.h
-- Up-to-date: /home/alfred/shared_mac/MEPA2001_2024/src/install/ngc_interfaces/include/ngc_interfaces/ngc_interfaces/msg/detail/wind__struct.h
-- Up-to-date: /home/alfred/shared_mac/MEPA2001_2024/src/install/ngc_interfaces/include/ngc_interfaces/ngc_interfaces/msg/detail/tau__type_support.h
-- Up-to-date: /home/alfred/shared_mac/MEPA2001_2024/src/install/ngc_interfaces/include/ngc_interfaces/ngc_interfaces/msg/detail/eta__struct.h
-- Up-to-date: /home/alfred/shared_mac/MEPA2001_2024/src/install/ngc_interfaces/include/ngc_interfaces/ngc_interfaces/msg/detail/nu_dot__struct.h
-- Installing: /home/alfred/shared_mac/MEPA2001_2024/src/install/ngc_interfaces/include/ngc_interfaces/ngc_interfaces/msg/detail/thruster_signals__type_support.c
-- Up-to-date: /home/alfred/shared_mac/MEPA2001_2024/src/install/ngc_interfaces/include/ngc_interfaces/ngc_interfaces/msg/detail/nu__functions.h
-- Up-to-date: /home/alfred/shared_mac/MEPA2001_2024/src/install/ngc_interfaces/include/ngc_interfaces/ngc_interfaces/msg/detail/thruster_signals__functions.h
-- Installing: /home/alfred/shared_mac/MEPA2001_2024/src/install/ngc_interfaces/include/ngc_interfaces/ngc_interfaces/msg/detail/nu__type_support.c
-- Up-to-date: /home/alfred/shared_mac/MEPA2001_2024/src/install/ngc_interfaces/include/ngc_interfaces/ngc_interfaces/msg/detail/nu_dot__description.c
-- Up-to-date: /home/alfred/shared_mac/MEPA2001_2024/src/install/ngc_interfaces/include/ngc_interfaces/ngc_interfaces/msg/detail/tau__functions.h
-- Up-to-date: /home/alfred/shared_mac/MEPA2001_2024/src/install/ngc_interfaces/include/ngc_interfaces/ngc_interfaces/msg/detail/eta__description.c
-- Up-to-date: /home/alfred/shared_mac/MEPA2001_2024/src/install/ngc_interfaces/include/ngc_interfaces/ngc_interfaces/msg/detail/gnss__type_support.h
-- Installing: /home/alfred/shared_mac/MEPA2001_2024/src/install/ngc_interfaces/include/ngc_interfaces/ngc_interfaces/msg/detail/wind__type_support.c
-- Up-to-date: /home/alfred/shared_mac/MEPA2001_2024/src/install/ngc_interfaces/include/ngc_interfaces/ngc_interfaces/msg/detail/gnss__functions.c
-- Up-to-date: /home/alfred/shared_mac/MEPA2001_2024/src/install/ngc_interfaces/include/ngc_interfaces/ngc_interfaces/msg/detail/nu_dot__functions.c
-- Installing: /home/alfred/shared_mac/MEPA2001_2024/src/install/ngc_interfaces/include/ngc_interfaces/ngc_interfaces/msg/detail/heading_device__type_support.c
-- Up-to-date: /home/alfred/shared_mac/MEPA2001_2024/src/install/ngc_interfaces/include/ngc_interfaces/ngc_interfaces/msg/detail/gnss__description.c
-- Up-to-date: /home/alfred/shared_mac/MEPA2001_2024/src/install/ngc_interfaces/include/ngc_interfaces/ngc_interfaces/msg/detail/thruster_signals__description.c
-- Up-to-date: /home/alfred/shared_mac/MEPA2001_2024/src/install/ngc_interfaces/include/ngc_interfaces/ngc_interfaces/msg/detail/nu__description.c
-- Up-to-date: /home/alfred/shared_mac/MEPA2001_2024/src/install/ngc_interfaces/include/ngc_interfaces/ngc_interfaces/msg/detail/eta__type_support.h
-- Installing: /home/alfred/shared_mac/MEPA2001_2024/src/install/ngc_interfaces/include/ngc_interfaces/ngc_interfaces/msg/detail/tau__type_support.c
-- Up-to-date: /home/alfred/shared_mac/MEPA2001_2024/src/install/ngc_interfaces/include/ngc_interfaces/ngc_interfaces/msg/detail/eta__functions.c
-- Up-to-date: /home/alfred/shared_mac/MEPA2001_2024/src/install/ngc_interfaces/include/ngc_interfaces/ngc_interfaces/msg/detail/heading_device__functions.c
-- Up-to-date: /home/alfred/shared_mac/MEPA2001_2024/src/install/ngc_interfaces/include/ngc_interfaces/ngc_interfaces/msg/detail/heading_device__description.c
-- Installing: /home/alfred/shared_mac/MEPA2001_2024/src/install/ngc_interfaces/include/ngc_interfaces/ngc_interfaces/msg/detail/nu_dot__type_support.c
-- Up-to-date: /home/alfred/shared_mac/MEPA2001_2024/src/install/ngc_interfaces/include/ngc_interfaces/ngc_interfaces/msg/detail/wind__functions.h
-- Up-to-date: /home/alfred/shared_mac/MEPA2001_2024/src/install/ngc_interfaces/include/ngc_interfaces/ngc_interfaces/msg/thruster_signals.h
-- Up-to-date: /home/alfred/shared_mac/MEPA2001_2024/src/install/ngc_interfaces/include/ngc_interfaces/ngc_interfaces/msg/nu_dot.h
-- Up-to-date: /home/alfred/shared_mac/MEPA2001_2024/src/install/ngc_interfaces/include/ngc_interfaces/ngc_interfaces/msg/wind.h
-- Up-to-date: /home/alfred/shared_mac/MEPA2001_2024/src/install/ngc_interfaces/include/ngc_interfaces/ngc_interfaces/msg/nu.h
-- Up-to-date: /home/alfred/shared_mac/MEPA2001_2024/src/install/ngc_interfaces/share/ngc_interfaces/environment/library_path.sh
-- Up-to-date: /home/alfred/shared_mac/MEPA2001_2024/src/install/ngc_interfaces/share/ngc_interfaces/environment/library_path.dsv
-- Up-to-date: /home/alfred/shared_mac/MEPA2001_2024/src/install/ngc_interfaces/lib/libngc_interfaces__rosidl_generator_c.so
-- Up-to-date: /home/alfred/shared_mac/MEPA2001_2024/src/install/ngc_interfaces/include/ngc_interfaces/ngc_interfaces
-- Up-to-date: /home/alfred/shared_mac/MEPA2001_2024/src/install/ngc_interfaces/include/ngc_interfaces/ngc_interfaces/msg
-- Up-to-date: /home/alfred/shared_mac/MEPA2001_2024/src/install/ngc_interfaces/include/ngc_interfaces/ngc_interfaces/msg/detail
-- Up-to-date: /home/alfred/shared_mac/MEPA2001_2024/src/install/ngc_interfaces/include/ngc_interfaces/ngc_interfaces/msg/detail/heading_device__rosidl_typesupport_fastrtps_c.h
-- Up-to-date: /home/alfred/shared_mac/MEPA2001_2024/src/install/ngc_interfaces/include/ngc_interfaces/ngc_interfaces/msg/detail/gnss__rosidl_typesupport_fastrtps_c.h
-- Up-to-date: /home/alfred/shared_mac/MEPA2001_2024/src/install/ngc_interfaces/include/ngc_interfaces/ngc_interfaces/msg/detail/tau__rosidl_typesupport_fastrtps_c.h
-- Up-to-date: /home/alfred/shared_mac/MEPA2001_2024/src/install/ngc_interfaces/include/ngc_interfaces/ngc_interfaces/msg/detail/nu__rosidl_typesupport_fastrtps_c.h
-- Up-to-date: /home/alfred/shared_mac/MEPA2001_2024/src/install/ngc_interfaces/include/ngc_interfaces/ngc_interfaces/msg/detail/wind__rosidl_typesupport_fastrtps_c.h
-- Up-to-date: /home/alfred/shared_mac/MEPA2001_2024/src/install/ngc_interfaces/include/ngc_interfaces/ngc_interfaces/msg/detail/thruster_signals__rosidl_typesupport_fastrtps_c.h
-- Up-to-date: /home/alfred/shared_mac/MEPA2001_2024/src/install/ngc_interfaces/include/ngc_interfaces/ngc_interfaces/msg/detail/eta__rosidl_typesupport_fastrtps_c.h
-- Up-to-date: /home/alfred/shared_mac/MEPA2001_2024/src/install/ngc_interfaces/include/ngc_interfaces/ngc_interfaces/msg/detail/nu_dot__rosidl_typesupport_fastrtps_c.h
-- Up-to-date: /home/alfred/shared_mac/MEPA2001_2024/src/install/ngc_interfaces/include/ngc_interfaces/ngc_interfaces/msg/rosidl_typesupport_fastrtps_c__visibility_control.h
-- Up-to-date: /home/alfred/shared_mac/MEPA2001_2024/src/install/ngc_interfaces/lib/libngc_interfaces__rosidl_typesupport_fastrtps_c.so
-- Up-to-date: /home/alfred/shared_mac/MEPA2001_2024/src/install/ngc_interfaces/include/ngc_interfaces/ngc_interfaces
-- Up-to-date: /home/alfred/shared_mac/MEPA2001_2024/src/install/ngc_interfaces/include/ngc_interfaces/ngc_interfaces/msg
-- Up-to-date: /home/alfred/shared_mac/MEPA2001_2024/src/install/ngc_interfaces/include/ngc_interfaces/ngc_interfaces/msg/detail
-- Up-to-date: /home/alfred/shared_mac/MEPA2001_2024/src/install/ngc_interfaces/include/ngc_interfaces/ngc_interfaces/msg/detail/eta__rosidl_typesupport_introspection_c.h
-- Up-to-date: /home/alfred/shared_mac/MEPA2001_2024/src/install/ngc_interfaces/include/ngc_interfaces/ngc_interfaces/msg/detail/nu__rosidl_typesupport_introspection_c.h
-- Installing: /home/alfred/shared_mac/MEPA2001_2024/src/install/ngc_interfaces/include/ngc_interfaces/ngc_interfaces/msg/detail/gnss__type_support.c
-- Up-to-date: /home/alfred/shared_mac/MEPA2001_2024/src/install/ngc_interfaces/include/ngc_interfaces/ngc_interfaces/msg/detail/wind__rosidl_typesupport_introspection_c.h
-- Installing: /home/alfred/shared_mac/MEPA2001_2024/src/install/ngc_interfaces/include/ngc_interfaces/ngc_interfaces/msg/detail/eta__type_support.c
-- Up-to-date: /home/alfred/shared_mac/MEPA2001_2024/src/install/ngc_interfaces/include/ngc_interfaces/ngc_interfaces/msg/detail/tau__rosidl_typesupport_introspection_c.h
-- Up-to-date: /home/alfred/shared_mac/MEPA2001_2024/src/install/ngc_interfaces/include/ngc_interfaces/ngc_interfaces/msg/detail/gnss__rosidl_typesupport_introspection_c.h
-- Installing: /home/alfred/shared_mac/MEPA2001_2024/src/install/ngc_interfaces/include/ngc_interfaces/ngc_interfaces/msg/detail/thruster_signals__type_support.c
-- Installing: /home/alfred/shared_mac/MEPA2001_2024/src/install/ngc_interfaces/include/ngc_interfaces/ngc_interfaces/msg/detail/nu__type_support.c
-- Up-to-date: /home/alfred/shared_mac/MEPA2001_2024/src/install/ngc_interfaces/include/ngc_interfaces/ngc_interfaces/msg/detail/heading_device__rosidl_typesupport_introspection_c.h
-- Installing: /home/alfred/shared_mac/MEPA2001_2024/src/install/ngc_interfaces/include/ngc_interfaces/ngc_interfaces/msg/detail/wind__type_support.c
-- Installing: /home/alfred/shared_mac/MEPA2001_2024/src/install/ngc_interfaces/include/ngc_interfaces/ngc_interfaces/msg/detail/heading_device__type_support.c
-- Up-to-date: /home/alfred/shared_mac/MEPA2001_2024/src/install/ngc_interfaces/include/ngc_interfaces/ngc_interfaces/msg/detail/thruster_signals__rosidl_typesupport_introspection_c.h
-- Installing: /home/alfred/shared_mac/MEPA2001_2024/src/install/ngc_interfaces/include/ngc_interfaces/ngc_interfaces/msg/detail/tau__type_support.c
-- Up-to-date: /home/alfred/shared_mac/MEPA2001_2024/src/install/ngc_interfaces/include/ngc_interfaces/ngc_interfaces/msg/detail/nu_dot__rosidl_typesupport_introspection_c.h
-- Installing: /home/alfred/shared_mac/MEPA2001_2024/src/install/ngc_interfaces/include/ngc_interfaces/ngc_interfaces/msg/detail/nu_dot__type_support.c
-- Up-to-date: /home/alfred/shared_mac/MEPA2001_2024/src/install/ngc_interfaces/include/ngc_interfaces/ngc_interfaces/msg/rosidl_typesupport_introspection_c__visibility_control.h
-- Up-to-date: /home/alfred/shared_mac/MEPA2001_2024/src/install/ngc_interfaces/lib/libngc_interfaces__rosidl_typesupport_introspection_c.so
-- Up-to-date: /home/alfred/shared_mac/MEPA2001_2024/src/install/ngc_interfaces/lib/libngc_interfaces__rosidl_typesupport_c.so
-- Up-to-date: /home/alfred/shared_mac/MEPA2001_2024/src/install/ngc_interfaces/include/ngc_interfaces/ngc_interfaces
-- Up-to-date: /home/alfred/shared_mac/MEPA2001_2024/src/install/ngc_interfaces/include/ngc_interfaces/ngc_interfaces/msg
-- Up-to-date: /home/alfred/shared_mac/MEPA2001_2024/src/install/ngc_interfaces/include/ngc_interfaces/ngc_interfaces/msg/heading_device.hpp
-- Up-to-date: /home/alfred/shared_mac/MEPA2001_2024/src/install/ngc_interfaces/include/ngc_interfaces/ngc_interfaces/msg/thruster_signals.hpp
-- Up-to-date: /home/alfred/shared_mac/MEPA2001_2024/src/install/ngc_interfaces/include/ngc_interfaces/ngc_interfaces/msg/nu_dot.hpp
-- Up-to-date: /home/alfred/shared_mac/MEPA2001_2024/src/install/ngc_interfaces/include/ngc_interfaces/ngc_interfaces/msg/wind.hpp
-- Up-to-date: /home/alfred/shared_mac/MEPA2001_2024/src/install/ngc_interfaces/include/ngc_interfaces/ngc_interfaces/msg/tau.hpp
-- Up-to-date: /home/alfred/shared_mac/MEPA2001_2024/src/install/ngc_interfaces/include/ngc_interfaces/ngc_interfaces/msg/detail
-- Up-to-date: /home/alfred/shared_mac/MEPA2001_2024/src/install/ngc_interfaces/include/ngc_interfaces/ngc_interfaces/msg/detail/wind__builder.hpp
-- Up-to-date: /home/alfred/shared_mac/MEPA2001_2024/src/install/ngc_interfaces/include/ngc_interfaces/ngc_interfaces/msg/detail/tau__type_support.hpp
-- Up-to-date: /home/alfred/shared_mac/MEPA2001_2024/src/install/ngc_interfaces/include/ngc_interfaces/ngc_interfaces/msg/detail/nu__type_support.hpp
-- Up-to-date: /home/alfred/shared_mac/MEPA2001_2024/src/install/ngc_interfaces/include/ngc_interfaces/ngc_interfaces/msg/detail/thruster_signals__traits.hpp
-- Up-to-date: /home/alfred/shared_mac/MEPA2001_2024/src/install/ngc_interfaces/include/ngc_interfaces/ngc_interfaces/msg/detail/gnss__struct.hpp
-- Up-to-date: /home/alfred/shared_mac/MEPA2001_2024/src/install/ngc_interfaces/include/ngc_interfaces/ngc_interfaces/msg/detail/nu__struct.hpp
-- Up-to-date: /home/alfred/shared_mac/MEPA2001_2024/src/install/ngc_interfaces/include/ngc_interfaces/ngc_interfaces/msg/detail/heading_device__struct.hpp
-- Up-to-date: /home/alfred/shared_mac/MEPA2001_2024/src/install/ngc_interfaces/include/ngc_interfaces/ngc_interfaces/msg/detail/thruster_signals__type_support.hpp
-- Up-to-date: /home/alfred/shared_mac/MEPA2001_2024/src/install/ngc_interfaces/include/ngc_interfaces/ngc_interfaces/msg/detail/nu_dot__type_support.hpp
-- Up-to-date: /home/alfred/shared_mac/MEPA2001_2024/src/install/ngc_interfaces/include/ngc_interfaces/ngc_interfaces/msg/detail/eta__type_support.hpp
-- Up-to-date: /home/alfred/shared_mac/MEPA2001_2024/src/install/ngc_interfaces/include/ngc_interfaces/ngc_interfaces/msg/detail/wind__traits.hpp
-- Up-to-date: /home/alfred/shared_mac/MEPA2001_2024/src/install/ngc_interfaces/include/ngc_interfaces/ngc_interfaces/msg/detail/tau__builder.hpp
-- Up-to-date: /home/alfred/shared_mac/MEPA2001_2024/src/install/ngc_interfaces/include/ngc_interfaces/ngc_interfaces/msg/detail/eta__struct.hpp
-- Up-to-date: /home/alfred/shared_mac/MEPA2001_2024/src/install/ngc_interfaces/include/ngc_interfaces/ngc_interfaces/msg/detail/nu_dot__struct.hpp
-- Up-to-date: /home/alfred/shared_mac/MEPA2001_2024/src/install/ngc_interfaces/include/ngc_interfaces/ngc_interfaces/msg/detail/tau__traits.hpp
-- Up-to-date: /home/alfred/shared_mac/MEPA2001_2024/src/install/ngc_interfaces/include/ngc_interfaces/ngc_interfaces/msg/detail/thruster_signals__builder.hpp
-- Up-to-date: /home/alfred/shared_mac/MEPA2001_2024/src/install/ngc_interfaces/include/ngc_interfaces/ngc_interfaces/msg/detail/nu__builder.hpp
-- Up-to-date: /home/alfred/shared_mac/MEPA2001_2024/src/install/ngc_interfaces/include/ngc_interfaces/ngc_interfaces/msg/detail/nu__traits.hpp
-- Up-to-date: /home/alfred/shared_mac/MEPA2001_2024/src/install/ngc_interfaces/include/ngc_interfaces/ngc_interfaces/msg/detail/gnss__traits.hpp
-- Up-to-date: /home/alfred/shared_mac/MEPA2001_2024/src/install/ngc_interfaces/include/ngc_interfaces/ngc_interfaces/msg/detail/heading_device__builder.hpp
-- Up-to-date: /home/alfred/shared_mac/MEPA2001_2024/src/install/ngc_interfaces/include/ngc_interfaces/ngc_interfaces/msg/detail/eta__builder.hpp
-- Up-to-date: /home/alfred/shared_mac/MEPA2001_2024/src/install/ngc_interfaces/include/ngc_interfaces/ngc_interfaces/msg/detail/thruster_signals__struct.hpp
-- Up-to-date: /home/alfred/shared_mac/MEPA2001_2024/src/install/ngc_interfaces/include/ngc_interfaces/ngc_interfaces/msg/detail/wind__type_support.hpp
-- Up-to-date: /home/alfred/shared_mac/MEPA2001_2024/src/install/ngc_interfaces/include/ngc_interfaces/ngc_interfaces/msg/detail/nu_dot__builder.hpp
-- Up-to-date: /home/alfred/shared_mac/MEPA2001_2024/src/install/ngc_interfaces/include/ngc_interfaces/ngc_interfaces/msg/detail/heading_device__traits.hpp
-- Up-to-date: /home/alfred/shared_mac/MEPA2001_2024/src/install/ngc_interfaces/include/ngc_interfaces/ngc_interfaces/msg/detail/gnss__type_support.hpp
-- Up-to-date: /home/alfred/shared_mac/MEPA2001_2024/src/install/ngc_interfaces/include/ngc_interfaces/ngc_interfaces/msg/detail/eta__traits.hpp
-- Up-to-date: /home/alfred/shared_mac/MEPA2001_2024/src/install/ngc_interfaces/include/ngc_interfaces/ngc_interfaces/msg/detail/nu_dot__traits.hpp
-- Up-to-date: /home/alfred/shared_mac/MEPA2001_2024/src/install/ngc_interfaces/include/ngc_interfaces/ngc_interfaces/msg/detail/heading_device__type_support.hpp
-- Up-to-date: /home/alfred/shared_mac/MEPA2001_2024/src/install/ngc_interfaces/include/ngc_interfaces/ngc_interfaces/msg/detail/wind__struct.hpp
-- Up-to-date: /home/alfred/shared_mac/MEPA2001_2024/src/install/ngc_interfaces/include/ngc_interfaces/ngc_interfaces/msg/detail/gnss__builder.hpp
-- Up-to-date: /home/alfred/shared_mac/MEPA2001_2024/src/install/ngc_interfaces/include/ngc_interfaces/ngc_interfaces/msg/detail/tau__struct.hpp
-- Up-to-date: /home/alfred/shared_mac/MEPA2001_2024/src/install/ngc_interfaces/include/ngc_interfaces/ngc_interfaces/msg/rosidl_generator_cpp__visibility_control.hpp
-- Up-to-date: /home/alfred/shared_mac/MEPA2001_2024/src/install/ngc_interfaces/include/ngc_interfaces/ngc_interfaces/msg/eta.hpp
-- Up-to-date: /home/alfred/shared_mac/MEPA2001_2024/src/install/ngc_interfaces/include/ngc_interfaces/ngc_interfaces/msg/nu.hpp
-- Up-to-date: /home/alfred/shared_mac/MEPA2001_2024/src/install/ngc_interfaces/include/ngc_interfaces/ngc_interfaces/msg/gnss.hpp
-- Up-to-date: /home/alfred/shared_mac/MEPA2001_2024/src/install/ngc_interfaces/include/ngc_interfaces/ngc_interfaces
-- Up-to-date: /home/alfred/shared_mac/MEPA2001_2024/src/install/ngc_interfaces/include/ngc_interfaces/ngc_interfaces/msg
-- Up-to-date: /home/alfred/shared_mac/MEPA2001_2024/src/install/ngc_interfaces/include/ngc_interfaces/ngc_interfaces/msg/rosidl_typesupport_fastrtps_cpp__visibility_control.h
-- Up-to-date: /home/alfred/shared_mac/MEPA2001_2024/src/install/ngc_interfaces/include/ngc_interfaces/ngc_interfaces/msg/detail
-- Up-to-date: /home/alfred/shared_mac/MEPA2001_2024/src/install/ngc_interfaces/include/ngc_interfaces/ngc_interfaces/msg/detail/wind__rosidl_typesupport_fastrtps_cpp.hpp
-- Up-to-date: /home/alfred/shared_mac/MEPA2001_2024/src/install/ngc_interfaces/include/ngc_interfaces/ngc_interfaces/msg/detail/nu__rosidl_typesupport_fastrtps_cpp.hpp
-- Up-to-date: /home/alfred/shared_mac/MEPA2001_2024/src/install/ngc_interfaces/include/ngc_interfaces/ngc_interfaces/msg/detail/heading_device__rosidl_typesupport_fastrtps_cpp.hpp
-- Up-to-date: /home/alfred/shared_mac/MEPA2001_2024/src/install/ngc_interfaces/include/ngc_interfaces/ngc_interfaces/msg/detail/nu_dot__rosidl_typesupport_fastrtps_cpp.hpp
-- Up-to-date: /home/alfred/shared_mac/MEPA2001_2024/src/install/ngc_interfaces/include/ngc_interfaces/ngc_interfaces/msg/detail/eta__rosidl_typesupport_fastrtps_cpp.hpp
-- Up-to-date: /home/alfred/shared_mac/MEPA2001_2024/src/install/ngc_interfaces/include/ngc_interfaces/ngc_interfaces/msg/detail/thruster_signals__rosidl_typesupport_fastrtps_cpp.hpp
-- Up-to-date: /home/alfred/shared_mac/MEPA2001_2024/src/install/ngc_interfaces/include/ngc_interfaces/ngc_interfaces/msg/detail/dds_fastrtps
-- Up-to-date: /home/alfred/shared_mac/MEPA2001_2024/src/install/ngc_interfaces/include/ngc_interfaces/ngc_interfaces/msg/detail/tau__rosidl_typesupport_fastrtps_cpp.hpp
-- Up-to-date: /home/alfred/shared_mac/MEPA2001_2024/src/install/ngc_interfaces/include/ngc_interfaces/ngc_interfaces/msg/detail/gnss__rosidl_typesupport_fastrtps_cpp.hpp
-- Up-to-date: /home/alfred/shared_mac/MEPA2001_2024/src/install/ngc_interfaces/lib/libngc_interfaces__rosidl_typesupport_fastrtps_cpp.so
-- Up-to-date: /home/alfred/shared_mac/MEPA2001_2024/src/install/ngc_interfaces/include/ngc_interfaces/ngc_interfaces
-- Up-to-date: /home/alfred/shared_mac/MEPA2001_2024/src/install/ngc_interfaces/include/ngc_interfaces/ngc_interfaces/msg
-- Up-to-date: /home/alfred/shared_mac/MEPA2001_2024/src/install/ngc_interfaces/include/ngc_interfaces/ngc_interfaces/msg/detail
-- Up-to-date: /home/alfred/shared_mac/MEPA2001_2024/src/install/ngc_interfaces/include/ngc_interfaces/ngc_interfaces/msg/detail/gnss__rosidl_typesupport_introspection_cpp.hpp
-- Up-to-date: /home/alfred/shared_mac/MEPA2001_2024/src/install/ngc_interfaces/include/ngc_interfaces/ngc_interfaces/msg/detail/heading_device__type_support.cpp
-- Up-to-date: /home/alfred/shared_mac/MEPA2001_2024/src/install/ngc_interfaces/include/ngc_interfaces/ngc_interfaces/msg/detail/eta__rosidl_typesupport_introspection_cpp.hpp
-- Up-to-date: /home/alfred/shared_mac/MEPA2001_2024/src/install/ngc_interfaces/include/ngc_interfaces/ngc_interfaces/msg/detail/thruster_signals__rosidl_typesupport_introspection_cpp.hpp
-- Up-to-date: /home/alfred/shared_mac/MEPA2001_2024/src/install/ngc_interfaces/include/ngc_interfaces/ngc_interfaces/msg/detail/tau__rosidl_typesupport_introspection_cpp.hpp
-- Up-to-date: /home/alfred/shared_mac/MEPA2001_2024/src/install/ngc_interfaces/include/ngc_interfaces/ngc_interfaces/msg/detail/wind__rosidl_typesupport_introspection_cpp.hpp
-- Up-to-date: /home/alfred/shared_mac/MEPA2001_2024/src/install/ngc_interfaces/include/ngc_interfaces/ngc_interfaces/msg/detail/wind__type_support.cpp
-- Up-to-date: /home/alfred/shared_mac/MEPA2001_2024/src/install/ngc_interfaces/include/ngc_interfaces/ngc_interfaces/msg/detail/nu__rosidl_typesupport_introspection_cpp.hpp
-- Up-to-date: /home/alfred/shared_mac/MEPA2001_2024/src/install/ngc_interfaces/include/ngc_interfaces/ngc_interfaces/msg/detail/gnss__type_support.cpp
-- Up-to-date: /home/alfred/shared_mac/MEPA2001_2024/src/install/ngc_interfaces/include/ngc_interfaces/ngc_interfaces/msg/detail/nu_dot__type_support.cpp
-- Up-to-date: /home/alfred/shared_mac/MEPA2001_2024/src/install/ngc_interfaces/include/ngc_interfaces/ngc_interfaces/msg/detail/eta__type_support.cpp
-- Up-to-date: /home/alfred/shared_mac/MEPA2001_2024/src/install/ngc_interfaces/include/ngc_interfaces/ngc_interfaces/msg/detail/heading_device__rosidl_typesupport_introspection_cpp.hpp
-- Up-to-date: /home/alfred/shared_mac/MEPA2001_2024/src/install/ngc_interfaces/include/ngc_interfaces/ngc_interfaces/msg/detail/nu__type_support.cpp
-- Up-to-date: /home/alfred/shared_mac/MEPA2001_2024/src/install/ngc_interfaces/include/ngc_interfaces/ngc_interfaces/msg/detail/tau__type_support.cpp
-- Up-to-date: /home/alfred/shared_mac/MEPA2001_2024/src/install/ngc_interfaces/include/ngc_interfaces/ngc_interfaces/msg/detail/thruster_signals__type_support.cpp
-- Up-to-date: /home/alfred/shared_mac/MEPA2001_2024/src/install/ngc_interfaces/include/ngc_interfaces/ngc_interfaces/msg/detail/nu_dot__rosidl_typesupport_introspection_cpp.hpp
-- Up-to-date: /home/alfred/shared_mac/MEPA2001_2024/src/install/ngc_interfaces/lib/libngc_interfaces__rosidl_typesupport_introspection_cpp.so
-- Up-to-date: /home/alfred/shared_mac/MEPA2001_2024/src/install/ngc_interfaces/lib/libngc_interfaces__rosidl_typesupport_cpp.so
-- Up-to-date: /home/alfred/shared_mac/MEPA2001_2024/src/install/ngc_interfaces/share/ngc_interfaces/environment/pythonpath.sh
-- Up-to-date: /home/alfred/shared_mac/MEPA2001_2024/src/install/ngc_interfaces/share/ngc_interfaces/environment/pythonpath.dsv
-- Up-to-date: /home/alfred/shared_mac/MEPA2001_2024/src/install/ngc_interfaces/lib/python3.12/site-packages/ngc_interfaces-0.0.0-py3.12.egg-info
-- Installing: /home/alfred/shared_mac/MEPA2001_2024/src/install/ngc_interfaces/lib/python3.12/site-packages/ngc_interfaces-0.0.0-py3.12.egg-info/PKG-INFO
-- Installing: /home/alfred/shared_mac/MEPA2001_2024/src/install/ngc_interfaces/lib/python3.12/site-packages/ngc_interfaces-0.0.0-py3.12.egg-info/SOURCES.txt
-- Installing: /home/alfred/shared_mac/MEPA2001_2024/src/install/ngc_interfaces/lib/python3.12/site-packages/ngc_interfaces-0.0.0-py3.12.egg-info/top_level.txt
-- Installing: /home/alfred/shared_mac/MEPA2001_2024/src/install/ngc_interfaces/lib/python3.12/site-packages/ngc_interfaces-0.0.0-py3.12.egg-info/dependency_links.txt
-- Up-to-date: /home/alfred/shared_mac/MEPA2001_2024/src/install/ngc_interfaces/lib/python3.12/site-packages/ngc_interfaces
-- Up-to-date: /home/alfred/shared_mac/MEPA2001_2024/src/install/ngc_interfaces/lib/python3.12/site-packages/ngc_interfaces/ngc_interfaces_s__rosidl_typesupport_fastrtps_c.so
-- Up-to-date: /home/alfred/shared_mac/MEPA2001_2024/src/install/ngc_interfaces/lib/python3.12/site-packages/ngc_interfaces/msg
-- Up-to-date: /home/alfred/shared_mac/MEPA2001_2024/src/install/ngc_interfaces/lib/python3.12/site-packages/ngc_interfaces/msg/_heading_device_s.c
-- Up-to-date: /home/alfred/shared_mac/MEPA2001_2024/src/install/ngc_interfaces/lib/python3.12/site-packages/ngc_interfaces/msg/_thruster_signals_s.c
-- Up-to-date: /home/alfred/shared_mac/MEPA2001_2024/src/install/ngc_interfaces/lib/python3.12/site-packages/ngc_interfaces/msg/_wind_s.c
-- Up-to-date: /home/alfred/shared_mac/MEPA2001_2024/src/install/ngc_interfaces/lib/python3.12/site-packages/ngc_interfaces/msg/_nu_s.c
-- Up-to-date: /home/alfred/shared_mac/MEPA2001_2024/src/install/ngc_interfaces/lib/python3.12/site-packages/ngc_interfaces/msg/_nu_dot.py
-- Up-to-date: /home/alfred/shared_mac/MEPA2001_2024/src/install/ngc_interfaces/lib/python3.12/site-packages/ngc_interfaces/msg/__init__.py
-- Up-to-date: /home/alfred/shared_mac/MEPA2001_2024/src/install/ngc_interfaces/lib/python3.12/site-packages/ngc_interfaces/msg/_nu_dot_s.c
-- Up-to-date: /home/alfred/shared_mac/MEPA2001_2024/src/install/ngc_interfaces/lib/python3.12/site-packages/ngc_interfaces/msg/_eta.py
-- Up-to-date: /home/alfred/shared_mac/MEPA2001_2024/src/install/ngc_interfaces/lib/python3.12/site-packages/ngc_interfaces/msg/_tau.py
-- Up-to-date: /home/alfred/shared_mac/MEPA2001_2024/src/install/ngc_interfaces/lib/python3.12/site-packages/ngc_interfaces/msg/_eta_s.c
-- Up-to-date: /home/alfred/shared_mac/MEPA2001_2024/src/install/ngc_interfaces/lib/python3.12/site-packages/ngc_interfaces/msg/_wind.py
-- Up-to-date: /home/alfred/shared_mac/MEPA2001_2024/src/install/ngc_interfaces/lib/python3.12/site-packages/ngc_interfaces/msg/_heading_device.py
-- Up-to-date: /home/alfred/shared_mac/MEPA2001_2024/src/install/ngc_interfaces/lib/python3.12/site-packages/ngc_interfaces/msg/_thruster_signals.py
-- Up-to-date: /home/alfred/shared_mac/MEPA2001_2024/src/install/ngc_interfaces/lib/python3.12/site-packages/ngc_interfaces/msg/_gnss_s.c
-- Up-to-date: /home/alfred/shared_mac/MEPA2001_2024/src/install/ngc_interfaces/lib/python3.12/site-packages/ngc_interfaces/msg/_tau_s.c
-- Up-to-date: /home/alfred/shared_mac/MEPA2001_2024/src/install/ngc_interfaces/lib/python3.12/site-packages/ngc_interfaces/msg/_nu.py
-- Up-to-date: /home/alfred/shared_mac/MEPA2001_2024/src/install/ngc_interfaces/lib/python3.12/site-packages/ngc_interfaces/msg/_gnss.py
-- Up-to-date: /home/alfred/shared_mac/MEPA2001_2024/src/install/ngc_interfaces/lib/python3.12/site-packages/ngc_interfaces/__init__.py
-- Up-to-date: /home/alfred/shared_mac/MEPA2001_2024/src/install/ngc_interfaces/lib/python3.12/site-packages/ngc_interfaces/_ngc_interfaces_s.ep.rosidl_typesupport_fastrtps_c.c
-- Up-to-date: /home/alfred/shared_mac/MEPA2001_2024/src/install/ngc_interfaces/lib/python3.12/site-packages/ngc_interfaces/ngc_interfaces_s__rosidl_typesupport_c.so
-- Up-to-date: /home/alfred/shared_mac/MEPA2001_2024/src/install/ngc_interfaces/lib/python3.12/site-packages/ngc_interfaces/_ngc_interfaces_s.ep.rosidl_typesupport_introspection_c.c
-- Up-to-date: /home/alfred/shared_mac/MEPA2001_2024/src/install/ngc_interfaces/lib/python3.12/site-packages/ngc_interfaces/ngc_interfaces_s__rosidl_typesupport_introspection_c.so
-- Up-to-date: /home/alfred/shared_mac/MEPA2001_2024/src/install/ngc_interfaces/lib/python3.12/site-packages/ngc_interfaces/_ngc_interfaces_s.ep.rosidl_typesupport_c.c
Listing '/home/alfred/shared_mac/MEPA2001_2024/src/install/ngc_interfaces/lib/python3.12/site-packages/ngc_interfaces'...
Listing '/home/alfred/shared_mac/MEPA2001_2024/src/install/ngc_interfaces/lib/python3.12/site-packages/ngc_interfaces/msg'...
-- Up-to-date: /home/alfred/shared_mac/MEPA2001_2024/src/install/ngc_interfaces/lib/python3.12/site-packages/ngc_interfaces/ngc_interfaces_s__rosidl_typesupport_fastrtps_c.so
-- Up-to-date: /home/alfred/shared_mac/MEPA2001_2024/src/install/ngc_interfaces/lib/python3.12/site-packages/ngc_interfaces/ngc_interfaces_s__rosidl_typesupport_introspection_c.so
-- Up-to-date: /home/alfred/shared_mac/MEPA2001_2024/src/install/ngc_interfaces/lib/python3.12/site-packages/ngc_interfaces/ngc_interfaces_s__rosidl_typesupport_c.so
-- Up-to-date: /home/alfred/shared_mac/MEPA2001_2024/src/install/ngc_interfaces/lib/libngc_interfaces__rosidl_generator_py.so
-- Up-to-date: /home/alfred/shared_mac/MEPA2001_2024/src/install/ngc_interfaces/share/ngc_interfaces/msg/Eta.idl
-- Up-to-date: /home/alfred/shared_mac/MEPA2001_2024/src/install/ngc_interfaces/share/ngc_interfaces/msg/Nu.idl
-- Up-to-date: /home/alfred/shared_mac/MEPA2001_2024/src/install/ngc_interfaces/share/ngc_interfaces/msg/NuDot.idl
-- Up-to-date: /home/alfred/shared_mac/MEPA2001_2024/src/install/ngc_interfaces/share/ngc_interfaces/msg/Tau.idl
-- Up-to-date: /home/alfred/shared_mac/MEPA2001_2024/src/install/ngc_interfaces/share/ngc_interfaces/msg/Wind.idl
-- Up-to-date: /home/alfred/shared_mac/MEPA2001_2024/src/install/ngc_interfaces/share/ngc_interfaces/msg/ThrusterSignals.idl
-- Up-to-date: /home/alfred/shared_mac/MEPA2001_2024/src/install/ngc_interfaces/share/ngc_interfaces/msg/GNSS.idl
-- Up-to-date: /home/alfred/shared_mac/MEPA2001_2024/src/install/ngc_interfaces/share/ngc_interfaces/msg/HeadingDevice.idl
-- Up-to-date: /home/alfred/shared_mac/MEPA2001_2024/src/install/ngc_interfaces/share/ngc_interfaces/msg/Eta.msg
-- Up-to-date: /home/alfred/shared_mac/MEPA2001_2024/src/install/ngc_interfaces/share/ngc_interfaces/msg/Nu.msg
-- Up-to-date: /home/alfred/shared_mac/MEPA2001_2024/src/install/ngc_interfaces/share/ngc_interfaces/msg/NuDot.msg
-- Up-to-date: /home/alfred/shared_mac/MEPA2001_2024/src/install/ngc_interfaces/share/ngc_interfaces/msg/Tau.msg
-- Up-to-date: /home/alfred/shared_mac/MEPA2001_2024/src/install/ngc_interfaces/share/ngc_interfaces/msg/Wind.msg
-- Up-to-date: /home/alfred/shared_mac/MEPA2001_2024/src/install/ngc_interfaces/share/ngc_interfaces/msg/ThrusterSignals.msg
-- Up-to-date: /home/alfred/shared_mac/MEPA2001_2024/src/install/ngc_interfaces/share/ngc_interfaces/msg/GNSS.msg
-- Up-to-date: /home/alfred/shared_mac/MEPA2001_2024/src/install/ngc_interfaces/share/ngc_interfaces/msg/HeadingDevice.msg
-- Up-to-date: /home/alfred/shared_mac/MEPA2001_2024/src/install/ngc_interfaces/share/ament_index/resource_index/package_run_dependencies/ngc_interfaces
-- Up-to-date: /home/alfred/shared_mac/MEPA2001_2024/src/install/ngc_interfaces/share/ament_index/resource_index/parent_prefix_path/ngc_interfaces
-- Up-to-date: /home/alfred/shared_mac/MEPA2001_2024/src/install/ngc_interfaces/share/ngc_interfaces/environment/ament_prefix_path.sh
-- Up-to-date: /home/alfred/shared_mac/MEPA2001_2024/src/install/ngc_interfaces/share/ngc_interfaces/environment/ament_prefix_path.dsv
-- Up-to-date: /home/alfred/shared_mac/MEPA2001_2024/src/install/ngc_interfaces/share/ngc_interfaces/environment/path.sh
-- Up-to-date: /home/alfred/shared_mac/MEPA2001_2024/src/install/ngc_interfaces/share/ngc_interfaces/environment/path.dsv
-- Up-to-date: /home/alfred/shared_mac/MEPA2001_2024/src/install/ngc_interfaces/share/ngc_interfaces/local_setup.bash
-- Up-to-date: /home/alfred/shared_mac/MEPA2001_2024/src/install/ngc_interfaces/share/ngc_interfaces/local_setup.sh
-- Up-to-date: /home/alfred/shared_mac/MEPA2001_2024/src/install/ngc_interfaces/share/ngc_interfaces/local_setup.zsh
-- Up-to-date: /home/alfred/shared_mac/MEPA2001_2024/src/install/ngc_interfaces/share/ngc_interfaces/local_setup.dsv
-- Installing: /home/alfred/shared_mac/MEPA2001_2024/src/install/ngc_interfaces/share/ngc_interfaces/package.dsv
-- Up-to-date: /home/alfred/shared_mac/MEPA2001_2024/src/install/ngc_interfaces/share/ament_index/resource_index/packages/ngc_interfaces
-- Up-to-date: /home/alfred/shared_mac/MEPA2001_2024/src/install/ngc_interfaces/share/ngc_interfaces/cmake/export_ngc_interfaces__rosidl_generator_cExport.cmake
-- Up-to-date: /home/alfred/shared_mac/MEPA2001_2024/src/install/ngc_interfaces/share/ngc_interfaces/cmake/export_ngc_interfaces__rosidl_generator_cExport-noconfig.cmake
-- Up-to-date: /home/alfred/shared_mac/MEPA2001_2024/src/install/ngc_interfaces/share/ngc_interfaces/cmake/export_ngc_interfaces__rosidl_typesupport_fastrtps_cExport.cmake
-- Up-to-date: /home/alfred/shared_mac/MEPA2001_2024/src/install/ngc_interfaces/share/ngc_interfaces/cmake/export_ngc_interfaces__rosidl_typesupport_fastrtps_cExport-noconfig.cmake
-- Up-to-date: /home/alfred/shared_mac/MEPA2001_2024/src/install/ngc_interfaces/share/ngc_interfaces/cmake/ngc_interfaces__rosidl_typesupport_introspection_cExport.cmake
-- Up-to-date: /home/alfred/shared_mac/MEPA2001_2024/src/install/ngc_interfaces/share/ngc_interfaces/cmake/ngc_interfaces__rosidl_typesupport_introspection_cExport-noconfig.cmake
-- Up-to-date: /home/alfred/shared_mac/MEPA2001_2024/src/install/ngc_interfaces/share/ngc_interfaces/cmake/ngc_interfaces__rosidl_typesupport_cExport.cmake
-- Up-to-date: /home/alfred/shared_mac/MEPA2001_2024/src/install/ngc_interfaces/share/ngc_interfaces/cmake/ngc_interfaces__rosidl_typesupport_cExport-noconfig.cmake
-- Up-to-date: /home/alfred/shared_mac/MEPA2001_2024/src/install/ngc_interfaces/share/ngc_interfaces/cmake/export_ngc_interfaces__rosidl_generator_cppExport.cmake
-- Up-to-date: /home/alfred/shared_mac/MEPA2001_2024/src/install/ngc_interfaces/share/ngc_interfaces/cmake/export_ngc_interfaces__rosidl_typesupport_fastrtps_cppExport.cmake
-- Up-to-date: /home/alfred/shared_mac/MEPA2001_2024/src/install/ngc_interfaces/share/ngc_interfaces/cmake/export_ngc_interfaces__rosidl_typesupport_fastrtps_cppExport-noconfig.cmake
-- Up-to-date: /home/alfred/shared_mac/MEPA2001_2024/src/install/ngc_interfaces/share/ngc_interfaces/cmake/ngc_interfaces__rosidl_typesupport_introspection_cppExport.cmake
-- Up-to-date: /home/alfred/shared_mac/MEPA2001_2024/src/install/ngc_interfaces/share/ngc_interfaces/cmake/ngc_interfaces__rosidl_typesupport_introspection_cppExport-noconfig.cmake
-- Up-to-date: /home/alfred/shared_mac/MEPA2001_2024/src/install/ngc_interfaces/share/ngc_interfaces/cmake/ngc_interfaces__rosidl_typesupport_cppExport.cmake
-- Up-to-date: /home/alfred/shared_mac/MEPA2001_2024/src/install/ngc_interfaces/share/ngc_interfaces/cmake/ngc_interfaces__rosidl_typesupport_cppExport-noconfig.cmake
-- Up-to-date: /home/alfred/shared_mac/MEPA2001_2024/src/install/ngc_interfaces/share/ngc_interfaces/cmake/export_ngc_interfaces__rosidl_generator_pyExport.cmake
-- Up-to-date: /home/alfred/shared_mac/MEPA2001_2024/src/install/ngc_interfaces/share/ngc_interfaces/cmake/export_ngc_interfaces__rosidl_generator_pyExport-noconfig.cmake
-- Up-to-date: /home/alfred/shared_mac/MEPA2001_2024/src/install/ngc_interfaces/share/ngc_interfaces/cmake/rosidl_cmake-extras.cmake
-- Up-to-date: /home/alfred/shared_mac/MEPA2001_2024/src/install/ngc_interfaces/share/ngc_interfaces/cmake/ament_cmake_export_include_directories-extras.cmake
-- Up-to-date: /home/alfred/shared_mac/MEPA2001_2024/src/install/ngc_interfaces/share/ngc_interfaces/cmake/ament_cmake_export_libraries-extras.cmake
-- Up-to-date: /home/alfred/shared_mac/MEPA2001_2024/src/install/ngc_interfaces/share/ngc_interfaces/cmake/ament_cmake_export_targets-extras.cmake
-- Up-to-date: /home/alfred/shared_mac/MEPA2001_2024/src/install/ngc_interfaces/share/ngc_interfaces/cmake/rosidl_cmake_export_typesupport_targets-extras.cmake
-- Up-to-date: /home/alfred/shared_mac/MEPA2001_2024/src/install/ngc_interfaces/share/ngc_interfaces/cmake/ament_cmake_export_dependencies-extras.cmake
-- Up-to-date: /home/alfred/shared_mac/MEPA2001_2024/src/install/ngc_interfaces/share/ngc_interfaces/cmake/rosidl_cmake_export_typesupport_libraries-extras.cmake
-- Up-to-date: /home/alfred/shared_mac/MEPA2001_2024/src/install/ngc_interfaces/share/ngc_interfaces/cmake/ngc_interfacesConfig.cmake
-- Up-to-date: /home/alfred/shared_mac/MEPA2001_2024/src/install/ngc_interfaces/share/ngc_interfaces/cmake/ngc_interfacesConfig-version.cmake
-- Up-to-date: /home/alfred/shared_mac/MEPA2001_2024/src/install/ngc_interfaces/share/ngc_interfaces/package.xml
