[0.137s] DEBUG:colcon:Command line arguments: ['/usr/bin/colcon', 'build']
[0.138s] DEBUG:colcon:Parsed command line arguments: Namespace(log_base=None, log_level=None, verb_name='build', build_base='build', install_base='install', merge_install=False, symlink_install=False, test_result_base=None, continue_on_error=False, executor='parallel', parallel_workers=4, event_handlers=None, ignore_user_meta=False, metas=['./colcon.meta'], base_paths=['.'], packages_ignore=None, packages_ignore_regex=None, paths=None, packages_up_to=None, packages_up_to_regex=None, packages_above=None, packages_above_and_dependencies=None, packages_above_depth=None, packages_select_by_dep=None, packages_skip_by_dep=None, packages_skip_up_to=None, packages_select_build_failed=False, packages_skip_build_finished=False, packages_select_test_failures=False, packages_skip_test_passed=False, packages_select=None, packages_skip=None, packages_select_regex=None, packages_skip_regex=None, packages_start=None, packages_end=None, cmake_args=None, cmake_target=None, cmake_target_skip_unavailable=False, cmake_clean_cache=False, cmake_clean_first=False, cmake_force_configure=False, ament_cmake_args=None, catkin_cmake_args=None, catkin_skip_building_tests=False, verb_parser=<colcon_defaults.argument_parser.defaults.DefaultArgumentsDecorator object at 0x7a7d67c02cc0>, verb_extension=<colcon_core.verb.build.BuildVerb object at 0x7a7d67c02b10>, main=<bound method BuildVerb.main of <colcon_core.verb.build.BuildVerb object at 0x7a7d67c02b10>>)
[0.184s] Level 1:colcon.colcon_core.package_discovery:discover_packages(colcon_meta) check parameters
[0.186s] Level 1:colcon.colcon_core.package_discovery:discover_packages(recursive) check parameters
[0.186s] Level 1:colcon.colcon_core.package_discovery:discover_packages(ignore) check parameters
[0.186s] Level 1:colcon.colcon_core.package_discovery:discover_packages(path) check parameters
[0.186s] Level 1:colcon.colcon_core.package_discovery:discover_packages(colcon_meta) discover
[0.187s] Level 1:colcon.colcon_core.package_discovery:discover_packages(recursive) discover
[0.187s] INFO:colcon.colcon_core.package_discovery:Crawling recursively for packages in '/home/alfred/shared_mac/MEPA2001_2024/src'
[0.188s] Level 1:colcon.colcon_core.package_identification:_identify(.) by extensions ['ignore', 'ignore_ament_install']
[0.188s] Level 1:colcon.colcon_core.package_identification:_identify(.) by extension 'ignore'
[0.188s] Level 1:colcon.colcon_core.package_identification:_identify(.) by extension 'ignore_ament_install'
[0.189s] Level 1:colcon.colcon_core.package_identification:_identify(.) by extensions ['colcon_pkg']
[0.189s] Level 1:colcon.colcon_core.package_identification:_identify(.) by extension 'colcon_pkg'
[0.189s] Level 1:colcon.colcon_core.package_identification:_identify(.) by extensions ['colcon_meta']
[0.190s] Level 1:colcon.colcon_core.package_identification:_identify(.) by extension 'colcon_meta'
[0.190s] Level 1:colcon.colcon_core.package_identification:_identify(.) by extensions ['ros']
[0.190s] Level 1:colcon.colcon_core.package_identification:_identify(.) by extension 'ros'
[0.224s] Level 1:colcon.colcon_core.package_identification:_identify(.) by extensions ['cmake', 'python']
[0.225s] Level 1:colcon.colcon_core.package_identification:_identify(.) by extension 'cmake'
[0.225s] Level 1:colcon.colcon_core.package_identification:_identify(.) by extension 'python'
[0.226s] Level 1:colcon.colcon_core.package_identification:_identify(.) by extensions ['python_setup_py']
[0.226s] Level 1:colcon.colcon_core.package_identification:_identify(.) by extension 'python_setup_py'
[0.227s] Level 1:colcon.colcon_core.package_identification:_identify(build) by extensions ['ignore', 'ignore_ament_install']
[0.227s] Level 1:colcon.colcon_core.package_identification:_identify(build) by extension 'ignore'
[0.227s] Level 1:colcon.colcon_core.package_identification:_identify(build) ignored
[0.228s] Level 1:colcon.colcon_core.package_identification:_identify(install) by extensions ['ignore', 'ignore_ament_install']
[0.228s] Level 1:colcon.colcon_core.package_identification:_identify(install) by extension 'ignore'
[0.228s] Level 1:colcon.colcon_core.package_identification:_identify(install) ignored
[0.229s] Level 1:colcon.colcon_core.package_identification:_identify(kontrolsystem) by extensions ['ignore', 'ignore_ament_install']
[0.229s] Level 1:colcon.colcon_core.package_identification:_identify(kontrolsystem) by extension 'ignore'
[0.230s] Level 1:colcon.colcon_core.package_identification:_identify(kontrolsystem) by extension 'ignore_ament_install'
[0.230s] Level 1:colcon.colcon_core.package_identification:_identify(kontrolsystem) by extensions ['colcon_pkg']
[0.230s] Level 1:colcon.colcon_core.package_identification:_identify(kontrolsystem) by extension 'colcon_pkg'
[0.231s] Level 1:colcon.colcon_core.package_identification:_identify(kontrolsystem) by extensions ['colcon_meta']
[0.231s] Level 1:colcon.colcon_core.package_identification:_identify(kontrolsystem) by extension 'colcon_meta'
[0.231s] Level 1:colcon.colcon_core.package_identification:_identify(kontrolsystem) by extensions ['ros']
[0.231s] Level 1:colcon.colcon_core.package_identification:_identify(kontrolsystem) by extension 'ros'
[0.235s] DEBUG:colcon.colcon_core.package_identification:Package 'kontrolsystem' with type 'ros.ament_python' and name 'kontrolsystem'
[0.235s] Level 1:colcon.colcon_core.package_identification:_identify(log) by extensions ['ignore', 'ignore_ament_install']
[0.236s] Level 1:colcon.colcon_core.package_identification:_identify(log) by extension 'ignore'
[0.236s] Level 1:colcon.colcon_core.package_identification:_identify(log) ignored
[0.237s] Level 1:colcon.colcon_core.package_identification:_identify(ngc_bringup) by extensions ['ignore', 'ignore_ament_install']
[0.237s] Level 1:colcon.colcon_core.package_identification:_identify(ngc_bringup) by extension 'ignore'
[0.238s] Level 1:colcon.colcon_core.package_identification:_identify(ngc_bringup) by extension 'ignore_ament_install'
[0.238s] Level 1:colcon.colcon_core.package_identification:_identify(ngc_bringup) by extensions ['colcon_pkg']
[0.238s] Level 1:colcon.colcon_core.package_identification:_identify(ngc_bringup) by extension 'colcon_pkg'
[0.238s] Level 1:colcon.colcon_core.package_identification:_identify(ngc_bringup) by extensions ['colcon_meta']
[0.239s] Level 1:colcon.colcon_core.package_identification:_identify(ngc_bringup) by extension 'colcon_meta'
[0.239s] Level 1:colcon.colcon_core.package_identification:_identify(ngc_bringup) by extensions ['ros']
[0.239s] Level 1:colcon.colcon_core.package_identification:_identify(ngc_bringup) by extension 'ros'
[0.240s] DEBUG:colcon.colcon_core.package_identification:Package 'ngc_bringup' with type 'ros.ament_cmake' and name 'ngc_bringup'
[0.241s] Level 1:colcon.colcon_core.package_identification:_identify(ngc_hmi) by extensions ['ignore', 'ignore_ament_install']
[0.241s] Level 1:colcon.colcon_core.package_identification:_identify(ngc_hmi) by extension 'ignore'
[0.242s] Level 1:colcon.colcon_core.package_identification:_identify(ngc_hmi) by extension 'ignore_ament_install'
[0.242s] Level 1:colcon.colcon_core.package_identification:_identify(ngc_hmi) by extensions ['colcon_pkg']
[0.242s] Level 1:colcon.colcon_core.package_identification:_identify(ngc_hmi) by extension 'colcon_pkg'
[0.242s] Level 1:colcon.colcon_core.package_identification:_identify(ngc_hmi) by extensions ['colcon_meta']
[0.243s] Level 1:colcon.colcon_core.package_identification:_identify(ngc_hmi) by extension 'colcon_meta'
[0.243s] Level 1:colcon.colcon_core.package_identification:_identify(ngc_hmi) by extensions ['ros']
[0.243s] Level 1:colcon.colcon_core.package_identification:_identify(ngc_hmi) by extension 'ros'
[0.244s] DEBUG:colcon.colcon_core.package_identification:Package 'ngc_hmi' with type 'ros.ament_python' and name 'ngc_hmi'
[0.245s] Level 1:colcon.colcon_core.package_identification:_identify(ngc_hull_sim) by extensions ['ignore', 'ignore_ament_install']
[0.245s] Level 1:colcon.colcon_core.package_identification:_identify(ngc_hull_sim) by extension 'ignore'
[0.246s] Level 1:colcon.colcon_core.package_identification:_identify(ngc_hull_sim) by extension 'ignore_ament_install'
[0.246s] Level 1:colcon.colcon_core.package_identification:_identify(ngc_hull_sim) by extensions ['colcon_pkg']
[0.246s] Level 1:colcon.colcon_core.package_identification:_identify(ngc_hull_sim) by extension 'colcon_pkg'
[0.246s] Level 1:colcon.colcon_core.package_identification:_identify(ngc_hull_sim) by extensions ['colcon_meta']
[0.247s] Level 1:colcon.colcon_core.package_identification:_identify(ngc_hull_sim) by extension 'colcon_meta'
[0.247s] Level 1:colcon.colcon_core.package_identification:_identify(ngc_hull_sim) by extensions ['ros']
[0.247s] Level 1:colcon.colcon_core.package_identification:_identify(ngc_hull_sim) by extension 'ros'
[0.249s] DEBUG:colcon.colcon_core.package_identification:Package 'ngc_hull_sim' with type 'ros.ament_python' and name 'ngc_hull_sim'
[0.250s] Level 1:colcon.colcon_core.package_identification:_identify(ngc_interfaces) by extensions ['ignore', 'ignore_ament_install']
[0.250s] Level 1:colcon.colcon_core.package_identification:_identify(ngc_interfaces) by extension 'ignore'
[0.250s] Level 1:colcon.colcon_core.package_identification:_identify(ngc_interfaces) by extension 'ignore_ament_install'
[0.251s] Level 1:colcon.colcon_core.package_identification:_identify(ngc_interfaces) by extensions ['colcon_pkg']
[0.251s] Level 1:colcon.colcon_core.package_identification:_identify(ngc_interfaces) by extension 'colcon_pkg'
[0.251s] Level 1:colcon.colcon_core.package_identification:_identify(ngc_interfaces) by extensions ['colcon_meta']
[0.251s] Level 1:colcon.colcon_core.package_identification:_identify(ngc_interfaces) by extension 'colcon_meta'
[0.252s] Level 1:colcon.colcon_core.package_identification:_identify(ngc_interfaces) by extensions ['ros']
[0.252s] Level 1:colcon.colcon_core.package_identification:_identify(ngc_interfaces) by extension 'ros'
[0.253s] DEBUG:colcon.colcon_core.package_identification:Package 'ngc_interfaces' with type 'ros.ament_cmake' and name 'ngc_interfaces'
[0.253s] Level 1:colcon.colcon_core.package_identification:_identify(ngc_propulsion_sim) by extensions ['ignore', 'ignore_ament_install']
[0.254s] Level 1:colcon.colcon_core.package_identification:_identify(ngc_propulsion_sim) by extension 'ignore'
[0.254s] Level 1:colcon.colcon_core.package_identification:_identify(ngc_propulsion_sim) by extension 'ignore_ament_install'
[0.254s] Level 1:colcon.colcon_core.package_identification:_identify(ngc_propulsion_sim) by extensions ['colcon_pkg']
[0.254s] Level 1:colcon.colcon_core.package_identification:_identify(ngc_propulsion_sim) by extension 'colcon_pkg'
[0.255s] Level 1:colcon.colcon_core.package_identification:_identify(ngc_propulsion_sim) by extensions ['colcon_meta']
[0.255s] Level 1:colcon.colcon_core.package_identification:_identify(ngc_propulsion_sim) by extension 'colcon_meta'
[0.255s] Level 1:colcon.colcon_core.package_identification:_identify(ngc_propulsion_sim) by extensions ['ros']
[0.255s] Level 1:colcon.colcon_core.package_identification:_identify(ngc_propulsion_sim) by extension 'ros'
[0.257s] DEBUG:colcon.colcon_core.package_identification:Package 'ngc_propulsion_sim' with type 'ros.ament_python' and name 'ngc_propulsion_sim'
[0.257s] Level 1:colcon.colcon_core.package_identification:_identify(ngc_sensor_sims) by extensions ['ignore', 'ignore_ament_install']
[0.258s] Level 1:colcon.colcon_core.package_identification:_identify(ngc_sensor_sims) by extension 'ignore'
[0.258s] Level 1:colcon.colcon_core.package_identification:_identify(ngc_sensor_sims) by extension 'ignore_ament_install'
[0.259s] Level 1:colcon.colcon_core.package_identification:_identify(ngc_sensor_sims) by extensions ['colcon_pkg']
[0.259s] Level 1:colcon.colcon_core.package_identification:_identify(ngc_sensor_sims) by extension 'colcon_pkg'
[0.259s] Level 1:colcon.colcon_core.package_identification:_identify(ngc_sensor_sims) by extensions ['colcon_meta']
[0.259s] Level 1:colcon.colcon_core.package_identification:_identify(ngc_sensor_sims) by extension 'colcon_meta'
[0.259s] Level 1:colcon.colcon_core.package_identification:_identify(ngc_sensor_sims) by extensions ['ros']
[0.260s] Level 1:colcon.colcon_core.package_identification:_identify(ngc_sensor_sims) by extension 'ros'
[0.261s] DEBUG:colcon.colcon_core.package_identification:Package 'ngc_sensor_sims' with type 'ros.ament_python' and name 'ngc_sensor_sims'
[0.261s] Level 1:colcon.colcon_core.package_identification:_identify(ngc_utils) by extensions ['ignore', 'ignore_ament_install']
[0.262s] Level 1:colcon.colcon_core.package_identification:_identify(ngc_utils) by extension 'ignore'
[0.262s] Level 1:colcon.colcon_core.package_identification:_identify(ngc_utils) by extension 'ignore_ament_install'
[0.262s] Level 1:colcon.colcon_core.package_identification:_identify(ngc_utils) by extensions ['colcon_pkg']
[0.263s] Level 1:colcon.colcon_core.package_identification:_identify(ngc_utils) by extension 'colcon_pkg'
[0.263s] Level 1:colcon.colcon_core.package_identification:_identify(ngc_utils) by extensions ['colcon_meta']
[0.263s] Level 1:colcon.colcon_core.package_identification:_identify(ngc_utils) by extension 'colcon_meta'
[0.263s] Level 1:colcon.colcon_core.package_identification:_identify(ngc_utils) by extensions ['ros']
[0.263s] Level 1:colcon.colcon_core.package_identification:_identify(ngc_utils) by extension 'ros'
[0.264s] DEBUG:colcon.colcon_core.package_identification:Package 'ngc_utils' with type 'ros.ament_python' and name 'ngc_utils'
[0.265s] Level 1:colcon.colcon_core.package_discovery:discover_packages(recursive) using defaults
[0.265s] Level 1:colcon.colcon_core.package_discovery:discover_packages(ignore) discover
[0.265s] Level 1:colcon.colcon_core.package_discovery:discover_packages(ignore) using defaults
[0.265s] Level 1:colcon.colcon_core.package_discovery:discover_packages(path) discover
[0.265s] Level 1:colcon.colcon_core.package_discovery:discover_packages(path) using defaults
[0.293s] Level 5:colcon.colcon_core.verb:set package 'kontrolsystem' build argument 'cmake_args' from command line to 'None'
[0.294s] Level 5:colcon.colcon_core.verb:set package 'kontrolsystem' build argument 'cmake_target' from command line to 'None'
[0.294s] Level 5:colcon.colcon_core.verb:set package 'kontrolsystem' build argument 'cmake_target_skip_unavailable' from command line to 'False'
[0.294s] Level 5:colcon.colcon_core.verb:set package 'kontrolsystem' build argument 'cmake_clean_cache' from command line to 'False'
[0.294s] Level 5:colcon.colcon_core.verb:set package 'kontrolsystem' build argument 'cmake_clean_first' from command line to 'False'
[0.294s] Level 5:colcon.colcon_core.verb:set package 'kontrolsystem' build argument 'cmake_force_configure' from command line to 'False'
[0.295s] Level 5:colcon.colcon_core.verb:set package 'kontrolsystem' build argument 'ament_cmake_args' from command line to 'None'
[0.295s] Level 5:colcon.colcon_core.verb:set package 'kontrolsystem' build argument 'catkin_cmake_args' from command line to 'None'
[0.295s] Level 5:colcon.colcon_core.verb:set package 'kontrolsystem' build argument 'catkin_skip_building_tests' from command line to 'False'
[0.295s] DEBUG:colcon.colcon_core.verb:Building package 'kontrolsystem' with the following arguments: {'ament_cmake_args': None, 'build_base': '/home/alfred/shared_mac/MEPA2001_2024/src/build/kontrolsystem', 'catkin_cmake_args': None, 'catkin_skip_building_tests': False, 'cmake_args': None, 'cmake_clean_cache': False, 'cmake_clean_first': False, 'cmake_force_configure': False, 'cmake_target': None, 'cmake_target_skip_unavailable': False, 'install_base': '/home/alfred/shared_mac/MEPA2001_2024/src/install/kontrolsystem', 'merge_install': False, 'path': '/home/alfred/shared_mac/MEPA2001_2024/src/kontrolsystem', 'symlink_install': False, 'test_result_base': None}
[0.296s] Level 5:colcon.colcon_core.verb:set package 'ngc_bringup' build argument 'cmake_args' from command line to 'None'
[0.296s] Level 5:colcon.colcon_core.verb:set package 'ngc_bringup' build argument 'cmake_target' from command line to 'None'
[0.296s] Level 5:colcon.colcon_core.verb:set package 'ngc_bringup' build argument 'cmake_target_skip_unavailable' from command line to 'False'
[0.296s] Level 5:colcon.colcon_core.verb:set package 'ngc_bringup' build argument 'cmake_clean_cache' from command line to 'False'
[0.296s] Level 5:colcon.colcon_core.verb:set package 'ngc_bringup' build argument 'cmake_clean_first' from command line to 'False'
[0.296s] Level 5:colcon.colcon_core.verb:set package 'ngc_bringup' build argument 'cmake_force_configure' from command line to 'False'
[0.297s] Level 5:colcon.colcon_core.verb:set package 'ngc_bringup' build argument 'ament_cmake_args' from command line to 'None'
[0.297s] Level 5:colcon.colcon_core.verb:set package 'ngc_bringup' build argument 'catkin_cmake_args' from command line to 'None'
[0.297s] Level 5:colcon.colcon_core.verb:set package 'ngc_bringup' build argument 'catkin_skip_building_tests' from command line to 'False'
[0.297s] DEBUG:colcon.colcon_core.verb:Building package 'ngc_bringup' with the following arguments: {'ament_cmake_args': None, 'build_base': '/home/alfred/shared_mac/MEPA2001_2024/src/build/ngc_bringup', 'catkin_cmake_args': None, 'catkin_skip_building_tests': False, 'cmake_args': None, 'cmake_clean_cache': False, 'cmake_clean_first': False, 'cmake_force_configure': False, 'cmake_target': None, 'cmake_target_skip_unavailable': False, 'install_base': '/home/alfred/shared_mac/MEPA2001_2024/src/install/ngc_bringup', 'merge_install': False, 'path': '/home/alfred/shared_mac/MEPA2001_2024/src/ngc_bringup', 'symlink_install': False, 'test_result_base': None}
[0.298s] Level 5:colcon.colcon_core.verb:set package 'ngc_interfaces' build argument 'cmake_args' from command line to 'None'
[0.298s] Level 5:colcon.colcon_core.verb:set package 'ngc_interfaces' build argument 'cmake_target' from command line to 'None'
[0.298s] Level 5:colcon.colcon_core.verb:set package 'ngc_interfaces' build argument 'cmake_target_skip_unavailable' from command line to 'False'
[0.299s] Level 5:colcon.colcon_core.verb:set package 'ngc_interfaces' build argument 'cmake_clean_cache' from command line to 'False'
[0.299s] Level 5:colcon.colcon_core.verb:set package 'ngc_interfaces' build argument 'cmake_clean_first' from command line to 'False'
[0.299s] Level 5:colcon.colcon_core.verb:set package 'ngc_interfaces' build argument 'cmake_force_configure' from command line to 'False'
[0.299s] Level 5:colcon.colcon_core.verb:set package 'ngc_interfaces' build argument 'ament_cmake_args' from command line to 'None'
[0.300s] Level 5:colcon.colcon_core.verb:set package 'ngc_interfaces' build argument 'catkin_cmake_args' from command line to 'None'
[0.300s] Level 5:colcon.colcon_core.verb:set package 'ngc_interfaces' build argument 'catkin_skip_building_tests' from command line to 'False'
[0.300s] DEBUG:colcon.colcon_core.verb:Building package 'ngc_interfaces' with the following arguments: {'ament_cmake_args': None, 'build_base': '/home/alfred/shared_mac/MEPA2001_2024/src/build/ngc_interfaces', 'catkin_cmake_args': None, 'catkin_skip_building_tests': False, 'cmake_args': None, 'cmake_clean_cache': False, 'cmake_clean_first': False, 'cmake_force_configure': False, 'cmake_target': None, 'cmake_target_skip_unavailable': False, 'install_base': '/home/alfred/shared_mac/MEPA2001_2024/src/install/ngc_interfaces', 'merge_install': False, 'path': '/home/alfred/shared_mac/MEPA2001_2024/src/ngc_interfaces', 'symlink_install': False, 'test_result_base': None}
[0.300s] Level 5:colcon.colcon_core.verb:set package 'ngc_sensor_sims' build argument 'cmake_args' from command line to 'None'
[0.301s] Level 5:colcon.colcon_core.verb:set package 'ngc_sensor_sims' build argument 'cmake_target' from command line to 'None'
[0.301s] Level 5:colcon.colcon_core.verb:set package 'ngc_sensor_sims' build argument 'cmake_target_skip_unavailable' from command line to 'False'
[0.301s] Level 5:colcon.colcon_core.verb:set package 'ngc_sensor_sims' build argument 'cmake_clean_cache' from command line to 'False'
[0.301s] Level 5:colcon.colcon_core.verb:set package 'ngc_sensor_sims' build argument 'cmake_clean_first' from command line to 'False'
[0.301s] Level 5:colcon.colcon_core.verb:set package 'ngc_sensor_sims' build argument 'cmake_force_configure' from command line to 'False'
[0.302s] Level 5:colcon.colcon_core.verb:set package 'ngc_sensor_sims' build argument 'ament_cmake_args' from command line to 'None'
[0.302s] Level 5:colcon.colcon_core.verb:set package 'ngc_sensor_sims' build argument 'catkin_cmake_args' from command line to 'None'
[0.302s] Level 5:colcon.colcon_core.verb:set package 'ngc_sensor_sims' build argument 'catkin_skip_building_tests' from command line to 'False'
[0.302s] DEBUG:colcon.colcon_core.verb:Building package 'ngc_sensor_sims' with the following arguments: {'ament_cmake_args': None, 'build_base': '/home/alfred/shared_mac/MEPA2001_2024/src/build/ngc_sensor_sims', 'catkin_cmake_args': None, 'catkin_skip_building_tests': False, 'cmake_args': None, 'cmake_clean_cache': False, 'cmake_clean_first': False, 'cmake_force_configure': False, 'cmake_target': None, 'cmake_target_skip_unavailable': False, 'install_base': '/home/alfred/shared_mac/MEPA2001_2024/src/install/ngc_sensor_sims', 'merge_install': False, 'path': '/home/alfred/shared_mac/MEPA2001_2024/src/ngc_sensor_sims', 'symlink_install': False, 'test_result_base': None}
[0.303s] Level 5:colcon.colcon_core.verb:set package 'ngc_utils' build argument 'cmake_args' from command line to 'None'
[0.303s] Level 5:colcon.colcon_core.verb:set package 'ngc_utils' build argument 'cmake_target' from command line to 'None'
[0.303s] Level 5:colcon.colcon_core.verb:set package 'ngc_utils' build argument 'cmake_target_skip_unavailable' from command line to 'False'
[0.303s] Level 5:colcon.colcon_core.verb:set package 'ngc_utils' build argument 'cmake_clean_cache' from command line to 'False'
[0.303s] Level 5:colcon.colcon_core.verb:set package 'ngc_utils' build argument 'cmake_clean_first' from command line to 'False'
[0.304s] Level 5:colcon.colcon_core.verb:set package 'ngc_utils' build argument 'cmake_force_configure' from command line to 'False'
[0.304s] Level 5:colcon.colcon_core.verb:set package 'ngc_utils' build argument 'ament_cmake_args' from command line to 'None'
[0.304s] Level 5:colcon.colcon_core.verb:set package 'ngc_utils' build argument 'catkin_cmake_args' from command line to 'None'
[0.304s] Level 5:colcon.colcon_core.verb:set package 'ngc_utils' build argument 'catkin_skip_building_tests' from command line to 'False'
[0.304s] DEBUG:colcon.colcon_core.verb:Building package 'ngc_utils' with the following arguments: {'ament_cmake_args': None, 'build_base': '/home/alfred/shared_mac/MEPA2001_2024/src/build/ngc_utils', 'catkin_cmake_args': None, 'catkin_skip_building_tests': False, 'cmake_args': None, 'cmake_clean_cache': False, 'cmake_clean_first': False, 'cmake_force_configure': False, 'cmake_target': None, 'cmake_target_skip_unavailable': False, 'install_base': '/home/alfred/shared_mac/MEPA2001_2024/src/install/ngc_utils', 'merge_install': False, 'path': '/home/alfred/shared_mac/MEPA2001_2024/src/ngc_utils', 'symlink_install': False, 'test_result_base': None}
[0.305s] Level 5:colcon.colcon_core.verb:set package 'ngc_hmi' build argument 'cmake_args' from command line to 'None'
[0.305s] Level 5:colcon.colcon_core.verb:set package 'ngc_hmi' build argument 'cmake_target' from command line to 'None'
[0.305s] Level 5:colcon.colcon_core.verb:set package 'ngc_hmi' build argument 'cmake_target_skip_unavailable' from command line to 'False'
[0.306s] Level 5:colcon.colcon_core.verb:set package 'ngc_hmi' build argument 'cmake_clean_cache' from command line to 'False'
[0.306s] Level 5:colcon.colcon_core.verb:set package 'ngc_hmi' build argument 'cmake_clean_first' from command line to 'False'
[0.306s] Level 5:colcon.colcon_core.verb:set package 'ngc_hmi' build argument 'cmake_force_configure' from command line to 'False'
[0.306s] Level 5:colcon.colcon_core.verb:set package 'ngc_hmi' build argument 'ament_cmake_args' from command line to 'None'
[0.306s] Level 5:colcon.colcon_core.verb:set package 'ngc_hmi' build argument 'catkin_cmake_args' from command line to 'None'
[0.306s] Level 5:colcon.colcon_core.verb:set package 'ngc_hmi' build argument 'catkin_skip_building_tests' from command line to 'False'
[0.307s] DEBUG:colcon.colcon_core.verb:Building package 'ngc_hmi' with the following arguments: {'ament_cmake_args': None, 'build_base': '/home/alfred/shared_mac/MEPA2001_2024/src/build/ngc_hmi', 'catkin_cmake_args': None, 'catkin_skip_building_tests': False, 'cmake_args': None, 'cmake_clean_cache': False, 'cmake_clean_first': False, 'cmake_force_configure': False, 'cmake_target': None, 'cmake_target_skip_unavailable': False, 'install_base': '/home/alfred/shared_mac/MEPA2001_2024/src/install/ngc_hmi', 'merge_install': False, 'path': '/home/alfred/shared_mac/MEPA2001_2024/src/ngc_hmi', 'symlink_install': False, 'test_result_base': None}
[0.307s] Level 5:colcon.colcon_core.verb:set package 'ngc_hull_sim' build argument 'cmake_args' from command line to 'None'
[0.307s] Level 5:colcon.colcon_core.verb:set package 'ngc_hull_sim' build argument 'cmake_target' from command line to 'None'
[0.308s] Level 5:colcon.colcon_core.verb:set package 'ngc_hull_sim' build argument 'cmake_target_skip_unavailable' from command line to 'False'
[0.308s] Level 5:colcon.colcon_core.verb:set package 'ngc_hull_sim' build argument 'cmake_clean_cache' from command line to 'False'
[0.308s] Level 5:colcon.colcon_core.verb:set package 'ngc_hull_sim' build argument 'cmake_clean_first' from command line to 'False'
[0.308s] Level 5:colcon.colcon_core.verb:set package 'ngc_hull_sim' build argument 'cmake_force_configure' from command line to 'False'
[0.308s] Level 5:colcon.colcon_core.verb:set package 'ngc_hull_sim' build argument 'ament_cmake_args' from command line to 'None'
[0.308s] Level 5:colcon.colcon_core.verb:set package 'ngc_hull_sim' build argument 'catkin_cmake_args' from command line to 'None'
[0.309s] Level 5:colcon.colcon_core.verb:set package 'ngc_hull_sim' build argument 'catkin_skip_building_tests' from command line to 'False'
[0.309s] DEBUG:colcon.colcon_core.verb:Building package 'ngc_hull_sim' with the following arguments: {'ament_cmake_args': None, 'build_base': '/home/alfred/shared_mac/MEPA2001_2024/src/build/ngc_hull_sim', 'catkin_cmake_args': None, 'catkin_skip_building_tests': False, 'cmake_args': None, 'cmake_clean_cache': False, 'cmake_clean_first': False, 'cmake_force_configure': False, 'cmake_target': None, 'cmake_target_skip_unavailable': False, 'install_base': '/home/alfred/shared_mac/MEPA2001_2024/src/install/ngc_hull_sim', 'merge_install': False, 'path': '/home/alfred/shared_mac/MEPA2001_2024/src/ngc_hull_sim', 'symlink_install': False, 'test_result_base': None}
[0.310s] Level 5:colcon.colcon_core.verb:set package 'ngc_propulsion_sim' build argument 'cmake_args' from command line to 'None'
[0.310s] Level 5:colcon.colcon_core.verb:set package 'ngc_propulsion_sim' build argument 'cmake_target' from command line to 'None'
[0.310s] Level 5:colcon.colcon_core.verb:set package 'ngc_propulsion_sim' build argument 'cmake_target_skip_unavailable' from command line to 'False'
[0.310s] Level 5:colcon.colcon_core.verb:set package 'ngc_propulsion_sim' build argument 'cmake_clean_cache' from command line to 'False'
[0.310s] Level 5:colcon.colcon_core.verb:set package 'ngc_propulsion_sim' build argument 'cmake_clean_first' from command line to 'False'
[0.310s] Level 5:colcon.colcon_core.verb:set package 'ngc_propulsion_sim' build argument 'cmake_force_configure' from command line to 'False'
[0.310s] Level 5:colcon.colcon_core.verb:set package 'ngc_propulsion_sim' build argument 'ament_cmake_args' from command line to 'None'
[0.311s] Level 5:colcon.colcon_core.verb:set package 'ngc_propulsion_sim' build argument 'catkin_cmake_args' from command line to 'None'
[0.311s] Level 5:colcon.colcon_core.verb:set package 'ngc_propulsion_sim' build argument 'catkin_skip_building_tests' from command line to 'False'
[0.311s] DEBUG:colcon.colcon_core.verb:Building package 'ngc_propulsion_sim' with the following arguments: {'ament_cmake_args': None, 'build_base': '/home/alfred/shared_mac/MEPA2001_2024/src/build/ngc_propulsion_sim', 'catkin_cmake_args': None, 'catkin_skip_building_tests': False, 'cmake_args': None, 'cmake_clean_cache': False, 'cmake_clean_first': False, 'cmake_force_configure': False, 'cmake_target': None, 'cmake_target_skip_unavailable': False, 'install_base': '/home/alfred/shared_mac/MEPA2001_2024/src/install/ngc_propulsion_sim', 'merge_install': False, 'path': '/home/alfred/shared_mac/MEPA2001_2024/src/ngc_propulsion_sim', 'symlink_install': False, 'test_result_base': None}
[0.311s] INFO:colcon.colcon_core.executor:Executing jobs using 'parallel' executor
[0.313s] DEBUG:colcon.colcon_parallel_executor.executor.parallel:run_until_complete
[0.313s] INFO:colcon.colcon_ros.task.ament_cmake.build:Building ROS package in '/home/alfred/shared_mac/MEPA2001_2024/src/ngc_interfaces' with build type 'ament_cmake'
[0.314s] INFO:colcon.colcon_cmake.task.cmake.build:Building CMake package in '/home/alfred/shared_mac/MEPA2001_2024/src/ngc_interfaces'
[0.316s] INFO:colcon.colcon_core.plugin_system:Skipping extension 'colcon_core.shell.bat': Not used on non-Windows systems
[0.317s] DEBUG:colcon.colcon_core.shell:Skip shell extension 'dsv' for command environment
[0.354s] INFO:colcon.colcon_ros.task.ament_cmake.build:Building ROS package in '/home/alfred/shared_mac/MEPA2001_2024/src/ngc_bringup' with build type 'ament_cmake'
[0.355s] INFO:colcon.colcon_cmake.task.cmake.build:Building CMake package in '/home/alfred/shared_mac/MEPA2001_2024/src/ngc_bringup'
[0.355s] DEBUG:colcon.colcon_core.shell:Skip shell extension 'dsv' for command environment
[0.382s] INFO:colcon.colcon_ros.task.ament_python.build:Building ROS package in '/home/alfred/shared_mac/MEPA2001_2024/src/ngc_utils' with build type 'ament_python'
[0.383s] Level 1:colcon.colcon_core.shell:create_environment_hook('ngc_utils', 'ament_prefix_path')
[0.384s] INFO:colcon.colcon_core.shell:Creating environment descriptor '/home/alfred/shared_mac/MEPA2001_2024/src/install/ngc_utils/share/ngc_utils/hook/ament_prefix_path.dsv'
[0.392s] INFO:colcon.colcon_core.shell:Creating environment hook '/home/alfred/shared_mac/MEPA2001_2024/src/install/ngc_utils/share/ngc_utils/hook/ament_prefix_path.sh'
[0.395s] DEBUG:colcon.colcon_core.shell:Skip shell extension 'dsv' for command environment
[0.413s] INFO:colcon.colcon_ros.task.ament_python.build:Building ROS package in '/home/alfred/shared_mac/MEPA2001_2024/src/kontrolsystem' with build type 'ament_python'
[0.416s] Level 1:colcon.colcon_core.shell:create_environment_hook('kontrolsystem', 'ament_prefix_path')
[0.417s] INFO:colcon.colcon_core.shell:Creating environment descriptor '/home/alfred/shared_mac/MEPA2001_2024/src/install/kontrolsystem/share/kontrolsystem/hook/ament_prefix_path.dsv'
[0.425s] INFO:colcon.colcon_core.shell:Creating environment hook '/home/alfred/shared_mac/MEPA2001_2024/src/install/kontrolsystem/share/kontrolsystem/hook/ament_prefix_path.sh'
[0.430s] DEBUG:colcon.colcon_core.shell:Skip shell extension 'dsv' for command environment
[0.477s] DEBUG:colcon.colcon_core.event_handler.log_command:Invoking command in '/home/alfred/shared_mac/MEPA2001_2024/src/build/ngc_interfaces': CMAKE_PREFIX_PATH=${CMAKE_PREFIX_PATH}:/home/alfred/shared_mac/MEPA2001_2024/src/install/ngc_hull_sim:/home/alfred/shared_mac/MEPA2001_2024/src/install/ngc_utils:/home/alfred/shared_mac/MEPA2001_2024/src/install/ngc_sensor_sims:/home/alfred/shared_mac/MEPA2001_2024/src/install/ngc_propulsion_sim:/home/alfred/shared_mac/MEPA2001_2024/src/install/ngc_hmi:/home/alfred/shared_mac/MEPA2001_2024/src/install/kontrolsystem:/opt/ros/jazzy DEBUGINFOD_URLS=https://debuginfod.ubuntu.com /usr/bin/cmake --build /home/alfred/shared_mac/MEPA2001_2024/src/build/ngc_interfaces -- -j4 -l4
[0.499s] DEBUG:colcon.colcon_core.event_handler.log_command:Invoking command in '/home/alfred/shared_mac/MEPA2001_2024/src/build/ngc_bringup': CMAKE_PREFIX_PATH=${CMAKE_PREFIX_PATH}:/home/alfred/shared_mac/MEPA2001_2024/src/install/ngc_hull_sim:/home/alfred/shared_mac/MEPA2001_2024/src/install/ngc_utils:/home/alfred/shared_mac/MEPA2001_2024/src/install/ngc_sensor_sims:/home/alfred/shared_mac/MEPA2001_2024/src/install/ngc_propulsion_sim:/home/alfred/shared_mac/MEPA2001_2024/src/install/ngc_hmi:/home/alfred/shared_mac/MEPA2001_2024/src/install/kontrolsystem:/opt/ros/jazzy DEBUGINFOD_URLS=https://debuginfod.ubuntu.com /usr/bin/cmake --build /home/alfred/shared_mac/MEPA2001_2024/src/build/ngc_bringup -- -j4 -l4
[1.263s] INFO:colcon.colcon_core.task.python.build:Building Python package in '/home/alfred/shared_mac/MEPA2001_2024/src/ngc_utils'
[1.264s] DEBUG:colcon.colcon_core.shell:Skip shell extension 'dsv' for command environment
[1.830s] INFO:colcon.colcon_core.task.python.build:Building Python package in '/home/alfred/shared_mac/MEPA2001_2024/src/kontrolsystem'
[1.830s] DEBUG:colcon.colcon_core.shell:Skip shell extension 'dsv' for command environment
[1.876s] DEBUG:colcon.colcon_core.event_handler.log_command:Invoked command in '/home/alfred/shared_mac/MEPA2001_2024/src/build/ngc_bringup' returned '0': CMAKE_PREFIX_PATH=${CMAKE_PREFIX_PATH}:/home/alfred/shared_mac/MEPA2001_2024/src/install/ngc_hull_sim:/home/alfred/shared_mac/MEPA2001_2024/src/install/ngc_utils:/home/alfred/shared_mac/MEPA2001_2024/src/install/ngc_sensor_sims:/home/alfred/shared_mac/MEPA2001_2024/src/install/ngc_propulsion_sim:/home/alfred/shared_mac/MEPA2001_2024/src/install/ngc_hmi:/home/alfred/shared_mac/MEPA2001_2024/src/install/kontrolsystem:/opt/ros/jazzy DEBUGINFOD_URLS=https://debuginfod.ubuntu.com /usr/bin/cmake --build /home/alfred/shared_mac/MEPA2001_2024/src/build/ngc_bringup -- -j4 -l4
[1.964s] DEBUG:colcon.colcon_core.event_handler.log_command:Invoking command in '/home/alfred/shared_mac/MEPA2001_2024/src/build/ngc_bringup': CMAKE_PREFIX_PATH=${CMAKE_PREFIX_PATH}:/home/alfred/shared_mac/MEPA2001_2024/src/install/ngc_hull_sim:/home/alfred/shared_mac/MEPA2001_2024/src/install/ngc_utils:/home/alfred/shared_mac/MEPA2001_2024/src/install/ngc_sensor_sims:/home/alfred/shared_mac/MEPA2001_2024/src/install/ngc_propulsion_sim:/home/alfred/shared_mac/MEPA2001_2024/src/install/ngc_hmi:/home/alfred/shared_mac/MEPA2001_2024/src/install/kontrolsystem:/opt/ros/jazzy DEBUGINFOD_URLS=https://debuginfod.ubuntu.com /usr/bin/cmake --install /home/alfred/shared_mac/MEPA2001_2024/src/build/ngc_bringup
[2.040s] Level 1:colcon.colcon_core.environment:create_environment_scripts_only(ngc_bringup)
[2.046s] DEBUG:colcon.colcon_core.event_handler.log_command:Invoked command in '/home/alfred/shared_mac/MEPA2001_2024/src/build/ngc_bringup' returned '0': CMAKE_PREFIX_PATH=${CMAKE_PREFIX_PATH}:/home/alfred/shared_mac/MEPA2001_2024/src/install/ngc_hull_sim:/home/alfred/shared_mac/MEPA2001_2024/src/install/ngc_utils:/home/alfred/shared_mac/MEPA2001_2024/src/install/ngc_sensor_sims:/home/alfred/shared_mac/MEPA2001_2024/src/install/ngc_propulsion_sim:/home/alfred/shared_mac/MEPA2001_2024/src/install/ngc_hmi:/home/alfred/shared_mac/MEPA2001_2024/src/install/kontrolsystem:/opt/ros/jazzy DEBUGINFOD_URLS=https://debuginfod.ubuntu.com /usr/bin/cmake --install /home/alfred/shared_mac/MEPA2001_2024/src/build/ngc_bringup
[2.058s] Level 1:colcon.colcon_core.environment:checking '/home/alfred/shared_mac/MEPA2001_2024/src/install/ngc_bringup' for CMake module files
[2.065s] Level 1:colcon.colcon_core.environment:checking '/home/alfred/shared_mac/MEPA2001_2024/src/install/ngc_bringup' for CMake config files
[2.068s] Level 1:colcon.colcon_core.shell:create_environment_hook('ngc_bringup', 'cmake_prefix_path')
[2.069s] INFO:colcon.colcon_core.shell:Creating environment descriptor '/home/alfred/shared_mac/MEPA2001_2024/src/install/ngc_bringup/share/ngc_bringup/hook/cmake_prefix_path.dsv'
[2.072s] INFO:colcon.colcon_core.shell:Creating environment hook '/home/alfred/shared_mac/MEPA2001_2024/src/install/ngc_bringup/share/ngc_bringup/hook/cmake_prefix_path.sh'
[2.077s] Level 1:colcon.colcon_core.environment:checking '/home/alfred/shared_mac/MEPA2001_2024/src/install/ngc_bringup/bin'
[2.078s] Level 1:colcon.colcon_core.environment:checking '/home/alfred/shared_mac/MEPA2001_2024/src/install/ngc_bringup/lib/pkgconfig/ngc_bringup.pc'
[2.079s] Level 1:colcon.colcon_core.environment:checking '/home/alfred/shared_mac/MEPA2001_2024/src/install/ngc_bringup/lib/python3.12/site-packages'
[2.080s] Level 1:colcon.colcon_core.environment:checking '/home/alfred/shared_mac/MEPA2001_2024/src/install/ngc_bringup/bin'
[2.080s] INFO:colcon.colcon_core.shell:Creating package descriptor '/home/alfred/shared_mac/MEPA2001_2024/src/install/ngc_bringup/share/ngc_bringup/package.dsv'
[2.082s] INFO:colcon.colcon_core.shell:Creating package script '/home/alfred/shared_mac/MEPA2001_2024/src/install/ngc_bringup/share/ngc_bringup/package.sh'
[2.085s] INFO:colcon.colcon_core.shell:Creating package script '/home/alfred/shared_mac/MEPA2001_2024/src/install/ngc_bringup/share/ngc_bringup/package.bash'
[2.087s] INFO:colcon.colcon_core.shell:Creating package script '/home/alfred/shared_mac/MEPA2001_2024/src/install/ngc_bringup/share/ngc_bringup/package.zsh'
[2.089s] Level 1:colcon.colcon_core.environment:create_file_with_runtime_dependencies(/home/alfred/shared_mac/MEPA2001_2024/src/install/ngc_bringup/share/colcon-core/packages/ngc_bringup)
[2.187s] Level 1:colcon.colcon_core.environment:create_environment_scripts_only(ngc_bringup)
[2.190s] Level 1:colcon.colcon_core.environment:checking '/home/alfred/shared_mac/MEPA2001_2024/src/install/ngc_bringup' for CMake module files
[2.205s] Level 1:colcon.colcon_core.environment:checking '/home/alfred/shared_mac/MEPA2001_2024/src/install/ngc_bringup' for CMake config files
[2.210s] Level 1:colcon.colcon_core.shell:create_environment_hook('ngc_bringup', 'cmake_prefix_path')
[2.211s] INFO:colcon.colcon_core.shell:Creating environment descriptor '/home/alfred/shared_mac/MEPA2001_2024/src/install/ngc_bringup/share/ngc_bringup/hook/cmake_prefix_path.dsv'
[2.212s] INFO:colcon.colcon_core.shell:Creating environment hook '/home/alfred/shared_mac/MEPA2001_2024/src/install/ngc_bringup/share/ngc_bringup/hook/cmake_prefix_path.sh'
[2.214s] Level 1:colcon.colcon_core.environment:checking '/home/alfred/shared_mac/MEPA2001_2024/src/install/ngc_bringup/bin'
[2.215s] Level 1:colcon.colcon_core.environment:checking '/home/alfred/shared_mac/MEPA2001_2024/src/install/ngc_bringup/lib/pkgconfig/ngc_bringup.pc'
[2.216s] Level 1:colcon.colcon_core.environment:checking '/home/alfred/shared_mac/MEPA2001_2024/src/install/ngc_bringup/lib/python3.12/site-packages'
[2.217s] Level 1:colcon.colcon_core.environment:checking '/home/alfred/shared_mac/MEPA2001_2024/src/install/ngc_bringup/bin'
[2.218s] INFO:colcon.colcon_core.shell:Creating package descriptor '/home/alfred/shared_mac/MEPA2001_2024/src/install/ngc_bringup/share/ngc_bringup/package.dsv'
[2.221s] INFO:colcon.colcon_core.shell:Creating package script '/home/alfred/shared_mac/MEPA2001_2024/src/install/ngc_bringup/share/ngc_bringup/package.sh'
[2.224s] INFO:colcon.colcon_core.shell:Creating package script '/home/alfred/shared_mac/MEPA2001_2024/src/install/ngc_bringup/share/ngc_bringup/package.bash'
[2.226s] INFO:colcon.colcon_core.shell:Creating package script '/home/alfred/shared_mac/MEPA2001_2024/src/install/ngc_bringup/share/ngc_bringup/package.zsh'
[2.229s] Level 1:colcon.colcon_core.environment:create_file_with_runtime_dependencies(/home/alfred/shared_mac/MEPA2001_2024/src/install/ngc_bringup/share/colcon-core/packages/ngc_bringup)
[2.231s] INFO:colcon.colcon_ros.task.ament_python.build:Building ROS package in '/home/alfred/shared_mac/MEPA2001_2024/src/ngc_sensor_sims' with build type 'ament_python'
[2.232s] Level 1:colcon.colcon_core.shell:create_environment_hook('ngc_sensor_sims', 'ament_prefix_path')
[2.232s] INFO:colcon.colcon_core.shell:Creating environment descriptor '/home/alfred/shared_mac/MEPA2001_2024/src/install/ngc_sensor_sims/share/ngc_sensor_sims/hook/ament_prefix_path.dsv'
[2.248s] INFO:colcon.colcon_core.shell:Creating environment hook '/home/alfred/shared_mac/MEPA2001_2024/src/install/ngc_sensor_sims/share/ngc_sensor_sims/hook/ament_prefix_path.sh'
[2.261s] DEBUG:colcon.colcon_core.shell:Skip shell extension 'dsv' for command environment
[2.796s] INFO:colcon.colcon_core.task.python.build:Building Python package in '/home/alfred/shared_mac/MEPA2001_2024/src/ngc_sensor_sims'
[2.797s] DEBUG:colcon.colcon_core.shell:Skip shell extension 'dsv' for command environment
[2.832s] DEBUG:colcon.colcon_core.event_handler.log_command:Invoked command in '/home/alfred/shared_mac/MEPA2001_2024/src/build/ngc_interfaces' returned '0': CMAKE_PREFIX_PATH=${CMAKE_PREFIX_PATH}:/home/alfred/shared_mac/MEPA2001_2024/src/install/ngc_hull_sim:/home/alfred/shared_mac/MEPA2001_2024/src/install/ngc_utils:/home/alfred/shared_mac/MEPA2001_2024/src/install/ngc_sensor_sims:/home/alfred/shared_mac/MEPA2001_2024/src/install/ngc_propulsion_sim:/home/alfred/shared_mac/MEPA2001_2024/src/install/ngc_hmi:/home/alfred/shared_mac/MEPA2001_2024/src/install/kontrolsystem:/opt/ros/jazzy DEBUGINFOD_URLS=https://debuginfod.ubuntu.com /usr/bin/cmake --build /home/alfred/shared_mac/MEPA2001_2024/src/build/ngc_interfaces -- -j4 -l4
[3.360s] DEBUG:colcon.colcon_core.event_handler.log_command:Invoking command in '/home/alfred/shared_mac/MEPA2001_2024/src/kontrolsystem': DEBUGINFOD_URLS=https://debuginfod.ubuntu.com PYTHONPATH=/home/alfred/shared_mac/MEPA2001_2024/src/build/kontrolsystem/prefix_override:/usr/lib/python3/dist-packages/colcon_core/task/python/colcon_distutils_commands:/home/alfred/shared_mac/MEPA2001_2024/src/install/kontrolsystem/lib/python3.12/site-packages:${PYTHONPATH} /usr/bin/python3 -W ignore:setup.py install is deprecated setup.py egg_info --egg-base ../build/kontrolsystem build --build-base /home/alfred/shared_mac/MEPA2001_2024/src/build/kontrolsystem/build install --record /home/alfred/shared_mac/MEPA2001_2024/src/build/kontrolsystem/install.log --single-version-externally-managed install_data
[3.565s] DEBUG:colcon.colcon_core.event_handler.log_command:Invoking command in '/home/alfred/shared_mac/MEPA2001_2024/src/ngc_utils': DEBUGINFOD_URLS=https://debuginfod.ubuntu.com PYTHONPATH=/home/alfred/shared_mac/MEPA2001_2024/src/build/ngc_utils/prefix_override:/usr/lib/python3/dist-packages/colcon_core/task/python/colcon_distutils_commands:/home/alfred/shared_mac/MEPA2001_2024/src/install/ngc_utils/lib/python3.12/site-packages:${PYTHONPATH} /usr/bin/python3 -W ignore:setup.py install is deprecated setup.py egg_info --egg-base ../build/ngc_utils build --build-base /home/alfred/shared_mac/MEPA2001_2024/src/build/ngc_utils/build install --record /home/alfred/shared_mac/MEPA2001_2024/src/build/ngc_utils/install.log --single-version-externally-managed install_data
[3.882s] DEBUG:colcon.colcon_core.event_handler.log_command:Invoking command in '/home/alfred/shared_mac/MEPA2001_2024/src/build/ngc_interfaces': CMAKE_PREFIX_PATH=${CMAKE_PREFIX_PATH}:/home/alfred/shared_mac/MEPA2001_2024/src/install/ngc_hull_sim:/home/alfred/shared_mac/MEPA2001_2024/src/install/ngc_utils:/home/alfred/shared_mac/MEPA2001_2024/src/install/ngc_sensor_sims:/home/alfred/shared_mac/MEPA2001_2024/src/install/ngc_propulsion_sim:/home/alfred/shared_mac/MEPA2001_2024/src/install/ngc_hmi:/home/alfred/shared_mac/MEPA2001_2024/src/install/kontrolsystem:/opt/ros/jazzy DEBUGINFOD_URLS=https://debuginfod.ubuntu.com /usr/bin/cmake --install /home/alfred/shared_mac/MEPA2001_2024/src/build/ngc_interfaces
[4.512s] DEBUG:colcon.colcon_core.event_handler.log_command:Invoking command in '/home/alfred/shared_mac/MEPA2001_2024/src/ngc_sensor_sims': DEBUGINFOD_URLS=https://debuginfod.ubuntu.com PYTHONPATH=/home/alfred/shared_mac/MEPA2001_2024/src/build/ngc_sensor_sims/prefix_override:/usr/lib/python3/dist-packages/colcon_core/task/python/colcon_distutils_commands:/home/alfred/shared_mac/MEPA2001_2024/src/install/ngc_sensor_sims/lib/python3.12/site-packages:${PYTHONPATH} /usr/bin/python3 -W ignore:setup.py install is deprecated setup.py egg_info --egg-base ../build/ngc_sensor_sims build --build-base /home/alfred/shared_mac/MEPA2001_2024/src/build/ngc_sensor_sims/build install --record /home/alfred/shared_mac/MEPA2001_2024/src/build/ngc_sensor_sims/install.log --single-version-externally-managed install_data
[5.153s] Level 1:colcon.colcon_core.environment:create_environment_scripts_only(ngc_interfaces)
[5.154s] Level 1:colcon.colcon_core.environment:checking '/home/alfred/shared_mac/MEPA2001_2024/src/install/ngc_interfaces' for CMake module files
[5.160s] DEBUG:colcon.colcon_core.event_handler.log_command:Invoked command in '/home/alfred/shared_mac/MEPA2001_2024/src/build/ngc_interfaces' returned '0': CMAKE_PREFIX_PATH=${CMAKE_PREFIX_PATH}:/home/alfred/shared_mac/MEPA2001_2024/src/install/ngc_hull_sim:/home/alfred/shared_mac/MEPA2001_2024/src/install/ngc_utils:/home/alfred/shared_mac/MEPA2001_2024/src/install/ngc_sensor_sims:/home/alfred/shared_mac/MEPA2001_2024/src/install/ngc_propulsion_sim:/home/alfred/shared_mac/MEPA2001_2024/src/install/ngc_hmi:/home/alfred/shared_mac/MEPA2001_2024/src/install/kontrolsystem:/opt/ros/jazzy DEBUGINFOD_URLS=https://debuginfod.ubuntu.com /usr/bin/cmake --install /home/alfred/shared_mac/MEPA2001_2024/src/build/ngc_interfaces
[5.186s] Level 1:colcon.colcon_core.environment:checking '/home/alfred/shared_mac/MEPA2001_2024/src/install/ngc_interfaces' for CMake config files
[5.214s] Level 1:colcon.colcon_core.shell:create_environment_hook('ngc_interfaces', 'cmake_prefix_path')
[5.214s] INFO:colcon.colcon_core.shell:Creating environment descriptor '/home/alfred/shared_mac/MEPA2001_2024/src/install/ngc_interfaces/share/ngc_interfaces/hook/cmake_prefix_path.dsv'
[5.217s] INFO:colcon.colcon_core.shell:Creating environment hook '/home/alfred/shared_mac/MEPA2001_2024/src/install/ngc_interfaces/share/ngc_interfaces/hook/cmake_prefix_path.sh'
[5.220s] Level 1:colcon.colcon_core.environment:checking '/home/alfred/shared_mac/MEPA2001_2024/src/install/ngc_interfaces/lib'
[5.221s] Level 1:colcon.colcon_core.shell:create_environment_hook('ngc_interfaces', 'ld_library_path_lib')
[5.222s] INFO:colcon.colcon_core.shell:Creating environment descriptor '/home/alfred/shared_mac/MEPA2001_2024/src/install/ngc_interfaces/share/ngc_interfaces/hook/ld_library_path_lib.dsv'
[5.224s] INFO:colcon.colcon_core.shell:Creating environment hook '/home/alfred/shared_mac/MEPA2001_2024/src/install/ngc_interfaces/share/ngc_interfaces/hook/ld_library_path_lib.sh'
[5.226s] Level 1:colcon.colcon_core.environment:checking '/home/alfred/shared_mac/MEPA2001_2024/src/install/ngc_interfaces/bin'
[5.227s] Level 1:colcon.colcon_core.environment:checking '/home/alfred/shared_mac/MEPA2001_2024/src/install/ngc_interfaces/lib/pkgconfig/ngc_interfaces.pc'
[5.227s] Level 1:colcon.colcon_core.environment:checking '/home/alfred/shared_mac/MEPA2001_2024/src/install/ngc_interfaces/lib/python3.12/site-packages'
[5.227s] Level 1:colcon.colcon_core.shell:create_environment_hook('ngc_interfaces', 'pythonpath')
[5.228s] INFO:colcon.colcon_core.shell:Creating environment descriptor '/home/alfred/shared_mac/MEPA2001_2024/src/install/ngc_interfaces/share/ngc_interfaces/hook/pythonpath.dsv'
[5.230s] INFO:colcon.colcon_core.shell:Creating environment hook '/home/alfred/shared_mac/MEPA2001_2024/src/install/ngc_interfaces/share/ngc_interfaces/hook/pythonpath.sh'
[5.232s] Level 1:colcon.colcon_core.environment:checking '/home/alfred/shared_mac/MEPA2001_2024/src/install/ngc_interfaces/bin'
[5.233s] INFO:colcon.colcon_core.shell:Creating package descriptor '/home/alfred/shared_mac/MEPA2001_2024/src/install/ngc_interfaces/share/ngc_interfaces/package.dsv'
[5.235s] INFO:colcon.colcon_core.shell:Creating package script '/home/alfred/shared_mac/MEPA2001_2024/src/install/ngc_interfaces/share/ngc_interfaces/package.sh'
[5.238s] INFO:colcon.colcon_core.shell:Creating package script '/home/alfred/shared_mac/MEPA2001_2024/src/install/ngc_interfaces/share/ngc_interfaces/package.bash'
[5.240s] INFO:colcon.colcon_core.shell:Creating package script '/home/alfred/shared_mac/MEPA2001_2024/src/install/ngc_interfaces/share/ngc_interfaces/package.zsh'
[5.242s] Level 1:colcon.colcon_core.environment:create_file_with_runtime_dependencies(/home/alfred/shared_mac/MEPA2001_2024/src/install/ngc_interfaces/share/colcon-core/packages/ngc_interfaces)
[5.388s] Level 1:colcon.colcon_core.environment:checking '/home/alfred/shared_mac/MEPA2001_2024/src/install/kontrolsystem' for CMake module files
[5.390s] DEBUG:colcon.colcon_core.event_handler.log_command:Invoked command in '/home/alfred/shared_mac/MEPA2001_2024/src/kontrolsystem' returned '0': DEBUGINFOD_URLS=https://debuginfod.ubuntu.com PYTHONPATH=/home/alfred/shared_mac/MEPA2001_2024/src/build/kontrolsystem/prefix_override:/usr/lib/python3/dist-packages/colcon_core/task/python/colcon_distutils_commands:/home/alfred/shared_mac/MEPA2001_2024/src/install/kontrolsystem/lib/python3.12/site-packages:${PYTHONPATH} /usr/bin/python3 -W ignore:setup.py install is deprecated setup.py egg_info --egg-base ../build/kontrolsystem build --build-base /home/alfred/shared_mac/MEPA2001_2024/src/build/kontrolsystem/build install --record /home/alfred/shared_mac/MEPA2001_2024/src/build/kontrolsystem/install.log --single-version-externally-managed install_data
[5.402s] Level 1:colcon.colcon_core.environment:checking '/home/alfred/shared_mac/MEPA2001_2024/src/install/kontrolsystem' for CMake config files
[5.425s] Level 1:colcon.colcon_core.environment:checking '/home/alfred/shared_mac/MEPA2001_2024/src/install/kontrolsystem/lib'
[5.427s] Level 1:colcon.colcon_core.environment:checking '/home/alfred/shared_mac/MEPA2001_2024/src/install/kontrolsystem/bin'
[5.427s] Level 1:colcon.colcon_core.environment:checking '/home/alfred/shared_mac/MEPA2001_2024/src/install/kontrolsystem/lib/pkgconfig/kontrolsystem.pc'
[5.428s] Level 1:colcon.colcon_core.environment:checking '/home/alfred/shared_mac/MEPA2001_2024/src/install/kontrolsystem/lib/python3.12/site-packages'
[5.428s] Level 1:colcon.colcon_core.shell:create_environment_hook('kontrolsystem', 'pythonpath')
[5.429s] INFO:colcon.colcon_core.shell:Creating environment descriptor '/home/alfred/shared_mac/MEPA2001_2024/src/install/kontrolsystem/share/kontrolsystem/hook/pythonpath.dsv'
[5.431s] INFO:colcon.colcon_core.shell:Creating environment hook '/home/alfred/shared_mac/MEPA2001_2024/src/install/kontrolsystem/share/kontrolsystem/hook/pythonpath.sh'
[5.434s] Level 1:colcon.colcon_core.environment:checking '/home/alfred/shared_mac/MEPA2001_2024/src/install/kontrolsystem/bin'
[5.435s] Level 1:colcon.colcon_core.environment:create_environment_scripts_only(kontrolsystem)
[5.436s] INFO:colcon.colcon_core.shell:Creating package descriptor '/home/alfred/shared_mac/MEPA2001_2024/src/install/kontrolsystem/share/kontrolsystem/package.dsv'
[5.438s] INFO:colcon.colcon_core.shell:Creating package script '/home/alfred/shared_mac/MEPA2001_2024/src/install/kontrolsystem/share/kontrolsystem/package.sh'
[5.440s] INFO:colcon.colcon_core.shell:Creating package script '/home/alfred/shared_mac/MEPA2001_2024/src/install/kontrolsystem/share/kontrolsystem/package.bash'
[5.442s] INFO:colcon.colcon_core.shell:Creating package script '/home/alfred/shared_mac/MEPA2001_2024/src/install/kontrolsystem/share/kontrolsystem/package.zsh'
[5.443s] Level 1:colcon.colcon_core.environment:create_file_with_runtime_dependencies(/home/alfred/shared_mac/MEPA2001_2024/src/install/kontrolsystem/share/colcon-core/packages/kontrolsystem)
[5.690s] Level 1:colcon.colcon_core.environment:checking '/home/alfred/shared_mac/MEPA2001_2024/src/install/ngc_utils' for CMake module files
[5.692s] DEBUG:colcon.colcon_core.event_handler.log_command:Invoked command in '/home/alfred/shared_mac/MEPA2001_2024/src/ngc_utils' returned '0': DEBUGINFOD_URLS=https://debuginfod.ubuntu.com PYTHONPATH=/home/alfred/shared_mac/MEPA2001_2024/src/build/ngc_utils/prefix_override:/usr/lib/python3/dist-packages/colcon_core/task/python/colcon_distutils_commands:/home/alfred/shared_mac/MEPA2001_2024/src/install/ngc_utils/lib/python3.12/site-packages:${PYTHONPATH} /usr/bin/python3 -W ignore:setup.py install is deprecated setup.py egg_info --egg-base ../build/ngc_utils build --build-base /home/alfred/shared_mac/MEPA2001_2024/src/build/ngc_utils/build install --record /home/alfred/shared_mac/MEPA2001_2024/src/build/ngc_utils/install.log --single-version-externally-managed install_data
[5.698s] Level 1:colcon.colcon_core.environment:checking '/home/alfred/shared_mac/MEPA2001_2024/src/install/ngc_utils' for CMake config files
[5.713s] Level 1:colcon.colcon_core.environment:checking '/home/alfred/shared_mac/MEPA2001_2024/src/install/ngc_utils/lib'
[5.714s] Level 1:colcon.colcon_core.environment:checking '/home/alfred/shared_mac/MEPA2001_2024/src/install/ngc_utils/bin'
[5.716s] Level 1:colcon.colcon_core.environment:checking '/home/alfred/shared_mac/MEPA2001_2024/src/install/ngc_utils/lib/pkgconfig/ngc_utils.pc'
[5.716s] Level 1:colcon.colcon_core.environment:checking '/home/alfred/shared_mac/MEPA2001_2024/src/install/ngc_utils/lib/python3.12/site-packages'
[5.717s] Level 1:colcon.colcon_core.shell:create_environment_hook('ngc_utils', 'pythonpath')
[5.717s] INFO:colcon.colcon_core.shell:Creating environment descriptor '/home/alfred/shared_mac/MEPA2001_2024/src/install/ngc_utils/share/ngc_utils/hook/pythonpath.dsv'
[5.720s] INFO:colcon.colcon_core.shell:Creating environment hook '/home/alfred/shared_mac/MEPA2001_2024/src/install/ngc_utils/share/ngc_utils/hook/pythonpath.sh'
[5.722s] Level 1:colcon.colcon_core.environment:checking '/home/alfred/shared_mac/MEPA2001_2024/src/install/ngc_utils/bin'
[5.722s] Level 1:colcon.colcon_core.environment:create_environment_scripts_only(ngc_utils)
[5.723s] INFO:colcon.colcon_core.shell:Creating package descriptor '/home/alfred/shared_mac/MEPA2001_2024/src/install/ngc_utils/share/ngc_utils/package.dsv'
[5.725s] INFO:colcon.colcon_core.shell:Creating package script '/home/alfred/shared_mac/MEPA2001_2024/src/install/ngc_utils/share/ngc_utils/package.sh'
[5.727s] INFO:colcon.colcon_core.shell:Creating package script '/home/alfred/shared_mac/MEPA2001_2024/src/install/ngc_utils/share/ngc_utils/package.bash'
[5.728s] INFO:colcon.colcon_core.shell:Creating package script '/home/alfred/shared_mac/MEPA2001_2024/src/install/ngc_utils/share/ngc_utils/package.zsh'
[5.730s] Level 1:colcon.colcon_core.environment:create_file_with_runtime_dependencies(/home/alfred/shared_mac/MEPA2001_2024/src/install/ngc_utils/share/colcon-core/packages/ngc_utils)
[6.168s] Level 1:colcon.colcon_core.environment:checking '/home/alfred/shared_mac/MEPA2001_2024/src/install/ngc_sensor_sims' for CMake module files
[6.170s] DEBUG:colcon.colcon_core.event_handler.log_command:Invoked command in '/home/alfred/shared_mac/MEPA2001_2024/src/ngc_sensor_sims' returned '0': DEBUGINFOD_URLS=https://debuginfod.ubuntu.com PYTHONPATH=/home/alfred/shared_mac/MEPA2001_2024/src/build/ngc_sensor_sims/prefix_override:/usr/lib/python3/dist-packages/colcon_core/task/python/colcon_distutils_commands:/home/alfred/shared_mac/MEPA2001_2024/src/install/ngc_sensor_sims/lib/python3.12/site-packages:${PYTHONPATH} /usr/bin/python3 -W ignore:setup.py install is deprecated setup.py egg_info --egg-base ../build/ngc_sensor_sims build --build-base /home/alfred/shared_mac/MEPA2001_2024/src/build/ngc_sensor_sims/build install --record /home/alfred/shared_mac/MEPA2001_2024/src/build/ngc_sensor_sims/install.log --single-version-externally-managed install_data
[6.176s] Level 1:colcon.colcon_core.environment:checking '/home/alfred/shared_mac/MEPA2001_2024/src/install/ngc_sensor_sims' for CMake config files
[6.194s] Level 1:colcon.colcon_core.environment:checking '/home/alfred/shared_mac/MEPA2001_2024/src/install/ngc_sensor_sims/lib'
[6.195s] Level 1:colcon.colcon_core.environment:checking '/home/alfred/shared_mac/MEPA2001_2024/src/install/ngc_sensor_sims/bin'
[6.197s] Level 1:colcon.colcon_core.environment:checking '/home/alfred/shared_mac/MEPA2001_2024/src/install/ngc_sensor_sims/lib/pkgconfig/ngc_sensor_sims.pc'
[6.198s] Level 1:colcon.colcon_core.environment:checking '/home/alfred/shared_mac/MEPA2001_2024/src/install/ngc_sensor_sims/lib/python3.12/site-packages'
[6.199s] Level 1:colcon.colcon_core.shell:create_environment_hook('ngc_sensor_sims', 'pythonpath')
[6.200s] INFO:colcon.colcon_core.shell:Creating environment descriptor '/home/alfred/shared_mac/MEPA2001_2024/src/install/ngc_sensor_sims/share/ngc_sensor_sims/hook/pythonpath.dsv'
[6.203s] INFO:colcon.colcon_core.shell:Creating environment hook '/home/alfred/shared_mac/MEPA2001_2024/src/install/ngc_sensor_sims/share/ngc_sensor_sims/hook/pythonpath.sh'
[6.206s] Level 1:colcon.colcon_core.environment:checking '/home/alfred/shared_mac/MEPA2001_2024/src/install/ngc_sensor_sims/bin'
[6.207s] Level 1:colcon.colcon_core.environment:create_environment_scripts_only(ngc_sensor_sims)
[6.207s] INFO:colcon.colcon_core.shell:Creating package descriptor '/home/alfred/shared_mac/MEPA2001_2024/src/install/ngc_sensor_sims/share/ngc_sensor_sims/package.dsv'
[6.209s] INFO:colcon.colcon_core.shell:Creating package script '/home/alfred/shared_mac/MEPA2001_2024/src/install/ngc_sensor_sims/share/ngc_sensor_sims/package.sh'
[6.210s] INFO:colcon.colcon_core.shell:Creating package script '/home/alfred/shared_mac/MEPA2001_2024/src/install/ngc_sensor_sims/share/ngc_sensor_sims/package.bash'
[6.212s] INFO:colcon.colcon_core.shell:Creating package script '/home/alfred/shared_mac/MEPA2001_2024/src/install/ngc_sensor_sims/share/ngc_sensor_sims/package.zsh'
[6.213s] Level 1:colcon.colcon_core.environment:create_file_with_runtime_dependencies(/home/alfred/shared_mac/MEPA2001_2024/src/install/ngc_sensor_sims/share/colcon-core/packages/ngc_sensor_sims)
[6.241s] Level 1:colcon.colcon_core.environment:create_environment_scripts_only(ngc_interfaces)
[6.242s] Level 1:colcon.colcon_core.environment:checking '/home/alfred/shared_mac/MEPA2001_2024/src/install/ngc_interfaces' for CMake module files
[6.263s] Level 1:colcon.colcon_core.environment:checking '/home/alfred/shared_mac/MEPA2001_2024/src/install/ngc_interfaces' for CMake config files
[6.283s] Level 1:colcon.colcon_core.shell:create_environment_hook('ngc_interfaces', 'cmake_prefix_path')
[6.283s] INFO:colcon.colcon_core.shell:Creating environment descriptor '/home/alfred/shared_mac/MEPA2001_2024/src/install/ngc_interfaces/share/ngc_interfaces/hook/cmake_prefix_path.dsv'
[6.285s] INFO:colcon.colcon_core.shell:Creating environment hook '/home/alfred/shared_mac/MEPA2001_2024/src/install/ngc_interfaces/share/ngc_interfaces/hook/cmake_prefix_path.sh'
[6.288s] Level 1:colcon.colcon_core.environment:checking '/home/alfred/shared_mac/MEPA2001_2024/src/install/ngc_interfaces/lib'
[6.288s] Level 1:colcon.colcon_core.shell:create_environment_hook('ngc_interfaces', 'ld_library_path_lib')
[6.289s] INFO:colcon.colcon_core.shell:Creating environment descriptor '/home/alfred/shared_mac/MEPA2001_2024/src/install/ngc_interfaces/share/ngc_interfaces/hook/ld_library_path_lib.dsv'
[6.292s] INFO:colcon.colcon_core.shell:Creating environment hook '/home/alfred/shared_mac/MEPA2001_2024/src/install/ngc_interfaces/share/ngc_interfaces/hook/ld_library_path_lib.sh'
[6.297s] Level 1:colcon.colcon_core.environment:checking '/home/alfred/shared_mac/MEPA2001_2024/src/install/ngc_interfaces/bin'
[6.298s] Level 1:colcon.colcon_core.environment:checking '/home/alfred/shared_mac/MEPA2001_2024/src/install/ngc_interfaces/lib/pkgconfig/ngc_interfaces.pc'
[6.300s] Level 1:colcon.colcon_core.environment:checking '/home/alfred/shared_mac/MEPA2001_2024/src/install/ngc_interfaces/lib/python3.12/site-packages'
[6.301s] Level 1:colcon.colcon_core.shell:create_environment_hook('ngc_interfaces', 'pythonpath')
[6.302s] INFO:colcon.colcon_core.shell:Creating environment descriptor '/home/alfred/shared_mac/MEPA2001_2024/src/install/ngc_interfaces/share/ngc_interfaces/hook/pythonpath.dsv'
[6.305s] INFO:colcon.colcon_core.shell:Creating environment hook '/home/alfred/shared_mac/MEPA2001_2024/src/install/ngc_interfaces/share/ngc_interfaces/hook/pythonpath.sh'
[6.310s] Level 1:colcon.colcon_core.environment:checking '/home/alfred/shared_mac/MEPA2001_2024/src/install/ngc_interfaces/bin'
[6.311s] INFO:colcon.colcon_core.shell:Creating package descriptor '/home/alfred/shared_mac/MEPA2001_2024/src/install/ngc_interfaces/share/ngc_interfaces/package.dsv'
[6.315s] INFO:colcon.colcon_core.shell:Creating package script '/home/alfred/shared_mac/MEPA2001_2024/src/install/ngc_interfaces/share/ngc_interfaces/package.sh'
[6.320s] INFO:colcon.colcon_core.shell:Creating package script '/home/alfred/shared_mac/MEPA2001_2024/src/install/ngc_interfaces/share/ngc_interfaces/package.bash'
[6.322s] INFO:colcon.colcon_core.shell:Creating package script '/home/alfred/shared_mac/MEPA2001_2024/src/install/ngc_interfaces/share/ngc_interfaces/package.zsh'
[6.324s] Level 1:colcon.colcon_core.environment:create_file_with_runtime_dependencies(/home/alfred/shared_mac/MEPA2001_2024/src/install/ngc_interfaces/share/colcon-core/packages/ngc_interfaces)
[6.327s] INFO:colcon.colcon_ros.task.ament_python.build:Building ROS package in '/home/alfred/shared_mac/MEPA2001_2024/src/ngc_hmi' with build type 'ament_python'
[6.328s] Level 1:colcon.colcon_core.shell:create_environment_hook('ngc_hmi', 'ament_prefix_path')
[6.328s] INFO:colcon.colcon_core.shell:Creating environment descriptor '/home/alfred/shared_mac/MEPA2001_2024/src/install/ngc_hmi/share/ngc_hmi/hook/ament_prefix_path.dsv'
[6.332s] INFO:colcon.colcon_core.shell:Creating environment hook '/home/alfred/shared_mac/MEPA2001_2024/src/install/ngc_hmi/share/ngc_hmi/hook/ament_prefix_path.sh'
[6.335s] DEBUG:colcon.colcon_core.shell:Skip shell extension 'dsv' for command environment
[6.371s] INFO:colcon.colcon_ros.task.ament_python.build:Building ROS package in '/home/alfred/shared_mac/MEPA2001_2024/src/ngc_hull_sim' with build type 'ament_python'
[6.372s] Level 1:colcon.colcon_core.shell:create_environment_hook('ngc_hull_sim', 'ament_prefix_path')
[6.373s] INFO:colcon.colcon_core.shell:Creating environment descriptor '/home/alfred/shared_mac/MEPA2001_2024/src/install/ngc_hull_sim/share/ngc_hull_sim/hook/ament_prefix_path.dsv'
[6.383s] INFO:colcon.colcon_core.shell:Creating environment hook '/home/alfred/shared_mac/MEPA2001_2024/src/install/ngc_hull_sim/share/ngc_hull_sim/hook/ament_prefix_path.sh'
[6.388s] DEBUG:colcon.colcon_core.shell:Skip shell extension 'dsv' for command environment
[6.432s] INFO:colcon.colcon_ros.task.ament_python.build:Building ROS package in '/home/alfred/shared_mac/MEPA2001_2024/src/ngc_propulsion_sim' with build type 'ament_python'
[6.433s] Level 1:colcon.colcon_core.shell:create_environment_hook('ngc_propulsion_sim', 'ament_prefix_path')
[6.433s] INFO:colcon.colcon_core.shell:Creating environment descriptor '/home/alfred/shared_mac/MEPA2001_2024/src/install/ngc_propulsion_sim/share/ngc_propulsion_sim/hook/ament_prefix_path.dsv'
[6.438s] INFO:colcon.colcon_core.shell:Creating environment hook '/home/alfred/shared_mac/MEPA2001_2024/src/install/ngc_propulsion_sim/share/ngc_propulsion_sim/hook/ament_prefix_path.sh'
[6.441s] DEBUG:colcon.colcon_core.shell:Skip shell extension 'dsv' for command environment
[6.854s] INFO:colcon.colcon_core.task.python.build:Building Python package in '/home/alfred/shared_mac/MEPA2001_2024/src/ngc_hmi'
[6.855s] DEBUG:colcon.colcon_core.shell:Skip shell extension 'dsv' for command environment
[7.207s] INFO:colcon.colcon_core.task.python.build:Building Python package in '/home/alfred/shared_mac/MEPA2001_2024/src/ngc_hull_sim'
[7.207s] DEBUG:colcon.colcon_core.shell:Skip shell extension 'dsv' for command environment
[7.568s] INFO:colcon.colcon_core.task.python.build:Building Python package in '/home/alfred/shared_mac/MEPA2001_2024/src/ngc_propulsion_sim'
[7.569s] DEBUG:colcon.colcon_core.shell:Skip shell extension 'dsv' for command environment
[8.666s] DEBUG:colcon.colcon_core.event_handler.log_command:Invoking command in '/home/alfred/shared_mac/MEPA2001_2024/src/ngc_hull_sim': AMENT_PREFIX_PATH=/home/alfred/shared_mac/MEPA2001_2024/src/install/ngc_utils:/home/alfred/shared_mac/MEPA2001_2024/src/install/ngc_hull_sim:/home/alfred/shared_mac/MEPA2001_2024/src/install/ngc_sensor_sims:/home/alfred/shared_mac/MEPA2001_2024/src/install/ngc_propulsion_sim:/home/alfred/shared_mac/MEPA2001_2024/src/install/ngc_hmi:/home/alfred/shared_mac/MEPA2001_2024/src/install/ngc_interfaces:/home/alfred/shared_mac/MEPA2001_2024/src/install/ngc_bringup:/home/alfred/shared_mac/MEPA2001_2024/src/install/kontrolsystem:/opt/ros/jazzy DEBUGINFOD_URLS=https://debuginfod.ubuntu.com PYTHONPATH=/home/alfred/shared_mac/MEPA2001_2024/src/build/ngc_hull_sim/prefix_override:/usr/lib/python3/dist-packages/colcon_core/task/python/colcon_distutils_commands:/home/alfred/shared_mac/MEPA2001_2024/src/install/ngc_hull_sim/lib/python3.12/site-packages:/home/alfred/shared_mac/MEPA2001_2024/src/install/ngc_utils/lib/python3.12/site-packages:/home/alfred/shared_mac/MEPA2001_2024/src/install/ngc_interfaces/lib/python3.12/site-packages:/home/alfred/shared_mac/MEPA2001_2024/src/install/ngc_hull_sim/lib/python3.12/site-packages:/home/alfred/shared_mac/MEPA2001_2024/src/install/ngc_sensor_sims/lib/python3.12/site-packages:/home/alfred/shared_mac/MEPA2001_2024/src/install/ngc_propulsion_sim/lib/python3.12/site-packages:/home/alfred/shared_mac/MEPA2001_2024/src/install/ngc_hmi/lib/python3.12/site-packages:/home/alfred/shared_mac/MEPA2001_2024/src/install/kontrolsystem/lib/python3.12/site-packages:/opt/ros/jazzy/lib/python3.12/site-packages /usr/bin/python3 -W ignore:setup.py install is deprecated setup.py egg_info --egg-base ../build/ngc_hull_sim build --build-base /home/alfred/shared_mac/MEPA2001_2024/src/build/ngc_hull_sim/build install --record /home/alfred/shared_mac/MEPA2001_2024/src/build/ngc_hull_sim/install.log --single-version-externally-managed install_data
[8.697s] DEBUG:colcon.colcon_core.event_handler.log_command:Invoking command in '/home/alfred/shared_mac/MEPA2001_2024/src/ngc_propulsion_sim': DEBUGINFOD_URLS=https://debuginfod.ubuntu.com PYTHONPATH=/home/alfred/shared_mac/MEPA2001_2024/src/build/ngc_propulsion_sim/prefix_override:/usr/lib/python3/dist-packages/colcon_core/task/python/colcon_distutils_commands:/home/alfred/shared_mac/MEPA2001_2024/src/install/ngc_propulsion_sim/lib/python3.12/site-packages:/home/alfred/shared_mac/MEPA2001_2024/src/install/ngc_interfaces/lib/python3.12/site-packages:/home/alfred/shared_mac/MEPA2001_2024/src/install/ngc_hull_sim/lib/python3.12/site-packages:/home/alfred/shared_mac/MEPA2001_2024/src/install/ngc_utils/lib/python3.12/site-packages:/home/alfred/shared_mac/MEPA2001_2024/src/install/ngc_sensor_sims/lib/python3.12/site-packages:/home/alfred/shared_mac/MEPA2001_2024/src/install/ngc_propulsion_sim/lib/python3.12/site-packages:/home/alfred/shared_mac/MEPA2001_2024/src/install/ngc_hmi/lib/python3.12/site-packages:/home/alfred/shared_mac/MEPA2001_2024/src/install/kontrolsystem/lib/python3.12/site-packages:/opt/ros/jazzy/lib/python3.12/site-packages /usr/bin/python3 -W ignore:setup.py install is deprecated setup.py egg_info --egg-base ../build/ngc_propulsion_sim build --build-base /home/alfred/shared_mac/MEPA2001_2024/src/build/ngc_propulsion_sim/build install --record /home/alfred/shared_mac/MEPA2001_2024/src/build/ngc_propulsion_sim/install.log --single-version-externally-managed install_data
[8.703s] DEBUG:colcon.colcon_core.event_handler.log_command:Invoking command in '/home/alfred/shared_mac/MEPA2001_2024/src/ngc_hmi': DEBUGINFOD_URLS=https://debuginfod.ubuntu.com PYTHONPATH=/home/alfred/shared_mac/MEPA2001_2024/src/build/ngc_hmi/prefix_override:/usr/lib/python3/dist-packages/colcon_core/task/python/colcon_distutils_commands:/home/alfred/shared_mac/MEPA2001_2024/src/install/ngc_hmi/lib/python3.12/site-packages:/home/alfred/shared_mac/MEPA2001_2024/src/install/ngc_interfaces/lib/python3.12/site-packages:/home/alfred/shared_mac/MEPA2001_2024/src/install/ngc_hull_sim/lib/python3.12/site-packages:/home/alfred/shared_mac/MEPA2001_2024/src/install/ngc_utils/lib/python3.12/site-packages:/home/alfred/shared_mac/MEPA2001_2024/src/install/ngc_sensor_sims/lib/python3.12/site-packages:/home/alfred/shared_mac/MEPA2001_2024/src/install/ngc_propulsion_sim/lib/python3.12/site-packages:/home/alfred/shared_mac/MEPA2001_2024/src/install/ngc_hmi/lib/python3.12/site-packages:/home/alfred/shared_mac/MEPA2001_2024/src/install/kontrolsystem/lib/python3.12/site-packages:/opt/ros/jazzy/lib/python3.12/site-packages /usr/bin/python3 -W ignore:setup.py install is deprecated setup.py egg_info --egg-base ../build/ngc_hmi build --build-base /home/alfred/shared_mac/MEPA2001_2024/src/build/ngc_hmi/build install --record /home/alfred/shared_mac/MEPA2001_2024/src/build/ngc_hmi/install.log --single-version-externally-managed install_data
[9.829s] Level 1:colcon.colcon_core.environment:checking '/home/alfred/shared_mac/MEPA2001_2024/src/install/ngc_hmi' for CMake module files
[9.830s] DEBUG:colcon.colcon_core.event_handler.log_command:Invoked command in '/home/alfred/shared_mac/MEPA2001_2024/src/ngc_hmi' returned '0': DEBUGINFOD_URLS=https://debuginfod.ubuntu.com PYTHONPATH=/home/alfred/shared_mac/MEPA2001_2024/src/build/ngc_hmi/prefix_override:/usr/lib/python3/dist-packages/colcon_core/task/python/colcon_distutils_commands:/home/alfred/shared_mac/MEPA2001_2024/src/install/ngc_hmi/lib/python3.12/site-packages:/home/alfred/shared_mac/MEPA2001_2024/src/install/ngc_interfaces/lib/python3.12/site-packages:/home/alfred/shared_mac/MEPA2001_2024/src/install/ngc_hull_sim/lib/python3.12/site-packages:/home/alfred/shared_mac/MEPA2001_2024/src/install/ngc_utils/lib/python3.12/site-packages:/home/alfred/shared_mac/MEPA2001_2024/src/install/ngc_sensor_sims/lib/python3.12/site-packages:/home/alfred/shared_mac/MEPA2001_2024/src/install/ngc_propulsion_sim/lib/python3.12/site-packages:/home/alfred/shared_mac/MEPA2001_2024/src/install/ngc_hmi/lib/python3.12/site-packages:/home/alfred/shared_mac/MEPA2001_2024/src/install/kontrolsystem/lib/python3.12/site-packages:/opt/ros/jazzy/lib/python3.12/site-packages /usr/bin/python3 -W ignore:setup.py install is deprecated setup.py egg_info --egg-base ../build/ngc_hmi build --build-base /home/alfred/shared_mac/MEPA2001_2024/src/build/ngc_hmi/build install --record /home/alfred/shared_mac/MEPA2001_2024/src/build/ngc_hmi/install.log --single-version-externally-managed install_data
[9.837s] Level 1:colcon.colcon_core.environment:checking '/home/alfred/shared_mac/MEPA2001_2024/src/install/ngc_hmi' for CMake config files
[9.849s] Level 1:colcon.colcon_core.environment:checking '/home/alfred/shared_mac/MEPA2001_2024/src/install/ngc_hmi/lib'
[9.850s] Level 1:colcon.colcon_core.environment:checking '/home/alfred/shared_mac/MEPA2001_2024/src/install/ngc_hmi/bin'
[9.850s] Level 1:colcon.colcon_core.environment:checking '/home/alfred/shared_mac/MEPA2001_2024/src/install/ngc_hmi/lib/pkgconfig/ngc_hmi.pc'
[9.851s] Level 1:colcon.colcon_core.environment:checking '/home/alfred/shared_mac/MEPA2001_2024/src/install/ngc_hmi/lib/python3.12/site-packages'
[9.851s] Level 1:colcon.colcon_core.shell:create_environment_hook('ngc_hmi', 'pythonpath')
[9.852s] INFO:colcon.colcon_core.shell:Creating environment descriptor '/home/alfred/shared_mac/MEPA2001_2024/src/install/ngc_hmi/share/ngc_hmi/hook/pythonpath.dsv'
[9.854s] INFO:colcon.colcon_core.shell:Creating environment hook '/home/alfred/shared_mac/MEPA2001_2024/src/install/ngc_hmi/share/ngc_hmi/hook/pythonpath.sh'
[9.856s] Level 1:colcon.colcon_core.environment:checking '/home/alfred/shared_mac/MEPA2001_2024/src/install/ngc_hmi/bin'
[9.857s] Level 1:colcon.colcon_core.environment:create_environment_scripts_only(ngc_hmi)
[9.857s] INFO:colcon.colcon_core.shell:Creating package descriptor '/home/alfred/shared_mac/MEPA2001_2024/src/install/ngc_hmi/share/ngc_hmi/package.dsv'
[9.858s] INFO:colcon.colcon_core.shell:Creating package script '/home/alfred/shared_mac/MEPA2001_2024/src/install/ngc_hmi/share/ngc_hmi/package.sh'
[9.860s] INFO:colcon.colcon_core.shell:Creating package script '/home/alfred/shared_mac/MEPA2001_2024/src/install/ngc_hmi/share/ngc_hmi/package.bash'
[9.861s] INFO:colcon.colcon_core.shell:Creating package script '/home/alfred/shared_mac/MEPA2001_2024/src/install/ngc_hmi/share/ngc_hmi/package.zsh'
[9.862s] Level 1:colcon.colcon_core.environment:create_file_with_runtime_dependencies(/home/alfred/shared_mac/MEPA2001_2024/src/install/ngc_hmi/share/colcon-core/packages/ngc_hmi)
[9.866s] Level 1:colcon.colcon_core.environment:checking '/home/alfred/shared_mac/MEPA2001_2024/src/install/ngc_propulsion_sim' for CMake module files
[9.872s] DEBUG:colcon.colcon_core.event_handler.log_command:Invoked command in '/home/alfred/shared_mac/MEPA2001_2024/src/ngc_propulsion_sim' returned '0': DEBUGINFOD_URLS=https://debuginfod.ubuntu.com PYTHONPATH=/home/alfred/shared_mac/MEPA2001_2024/src/build/ngc_propulsion_sim/prefix_override:/usr/lib/python3/dist-packages/colcon_core/task/python/colcon_distutils_commands:/home/alfred/shared_mac/MEPA2001_2024/src/install/ngc_propulsion_sim/lib/python3.12/site-packages:/home/alfred/shared_mac/MEPA2001_2024/src/install/ngc_interfaces/lib/python3.12/site-packages:/home/alfred/shared_mac/MEPA2001_2024/src/install/ngc_hull_sim/lib/python3.12/site-packages:/home/alfred/shared_mac/MEPA2001_2024/src/install/ngc_utils/lib/python3.12/site-packages:/home/alfred/shared_mac/MEPA2001_2024/src/install/ngc_sensor_sims/lib/python3.12/site-packages:/home/alfred/shared_mac/MEPA2001_2024/src/install/ngc_propulsion_sim/lib/python3.12/site-packages:/home/alfred/shared_mac/MEPA2001_2024/src/install/ngc_hmi/lib/python3.12/site-packages:/home/alfred/shared_mac/MEPA2001_2024/src/install/kontrolsystem/lib/python3.12/site-packages:/opt/ros/jazzy/lib/python3.12/site-packages /usr/bin/python3 -W ignore:setup.py install is deprecated setup.py egg_info --egg-base ../build/ngc_propulsion_sim build --build-base /home/alfred/shared_mac/MEPA2001_2024/src/build/ngc_propulsion_sim/build install --record /home/alfred/shared_mac/MEPA2001_2024/src/build/ngc_propulsion_sim/install.log --single-version-externally-managed install_data
[9.876s] Level 1:colcon.colcon_core.environment:checking '/home/alfred/shared_mac/MEPA2001_2024/src/install/ngc_propulsion_sim' for CMake config files
[9.888s] Level 1:colcon.colcon_core.environment:checking '/home/alfred/shared_mac/MEPA2001_2024/src/install/ngc_propulsion_sim/lib'
[9.896s] Level 1:colcon.colcon_core.environment:checking '/home/alfred/shared_mac/MEPA2001_2024/src/install/ngc_propulsion_sim/bin'
[9.898s] Level 1:colcon.colcon_core.environment:checking '/home/alfred/shared_mac/MEPA2001_2024/src/install/ngc_propulsion_sim/lib/pkgconfig/ngc_propulsion_sim.pc'
[9.899s] Level 1:colcon.colcon_core.environment:checking '/home/alfred/shared_mac/MEPA2001_2024/src/install/ngc_propulsion_sim/lib/python3.12/site-packages'
[9.900s] Level 1:colcon.colcon_core.shell:create_environment_hook('ngc_propulsion_sim', 'pythonpath')
[9.900s] INFO:colcon.colcon_core.shell:Creating environment descriptor '/home/alfred/shared_mac/MEPA2001_2024/src/install/ngc_propulsion_sim/share/ngc_propulsion_sim/hook/pythonpath.dsv'
[9.902s] INFO:colcon.colcon_core.shell:Creating environment hook '/home/alfred/shared_mac/MEPA2001_2024/src/install/ngc_propulsion_sim/share/ngc_propulsion_sim/hook/pythonpath.sh'
[9.905s] Level 1:colcon.colcon_core.environment:checking '/home/alfred/shared_mac/MEPA2001_2024/src/install/ngc_propulsion_sim/bin'
[9.905s] Level 1:colcon.colcon_core.environment:create_environment_scripts_only(ngc_propulsion_sim)
[9.906s] INFO:colcon.colcon_core.shell:Creating package descriptor '/home/alfred/shared_mac/MEPA2001_2024/src/install/ngc_propulsion_sim/share/ngc_propulsion_sim/package.dsv'
[9.908s] INFO:colcon.colcon_core.shell:Creating package script '/home/alfred/shared_mac/MEPA2001_2024/src/install/ngc_propulsion_sim/share/ngc_propulsion_sim/package.sh'
[9.910s] INFO:colcon.colcon_core.shell:Creating package script '/home/alfred/shared_mac/MEPA2001_2024/src/install/ngc_propulsion_sim/share/ngc_propulsion_sim/package.bash'
[9.911s] INFO:colcon.colcon_core.shell:Creating package script '/home/alfred/shared_mac/MEPA2001_2024/src/install/ngc_propulsion_sim/share/ngc_propulsion_sim/package.zsh'
[9.912s] Level 1:colcon.colcon_core.environment:create_file_with_runtime_dependencies(/home/alfred/shared_mac/MEPA2001_2024/src/install/ngc_propulsion_sim/share/colcon-core/packages/ngc_propulsion_sim)
[9.945s] Level 1:colcon.colcon_core.environment:checking '/home/alfred/shared_mac/MEPA2001_2024/src/install/ngc_hull_sim' for CMake module files
[9.947s] DEBUG:colcon.colcon_core.event_handler.log_command:Invoked command in '/home/alfred/shared_mac/MEPA2001_2024/src/ngc_hull_sim' returned '0': AMENT_PREFIX_PATH=/home/alfred/shared_mac/MEPA2001_2024/src/install/ngc_utils:/home/alfred/shared_mac/MEPA2001_2024/src/install/ngc_hull_sim:/home/alfred/shared_mac/MEPA2001_2024/src/install/ngc_sensor_sims:/home/alfred/shared_mac/MEPA2001_2024/src/install/ngc_propulsion_sim:/home/alfred/shared_mac/MEPA2001_2024/src/install/ngc_hmi:/home/alfred/shared_mac/MEPA2001_2024/src/install/ngc_interfaces:/home/alfred/shared_mac/MEPA2001_2024/src/install/ngc_bringup:/home/alfred/shared_mac/MEPA2001_2024/src/install/kontrolsystem:/opt/ros/jazzy DEBUGINFOD_URLS=https://debuginfod.ubuntu.com PYTHONPATH=/home/alfred/shared_mac/MEPA2001_2024/src/build/ngc_hull_sim/prefix_override:/usr/lib/python3/dist-packages/colcon_core/task/python/colcon_distutils_commands:/home/alfred/shared_mac/MEPA2001_2024/src/install/ngc_hull_sim/lib/python3.12/site-packages:/home/alfred/shared_mac/MEPA2001_2024/src/install/ngc_utils/lib/python3.12/site-packages:/home/alfred/shared_mac/MEPA2001_2024/src/install/ngc_interfaces/lib/python3.12/site-packages:/home/alfred/shared_mac/MEPA2001_2024/src/install/ngc_hull_sim/lib/python3.12/site-packages:/home/alfred/shared_mac/MEPA2001_2024/src/install/ngc_sensor_sims/lib/python3.12/site-packages:/home/alfred/shared_mac/MEPA2001_2024/src/install/ngc_propulsion_sim/lib/python3.12/site-packages:/home/alfred/shared_mac/MEPA2001_2024/src/install/ngc_hmi/lib/python3.12/site-packages:/home/alfred/shared_mac/MEPA2001_2024/src/install/kontrolsystem/lib/python3.12/site-packages:/opt/ros/jazzy/lib/python3.12/site-packages /usr/bin/python3 -W ignore:setup.py install is deprecated setup.py egg_info --egg-base ../build/ngc_hull_sim build --build-base /home/alfred/shared_mac/MEPA2001_2024/src/build/ngc_hull_sim/build install --record /home/alfred/shared_mac/MEPA2001_2024/src/build/ngc_hull_sim/install.log --single-version-externally-managed install_data
[9.953s] Level 1:colcon.colcon_core.environment:checking '/home/alfred/shared_mac/MEPA2001_2024/src/install/ngc_hull_sim' for CMake config files
[9.973s] Level 1:colcon.colcon_core.environment:checking '/home/alfred/shared_mac/MEPA2001_2024/src/install/ngc_hull_sim/lib'
[9.974s] Level 1:colcon.colcon_core.environment:checking '/home/alfred/shared_mac/MEPA2001_2024/src/install/ngc_hull_sim/bin'
[9.975s] Level 1:colcon.colcon_core.environment:checking '/home/alfred/shared_mac/MEPA2001_2024/src/install/ngc_hull_sim/lib/pkgconfig/ngc_hull_sim.pc'
[9.977s] Level 1:colcon.colcon_core.environment:checking '/home/alfred/shared_mac/MEPA2001_2024/src/install/ngc_hull_sim/lib/python3.12/site-packages'
[9.980s] Level 1:colcon.colcon_core.shell:create_environment_hook('ngc_hull_sim', 'pythonpath')
[9.981s] INFO:colcon.colcon_core.shell:Creating environment descriptor '/home/alfred/shared_mac/MEPA2001_2024/src/install/ngc_hull_sim/share/ngc_hull_sim/hook/pythonpath.dsv'
[9.984s] INFO:colcon.colcon_core.shell:Creating environment hook '/home/alfred/shared_mac/MEPA2001_2024/src/install/ngc_hull_sim/share/ngc_hull_sim/hook/pythonpath.sh'
[9.989s] Level 1:colcon.colcon_core.environment:checking '/home/alfred/shared_mac/MEPA2001_2024/src/install/ngc_hull_sim/bin'
[9.990s] Level 1:colcon.colcon_core.environment:create_environment_scripts_only(ngc_hull_sim)
[9.991s] INFO:colcon.colcon_core.shell:Creating package descriptor '/home/alfred/shared_mac/MEPA2001_2024/src/install/ngc_hull_sim/share/ngc_hull_sim/package.dsv'
[9.994s] INFO:colcon.colcon_core.shell:Creating package script '/home/alfred/shared_mac/MEPA2001_2024/src/install/ngc_hull_sim/share/ngc_hull_sim/package.sh'
[9.997s] INFO:colcon.colcon_core.shell:Creating package script '/home/alfred/shared_mac/MEPA2001_2024/src/install/ngc_hull_sim/share/ngc_hull_sim/package.bash'
[9.999s] INFO:colcon.colcon_core.shell:Creating package script '/home/alfred/shared_mac/MEPA2001_2024/src/install/ngc_hull_sim/share/ngc_hull_sim/package.zsh'
[10.002s] Level 1:colcon.colcon_core.environment:create_file_with_runtime_dependencies(/home/alfred/shared_mac/MEPA2001_2024/src/install/ngc_hull_sim/share/colcon-core/packages/ngc_hull_sim)
[10.005s] DEBUG:colcon.colcon_parallel_executor.executor.parallel:closing loop
[10.006s] DEBUG:colcon.colcon_parallel_executor.executor.parallel:loop closed
[10.006s] DEBUG:colcon.colcon_parallel_executor.executor.parallel:run_until_complete finished with '0'
[10.007s] DEBUG:colcon.colcon_core.event_reactor:joining thread
[10.032s] INFO:colcon.colcon_core.plugin_system:Skipping extension 'colcon_notification.desktop_notification.terminal_notifier': Not used on non-Darwin systems
[10.033s] INFO:colcon.colcon_core.plugin_system:Skipping extension 'colcon_notification.desktop_notification.win32': Not used on non-Windows systems
[10.035s] INFO:colcon.colcon_notification.desktop_notification:Sending desktop notification using 'notify2'
[10.078s] DEBUG:colcon.colcon_core.event_reactor:joined thread
[10.079s] INFO:colcon.colcon_core.shell:Creating prefix script '/home/alfred/shared_mac/MEPA2001_2024/src/install/local_setup.sh'
[10.082s] INFO:colcon.colcon_core.shell:Creating prefix util module '/home/alfred/shared_mac/MEPA2001_2024/src/install/_local_setup_util_sh.py'
[10.085s] INFO:colcon.colcon_core.shell:Creating prefix chain script '/home/alfred/shared_mac/MEPA2001_2024/src/install/setup.sh'
[10.109s] INFO:colcon.colcon_core.shell:Creating prefix script '/home/alfred/shared_mac/MEPA2001_2024/src/install/local_setup.bash'
[10.111s] INFO:colcon.colcon_core.shell:Creating prefix chain script '/home/alfred/shared_mac/MEPA2001_2024/src/install/setup.bash'
[10.124s] INFO:colcon.colcon_core.shell:Creating prefix script '/home/alfred/shared_mac/MEPA2001_2024/src/install/local_setup.zsh'
[10.126s] INFO:colcon.colcon_core.shell:Creating prefix chain script '/home/alfred/shared_mac/MEPA2001_2024/src/install/setup.zsh'
