running egg_info
writing ../build/regulator/regulator.egg-info/PKG-INFO
writing dependency_links to ../build/regulator/regulator.egg-info/dependency_links.txt
writing entry points to ../build/regulator/regulator.egg-info/entry_points.txt
writing requirements to ../build/regulator/regulator.egg-info/requires.txt
writing top-level names to ../build/regulator/regulator.egg-info/top_level.txt
reading manifest file '../build/regulator/regulator.egg-info/SOURCES.txt'
writing manifest file '../build/regulator/regulator.egg-info/SOURCES.txt'
running build
running build_py
running install
running install_lib
running install_data
running install_egg_info
removing '/home/alfred/shared_mac/Mekatronikk3/src/install/regulator/lib/python3.12/site-packages/regulator-0.0.0-py3.12.egg-info' (and everything under it)
Copying ../build/regulator/regulator.egg-info to /home/alfred/shared_mac/Mekatronikk3/src/install/regulator/lib/python3.12/site-packages/regulator-0.0.0-py3.12.egg-info
running install_scripts
Installing allokering script to /home/alfred/shared_mac/Mekatronikk3/src/install/regulator/lib/regulator
Installing estimator script to /home/alfred/shared_mac/Mekatronikk3/src/install/regulator/lib/regulator
Installing kontroller script to /home/alfred/shared_mac/Mekatronikk3/src/install/regulator/lib/regulator
writing list of installed files to '/home/alfred/shared_mac/Mekatronikk3/src/build/regulator/install.log'
