running egg_info
writing ../build/ngc_sensor_sims/ngc_sensor_sims.egg-info/PKG-INFO
writing dependency_links to ../build/ngc_sensor_sims/ngc_sensor_sims.egg-info/dependency_links.txt
writing entry points to ../build/ngc_sensor_sims/ngc_sensor_sims.egg-info/entry_points.txt
writing requirements to ../build/ngc_sensor_sims/ngc_sensor_sims.egg-info/requires.txt
writing top-level names to ../build/ngc_sensor_sims/ngc_sensor_sims.egg-info/top_level.txt
reading manifest file '../build/ngc_sensor_sims/ngc_sensor_sims.egg-info/SOURCES.txt'
writing manifest file '../build/ngc_sensor_sims/ngc_sensor_sims.egg-info/SOURCES.txt'
running build
running build_py
running install
running install_lib
running install_data
running install_egg_info
removing '/home/alfred/shared_mac/Mekatronikk3/src/install/ngc_sensor_sims/lib/python3.12/site-packages/ngc_sensor_sims-0.0.0-py3.12.egg-info' (and everything under it)
Copying ../build/ngc_sensor_sims/ngc_sensor_sims.egg-info to /home/alfred/shared_mac/Mekatronikk3/src/install/ngc_sensor_sims/lib/python3.12/site-packages/ngc_sensor_sims-0.0.0-py3.12.egg-info
running install_scripts
Installing anemometer script to /home/alfred/shared_mac/Mekatronikk3/src/install/ngc_sensor_sims/lib/ngc_sensor_sims
Installing compass script to /home/alfred/shared_mac/Mekatronikk3/src/install/ngc_sensor_sims/lib/ngc_sensor_sims
Installing gnss script to /home/alfred/shared_mac/Mekatronikk3/src/install/ngc_sensor_sims/lib/ngc_sensor_sims
writing list of installed files to '/home/alfred/shared_mac/Mekatronikk3/src/build/ngc_sensor_sims/install.log'
