[2.917s] Invoking command in '/home/alfred/shared_mac/Mekatronikk3/src/ngc_sensor_sims': DEBUGINFOD_URLS=https://debuginfod.ubuntu.com PYTHONPATH=/home/alfred/shared_mac/Mekatronikk3/src/build/ngc_sensor_sims/prefix_override:/usr/lib/python3/dist-packages/colcon_core/task/python/colcon_distutils_commands:/home/alfred/shared_mac/Mekatronikk3/src/install/ngc_sensor_sims/lib/python3.12/site-packages:${PYTHONPATH} /usr/bin/python3 -W ignore:setup.py install is deprecated setup.py egg_info --egg-base ../build/ngc_sensor_sims build --build-base /home/alfred/shared_mac/Mekatronikk3/src/build/ngc_sensor_sims/build install --record /home/alfred/shared_mac/Mekatronikk3/src/build/ngc_sensor_sims/install.log --single-version-externally-managed install_data
[3.696s] running egg_info
[3.697s] creating ../build/ngc_sensor_sims/ngc_sensor_sims.egg-info
[3.737s] writing ../build/ngc_sensor_sims/ngc_sensor_sims.egg-info/PKG-INFO
[3.742s] writing dependency_links to ../build/ngc_sensor_sims/ngc_sensor_sims.egg-info/dependency_links.txt
[3.749s] writing entry points to ../build/ngc_sensor_sims/ngc_sensor_sims.egg-info/entry_points.txt
[3.751s] writing requirements to ../build/ngc_sensor_sims/ngc_sensor_sims.egg-info/requires.txt
[3.753s] writing top-level names to ../build/ngc_sensor_sims/ngc_sensor_sims.egg-info/top_level.txt
[3.755s] writing manifest file '../build/ngc_sensor_sims/ngc_sensor_sims.egg-info/SOURCES.txt'
[3.893s] reading manifest file '../build/ngc_sensor_sims/ngc_sensor_sims.egg-info/SOURCES.txt'
[3.910s] writing manifest file '../build/ngc_sensor_sims/ngc_sensor_sims.egg-info/SOURCES.txt'
[3.911s] running build
[3.913s] running build_py
[3.916s] creating /home/alfred/shared_mac/Mekatronikk3/src/build/ngc_sensor_sims/build
[3.918s] creating /home/alfred/shared_mac/Mekatronikk3/src/build/ngc_sensor_sims/build/lib
[3.923s] creating /home/alfred/shared_mac/Mekatronikk3/src/build/ngc_sensor_sims/build/lib/ngc_sensor_sims
[3.928s] copying ngc_sensor_sims/gnss.py -> /home/alfred/shared_mac/Mekatronikk3/src/build/ngc_sensor_sims/build/lib/ngc_sensor_sims
[3.933s] copying ngc_sensor_sims/__init__.py -> /home/alfred/shared_mac/Mekatronikk3/src/build/ngc_sensor_sims/build/lib/ngc_sensor_sims
[3.937s] copying ngc_sensor_sims/anemometer.py -> /home/alfred/shared_mac/Mekatronikk3/src/build/ngc_sensor_sims/build/lib/ngc_sensor_sims
[3.940s] copying ngc_sensor_sims/compass.py -> /home/alfred/shared_mac/Mekatronikk3/src/build/ngc_sensor_sims/build/lib/ngc_sensor_sims
[3.944s] running install
[3.953s] running install_lib
[3.999s] creating /home/alfred/shared_mac/Mekatronikk3/src/install/ngc_sensor_sims/lib/python3.12/site-packages/ngc_sensor_sims
[4.000s] copying /home/alfred/shared_mac/Mekatronikk3/src/build/ngc_sensor_sims/build/lib/ngc_sensor_sims/gnss.py -> /home/alfred/shared_mac/Mekatronikk3/src/install/ngc_sensor_sims/lib/python3.12/site-packages/ngc_sensor_sims
[4.004s] copying /home/alfred/shared_mac/Mekatronikk3/src/build/ngc_sensor_sims/build/lib/ngc_sensor_sims/__init__.py -> /home/alfred/shared_mac/Mekatronikk3/src/install/ngc_sensor_sims/lib/python3.12/site-packages/ngc_sensor_sims
[4.007s] copying /home/alfred/shared_mac/Mekatronikk3/src/build/ngc_sensor_sims/build/lib/ngc_sensor_sims/anemometer.py -> /home/alfred/shared_mac/Mekatronikk3/src/install/ngc_sensor_sims/lib/python3.12/site-packages/ngc_sensor_sims
[4.014s] copying /home/alfred/shared_mac/Mekatronikk3/src/build/ngc_sensor_sims/build/lib/ngc_sensor_sims/compass.py -> /home/alfred/shared_mac/Mekatronikk3/src/install/ngc_sensor_sims/lib/python3.12/site-packages/ngc_sensor_sims
[4.022s] byte-compiling /home/alfred/shared_mac/Mekatronikk3/src/install/ngc_sensor_sims/lib/python3.12/site-packages/ngc_sensor_sims/gnss.py to gnss.cpython-312.pyc
[4.033s] byte-compiling /home/alfred/shared_mac/Mekatronikk3/src/install/ngc_sensor_sims/lib/python3.12/site-packages/ngc_sensor_sims/__init__.py to __init__.cpython-312.pyc
[4.035s] byte-compiling /home/alfred/shared_mac/Mekatronikk3/src/install/ngc_sensor_sims/lib/python3.12/site-packages/ngc_sensor_sims/anemometer.py to anemometer.cpython-312.pyc
[4.041s] byte-compiling /home/alfred/shared_mac/Mekatronikk3/src/install/ngc_sensor_sims/lib/python3.12/site-packages/ngc_sensor_sims/compass.py to compass.cpython-312.pyc
[4.048s] running install_data
[4.051s] creating /home/alfred/shared_mac/Mekatronikk3/src/install/ngc_sensor_sims/share/ament_index
[4.053s] creating /home/alfred/shared_mac/Mekatronikk3/src/install/ngc_sensor_sims/share/ament_index/resource_index
[4.055s] creating /home/alfred/shared_mac/Mekatronikk3/src/install/ngc_sensor_sims/share/ament_index/resource_index/packages
[4.061s] copying resource/ngc_sensor_sims -> /home/alfred/shared_mac/Mekatronikk3/src/install/ngc_sensor_sims/share/ament_index/resource_index/packages
[4.064s] copying package.xml -> /home/alfred/shared_mac/Mekatronikk3/src/install/ngc_sensor_sims/share/ngc_sensor_sims
[4.066s] running install_egg_info
[4.126s] Copying ../build/ngc_sensor_sims/ngc_sensor_sims.egg-info to /home/alfred/shared_mac/Mekatronikk3/src/install/ngc_sensor_sims/lib/python3.12/site-packages/ngc_sensor_sims-0.0.0-py3.12.egg-info
[4.170s] running install_scripts
[4.639s] Installing anemometer script to /home/alfred/shared_mac/Mekatronikk3/src/install/ngc_sensor_sims/lib/ngc_sensor_sims
[4.640s] Installing compass script to /home/alfred/shared_mac/Mekatronikk3/src/install/ngc_sensor_sims/lib/ngc_sensor_sims
[4.640s] Installing gnss script to /home/alfred/shared_mac/Mekatronikk3/src/install/ngc_sensor_sims/lib/ngc_sensor_sims
[4.643s] writing list of installed files to '/home/alfred/shared_mac/Mekatronikk3/src/build/ngc_sensor_sims/install.log'
[4.865s] Invoked command in '/home/alfred/shared_mac/Mekatronikk3/src/ngc_sensor_sims' returned '0': DEBUGINFOD_URLS=https://debuginfod.ubuntu.com PYTHONPATH=/home/alfred/shared_mac/Mekatronikk3/src/build/ngc_sensor_sims/prefix_override:/usr/lib/python3/dist-packages/colcon_core/task/python/colcon_distutils_commands:/home/alfred/shared_mac/Mekatronikk3/src/install/ngc_sensor_sims/lib/python3.12/site-packages:${PYTHONPATH} /usr/bin/python3 -W ignore:setup.py install is deprecated setup.py egg_info --egg-base ../build/ngc_sensor_sims build --build-base /home/alfred/shared_mac/Mekatronikk3/src/build/ngc_sensor_sims/build install --record /home/alfred/shared_mac/Mekatronikk3/src/build/ngc_sensor_sims/install.log --single-version-externally-managed install_data
