running egg_info
creating ../build/ngc_hmi/ngc_hmi.egg-info
writing ../build/ngc_hmi/ngc_hmi.egg-info/PKG-INFO
writing dependency_links to ../build/ngc_hmi/ngc_hmi.egg-info/dependency_links.txt
writing entry points to ../build/ngc_hmi/ngc_hmi.egg-info/entry_points.txt
writing requirements to ../build/ngc_hmi/ngc_hmi.egg-info/requires.txt
writing top-level names to ../build/ngc_hmi/ngc_hmi.egg-info/top_level.txt
writing manifest file '../build/ngc_hmi/ngc_hmi.egg-info/SOURCES.txt'
reading manifest file '../build/ngc_hmi/ngc_hmi.egg-info/SOURCES.txt'
writing manifest file '../build/ngc_hmi/ngc_hmi.egg-info/SOURCES.txt'
running build
running build_py
creating /home/alfred/shared_mac/Mekatronikk3/src/build/ngc_hmi/build
creating /home/alfred/shared_mac/Mekatronikk3/src/build/ngc_hmi/build/lib
creating /home/alfred/shared_mac/Mekatronikk3/src/build/ngc_hmi/build/lib/ngc_hmi
copying ngc_hmi/custom_slider_widget.py -> /home/alfred/shared_mac/Mekatronikk3/src/build/ngc_hmi/build/lib/ngc_hmi
copying ngc_hmi/ngc_hmi_yaml_editor.py -> /home/alfred/shared_mac/Mekatronikk3/src/build/ngc_hmi/build/lib/ngc_hmi
copying ngc_hmi/__init__.py -> /home/alfred/shared_mac/Mekatronikk3/src/build/ngc_hmi/build/lib/ngc_hmi
copying ngc_hmi/ngc_hmi_autopilot.py -> /home/alfred/shared_mac/Mekatronikk3/src/build/ngc_hmi/build/lib/ngc_hmi
copying ngc_hmi/ngc_hmi_main.py -> /home/alfred/shared_mac/Mekatronikk3/src/build/ngc_hmi/build/lib/ngc_hmi
running install
running install_lib
creating /home/alfred/shared_mac/Mekatronikk3/src/install/ngc_hmi/lib/python3.12/site-packages/ngc_hmi
copying /home/alfred/shared_mac/Mekatronikk3/src/build/ngc_hmi/build/lib/ngc_hmi/custom_slider_widget.py -> /home/alfred/shared_mac/Mekatronikk3/src/install/ngc_hmi/lib/python3.12/site-packages/ngc_hmi
copying /home/alfred/shared_mac/Mekatronikk3/src/build/ngc_hmi/build/lib/ngc_hmi/ngc_hmi_yaml_editor.py -> /home/alfred/shared_mac/Mekatronikk3/src/install/ngc_hmi/lib/python3.12/site-packages/ngc_hmi
copying /home/alfred/shared_mac/Mekatronikk3/src/build/ngc_hmi/build/lib/ngc_hmi/__init__.py -> /home/alfred/shared_mac/Mekatronikk3/src/install/ngc_hmi/lib/python3.12/site-packages/ngc_hmi
copying /home/alfred/shared_mac/Mekatronikk3/src/build/ngc_hmi/build/lib/ngc_hmi/ngc_hmi_autopilot.py -> /home/alfred/shared_mac/Mekatronikk3/src/install/ngc_hmi/lib/python3.12/site-packages/ngc_hmi
copying /home/alfred/shared_mac/Mekatronikk3/src/build/ngc_hmi/build/lib/ngc_hmi/ngc_hmi_main.py -> /home/alfred/shared_mac/Mekatronikk3/src/install/ngc_hmi/lib/python3.12/site-packages/ngc_hmi
byte-compiling /home/alfred/shared_mac/Mekatronikk3/src/install/ngc_hmi/lib/python3.12/site-packages/ngc_hmi/custom_slider_widget.py to custom_slider_widget.cpython-312.pyc
byte-compiling /home/alfred/shared_mac/Mekatronikk3/src/install/ngc_hmi/lib/python3.12/site-packages/ngc_hmi/ngc_hmi_yaml_editor.py to ngc_hmi_yaml_editor.cpython-312.pyc
byte-compiling /home/alfred/shared_mac/Mekatronikk3/src/install/ngc_hmi/lib/python3.12/site-packages/ngc_hmi/__init__.py to __init__.cpython-312.pyc
byte-compiling /home/alfred/shared_mac/Mekatronikk3/src/install/ngc_hmi/lib/python3.12/site-packages/ngc_hmi/ngc_hmi_autopilot.py to ngc_hmi_autopilot.cpython-312.pyc
byte-compiling /home/alfred/shared_mac/Mekatronikk3/src/install/ngc_hmi/lib/python3.12/site-packages/ngc_hmi/ngc_hmi_main.py to ngc_hmi_main.cpython-312.pyc
running install_data
creating /home/alfred/shared_mac/Mekatronikk3/src/install/ngc_hmi/share/ament_index
creating /home/alfred/shared_mac/Mekatronikk3/src/install/ngc_hmi/share/ament_index/resource_index
creating /home/alfred/shared_mac/Mekatronikk3/src/install/ngc_hmi/share/ament_index/resource_index/packages
copying resource/ngc_hmi -> /home/alfred/shared_mac/Mekatronikk3/src/install/ngc_hmi/share/ament_index/resource_index/packages
copying package.xml -> /home/alfred/shared_mac/Mekatronikk3/src/install/ngc_hmi/share/ngc_hmi
running install_egg_info
Copying ../build/ngc_hmi/ngc_hmi.egg-info to /home/alfred/shared_mac/Mekatronikk3/src/install/ngc_hmi/lib/python3.12/site-packages/ngc_hmi-0.0.0-py3.12.egg-info
running install_scripts
Installing ngc_hmi script to /home/alfred/shared_mac/Mekatronikk3/src/install/ngc_hmi/lib/ngc_hmi
Installing ngc_hmi_autopilot script to /home/alfred/shared_mac/Mekatronikk3/src/install/ngc_hmi/lib/ngc_hmi
Installing ngc_hmi_yaml_editor script to /home/alfred/shared_mac/Mekatronikk3/src/install/ngc_hmi/lib/ngc_hmi
writing list of installed files to '/home/alfred/shared_mac/Mekatronikk3/src/build/ngc_hmi/install.log'
