[0.119s] DEBUG:colcon:Command line arguments: ['/usr/bin/colcon', 'build']
[0.120s] DEBUG:colcon:Parsed command line arguments: Namespace(log_base=None, log_level=None, verb_name='build', build_base='build', install_base='install', merge_install=False, symlink_install=False, test_result_base=None, continue_on_error=False, executor='parallel', parallel_workers=4, event_handlers=None, ignore_user_meta=False, metas=['./colcon.meta'], base_paths=['.'], packages_ignore=None, packages_ignore_regex=None, paths=None, packages_up_to=None, packages_up_to_regex=None, packages_above=None, packages_above_and_dependencies=None, packages_above_depth=None, packages_select_by_dep=None, packages_skip_by_dep=None, packages_skip_up_to=None, packages_select_build_failed=False, packages_skip_build_finished=False, packages_select_test_failures=False, packages_skip_test_passed=False, packages_select=None, packages_skip=None, packages_select_regex=None, packages_skip_regex=None, packages_start=None, packages_end=None, cmake_args=None, cmake_target=None, cmake_target_skip_unavailable=False, cmake_clean_cache=False, cmake_clean_first=False, cmake_force_configure=False, ament_cmake_args=None, catkin_cmake_args=None, catkin_skip_building_tests=False, verb_parser=<colcon_defaults.argument_parser.defaults.DefaultArgumentsDecorator object at 0x75a537105e80>, verb_extension=<colcon_core.verb.build.BuildVerb object at 0x75a537105cd0>, main=<bound method BuildVerb.main of <colcon_core.verb.build.BuildVerb object at 0x75a537105cd0>>)
[0.163s] Level 1:colcon.colcon_core.package_discovery:discover_packages(colcon_meta) check parameters
[0.165s] Level 1:colcon.colcon_core.package_discovery:discover_packages(recursive) check parameters
[0.165s] Level 1:colcon.colcon_core.package_discovery:discover_packages(ignore) check parameters
[0.165s] Level 1:colcon.colcon_core.package_discovery:discover_packages(path) check parameters
[0.165s] Level 1:colcon.colcon_core.package_discovery:discover_packages(colcon_meta) discover
[0.166s] Level 1:colcon.colcon_core.package_discovery:discover_packages(recursive) discover
[0.166s] INFO:colcon.colcon_core.package_discovery:Crawling recursively for packages in '/home/alfred/shared_mac/MEPA2001_2024/src'
[0.166s] Level 1:colcon.colcon_core.package_identification:_identify(.) by extensions ['ignore', 'ignore_ament_install']
[0.167s] Level 1:colcon.colcon_core.package_identification:_identify(.) by extension 'ignore'
[0.167s] Level 1:colcon.colcon_core.package_identification:_identify(.) by extension 'ignore_ament_install'
[0.168s] Level 1:colcon.colcon_core.package_identification:_identify(.) by extensions ['colcon_pkg']
[0.168s] Level 1:colcon.colcon_core.package_identification:_identify(.) by extension 'colcon_pkg'
[0.168s] Level 1:colcon.colcon_core.package_identification:_identify(.) by extensions ['colcon_meta']
[0.169s] Level 1:colcon.colcon_core.package_identification:_identify(.) by extension 'colcon_meta'
[0.169s] Level 1:colcon.colcon_core.package_identification:_identify(.) by extensions ['ros']
[0.169s] Level 1:colcon.colcon_core.package_identification:_identify(.) by extension 'ros'
[0.197s] Level 1:colcon.colcon_core.package_identification:_identify(.) by extensions ['cmake', 'python']
[0.198s] Level 1:colcon.colcon_core.package_identification:_identify(.) by extension 'cmake'
[0.198s] Level 1:colcon.colcon_core.package_identification:_identify(.) by extension 'python'
[0.199s] Level 1:colcon.colcon_core.package_identification:_identify(.) by extensions ['python_setup_py']
[0.199s] Level 1:colcon.colcon_core.package_identification:_identify(.) by extension 'python_setup_py'
[0.200s] Level 1:colcon.colcon_core.package_identification:_identify(build) by extensions ['ignore', 'ignore_ament_install']
[0.200s] Level 1:colcon.colcon_core.package_identification:_identify(build) by extension 'ignore'
[0.200s] Level 1:colcon.colcon_core.package_identification:_identify(build) ignored
[0.201s] Level 1:colcon.colcon_core.package_identification:_identify(install) by extensions ['ignore', 'ignore_ament_install']
[0.201s] Level 1:colcon.colcon_core.package_identification:_identify(install) by extension 'ignore'
[0.201s] Level 1:colcon.colcon_core.package_identification:_identify(install) ignored
[0.202s] Level 1:colcon.colcon_core.package_identification:_identify(kontrolsystem) by extensions ['ignore', 'ignore_ament_install']
[0.202s] Level 1:colcon.colcon_core.package_identification:_identify(kontrolsystem) by extension 'ignore'
[0.203s] Level 1:colcon.colcon_core.package_identification:_identify(kontrolsystem) by extension 'ignore_ament_install'
[0.203s] Level 1:colcon.colcon_core.package_identification:_identify(kontrolsystem) by extensions ['colcon_pkg']
[0.204s] Level 1:colcon.colcon_core.package_identification:_identify(kontrolsystem) by extension 'colcon_pkg'
[0.204s] Level 1:colcon.colcon_core.package_identification:_identify(kontrolsystem) by extensions ['colcon_meta']
[0.204s] Level 1:colcon.colcon_core.package_identification:_identify(kontrolsystem) by extension 'colcon_meta'
[0.204s] Level 1:colcon.colcon_core.package_identification:_identify(kontrolsystem) by extensions ['ros']
[0.205s] Level 1:colcon.colcon_core.package_identification:_identify(kontrolsystem) by extension 'ros'
[0.209s] DEBUG:colcon.colcon_core.package_identification:Package 'kontrolsystem' with type 'ros.ament_python' and name 'kontrolsystem'
[0.209s] Level 1:colcon.colcon_core.package_identification:_identify(log) by extensions ['ignore', 'ignore_ament_install']
[0.210s] Level 1:colcon.colcon_core.package_identification:_identify(log) by extension 'ignore'
[0.210s] Level 1:colcon.colcon_core.package_identification:_identify(log) ignored
[0.210s] Level 1:colcon.colcon_core.package_identification:_identify(ngc_bringup) by extensions ['ignore', 'ignore_ament_install']
[0.211s] Level 1:colcon.colcon_core.package_identification:_identify(ngc_bringup) by extension 'ignore'
[0.211s] Level 1:colcon.colcon_core.package_identification:_identify(ngc_bringup) by extension 'ignore_ament_install'
[0.212s] Level 1:colcon.colcon_core.package_identification:_identify(ngc_bringup) by extensions ['colcon_pkg']
[0.212s] Level 1:colcon.colcon_core.package_identification:_identify(ngc_bringup) by extension 'colcon_pkg'
[0.212s] Level 1:colcon.colcon_core.package_identification:_identify(ngc_bringup) by extensions ['colcon_meta']
[0.213s] Level 1:colcon.colcon_core.package_identification:_identify(ngc_bringup) by extension 'colcon_meta'
[0.213s] Level 1:colcon.colcon_core.package_identification:_identify(ngc_bringup) by extensions ['ros']
[0.213s] Level 1:colcon.colcon_core.package_identification:_identify(ngc_bringup) by extension 'ros'
[0.215s] DEBUG:colcon.colcon_core.package_identification:Package 'ngc_bringup' with type 'ros.ament_cmake' and name 'ngc_bringup'
[0.216s] Level 1:colcon.colcon_core.package_identification:_identify(ngc_hmi) by extensions ['ignore', 'ignore_ament_install']
[0.216s] Level 1:colcon.colcon_core.package_identification:_identify(ngc_hmi) by extension 'ignore'
[0.216s] Level 1:colcon.colcon_core.package_identification:_identify(ngc_hmi) by extension 'ignore_ament_install'
[0.217s] Level 1:colcon.colcon_core.package_identification:_identify(ngc_hmi) by extensions ['colcon_pkg']
[0.217s] Level 1:colcon.colcon_core.package_identification:_identify(ngc_hmi) by extension 'colcon_pkg'
[0.218s] Level 1:colcon.colcon_core.package_identification:_identify(ngc_hmi) by extensions ['colcon_meta']
[0.218s] Level 1:colcon.colcon_core.package_identification:_identify(ngc_hmi) by extension 'colcon_meta'
[0.218s] Level 1:colcon.colcon_core.package_identification:_identify(ngc_hmi) by extensions ['ros']
[0.218s] Level 1:colcon.colcon_core.package_identification:_identify(ngc_hmi) by extension 'ros'
[0.220s] DEBUG:colcon.colcon_core.package_identification:Package 'ngc_hmi' with type 'ros.ament_python' and name 'ngc_hmi'
[0.221s] Level 1:colcon.colcon_core.package_identification:_identify(ngc_hull_sim) by extensions ['ignore', 'ignore_ament_install']
[0.221s] Level 1:colcon.colcon_core.package_identification:_identify(ngc_hull_sim) by extension 'ignore'
[0.222s] Level 1:colcon.colcon_core.package_identification:_identify(ngc_hull_sim) by extension 'ignore_ament_install'
[0.223s] Level 1:colcon.colcon_core.package_identification:_identify(ngc_hull_sim) by extensions ['colcon_pkg']
[0.223s] Level 1:colcon.colcon_core.package_identification:_identify(ngc_hull_sim) by extension 'colcon_pkg'
[0.223s] Level 1:colcon.colcon_core.package_identification:_identify(ngc_hull_sim) by extensions ['colcon_meta']
[0.224s] Level 1:colcon.colcon_core.package_identification:_identify(ngc_hull_sim) by extension 'colcon_meta'
[0.224s] Level 1:colcon.colcon_core.package_identification:_identify(ngc_hull_sim) by extensions ['ros']
[0.224s] Level 1:colcon.colcon_core.package_identification:_identify(ngc_hull_sim) by extension 'ros'
[0.227s] DEBUG:colcon.colcon_core.package_identification:Package 'ngc_hull_sim' with type 'ros.ament_python' and name 'ngc_hull_sim'
[0.228s] Level 1:colcon.colcon_core.package_identification:_identify(ngc_interfaces) by extensions ['ignore', 'ignore_ament_install']
[0.229s] Level 1:colcon.colcon_core.package_identification:_identify(ngc_interfaces) by extension 'ignore'
[0.229s] Level 1:colcon.colcon_core.package_identification:_identify(ngc_interfaces) by extension 'ignore_ament_install'
[0.230s] Level 1:colcon.colcon_core.package_identification:_identify(ngc_interfaces) by extensions ['colcon_pkg']
[0.230s] Level 1:colcon.colcon_core.package_identification:_identify(ngc_interfaces) by extension 'colcon_pkg'
[0.230s] Level 1:colcon.colcon_core.package_identification:_identify(ngc_interfaces) by extensions ['colcon_meta']
[0.230s] Level 1:colcon.colcon_core.package_identification:_identify(ngc_interfaces) by extension 'colcon_meta'
[0.231s] Level 1:colcon.colcon_core.package_identification:_identify(ngc_interfaces) by extensions ['ros']
[0.231s] Level 1:colcon.colcon_core.package_identification:_identify(ngc_interfaces) by extension 'ros'
[0.233s] DEBUG:colcon.colcon_core.package_identification:Package 'ngc_interfaces' with type 'ros.ament_cmake' and name 'ngc_interfaces'
[0.234s] Level 1:colcon.colcon_core.package_identification:_identify(ngc_propulsion_sim) by extensions ['ignore', 'ignore_ament_install']
[0.234s] Level 1:colcon.colcon_core.package_identification:_identify(ngc_propulsion_sim) by extension 'ignore'
[0.234s] Level 1:colcon.colcon_core.package_identification:_identify(ngc_propulsion_sim) by extension 'ignore_ament_install'
[0.235s] Level 1:colcon.colcon_core.package_identification:_identify(ngc_propulsion_sim) by extensions ['colcon_pkg']
[0.235s] Level 1:colcon.colcon_core.package_identification:_identify(ngc_propulsion_sim) by extension 'colcon_pkg'
[0.236s] Level 1:colcon.colcon_core.package_identification:_identify(ngc_propulsion_sim) by extensions ['colcon_meta']
[0.236s] Level 1:colcon.colcon_core.package_identification:_identify(ngc_propulsion_sim) by extension 'colcon_meta'
[0.236s] Level 1:colcon.colcon_core.package_identification:_identify(ngc_propulsion_sim) by extensions ['ros']
[0.236s] Level 1:colcon.colcon_core.package_identification:_identify(ngc_propulsion_sim) by extension 'ros'
[0.238s] DEBUG:colcon.colcon_core.package_identification:Package 'ngc_propulsion_sim' with type 'ros.ament_python' and name 'ngc_propulsion_sim'
[0.239s] Level 1:colcon.colcon_core.package_identification:_identify(ngc_sensor_sims) by extensions ['ignore', 'ignore_ament_install']
[0.240s] Level 1:colcon.colcon_core.package_identification:_identify(ngc_sensor_sims) by extension 'ignore'
[0.240s] Level 1:colcon.colcon_core.package_identification:_identify(ngc_sensor_sims) by extension 'ignore_ament_install'
[0.241s] Level 1:colcon.colcon_core.package_identification:_identify(ngc_sensor_sims) by extensions ['colcon_pkg']
[0.241s] Level 1:colcon.colcon_core.package_identification:_identify(ngc_sensor_sims) by extension 'colcon_pkg'
[0.242s] Level 1:colcon.colcon_core.package_identification:_identify(ngc_sensor_sims) by extensions ['colcon_meta']
[0.242s] Level 1:colcon.colcon_core.package_identification:_identify(ngc_sensor_sims) by extension 'colcon_meta'
[0.242s] Level 1:colcon.colcon_core.package_identification:_identify(ngc_sensor_sims) by extensions ['ros']
[0.242s] Level 1:colcon.colcon_core.package_identification:_identify(ngc_sensor_sims) by extension 'ros'
[0.244s] DEBUG:colcon.colcon_core.package_identification:Package 'ngc_sensor_sims' with type 'ros.ament_python' and name 'ngc_sensor_sims'
[0.245s] Level 1:colcon.colcon_core.package_identification:_identify(ngc_utils) by extensions ['ignore', 'ignore_ament_install']
[0.246s] Level 1:colcon.colcon_core.package_identification:_identify(ngc_utils) by extension 'ignore'
[0.246s] Level 1:colcon.colcon_core.package_identification:_identify(ngc_utils) by extension 'ignore_ament_install'
[0.247s] Level 1:colcon.colcon_core.package_identification:_identify(ngc_utils) by extensions ['colcon_pkg']
[0.247s] Level 1:colcon.colcon_core.package_identification:_identify(ngc_utils) by extension 'colcon_pkg'
[0.247s] Level 1:colcon.colcon_core.package_identification:_identify(ngc_utils) by extensions ['colcon_meta']
[0.248s] Level 1:colcon.colcon_core.package_identification:_identify(ngc_utils) by extension 'colcon_meta'
[0.248s] Level 1:colcon.colcon_core.package_identification:_identify(ngc_utils) by extensions ['ros']
[0.248s] Level 1:colcon.colcon_core.package_identification:_identify(ngc_utils) by extension 'ros'
[0.250s] DEBUG:colcon.colcon_core.package_identification:Package 'ngc_utils' with type 'ros.ament_python' and name 'ngc_utils'
[0.250s] Level 1:colcon.colcon_core.package_discovery:discover_packages(recursive) using defaults
[0.250s] Level 1:colcon.colcon_core.package_discovery:discover_packages(ignore) discover
[0.251s] Level 1:colcon.colcon_core.package_discovery:discover_packages(ignore) using defaults
[0.251s] Level 1:colcon.colcon_core.package_discovery:discover_packages(path) discover
[0.251s] Level 1:colcon.colcon_core.package_discovery:discover_packages(path) using defaults
[0.279s] Level 5:colcon.colcon_core.verb:set package 'kontrolsystem' build argument 'cmake_args' from command line to 'None'
[0.279s] Level 5:colcon.colcon_core.verb:set package 'kontrolsystem' build argument 'cmake_target' from command line to 'None'
[0.279s] Level 5:colcon.colcon_core.verb:set package 'kontrolsystem' build argument 'cmake_target_skip_unavailable' from command line to 'False'
[0.280s] Level 5:colcon.colcon_core.verb:set package 'kontrolsystem' build argument 'cmake_clean_cache' from command line to 'False'
[0.280s] Level 5:colcon.colcon_core.verb:set package 'kontrolsystem' build argument 'cmake_clean_first' from command line to 'False'
[0.280s] Level 5:colcon.colcon_core.verb:set package 'kontrolsystem' build argument 'cmake_force_configure' from command line to 'False'
[0.280s] Level 5:colcon.colcon_core.verb:set package 'kontrolsystem' build argument 'ament_cmake_args' from command line to 'None'
[0.280s] Level 5:colcon.colcon_core.verb:set package 'kontrolsystem' build argument 'catkin_cmake_args' from command line to 'None'
[0.280s] Level 5:colcon.colcon_core.verb:set package 'kontrolsystem' build argument 'catkin_skip_building_tests' from command line to 'False'
[0.280s] DEBUG:colcon.colcon_core.verb:Building package 'kontrolsystem' with the following arguments: {'ament_cmake_args': None, 'build_base': '/home/alfred/shared_mac/MEPA2001_2024/src/build/kontrolsystem', 'catkin_cmake_args': None, 'catkin_skip_building_tests': False, 'cmake_args': None, 'cmake_clean_cache': False, 'cmake_clean_first': False, 'cmake_force_configure': False, 'cmake_target': None, 'cmake_target_skip_unavailable': False, 'install_base': '/home/alfred/shared_mac/MEPA2001_2024/src/install/kontrolsystem', 'merge_install': False, 'path': '/home/alfred/shared_mac/MEPA2001_2024/src/kontrolsystem', 'symlink_install': False, 'test_result_base': None}
[0.281s] Level 5:colcon.colcon_core.verb:set package 'ngc_bringup' build argument 'cmake_args' from command line to 'None'
[0.281s] Level 5:colcon.colcon_core.verb:set package 'ngc_bringup' build argument 'cmake_target' from command line to 'None'
[0.281s] Level 5:colcon.colcon_core.verb:set package 'ngc_bringup' build argument 'cmake_target_skip_unavailable' from command line to 'False'
[0.281s] Level 5:colcon.colcon_core.verb:set package 'ngc_bringup' build argument 'cmake_clean_cache' from command line to 'False'
[0.281s] Level 5:colcon.colcon_core.verb:set package 'ngc_bringup' build argument 'cmake_clean_first' from command line to 'False'
[0.281s] Level 5:colcon.colcon_core.verb:set package 'ngc_bringup' build argument 'cmake_force_configure' from command line to 'False'
[0.281s] Level 5:colcon.colcon_core.verb:set package 'ngc_bringup' build argument 'ament_cmake_args' from command line to 'None'
[0.281s] Level 5:colcon.colcon_core.verb:set package 'ngc_bringup' build argument 'catkin_cmake_args' from command line to 'None'
[0.282s] Level 5:colcon.colcon_core.verb:set package 'ngc_bringup' build argument 'catkin_skip_building_tests' from command line to 'False'
[0.282s] DEBUG:colcon.colcon_core.verb:Building package 'ngc_bringup' with the following arguments: {'ament_cmake_args': None, 'build_base': '/home/alfred/shared_mac/MEPA2001_2024/src/build/ngc_bringup', 'catkin_cmake_args': None, 'catkin_skip_building_tests': False, 'cmake_args': None, 'cmake_clean_cache': False, 'cmake_clean_first': False, 'cmake_force_configure': False, 'cmake_target': None, 'cmake_target_skip_unavailable': False, 'install_base': '/home/alfred/shared_mac/MEPA2001_2024/src/install/ngc_bringup', 'merge_install': False, 'path': '/home/alfred/shared_mac/MEPA2001_2024/src/ngc_bringup', 'symlink_install': False, 'test_result_base': None}
[0.282s] Level 5:colcon.colcon_core.verb:set package 'ngc_interfaces' build argument 'cmake_args' from command line to 'None'
[0.282s] Level 5:colcon.colcon_core.verb:set package 'ngc_interfaces' build argument 'cmake_target' from command line to 'None'
[0.282s] Level 5:colcon.colcon_core.verb:set package 'ngc_interfaces' build argument 'cmake_target_skip_unavailable' from command line to 'False'
[0.282s] Level 5:colcon.colcon_core.verb:set package 'ngc_interfaces' build argument 'cmake_clean_cache' from command line to 'False'
[0.282s] Level 5:colcon.colcon_core.verb:set package 'ngc_interfaces' build argument 'cmake_clean_first' from command line to 'False'
[0.283s] Level 5:colcon.colcon_core.verb:set package 'ngc_interfaces' build argument 'cmake_force_configure' from command line to 'False'
[0.283s] Level 5:colcon.colcon_core.verb:set package 'ngc_interfaces' build argument 'ament_cmake_args' from command line to 'None'
[0.283s] Level 5:colcon.colcon_core.verb:set package 'ngc_interfaces' build argument 'catkin_cmake_args' from command line to 'None'
[0.283s] Level 5:colcon.colcon_core.verb:set package 'ngc_interfaces' build argument 'catkin_skip_building_tests' from command line to 'False'
[0.283s] DEBUG:colcon.colcon_core.verb:Building package 'ngc_interfaces' with the following arguments: {'ament_cmake_args': None, 'build_base': '/home/alfred/shared_mac/MEPA2001_2024/src/build/ngc_interfaces', 'catkin_cmake_args': None, 'catkin_skip_building_tests': False, 'cmake_args': None, 'cmake_clean_cache': False, 'cmake_clean_first': False, 'cmake_force_configure': False, 'cmake_target': None, 'cmake_target_skip_unavailable': False, 'install_base': '/home/alfred/shared_mac/MEPA2001_2024/src/install/ngc_interfaces', 'merge_install': False, 'path': '/home/alfred/shared_mac/MEPA2001_2024/src/ngc_interfaces', 'symlink_install': False, 'test_result_base': None}
[0.283s] Level 5:colcon.colcon_core.verb:set package 'ngc_sensor_sims' build argument 'cmake_args' from command line to 'None'
[0.283s] Level 5:colcon.colcon_core.verb:set package 'ngc_sensor_sims' build argument 'cmake_target' from command line to 'None'
[0.284s] Level 5:colcon.colcon_core.verb:set package 'ngc_sensor_sims' build argument 'cmake_target_skip_unavailable' from command line to 'False'
[0.284s] Level 5:colcon.colcon_core.verb:set package 'ngc_sensor_sims' build argument 'cmake_clean_cache' from command line to 'False'
[0.284s] Level 5:colcon.colcon_core.verb:set package 'ngc_sensor_sims' build argument 'cmake_clean_first' from command line to 'False'
[0.284s] Level 5:colcon.colcon_core.verb:set package 'ngc_sensor_sims' build argument 'cmake_force_configure' from command line to 'False'
[0.284s] Level 5:colcon.colcon_core.verb:set package 'ngc_sensor_sims' build argument 'ament_cmake_args' from command line to 'None'
[0.284s] Level 5:colcon.colcon_core.verb:set package 'ngc_sensor_sims' build argument 'catkin_cmake_args' from command line to 'None'
[0.284s] Level 5:colcon.colcon_core.verb:set package 'ngc_sensor_sims' build argument 'catkin_skip_building_tests' from command line to 'False'
[0.284s] DEBUG:colcon.colcon_core.verb:Building package 'ngc_sensor_sims' with the following arguments: {'ament_cmake_args': None, 'build_base': '/home/alfred/shared_mac/MEPA2001_2024/src/build/ngc_sensor_sims', 'catkin_cmake_args': None, 'catkin_skip_building_tests': False, 'cmake_args': None, 'cmake_clean_cache': False, 'cmake_clean_first': False, 'cmake_force_configure': False, 'cmake_target': None, 'cmake_target_skip_unavailable': False, 'install_base': '/home/alfred/shared_mac/MEPA2001_2024/src/install/ngc_sensor_sims', 'merge_install': False, 'path': '/home/alfred/shared_mac/MEPA2001_2024/src/ngc_sensor_sims', 'symlink_install': False, 'test_result_base': None}
[0.285s] Level 5:colcon.colcon_core.verb:set package 'ngc_utils' build argument 'cmake_args' from command line to 'None'
[0.285s] Level 5:colcon.colcon_core.verb:set package 'ngc_utils' build argument 'cmake_target' from command line to 'None'
[0.285s] Level 5:colcon.colcon_core.verb:set package 'ngc_utils' build argument 'cmake_target_skip_unavailable' from command line to 'False'
[0.285s] Level 5:colcon.colcon_core.verb:set package 'ngc_utils' build argument 'cmake_clean_cache' from command line to 'False'
[0.285s] Level 5:colcon.colcon_core.verb:set package 'ngc_utils' build argument 'cmake_clean_first' from command line to 'False'
[0.285s] Level 5:colcon.colcon_core.verb:set package 'ngc_utils' build argument 'cmake_force_configure' from command line to 'False'
[0.285s] Level 5:colcon.colcon_core.verb:set package 'ngc_utils' build argument 'ament_cmake_args' from command line to 'None'
[0.285s] Level 5:colcon.colcon_core.verb:set package 'ngc_utils' build argument 'catkin_cmake_args' from command line to 'None'
[0.286s] Level 5:colcon.colcon_core.verb:set package 'ngc_utils' build argument 'catkin_skip_building_tests' from command line to 'False'
[0.286s] DEBUG:colcon.colcon_core.verb:Building package 'ngc_utils' with the following arguments: {'ament_cmake_args': None, 'build_base': '/home/alfred/shared_mac/MEPA2001_2024/src/build/ngc_utils', 'catkin_cmake_args': None, 'catkin_skip_building_tests': False, 'cmake_args': None, 'cmake_clean_cache': False, 'cmake_clean_first': False, 'cmake_force_configure': False, 'cmake_target': None, 'cmake_target_skip_unavailable': False, 'install_base': '/home/alfred/shared_mac/MEPA2001_2024/src/install/ngc_utils', 'merge_install': False, 'path': '/home/alfred/shared_mac/MEPA2001_2024/src/ngc_utils', 'symlink_install': False, 'test_result_base': None}
[0.286s] Level 5:colcon.colcon_core.verb:set package 'ngc_hmi' build argument 'cmake_args' from command line to 'None'
[0.286s] Level 5:colcon.colcon_core.verb:set package 'ngc_hmi' build argument 'cmake_target' from command line to 'None'
[0.286s] Level 5:colcon.colcon_core.verb:set package 'ngc_hmi' build argument 'cmake_target_skip_unavailable' from command line to 'False'
[0.286s] Level 5:colcon.colcon_core.verb:set package 'ngc_hmi' build argument 'cmake_clean_cache' from command line to 'False'
[0.286s] Level 5:colcon.colcon_core.verb:set package 'ngc_hmi' build argument 'cmake_clean_first' from command line to 'False'
[0.287s] Level 5:colcon.colcon_core.verb:set package 'ngc_hmi' build argument 'cmake_force_configure' from command line to 'False'
[0.287s] Level 5:colcon.colcon_core.verb:set package 'ngc_hmi' build argument 'ament_cmake_args' from command line to 'None'
[0.287s] Level 5:colcon.colcon_core.verb:set package 'ngc_hmi' build argument 'catkin_cmake_args' from command line to 'None'
[0.287s] Level 5:colcon.colcon_core.verb:set package 'ngc_hmi' build argument 'catkin_skip_building_tests' from command line to 'False'
[0.287s] DEBUG:colcon.colcon_core.verb:Building package 'ngc_hmi' with the following arguments: {'ament_cmake_args': None, 'build_base': '/home/alfred/shared_mac/MEPA2001_2024/src/build/ngc_hmi', 'catkin_cmake_args': None, 'catkin_skip_building_tests': False, 'cmake_args': None, 'cmake_clean_cache': False, 'cmake_clean_first': False, 'cmake_force_configure': False, 'cmake_target': None, 'cmake_target_skip_unavailable': False, 'install_base': '/home/alfred/shared_mac/MEPA2001_2024/src/install/ngc_hmi', 'merge_install': False, 'path': '/home/alfred/shared_mac/MEPA2001_2024/src/ngc_hmi', 'symlink_install': False, 'test_result_base': None}
[0.287s] Level 5:colcon.colcon_core.verb:set package 'ngc_hull_sim' build argument 'cmake_args' from command line to 'None'
[0.288s] Level 5:colcon.colcon_core.verb:set package 'ngc_hull_sim' build argument 'cmake_target' from command line to 'None'
[0.288s] Level 5:colcon.colcon_core.verb:set package 'ngc_hull_sim' build argument 'cmake_target_skip_unavailable' from command line to 'False'
[0.288s] Level 5:colcon.colcon_core.verb:set package 'ngc_hull_sim' build argument 'cmake_clean_cache' from command line to 'False'
[0.288s] Level 5:colcon.colcon_core.verb:set package 'ngc_hull_sim' build argument 'cmake_clean_first' from command line to 'False'
[0.288s] Level 5:colcon.colcon_core.verb:set package 'ngc_hull_sim' build argument 'cmake_force_configure' from command line to 'False'
[0.288s] Level 5:colcon.colcon_core.verb:set package 'ngc_hull_sim' build argument 'ament_cmake_args' from command line to 'None'
[0.288s] Level 5:colcon.colcon_core.verb:set package 'ngc_hull_sim' build argument 'catkin_cmake_args' from command line to 'None'
[0.288s] Level 5:colcon.colcon_core.verb:set package 'ngc_hull_sim' build argument 'catkin_skip_building_tests' from command line to 'False'
[0.288s] DEBUG:colcon.colcon_core.verb:Building package 'ngc_hull_sim' with the following arguments: {'ament_cmake_args': None, 'build_base': '/home/alfred/shared_mac/MEPA2001_2024/src/build/ngc_hull_sim', 'catkin_cmake_args': None, 'catkin_skip_building_tests': False, 'cmake_args': None, 'cmake_clean_cache': False, 'cmake_clean_first': False, 'cmake_force_configure': False, 'cmake_target': None, 'cmake_target_skip_unavailable': False, 'install_base': '/home/alfred/shared_mac/MEPA2001_2024/src/install/ngc_hull_sim', 'merge_install': False, 'path': '/home/alfred/shared_mac/MEPA2001_2024/src/ngc_hull_sim', 'symlink_install': False, 'test_result_base': None}
[0.289s] Level 5:colcon.colcon_core.verb:set package 'ngc_propulsion_sim' build argument 'cmake_args' from command line to 'None'
[0.289s] Level 5:colcon.colcon_core.verb:set package 'ngc_propulsion_sim' build argument 'cmake_target' from command line to 'None'
[0.289s] Level 5:colcon.colcon_core.verb:set package 'ngc_propulsion_sim' build argument 'cmake_target_skip_unavailable' from command line to 'False'
[0.289s] Level 5:colcon.colcon_core.verb:set package 'ngc_propulsion_sim' build argument 'cmake_clean_cache' from command line to 'False'
[0.289s] Level 5:colcon.colcon_core.verb:set package 'ngc_propulsion_sim' build argument 'cmake_clean_first' from command line to 'False'
[0.289s] Level 5:colcon.colcon_core.verb:set package 'ngc_propulsion_sim' build argument 'cmake_force_configure' from command line to 'False'
[0.289s] Level 5:colcon.colcon_core.verb:set package 'ngc_propulsion_sim' build argument 'ament_cmake_args' from command line to 'None'
[0.289s] Level 5:colcon.colcon_core.verb:set package 'ngc_propulsion_sim' build argument 'catkin_cmake_args' from command line to 'None'
[0.290s] Level 5:colcon.colcon_core.verb:set package 'ngc_propulsion_sim' build argument 'catkin_skip_building_tests' from command line to 'False'
[0.290s] DEBUG:colcon.colcon_core.verb:Building package 'ngc_propulsion_sim' with the following arguments: {'ament_cmake_args': None, 'build_base': '/home/alfred/shared_mac/MEPA2001_2024/src/build/ngc_propulsion_sim', 'catkin_cmake_args': None, 'catkin_skip_building_tests': False, 'cmake_args': None, 'cmake_clean_cache': False, 'cmake_clean_first': False, 'cmake_force_configure': False, 'cmake_target': None, 'cmake_target_skip_unavailable': False, 'install_base': '/home/alfred/shared_mac/MEPA2001_2024/src/install/ngc_propulsion_sim', 'merge_install': False, 'path': '/home/alfred/shared_mac/MEPA2001_2024/src/ngc_propulsion_sim', 'symlink_install': False, 'test_result_base': None}
[0.290s] INFO:colcon.colcon_core.executor:Executing jobs using 'parallel' executor
[0.292s] DEBUG:colcon.colcon_parallel_executor.executor.parallel:run_until_complete
[0.292s] INFO:colcon.colcon_ros.task.ament_cmake.build:Building ROS package in '/home/alfred/shared_mac/MEPA2001_2024/src/ngc_interfaces' with build type 'ament_cmake'
[0.293s] INFO:colcon.colcon_cmake.task.cmake.build:Building CMake package in '/home/alfred/shared_mac/MEPA2001_2024/src/ngc_interfaces'
[0.295s] INFO:colcon.colcon_core.plugin_system:Skipping extension 'colcon_core.shell.bat': Not used on non-Windows systems
[0.295s] DEBUG:colcon.colcon_core.shell:Skip shell extension 'dsv' for command environment
[0.304s] INFO:colcon.colcon_ros.task.ament_cmake.build:Building ROS package in '/home/alfred/shared_mac/MEPA2001_2024/src/ngc_bringup' with build type 'ament_cmake'
[0.305s] INFO:colcon.colcon_cmake.task.cmake.build:Building CMake package in '/home/alfred/shared_mac/MEPA2001_2024/src/ngc_bringup'
[0.305s] DEBUG:colcon.colcon_core.shell:Skip shell extension 'dsv' for command environment
[0.313s] INFO:colcon.colcon_ros.task.ament_python.build:Building ROS package in '/home/alfred/shared_mac/MEPA2001_2024/src/ngc_utils' with build type 'ament_python'
[0.314s] Level 1:colcon.colcon_core.shell:create_environment_hook('ngc_utils', 'ament_prefix_path')
[0.315s] INFO:colcon.colcon_core.shell:Creating environment descriptor '/home/alfred/shared_mac/MEPA2001_2024/src/install/ngc_utils/share/ngc_utils/hook/ament_prefix_path.dsv'
[0.317s] INFO:colcon.colcon_core.shell:Creating environment hook '/home/alfred/shared_mac/MEPA2001_2024/src/install/ngc_utils/share/ngc_utils/hook/ament_prefix_path.sh'
[0.319s] DEBUG:colcon.colcon_core.shell:Skip shell extension 'dsv' for command environment
[0.324s] INFO:colcon.colcon_ros.task.ament_python.build:Building ROS package in '/home/alfred/shared_mac/MEPA2001_2024/src/kontrolsystem' with build type 'ament_python'
[0.325s] Level 1:colcon.colcon_core.shell:create_environment_hook('kontrolsystem', 'ament_prefix_path')
[0.325s] INFO:colcon.colcon_core.shell:Creating environment descriptor '/home/alfred/shared_mac/MEPA2001_2024/src/install/kontrolsystem/share/kontrolsystem/hook/ament_prefix_path.dsv'
[0.327s] INFO:colcon.colcon_core.shell:Creating environment hook '/home/alfred/shared_mac/MEPA2001_2024/src/install/kontrolsystem/share/kontrolsystem/hook/ament_prefix_path.sh'
[0.329s] DEBUG:colcon.colcon_core.shell:Skip shell extension 'dsv' for command environment
[0.371s] DEBUG:colcon.colcon_core.event_handler.log_command:Invoking command in '/home/alfred/shared_mac/MEPA2001_2024/src/build/ngc_interfaces': CMAKE_PREFIX_PATH=${CMAKE_PREFIX_PATH}:/opt/ros/jazzy DEBUGINFOD_URLS=https://debuginfod.ubuntu.com /usr/bin/cmake --build /home/alfred/shared_mac/MEPA2001_2024/src/build/ngc_interfaces -- -j4 -l4
[0.388s] DEBUG:colcon.colcon_core.event_handler.log_command:Invoking command in '/home/alfred/shared_mac/MEPA2001_2024/src/build/ngc_bringup': CMAKE_PREFIX_PATH=${CMAKE_PREFIX_PATH}:/opt/ros/jazzy DEBUGINFOD_URLS=https://debuginfod.ubuntu.com /usr/bin/cmake --build /home/alfred/shared_mac/MEPA2001_2024/src/build/ngc_bringup -- -j4 -l4
[0.855s] INFO:colcon.colcon_core.task.python.build:Building Python package in '/home/alfred/shared_mac/MEPA2001_2024/src/ngc_utils'
[0.856s] DEBUG:colcon.colcon_core.shell:Skip shell extension 'dsv' for command environment
[0.872s] DEBUG:colcon.colcon_core.event_handler.log_command:Invoked command in '/home/alfred/shared_mac/MEPA2001_2024/src/build/ngc_bringup' returned '0': CMAKE_PREFIX_PATH=${CMAKE_PREFIX_PATH}:/opt/ros/jazzy DEBUGINFOD_URLS=https://debuginfod.ubuntu.com /usr/bin/cmake --build /home/alfred/shared_mac/MEPA2001_2024/src/build/ngc_bringup -- -j4 -l4
[1.253s] INFO:colcon.colcon_core.task.python.build:Building Python package in '/home/alfred/shared_mac/MEPA2001_2024/src/kontrolsystem'
[1.254s] DEBUG:colcon.colcon_core.shell:Skip shell extension 'dsv' for command environment
[1.292s] DEBUG:colcon.colcon_core.event_handler.log_command:Invoking command in '/home/alfred/shared_mac/MEPA2001_2024/src/build/ngc_bringup': CMAKE_PREFIX_PATH=${CMAKE_PREFIX_PATH}:/opt/ros/jazzy DEBUGINFOD_URLS=https://debuginfod.ubuntu.com /usr/bin/cmake --install /home/alfred/shared_mac/MEPA2001_2024/src/build/ngc_bringup
[1.376s] Level 1:colcon.colcon_core.environment:create_environment_scripts_only(ngc_bringup)
[1.378s] DEBUG:colcon.colcon_core.event_handler.log_command:Invoked command in '/home/alfred/shared_mac/MEPA2001_2024/src/build/ngc_bringup' returned '0': CMAKE_PREFIX_PATH=${CMAKE_PREFIX_PATH}:/opt/ros/jazzy DEBUGINFOD_URLS=https://debuginfod.ubuntu.com /usr/bin/cmake --install /home/alfred/shared_mac/MEPA2001_2024/src/build/ngc_bringup
[1.382s] Level 1:colcon.colcon_core.environment:checking '/home/alfred/shared_mac/MEPA2001_2024/src/install/ngc_bringup' for CMake module files
[1.392s] Level 1:colcon.colcon_core.environment:checking '/home/alfred/shared_mac/MEPA2001_2024/src/install/ngc_bringup' for CMake config files
[1.397s] Level 1:colcon.colcon_core.shell:create_environment_hook('ngc_bringup', 'cmake_prefix_path')
[1.397s] INFO:colcon.colcon_core.shell:Creating environment descriptor '/home/alfred/shared_mac/MEPA2001_2024/src/install/ngc_bringup/share/ngc_bringup/hook/cmake_prefix_path.dsv'
[1.400s] INFO:colcon.colcon_core.shell:Creating environment hook '/home/alfred/shared_mac/MEPA2001_2024/src/install/ngc_bringup/share/ngc_bringup/hook/cmake_prefix_path.sh'
[1.404s] Level 1:colcon.colcon_core.environment:checking '/home/alfred/shared_mac/MEPA2001_2024/src/install/ngc_bringup/bin'
[1.404s] Level 1:colcon.colcon_core.environment:checking '/home/alfred/shared_mac/MEPA2001_2024/src/install/ngc_bringup/lib/pkgconfig/ngc_bringup.pc'
[1.405s] Level 1:colcon.colcon_core.environment:checking '/home/alfred/shared_mac/MEPA2001_2024/src/install/ngc_bringup/lib/python3.12/site-packages'
[1.407s] Level 1:colcon.colcon_core.environment:checking '/home/alfred/shared_mac/MEPA2001_2024/src/install/ngc_bringup/bin'
[1.408s] INFO:colcon.colcon_core.shell:Creating package descriptor '/home/alfred/shared_mac/MEPA2001_2024/src/install/ngc_bringup/share/ngc_bringup/package.dsv'
[1.412s] INFO:colcon.colcon_core.shell:Creating package script '/home/alfred/shared_mac/MEPA2001_2024/src/install/ngc_bringup/share/ngc_bringup/package.sh'
[1.415s] INFO:colcon.colcon_core.shell:Creating package script '/home/alfred/shared_mac/MEPA2001_2024/src/install/ngc_bringup/share/ngc_bringup/package.bash'
[1.417s] INFO:colcon.colcon_core.shell:Creating package script '/home/alfred/shared_mac/MEPA2001_2024/src/install/ngc_bringup/share/ngc_bringup/package.zsh'
[1.421s] Level 1:colcon.colcon_core.environment:create_file_with_runtime_dependencies(/home/alfred/shared_mac/MEPA2001_2024/src/install/ngc_bringup/share/colcon-core/packages/ngc_bringup)
[1.500s] Level 1:colcon.colcon_core.environment:create_environment_scripts_only(ngc_bringup)
[1.501s] Level 1:colcon.colcon_core.environment:checking '/home/alfred/shared_mac/MEPA2001_2024/src/install/ngc_bringup' for CMake module files
[1.507s] Level 1:colcon.colcon_core.environment:checking '/home/alfred/shared_mac/MEPA2001_2024/src/install/ngc_bringup' for CMake config files
[1.509s] Level 1:colcon.colcon_core.shell:create_environment_hook('ngc_bringup', 'cmake_prefix_path')
[1.510s] INFO:colcon.colcon_core.shell:Creating environment descriptor '/home/alfred/shared_mac/MEPA2001_2024/src/install/ngc_bringup/share/ngc_bringup/hook/cmake_prefix_path.dsv'
[1.511s] INFO:colcon.colcon_core.shell:Creating environment hook '/home/alfred/shared_mac/MEPA2001_2024/src/install/ngc_bringup/share/ngc_bringup/hook/cmake_prefix_path.sh'
[1.513s] Level 1:colcon.colcon_core.environment:checking '/home/alfred/shared_mac/MEPA2001_2024/src/install/ngc_bringup/bin'
[1.514s] Level 1:colcon.colcon_core.environment:checking '/home/alfred/shared_mac/MEPA2001_2024/src/install/ngc_bringup/lib/pkgconfig/ngc_bringup.pc'
[1.514s] Level 1:colcon.colcon_core.environment:checking '/home/alfred/shared_mac/MEPA2001_2024/src/install/ngc_bringup/lib/python3.12/site-packages'
[1.515s] Level 1:colcon.colcon_core.environment:checking '/home/alfred/shared_mac/MEPA2001_2024/src/install/ngc_bringup/bin'
[1.515s] INFO:colcon.colcon_core.shell:Creating package descriptor '/home/alfred/shared_mac/MEPA2001_2024/src/install/ngc_bringup/share/ngc_bringup/package.dsv'
[1.517s] INFO:colcon.colcon_core.shell:Creating package script '/home/alfred/shared_mac/MEPA2001_2024/src/install/ngc_bringup/share/ngc_bringup/package.sh'
[1.518s] INFO:colcon.colcon_core.shell:Creating package script '/home/alfred/shared_mac/MEPA2001_2024/src/install/ngc_bringup/share/ngc_bringup/package.bash'
[1.520s] INFO:colcon.colcon_core.shell:Creating package script '/home/alfred/shared_mac/MEPA2001_2024/src/install/ngc_bringup/share/ngc_bringup/package.zsh'
[1.521s] Level 1:colcon.colcon_core.environment:create_file_with_runtime_dependencies(/home/alfred/shared_mac/MEPA2001_2024/src/install/ngc_bringup/share/colcon-core/packages/ngc_bringup)
[1.523s] INFO:colcon.colcon_ros.task.ament_python.build:Building ROS package in '/home/alfred/shared_mac/MEPA2001_2024/src/ngc_sensor_sims' with build type 'ament_python'
[1.523s] Level 1:colcon.colcon_core.shell:create_environment_hook('ngc_sensor_sims', 'ament_prefix_path')
[1.523s] INFO:colcon.colcon_core.shell:Creating environment descriptor '/home/alfred/shared_mac/MEPA2001_2024/src/install/ngc_sensor_sims/share/ngc_sensor_sims/hook/ament_prefix_path.dsv'
[1.526s] INFO:colcon.colcon_core.shell:Creating environment hook '/home/alfred/shared_mac/MEPA2001_2024/src/install/ngc_sensor_sims/share/ngc_sensor_sims/hook/ament_prefix_path.sh'
[1.532s] DEBUG:colcon.colcon_core.shell:Skip shell extension 'dsv' for command environment
[2.102s] INFO:colcon.colcon_core.task.python.build:Building Python package in '/home/alfred/shared_mac/MEPA2001_2024/src/ngc_sensor_sims'
[2.103s] DEBUG:colcon.colcon_core.shell:Skip shell extension 'dsv' for command environment
[2.627s] DEBUG:colcon.colcon_core.event_handler.log_command:Invoking command in '/home/alfred/shared_mac/MEPA2001_2024/src/kontrolsystem': DEBUGINFOD_URLS=https://debuginfod.ubuntu.com PYTHONPATH=/home/alfred/shared_mac/MEPA2001_2024/src/build/kontrolsystem/prefix_override:/usr/lib/python3/dist-packages/colcon_core/task/python/colcon_distutils_commands:/home/alfred/shared_mac/MEPA2001_2024/src/install/kontrolsystem/lib/python3.12/site-packages:${PYTHONPATH} /usr/bin/python3 -W ignore:setup.py install is deprecated setup.py egg_info --egg-base ../build/kontrolsystem build --build-base /home/alfred/shared_mac/MEPA2001_2024/src/build/kontrolsystem/build install --record /home/alfred/shared_mac/MEPA2001_2024/src/build/kontrolsystem/install.log --single-version-externally-managed install_data
[2.661s] DEBUG:colcon.colcon_core.event_handler.log_command:Invoking command in '/home/alfred/shared_mac/MEPA2001_2024/src/ngc_utils': DEBUGINFOD_URLS=https://debuginfod.ubuntu.com PYTHONPATH=/home/alfred/shared_mac/MEPA2001_2024/src/build/ngc_utils/prefix_override:/usr/lib/python3/dist-packages/colcon_core/task/python/colcon_distutils_commands:/home/alfred/shared_mac/MEPA2001_2024/src/install/ngc_utils/lib/python3.12/site-packages:${PYTHONPATH} /usr/bin/python3 -W ignore:setup.py install is deprecated setup.py egg_info --egg-base ../build/ngc_utils build --build-base /home/alfred/shared_mac/MEPA2001_2024/src/build/ngc_utils/build install --record /home/alfred/shared_mac/MEPA2001_2024/src/build/ngc_utils/install.log --single-version-externally-managed install_data
[3.266s] DEBUG:colcon.colcon_core.event_handler.log_command:Invoked command in '/home/alfred/shared_mac/MEPA2001_2024/src/build/ngc_interfaces' returned '0': CMAKE_PREFIX_PATH=${CMAKE_PREFIX_PATH}:/opt/ros/jazzy DEBUGINFOD_URLS=https://debuginfod.ubuntu.com /usr/bin/cmake --build /home/alfred/shared_mac/MEPA2001_2024/src/build/ngc_interfaces -- -j4 -l4
[3.643s] DEBUG:colcon.colcon_core.event_handler.log_command:Invoking command in '/home/alfred/shared_mac/MEPA2001_2024/src/ngc_sensor_sims': DEBUGINFOD_URLS=https://debuginfod.ubuntu.com PYTHONPATH=/home/alfred/shared_mac/MEPA2001_2024/src/build/ngc_sensor_sims/prefix_override:/usr/lib/python3/dist-packages/colcon_core/task/python/colcon_distutils_commands:/home/alfred/shared_mac/MEPA2001_2024/src/install/ngc_sensor_sims/lib/python3.12/site-packages:${PYTHONPATH} /usr/bin/python3 -W ignore:setup.py install is deprecated setup.py egg_info --egg-base ../build/ngc_sensor_sims build --build-base /home/alfred/shared_mac/MEPA2001_2024/src/build/ngc_sensor_sims/build install --record /home/alfred/shared_mac/MEPA2001_2024/src/build/ngc_sensor_sims/install.log --single-version-externally-managed install_data
[3.905s] Level 1:colcon.colcon_core.environment:checking '/home/alfred/shared_mac/MEPA2001_2024/src/install/kontrolsystem' for CMake module files
[3.909s] DEBUG:colcon.colcon_core.event_handler.log_command:Invoked command in '/home/alfred/shared_mac/MEPA2001_2024/src/kontrolsystem' returned '0': DEBUGINFOD_URLS=https://debuginfod.ubuntu.com PYTHONPATH=/home/alfred/shared_mac/MEPA2001_2024/src/build/kontrolsystem/prefix_override:/usr/lib/python3/dist-packages/colcon_core/task/python/colcon_distutils_commands:/home/alfred/shared_mac/MEPA2001_2024/src/install/kontrolsystem/lib/python3.12/site-packages:${PYTHONPATH} /usr/bin/python3 -W ignore:setup.py install is deprecated setup.py egg_info --egg-base ../build/kontrolsystem build --build-base /home/alfred/shared_mac/MEPA2001_2024/src/build/kontrolsystem/build install --record /home/alfred/shared_mac/MEPA2001_2024/src/build/kontrolsystem/install.log --single-version-externally-managed install_data
[3.917s] Level 1:colcon.colcon_core.environment:checking '/home/alfred/shared_mac/MEPA2001_2024/src/install/kontrolsystem' for CMake config files
[3.929s] Level 1:colcon.colcon_core.environment:checking '/home/alfred/shared_mac/MEPA2001_2024/src/install/kontrolsystem/lib'
[3.930s] Level 1:colcon.colcon_core.environment:checking '/home/alfred/shared_mac/MEPA2001_2024/src/install/kontrolsystem/bin'
[3.931s] Level 1:colcon.colcon_core.environment:checking '/home/alfred/shared_mac/MEPA2001_2024/src/install/kontrolsystem/lib/pkgconfig/kontrolsystem.pc'
[3.944s] Level 1:colcon.colcon_core.environment:checking '/home/alfred/shared_mac/MEPA2001_2024/src/install/kontrolsystem/lib/python3.12/site-packages'
[3.946s] Level 1:colcon.colcon_core.shell:create_environment_hook('kontrolsystem', 'pythonpath')
[3.947s] INFO:colcon.colcon_core.shell:Creating environment descriptor '/home/alfred/shared_mac/MEPA2001_2024/src/install/kontrolsystem/share/kontrolsystem/hook/pythonpath.dsv'
[3.949s] INFO:colcon.colcon_core.shell:Creating environment hook '/home/alfred/shared_mac/MEPA2001_2024/src/install/kontrolsystem/share/kontrolsystem/hook/pythonpath.sh'
[3.951s] Level 1:colcon.colcon_core.environment:checking '/home/alfred/shared_mac/MEPA2001_2024/src/install/kontrolsystem/bin'
[3.952s] Level 1:colcon.colcon_core.environment:create_environment_scripts_only(kontrolsystem)
[3.953s] INFO:colcon.colcon_core.shell:Creating package descriptor '/home/alfred/shared_mac/MEPA2001_2024/src/install/kontrolsystem/share/kontrolsystem/package.dsv'
[3.954s] INFO:colcon.colcon_core.shell:Creating package script '/home/alfred/shared_mac/MEPA2001_2024/src/install/kontrolsystem/share/kontrolsystem/package.sh'
[3.956s] INFO:colcon.colcon_core.shell:Creating package script '/home/alfred/shared_mac/MEPA2001_2024/src/install/kontrolsystem/share/kontrolsystem/package.bash'
[3.958s] INFO:colcon.colcon_core.shell:Creating package script '/home/alfred/shared_mac/MEPA2001_2024/src/install/kontrolsystem/share/kontrolsystem/package.zsh'
[3.960s] Level 1:colcon.colcon_core.environment:create_file_with_runtime_dependencies(/home/alfred/shared_mac/MEPA2001_2024/src/install/kontrolsystem/share/colcon-core/packages/kontrolsystem)
[3.964s] Level 1:colcon.colcon_core.environment:checking '/home/alfred/shared_mac/MEPA2001_2024/src/install/ngc_utils' for CMake module files
[3.970s] DEBUG:colcon.colcon_core.event_handler.log_command:Invoked command in '/home/alfred/shared_mac/MEPA2001_2024/src/ngc_utils' returned '0': DEBUGINFOD_URLS=https://debuginfod.ubuntu.com PYTHONPATH=/home/alfred/shared_mac/MEPA2001_2024/src/build/ngc_utils/prefix_override:/usr/lib/python3/dist-packages/colcon_core/task/python/colcon_distutils_commands:/home/alfred/shared_mac/MEPA2001_2024/src/install/ngc_utils/lib/python3.12/site-packages:${PYTHONPATH} /usr/bin/python3 -W ignore:setup.py install is deprecated setup.py egg_info --egg-base ../build/ngc_utils build --build-base /home/alfred/shared_mac/MEPA2001_2024/src/build/ngc_utils/build install --record /home/alfred/shared_mac/MEPA2001_2024/src/build/ngc_utils/install.log --single-version-externally-managed install_data
[3.975s] Level 1:colcon.colcon_core.environment:checking '/home/alfred/shared_mac/MEPA2001_2024/src/install/ngc_utils' for CMake config files
[3.998s] Level 1:colcon.colcon_core.environment:checking '/home/alfred/shared_mac/MEPA2001_2024/src/install/ngc_utils/lib'
[3.999s] Level 1:colcon.colcon_core.environment:checking '/home/alfred/shared_mac/MEPA2001_2024/src/install/ngc_utils/bin'
[4.000s] Level 1:colcon.colcon_core.environment:checking '/home/alfred/shared_mac/MEPA2001_2024/src/install/ngc_utils/lib/pkgconfig/ngc_utils.pc'
[4.001s] Level 1:colcon.colcon_core.environment:checking '/home/alfred/shared_mac/MEPA2001_2024/src/install/ngc_utils/lib/python3.12/site-packages'
[4.002s] Level 1:colcon.colcon_core.shell:create_environment_hook('ngc_utils', 'pythonpath')
[4.003s] INFO:colcon.colcon_core.shell:Creating environment descriptor '/home/alfred/shared_mac/MEPA2001_2024/src/install/ngc_utils/share/ngc_utils/hook/pythonpath.dsv'
[4.006s] INFO:colcon.colcon_core.shell:Creating environment hook '/home/alfred/shared_mac/MEPA2001_2024/src/install/ngc_utils/share/ngc_utils/hook/pythonpath.sh'
[4.010s] Level 1:colcon.colcon_core.environment:checking '/home/alfred/shared_mac/MEPA2001_2024/src/install/ngc_utils/bin'
[4.011s] Level 1:colcon.colcon_core.environment:create_environment_scripts_only(ngc_utils)
[4.012s] INFO:colcon.colcon_core.shell:Creating package descriptor '/home/alfred/shared_mac/MEPA2001_2024/src/install/ngc_utils/share/ngc_utils/package.dsv'
[4.014s] INFO:colcon.colcon_core.shell:Creating package script '/home/alfred/shared_mac/MEPA2001_2024/src/install/ngc_utils/share/ngc_utils/package.sh'
[4.017s] INFO:colcon.colcon_core.shell:Creating package script '/home/alfred/shared_mac/MEPA2001_2024/src/install/ngc_utils/share/ngc_utils/package.bash'
[4.019s] INFO:colcon.colcon_core.shell:Creating package script '/home/alfred/shared_mac/MEPA2001_2024/src/install/ngc_utils/share/ngc_utils/package.zsh'
[4.022s] Level 1:colcon.colcon_core.environment:create_file_with_runtime_dependencies(/home/alfred/shared_mac/MEPA2001_2024/src/install/ngc_utils/share/colcon-core/packages/ngc_utils)
[4.186s] DEBUG:colcon.colcon_core.event_handler.log_command:Invoking command in '/home/alfred/shared_mac/MEPA2001_2024/src/build/ngc_interfaces': CMAKE_PREFIX_PATH=${CMAKE_PREFIX_PATH}:/opt/ros/jazzy DEBUGINFOD_URLS=https://debuginfod.ubuntu.com /usr/bin/cmake --install /home/alfred/shared_mac/MEPA2001_2024/src/build/ngc_interfaces
[4.895s] Level 1:colcon.colcon_core.environment:create_environment_scripts_only(ngc_interfaces)
[4.895s] Level 1:colcon.colcon_core.environment:checking '/home/alfred/shared_mac/MEPA2001_2024/src/install/ngc_interfaces' for CMake module files
[4.896s] DEBUG:colcon.colcon_core.event_handler.log_command:Invoked command in '/home/alfred/shared_mac/MEPA2001_2024/src/build/ngc_interfaces' returned '0': CMAKE_PREFIX_PATH=${CMAKE_PREFIX_PATH}:/opt/ros/jazzy DEBUGINFOD_URLS=https://debuginfod.ubuntu.com /usr/bin/cmake --install /home/alfred/shared_mac/MEPA2001_2024/src/build/ngc_interfaces
[4.910s] Level 1:colcon.colcon_core.environment:checking '/home/alfred/shared_mac/MEPA2001_2024/src/install/ngc_interfaces' for CMake config files
[4.923s] Level 1:colcon.colcon_core.shell:create_environment_hook('ngc_interfaces', 'cmake_prefix_path')
[4.924s] INFO:colcon.colcon_core.shell:Creating environment descriptor '/home/alfred/shared_mac/MEPA2001_2024/src/install/ngc_interfaces/share/ngc_interfaces/hook/cmake_prefix_path.dsv'
[4.926s] INFO:colcon.colcon_core.shell:Creating environment hook '/home/alfred/shared_mac/MEPA2001_2024/src/install/ngc_interfaces/share/ngc_interfaces/hook/cmake_prefix_path.sh'
[4.928s] Level 1:colcon.colcon_core.environment:checking '/home/alfred/shared_mac/MEPA2001_2024/src/install/ngc_interfaces/lib'
[4.928s] Level 1:colcon.colcon_core.shell:create_environment_hook('ngc_interfaces', 'ld_library_path_lib')
[4.929s] INFO:colcon.colcon_core.shell:Creating environment descriptor '/home/alfred/shared_mac/MEPA2001_2024/src/install/ngc_interfaces/share/ngc_interfaces/hook/ld_library_path_lib.dsv'
[4.930s] INFO:colcon.colcon_core.shell:Creating environment hook '/home/alfred/shared_mac/MEPA2001_2024/src/install/ngc_interfaces/share/ngc_interfaces/hook/ld_library_path_lib.sh'
[4.931s] Level 1:colcon.colcon_core.environment:checking '/home/alfred/shared_mac/MEPA2001_2024/src/install/ngc_interfaces/bin'
[4.932s] Level 1:colcon.colcon_core.environment:checking '/home/alfred/shared_mac/MEPA2001_2024/src/install/ngc_interfaces/lib/pkgconfig/ngc_interfaces.pc'
[4.933s] Level 1:colcon.colcon_core.environment:checking '/home/alfred/shared_mac/MEPA2001_2024/src/install/ngc_interfaces/lib/python3.12/site-packages'
[4.933s] Level 1:colcon.colcon_core.shell:create_environment_hook('ngc_interfaces', 'pythonpath')
[4.933s] INFO:colcon.colcon_core.shell:Creating environment descriptor '/home/alfred/shared_mac/MEPA2001_2024/src/install/ngc_interfaces/share/ngc_interfaces/hook/pythonpath.dsv'
[4.936s] INFO:colcon.colcon_core.shell:Creating environment hook '/home/alfred/shared_mac/MEPA2001_2024/src/install/ngc_interfaces/share/ngc_interfaces/hook/pythonpath.sh'
[4.938s] Level 1:colcon.colcon_core.environment:checking '/home/alfred/shared_mac/MEPA2001_2024/src/install/ngc_interfaces/bin'
[4.939s] INFO:colcon.colcon_core.shell:Creating package descriptor '/home/alfred/shared_mac/MEPA2001_2024/src/install/ngc_interfaces/share/ngc_interfaces/package.dsv'
[4.940s] INFO:colcon.colcon_core.shell:Creating package script '/home/alfred/shared_mac/MEPA2001_2024/src/install/ngc_interfaces/share/ngc_interfaces/package.sh'
[4.942s] INFO:colcon.colcon_core.shell:Creating package script '/home/alfred/shared_mac/MEPA2001_2024/src/install/ngc_interfaces/share/ngc_interfaces/package.bash'
[4.944s] INFO:colcon.colcon_core.shell:Creating package script '/home/alfred/shared_mac/MEPA2001_2024/src/install/ngc_interfaces/share/ngc_interfaces/package.zsh'
[4.946s] Level 1:colcon.colcon_core.environment:create_file_with_runtime_dependencies(/home/alfred/shared_mac/MEPA2001_2024/src/install/ngc_interfaces/share/colcon-core/packages/ngc_interfaces)
[5.286s] Level 1:colcon.colcon_core.environment:checking '/home/alfred/shared_mac/MEPA2001_2024/src/install/ngc_sensor_sims' for CMake module files
[5.287s] DEBUG:colcon.colcon_core.event_handler.log_command:Invoked command in '/home/alfred/shared_mac/MEPA2001_2024/src/ngc_sensor_sims' returned '0': DEBUGINFOD_URLS=https://debuginfod.ubuntu.com PYTHONPATH=/home/alfred/shared_mac/MEPA2001_2024/src/build/ngc_sensor_sims/prefix_override:/usr/lib/python3/dist-packages/colcon_core/task/python/colcon_distutils_commands:/home/alfred/shared_mac/MEPA2001_2024/src/install/ngc_sensor_sims/lib/python3.12/site-packages:${PYTHONPATH} /usr/bin/python3 -W ignore:setup.py install is deprecated setup.py egg_info --egg-base ../build/ngc_sensor_sims build --build-base /home/alfred/shared_mac/MEPA2001_2024/src/build/ngc_sensor_sims/build install --record /home/alfred/shared_mac/MEPA2001_2024/src/build/ngc_sensor_sims/install.log --single-version-externally-managed install_data
[5.296s] Level 1:colcon.colcon_core.environment:checking '/home/alfred/shared_mac/MEPA2001_2024/src/install/ngc_sensor_sims' for CMake config files
[5.310s] Level 1:colcon.colcon_core.environment:checking '/home/alfred/shared_mac/MEPA2001_2024/src/install/ngc_sensor_sims/lib'
[5.312s] Level 1:colcon.colcon_core.environment:checking '/home/alfred/shared_mac/MEPA2001_2024/src/install/ngc_sensor_sims/bin'
[5.312s] Level 1:colcon.colcon_core.environment:checking '/home/alfred/shared_mac/MEPA2001_2024/src/install/ngc_sensor_sims/lib/pkgconfig/ngc_sensor_sims.pc'
[5.313s] Level 1:colcon.colcon_core.environment:checking '/home/alfred/shared_mac/MEPA2001_2024/src/install/ngc_sensor_sims/lib/python3.12/site-packages'
[5.314s] Level 1:colcon.colcon_core.shell:create_environment_hook('ngc_sensor_sims', 'pythonpath')
[5.314s] INFO:colcon.colcon_core.shell:Creating environment descriptor '/home/alfred/shared_mac/MEPA2001_2024/src/install/ngc_sensor_sims/share/ngc_sensor_sims/hook/pythonpath.dsv'
[5.316s] INFO:colcon.colcon_core.shell:Creating environment hook '/home/alfred/shared_mac/MEPA2001_2024/src/install/ngc_sensor_sims/share/ngc_sensor_sims/hook/pythonpath.sh'
[5.318s] Level 1:colcon.colcon_core.environment:checking '/home/alfred/shared_mac/MEPA2001_2024/src/install/ngc_sensor_sims/bin'
[5.318s] Level 1:colcon.colcon_core.environment:create_environment_scripts_only(ngc_sensor_sims)
[5.319s] INFO:colcon.colcon_core.shell:Creating package descriptor '/home/alfred/shared_mac/MEPA2001_2024/src/install/ngc_sensor_sims/share/ngc_sensor_sims/package.dsv'
[5.320s] INFO:colcon.colcon_core.shell:Creating package script '/home/alfred/shared_mac/MEPA2001_2024/src/install/ngc_sensor_sims/share/ngc_sensor_sims/package.sh'
[5.322s] INFO:colcon.colcon_core.shell:Creating package script '/home/alfred/shared_mac/MEPA2001_2024/src/install/ngc_sensor_sims/share/ngc_sensor_sims/package.bash'
[5.323s] INFO:colcon.colcon_core.shell:Creating package script '/home/alfred/shared_mac/MEPA2001_2024/src/install/ngc_sensor_sims/share/ngc_sensor_sims/package.zsh'
[5.325s] Level 1:colcon.colcon_core.environment:create_file_with_runtime_dependencies(/home/alfred/shared_mac/MEPA2001_2024/src/install/ngc_sensor_sims/share/colcon-core/packages/ngc_sensor_sims)
[5.603s] Level 1:colcon.colcon_core.environment:create_environment_scripts_only(ngc_interfaces)
[5.604s] Level 1:colcon.colcon_core.environment:checking '/home/alfred/shared_mac/MEPA2001_2024/src/install/ngc_interfaces' for CMake module files
[5.621s] Level 1:colcon.colcon_core.environment:checking '/home/alfred/shared_mac/MEPA2001_2024/src/install/ngc_interfaces' for CMake config files
[5.632s] Level 1:colcon.colcon_core.shell:create_environment_hook('ngc_interfaces', 'cmake_prefix_path')
[5.632s] INFO:colcon.colcon_core.shell:Creating environment descriptor '/home/alfred/shared_mac/MEPA2001_2024/src/install/ngc_interfaces/share/ngc_interfaces/hook/cmake_prefix_path.dsv'
[5.634s] INFO:colcon.colcon_core.shell:Creating environment hook '/home/alfred/shared_mac/MEPA2001_2024/src/install/ngc_interfaces/share/ngc_interfaces/hook/cmake_prefix_path.sh'
[5.635s] Level 1:colcon.colcon_core.environment:checking '/home/alfred/shared_mac/MEPA2001_2024/src/install/ngc_interfaces/lib'
[5.636s] Level 1:colcon.colcon_core.shell:create_environment_hook('ngc_interfaces', 'ld_library_path_lib')
[5.636s] INFO:colcon.colcon_core.shell:Creating environment descriptor '/home/alfred/shared_mac/MEPA2001_2024/src/install/ngc_interfaces/share/ngc_interfaces/hook/ld_library_path_lib.dsv'
[5.638s] INFO:colcon.colcon_core.shell:Creating environment hook '/home/alfred/shared_mac/MEPA2001_2024/src/install/ngc_interfaces/share/ngc_interfaces/hook/ld_library_path_lib.sh'
[5.639s] Level 1:colcon.colcon_core.environment:checking '/home/alfred/shared_mac/MEPA2001_2024/src/install/ngc_interfaces/bin'
[5.639s] Level 1:colcon.colcon_core.environment:checking '/home/alfred/shared_mac/MEPA2001_2024/src/install/ngc_interfaces/lib/pkgconfig/ngc_interfaces.pc'
[5.640s] Level 1:colcon.colcon_core.environment:checking '/home/alfred/shared_mac/MEPA2001_2024/src/install/ngc_interfaces/lib/python3.12/site-packages'
[5.640s] Level 1:colcon.colcon_core.shell:create_environment_hook('ngc_interfaces', 'pythonpath')
[5.641s] INFO:colcon.colcon_core.shell:Creating environment descriptor '/home/alfred/shared_mac/MEPA2001_2024/src/install/ngc_interfaces/share/ngc_interfaces/hook/pythonpath.dsv'
[5.642s] INFO:colcon.colcon_core.shell:Creating environment hook '/home/alfred/shared_mac/MEPA2001_2024/src/install/ngc_interfaces/share/ngc_interfaces/hook/pythonpath.sh'
[5.644s] Level 1:colcon.colcon_core.environment:checking '/home/alfred/shared_mac/MEPA2001_2024/src/install/ngc_interfaces/bin'
[5.645s] INFO:colcon.colcon_core.shell:Creating package descriptor '/home/alfred/shared_mac/MEPA2001_2024/src/install/ngc_interfaces/share/ngc_interfaces/package.dsv'
[5.646s] INFO:colcon.colcon_core.shell:Creating package script '/home/alfred/shared_mac/MEPA2001_2024/src/install/ngc_interfaces/share/ngc_interfaces/package.sh'
[5.647s] INFO:colcon.colcon_core.shell:Creating package script '/home/alfred/shared_mac/MEPA2001_2024/src/install/ngc_interfaces/share/ngc_interfaces/package.bash'
[5.648s] INFO:colcon.colcon_core.shell:Creating package script '/home/alfred/shared_mac/MEPA2001_2024/src/install/ngc_interfaces/share/ngc_interfaces/package.zsh'
[5.649s] Level 1:colcon.colcon_core.environment:create_file_with_runtime_dependencies(/home/alfred/shared_mac/MEPA2001_2024/src/install/ngc_interfaces/share/colcon-core/packages/ngc_interfaces)
[5.651s] INFO:colcon.colcon_ros.task.ament_python.build:Building ROS package in '/home/alfred/shared_mac/MEPA2001_2024/src/ngc_hmi' with build type 'ament_python'
[5.651s] Level 1:colcon.colcon_core.shell:create_environment_hook('ngc_hmi', 'ament_prefix_path')
[5.652s] INFO:colcon.colcon_core.shell:Creating environment descriptor '/home/alfred/shared_mac/MEPA2001_2024/src/install/ngc_hmi/share/ngc_hmi/hook/ament_prefix_path.dsv'
[5.655s] INFO:colcon.colcon_core.shell:Creating environment hook '/home/alfred/shared_mac/MEPA2001_2024/src/install/ngc_hmi/share/ngc_hmi/hook/ament_prefix_path.sh'
[5.659s] DEBUG:colcon.colcon_core.shell:Skip shell extension 'dsv' for command environment
[5.671s] INFO:colcon.colcon_ros.task.ament_python.build:Building ROS package in '/home/alfred/shared_mac/MEPA2001_2024/src/ngc_hull_sim' with build type 'ament_python'
[5.671s] Level 1:colcon.colcon_core.shell:create_environment_hook('ngc_hull_sim', 'ament_prefix_path')
[5.672s] INFO:colcon.colcon_core.shell:Creating environment descriptor '/home/alfred/shared_mac/MEPA2001_2024/src/install/ngc_hull_sim/share/ngc_hull_sim/hook/ament_prefix_path.dsv'
[5.680s] INFO:colcon.colcon_core.shell:Creating environment hook '/home/alfred/shared_mac/MEPA2001_2024/src/install/ngc_hull_sim/share/ngc_hull_sim/hook/ament_prefix_path.sh'
[5.684s] DEBUG:colcon.colcon_core.shell:Skip shell extension 'dsv' for command environment
[5.692s] INFO:colcon.colcon_ros.task.ament_python.build:Building ROS package in '/home/alfred/shared_mac/MEPA2001_2024/src/ngc_propulsion_sim' with build type 'ament_python'
[5.693s] Level 1:colcon.colcon_core.shell:create_environment_hook('ngc_propulsion_sim', 'ament_prefix_path')
[5.696s] INFO:colcon.colcon_core.shell:Creating environment descriptor '/home/alfred/shared_mac/MEPA2001_2024/src/install/ngc_propulsion_sim/share/ngc_propulsion_sim/hook/ament_prefix_path.dsv'
[5.704s] INFO:colcon.colcon_core.shell:Creating environment hook '/home/alfred/shared_mac/MEPA2001_2024/src/install/ngc_propulsion_sim/share/ngc_propulsion_sim/hook/ament_prefix_path.sh'
[5.712s] DEBUG:colcon.colcon_core.shell:Skip shell extension 'dsv' for command environment
[6.095s] INFO:colcon.colcon_core.task.python.build:Building Python package in '/home/alfred/shared_mac/MEPA2001_2024/src/ngc_hmi'
[6.096s] DEBUG:colcon.colcon_core.shell:Skip shell extension 'dsv' for command environment
[6.406s] INFO:colcon.colcon_core.task.python.build:Building Python package in '/home/alfred/shared_mac/MEPA2001_2024/src/ngc_hull_sim'
[6.407s] DEBUG:colcon.colcon_core.shell:Skip shell extension 'dsv' for command environment
[6.751s] INFO:colcon.colcon_core.task.python.build:Building Python package in '/home/alfred/shared_mac/MEPA2001_2024/src/ngc_propulsion_sim'
[6.752s] DEBUG:colcon.colcon_core.shell:Skip shell extension 'dsv' for command environment
[7.620s] DEBUG:colcon.colcon_core.event_handler.log_command:Invoking command in '/home/alfred/shared_mac/MEPA2001_2024/src/ngc_hull_sim': AMENT_PREFIX_PATH=/home/alfred/shared_mac/MEPA2001_2024/src/install/ngc_utils:/home/alfred/shared_mac/MEPA2001_2024/src/install/ngc_interfaces:${AMENT_PREFIX_PATH} CMAKE_PREFIX_PATH=/home/alfred/shared_mac/MEPA2001_2024/src/install/ngc_interfaces:${CMAKE_PREFIX_PATH} DEBUGINFOD_URLS=https://debuginfod.ubuntu.com LD_LIBRARY_PATH=/home/alfred/shared_mac/MEPA2001_2024/src/install/ngc_interfaces/lib:${LD_LIBRARY_PATH} PYTHONPATH=/home/alfred/shared_mac/MEPA2001_2024/src/build/ngc_hull_sim/prefix_override:/usr/lib/python3/dist-packages/colcon_core/task/python/colcon_distutils_commands:/home/alfred/shared_mac/MEPA2001_2024/src/install/ngc_hull_sim/lib/python3.12/site-packages:/home/alfred/shared_mac/MEPA2001_2024/src/install/ngc_utils/lib/python3.12/site-packages:/home/alfred/shared_mac/MEPA2001_2024/src/install/ngc_interfaces/lib/python3.12/site-packages:${PYTHONPATH} /usr/bin/python3 -W ignore:setup.py install is deprecated setup.py egg_info --egg-base ../build/ngc_hull_sim build --build-base /home/alfred/shared_mac/MEPA2001_2024/src/build/ngc_hull_sim/build install --record /home/alfred/shared_mac/MEPA2001_2024/src/build/ngc_hull_sim/install.log --single-version-externally-managed install_data
[7.624s] DEBUG:colcon.colcon_core.event_handler.log_command:Invoking command in '/home/alfred/shared_mac/MEPA2001_2024/src/ngc_hmi': AMENT_PREFIX_PATH=/home/alfred/shared_mac/MEPA2001_2024/src/install/ngc_interfaces:${AMENT_PREFIX_PATH} CMAKE_PREFIX_PATH=/home/alfred/shared_mac/MEPA2001_2024/src/install/ngc_interfaces:${CMAKE_PREFIX_PATH} DEBUGINFOD_URLS=https://debuginfod.ubuntu.com LD_LIBRARY_PATH=/home/alfred/shared_mac/MEPA2001_2024/src/install/ngc_interfaces/lib:${LD_LIBRARY_PATH} PYTHONPATH=/home/alfred/shared_mac/MEPA2001_2024/src/build/ngc_hmi/prefix_override:/usr/lib/python3/dist-packages/colcon_core/task/python/colcon_distutils_commands:/home/alfred/shared_mac/MEPA2001_2024/src/install/ngc_hmi/lib/python3.12/site-packages:/home/alfred/shared_mac/MEPA2001_2024/src/install/ngc_interfaces/lib/python3.12/site-packages:${PYTHONPATH} /usr/bin/python3 -W ignore:setup.py install is deprecated setup.py egg_info --egg-base ../build/ngc_hmi build --build-base /home/alfred/shared_mac/MEPA2001_2024/src/build/ngc_hmi/build install --record /home/alfred/shared_mac/MEPA2001_2024/src/build/ngc_hmi/install.log --single-version-externally-managed install_data
[7.700s] DEBUG:colcon.colcon_core.event_handler.log_command:Invoking command in '/home/alfred/shared_mac/MEPA2001_2024/src/ngc_propulsion_sim': AMENT_PREFIX_PATH=/home/alfred/shared_mac/MEPA2001_2024/src/install/ngc_interfaces:/home/alfred/shared_mac/MEPA2001_2024/src/install/ngc_bringup:${AMENT_PREFIX_PATH} CMAKE_PREFIX_PATH=/home/alfred/shared_mac/MEPA2001_2024/src/install/ngc_interfaces:/home/alfred/shared_mac/MEPA2001_2024/src/install/ngc_bringup:${CMAKE_PREFIX_PATH} DEBUGINFOD_URLS=https://debuginfod.ubuntu.com LD_LIBRARY_PATH=/home/alfred/shared_mac/MEPA2001_2024/src/install/ngc_interfaces/lib:${LD_LIBRARY_PATH} PYTHONPATH=/home/alfred/shared_mac/MEPA2001_2024/src/build/ngc_propulsion_sim/prefix_override:/usr/lib/python3/dist-packages/colcon_core/task/python/colcon_distutils_commands:/home/alfred/shared_mac/MEPA2001_2024/src/install/ngc_propulsion_sim/lib/python3.12/site-packages:/home/alfred/shared_mac/MEPA2001_2024/src/install/ngc_interfaces/lib/python3.12/site-packages:${PYTHONPATH} /usr/bin/python3 -W ignore:setup.py install is deprecated setup.py egg_info --egg-base ../build/ngc_propulsion_sim build --build-base /home/alfred/shared_mac/MEPA2001_2024/src/build/ngc_propulsion_sim/build install --record /home/alfred/shared_mac/MEPA2001_2024/src/build/ngc_propulsion_sim/install.log --single-version-externally-managed install_data
[8.612s] Level 1:colcon.colcon_core.environment:checking '/home/alfred/shared_mac/MEPA2001_2024/src/install/ngc_hull_sim' for CMake module files
[8.620s] DEBUG:colcon.colcon_core.event_handler.log_command:Invoked command in '/home/alfred/shared_mac/MEPA2001_2024/src/ngc_hull_sim' returned '0': AMENT_PREFIX_PATH=/home/alfred/shared_mac/MEPA2001_2024/src/install/ngc_utils:/home/alfred/shared_mac/MEPA2001_2024/src/install/ngc_interfaces:${AMENT_PREFIX_PATH} CMAKE_PREFIX_PATH=/home/alfred/shared_mac/MEPA2001_2024/src/install/ngc_interfaces:${CMAKE_PREFIX_PATH} DEBUGINFOD_URLS=https://debuginfod.ubuntu.com LD_LIBRARY_PATH=/home/alfred/shared_mac/MEPA2001_2024/src/install/ngc_interfaces/lib:${LD_LIBRARY_PATH} PYTHONPATH=/home/alfred/shared_mac/MEPA2001_2024/src/build/ngc_hull_sim/prefix_override:/usr/lib/python3/dist-packages/colcon_core/task/python/colcon_distutils_commands:/home/alfred/shared_mac/MEPA2001_2024/src/install/ngc_hull_sim/lib/python3.12/site-packages:/home/alfred/shared_mac/MEPA2001_2024/src/install/ngc_utils/lib/python3.12/site-packages:/home/alfred/shared_mac/MEPA2001_2024/src/install/ngc_interfaces/lib/python3.12/site-packages:${PYTHONPATH} /usr/bin/python3 -W ignore:setup.py install is deprecated setup.py egg_info --egg-base ../build/ngc_hull_sim build --build-base /home/alfred/shared_mac/MEPA2001_2024/src/build/ngc_hull_sim/build install --record /home/alfred/shared_mac/MEPA2001_2024/src/build/ngc_hull_sim/install.log --single-version-externally-managed install_data
[8.629s] Level 1:colcon.colcon_core.environment:checking '/home/alfred/shared_mac/MEPA2001_2024/src/install/ngc_hull_sim' for CMake config files
[8.639s] Level 1:colcon.colcon_core.environment:checking '/home/alfred/shared_mac/MEPA2001_2024/src/install/ngc_hull_sim/lib'
[8.640s] Level 1:colcon.colcon_core.environment:checking '/home/alfred/shared_mac/MEPA2001_2024/src/install/ngc_hull_sim/bin'
[8.640s] Level 1:colcon.colcon_core.environment:checking '/home/alfred/shared_mac/MEPA2001_2024/src/install/ngc_hull_sim/lib/pkgconfig/ngc_hull_sim.pc'
[8.641s] Level 1:colcon.colcon_core.environment:checking '/home/alfred/shared_mac/MEPA2001_2024/src/install/ngc_hull_sim/lib/python3.12/site-packages'
[8.641s] Level 1:colcon.colcon_core.shell:create_environment_hook('ngc_hull_sim', 'pythonpath')
[8.641s] INFO:colcon.colcon_core.shell:Creating environment descriptor '/home/alfred/shared_mac/MEPA2001_2024/src/install/ngc_hull_sim/share/ngc_hull_sim/hook/pythonpath.dsv'
[8.643s] INFO:colcon.colcon_core.shell:Creating environment hook '/home/alfred/shared_mac/MEPA2001_2024/src/install/ngc_hull_sim/share/ngc_hull_sim/hook/pythonpath.sh'
[8.644s] Level 1:colcon.colcon_core.environment:checking '/home/alfred/shared_mac/MEPA2001_2024/src/install/ngc_hull_sim/bin'
[8.645s] Level 1:colcon.colcon_core.environment:create_environment_scripts_only(ngc_hull_sim)
[8.645s] INFO:colcon.colcon_core.shell:Creating package descriptor '/home/alfred/shared_mac/MEPA2001_2024/src/install/ngc_hull_sim/share/ngc_hull_sim/package.dsv'
[8.646s] INFO:colcon.colcon_core.shell:Creating package script '/home/alfred/shared_mac/MEPA2001_2024/src/install/ngc_hull_sim/share/ngc_hull_sim/package.sh'
[8.648s] INFO:colcon.colcon_core.shell:Creating package script '/home/alfred/shared_mac/MEPA2001_2024/src/install/ngc_hull_sim/share/ngc_hull_sim/package.bash'
[8.649s] INFO:colcon.colcon_core.shell:Creating package script '/home/alfred/shared_mac/MEPA2001_2024/src/install/ngc_hull_sim/share/ngc_hull_sim/package.zsh'
[8.650s] Level 1:colcon.colcon_core.environment:create_file_with_runtime_dependencies(/home/alfred/shared_mac/MEPA2001_2024/src/install/ngc_hull_sim/share/colcon-core/packages/ngc_hull_sim)
[8.653s] Level 1:colcon.colcon_core.environment:checking '/home/alfred/shared_mac/MEPA2001_2024/src/install/ngc_hmi' for CMake module files
[8.667s] DEBUG:colcon.colcon_core.event_handler.log_command:Invoked command in '/home/alfred/shared_mac/MEPA2001_2024/src/ngc_hmi' returned '0': AMENT_PREFIX_PATH=/home/alfred/shared_mac/MEPA2001_2024/src/install/ngc_interfaces:${AMENT_PREFIX_PATH} CMAKE_PREFIX_PATH=/home/alfred/shared_mac/MEPA2001_2024/src/install/ngc_interfaces:${CMAKE_PREFIX_PATH} DEBUGINFOD_URLS=https://debuginfod.ubuntu.com LD_LIBRARY_PATH=/home/alfred/shared_mac/MEPA2001_2024/src/install/ngc_interfaces/lib:${LD_LIBRARY_PATH} PYTHONPATH=/home/alfred/shared_mac/MEPA2001_2024/src/build/ngc_hmi/prefix_override:/usr/lib/python3/dist-packages/colcon_core/task/python/colcon_distutils_commands:/home/alfred/shared_mac/MEPA2001_2024/src/install/ngc_hmi/lib/python3.12/site-packages:/home/alfred/shared_mac/MEPA2001_2024/src/install/ngc_interfaces/lib/python3.12/site-packages:${PYTHONPATH} /usr/bin/python3 -W ignore:setup.py install is deprecated setup.py egg_info --egg-base ../build/ngc_hmi build --build-base /home/alfred/shared_mac/MEPA2001_2024/src/build/ngc_hmi/build install --record /home/alfred/shared_mac/MEPA2001_2024/src/build/ngc_hmi/install.log --single-version-externally-managed install_data
[8.678s] Level 1:colcon.colcon_core.environment:checking '/home/alfred/shared_mac/MEPA2001_2024/src/install/ngc_hmi' for CMake config files
[8.688s] Level 1:colcon.colcon_core.environment:checking '/home/alfred/shared_mac/MEPA2001_2024/src/install/ngc_hmi/lib'
[8.689s] Level 1:colcon.colcon_core.environment:checking '/home/alfred/shared_mac/MEPA2001_2024/src/install/ngc_hmi/bin'
[8.690s] Level 1:colcon.colcon_core.environment:checking '/home/alfred/shared_mac/MEPA2001_2024/src/install/ngc_hmi/lib/pkgconfig/ngc_hmi.pc'
[8.690s] Level 1:colcon.colcon_core.environment:checking '/home/alfred/shared_mac/MEPA2001_2024/src/install/ngc_hmi/lib/python3.12/site-packages'
[8.691s] Level 1:colcon.colcon_core.shell:create_environment_hook('ngc_hmi', 'pythonpath')
[8.691s] INFO:colcon.colcon_core.shell:Creating environment descriptor '/home/alfred/shared_mac/MEPA2001_2024/src/install/ngc_hmi/share/ngc_hmi/hook/pythonpath.dsv'
[8.693s] INFO:colcon.colcon_core.shell:Creating environment hook '/home/alfred/shared_mac/MEPA2001_2024/src/install/ngc_hmi/share/ngc_hmi/hook/pythonpath.sh'
[8.695s] Level 1:colcon.colcon_core.environment:checking '/home/alfred/shared_mac/MEPA2001_2024/src/install/ngc_hmi/bin'
[8.695s] Level 1:colcon.colcon_core.environment:create_environment_scripts_only(ngc_hmi)
[8.696s] INFO:colcon.colcon_core.shell:Creating package descriptor '/home/alfred/shared_mac/MEPA2001_2024/src/install/ngc_hmi/share/ngc_hmi/package.dsv'
[8.697s] INFO:colcon.colcon_core.shell:Creating package script '/home/alfred/shared_mac/MEPA2001_2024/src/install/ngc_hmi/share/ngc_hmi/package.sh'
[8.699s] INFO:colcon.colcon_core.shell:Creating package script '/home/alfred/shared_mac/MEPA2001_2024/src/install/ngc_hmi/share/ngc_hmi/package.bash'
[8.701s] INFO:colcon.colcon_core.shell:Creating package script '/home/alfred/shared_mac/MEPA2001_2024/src/install/ngc_hmi/share/ngc_hmi/package.zsh'
[8.707s] Level 1:colcon.colcon_core.environment:create_file_with_runtime_dependencies(/home/alfred/shared_mac/MEPA2001_2024/src/install/ngc_hmi/share/colcon-core/packages/ngc_hmi)
[8.794s] Level 1:colcon.colcon_core.environment:checking '/home/alfred/shared_mac/MEPA2001_2024/src/install/ngc_propulsion_sim' for CMake module files
[8.800s] DEBUG:colcon.colcon_core.event_handler.log_command:Invoked command in '/home/alfred/shared_mac/MEPA2001_2024/src/ngc_propulsion_sim' returned '0': AMENT_PREFIX_PATH=/home/alfred/shared_mac/MEPA2001_2024/src/install/ngc_interfaces:/home/alfred/shared_mac/MEPA2001_2024/src/install/ngc_bringup:${AMENT_PREFIX_PATH} CMAKE_PREFIX_PATH=/home/alfred/shared_mac/MEPA2001_2024/src/install/ngc_interfaces:/home/alfred/shared_mac/MEPA2001_2024/src/install/ngc_bringup:${CMAKE_PREFIX_PATH} DEBUGINFOD_URLS=https://debuginfod.ubuntu.com LD_LIBRARY_PATH=/home/alfred/shared_mac/MEPA2001_2024/src/install/ngc_interfaces/lib:${LD_LIBRARY_PATH} PYTHONPATH=/home/alfred/shared_mac/MEPA2001_2024/src/build/ngc_propulsion_sim/prefix_override:/usr/lib/python3/dist-packages/colcon_core/task/python/colcon_distutils_commands:/home/alfred/shared_mac/MEPA2001_2024/src/install/ngc_propulsion_sim/lib/python3.12/site-packages:/home/alfred/shared_mac/MEPA2001_2024/src/install/ngc_interfaces/lib/python3.12/site-packages:${PYTHONPATH} /usr/bin/python3 -W ignore:setup.py install is deprecated setup.py egg_info --egg-base ../build/ngc_propulsion_sim build --build-base /home/alfred/shared_mac/MEPA2001_2024/src/build/ngc_propulsion_sim/build install --record /home/alfred/shared_mac/MEPA2001_2024/src/build/ngc_propulsion_sim/install.log --single-version-externally-managed install_data
[8.810s] Level 1:colcon.colcon_core.environment:checking '/home/alfred/shared_mac/MEPA2001_2024/src/install/ngc_propulsion_sim' for CMake config files
[8.828s] Level 1:colcon.colcon_core.environment:checking '/home/alfred/shared_mac/MEPA2001_2024/src/install/ngc_propulsion_sim/lib'
[8.829s] Level 1:colcon.colcon_core.environment:checking '/home/alfred/shared_mac/MEPA2001_2024/src/install/ngc_propulsion_sim/bin'
[8.829s] Level 1:colcon.colcon_core.environment:checking '/home/alfred/shared_mac/MEPA2001_2024/src/install/ngc_propulsion_sim/lib/pkgconfig/ngc_propulsion_sim.pc'
[8.830s] Level 1:colcon.colcon_core.environment:checking '/home/alfred/shared_mac/MEPA2001_2024/src/install/ngc_propulsion_sim/lib/python3.12/site-packages'
[8.830s] Level 1:colcon.colcon_core.shell:create_environment_hook('ngc_propulsion_sim', 'pythonpath')
[8.831s] INFO:colcon.colcon_core.shell:Creating environment descriptor '/home/alfred/shared_mac/MEPA2001_2024/src/install/ngc_propulsion_sim/share/ngc_propulsion_sim/hook/pythonpath.dsv'
[8.832s] INFO:colcon.colcon_core.shell:Creating environment hook '/home/alfred/shared_mac/MEPA2001_2024/src/install/ngc_propulsion_sim/share/ngc_propulsion_sim/hook/pythonpath.sh'
[8.834s] Level 1:colcon.colcon_core.environment:checking '/home/alfred/shared_mac/MEPA2001_2024/src/install/ngc_propulsion_sim/bin'
[8.834s] Level 1:colcon.colcon_core.environment:create_environment_scripts_only(ngc_propulsion_sim)
[8.835s] INFO:colcon.colcon_core.shell:Creating package descriptor '/home/alfred/shared_mac/MEPA2001_2024/src/install/ngc_propulsion_sim/share/ngc_propulsion_sim/package.dsv'
[8.836s] INFO:colcon.colcon_core.shell:Creating package script '/home/alfred/shared_mac/MEPA2001_2024/src/install/ngc_propulsion_sim/share/ngc_propulsion_sim/package.sh'
[8.837s] INFO:colcon.colcon_core.shell:Creating package script '/home/alfred/shared_mac/MEPA2001_2024/src/install/ngc_propulsion_sim/share/ngc_propulsion_sim/package.bash'
[8.838s] INFO:colcon.colcon_core.shell:Creating package script '/home/alfred/shared_mac/MEPA2001_2024/src/install/ngc_propulsion_sim/share/ngc_propulsion_sim/package.zsh'
[8.839s] Level 1:colcon.colcon_core.environment:create_file_with_runtime_dependencies(/home/alfred/shared_mac/MEPA2001_2024/src/install/ngc_propulsion_sim/share/colcon-core/packages/ngc_propulsion_sim)
[8.841s] DEBUG:colcon.colcon_parallel_executor.executor.parallel:closing loop
[8.841s] DEBUG:colcon.colcon_parallel_executor.executor.parallel:loop closed
[8.842s] DEBUG:colcon.colcon_parallel_executor.executor.parallel:run_until_complete finished with '0'
[8.843s] DEBUG:colcon.colcon_core.event_reactor:joining thread
[8.874s] INFO:colcon.colcon_core.plugin_system:Skipping extension 'colcon_notification.desktop_notification.terminal_notifier': Not used on non-Darwin systems
[8.875s] INFO:colcon.colcon_core.plugin_system:Skipping extension 'colcon_notification.desktop_notification.win32': Not used on non-Windows systems
[8.875s] INFO:colcon.colcon_notification.desktop_notification:Sending desktop notification using 'notify2'
[8.898s] DEBUG:colcon.colcon_core.event_reactor:joined thread
[8.900s] INFO:colcon.colcon_core.shell:Creating prefix script '/home/alfred/shared_mac/MEPA2001_2024/src/install/local_setup.sh'
[8.903s] INFO:colcon.colcon_core.shell:Creating prefix util module '/home/alfred/shared_mac/MEPA2001_2024/src/install/_local_setup_util_sh.py'
[8.906s] INFO:colcon.colcon_core.shell:Creating prefix chain script '/home/alfred/shared_mac/MEPA2001_2024/src/install/setup.sh'
[8.910s] INFO:colcon.colcon_core.shell:Creating prefix script '/home/alfred/shared_mac/MEPA2001_2024/src/install/local_setup.bash'
[8.912s] INFO:colcon.colcon_core.shell:Creating prefix chain script '/home/alfred/shared_mac/MEPA2001_2024/src/install/setup.bash'
[8.915s] INFO:colcon.colcon_core.shell:Creating prefix script '/home/alfred/shared_mac/MEPA2001_2024/src/install/local_setup.zsh'
[8.917s] INFO:colcon.colcon_core.shell:Creating prefix chain script '/home/alfred/shared_mac/MEPA2001_2024/src/install/setup.zsh'
