[1.546s] Invoking command in '/home/adolf-fick/Desktop/git_ws/Mekatronikk3/src/ngc_hull_sim': AMENT_PREFIX_PATH=/home/adolf-fick/Desktop/git_ws/Mekatronikk3/install/ngc_utils:/home/adolf-fick/Desktop/git_ws/Mekatronikk3/install/ngc_interfaces:${AMENT_PREFIX_PATH} CMAKE_PREFIX_PATH=/home/adolf-fick/Desktop/git_ws/Mekatronikk3/install/ngc_interfaces:${CMAKE_PREFIX_PATH} DEBUGINFOD_URLS=https://debuginfod.ubuntu.com LD_LIBRARY_PATH=/home/adolf-fick/Desktop/git_ws/Mekatronikk3/install/ngc_interfaces/lib:${LD_LIBRARY_PATH} PYTHONPATH=/home/adolf-fick/Desktop/git_ws/Mekatronikk3/build/ngc_hull_sim/prefix_override:/usr/lib/python3/dist-packages/colcon_core/task/python/colcon_distutils_commands:/home/adolf-fick/Desktop/git_ws/Mekatronikk3/install/ngc_hull_sim/lib/python3.12/site-packages:/home/adolf-fick/Desktop/git_ws/Mekatronikk3/install/ngc_utils/lib/python3.12/site-packages:/home/adolf-fick/Desktop/git_ws/Mekatronikk3/install/ngc_interfaces/lib/python3.12/site-packages:${PYTHONPATH} /usr/bin/python3 -W ignore:setup.py install is deprecated setup.py egg_info --egg-base ../../build/ngc_hull_sim build --build-base /home/adolf-fick/Desktop/git_ws/Mekatronikk3/build/ngc_hull_sim/build install --record /home/adolf-fick/Desktop/git_ws/Mekatronikk3/build/ngc_hull_sim/install.log --single-version-externally-managed install_data
[1.875s] running egg_info
[1.876s] creating ../../build/ngc_hull_sim/ngc_hull_sim.egg-info
[1.900s] writing ../../build/ngc_hull_sim/ngc_hull_sim.egg-info/PKG-INFO
[1.900s] writing dependency_links to ../../build/ngc_hull_sim/ngc_hull_sim.egg-info/dependency_links.txt
[1.901s] writing entry points to ../../build/ngc_hull_sim/ngc_hull_sim.egg-info/entry_points.txt
[1.901s] writing requirements to ../../build/ngc_hull_sim/ngc_hull_sim.egg-info/requires.txt
[1.901s] writing top-level names to ../../build/ngc_hull_sim/ngc_hull_sim.egg-info/top_level.txt
[1.901s] writing manifest file '../../build/ngc_hull_sim/ngc_hull_sim.egg-info/SOURCES.txt'
[1.955s] reading manifest file '../../build/ngc_hull_sim/ngc_hull_sim.egg-info/SOURCES.txt'
[1.956s] writing manifest file '../../build/ngc_hull_sim/ngc_hull_sim.egg-info/SOURCES.txt'
[1.957s] running build
[1.957s] running build_py
[1.957s] creating /home/adolf-fick/Desktop/git_ws/Mekatronikk3/build/ngc_hull_sim/build
[1.957s] creating /home/adolf-fick/Desktop/git_ws/Mekatronikk3/build/ngc_hull_sim/build/lib
[1.957s] creating /home/adolf-fick/Desktop/git_ws/Mekatronikk3/build/ngc_hull_sim/build/lib/ngc_hull_sim
[1.957s] copying ngc_hull_sim/ngc_hull_sim.py -> /home/adolf-fick/Desktop/git_ws/Mekatronikk3/build/ngc_hull_sim/build/lib/ngc_hull_sim
[1.957s] copying ngc_hull_sim/__init__.py -> /home/adolf-fick/Desktop/git_ws/Mekatronikk3/build/ngc_hull_sim/build/lib/ngc_hull_sim
[1.958s] running install
[1.965s] running install_lib
[1.991s] creating /home/adolf-fick/Desktop/git_ws/Mekatronikk3/install/ngc_hull_sim/lib/python3.12/site-packages/ngc_hull_sim
[1.991s] copying /home/adolf-fick/Desktop/git_ws/Mekatronikk3/build/ngc_hull_sim/build/lib/ngc_hull_sim/ngc_hull_sim.py -> /home/adolf-fick/Desktop/git_ws/Mekatronikk3/install/ngc_hull_sim/lib/python3.12/site-packages/ngc_hull_sim
[1.991s] copying /home/adolf-fick/Desktop/git_ws/Mekatronikk3/build/ngc_hull_sim/build/lib/ngc_hull_sim/__init__.py -> /home/adolf-fick/Desktop/git_ws/Mekatronikk3/install/ngc_hull_sim/lib/python3.12/site-packages/ngc_hull_sim
[1.992s] byte-compiling /home/adolf-fick/Desktop/git_ws/Mekatronikk3/install/ngc_hull_sim/lib/python3.12/site-packages/ngc_hull_sim/ngc_hull_sim.py to ngc_hull_sim.cpython-312.pyc
[1.994s] byte-compiling /home/adolf-fick/Desktop/git_ws/Mekatronikk3/install/ngc_hull_sim/lib/python3.12/site-packages/ngc_hull_sim/__init__.py to __init__.cpython-312.pyc
[1.995s] running install_data
[1.995s] creating /home/adolf-fick/Desktop/git_ws/Mekatronikk3/install/ngc_hull_sim/share/ament_index
[1.995s] creating /home/adolf-fick/Desktop/git_ws/Mekatronikk3/install/ngc_hull_sim/share/ament_index/resource_index
[1.995s] creating /home/adolf-fick/Desktop/git_ws/Mekatronikk3/install/ngc_hull_sim/share/ament_index/resource_index/packages
[1.995s] copying resource/ngc_hull_sim -> /home/adolf-fick/Desktop/git_ws/Mekatronikk3/install/ngc_hull_sim/share/ament_index/resource_index/packages
[1.995s] copying package.xml -> /home/adolf-fick/Desktop/git_ws/Mekatronikk3/install/ngc_hull_sim/share/ngc_hull_sim
[1.996s] running install_egg_info
[2.025s] Copying ../../build/ngc_hull_sim/ngc_hull_sim.egg-info to /home/adolf-fick/Desktop/git_ws/Mekatronikk3/install/ngc_hull_sim/lib/python3.12/site-packages/ngc_hull_sim-0.0.0-py3.12.egg-info
[2.027s] running install_scripts
[2.200s] Installing simulate script to /home/adolf-fick/Desktop/git_ws/Mekatronikk3/install/ngc_hull_sim/lib/ngc_hull_sim
[2.201s] writing list of installed files to '/home/adolf-fick/Desktop/git_ws/Mekatronikk3/build/ngc_hull_sim/install.log'
[2.258s] Invoked command in '/home/adolf-fick/Desktop/git_ws/Mekatronikk3/src/ngc_hull_sim' returned '0': AMENT_PREFIX_PATH=/home/adolf-fick/Desktop/git_ws/Mekatronikk3/install/ngc_utils:/home/adolf-fick/Desktop/git_ws/Mekatronikk3/install/ngc_interfaces:${AMENT_PREFIX_PATH} CMAKE_PREFIX_PATH=/home/adolf-fick/Desktop/git_ws/Mekatronikk3/install/ngc_interfaces:${CMAKE_PREFIX_PATH} DEBUGINFOD_URLS=https://debuginfod.ubuntu.com LD_LIBRARY_PATH=/home/adolf-fick/Desktop/git_ws/Mekatronikk3/install/ngc_interfaces/lib:${LD_LIBRARY_PATH} PYTHONPATH=/home/adolf-fick/Desktop/git_ws/Mekatronikk3/build/ngc_hull_sim/prefix_override:/usr/lib/python3/dist-packages/colcon_core/task/python/colcon_distutils_commands:/home/adolf-fick/Desktop/git_ws/Mekatronikk3/install/ngc_hull_sim/lib/python3.12/site-packages:/home/adolf-fick/Desktop/git_ws/Mekatronikk3/install/ngc_utils/lib/python3.12/site-packages:/home/adolf-fick/Desktop/git_ws/Mekatronikk3/install/ngc_interfaces/lib/python3.12/site-packages:${PYTHONPATH} /usr/bin/python3 -W ignore:setup.py install is deprecated setup.py egg_info --egg-base ../../build/ngc_hull_sim build --build-base /home/adolf-fick/Desktop/git_ws/Mekatronikk3/build/ngc_hull_sim/build install --record /home/adolf-fick/Desktop/git_ws/Mekatronikk3/build/ngc_hull_sim/install.log --single-version-externally-managed install_data
