gmake[1]: Advarsel: Filen "CMakeFiles/Makefile2" har modifikationstidspunkt 8,7 s i fremtiden
gmake[2]: Advarsel: Filen "CMakeFiles/ngc_interfaces__rosidl_generator_type_description.dir/progress.make" har modifikationstidspunkt 8,7 s i fremtiden
gmake[2]: Advarsel: Filen "CMakeFiles/ament_cmake_python_copy_ngc_interfaces.dir/progress.make" har modifikationstidspunkt 8,7 s i fremtiden
gmake[2]: advarsel: Der blev registreret en uoverensstemmelse i urets tid. Din kompilering kan være ufuldstændig.
gmake[2]: Advarsel: Filen "CMakeFiles/ament_cmake_python_copy_ngc_interfaces.dir/progress.make" har modifikationstidspunkt 8,6 s i fremtiden
gmake[2]: advarsel: Der blev registreret en uoverensstemmelse i urets tid. Din kompilering kan være ufuldstændig.
gmake[2]: Advarsel: Filen "CMakeFiles/ngc_interfaces__rosidl_generator_type_description.dir/progress.make" har modifikationstidspunkt 8,5 s i fremtiden
gmake[2]: advarsel: Der blev registreret en uoverensstemmelse i urets tid. Din kompilering kan være ufuldstændig.
gmake[2]: Advarsel: Filen "CMakeFiles/ament_cmake_python_build_ngc_interfaces_egg.dir/progress.make" har modifikationstidspunkt 8 s i fremtiden
gmake[2]: advarsel: Der blev registreret en uoverensstemmelse i urets tid. Din kompilering kan være ufuldstændig.
gmake[2]: Advarsel: Filen "CMakeFiles/ament_cmake_python_build_ngc_interfaces_egg.dir/progress.make" har modifikationstidspunkt 7,9 s i fremtiden
gmake[2]: advarsel: Der blev registreret en uoverensstemmelse i urets tid. Din kompilering kan være ufuldstændig.
gmake[2]: advarsel: Der blev registreret en uoverensstemmelse i urets tid. Din kompilering kan være ufuldstændig.
gmake[2]: Advarsel: Filen "CMakeFiles/ngc_interfaces__cpp.dir/progress.make" har modifikationstidspunkt 4,3 s i fremtiden
gmake[2]: Advarsel: Filen "CMakeFiles/ngc_interfaces__rosidl_generator_c.dir/progress.make" har modifikationstidspunkt 4,3 s i fremtiden
gmake[2]: advarsel: Der blev registreret en uoverensstemmelse i urets tid. Din kompilering kan være ufuldstændig.
gmake[2]: Advarsel: Filen "CMakeFiles/ngc_interfaces__cpp.dir/progress.make" har modifikationstidspunkt 4,2 s i fremtiden
gmake[2]: advarsel: Der blev registreret en uoverensstemmelse i urets tid. Din kompilering kan være ufuldstændig.
gmake[2]: advarsel: Der blev registreret en uoverensstemmelse i urets tid. Din kompilering kan være ufuldstændig.
gmake[2]: Advarsel: Filen "CMakeFiles/ngc_interfaces__rosidl_generator_c.dir/compiler_depend.make" har modifikationstidspunkt 9,2 s i fremtiden
gmake[2]: advarsel: Der blev registreret en uoverensstemmelse i urets tid. Din kompilering kan være ufuldstændig.
gmake[2]: Advarsel: Filen "CMakeFiles/ngc_interfaces__rosidl_typesupport_cpp.dir/compiler_depend.make" har modifikationstidspunkt 9 s i fremtiden
gmake[2]: Advarsel: Filen "CMakeFiles/ngc_interfaces__rosidl_typesupport_c.dir/compiler_depend.make" har modifikationstidspunkt 8,8 s i fremtiden
gmake[2]: Advarsel: Filen "CMakeFiles/ngc_interfaces__rosidl_typesupport_introspection_c.dir/compiler_depend.make" har modifikationstidspunkt 9,5 s i fremtiden
gmake[2]: Advarsel: Filen "CMakeFiles/ngc_interfaces__rosidl_typesupport_fastrtps_c.dir/compiler_depend.make" har modifikationstidspunkt 9 s i fremtiden
gmake[2]: advarsel: Der blev registreret en uoverensstemmelse i urets tid. Din kompilering kan være ufuldstændig.
gmake[2]: advarsel: Der blev registreret en uoverensstemmelse i urets tid. Din kompilering kan være ufuldstændig.
gmake[2]: Advarsel: Filen "CMakeFiles/ngc_interfaces__rosidl_typesupport_introspection_cpp.dir/compiler_depend.make" har modifikationstidspunkt 9,1 s i fremtiden
gmake[2]: Advarsel: Filen "CMakeFiles/ngc_interfaces__rosidl_typesupport_fastrtps_cpp.dir/compiler_depend.make" har modifikationstidspunkt 8,8 s i fremtiden
gmake[2]: advarsel: Der blev registreret en uoverensstemmelse i urets tid. Din kompilering kan være ufuldstændig.
gmake[2]: advarsel: Der blev registreret en uoverensstemmelse i urets tid. Din kompilering kan være ufuldstændig.
gmake[2]: advarsel: Der blev registreret en uoverensstemmelse i urets tid. Din kompilering kan være ufuldstændig.
gmake[2]: advarsel: Der blev registreret en uoverensstemmelse i urets tid. Din kompilering kan være ufuldstændig.
gmake[2]: Advarsel: Filen "CMakeFiles/ngc_interfaces__rosidl_generator_py.dir/compiler_depend.make" har modifikationstidspunkt 9 s i fremtiden
gmake[2]: advarsel: Der blev registreret en uoverensstemmelse i urets tid. Din kompilering kan være ufuldstændig.
gmake[2]: Advarsel: Filen "CMakeFiles/ngc_interfaces_s__rosidl_typesupport_c.dir/compiler_depend.make" har modifikationstidspunkt 9,3 s i fremtiden
gmake[2]: Advarsel: Filen "CMakeFiles/ngc_interfaces_s__rosidl_typesupport_introspection_c.dir/compiler_depend.make" har modifikationstidspunkt 9,3 s i fremtiden
gmake[2]: Advarsel: Filen "CMakeFiles/ngc_interfaces_s__rosidl_typesupport_fastrtps_c.dir/compiler_depend.make" har modifikationstidspunkt 9,3 s i fremtiden
gmake[2]: advarsel: Der blev registreret en uoverensstemmelse i urets tid. Din kompilering kan være ufuldstændig.
gmake[2]: advarsel: Der blev registreret en uoverensstemmelse i urets tid. Din kompilering kan være ufuldstændig.
gmake[2]: advarsel: Der blev registreret en uoverensstemmelse i urets tid. Din kompilering kan være ufuldstændig.
gmake[1]: advarsel: Der blev registreret en uoverensstemmelse i urets tid. Din kompilering kan være ufuldstændig.
