[2.464s] Invoking command in '/home/alfred/shared_mac/MEPA2001_2024/src/ngc_sensor_sims': DEBUGINFOD_URLS=https://debuginfod.ubuntu.com PYTHONPATH=/home/alfred/shared_mac/MEPA2001_2024/src/build/ngc_sensor_sims/prefix_override:/usr/lib/python3/dist-packages/colcon_core/task/python/colcon_distutils_commands:/home/alfred/shared_mac/MEPA2001_2024/src/install/ngc_sensor_sims/lib/python3.12/site-packages:${PYTHONPATH} /usr/bin/python3 -W ignore:setup.py install is deprecated setup.py egg_info --egg-base ../build/ngc_sensor_sims build --build-base /home/alfred/shared_mac/MEPA2001_2024/src/build/ngc_sensor_sims/build install --record /home/alfred/shared_mac/MEPA2001_2024/src/build/ngc_sensor_sims/install.log --single-version-externally-managed install_data
[3.202s] running egg_info
[3.258s] writing ../build/ngc_sensor_sims/ngc_sensor_sims.egg-info/PKG-INFO
[3.261s] writing dependency_links to ../build/ngc_sensor_sims/ngc_sensor_sims.egg-info/dependency_links.txt
[3.263s] writing entry points to ../build/ngc_sensor_sims/ngc_sensor_sims.egg-info/entry_points.txt
[3.265s] writing requirements to ../build/ngc_sensor_sims/ngc_sensor_sims.egg-info/requires.txt
[3.268s] writing top-level names to ../build/ngc_sensor_sims/ngc_sensor_sims.egg-info/top_level.txt
[3.412s] reading manifest file '../build/ngc_sensor_sims/ngc_sensor_sims.egg-info/SOURCES.txt'
[3.422s] writing manifest file '../build/ngc_sensor_sims/ngc_sensor_sims.egg-info/SOURCES.txt'
[3.424s] running build
[3.425s] running build_py
[3.434s] running install
[3.451s] running install_lib
[3.504s] running install_data
[3.506s] running install_egg_info
[3.545s] removing '/home/alfred/shared_mac/MEPA2001_2024/src/install/ngc_sensor_sims/lib/python3.12/site-packages/ngc_sensor_sims-0.0.0-py3.12.egg-info' (and everything under it)
[3.551s] Copying ../build/ngc_sensor_sims/ngc_sensor_sims.egg-info to /home/alfred/shared_mac/MEPA2001_2024/src/install/ngc_sensor_sims/lib/python3.12/site-packages/ngc_sensor_sims-0.0.0-py3.12.egg-info
[3.580s] running install_scripts
[3.798s] Installing anemometer script to /home/alfred/shared_mac/MEPA2001_2024/src/install/ngc_sensor_sims/lib/ngc_sensor_sims
[3.801s] Installing compass script to /home/alfred/shared_mac/MEPA2001_2024/src/install/ngc_sensor_sims/lib/ngc_sensor_sims
[3.802s] Installing gnss script to /home/alfred/shared_mac/MEPA2001_2024/src/install/ngc_sensor_sims/lib/ngc_sensor_sims
[3.803s] writing list of installed files to '/home/alfred/shared_mac/MEPA2001_2024/src/build/ngc_sensor_sims/install.log'
[4.308s] Invoked command in '/home/alfred/shared_mac/MEPA2001_2024/src/ngc_sensor_sims' returned '0': DEBUGINFOD_URLS=https://debuginfod.ubuntu.com PYTHONPATH=/home/alfred/shared_mac/MEPA2001_2024/src/build/ngc_sensor_sims/prefix_override:/usr/lib/python3/dist-packages/colcon_core/task/python/colcon_distutils_commands:/home/alfred/shared_mac/MEPA2001_2024/src/install/ngc_sensor_sims/lib/python3.12/site-packages:${PYTHONPATH} /usr/bin/python3 -W ignore:setup.py install is deprecated setup.py egg_info --egg-base ../build/ngc_sensor_sims build --build-base /home/alfred/shared_mac/MEPA2001_2024/src/build/ngc_sensor_sims/build install --record /home/alfred/shared_mac/MEPA2001_2024/src/build/ngc_sensor_sims/install.log --single-version-externally-managed install_data
