[0.142s] Invoking command in '/home/alfred/shared_mac/MEPA2001_2024/src/build/ngc_interfaces': CMAKE_PREFIX_PATH=${CMAKE_PREFIX_PATH}:/home/alfred/shared_mac/MEPA2001_2024/src/install/ngc_hull_sim:/home/alfred/shared_mac/MEPA2001_2024/src/install/ngc_utils:/home/alfred/shared_mac/MEPA2001_2024/src/install/ngc_sensor_sims:/home/alfred/shared_mac/MEPA2001_2024/src/install/ngc_propulsion_sim:/home/alfred/shared_mac/MEPA2001_2024/src/install/ngc_hmi:/home/alfred/shared_mac/MEPA2001_2024/src/install/kontrolsystem:/opt/ros/jazzy DEBUGINFOD_URLS=https://debuginfod.ubuntu.com /usr/bin/cmake --build /home/alfred/shared_mac/MEPA2001_2024/src/build/ngc_interfaces -- -j4 -l4
[0.807s] [  1%] Built target ngc_interfaces__rosidl_generator_type_description
[0.817s] [  2%] Built target ngc_interfaces__cpp
[0.819s] [  2%] Built target ament_cmake_python_copy_ngc_interfaces
[0.819s] [ 26%] Built target ngc_interfaces__rosidl_generator_c
[0.823s] [ 35%] Built target ngc_interfaces__rosidl_typesupport_c
[0.832s] [ 48%] Built target ngc_interfaces__rosidl_typesupport_introspection_c
[0.833s] [ 54%] Built target ngc_interfaces__rosidl_typesupport_cpp
[0.898s] [ 64%] Built target ngc_interfaces__rosidl_typesupport_fastrtps_cpp
[1.000s] [ 73%] Built target ngc_interfaces__rosidl_typesupport_introspection_cpp
[1.015s] [ 83%] Built target ngc_interfaces__rosidl_typesupport_fastrtps_c
[1.088s] [ 83%] Built target ngc_interfaces
[1.158s] [ 84%] Built target ngc_interfaces__py
[1.239s] [ 92%] Built target ngc_interfaces__rosidl_generator_py
[1.296s] running egg_info
[1.351s] writing ngc_interfaces.egg-info/PKG-INFO
[1.355s] writing dependency_links to ngc_interfaces.egg-info/dependency_links.txt
[1.358s] writing top-level names to ngc_interfaces.egg-info/top_level.txt
[1.370s] [ 95%] Built target ngc_interfaces_s__rosidl_typesupport_fastrtps_c
[1.379s] [100%] Built target ngc_interfaces_s__rosidl_typesupport_introspection_c
[1.381s] [100%] Built target ngc_interfaces_s__rosidl_typesupport_c
[1.474s] reading manifest file 'ngc_interfaces.egg-info/SOURCES.txt'
[1.480s] writing manifest file 'ngc_interfaces.egg-info/SOURCES.txt'
[1.544s] [100%] Built target ament_cmake_python_build_ngc_interfaces_egg
[1.659s] Invoked command in '/home/alfred/shared_mac/MEPA2001_2024/src/build/ngc_interfaces' returned '0': CMAKE_PREFIX_PATH=${CMAKE_PREFIX_PATH}:/home/alfred/shared_mac/MEPA2001_2024/src/install/ngc_hull_sim:/home/alfred/shared_mac/MEPA2001_2024/src/install/ngc_utils:/home/alfred/shared_mac/MEPA2001_2024/src/install/ngc_sensor_sims:/home/alfred/shared_mac/MEPA2001_2024/src/install/ngc_propulsion_sim:/home/alfred/shared_mac/MEPA2001_2024/src/install/ngc_hmi:/home/alfred/shared_mac/MEPA2001_2024/src/install/kontrolsystem:/opt/ros/jazzy DEBUGINFOD_URLS=https://debuginfod.ubuntu.com /usr/bin/cmake --build /home/alfred/shared_mac/MEPA2001_2024/src/build/ngc_interfaces -- -j4 -l4
[2.604s] Invoking command in '/home/alfred/shared_mac/MEPA2001_2024/src/build/ngc_interfaces': CMAKE_PREFIX_PATH=${CMAKE_PREFIX_PATH}:/home/alfred/shared_mac/MEPA2001_2024/src/install/ngc_hull_sim:/home/alfred/shared_mac/MEPA2001_2024/src/install/ngc_utils:/home/alfred/shared_mac/MEPA2001_2024/src/install/ngc_sensor_sims:/home/alfred/shared_mac/MEPA2001_2024/src/install/ngc_propulsion_sim:/home/alfred/shared_mac/MEPA2001_2024/src/install/ngc_hmi:/home/alfred/shared_mac/MEPA2001_2024/src/install/kontrolsystem:/opt/ros/jazzy DEBUGINFOD_URLS=https://debuginfod.ubuntu.com /usr/bin/cmake --install /home/alfred/shared_mac/MEPA2001_2024/src/build/ngc_interfaces
[2.635s] -- Install configuration: ""
[2.636s] -- Up-to-date: /home/alfred/shared_mac/MEPA2001_2024/src/install/ngc_interfaces/share/ament_index/resource_index/rosidl_interfaces/ngc_interfaces
[2.639s] -- Up-to-date: /home/alfred/shared_mac/MEPA2001_2024/src/install/ngc_interfaces/share/ngc_interfaces/msg/Eta.json
[2.641s] -- Up-to-date: /home/alfred/shared_mac/MEPA2001_2024/src/install/ngc_interfaces/share/ngc_interfaces/msg/Nu.json
[2.642s] -- Up-to-date: /home/alfred/shared_mac/MEPA2001_2024/src/install/ngc_interfaces/share/ngc_interfaces/msg/NuDot.json
[2.653s] -- Up-to-date: /home/alfred/shared_mac/MEPA2001_2024/src/install/ngc_interfaces/share/ngc_interfaces/msg/Tau.json
[2.655s] -- Up-to-date: /home/alfred/shared_mac/MEPA2001_2024/src/install/ngc_interfaces/share/ngc_interfaces/msg/Wind.json
[2.656s] -- Up-to-date: /home/alfred/shared_mac/MEPA2001_2024/src/install/ngc_interfaces/share/ngc_interfaces/msg/ThrusterSignals.json
[2.657s] -- Up-to-date: /home/alfred/shared_mac/MEPA2001_2024/src/install/ngc_interfaces/include/ngc_interfaces/ngc_interfaces
[2.658s] -- Up-to-date: /home/alfred/shared_mac/MEPA2001_2024/src/install/ngc_interfaces/include/ngc_interfaces/ngc_interfaces/msg
[2.663s] -- Up-to-date: /home/alfred/shared_mac/MEPA2001_2024/src/install/ngc_interfaces/include/ngc_interfaces/ngc_interfaces/msg/tau.h
[2.667s] -- Up-to-date: /home/alfred/shared_mac/MEPA2001_2024/src/install/ngc_interfaces/include/ngc_interfaces/ngc_interfaces/msg/rosidl_generator_c__visibility_control.h
[2.676s] -- Up-to-date: /home/alfred/shared_mac/MEPA2001_2024/src/install/ngc_interfaces/include/ngc_interfaces/ngc_interfaces/msg/eta.h
[2.678s] -- Up-to-date: /home/alfred/shared_mac/MEPA2001_2024/src/install/ngc_interfaces/include/ngc_interfaces/ngc_interfaces/msg/detail
[2.679s] -- Up-to-date: /home/alfred/shared_mac/MEPA2001_2024/src/install/ngc_interfaces/include/ngc_interfaces/ngc_interfaces/msg/detail/nu__functions.c
[2.683s] -- Up-to-date: /home/alfred/shared_mac/MEPA2001_2024/src/install/ngc_interfaces/include/ngc_interfaces/ngc_interfaces/msg/detail/nu__type_support.h
[2.686s] -- Up-to-date: /home/alfred/shared_mac/MEPA2001_2024/src/install/ngc_interfaces/include/ngc_interfaces/ngc_interfaces/msg/detail/thruster_signals__functions.c
[2.688s] -- Up-to-date: /home/alfred/shared_mac/MEPA2001_2024/src/install/ngc_interfaces/include/ngc_interfaces/ngc_interfaces/msg/detail/tau__struct.h
[2.689s] -- Up-to-date: /home/alfred/shared_mac/MEPA2001_2024/src/install/ngc_interfaces/include/ngc_interfaces/ngc_interfaces/msg/detail/wind__description.c
[2.692s] -- Up-to-date: /home/alfred/shared_mac/MEPA2001_2024/src/install/ngc_interfaces/include/ngc_interfaces/ngc_interfaces/msg/detail/thruster_signals__type_support.h
[2.693s] -- Up-to-date: /home/alfred/shared_mac/MEPA2001_2024/src/install/ngc_interfaces/include/ngc_interfaces/ngc_interfaces/msg/detail/tau__description.c
[2.694s] -- Up-to-date: /home/alfred/shared_mac/MEPA2001_2024/src/install/ngc_interfaces/include/ngc_interfaces/ngc_interfaces/msg/detail/wind__type_support.h
[2.695s] -- Up-to-date: /home/alfred/shared_mac/MEPA2001_2024/src/install/ngc_interfaces/include/ngc_interfaces/ngc_interfaces/msg/detail/tau__functions.c
[2.699s] -- Up-to-date: /home/alfred/shared_mac/MEPA2001_2024/src/install/ngc_interfaces/include/ngc_interfaces/ngc_interfaces/msg/detail/thruster_signals__struct.h
[2.705s] -- Installing: /home/alfred/shared_mac/MEPA2001_2024/src/install/ngc_interfaces/include/ngc_interfaces/ngc_interfaces/msg/detail/eta__type_support.c
[2.717s] -- Up-to-date: /home/alfred/shared_mac/MEPA2001_2024/src/install/ngc_interfaces/include/ngc_interfaces/ngc_interfaces/msg/detail/nu_dot__functions.h
[2.722s] -- Up-to-date: /home/alfred/shared_mac/MEPA2001_2024/src/install/ngc_interfaces/include/ngc_interfaces/ngc_interfaces/msg/detail/wind__functions.c
[2.725s] -- Up-to-date: /home/alfred/shared_mac/MEPA2001_2024/src/install/ngc_interfaces/include/ngc_interfaces/ngc_interfaces/msg/detail/nu_dot__type_support.h
[2.728s] -- Up-to-date: /home/alfred/shared_mac/MEPA2001_2024/src/install/ngc_interfaces/include/ngc_interfaces/ngc_interfaces/msg/detail/nu__struct.h
[2.729s] -- Up-to-date: /home/alfred/shared_mac/MEPA2001_2024/src/install/ngc_interfaces/include/ngc_interfaces/ngc_interfaces/msg/detail/eta__functions.h
[2.730s] -- Up-to-date: /home/alfred/shared_mac/MEPA2001_2024/src/install/ngc_interfaces/include/ngc_interfaces/ngc_interfaces/msg/detail/wind__struct.h
[2.733s] -- Up-to-date: /home/alfred/shared_mac/MEPA2001_2024/src/install/ngc_interfaces/include/ngc_interfaces/ngc_interfaces/msg/detail/tau__type_support.h
[2.734s] -- Up-to-date: /home/alfred/shared_mac/MEPA2001_2024/src/install/ngc_interfaces/include/ngc_interfaces/ngc_interfaces/msg/detail/eta__struct.h
[2.736s] -- Up-to-date: /home/alfred/shared_mac/MEPA2001_2024/src/install/ngc_interfaces/include/ngc_interfaces/ngc_interfaces/msg/detail/nu_dot__struct.h
[2.737s] -- Installing: /home/alfred/shared_mac/MEPA2001_2024/src/install/ngc_interfaces/include/ngc_interfaces/ngc_interfaces/msg/detail/thruster_signals__type_support.c
[2.740s] -- Up-to-date: /home/alfred/shared_mac/MEPA2001_2024/src/install/ngc_interfaces/include/ngc_interfaces/ngc_interfaces/msg/detail/nu__functions.h
[2.741s] -- Up-to-date: /home/alfred/shared_mac/MEPA2001_2024/src/install/ngc_interfaces/include/ngc_interfaces/ngc_interfaces/msg/detail/thruster_signals__functions.h
[2.743s] -- Installing: /home/alfred/shared_mac/MEPA2001_2024/src/install/ngc_interfaces/include/ngc_interfaces/ngc_interfaces/msg/detail/nu__type_support.c
[2.752s] -- Up-to-date: /home/alfred/shared_mac/MEPA2001_2024/src/install/ngc_interfaces/include/ngc_interfaces/ngc_interfaces/msg/detail/nu_dot__description.c
[2.754s] -- Up-to-date: /home/alfred/shared_mac/MEPA2001_2024/src/install/ngc_interfaces/include/ngc_interfaces/ngc_interfaces/msg/detail/tau__functions.h
[2.755s] -- Up-to-date: /home/alfred/shared_mac/MEPA2001_2024/src/install/ngc_interfaces/include/ngc_interfaces/ngc_interfaces/msg/detail/eta__description.c
[2.757s] -- Installing: /home/alfred/shared_mac/MEPA2001_2024/src/install/ngc_interfaces/include/ngc_interfaces/ngc_interfaces/msg/detail/wind__type_support.c
[2.763s] -- Up-to-date: /home/alfred/shared_mac/MEPA2001_2024/src/install/ngc_interfaces/include/ngc_interfaces/ngc_interfaces/msg/detail/nu_dot__functions.c
[2.764s] -- Up-to-date: /home/alfred/shared_mac/MEPA2001_2024/src/install/ngc_interfaces/include/ngc_interfaces/ngc_interfaces/msg/detail/thruster_signals__description.c
[2.765s] -- Up-to-date: /home/alfred/shared_mac/MEPA2001_2024/src/install/ngc_interfaces/include/ngc_interfaces/ngc_interfaces/msg/detail/nu__description.c
[2.766s] -- Up-to-date: /home/alfred/shared_mac/MEPA2001_2024/src/install/ngc_interfaces/include/ngc_interfaces/ngc_interfaces/msg/detail/eta__type_support.h
[2.768s] -- Installing: /home/alfred/shared_mac/MEPA2001_2024/src/install/ngc_interfaces/include/ngc_interfaces/ngc_interfaces/msg/detail/tau__type_support.c
[2.775s] -- Up-to-date: /home/alfred/shared_mac/MEPA2001_2024/src/install/ngc_interfaces/include/ngc_interfaces/ngc_interfaces/msg/detail/eta__functions.c
[2.777s] -- Installing: /home/alfred/shared_mac/MEPA2001_2024/src/install/ngc_interfaces/include/ngc_interfaces/ngc_interfaces/msg/detail/nu_dot__type_support.c
[2.798s] -- Up-to-date: /home/alfred/shared_mac/MEPA2001_2024/src/install/ngc_interfaces/include/ngc_interfaces/ngc_interfaces/msg/detail/wind__functions.h
[2.801s] -- Up-to-date: /home/alfred/shared_mac/MEPA2001_2024/src/install/ngc_interfaces/include/ngc_interfaces/ngc_interfaces/msg/thruster_signals.h
[2.803s] -- Up-to-date: /home/alfred/shared_mac/MEPA2001_2024/src/install/ngc_interfaces/include/ngc_interfaces/ngc_interfaces/msg/nu_dot.h
[2.805s] -- Up-to-date: /home/alfred/shared_mac/MEPA2001_2024/src/install/ngc_interfaces/include/ngc_interfaces/ngc_interfaces/msg/wind.h
[2.808s] -- Up-to-date: /home/alfred/shared_mac/MEPA2001_2024/src/install/ngc_interfaces/include/ngc_interfaces/ngc_interfaces/msg/nu.h
[2.811s] -- Up-to-date: /home/alfred/shared_mac/MEPA2001_2024/src/install/ngc_interfaces/share/ngc_interfaces/environment/library_path.sh
[2.832s] -- Up-to-date: /home/alfred/shared_mac/MEPA2001_2024/src/install/ngc_interfaces/share/ngc_interfaces/environment/library_path.dsv
[2.833s] -- Up-to-date: /home/alfred/shared_mac/MEPA2001_2024/src/install/ngc_interfaces/lib/libngc_interfaces__rosidl_generator_c.so
[2.857s] -- Up-to-date: /home/alfred/shared_mac/MEPA2001_2024/src/install/ngc_interfaces/include/ngc_interfaces/ngc_interfaces
[2.861s] -- Up-to-date: /home/alfred/shared_mac/MEPA2001_2024/src/install/ngc_interfaces/include/ngc_interfaces/ngc_interfaces/msg
[2.863s] -- Up-to-date: /home/alfred/shared_mac/MEPA2001_2024/src/install/ngc_interfaces/include/ngc_interfaces/ngc_interfaces/msg/detail
[2.866s] -- Up-to-date: /home/alfred/shared_mac/MEPA2001_2024/src/install/ngc_interfaces/include/ngc_interfaces/ngc_interfaces/msg/detail/tau__rosidl_typesupport_fastrtps_c.h
[2.867s] -- Up-to-date: /home/alfred/shared_mac/MEPA2001_2024/src/install/ngc_interfaces/include/ngc_interfaces/ngc_interfaces/msg/detail/nu__rosidl_typesupport_fastrtps_c.h
[2.869s] -- Up-to-date: /home/alfred/shared_mac/MEPA2001_2024/src/install/ngc_interfaces/include/ngc_interfaces/ngc_interfaces/msg/detail/wind__rosidl_typesupport_fastrtps_c.h
[2.871s] -- Up-to-date: /home/alfred/shared_mac/MEPA2001_2024/src/install/ngc_interfaces/include/ngc_interfaces/ngc_interfaces/msg/detail/thruster_signals__rosidl_typesupport_fastrtps_c.h
[2.873s] -- Up-to-date: /home/alfred/shared_mac/MEPA2001_2024/src/install/ngc_interfaces/include/ngc_interfaces/ngc_interfaces/msg/detail/eta__rosidl_typesupport_fastrtps_c.h
[2.874s] -- Up-to-date: /home/alfred/shared_mac/MEPA2001_2024/src/install/ngc_interfaces/include/ngc_interfaces/ngc_interfaces/msg/detail/nu_dot__rosidl_typesupport_fastrtps_c.h
[2.876s] -- Up-to-date: /home/alfred/shared_mac/MEPA2001_2024/src/install/ngc_interfaces/include/ngc_interfaces/ngc_interfaces/msg/rosidl_typesupport_fastrtps_c__visibility_control.h
[2.890s] -- Up-to-date: /home/alfred/shared_mac/MEPA2001_2024/src/install/ngc_interfaces/lib/libngc_interfaces__rosidl_typesupport_fastrtps_c.so
[2.902s] -- Up-to-date: /home/alfred/shared_mac/MEPA2001_2024/src/install/ngc_interfaces/include/ngc_interfaces/ngc_interfaces
[2.913s] -- Up-to-date: /home/alfred/shared_mac/MEPA2001_2024/src/install/ngc_interfaces/include/ngc_interfaces/ngc_interfaces/msg
[2.918s] -- Up-to-date: /home/alfred/shared_mac/MEPA2001_2024/src/install/ngc_interfaces/include/ngc_interfaces/ngc_interfaces/msg/detail
[2.921s] -- Up-to-date: /home/alfred/shared_mac/MEPA2001_2024/src/install/ngc_interfaces/include/ngc_interfaces/ngc_interfaces/msg/detail/eta__rosidl_typesupport_introspection_c.h
[2.922s] -- Up-to-date: /home/alfred/shared_mac/MEPA2001_2024/src/install/ngc_interfaces/include/ngc_interfaces/ngc_interfaces/msg/detail/nu__rosidl_typesupport_introspection_c.h
[2.923s] -- Up-to-date: /home/alfred/shared_mac/MEPA2001_2024/src/install/ngc_interfaces/include/ngc_interfaces/ngc_interfaces/msg/detail/wind__rosidl_typesupport_introspection_c.h
[2.925s] -- Installing: /home/alfred/shared_mac/MEPA2001_2024/src/install/ngc_interfaces/include/ngc_interfaces/ngc_interfaces/msg/detail/eta__type_support.c
[2.930s] -- Up-to-date: /home/alfred/shared_mac/MEPA2001_2024/src/install/ngc_interfaces/include/ngc_interfaces/ngc_interfaces/msg/detail/tau__rosidl_typesupport_introspection_c.h
[2.933s] -- Installing: /home/alfred/shared_mac/MEPA2001_2024/src/install/ngc_interfaces/include/ngc_interfaces/ngc_interfaces/msg/detail/thruster_signals__type_support.c
[2.937s] -- Installing: /home/alfred/shared_mac/MEPA2001_2024/src/install/ngc_interfaces/include/ngc_interfaces/ngc_interfaces/msg/detail/nu__type_support.c
[2.946s] -- Installing: /home/alfred/shared_mac/MEPA2001_2024/src/install/ngc_interfaces/include/ngc_interfaces/ngc_interfaces/msg/detail/wind__type_support.c
[2.954s] -- Up-to-date: /home/alfred/shared_mac/MEPA2001_2024/src/install/ngc_interfaces/include/ngc_interfaces/ngc_interfaces/msg/detail/thruster_signals__rosidl_typesupport_introspection_c.h
[2.956s] -- Installing: /home/alfred/shared_mac/MEPA2001_2024/src/install/ngc_interfaces/include/ngc_interfaces/ngc_interfaces/msg/detail/tau__type_support.c
[2.962s] -- Up-to-date: /home/alfred/shared_mac/MEPA2001_2024/src/install/ngc_interfaces/include/ngc_interfaces/ngc_interfaces/msg/detail/nu_dot__rosidl_typesupport_introspection_c.h
[2.964s] -- Installing: /home/alfred/shared_mac/MEPA2001_2024/src/install/ngc_interfaces/include/ngc_interfaces/ngc_interfaces/msg/detail/nu_dot__type_support.c
[2.969s] -- Up-to-date: /home/alfred/shared_mac/MEPA2001_2024/src/install/ngc_interfaces/include/ngc_interfaces/ngc_interfaces/msg/rosidl_typesupport_introspection_c__visibility_control.h
[2.975s] -- Up-to-date: /home/alfred/shared_mac/MEPA2001_2024/src/install/ngc_interfaces/lib/libngc_interfaces__rosidl_typesupport_introspection_c.so
[3.000s] -- Up-to-date: /home/alfred/shared_mac/MEPA2001_2024/src/install/ngc_interfaces/lib/libngc_interfaces__rosidl_typesupport_c.so
[3.015s] -- Up-to-date: /home/alfred/shared_mac/MEPA2001_2024/src/install/ngc_interfaces/include/ngc_interfaces/ngc_interfaces
[3.017s] -- Up-to-date: /home/alfred/shared_mac/MEPA2001_2024/src/install/ngc_interfaces/include/ngc_interfaces/ngc_interfaces/msg
[3.019s] -- Up-to-date: /home/alfred/shared_mac/MEPA2001_2024/src/install/ngc_interfaces/include/ngc_interfaces/ngc_interfaces/msg/thruster_signals.hpp
[3.020s] -- Up-to-date: /home/alfred/shared_mac/MEPA2001_2024/src/install/ngc_interfaces/include/ngc_interfaces/ngc_interfaces/msg/nu_dot.hpp
[3.022s] -- Up-to-date: /home/alfred/shared_mac/MEPA2001_2024/src/install/ngc_interfaces/include/ngc_interfaces/ngc_interfaces/msg/wind.hpp
[3.023s] -- Up-to-date: /home/alfred/shared_mac/MEPA2001_2024/src/install/ngc_interfaces/include/ngc_interfaces/ngc_interfaces/msg/tau.hpp
[3.025s] -- Up-to-date: /home/alfred/shared_mac/MEPA2001_2024/src/install/ngc_interfaces/include/ngc_interfaces/ngc_interfaces/msg/detail
[3.028s] -- Up-to-date: /home/alfred/shared_mac/MEPA2001_2024/src/install/ngc_interfaces/include/ngc_interfaces/ngc_interfaces/msg/detail/wind__builder.hpp
[3.029s] -- Up-to-date: /home/alfred/shared_mac/MEPA2001_2024/src/install/ngc_interfaces/include/ngc_interfaces/ngc_interfaces/msg/detail/tau__type_support.hpp
[3.030s] -- Up-to-date: /home/alfred/shared_mac/MEPA2001_2024/src/install/ngc_interfaces/include/ngc_interfaces/ngc_interfaces/msg/detail/nu__type_support.hpp
[3.031s] -- Up-to-date: /home/alfred/shared_mac/MEPA2001_2024/src/install/ngc_interfaces/include/ngc_interfaces/ngc_interfaces/msg/detail/thruster_signals__traits.hpp
[3.032s] -- Up-to-date: /home/alfred/shared_mac/MEPA2001_2024/src/install/ngc_interfaces/include/ngc_interfaces/ngc_interfaces/msg/detail/nu__struct.hpp
[3.033s] -- Up-to-date: /home/alfred/shared_mac/MEPA2001_2024/src/install/ngc_interfaces/include/ngc_interfaces/ngc_interfaces/msg/detail/thruster_signals__type_support.hpp
[3.035s] -- Up-to-date: /home/alfred/shared_mac/MEPA2001_2024/src/install/ngc_interfaces/include/ngc_interfaces/ngc_interfaces/msg/detail/nu_dot__type_support.hpp
[3.037s] -- Up-to-date: /home/alfred/shared_mac/MEPA2001_2024/src/install/ngc_interfaces/include/ngc_interfaces/ngc_interfaces/msg/detail/eta__type_support.hpp
[3.038s] -- Up-to-date: /home/alfred/shared_mac/MEPA2001_2024/src/install/ngc_interfaces/include/ngc_interfaces/ngc_interfaces/msg/detail/wind__traits.hpp
[3.040s] -- Up-to-date: /home/alfred/shared_mac/MEPA2001_2024/src/install/ngc_interfaces/include/ngc_interfaces/ngc_interfaces/msg/detail/tau__builder.hpp
[3.041s] -- Up-to-date: /home/alfred/shared_mac/MEPA2001_2024/src/install/ngc_interfaces/include/ngc_interfaces/ngc_interfaces/msg/detail/eta__struct.hpp
[3.042s] -- Up-to-date: /home/alfred/shared_mac/MEPA2001_2024/src/install/ngc_interfaces/include/ngc_interfaces/ngc_interfaces/msg/detail/nu_dot__struct.hpp
[3.043s] -- Up-to-date: /home/alfred/shared_mac/MEPA2001_2024/src/install/ngc_interfaces/include/ngc_interfaces/ngc_interfaces/msg/detail/tau__traits.hpp
[3.045s] -- Up-to-date: /home/alfred/shared_mac/MEPA2001_2024/src/install/ngc_interfaces/include/ngc_interfaces/ngc_interfaces/msg/detail/thruster_signals__builder.hpp
[3.049s] -- Up-to-date: /home/alfred/shared_mac/MEPA2001_2024/src/install/ngc_interfaces/include/ngc_interfaces/ngc_interfaces/msg/detail/nu__builder.hpp
[3.051s] -- Up-to-date: /home/alfred/shared_mac/MEPA2001_2024/src/install/ngc_interfaces/include/ngc_interfaces/ngc_interfaces/msg/detail/nu__traits.hpp
[3.052s] -- Up-to-date: /home/alfred/shared_mac/MEPA2001_2024/src/install/ngc_interfaces/include/ngc_interfaces/ngc_interfaces/msg/detail/eta__builder.hpp
[3.053s] -- Up-to-date: /home/alfred/shared_mac/MEPA2001_2024/src/install/ngc_interfaces/include/ngc_interfaces/ngc_interfaces/msg/detail/thruster_signals__struct.hpp
[3.055s] -- Up-to-date: /home/alfred/shared_mac/MEPA2001_2024/src/install/ngc_interfaces/include/ngc_interfaces/ngc_interfaces/msg/detail/wind__type_support.hpp
[3.056s] -- Up-to-date: /home/alfred/shared_mac/MEPA2001_2024/src/install/ngc_interfaces/include/ngc_interfaces/ngc_interfaces/msg/detail/nu_dot__builder.hpp
[3.057s] -- Up-to-date: /home/alfred/shared_mac/MEPA2001_2024/src/install/ngc_interfaces/include/ngc_interfaces/ngc_interfaces/msg/detail/eta__traits.hpp
[3.059s] -- Up-to-date: /home/alfred/shared_mac/MEPA2001_2024/src/install/ngc_interfaces/include/ngc_interfaces/ngc_interfaces/msg/detail/nu_dot__traits.hpp
[3.061s] -- Up-to-date: /home/alfred/shared_mac/MEPA2001_2024/src/install/ngc_interfaces/include/ngc_interfaces/ngc_interfaces/msg/detail/wind__struct.hpp
[3.062s] -- Up-to-date: /home/alfred/shared_mac/MEPA2001_2024/src/install/ngc_interfaces/include/ngc_interfaces/ngc_interfaces/msg/detail/tau__struct.hpp
[3.063s] -- Up-to-date: /home/alfred/shared_mac/MEPA2001_2024/src/install/ngc_interfaces/include/ngc_interfaces/ngc_interfaces/msg/rosidl_generator_cpp__visibility_control.hpp
[3.065s] -- Up-to-date: /home/alfred/shared_mac/MEPA2001_2024/src/install/ngc_interfaces/include/ngc_interfaces/ngc_interfaces/msg/eta.hpp
[3.067s] -- Up-to-date: /home/alfred/shared_mac/MEPA2001_2024/src/install/ngc_interfaces/include/ngc_interfaces/ngc_interfaces/msg/nu.hpp
[3.069s] -- Up-to-date: /home/alfred/shared_mac/MEPA2001_2024/src/install/ngc_interfaces/include/ngc_interfaces/ngc_interfaces
[3.071s] -- Up-to-date: /home/alfred/shared_mac/MEPA2001_2024/src/install/ngc_interfaces/include/ngc_interfaces/ngc_interfaces/msg
[3.074s] -- Up-to-date: /home/alfred/shared_mac/MEPA2001_2024/src/install/ngc_interfaces/include/ngc_interfaces/ngc_interfaces/msg/rosidl_typesupport_fastrtps_cpp__visibility_control.h
[3.076s] -- Up-to-date: /home/alfred/shared_mac/MEPA2001_2024/src/install/ngc_interfaces/include/ngc_interfaces/ngc_interfaces/msg/detail
[3.078s] -- Up-to-date: /home/alfred/shared_mac/MEPA2001_2024/src/install/ngc_interfaces/include/ngc_interfaces/ngc_interfaces/msg/detail/wind__rosidl_typesupport_fastrtps_cpp.hpp
[3.083s] -- Up-to-date: /home/alfred/shared_mac/MEPA2001_2024/src/install/ngc_interfaces/include/ngc_interfaces/ngc_interfaces/msg/detail/nu__rosidl_typesupport_fastrtps_cpp.hpp
[3.085s] -- Up-to-date: /home/alfred/shared_mac/MEPA2001_2024/src/install/ngc_interfaces/include/ngc_interfaces/ngc_interfaces/msg/detail/nu_dot__rosidl_typesupport_fastrtps_cpp.hpp
[3.094s] -- Up-to-date: /home/alfred/shared_mac/MEPA2001_2024/src/install/ngc_interfaces/include/ngc_interfaces/ngc_interfaces/msg/detail/eta__rosidl_typesupport_fastrtps_cpp.hpp
[3.096s] -- Up-to-date: /home/alfred/shared_mac/MEPA2001_2024/src/install/ngc_interfaces/include/ngc_interfaces/ngc_interfaces/msg/detail/thruster_signals__rosidl_typesupport_fastrtps_cpp.hpp
[3.097s] -- Up-to-date: /home/alfred/shared_mac/MEPA2001_2024/src/install/ngc_interfaces/include/ngc_interfaces/ngc_interfaces/msg/detail/dds_fastrtps
[3.098s] -- Up-to-date: /home/alfred/shared_mac/MEPA2001_2024/src/install/ngc_interfaces/include/ngc_interfaces/ngc_interfaces/msg/detail/tau__rosidl_typesupport_fastrtps_cpp.hpp
[3.131s] -- Up-to-date: /home/alfred/shared_mac/MEPA2001_2024/src/install/ngc_interfaces/lib/libngc_interfaces__rosidl_typesupport_fastrtps_cpp.so
[3.167s] -- Up-to-date: /home/alfred/shared_mac/MEPA2001_2024/src/install/ngc_interfaces/include/ngc_interfaces/ngc_interfaces
[3.172s] -- Up-to-date: /home/alfred/shared_mac/MEPA2001_2024/src/install/ngc_interfaces/include/ngc_interfaces/ngc_interfaces/msg
[3.175s] -- Up-to-date: /home/alfred/shared_mac/MEPA2001_2024/src/install/ngc_interfaces/include/ngc_interfaces/ngc_interfaces/msg/detail
[3.178s] -- Up-to-date: /home/alfred/shared_mac/MEPA2001_2024/src/install/ngc_interfaces/include/ngc_interfaces/ngc_interfaces/msg/detail/eta__rosidl_typesupport_introspection_cpp.hpp
[3.179s] -- Up-to-date: /home/alfred/shared_mac/MEPA2001_2024/src/install/ngc_interfaces/include/ngc_interfaces/ngc_interfaces/msg/detail/thruster_signals__rosidl_typesupport_introspection_cpp.hpp
[3.181s] -- Up-to-date: /home/alfred/shared_mac/MEPA2001_2024/src/install/ngc_interfaces/include/ngc_interfaces/ngc_interfaces/msg/detail/tau__rosidl_typesupport_introspection_cpp.hpp
[3.183s] -- Up-to-date: /home/alfred/shared_mac/MEPA2001_2024/src/install/ngc_interfaces/include/ngc_interfaces/ngc_interfaces/msg/detail/wind__rosidl_typesupport_introspection_cpp.hpp
[3.185s] -- Up-to-date: /home/alfred/shared_mac/MEPA2001_2024/src/install/ngc_interfaces/include/ngc_interfaces/ngc_interfaces/msg/detail/wind__type_support.cpp
[3.186s] -- Up-to-date: /home/alfred/shared_mac/MEPA2001_2024/src/install/ngc_interfaces/include/ngc_interfaces/ngc_interfaces/msg/detail/nu__rosidl_typesupport_introspection_cpp.hpp
[3.188s] -- Up-to-date: /home/alfred/shared_mac/MEPA2001_2024/src/install/ngc_interfaces/include/ngc_interfaces/ngc_interfaces/msg/detail/nu_dot__type_support.cpp
[3.190s] -- Up-to-date: /home/alfred/shared_mac/MEPA2001_2024/src/install/ngc_interfaces/include/ngc_interfaces/ngc_interfaces/msg/detail/eta__type_support.cpp
[3.191s] -- Up-to-date: /home/alfred/shared_mac/MEPA2001_2024/src/install/ngc_interfaces/include/ngc_interfaces/ngc_interfaces/msg/detail/nu__type_support.cpp
[3.195s] -- Up-to-date: /home/alfred/shared_mac/MEPA2001_2024/src/install/ngc_interfaces/include/ngc_interfaces/ngc_interfaces/msg/detail/tau__type_support.cpp
[3.196s] -- Up-to-date: /home/alfred/shared_mac/MEPA2001_2024/src/install/ngc_interfaces/include/ngc_interfaces/ngc_interfaces/msg/detail/thruster_signals__type_support.cpp
[3.200s] -- Up-to-date: /home/alfred/shared_mac/MEPA2001_2024/src/install/ngc_interfaces/include/ngc_interfaces/ngc_interfaces/msg/detail/nu_dot__rosidl_typesupport_introspection_cpp.hpp
[3.232s] -- Up-to-date: /home/alfred/shared_mac/MEPA2001_2024/src/install/ngc_interfaces/lib/libngc_interfaces__rosidl_typesupport_introspection_cpp.so
[3.271s] -- Up-to-date: /home/alfred/shared_mac/MEPA2001_2024/src/install/ngc_interfaces/lib/libngc_interfaces__rosidl_typesupport_cpp.so
[3.312s] -- Up-to-date: /home/alfred/shared_mac/MEPA2001_2024/src/install/ngc_interfaces/share/ngc_interfaces/environment/pythonpath.sh
[3.313s] -- Up-to-date: /home/alfred/shared_mac/MEPA2001_2024/src/install/ngc_interfaces/share/ngc_interfaces/environment/pythonpath.dsv
[3.318s] -- Up-to-date: /home/alfred/shared_mac/MEPA2001_2024/src/install/ngc_interfaces/lib/python3.12/site-packages/ngc_interfaces-0.0.0-py3.12.egg-info
[3.325s] -- Installing: /home/alfred/shared_mac/MEPA2001_2024/src/install/ngc_interfaces/lib/python3.12/site-packages/ngc_interfaces-0.0.0-py3.12.egg-info/PKG-INFO
[3.335s] -- Installing: /home/alfred/shared_mac/MEPA2001_2024/src/install/ngc_interfaces/lib/python3.12/site-packages/ngc_interfaces-0.0.0-py3.12.egg-info/SOURCES.txt
[3.359s] -- Installing: /home/alfred/shared_mac/MEPA2001_2024/src/install/ngc_interfaces/lib/python3.12/site-packages/ngc_interfaces-0.0.0-py3.12.egg-info/top_level.txt
[3.365s] -- Installing: /home/alfred/shared_mac/MEPA2001_2024/src/install/ngc_interfaces/lib/python3.12/site-packages/ngc_interfaces-0.0.0-py3.12.egg-info/dependency_links.txt
[3.376s] -- Up-to-date: /home/alfred/shared_mac/MEPA2001_2024/src/install/ngc_interfaces/lib/python3.12/site-packages/ngc_interfaces
[3.379s] -- Up-to-date: /home/alfred/shared_mac/MEPA2001_2024/src/install/ngc_interfaces/lib/python3.12/site-packages/ngc_interfaces/ngc_interfaces_s__rosidl_typesupport_fastrtps_c.so
[3.381s] -- Up-to-date: /home/alfred/shared_mac/MEPA2001_2024/src/install/ngc_interfaces/lib/python3.12/site-packages/ngc_interfaces/msg
[3.393s] -- Up-to-date: /home/alfred/shared_mac/MEPA2001_2024/src/install/ngc_interfaces/lib/python3.12/site-packages/ngc_interfaces/msg/_thruster_signals_s.c
[3.395s] -- Up-to-date: /home/alfred/shared_mac/MEPA2001_2024/src/install/ngc_interfaces/lib/python3.12/site-packages/ngc_interfaces/msg/_wind_s.c
[3.399s] -- Up-to-date: /home/alfred/shared_mac/MEPA2001_2024/src/install/ngc_interfaces/lib/python3.12/site-packages/ngc_interfaces/msg/_nu_s.c
[3.404s] -- Up-to-date: /home/alfred/shared_mac/MEPA2001_2024/src/install/ngc_interfaces/lib/python3.12/site-packages/ngc_interfaces/msg/_nu_dot.py
[3.409s] -- Up-to-date: /home/alfred/shared_mac/MEPA2001_2024/src/install/ngc_interfaces/lib/python3.12/site-packages/ngc_interfaces/msg/__init__.py
[3.412s] -- Up-to-date: /home/alfred/shared_mac/MEPA2001_2024/src/install/ngc_interfaces/lib/python3.12/site-packages/ngc_interfaces/msg/_nu_dot_s.c
[3.413s] -- Up-to-date: /home/alfred/shared_mac/MEPA2001_2024/src/install/ngc_interfaces/lib/python3.12/site-packages/ngc_interfaces/msg/_eta.py
[3.415s] -- Up-to-date: /home/alfred/shared_mac/MEPA2001_2024/src/install/ngc_interfaces/lib/python3.12/site-packages/ngc_interfaces/msg/_tau.py
[3.417s] -- Up-to-date: /home/alfred/shared_mac/MEPA2001_2024/src/install/ngc_interfaces/lib/python3.12/site-packages/ngc_interfaces/msg/_eta_s.c
[3.418s] -- Up-to-date: /home/alfred/shared_mac/MEPA2001_2024/src/install/ngc_interfaces/lib/python3.12/site-packages/ngc_interfaces/msg/_wind.py
[3.420s] -- Up-to-date: /home/alfred/shared_mac/MEPA2001_2024/src/install/ngc_interfaces/lib/python3.12/site-packages/ngc_interfaces/msg/_thruster_signals.py
[3.421s] -- Up-to-date: /home/alfred/shared_mac/MEPA2001_2024/src/install/ngc_interfaces/lib/python3.12/site-packages/ngc_interfaces/msg/_tau_s.c
[3.422s] -- Up-to-date: /home/alfred/shared_mac/MEPA2001_2024/src/install/ngc_interfaces/lib/python3.12/site-packages/ngc_interfaces/msg/_nu.py
[3.425s] -- Up-to-date: /home/alfred/shared_mac/MEPA2001_2024/src/install/ngc_interfaces/lib/python3.12/site-packages/ngc_interfaces/__init__.py
[3.426s] -- Up-to-date: /home/alfred/shared_mac/MEPA2001_2024/src/install/ngc_interfaces/lib/python3.12/site-packages/ngc_interfaces/_ngc_interfaces_s.ep.rosidl_typesupport_fastrtps_c.c
[3.427s] -- Up-to-date: /home/alfred/shared_mac/MEPA2001_2024/src/install/ngc_interfaces/lib/python3.12/site-packages/ngc_interfaces/ngc_interfaces_s__rosidl_typesupport_c.so
[3.428s] -- Up-to-date: /home/alfred/shared_mac/MEPA2001_2024/src/install/ngc_interfaces/lib/python3.12/site-packages/ngc_interfaces/_ngc_interfaces_s.ep.rosidl_typesupport_introspection_c.c
[3.429s] -- Up-to-date: /home/alfred/shared_mac/MEPA2001_2024/src/install/ngc_interfaces/lib/python3.12/site-packages/ngc_interfaces/ngc_interfaces_s__rosidl_typesupport_introspection_c.so
[3.438s] -- Up-to-date: /home/alfred/shared_mac/MEPA2001_2024/src/install/ngc_interfaces/lib/python3.12/site-packages/ngc_interfaces/_ngc_interfaces_s.ep.rosidl_typesupport_c.c
[3.636s] Listing '/home/alfred/shared_mac/MEPA2001_2024/src/install/ngc_interfaces/lib/python3.12/site-packages/ngc_interfaces'...
[3.637s] Listing '/home/alfred/shared_mac/MEPA2001_2024/src/install/ngc_interfaces/lib/python3.12/site-packages/ngc_interfaces/msg'...
[3.654s] -- Up-to-date: /home/alfred/shared_mac/MEPA2001_2024/src/install/ngc_interfaces/lib/python3.12/site-packages/ngc_interfaces/ngc_interfaces_s__rosidl_typesupport_fastrtps_c.so
[3.657s] -- Up-to-date: /home/alfred/shared_mac/MEPA2001_2024/src/install/ngc_interfaces/lib/python3.12/site-packages/ngc_interfaces/ngc_interfaces_s__rosidl_typesupport_introspection_c.so
[3.678s] -- Up-to-date: /home/alfred/shared_mac/MEPA2001_2024/src/install/ngc_interfaces/lib/python3.12/site-packages/ngc_interfaces/ngc_interfaces_s__rosidl_typesupport_c.so
[3.700s] -- Up-to-date: /home/alfred/shared_mac/MEPA2001_2024/src/install/ngc_interfaces/lib/libngc_interfaces__rosidl_generator_py.so
[3.719s] -- Up-to-date: /home/alfred/shared_mac/MEPA2001_2024/src/install/ngc_interfaces/share/ngc_interfaces/msg/Eta.idl
[3.725s] -- Up-to-date: /home/alfred/shared_mac/MEPA2001_2024/src/install/ngc_interfaces/share/ngc_interfaces/msg/Nu.idl
[3.726s] -- Up-to-date: /home/alfred/shared_mac/MEPA2001_2024/src/install/ngc_interfaces/share/ngc_interfaces/msg/NuDot.idl
[3.731s] -- Up-to-date: /home/alfred/shared_mac/MEPA2001_2024/src/install/ngc_interfaces/share/ngc_interfaces/msg/Tau.idl
[3.733s] -- Up-to-date: /home/alfred/shared_mac/MEPA2001_2024/src/install/ngc_interfaces/share/ngc_interfaces/msg/Wind.idl
[3.734s] -- Up-to-date: /home/alfred/shared_mac/MEPA2001_2024/src/install/ngc_interfaces/share/ngc_interfaces/msg/ThrusterSignals.idl
[3.736s] -- Up-to-date: /home/alfred/shared_mac/MEPA2001_2024/src/install/ngc_interfaces/share/ngc_interfaces/msg/Eta.msg
[3.738s] -- Up-to-date: /home/alfred/shared_mac/MEPA2001_2024/src/install/ngc_interfaces/share/ngc_interfaces/msg/Nu.msg
[3.739s] -- Up-to-date: /home/alfred/shared_mac/MEPA2001_2024/src/install/ngc_interfaces/share/ngc_interfaces/msg/NuDot.msg
[3.739s] -- Up-to-date: /home/alfred/shared_mac/MEPA2001_2024/src/install/ngc_interfaces/share/ngc_interfaces/msg/Tau.msg
[3.742s] -- Up-to-date: /home/alfred/shared_mac/MEPA2001_2024/src/install/ngc_interfaces/share/ngc_interfaces/msg/Wind.msg
[3.745s] -- Up-to-date: /home/alfred/shared_mac/MEPA2001_2024/src/install/ngc_interfaces/share/ngc_interfaces/msg/ThrusterSignals.msg
[3.748s] -- Up-to-date: /home/alfred/shared_mac/MEPA2001_2024/src/install/ngc_interfaces/share/ament_index/resource_index/package_run_dependencies/ngc_interfaces
[3.750s] -- Up-to-date: /home/alfred/shared_mac/MEPA2001_2024/src/install/ngc_interfaces/share/ament_index/resource_index/parent_prefix_path/ngc_interfaces
[3.754s] -- Up-to-date: /home/alfred/shared_mac/MEPA2001_2024/src/install/ngc_interfaces/share/ngc_interfaces/environment/ament_prefix_path.sh
[3.758s] -- Up-to-date: /home/alfred/shared_mac/MEPA2001_2024/src/install/ngc_interfaces/share/ngc_interfaces/environment/ament_prefix_path.dsv
[3.760s] -- Up-to-date: /home/alfred/shared_mac/MEPA2001_2024/src/install/ngc_interfaces/share/ngc_interfaces/environment/path.sh
[3.763s] -- Up-to-date: /home/alfred/shared_mac/MEPA2001_2024/src/install/ngc_interfaces/share/ngc_interfaces/environment/path.dsv
[3.767s] -- Up-to-date: /home/alfred/shared_mac/MEPA2001_2024/src/install/ngc_interfaces/share/ngc_interfaces/local_setup.bash
[3.770s] -- Up-to-date: /home/alfred/shared_mac/MEPA2001_2024/src/install/ngc_interfaces/share/ngc_interfaces/local_setup.sh
[3.772s] -- Up-to-date: /home/alfred/shared_mac/MEPA2001_2024/src/install/ngc_interfaces/share/ngc_interfaces/local_setup.zsh
[3.772s] -- Up-to-date: /home/alfred/shared_mac/MEPA2001_2024/src/install/ngc_interfaces/share/ngc_interfaces/local_setup.dsv
[3.774s] -- Installing: /home/alfred/shared_mac/MEPA2001_2024/src/install/ngc_interfaces/share/ngc_interfaces/package.dsv
[3.786s] -- Up-to-date: /home/alfred/shared_mac/MEPA2001_2024/src/install/ngc_interfaces/share/ament_index/resource_index/packages/ngc_interfaces
[3.788s] -- Up-to-date: /home/alfred/shared_mac/MEPA2001_2024/src/install/ngc_interfaces/share/ngc_interfaces/cmake/export_ngc_interfaces__rosidl_generator_cExport.cmake
[3.789s] -- Up-to-date: /home/alfred/shared_mac/MEPA2001_2024/src/install/ngc_interfaces/share/ngc_interfaces/cmake/export_ngc_interfaces__rosidl_generator_cExport-noconfig.cmake
[3.795s] -- Up-to-date: /home/alfred/shared_mac/MEPA2001_2024/src/install/ngc_interfaces/share/ngc_interfaces/cmake/export_ngc_interfaces__rosidl_typesupport_fastrtps_cExport.cmake
[3.796s] -- Up-to-date: /home/alfred/shared_mac/MEPA2001_2024/src/install/ngc_interfaces/share/ngc_interfaces/cmake/export_ngc_interfaces__rosidl_typesupport_fastrtps_cExport-noconfig.cmake
[3.796s] -- Up-to-date: /home/alfred/shared_mac/MEPA2001_2024/src/install/ngc_interfaces/share/ngc_interfaces/cmake/ngc_interfaces__rosidl_typesupport_introspection_cExport.cmake
[3.797s] -- Up-to-date: /home/alfred/shared_mac/MEPA2001_2024/src/install/ngc_interfaces/share/ngc_interfaces/cmake/ngc_interfaces__rosidl_typesupport_introspection_cExport-noconfig.cmake
[3.799s] -- Up-to-date: /home/alfred/shared_mac/MEPA2001_2024/src/install/ngc_interfaces/share/ngc_interfaces/cmake/ngc_interfaces__rosidl_typesupport_cExport.cmake
[3.803s] -- Up-to-date: /home/alfred/shared_mac/MEPA2001_2024/src/install/ngc_interfaces/share/ngc_interfaces/cmake/ngc_interfaces__rosidl_typesupport_cExport-noconfig.cmake
[3.806s] -- Up-to-date: /home/alfred/shared_mac/MEPA2001_2024/src/install/ngc_interfaces/share/ngc_interfaces/cmake/export_ngc_interfaces__rosidl_generator_cppExport.cmake
[3.813s] -- Up-to-date: /home/alfred/shared_mac/MEPA2001_2024/src/install/ngc_interfaces/share/ngc_interfaces/cmake/export_ngc_interfaces__rosidl_typesupport_fastrtps_cppExport.cmake
[3.826s] -- Up-to-date: /home/alfred/shared_mac/MEPA2001_2024/src/install/ngc_interfaces/share/ngc_interfaces/cmake/export_ngc_interfaces__rosidl_typesupport_fastrtps_cppExport-noconfig.cmake
[3.829s] -- Up-to-date: /home/alfred/shared_mac/MEPA2001_2024/src/install/ngc_interfaces/share/ngc_interfaces/cmake/ngc_interfaces__rosidl_typesupport_introspection_cppExport.cmake
[3.832s] -- Up-to-date: /home/alfred/shared_mac/MEPA2001_2024/src/install/ngc_interfaces/share/ngc_interfaces/cmake/ngc_interfaces__rosidl_typesupport_introspection_cppExport-noconfig.cmake
[3.834s] -- Up-to-date: /home/alfred/shared_mac/MEPA2001_2024/src/install/ngc_interfaces/share/ngc_interfaces/cmake/ngc_interfaces__rosidl_typesupport_cppExport.cmake
[3.835s] -- Up-to-date: /home/alfred/shared_mac/MEPA2001_2024/src/install/ngc_interfaces/share/ngc_interfaces/cmake/ngc_interfaces__rosidl_typesupport_cppExport-noconfig.cmake
[3.837s] -- Up-to-date: /home/alfred/shared_mac/MEPA2001_2024/src/install/ngc_interfaces/share/ngc_interfaces/cmake/export_ngc_interfaces__rosidl_generator_pyExport.cmake
[3.841s] -- Up-to-date: /home/alfred/shared_mac/MEPA2001_2024/src/install/ngc_interfaces/share/ngc_interfaces/cmake/export_ngc_interfaces__rosidl_generator_pyExport-noconfig.cmake
[3.842s] -- Up-to-date: /home/alfred/shared_mac/MEPA2001_2024/src/install/ngc_interfaces/share/ngc_interfaces/cmake/rosidl_cmake-extras.cmake
[3.844s] -- Up-to-date: /home/alfred/shared_mac/MEPA2001_2024/src/install/ngc_interfaces/share/ngc_interfaces/cmake/ament_cmake_export_include_directories-extras.cmake
[3.847s] -- Up-to-date: /home/alfred/shared_mac/MEPA2001_2024/src/install/ngc_interfaces/share/ngc_interfaces/cmake/ament_cmake_export_libraries-extras.cmake
[3.861s] -- Up-to-date: /home/alfred/shared_mac/MEPA2001_2024/src/install/ngc_interfaces/share/ngc_interfaces/cmake/ament_cmake_export_targets-extras.cmake
[3.862s] -- Up-to-date: /home/alfred/shared_mac/MEPA2001_2024/src/install/ngc_interfaces/share/ngc_interfaces/cmake/rosidl_cmake_export_typesupport_targets-extras.cmake
[3.866s] -- Up-to-date: /home/alfred/shared_mac/MEPA2001_2024/src/install/ngc_interfaces/share/ngc_interfaces/cmake/ament_cmake_export_dependencies-extras.cmake
[3.867s] -- Up-to-date: /home/alfred/shared_mac/MEPA2001_2024/src/install/ngc_interfaces/share/ngc_interfaces/cmake/rosidl_cmake_export_typesupport_libraries-extras.cmake
[3.868s] -- Up-to-date: /home/alfred/shared_mac/MEPA2001_2024/src/install/ngc_interfaces/share/ngc_interfaces/cmake/ngc_interfacesConfig.cmake
[3.872s] -- Up-to-date: /home/alfred/shared_mac/MEPA2001_2024/src/install/ngc_interfaces/share/ngc_interfaces/cmake/ngc_interfacesConfig-version.cmake
[3.873s] -- Up-to-date: /home/alfred/shared_mac/MEPA2001_2024/src/install/ngc_interfaces/share/ngc_interfaces/package.xml
[3.889s] Invoked command in '/home/alfred/shared_mac/MEPA2001_2024/src/build/ngc_interfaces' returned '0': CMAKE_PREFIX_PATH=${CMAKE_PREFIX_PATH}:/home/alfred/shared_mac/MEPA2001_2024/src/install/ngc_hull_sim:/home/alfred/shared_mac/MEPA2001_2024/src/install/ngc_utils:/home/alfred/shared_mac/MEPA2001_2024/src/install/ngc_sensor_sims:/home/alfred/shared_mac/MEPA2001_2024/src/install/ngc_propulsion_sim:/home/alfred/shared_mac/MEPA2001_2024/src/install/ngc_hmi:/home/alfred/shared_mac/MEPA2001_2024/src/install/kontrolsystem:/opt/ros/jazzy DEBUGINFOD_URLS=https://debuginfod.ubuntu.com /usr/bin/cmake --install /home/alfred/shared_mac/MEPA2001_2024/src/build/ngc_interfaces
