[2.628s] Invoking command in '/home/alfred/shared_mac/MEPA2001_2024/src/ngc_utils': DEBUGINFOD_URLS=https://debuginfod.ubuntu.com PYTHONPATH=/home/alfred/shared_mac/MEPA2001_2024/src/build/ngc_utils/prefix_override:/usr/lib/python3/dist-packages/colcon_core/task/python/colcon_distutils_commands:/home/alfred/shared_mac/MEPA2001_2024/src/install/ngc_utils/lib/python3.12/site-packages:${PYTHONPATH} /usr/bin/python3 -W ignore:setup.py install is deprecated setup.py egg_info --egg-base ../build/ngc_utils build --build-base /home/alfred/shared_mac/MEPA2001_2024/src/build/ngc_utils/build install --record /home/alfred/shared_mac/MEPA2001_2024/src/build/ngc_utils/install.log --single-version-externally-managed install_data
[3.509s] running egg_info
[3.511s] creating ../build/ngc_utils/ngc_utils.egg-info
[3.554s] writing ../build/ngc_utils/ngc_utils.egg-info/PKG-INFO
[3.555s] writing dependency_links to ../build/ngc_utils/ngc_utils.egg-info/dependency_links.txt
[3.556s] writing requirements to ../build/ngc_utils/ngc_utils.egg-info/requires.txt
[3.557s] writing top-level names to ../build/ngc_utils/ngc_utils.egg-info/top_level.txt
[3.558s] writing manifest file '../build/ngc_utils/ngc_utils.egg-info/SOURCES.txt'
[3.639s] reading manifest file '../build/ngc_utils/ngc_utils.egg-info/SOURCES.txt'
[3.642s] writing manifest file '../build/ngc_utils/ngc_utils.egg-info/SOURCES.txt'
[3.643s] running build
[3.644s] running build_py
[3.645s] creating /home/alfred/shared_mac/MEPA2001_2024/src/build/ngc_utils/build
[3.646s] creating /home/alfred/shared_mac/MEPA2001_2024/src/build/ngc_utils/build/lib
[3.647s] creating /home/alfred/shared_mac/MEPA2001_2024/src/build/ngc_utils/build/lib/ngc_utils
[3.648s] copying ngc_utils/math_utils.py -> /home/alfred/shared_mac/MEPA2001_2024/src/build/ngc_utils/build/lib/ngc_utils
[3.650s] copying ngc_utils/geo_utils.py -> /home/alfred/shared_mac/MEPA2001_2024/src/build/ngc_utils/build/lib/ngc_utils
[3.653s] copying ngc_utils/__init__.py -> /home/alfred/shared_mac/MEPA2001_2024/src/build/ngc_utils/build/lib/ngc_utils
[3.654s] copying ngc_utils/thruster_objects_loader.py -> /home/alfred/shared_mac/MEPA2001_2024/src/build/ngc_utils/build/lib/ngc_utils
[3.657s] copying ngc_utils/propulsion_model.py -> /home/alfred/shared_mac/MEPA2001_2024/src/build/ngc_utils/build/lib/ngc_utils
[3.661s] copying ngc_utils/qos_profiles.py -> /home/alfred/shared_mac/MEPA2001_2024/src/build/ngc_utils/build/lib/ngc_utils
[3.664s] copying ngc_utils/vessel_model.py -> /home/alfred/shared_mac/MEPA2001_2024/src/build/ngc_utils/build/lib/ngc_utils
[3.668s] copying ngc_utils/nmea_utils.py -> /home/alfred/shared_mac/MEPA2001_2024/src/build/ngc_utils/build/lib/ngc_utils
[3.672s] creating /home/alfred/shared_mac/MEPA2001_2024/src/build/ngc_utils/build/lib/ngc_utils/thruster_models
[3.673s] copying ngc_utils/thruster_models/propeller_base.py -> /home/alfred/shared_mac/MEPA2001_2024/src/build/ngc_utils/build/lib/ngc_utils/thruster_models
[3.676s] copying ngc_utils/thruster_models/azimuth_thruster.py -> /home/alfred/shared_mac/MEPA2001_2024/src/build/ngc_utils/build/lib/ngc_utils/thruster_models
[3.682s] copying ngc_utils/thruster_models/__init__.py -> /home/alfred/shared_mac/MEPA2001_2024/src/build/ngc_utils/build/lib/ngc_utils/thruster_models
[3.685s] copying ngc_utils/thruster_models/propeller_rudder_unit.py -> /home/alfred/shared_mac/MEPA2001_2024/src/build/ngc_utils/build/lib/ngc_utils/thruster_models
[3.686s] copying ngc_utils/thruster_models/tunnel_thruster.py -> /home/alfred/shared_mac/MEPA2001_2024/src/build/ngc_utils/build/lib/ngc_utils/thruster_models
[3.689s] copying ngc_utils/thruster_models/thrusters_base.py -> /home/alfred/shared_mac/MEPA2001_2024/src/build/ngc_utils/build/lib/ngc_utils/thruster_models
[3.694s] copying ngc_utils/thruster_models/fixed_pitch_propeller.py -> /home/alfred/shared_mac/MEPA2001_2024/src/build/ngc_utils/build/lib/ngc_utils/thruster_models
[3.697s] copying ngc_utils/thruster_models/controllable_pitch_propeller.py -> /home/alfred/shared_mac/MEPA2001_2024/src/build/ngc_utils/build/lib/ngc_utils/thruster_models
[3.702s] running install
[3.719s] running install_lib
[3.756s] creating /home/alfred/shared_mac/MEPA2001_2024/src/install/ngc_utils/lib/python3.12/site-packages/ngc_utils
[3.757s] copying /home/alfred/shared_mac/MEPA2001_2024/src/build/ngc_utils/build/lib/ngc_utils/math_utils.py -> /home/alfred/shared_mac/MEPA2001_2024/src/install/ngc_utils/lib/python3.12/site-packages/ngc_utils
[3.761s] copying /home/alfred/shared_mac/MEPA2001_2024/src/build/ngc_utils/build/lib/ngc_utils/geo_utils.py -> /home/alfred/shared_mac/MEPA2001_2024/src/install/ngc_utils/lib/python3.12/site-packages/ngc_utils
[3.764s] copying /home/alfred/shared_mac/MEPA2001_2024/src/build/ngc_utils/build/lib/ngc_utils/__init__.py -> /home/alfred/shared_mac/MEPA2001_2024/src/install/ngc_utils/lib/python3.12/site-packages/ngc_utils
[3.766s] copying /home/alfred/shared_mac/MEPA2001_2024/src/build/ngc_utils/build/lib/ngc_utils/thruster_objects_loader.py -> /home/alfred/shared_mac/MEPA2001_2024/src/install/ngc_utils/lib/python3.12/site-packages/ngc_utils
[3.770s] copying /home/alfred/shared_mac/MEPA2001_2024/src/build/ngc_utils/build/lib/ngc_utils/propulsion_model.py -> /home/alfred/shared_mac/MEPA2001_2024/src/install/ngc_utils/lib/python3.12/site-packages/ngc_utils
[3.773s] copying /home/alfred/shared_mac/MEPA2001_2024/src/build/ngc_utils/build/lib/ngc_utils/qos_profiles.py -> /home/alfred/shared_mac/MEPA2001_2024/src/install/ngc_utils/lib/python3.12/site-packages/ngc_utils
[3.776s] copying /home/alfred/shared_mac/MEPA2001_2024/src/build/ngc_utils/build/lib/ngc_utils/vessel_model.py -> /home/alfred/shared_mac/MEPA2001_2024/src/install/ngc_utils/lib/python3.12/site-packages/ngc_utils
[3.784s] copying /home/alfred/shared_mac/MEPA2001_2024/src/build/ngc_utils/build/lib/ngc_utils/nmea_utils.py -> /home/alfred/shared_mac/MEPA2001_2024/src/install/ngc_utils/lib/python3.12/site-packages/ngc_utils
[3.787s] creating /home/alfred/shared_mac/MEPA2001_2024/src/install/ngc_utils/lib/python3.12/site-packages/ngc_utils/thruster_models
[3.790s] copying /home/alfred/shared_mac/MEPA2001_2024/src/build/ngc_utils/build/lib/ngc_utils/thruster_models/propeller_base.py -> /home/alfred/shared_mac/MEPA2001_2024/src/install/ngc_utils/lib/python3.12/site-packages/ngc_utils/thruster_models
[3.796s] copying /home/alfred/shared_mac/MEPA2001_2024/src/build/ngc_utils/build/lib/ngc_utils/thruster_models/azimuth_thruster.py -> /home/alfred/shared_mac/MEPA2001_2024/src/install/ngc_utils/lib/python3.12/site-packages/ngc_utils/thruster_models
[3.801s] copying /home/alfred/shared_mac/MEPA2001_2024/src/build/ngc_utils/build/lib/ngc_utils/thruster_models/__init__.py -> /home/alfred/shared_mac/MEPA2001_2024/src/install/ngc_utils/lib/python3.12/site-packages/ngc_utils/thruster_models
[3.805s] copying /home/alfred/shared_mac/MEPA2001_2024/src/build/ngc_utils/build/lib/ngc_utils/thruster_models/propeller_rudder_unit.py -> /home/alfred/shared_mac/MEPA2001_2024/src/install/ngc_utils/lib/python3.12/site-packages/ngc_utils/thruster_models
[3.811s] copying /home/alfred/shared_mac/MEPA2001_2024/src/build/ngc_utils/build/lib/ngc_utils/thruster_models/tunnel_thruster.py -> /home/alfred/shared_mac/MEPA2001_2024/src/install/ngc_utils/lib/python3.12/site-packages/ngc_utils/thruster_models
[3.815s] copying /home/alfred/shared_mac/MEPA2001_2024/src/build/ngc_utils/build/lib/ngc_utils/thruster_models/thrusters_base.py -> /home/alfred/shared_mac/MEPA2001_2024/src/install/ngc_utils/lib/python3.12/site-packages/ngc_utils/thruster_models
[3.819s] copying /home/alfred/shared_mac/MEPA2001_2024/src/build/ngc_utils/build/lib/ngc_utils/thruster_models/fixed_pitch_propeller.py -> /home/alfred/shared_mac/MEPA2001_2024/src/install/ngc_utils/lib/python3.12/site-packages/ngc_utils/thruster_models
[3.824s] copying /home/alfred/shared_mac/MEPA2001_2024/src/build/ngc_utils/build/lib/ngc_utils/thruster_models/controllable_pitch_propeller.py -> /home/alfred/shared_mac/MEPA2001_2024/src/install/ngc_utils/lib/python3.12/site-packages/ngc_utils/thruster_models
[3.831s] byte-compiling /home/alfred/shared_mac/MEPA2001_2024/src/install/ngc_utils/lib/python3.12/site-packages/ngc_utils/math_utils.py to math_utils.cpython-312.pyc
[3.836s] byte-compiling /home/alfred/shared_mac/MEPA2001_2024/src/install/ngc_utils/lib/python3.12/site-packages/ngc_utils/geo_utils.py to geo_utils.cpython-312.pyc
[3.847s] byte-compiling /home/alfred/shared_mac/MEPA2001_2024/src/install/ngc_utils/lib/python3.12/site-packages/ngc_utils/__init__.py to __init__.cpython-312.pyc
[3.852s] byte-compiling /home/alfred/shared_mac/MEPA2001_2024/src/install/ngc_utils/lib/python3.12/site-packages/ngc_utils/thruster_objects_loader.py to thruster_objects_loader.cpython-312.pyc
[3.855s] byte-compiling /home/alfred/shared_mac/MEPA2001_2024/src/install/ngc_utils/lib/python3.12/site-packages/ngc_utils/propulsion_model.py to propulsion_model.cpython-312.pyc
[3.859s] byte-compiling /home/alfred/shared_mac/MEPA2001_2024/src/install/ngc_utils/lib/python3.12/site-packages/ngc_utils/qos_profiles.py to qos_profiles.cpython-312.pyc
[3.863s] byte-compiling /home/alfred/shared_mac/MEPA2001_2024/src/install/ngc_utils/lib/python3.12/site-packages/ngc_utils/vessel_model.py to vessel_model.cpython-312.pyc
[3.870s] byte-compiling /home/alfred/shared_mac/MEPA2001_2024/src/install/ngc_utils/lib/python3.12/site-packages/ngc_utils/nmea_utils.py to nmea_utils.cpython-312.pyc
[3.875s] byte-compiling /home/alfred/shared_mac/MEPA2001_2024/src/install/ngc_utils/lib/python3.12/site-packages/ngc_utils/thruster_models/propeller_base.py to propeller_base.cpython-312.pyc
[3.879s] byte-compiling /home/alfred/shared_mac/MEPA2001_2024/src/install/ngc_utils/lib/python3.12/site-packages/ngc_utils/thruster_models/azimuth_thruster.py to azimuth_thruster.cpython-312.pyc
[3.883s] byte-compiling /home/alfred/shared_mac/MEPA2001_2024/src/install/ngc_utils/lib/python3.12/site-packages/ngc_utils/thruster_models/__init__.py to __init__.cpython-312.pyc
[3.887s] byte-compiling /home/alfred/shared_mac/MEPA2001_2024/src/install/ngc_utils/lib/python3.12/site-packages/ngc_utils/thruster_models/propeller_rudder_unit.py to propeller_rudder_unit.cpython-312.pyc
[3.892s] byte-compiling /home/alfred/shared_mac/MEPA2001_2024/src/install/ngc_utils/lib/python3.12/site-packages/ngc_utils/thruster_models/tunnel_thruster.py to tunnel_thruster.cpython-312.pyc
[3.898s] byte-compiling /home/alfred/shared_mac/MEPA2001_2024/src/install/ngc_utils/lib/python3.12/site-packages/ngc_utils/thruster_models/thrusters_base.py to thrusters_base.cpython-312.pyc
[3.902s] byte-compiling /home/alfred/shared_mac/MEPA2001_2024/src/install/ngc_utils/lib/python3.12/site-packages/ngc_utils/thruster_models/fixed_pitch_propeller.py to fixed_pitch_propeller.cpython-312.pyc
[3.906s] byte-compiling /home/alfred/shared_mac/MEPA2001_2024/src/install/ngc_utils/lib/python3.12/site-packages/ngc_utils/thruster_models/controllable_pitch_propeller.py to controllable_pitch_propeller.cpython-312.pyc
[3.911s] running install_data
[3.912s] creating /home/alfred/shared_mac/MEPA2001_2024/src/install/ngc_utils/share/ament_index
[3.913s] creating /home/alfred/shared_mac/MEPA2001_2024/src/install/ngc_utils/share/ament_index/resource_index
[3.915s] creating /home/alfred/shared_mac/MEPA2001_2024/src/install/ngc_utils/share/ament_index/resource_index/packages
[3.916s] copying resource/ngc_utils -> /home/alfred/shared_mac/MEPA2001_2024/src/install/ngc_utils/share/ament_index/resource_index/packages
[3.919s] copying package.xml -> /home/alfred/shared_mac/MEPA2001_2024/src/install/ngc_utils/share/ngc_utils
[3.924s] running install_egg_info
[3.964s] Copying ../build/ngc_utils/ngc_utils.egg-info to /home/alfred/shared_mac/MEPA2001_2024/src/install/ngc_utils/lib/python3.12/site-packages/ngc_utils-0.0.0-py3.12.egg-info
[4.002s] running install_scripts
[4.255s] writing list of installed files to '/home/alfred/shared_mac/MEPA2001_2024/src/build/ngc_utils/install.log'
[4.336s] Invoked command in '/home/alfred/shared_mac/MEPA2001_2024/src/ngc_utils' returned '0': DEBUGINFOD_URLS=https://debuginfod.ubuntu.com PYTHONPATH=/home/alfred/shared_mac/MEPA2001_2024/src/build/ngc_utils/prefix_override:/usr/lib/python3/dist-packages/colcon_core/task/python/colcon_distutils_commands:/home/alfred/shared_mac/MEPA2001_2024/src/install/ngc_utils/lib/python3.12/site-packages:${PYTHONPATH} /usr/bin/python3 -W ignore:setup.py install is deprecated setup.py egg_info --egg-base ../build/ngc_utils build --build-base /home/alfred/shared_mac/MEPA2001_2024/src/build/ngc_utils/build install --record /home/alfred/shared_mac/MEPA2001_2024/src/build/ngc_utils/install.log --single-version-externally-managed install_data
