/home/alfred/shared_mac/Mekatronikk3/src/install/ngc_utils/lib/python3.12/site-packages/ngc_utils/math_utils.py
/home/alfred/shared_mac/Mekatronikk3/src/install/ngc_utils/lib/python3.12/site-packages/ngc_utils/geo_utils.py
/home/alfred/shared_mac/Mekatronikk3/src/install/ngc_utils/lib/python3.12/site-packages/ngc_utils/__init__.py
/home/alfred/shared_mac/Mekatronikk3/src/install/ngc_utils/lib/python3.12/site-packages/ngc_utils/thruster_objects_loader.py
/home/alfred/shared_mac/Mekatronikk3/src/install/ngc_utils/lib/python3.12/site-packages/ngc_utils/propulsion_model.py
/home/alfred/shared_mac/Mekatronikk3/src/install/ngc_utils/lib/python3.12/site-packages/ngc_utils/qos_profiles.py
/home/alfred/shared_mac/Mekatronikk3/src/install/ngc_utils/lib/python3.12/site-packages/ngc_utils/vessel_model.py
/home/alfred/shared_mac/Mekatronikk3/src/install/ngc_utils/lib/python3.12/site-packages/ngc_utils/nmea_utils.py
/home/alfred/shared_mac/Mekatronikk3/src/install/ngc_utils/lib/python3.12/site-packages/ngc_utils/thruster_models/propeller_base.py
/home/alfred/shared_mac/Mekatronikk3/src/install/ngc_utils/lib/python3.12/site-packages/ngc_utils/thruster_models/azimuth_thruster.py
/home/alfred/shared_mac/Mekatronikk3/src/install/ngc_utils/lib/python3.12/site-packages/ngc_utils/thruster_models/__init__.py
/home/alfred/shared_mac/Mekatronikk3/src/install/ngc_utils/lib/python3.12/site-packages/ngc_utils/thruster_models/propeller_rudder_unit.py
/home/alfred/shared_mac/Mekatronikk3/src/install/ngc_utils/lib/python3.12/site-packages/ngc_utils/thruster_models/tunnel_thruster.py
/home/alfred/shared_mac/Mekatronikk3/src/install/ngc_utils/lib/python3.12/site-packages/ngc_utils/thruster_models/thrusters_base.py
/home/alfred/shared_mac/Mekatronikk3/src/install/ngc_utils/lib/python3.12/site-packages/ngc_utils/thruster_models/fixed_pitch_propeller.py
/home/alfred/shared_mac/Mekatronikk3/src/install/ngc_utils/lib/python3.12/site-packages/ngc_utils/thruster_models/controllable_pitch_propeller.py
/home/alfred/shared_mac/Mekatronikk3/src/install/ngc_utils/lib/python3.12/site-packages/ngc_utils/__pycache__/math_utils.cpython-312.pyc
/home/alfred/shared_mac/Mekatronikk3/src/install/ngc_utils/lib/python3.12/site-packages/ngc_utils/__pycache__/geo_utils.cpython-312.pyc
/home/alfred/shared_mac/Mekatronikk3/src/install/ngc_utils/lib/python3.12/site-packages/ngc_utils/__pycache__/__init__.cpython-312.pyc
/home/alfred/shared_mac/Mekatronikk3/src/install/ngc_utils/lib/python3.12/site-packages/ngc_utils/__pycache__/thruster_objects_loader.cpython-312.pyc
/home/alfred/shared_mac/Mekatronikk3/src/install/ngc_utils/lib/python3.12/site-packages/ngc_utils/__pycache__/propulsion_model.cpython-312.pyc
/home/alfred/shared_mac/Mekatronikk3/src/install/ngc_utils/lib/python3.12/site-packages/ngc_utils/__pycache__/qos_profiles.cpython-312.pyc
/home/alfred/shared_mac/Mekatronikk3/src/install/ngc_utils/lib/python3.12/site-packages/ngc_utils/__pycache__/vessel_model.cpython-312.pyc
/home/alfred/shared_mac/Mekatronikk3/src/install/ngc_utils/lib/python3.12/site-packages/ngc_utils/__pycache__/nmea_utils.cpython-312.pyc
/home/alfred/shared_mac/Mekatronikk3/src/install/ngc_utils/lib/python3.12/site-packages/ngc_utils/thruster_models/__pycache__/propeller_base.cpython-312.pyc
/home/alfred/shared_mac/Mekatronikk3/src/install/ngc_utils/lib/python3.12/site-packages/ngc_utils/thruster_models/__pycache__/azimuth_thruster.cpython-312.pyc
/home/alfred/shared_mac/Mekatronikk3/src/install/ngc_utils/lib/python3.12/site-packages/ngc_utils/thruster_models/__pycache__/__init__.cpython-312.pyc
/home/alfred/shared_mac/Mekatronikk3/src/install/ngc_utils/lib/python3.12/site-packages/ngc_utils/thruster_models/__pycache__/propeller_rudder_unit.cpython-312.pyc
/home/alfred/shared_mac/Mekatronikk3/src/install/ngc_utils/lib/python3.12/site-packages/ngc_utils/thruster_models/__pycache__/tunnel_thruster.cpython-312.pyc
/home/alfred/shared_mac/Mekatronikk3/src/install/ngc_utils/lib/python3.12/site-packages/ngc_utils/thruster_models/__pycache__/thrusters_base.cpython-312.pyc
/home/alfred/shared_mac/Mekatronikk3/src/install/ngc_utils/lib/python3.12/site-packages/ngc_utils/thruster_models/__pycache__/fixed_pitch_propeller.cpython-312.pyc
/home/alfred/shared_mac/Mekatronikk3/src/install/ngc_utils/lib/python3.12/site-packages/ngc_utils/thruster_models/__pycache__/controllable_pitch_propeller.cpython-312.pyc
/home/alfred/shared_mac/Mekatronikk3/src/install/ngc_utils/share/ament_index/resource_index/packages/ngc_utils
/home/alfred/shared_mac/Mekatronikk3/src/install/ngc_utils/share/ngc_utils/package.xml
/home/alfred/shared_mac/Mekatronikk3/src/install/ngc_utils/lib/python3.12/site-packages/ngc_utils-0.0.0-py3.12.egg-info/PKG-INFO
/home/alfred/shared_mac/Mekatronikk3/src/install/ngc_utils/lib/python3.12/site-packages/ngc_utils-0.0.0-py3.12.egg-info/zip-safe
/home/alfred/shared_mac/Mekatronikk3/src/install/ngc_utils/lib/python3.12/site-packages/ngc_utils-0.0.0-py3.12.egg-info/SOURCES.txt
/home/alfred/shared_mac/Mekatronikk3/src/install/ngc_utils/lib/python3.12/site-packages/ngc_utils-0.0.0-py3.12.egg-info/requires.txt
/home/alfred/shared_mac/Mekatronikk3/src/install/ngc_utils/lib/python3.12/site-packages/ngc_utils-0.0.0-py3.12.egg-info/top_level.txt
/home/alfred/shared_mac/Mekatronikk3/src/install/ngc_utils/lib/python3.12/site-packages/ngc_utils-0.0.0-py3.12.egg-info/dependency_links.txt
